[5.025s] Invoking command in '/voiture2A-ros/src/notre_package': PYTHONPATH=/voiture2A-ros/build/notre_package/prefix_override:/usr/lib/python3/dist-packages/colcon_core/task/python/colcon_distutils_commands:/voiture2A-ros/install/notre_package/lib/python3.10/site-packages:${PYTHONPATH} /usr/bin/python3 -W ignore:setup.py install is deprecated -W ignore:easy_install command is deprecated setup.py egg_info --egg-base ../../build/notre_package build --build-base /voiture2A-ros/build/notre_package/build install --record /voiture2A-ros/build/notre_package/install.log --single-version-externally-managed install_data
[6.198s] running egg_info
[6.202s] writing ../../build/notre_package/notre_package.egg-info/PKG-INFO
[6.203s] writing dependency_links to ../../build/notre_package/notre_package.egg-info/dependency_links.txt
[6.204s] writing entry points to ../../build/notre_package/notre_package.egg-info/entry_points.txt
[6.205s] writing requirements to ../../build/notre_package/notre_package.egg-info/requires.txt
[6.206s] writing top-level names to ../../build/notre_package/notre_package.egg-info/top_level.txt
[6.213s] reading manifest file '../../build/notre_package/notre_package.egg-info/SOURCES.txt'
[6.219s] writing manifest file '../../build/notre_package/notre_package.egg-info/SOURCES.txt'
[6.220s] running build
[6.220s] running build_py
[6.222s] running install
[6.223s] running install_lib
[6.230s] running install_data
[6.231s] running install_egg_info
[6.238s] removing '/voiture2A-ros/install/notre_package/lib/python3.10/site-packages/notre_package-0.0.0-py3.10.egg-info' (and everything under it)
[6.239s] Copying ../../build/notre_package/notre_package.egg-info to /voiture2A-ros/install/notre_package/lib/python3.10/site-packages/notre_package-0.0.0-py3.10.egg-info
[6.243s] running install_scripts
[6.402s] Installing control_node script to /voiture2A-ros/install/notre_package/lib/notre_package
[6.402s] Installing localization_node script to /voiture2A-ros/install/notre_package/lib/notre_package
[6.402s] Installing mission_node script to /voiture2A-ros/install/notre_package/lib/notre_package
[6.403s] writing list of installed files to '/voiture2A-ros/build/notre_package/install.log'
[6.460s] Invoked command in '/voiture2A-ros/src/notre_package' returned '0': PYTHONPATH=/voiture2A-ros/build/notre_package/prefix_override:/usr/lib/python3/dist-packages/colcon_core/task/python/colcon_distutils_commands:/voiture2A-ros/install/notre_package/lib/python3.10/site-packages:${PYTHONPATH} /usr/bin/python3 -W ignore:setup.py install is deprecated -W ignore:easy_install command is deprecated setup.py egg_info --egg-base ../../build/notre_package build --build-base /voiture2A-ros/build/notre_package/build install --record /voiture2A-ros/build/notre_package/install.log --single-version-externally-managed install_data
