running egg_info
writing ../../build/notre_package/notre_package.egg-info/PKG-INFO
writing dependency_links to ../../build/notre_package/notre_package.egg-info/dependency_links.txt
writing entry points to ../../build/notre_package/notre_package.egg-info/entry_points.txt
writing requirements to ../../build/notre_package/notre_package.egg-info/requires.txt
writing top-level names to ../../build/notre_package/notre_package.egg-info/top_level.txt
reading manifest file '../../build/notre_package/notre_package.egg-info/SOURCES.txt'
writing manifest file '../../build/notre_package/notre_package.egg-info/SOURCES.txt'
running build
running build_py
running install
running install_lib
running install_data
copying launch/multi_launch.py -> /voiture2A-ros/install/notre_package/share/notre_package/launch
running install_egg_info
removing '/voiture2A-ros/install/notre_package/lib/python3.10/site-packages/notre_package-0.0.0-py3.10.egg-info' (and everything under it)
Copying ../../build/notre_package/notre_package.egg-info to /voiture2A-ros/install/notre_package/lib/python3.10/site-packages/notre_package-0.0.0-py3.10.egg-info
running install_scripts
Installing control_node script to /voiture2A-ros/install/notre_package/lib/notre_package
Installing localization_node script to /voiture2A-ros/install/notre_package/lib/notre_package
Installing mission_node script to /voiture2A-ros/install/notre_package/lib/notre_package
writing list of installed files to '/voiture2A-ros/build/notre_package/install.log'
