[3.589s] Invoking command in '/voiture2A-ros/src/notre_package': PYTHONPATH=/voiture2A-ros/build/notre_package/prefix_override:/usr/lib/python3/dist-packages/colcon_core/task/python/colcon_distutils_commands:/voiture2A-ros/install/notre_package/lib/python3.10/site-packages:${PYTHONPATH} /usr/bin/python3 -W ignore:setup.py install is deprecated -W ignore:easy_install command is deprecated setup.py egg_info --egg-base ../../build/notre_package build --build-base /voiture2A-ros/build/notre_package/build install --record /voiture2A-ros/build/notre_package/install.log --single-version-externally-managed install_data
[4.760s] running egg_info
[4.763s] writing ../../build/notre_package/notre_package.egg-info/PKG-INFO
[4.766s] writing dependency_links to ../../build/notre_package/notre_package.egg-info/dependency_links.txt
[4.766s] writing entry points to ../../build/notre_package/notre_package.egg-info/entry_points.txt
[4.767s] writing requirements to ../../build/notre_package/notre_package.egg-info/requires.txt
[4.767s] writing top-level names to ../../build/notre_package/notre_package.egg-info/top_level.txt
[4.774s] reading manifest file '../../build/notre_package/notre_package.egg-info/SOURCES.txt'
[4.778s] writing manifest file '../../build/notre_package/notre_package.egg-info/SOURCES.txt'
[4.779s] running build
[4.779s] running build_py
[4.780s] running install
[4.781s] running install_lib
[4.788s] running install_data
[4.789s] copying launch/multi_launch.py -> /voiture2A-ros/install/notre_package/share/notre_package/launch
[4.789s] running install_egg_info
[4.796s] removing '/voiture2A-ros/install/notre_package/lib/python3.10/site-packages/notre_package-0.0.0-py3.10.egg-info' (and everything under it)
[4.797s] Copying ../../build/notre_package/notre_package.egg-info to /voiture2A-ros/install/notre_package/lib/python3.10/site-packages/notre_package-0.0.0-py3.10.egg-info
[4.800s] running install_scripts
[4.906s] Installing control_node script to /voiture2A-ros/install/notre_package/lib/notre_package
[4.912s] Installing localization_node script to /voiture2A-ros/install/notre_package/lib/notre_package
[4.912s] Installing mission_node script to /voiture2A-ros/install/notre_package/lib/notre_package
[4.912s] writing list of installed files to '/voiture2A-ros/build/notre_package/install.log'
[4.999s] Invoked command in '/voiture2A-ros/src/notre_package' returned '0': PYTHONPATH=/voiture2A-ros/build/notre_package/prefix_override:/usr/lib/python3/dist-packages/colcon_core/task/python/colcon_distutils_commands:/voiture2A-ros/install/notre_package/lib/python3.10/site-packages:${PYTHONPATH} /usr/bin/python3 -W ignore:setup.py install is deprecated -W ignore:easy_install command is deprecated setup.py egg_info --egg-base ../../build/notre_package build --build-base /voiture2A-ros/build/notre_package/build install --record /voiture2A-ros/build/notre_package/install.log --single-version-externally-managed install_data
