[5.762s] Invoking command in '/voiture2A-ros/src/calibration': PYTHONPATH=/voiture2A-ros/build/calibration/prefix_override:/usr/lib/python3/dist-packages/colcon_core/task/python/colcon_distutils_commands:/voiture2A-ros/install/calibration/lib/python3.10/site-packages:${PYTHONPATH} /usr/bin/python3 -W ignore:setup.py install is deprecated -W ignore:easy_install command is deprecated setup.py egg_info --egg-base ../../build/calibration build --build-base /voiture2A-ros/build/calibration/build install --record /voiture2A-ros/build/calibration/install.log --single-version-externally-managed install_data
[6.953s] running egg_info
[6.957s] writing ../../build/calibration/calibration.egg-info/PKG-INFO
[6.958s] writing dependency_links to ../../build/calibration/calibration.egg-info/dependency_links.txt
[6.959s] writing entry points to ../../build/calibration/calibration.egg-info/entry_points.txt
[6.960s] writing requirements to ../../build/calibration/calibration.egg-info/requires.txt
[6.960s] writing top-level names to ../../build/calibration/calibration.egg-info/top_level.txt
[6.968s] reading manifest file '../../build/calibration/calibration.egg-info/SOURCES.txt'
[6.972s] writing manifest file '../../build/calibration/calibration.egg-info/SOURCES.txt'
[6.972s] running build
[6.973s] running build_py
[6.974s] running install
[6.975s] running install_lib
[6.981s] running install_data
[6.982s] running install_egg_info
[6.988s] removing '/voiture2A-ros/install/calibration/lib/python3.10/site-packages/calibration-0.0.0-py3.10.egg-info' (and everything under it)
[6.989s] Copying ../../build/calibration/calibration.egg-info to /voiture2A-ros/install/calibration/lib/python3.10/site-packages/calibration-0.0.0-py3.10.egg-info
[6.994s] running install_scripts
[7.156s] Installing calibration_node script to /voiture2A-ros/install/calibration/lib/calibration
[7.156s] writing list of installed files to '/voiture2A-ros/build/calibration/install.log'
[7.170s] Invoked command in '/voiture2A-ros/src/calibration' returned '0': PYTHONPATH=/voiture2A-ros/build/calibration/prefix_override:/usr/lib/python3/dist-packages/colcon_core/task/python/colcon_distutils_commands:/voiture2A-ros/install/calibration/lib/python3.10/site-packages:${PYTHONPATH} /usr/bin/python3 -W ignore:setup.py install is deprecated -W ignore:easy_install command is deprecated setup.py egg_info --egg-base ../../build/calibration build --build-base /voiture2A-ros/build/calibration/build install --record /voiture2A-ros/build/calibration/install.log --single-version-externally-managed install_data
