[0.124s] DEBUG:colcon:Command line arguments: ['/usr/bin/colcon', 'build']
[0.124s] DEBUG:colcon:Parsed command line arguments: Namespace(log_base=None, log_level=None, verb_name='build', build_base='build', install_base='install', merge_install=False, symlink_install=False, test_result_base=None, continue_on_error=False, executor='parallel', parallel_workers=16, event_handlers=None, ignore_user_meta=False, metas=['./colcon.meta'], base_paths=['.'], packages_ignore=None, packages_ignore_regex=None, paths=None, packages_up_to=None, packages_up_to_regex=None, packages_above=None, packages_above_and_dependencies=None, packages_above_depth=None, packages_select_by_dep=None, packages_skip_by_dep=None, packages_skip_up_to=None, packages_select_build_failed=False, packages_skip_build_finished=False, packages_select_test_failures=False, packages_skip_test_passed=False, packages_select=None, packages_skip=None, packages_select_regex=None, packages_skip_regex=None, packages_start=None, packages_end=None, allow_overriding=[], cmake_args=None, cmake_target=None, cmake_target_skip_unavailable=False, cmake_clean_cache=False, cmake_clean_first=False, cmake_force_configure=False, ament_cmake_args=None, catkin_cmake_args=None, catkin_skip_building_tests=False, verb_parser=<colcon_defaults.argument_parser.defaults.DefaultArgumentsDecorator object at 0x7bf9da564880>, verb_extension=<colcon_core.verb.build.BuildVerb object at 0x7bf9da564370>, main=<bound method BuildVerb.main of <colcon_core.verb.build.BuildVerb object at 0x7bf9da564370>>)
[0.289s] Level 1:colcon.colcon_core.package_discovery:discover_packages(colcon_meta) check parameters
[0.289s] Level 1:colcon.colcon_core.package_discovery:discover_packages(recursive) check parameters
[0.289s] Level 1:colcon.colcon_core.package_discovery:discover_packages(ignore) check parameters
[0.289s] Level 1:colcon.colcon_core.package_discovery:discover_packages(path) check parameters
[0.289s] Level 1:colcon.colcon_core.package_discovery:discover_packages(colcon_meta) discover
[0.290s] Level 1:colcon.colcon_core.package_discovery:discover_packages(recursive) discover
[0.290s] INFO:colcon.colcon_core.package_discovery:Crawling recursively for packages in '/home/maxime/Documents/ENSTA/UE4.1_ROS/voiture2A-ros-main/Simulation/ws_ros'
[0.290s] Level 1:colcon.colcon_core.package_identification:_identify(.) by extensions ['ignore', 'ignore_ament_install']
[0.290s] Level 1:colcon.colcon_core.package_identification:_identify(.) by extension 'ignore'
[0.290s] Level 1:colcon.colcon_core.package_identification:_identify(.) by extension 'ignore_ament_install'
[0.290s] Level 1:colcon.colcon_core.package_identification:_identify(.) by extensions ['colcon_pkg']
[0.290s] Level 1:colcon.colcon_core.package_identification:_identify(.) by extension 'colcon_pkg'
[0.290s] Level 1:colcon.colcon_core.package_identification:_identify(.) by extensions ['colcon_meta']
[0.290s] Level 1:colcon.colcon_core.package_identification:_identify(.) by extension 'colcon_meta'
[0.290s] Level 1:colcon.colcon_core.package_identification:_identify(.) by extensions ['ros']
[0.290s] Level 1:colcon.colcon_core.package_identification:_identify(.) by extension 'ros'
[0.299s] Level 1:colcon.colcon_core.package_identification:_identify(.) by extensions ['cmake', 'python']
[0.299s] Level 1:colcon.colcon_core.package_identification:_identify(.) by extension 'cmake'
[0.299s] Level 1:colcon.colcon_core.package_identification:_identify(.) by extension 'python'
[0.299s] Level 1:colcon.colcon_core.package_identification:_identify(.) by extensions ['python_setup_py']
[0.299s] Level 1:colcon.colcon_core.package_identification:_identify(.) by extension 'python_setup_py'
[0.299s] Level 1:colcon.colcon_core.package_identification:_identify(build) by extensions ['ignore', 'ignore_ament_install']
[0.299s] Level 1:colcon.colcon_core.package_identification:_identify(build) by extension 'ignore'
[0.299s] Level 1:colcon.colcon_core.package_identification:_identify(build) ignored
[0.300s] Level 1:colcon.colcon_core.package_identification:_identify(install) by extensions ['ignore', 'ignore_ament_install']
[0.300s] Level 1:colcon.colcon_core.package_identification:_identify(install) by extension 'ignore'
[0.300s] Level 1:colcon.colcon_core.package_identification:_identify(install) ignored
[0.300s] Level 1:colcon.colcon_core.package_identification:_identify(log) by extensions ['ignore', 'ignore_ament_install']
[0.300s] Level 1:colcon.colcon_core.package_identification:_identify(log) by extension 'ignore'
[0.300s] Level 1:colcon.colcon_core.package_identification:_identify(log) ignored
[0.300s] Level 1:colcon.colcon_core.package_identification:_identify(src) by extensions ['ignore', 'ignore_ament_install']
[0.300s] Level 1:colcon.colcon_core.package_identification:_identify(src) by extension 'ignore'
[0.300s] Level 1:colcon.colcon_core.package_identification:_identify(src) by extension 'ignore_ament_install'
[0.300s] Level 1:colcon.colcon_core.package_identification:_identify(src) by extensions ['colcon_pkg']
[0.300s] Level 1:colcon.colcon_core.package_identification:_identify(src) by extension 'colcon_pkg'
[0.300s] Level 1:colcon.colcon_core.package_identification:_identify(src) by extensions ['colcon_meta']
[0.300s] Level 1:colcon.colcon_core.package_identification:_identify(src) by extension 'colcon_meta'
[0.300s] Level 1:colcon.colcon_core.package_identification:_identify(src) by extensions ['ros']
[0.300s] Level 1:colcon.colcon_core.package_identification:_identify(src) by extension 'ros'
[0.300s] Level 1:colcon.colcon_core.package_identification:_identify(src) by extensions ['cmake', 'python']
[0.300s] Level 1:colcon.colcon_core.package_identification:_identify(src) by extension 'cmake'
[0.300s] Level 1:colcon.colcon_core.package_identification:_identify(src) by extension 'python'
[0.300s] Level 1:colcon.colcon_core.package_identification:_identify(src) by extensions ['python_setup_py']
[0.300s] Level 1:colcon.colcon_core.package_identification:_identify(src) by extension 'python_setup_py'
[0.300s] Level 1:colcon.colcon_core.package_identification:_identify(src/notre_package) by extensions ['ignore', 'ignore_ament_install']
[0.300s] Level 1:colcon.colcon_core.package_identification:_identify(src/notre_package) by extension 'ignore'
[0.300s] Level 1:colcon.colcon_core.package_identification:_identify(src/notre_package) by extension 'ignore_ament_install'
[0.300s] Level 1:colcon.colcon_core.package_identification:_identify(src/notre_package) by extensions ['colcon_pkg']
[0.300s] Level 1:colcon.colcon_core.package_identification:_identify(src/notre_package) by extension 'colcon_pkg'
[0.300s] Level 1:colcon.colcon_core.package_identification:_identify(src/notre_package) by extensions ['colcon_meta']
[0.300s] Level 1:colcon.colcon_core.package_identification:_identify(src/notre_package) by extension 'colcon_meta'
[0.300s] Level 1:colcon.colcon_core.package_identification:_identify(src/notre_package) by extensions ['ros']
[0.300s] Level 1:colcon.colcon_core.package_identification:_identify(src/notre_package) by extension 'ros'
[0.303s] DEBUG:colcon.colcon_core.package_identification:Package 'src/notre_package' with type 'ros.ament_python' and name 'notre_package'
[0.303s] Level 1:colcon.colcon_core.package_discovery:discover_packages(recursive) using defaults
[0.303s] Level 1:colcon.colcon_core.package_discovery:discover_packages(ignore) discover
[0.303s] Level 1:colcon.colcon_core.package_discovery:discover_packages(ignore) using defaults
[0.303s] Level 1:colcon.colcon_core.package_discovery:discover_packages(path) discover
[0.303s] Level 1:colcon.colcon_core.package_discovery:discover_packages(path) using defaults
[0.333s] Level 1:colcon.colcon_core.package_discovery:discover_packages(prefix_path) check parameters
[0.333s] Level 1:colcon.colcon_core.package_discovery:discover_packages(prefix_path) discover
[0.335s] DEBUG:colcon.colcon_installed_package_information.package_discovery:Found 2 installed packages in /home/maxime/Documents/ENSTA/UE4.1_ROS/workspacetdros/install
[0.337s] DEBUG:colcon.colcon_installed_package_information.package_discovery:Found 300 installed packages in /opt/ros/humble
[0.338s] Level 1:colcon.colcon_core.package_discovery:discover_packages(prefix_path) using defaults
[0.372s] Level 5:colcon.colcon_core.verb:set package 'notre_package' build argument 'cmake_args' from command line to 'None'
[0.372s] Level 5:colcon.colcon_core.verb:set package 'notre_package' build argument 'cmake_target' from command line to 'None'
[0.372s] Level 5:colcon.colcon_core.verb:set package 'notre_package' build argument 'cmake_target_skip_unavailable' from command line to 'False'
[0.372s] Level 5:colcon.colcon_core.verb:set package 'notre_package' build argument 'cmake_clean_cache' from command line to 'False'
[0.372s] Level 5:colcon.colcon_core.verb:set package 'notre_package' build argument 'cmake_clean_first' from command line to 'False'
[0.372s] Level 5:colcon.colcon_core.verb:set package 'notre_package' build argument 'cmake_force_configure' from command line to 'False'
[0.372s] Level 5:colcon.colcon_core.verb:set package 'notre_package' build argument 'ament_cmake_args' from command line to 'None'
[0.372s] Level 5:colcon.colcon_core.verb:set package 'notre_package' build argument 'catkin_cmake_args' from command line to 'None'
[0.372s] Level 5:colcon.colcon_core.verb:set package 'notre_package' build argument 'catkin_skip_building_tests' from command line to 'False'
[0.372s] DEBUG:colcon.colcon_core.verb:Building package 'notre_package' with the following arguments: {'ament_cmake_args': None, 'build_base': '/home/maxime/Documents/ENSTA/UE4.1_ROS/voiture2A-ros-main/Simulation/ws_ros/build/notre_package', 'catkin_cmake_args': None, 'catkin_skip_building_tests': False, 'cmake_args': None, 'cmake_clean_cache': False, 'cmake_clean_first': False, 'cmake_force_configure': False, 'cmake_target': None, 'cmake_target_skip_unavailable': False, 'install_base': '/home/maxime/Documents/ENSTA/UE4.1_ROS/voiture2A-ros-main/Simulation/ws_ros/install/notre_package', 'merge_install': False, 'path': '/home/maxime/Documents/ENSTA/UE4.1_ROS/voiture2A-ros-main/Simulation/ws_ros/src/notre_package', 'symlink_install': False, 'test_result_base': None}
[0.372s] INFO:colcon.colcon_core.executor:Executing jobs using 'parallel' executor
[0.373s] DEBUG:colcon.colcon_parallel_executor.executor.parallel:run_until_complete
[0.373s] INFO:colcon.colcon_ros.task.ament_python.build:Building ROS package in '/home/maxime/Documents/ENSTA/UE4.1_ROS/voiture2A-ros-main/Simulation/ws_ros/src/notre_package' with build type 'ament_python'
[0.373s] Level 1:colcon.colcon_core.shell:create_environment_hook('notre_package', 'ament_prefix_path')
[0.376s] INFO:colcon.colcon_core.plugin_system:Skipping extension 'colcon_core.shell.bat': Not used on non-Windows systems
[0.376s] INFO:colcon.colcon_core.shell:Creating environment hook '/home/maxime/Documents/ENSTA/UE4.1_ROS/voiture2A-ros-main/Simulation/ws_ros/install/notre_package/share/notre_package/hook/ament_prefix_path.ps1'
[0.377s] INFO:colcon.colcon_core.shell:Creating environment descriptor '/home/maxime/Documents/ENSTA/UE4.1_ROS/voiture2A-ros-main/Simulation/ws_ros/install/notre_package/share/notre_package/hook/ament_prefix_path.dsv'
[0.377s] INFO:colcon.colcon_core.shell:Creating environment hook '/home/maxime/Documents/ENSTA/UE4.1_ROS/voiture2A-ros-main/Simulation/ws_ros/install/notre_package/share/notre_package/hook/ament_prefix_path.sh'
[0.378s] INFO:colcon.colcon_core.shell:Skip shell extension 'powershell' for command environment: Not usable outside of PowerShell
[0.378s] DEBUG:colcon.colcon_core.shell:Skip shell extension 'dsv' for command environment
[0.621s] INFO:colcon.colcon_core.task.python.build:Building Python package in '/home/maxime/Documents/ENSTA/UE4.1_ROS/voiture2A-ros-main/Simulation/ws_ros/src/notre_package'
[0.622s] INFO:colcon.colcon_core.shell:Skip shell extension 'powershell' for command environment: Not usable outside of PowerShell
[0.622s] DEBUG:colcon.colcon_core.shell:Skip shell extension 'dsv' for command environment
[0.930s] DEBUG:colcon.colcon_core.event_handler.log_command:Invoking command in '/home/maxime/Documents/ENSTA/UE4.1_ROS/voiture2A-ros-main/Simulation/ws_ros/src/notre_package': PYTHONPATH=/home/maxime/Documents/ENSTA/UE4.1_ROS/voiture2A-ros-main/Simulation/ws_ros/build/notre_package/prefix_override:/usr/lib/python3/dist-packages/colcon_core/task/python/colcon_distutils_commands:/home/maxime/Documents/ENSTA/UE4.1_ROS/voiture2A-ros-main/Simulation/ws_ros/install/notre_package/lib/python3.10/site-packages:${PYTHONPATH} /usr/bin/python3 -W ignore:setup.py install is deprecated -W ignore:easy_install command is deprecated setup.py egg_info --egg-base ../../build/notre_package build --build-base /home/maxime/Documents/ENSTA/UE4.1_ROS/voiture2A-ros-main/Simulation/ws_ros/build/notre_package/build install --record /home/maxime/Documents/ENSTA/UE4.1_ROS/voiture2A-ros-main/Simulation/ws_ros/build/notre_package/install.log --single-version-externally-managed install_data
[1.138s] DEBUG:colcon.colcon_core.event_handler.log_command:Invoked command in '/home/maxime/Documents/ENSTA/UE4.1_ROS/voiture2A-ros-main/Simulation/ws_ros/src/notre_package' returned '0': PYTHONPATH=/home/maxime/Documents/ENSTA/UE4.1_ROS/voiture2A-ros-main/Simulation/ws_ros/build/notre_package/prefix_override:/usr/lib/python3/dist-packages/colcon_core/task/python/colcon_distutils_commands:/home/maxime/Documents/ENSTA/UE4.1_ROS/voiture2A-ros-main/Simulation/ws_ros/install/notre_package/lib/python3.10/site-packages:${PYTHONPATH} /usr/bin/python3 -W ignore:setup.py install is deprecated -W ignore:easy_install command is deprecated setup.py egg_info --egg-base ../../build/notre_package build --build-base /home/maxime/Documents/ENSTA/UE4.1_ROS/voiture2A-ros-main/Simulation/ws_ros/build/notre_package/build install --record /home/maxime/Documents/ENSTA/UE4.1_ROS/voiture2A-ros-main/Simulation/ws_ros/build/notre_package/install.log --single-version-externally-managed install_data
[1.142s] Level 1:colcon.colcon_core.environment:checking '/home/maxime/Documents/ENSTA/UE4.1_ROS/voiture2A-ros-main/Simulation/ws_ros/install/notre_package' for CMake module files
[1.143s] Level 1:colcon.colcon_core.environment:checking '/home/maxime/Documents/ENSTA/UE4.1_ROS/voiture2A-ros-main/Simulation/ws_ros/install/notre_package' for CMake config files
[1.143s] Level 1:colcon.colcon_core.environment:checking '/home/maxime/Documents/ENSTA/UE4.1_ROS/voiture2A-ros-main/Simulation/ws_ros/install/notre_package/lib'
[1.143s] Level 1:colcon.colcon_core.environment:checking '/home/maxime/Documents/ENSTA/UE4.1_ROS/voiture2A-ros-main/Simulation/ws_ros/install/notre_package/bin'
[1.143s] Level 1:colcon.colcon_core.environment:checking '/home/maxime/Documents/ENSTA/UE4.1_ROS/voiture2A-ros-main/Simulation/ws_ros/install/notre_package/lib/pkgconfig/notre_package.pc'
[1.144s] Level 1:colcon.colcon_core.environment:checking '/home/maxime/Documents/ENSTA/UE4.1_ROS/voiture2A-ros-main/Simulation/ws_ros/install/notre_package/lib/python3.10/site-packages'
[1.144s] Level 1:colcon.colcon_core.shell:create_environment_hook('notre_package', 'pythonpath')
[1.144s] INFO:colcon.colcon_core.shell:Creating environment hook '/home/maxime/Documents/ENSTA/UE4.1_ROS/voiture2A-ros-main/Simulation/ws_ros/install/notre_package/share/notre_package/hook/pythonpath.ps1'
[1.144s] INFO:colcon.colcon_core.shell:Creating environment descriptor '/home/maxime/Documents/ENSTA/UE4.1_ROS/voiture2A-ros-main/Simulation/ws_ros/install/notre_package/share/notre_package/hook/pythonpath.dsv'
[1.144s] INFO:colcon.colcon_core.shell:Creating environment hook '/home/maxime/Documents/ENSTA/UE4.1_ROS/voiture2A-ros-main/Simulation/ws_ros/install/notre_package/share/notre_package/hook/pythonpath.sh'
[1.145s] Level 1:colcon.colcon_core.environment:checking '/home/maxime/Documents/ENSTA/UE4.1_ROS/voiture2A-ros-main/Simulation/ws_ros/install/notre_package/bin'
[1.145s] Level 1:colcon.colcon_core.environment:create_environment_scripts_only(notre_package)
[1.145s] INFO:colcon.colcon_core.shell:Creating package script '/home/maxime/Documents/ENSTA/UE4.1_ROS/voiture2A-ros-main/Simulation/ws_ros/install/notre_package/share/notre_package/package.ps1'
[1.146s] INFO:colcon.colcon_core.shell:Creating package descriptor '/home/maxime/Documents/ENSTA/UE4.1_ROS/voiture2A-ros-main/Simulation/ws_ros/install/notre_package/share/notre_package/package.dsv'
[1.146s] INFO:colcon.colcon_core.shell:Creating package script '/home/maxime/Documents/ENSTA/UE4.1_ROS/voiture2A-ros-main/Simulation/ws_ros/install/notre_package/share/notre_package/package.sh'
[1.147s] INFO:colcon.colcon_core.shell:Creating package script '/home/maxime/Documents/ENSTA/UE4.1_ROS/voiture2A-ros-main/Simulation/ws_ros/install/notre_package/share/notre_package/package.bash'
[1.148s] INFO:colcon.colcon_core.shell:Creating package script '/home/maxime/Documents/ENSTA/UE4.1_ROS/voiture2A-ros-main/Simulation/ws_ros/install/notre_package/share/notre_package/package.zsh'
[1.148s] Level 1:colcon.colcon_core.environment:create_file_with_runtime_dependencies(/home/maxime/Documents/ENSTA/UE4.1_ROS/voiture2A-ros-main/Simulation/ws_ros/install/notre_package/share/colcon-core/packages/notre_package)
[1.148s] DEBUG:colcon.colcon_parallel_executor.executor.parallel:closing loop
[1.149s] DEBUG:colcon.colcon_parallel_executor.executor.parallel:loop closed
[1.149s] DEBUG:colcon.colcon_parallel_executor.executor.parallel:run_until_complete finished with '0'
[1.149s] DEBUG:colcon.colcon_core.event_reactor:joining thread
[1.153s] INFO:colcon.colcon_core.plugin_system:Skipping extension 'colcon_notification.desktop_notification.terminal_notifier': Not used on non-Darwin systems
[1.154s] INFO:colcon.colcon_core.plugin_system:Skipping extension 'colcon_notification.desktop_notification.win32': Not used on non-Windows systems
[1.154s] INFO:colcon.colcon_notification.desktop_notification:Sending desktop notification using 'notify2'
[1.165s] DEBUG:colcon.colcon_core.event_reactor:joined thread
[1.165s] INFO:colcon.colcon_core.shell:Creating prefix script '/home/maxime/Documents/ENSTA/UE4.1_ROS/voiture2A-ros-main/Simulation/ws_ros/install/local_setup.ps1'
[1.166s] INFO:colcon.colcon_core.shell:Creating prefix util module '/home/maxime/Documents/ENSTA/UE4.1_ROS/voiture2A-ros-main/Simulation/ws_ros/install/_local_setup_util_ps1.py'
[1.167s] INFO:colcon.colcon_core.shell:Creating prefix chain script '/home/maxime/Documents/ENSTA/UE4.1_ROS/voiture2A-ros-main/Simulation/ws_ros/install/setup.ps1'
[1.168s] INFO:colcon.colcon_core.shell:Creating prefix script '/home/maxime/Documents/ENSTA/UE4.1_ROS/voiture2A-ros-main/Simulation/ws_ros/install/local_setup.sh'
[1.168s] INFO:colcon.colcon_core.shell:Creating prefix util module '/home/maxime/Documents/ENSTA/UE4.1_ROS/voiture2A-ros-main/Simulation/ws_ros/install/_local_setup_util_sh.py'
[1.169s] INFO:colcon.colcon_core.shell:Creating prefix chain script '/home/maxime/Documents/ENSTA/UE4.1_ROS/voiture2A-ros-main/Simulation/ws_ros/install/setup.sh'
[1.170s] INFO:colcon.colcon_core.shell:Creating prefix script '/home/maxime/Documents/ENSTA/UE4.1_ROS/voiture2A-ros-main/Simulation/ws_ros/install/local_setup.bash'
[1.170s] INFO:colcon.colcon_core.shell:Creating prefix chain script '/home/maxime/Documents/ENSTA/UE4.1_ROS/voiture2A-ros-main/Simulation/ws_ros/install/setup.bash'
[1.171s] INFO:colcon.colcon_core.shell:Creating prefix script '/home/maxime/Documents/ENSTA/UE4.1_ROS/voiture2A-ros-main/Simulation/ws_ros/install/local_setup.zsh'
[1.171s] INFO:colcon.colcon_core.shell:Creating prefix chain script '/home/maxime/Documents/ENSTA/UE4.1_ROS/voiture2A-ros-main/Simulation/ws_ros/install/setup.zsh'
