/voiture2A-ros/src/icm20948_driver/src/icm20948.cpp: In member function ‘std::vector<unsigned char> ICM20948::read_i2c_AK09916_data(const uint8_t&, const uint32_t&)’:
/voiture2A-ros/src/icm20948_driver/src/icm20948.cpp:477:17: warning: comparison of integer expressions of different signedness: ‘int’ and ‘const uint32_t’ {aka ‘const unsigned int’} [-Wsign-compare]
  477 |     if (nb_read != len) {
      |         ~~~~~~~~^~~~~~
/voiture2A-ros/src/icm20948_driver/src/icm20948.cpp: In member function ‘int ICM20948::read_i2c_AK09916_byte(const uint8_t&, uint8_t&)’:
/voiture2A-ros/src/icm20948_driver/src/icm20948.cpp:488:16: warning: comparison is always false due to limited range of data type [-Wtype-limits]
  488 |         if(data<0){
      |            ~~~~^~
/voiture2A-ros/src/icm20948_driver/src/icm20948.cpp: In member function ‘std::vector<unsigned char> ICM20948::readRegister(const uint8_t&, const uint32_t&)’:
/voiture2A-ros/src/icm20948_driver/src/icm20948.cpp:553:81: warning: comparison of integer expressions of different signedness: ‘__s32’ {aka ‘int’} and ‘const uint32_t’ {aka ‘const unsigned int’} [-Wsign-compare]
  553 |         if (i2c_smbus_read_i2c_block_data(bus_fd_, reg, len, dataVector.data()) != len) {
      |             ~~~~~~~~~~~~~~~~~~~~~~~~~~~~~~~~~~~~~~~~~~~~~~~~~~~~~~~~~~~~~~~~~~~~^~~~~~
/voiture2A-ros/src/icm20948_driver/src/icm20948.cpp:566:17: warning: C++ designated initializers only available with ‘-std=c++20’ or ‘-std=gnu++20’ [-Wpedantic]
  566 |                 .tx_buf = (unsigned long) tx.data(),
      |                 ^
/voiture2A-ros/src/icm20948_driver/src/icm20948.cpp:567:17: warning: C++ designated initializers only available with ‘-std=c++20’ or ‘-std=gnu++20’ [-Wpedantic]
  567 |                 .rx_buf = (unsigned long) rx.data(),
      |                 ^
/voiture2A-ros/src/icm20948_driver/src/icm20948.cpp:568:17: warning: C++ designated initializers only available with ‘-std=c++20’ or ‘-std=gnu++20’ [-Wpedantic]
  568 |                 .len = len + 1,
      |                 ^
/voiture2A-ros/src/icm20948_driver/src/icm20948.cpp:569:17: warning: C++ designated initializers only available with ‘-std=c++20’ or ‘-std=gnu++20’ [-Wpedantic]
  569 |                 .speed_hz = speed_,
      |                 ^
/voiture2A-ros/src/icm20948_driver/src/icm20948.cpp:570:17: warning: C++ designated initializers only available with ‘-std=c++20’ or ‘-std=gnu++20’ [-Wpedantic]
  570 |                 .delay_usecs = delay_usecs_,
      |                 ^
/voiture2A-ros/src/icm20948_driver/src/icm20948.cpp:571:17: warning: C++ designated initializers only available with ‘-std=c++20’ or ‘-std=gnu++20’ [-Wpedantic]
  571 |                 .bits_per_word = 8,
      |                 ^
/voiture2A-ros/src/icm20948_driver/src/icm20948.cpp:573:9: warning: missing initializer for member ‘spi_ioc_transfer::cs_change’ [-Wmissing-field-initializers]
  573 |         };
      |         ^
/voiture2A-ros/src/icm20948_driver/src/icm20948.cpp:573:9: warning: missing initializer for member ‘spi_ioc_transfer::tx_nbits’ [-Wmissing-field-initializers]
/voiture2A-ros/src/icm20948_driver/src/icm20948.cpp:573:9: warning: missing initializer for member ‘spi_ioc_transfer::rx_nbits’ [-Wmissing-field-initializers]
/voiture2A-ros/src/icm20948_driver/src/icm20948.cpp:573:9: warning: missing initializer for member ‘spi_ioc_transfer::word_delay_usecs’ [-Wmissing-field-initializers]
/voiture2A-ros/src/icm20948_driver/src/icm20948.cpp:573:9: warning: missing initializer for member ‘spi_ioc_transfer::pad’ [-Wmissing-field-initializers]
/voiture2A-ros/src/icm20948_driver/src/icm20948.cpp: In member function ‘int ICM20948::writeRegister(const uint8_t&, const std::vector<unsigned char>&)’:
/voiture2A-ros/src/icm20948_driver/src/icm20948.cpp:622:17: warning: C++ designated initializers only available with ‘-std=c++20’ or ‘-std=gnu++20’ [-Wpedantic]
  622 |                 .tx_buf = (unsigned long) tx.data(),
      |                 ^
/voiture2A-ros/src/icm20948_driver/src/icm20948.cpp:623:17: warning: C++ designated initializers only available with ‘-std=c++20’ or ‘-std=gnu++20’ [-Wpedantic]
  623 |                 .rx_buf = (unsigned long) rx.data(),
      |                 ^
/voiture2A-ros/src/icm20948_driver/src/icm20948.cpp:624:17: warning: C++ designated initializers only available with ‘-std=c++20’ or ‘-std=gnu++20’ [-Wpedantic]
  624 |                 .len = static_cast<__u32>(data.size() + 1),
      |                 ^
/voiture2A-ros/src/icm20948_driver/src/icm20948.cpp:625:17: warning: C++ designated initializers only available with ‘-std=c++20’ or ‘-std=gnu++20’ [-Wpedantic]
  625 |                 .speed_hz = speed_,
      |                 ^
/voiture2A-ros/src/icm20948_driver/src/icm20948.cpp:626:17: warning: C++ designated initializers only available with ‘-std=c++20’ or ‘-std=gnu++20’ [-Wpedantic]
  626 |                 .delay_usecs = delay_usecs_,
      |                 ^
/voiture2A-ros/src/icm20948_driver/src/icm20948.cpp:627:17: warning: C++ designated initializers only available with ‘-std=c++20’ or ‘-std=gnu++20’ [-Wpedantic]
  627 |                 .bits_per_word = 8
      |                 ^
/voiture2A-ros/src/icm20948_driver/src/icm20948.cpp:628:9: warning: missing initializer for member ‘spi_ioc_transfer::cs_change’ [-Wmissing-field-initializers]
  628 |         };
      |         ^
/voiture2A-ros/src/icm20948_driver/src/icm20948.cpp:628:9: warning: missing initializer for member ‘spi_ioc_transfer::tx_nbits’ [-Wmissing-field-initializers]
/voiture2A-ros/src/icm20948_driver/src/icm20948.cpp:628:9: warning: missing initializer for member ‘spi_ioc_transfer::rx_nbits’ [-Wmissing-field-initializers]
/voiture2A-ros/src/icm20948_driver/src/icm20948.cpp:628:9: warning: missing initializer for member ‘spi_ioc_transfer::word_delay_usecs’ [-Wmissing-field-initializers]
/voiture2A-ros/src/icm20948_driver/src/icm20948.cpp:628:9: warning: missing initializer for member ‘spi_ioc_transfer::pad’ [-Wmissing-field-initializers]
In file included from /voiture2A-ros/src/icm20948_driver/Fusion/FusionAhrs.h:15,
                 from /voiture2A-ros/src/icm20948_driver/Fusion/Fusion.h:18,
                 from /voiture2A-ros/src/icm20948_driver/include/icm20948_driver/icm20948_node.h:14,
                 from /voiture2A-ros/src/icm20948_driver/src/icm20948_node.cpp:2:
/voiture2A-ros/src/icm20948_driver/Fusion/FusionMath.h: In function ‘float FusionFastInverseSqrt(float)’:
/voiture2A-ros/src/icm20948_driver/Fusion/FusionMath.h:176:24: warning: C++ designated initializers only available with ‘-std=c++20’ or ‘-std=gnu++20’ [-Wpedantic]
  176 |     Union32 union32 = {.f = x};
      |                        ^
/voiture2A-ros/src/icm20948_driver/Fusion/FusionMath.h: In function ‘FusionVector FusionVectorAdd(FusionVector, FusionVector)’:
/voiture2A-ros/src/icm20948_driver/Fusion/FusionMath.h:202:34: warning: C++ designated initializers only available with ‘-std=c++20’ or ‘-std=gnu++20’ [-Wpedantic]
  202 |     const FusionVector result = {.axis = {
      |                                  ^
/voiture2A-ros/src/icm20948_driver/Fusion/FusionMath.h:203:13: warning: C++ designated initializers only available with ‘-std=c++20’ or ‘-std=gnu++20’ [-Wpedantic]
  203 |             .x = vectorA.axis.x + vectorB.axis.x,
      |             ^
/voiture2A-ros/src/icm20948_driver/Fusion/FusionMath.h:204:13: warning: C++ designated initializers only available with ‘-std=c++20’ or ‘-std=gnu++20’ [-Wpedantic]
  204 |             .y = vectorA.axis.y + vectorB.axis.y,
      |             ^
/voiture2A-ros/src/icm20948_driver/Fusion/FusionMath.h:205:13: warning: C++ designated initializers only available with ‘-std=c++20’ or ‘-std=gnu++20’ [-Wpedantic]
  205 |             .z = vectorA.axis.z + vectorB.axis.z,
      |             ^
/voiture2A-ros/src/icm20948_driver/Fusion/FusionMath.h: In function ‘FusionVector FusionVectorSubtract(FusionVector, FusionVector)’:
/voiture2A-ros/src/icm20948_driver/Fusion/FusionMath.h:217:34: warning: C++ designated initializers only available with ‘-std=c++20’ or ‘-std=gnu++20’ [-Wpedantic]
  217 |     const FusionVector result = {.axis = {
      |                                  ^
/voiture2A-ros/src/icm20948_driver/Fusion/FusionMath.h:218:13: warning: C++ designated initializers only available with ‘-std=c++20’ or ‘-std=gnu++20’ [-Wpedantic]
  218 |             .x = vectorA.axis.x - vectorB.axis.x,
      |             ^
/voiture2A-ros/src/icm20948_driver/Fusion/FusionMath.h:219:13: warning: C++ designated initializers only available with ‘-std=c++20’ or ‘-std=gnu++20’ [-Wpedantic]
  219 |             .y = vectorA.axis.y - vectorB.axis.y,
      |             ^
/voiture2A-ros/src/icm20948_driver/Fusion/FusionMath.h:220:13: warning: C++ designated initializers only available with ‘-std=c++20’ or ‘-std=gnu++20’ [-Wpedantic]
  220 |             .z = vectorA.axis.z - vectorB.axis.z,
      |             ^
/voiture2A-ros/src/icm20948_driver/Fusion/FusionMath.h: In function ‘FusionVector FusionVectorMultiplyScalar(FusionVector, float)’:
/voiture2A-ros/src/icm20948_driver/Fusion/FusionMath.h:241:34: warning: C++ designated initializers only available with ‘-std=c++20’ or ‘-std=gnu++20’ [-Wpedantic]
  241 |     const FusionVector result = {.axis = {
      |                                  ^
/voiture2A-ros/src/icm20948_driver/Fusion/FusionMath.h:242:13: warning: C++ designated initializers only available with ‘-std=c++20’ or ‘-std=gnu++20’ [-Wpedantic]
  242 |             .x = vector.axis.x * scalar,
      |             ^
/voiture2A-ros/src/icm20948_driver/Fusion/FusionMath.h:243:13: warning: C++ designated initializers only available with ‘-std=c++20’ or ‘-std=gnu++20’ [-Wpedantic]
  243 |             .y = vector.axis.y * scalar,
      |             ^
/voiture2A-ros/src/icm20948_driver/Fusion/FusionMath.h:244:13: warning: C++ designated initializers only available with ‘-std=c++20’ or ‘-std=gnu++20’ [-Wpedantic]
  244 |             .z = vector.axis.z * scalar,
      |             ^
/voiture2A-ros/src/icm20948_driver/Fusion/FusionMath.h: In function ‘FusionVector FusionVectorHadamardProduct(FusionVector, FusionVector)’:
/voiture2A-ros/src/icm20948_driver/Fusion/FusionMath.h:256:34: warning: C++ designated initializers only available with ‘-std=c++20’ or ‘-std=gnu++20’ [-Wpedantic]
  256 |     const FusionVector result = {.axis = {
      |                                  ^
/voiture2A-ros/src/icm20948_driver/Fusion/FusionMath.h:257:13: warning: C++ designated initializers only available with ‘-std=c++20’ or ‘-std=gnu++20’ [-Wpedantic]
  257 |             .x = vectorA.axis.x * vectorB.axis.x,
      |             ^
/voiture2A-ros/src/icm20948_driver/Fusion/FusionMath.h:258:13: warning: C++ designated initializers only available with ‘-std=c++20’ or ‘-std=gnu++20’ [-Wpedantic]
  258 |             .y = vectorA.axis.y * vectorB.axis.y,
      |             ^
/voiture2A-ros/src/icm20948_driver/Fusion/FusionMath.h:259:13: warning: C++ designated initializers only available with ‘-std=c++20’ or ‘-std=gnu++20’ [-Wpedantic]
  259 |             .z = vectorA.axis.z * vectorB.axis.z,
      |             ^
/voiture2A-ros/src/icm20948_driver/Fusion/FusionMath.h: In function ‘FusionVector FusionVectorCrossProduct(FusionVector, FusionVector)’:
/voiture2A-ros/src/icm20948_driver/Fusion/FusionMath.h:273:34: warning: C++ designated initializers only available with ‘-std=c++20’ or ‘-std=gnu++20’ [-Wpedantic]
  273 |     const FusionVector result = {.axis = {
      |                                  ^
/voiture2A-ros/src/icm20948_driver/Fusion/FusionMath.h:274:13: warning: C++ designated initializers only available with ‘-std=c++20’ or ‘-std=gnu++20’ [-Wpedantic]
  274 |             .x = A.y * B.z - A.z * B.y,
      |             ^
/voiture2A-ros/src/icm20948_driver/Fusion/FusionMath.h:275:13: warning: C++ designated initializers only available with ‘-std=c++20’ or ‘-std=gnu++20’ [-Wpedantic]
  275 |             .y = A.z * B.x - A.x * B.z,
      |             ^
/voiture2A-ros/src/icm20948_driver/Fusion/FusionMath.h:276:13: warning: C++ designated initializers only available with ‘-std=c++20’ or ‘-std=gnu++20’ [-Wpedantic]
  276 |             .z = A.x * B.y - A.y * B.x,
      |             ^
/voiture2A-ros/src/icm20948_driver/Fusion/FusionMath.h: In function ‘FusionQuaternion FusionQuaternionAdd(FusionQuaternion, FusionQuaternion)’:
/voiture2A-ros/src/icm20948_driver/Fusion/FusionMath.h:335:38: warning: C++ designated initializers only available with ‘-std=c++20’ or ‘-std=gnu++20’ [-Wpedantic]
  335 |     const FusionQuaternion result = {.element = {
      |                                      ^
/voiture2A-ros/src/icm20948_driver/Fusion/FusionMath.h:336:13: warning: C++ designated initializers only available with ‘-std=c++20’ or ‘-std=gnu++20’ [-Wpedantic]
  336 |             .w = quaternionA.element.w + quaternionB.element.w,
      |             ^
/voiture2A-ros/src/icm20948_driver/Fusion/FusionMath.h:337:13: warning: C++ designated initializers only available with ‘-std=c++20’ or ‘-std=gnu++20’ [-Wpedantic]
  337 |             .x = quaternionA.element.x + quaternionB.element.x,
      |             ^
/voiture2A-ros/src/icm20948_driver/Fusion/FusionMath.h:338:13: warning: C++ designated initializers only available with ‘-std=c++20’ or ‘-std=gnu++20’ [-Wpedantic]
  338 |             .y = quaternionA.element.y + quaternionB.element.y,
      |             ^
/voiture2A-ros/src/icm20948_driver/Fusion/FusionMath.h:339:13: warning: C++ designated initializers only available with ‘-std=c++20’ or ‘-std=gnu++20’ [-Wpedantic]
  339 |             .z = quaternionA.element.z + quaternionB.element.z,
      |             ^
In file included from /voiture2A-ros/src/icm20948_driver/Fusion/FusionAhrs.h:15,
                 from /voiture2A-ros/src/icm20948_driver/Fusion/Fusion.h:18,
                 from /voiture2A-ros/src/icm20948_driver/include/icm20948_driver/icm20948_node.h:14,
                 from /voiture2A-ros/src/icm20948_driver/src/icm20948_node.cpp:2:
/voiture2A-ros/src/icm20948_driver/Fusion/FusionMath.h: In function ‘FusionQuaternion FusionQuaternionMultiply(FusionQuaternion, FusionQuaternion)’:
/voiture2A-ros/src/icm20948_driver/Fusion/FusionMath.h:353:38: warning: C++ designated initializers only available with ‘-std=c++20’ or ‘-std=gnu++20’ [-Wpedantic]
  353 |     const FusionQuaternion result = {.element = {
      |                                      ^
/voiture2A-ros/src/icm20948_driver/Fusion/FusionMath.h:354:13: warning: C++ designated initializers only available with ‘-std=c++20’ or ‘-std=gnu++20’ [-Wpedantic]
  354 |             .w = A.w * B.w - A.x * B.x - A.y * B.y - A.z * B.z,
      |             ^
/voiture2A-ros/src/icm20948_driver/Fusion/FusionMath.h:355:13: warning: C++ designated initializers only available with ‘-std=c++20’ or ‘-std=gnu++20’ [-Wpedantic]
  355 |             .x = A.w * B.x + A.x * B.w + A.y * B.z - A.z * B.y,
      |             ^
/voiture2A-ros/src/icm20948_driver/Fusion/FusionMath.h:356:13: warning: C++ designated initializers only available with ‘-std=c++20’ or ‘-std=gnu++20’ [-Wpedantic]
  356 |             .y = A.w * B.y - A.x * B.z + A.y * B.w + A.z * B.x,
      |             ^
/voiture2A-ros/src/icm20948_driver/Fusion/FusionMath.h:357:13: warning: C++ designated initializers only available with ‘-std=c++20’ or ‘-std=gnu++20’ [-Wpedantic]
  357 |             .z = A.w * B.z + A.x * B.y - A.y * B.x + A.z * B.w,
      |             ^
/voiture2A-ros/src/icm20948_driver/Fusion/FusionMath.h: In function ‘FusionQuaternion FusionQuaternionMultiplyVector(FusionQuaternion, FusionVector)’:
/voiture2A-ros/src/icm20948_driver/Fusion/FusionMath.h:376:38: warning: C++ designated initializers only available with ‘-std=c++20’ or ‘-std=gnu++20’ [-Wpedantic]
  376 |     const FusionQuaternion result = {.element = {
      |                                      ^
/voiture2A-ros/src/icm20948_driver/Fusion/FusionMath.h:377:13: warning: C++ designated initializers only available with ‘-std=c++20’ or ‘-std=gnu++20’ [-Wpedantic]
  377 |             .w = -Q.x * V.x - Q.y * V.y - Q.z * V.z,
      |             ^
/voiture2A-ros/src/icm20948_driver/Fusion/FusionMath.h:378:13: warning: C++ designated initializers only available with ‘-std=c++20’ or ‘-std=gnu++20’ [-Wpedantic]
  378 |             .x = Q.w * V.x + Q.y * V.z - Q.z * V.y,
      |             ^
/voiture2A-ros/src/icm20948_driver/Fusion/FusionMath.h:379:13: warning: C++ designated initializers only available with ‘-std=c++20’ or ‘-std=gnu++20’ [-Wpedantic]
  379 |             .y = Q.w * V.y - Q.x * V.z + Q.z * V.x,
      |             ^
/voiture2A-ros/src/icm20948_driver/Fusion/FusionMath.h:380:13: warning: C++ designated initializers only available with ‘-std=c++20’ or ‘-std=gnu++20’ [-Wpedantic]
  380 |             .z = Q.w * V.z + Q.x * V.y - Q.y * V.x,
      |             ^
/voiture2A-ros/src/icm20948_driver/Fusion/FusionMath.h: In function ‘FusionQuaternion FusionQuaternionNormalise(FusionQuaternion)’:
/voiture2A-ros/src/icm20948_driver/Fusion/FusionMath.h:399:38: warning: C++ designated initializers only available with ‘-std=c++20’ or ‘-std=gnu++20’ [-Wpedantic]
  399 |     const FusionQuaternion result = {.element = {
      |                                      ^
/voiture2A-ros/src/icm20948_driver/Fusion/FusionMath.h:400:13: warning: C++ designated initializers only available with ‘-std=c++20’ or ‘-std=gnu++20’ [-Wpedantic]
  400 |             .w = Q.w * magnitudeReciprocal,
      |             ^
/voiture2A-ros/src/icm20948_driver/Fusion/FusionMath.h:401:13: warning: C++ designated initializers only available with ‘-std=c++20’ or ‘-std=gnu++20’ [-Wpedantic]
  401 |             .x = Q.x * magnitudeReciprocal,
      |             ^
/voiture2A-ros/src/icm20948_driver/Fusion/FusionMath.h:402:13: warning: C++ designated initializers only available with ‘-std=c++20’ or ‘-std=gnu++20’ [-Wpedantic]
  402 |             .y = Q.y * magnitudeReciprocal,
      |             ^
/voiture2A-ros/src/icm20948_driver/Fusion/FusionMath.h:403:13: warning: C++ designated initializers only available with ‘-std=c++20’ or ‘-std=gnu++20’ [-Wpedantic]
  403 |             .z = Q.z * magnitudeReciprocal,
      |             ^
/voiture2A-ros/src/icm20948_driver/Fusion/FusionMath.h: In function ‘FusionVector FusionMatrixMultiplyVector(FusionMatrix, FusionVector)’:
/voiture2A-ros/src/icm20948_driver/Fusion/FusionMath.h:420:34: warning: C++ designated initializers only available with ‘-std=c++20’ or ‘-std=gnu++20’ [-Wpedantic]
  420 |     const FusionVector result = {.axis = {
      |                                  ^
/voiture2A-ros/src/icm20948_driver/Fusion/FusionMath.h:421:13: warning: C++ designated initializers only available with ‘-std=c++20’ or ‘-std=gnu++20’ [-Wpedantic]
  421 |             .x = R.xx * vector.axis.x + R.xy * vector.axis.y + R.xz * vector.axis.z,
      |             ^
/voiture2A-ros/src/icm20948_driver/Fusion/FusionMath.h:422:13: warning: C++ designated initializers only available with ‘-std=c++20’ or ‘-std=gnu++20’ [-Wpedantic]
  422 |             .y = R.yx * vector.axis.x + R.yy * vector.axis.y + R.yz * vector.axis.z,
      |             ^
/voiture2A-ros/src/icm20948_driver/Fusion/FusionMath.h:423:13: warning: C++ designated initializers only available with ‘-std=c++20’ or ‘-std=gnu++20’ [-Wpedantic]
  423 |             .z = R.zx * vector.axis.x + R.zy * vector.axis.y + R.zz * vector.axis.z,
      |             ^
/voiture2A-ros/src/icm20948_driver/Fusion/FusionMath.h: In function ‘FusionMatrix FusionQuaternionToMatrix(FusionQuaternion)’:
/voiture2A-ros/src/icm20948_driver/Fusion/FusionMath.h:446:34: warning: C++ designated initializers only available with ‘-std=c++20’ or ‘-std=gnu++20’ [-Wpedantic]
  446 |     const FusionMatrix matrix = {.element = {
      |                                  ^
/voiture2A-ros/src/icm20948_driver/Fusion/FusionMath.h:447:13: warning: C++ designated initializers only available with ‘-std=c++20’ or ‘-std=gnu++20’ [-Wpedantic]
  447 |             .xx = 2.0f * (qwqw - 0.5f + Q.x * Q.x),
      |             ^
/voiture2A-ros/src/icm20948_driver/Fusion/FusionMath.h:448:13: warning: C++ designated initializers only available with ‘-std=c++20’ or ‘-std=gnu++20’ [-Wpedantic]
  448 |             .xy = 2.0f * (qxqy - qwqz),
      |             ^
/voiture2A-ros/src/icm20948_driver/Fusion/FusionMath.h:449:13: warning: C++ designated initializers only available with ‘-std=c++20’ or ‘-std=gnu++20’ [-Wpedantic]
  449 |             .xz = 2.0f * (qxqz + qwqy),
      |             ^
/voiture2A-ros/src/icm20948_driver/Fusion/FusionMath.h:450:13: warning: C++ designated initializers only available with ‘-std=c++20’ or ‘-std=gnu++20’ [-Wpedantic]
  450 |             .yx = 2.0f * (qxqy + qwqz),
      |             ^
/voiture2A-ros/src/icm20948_driver/Fusion/FusionMath.h:451:13: warning: C++ designated initializers only available with ‘-std=c++20’ or ‘-std=gnu++20’ [-Wpedantic]
  451 |             .yy = 2.0f * (qwqw - 0.5f + Q.y * Q.y),
      |             ^
/voiture2A-ros/src/icm20948_driver/Fusion/FusionMath.h:452:13: warning: C++ designated initializers only available with ‘-std=c++20’ or ‘-std=gnu++20’ [-Wpedantic]
  452 |             .yz = 2.0f * (qyqz - qwqx),
      |             ^
/voiture2A-ros/src/icm20948_driver/Fusion/FusionMath.h:453:13: warning: C++ designated initializers only available with ‘-std=c++20’ or ‘-std=gnu++20’ [-Wpedantic]
  453 |             .zx = 2.0f * (qxqz - qwqy),
      |             ^
/voiture2A-ros/src/icm20948_driver/Fusion/FusionMath.h:454:13: warning: C++ designated initializers only available with ‘-std=c++20’ or ‘-std=gnu++20’ [-Wpedantic]
  454 |             .zy = 2.0f * (qyqz + qwqx),
      |             ^
/voiture2A-ros/src/icm20948_driver/Fusion/FusionMath.h:455:13: warning: C++ designated initializers only available with ‘-std=c++20’ or ‘-std=gnu++20’ [-Wpedantic]
  455 |             .zz = 2.0f * (qwqw - 0.5f + Q.z * Q.z),
      |             ^
/voiture2A-ros/src/icm20948_driver/Fusion/FusionMath.h: In function ‘FusionEuler FusionQuaternionToEuler(FusionQuaternion)’:
/voiture2A-ros/src/icm20948_driver/Fusion/FusionMath.h:469:32: warning: C++ designated initializers only available with ‘-std=c++20’ or ‘-std=gnu++20’ [-Wpedantic]
  469 |     const FusionEuler euler = {.angle = {
      |                                ^
/voiture2A-ros/src/icm20948_driver/Fusion/FusionMath.h:470:13: warning: C++ designated initializers only available with ‘-std=c++20’ or ‘-std=gnu++20’ [-Wpedantic]
  470 |             .roll = FusionRadiansToDegrees(atan2f(Q.w * Q.x + Q.y * Q.z, halfMinusQySquared - Q.x * Q.x)),
      |             ^
/voiture2A-ros/src/icm20948_driver/Fusion/FusionMath.h:471:13: warning: C++ designated initializers only available with ‘-std=c++20’ or ‘-std=gnu++20’ [-Wpedantic]
  471 |             .pitch = FusionRadiansToDegrees(FusionAsin(2.0f * (Q.w * Q.y - Q.z * Q.x))),
      |             ^
/voiture2A-ros/src/icm20948_driver/Fusion/FusionMath.h:472:13: warning: C++ designated initializers only available with ‘-std=c++20’ or ‘-std=gnu++20’ [-Wpedantic]
  472 |             .yaw = FusionRadiansToDegrees(atan2f(Q.w * Q.z + Q.x * Q.y, halfMinusQySquared - Q.z * Q.z)),
      |             ^
In file included from /voiture2A-ros/src/icm20948_driver/src/icm20948_node.cpp:3:
/voiture2A-ros/src/icm20948_driver/include/icm20948_driver/fusion_converter.h: In function ‘FusionVector FusionVectorFromStdVector(const std::vector<double, std::allocator<double> >&)’:
/voiture2A-ros/src/icm20948_driver/include/icm20948_driver/fusion_converter.h:18:34: warning: C++ designated initializers only available with ‘-std=c++20’ or ‘-std=gnu++20’ [-Wpedantic]
   18 |     const FusionVector result = {.axis = {
      |                                  ^
/voiture2A-ros/src/icm20948_driver/include/icm20948_driver/fusion_converter.h:19:13: warning: C++ designated initializers only available with ‘-std=c++20’ or ‘-std=gnu++20’ [-Wpedantic]
   19 |             .x = static_cast<float>(vector[0]),
      |             ^
/voiture2A-ros/src/icm20948_driver/include/icm20948_driver/fusion_converter.h:20:13: warning: C++ designated initializers only available with ‘-std=c++20’ or ‘-std=gnu++20’ [-Wpedantic]
   20 |             .y = static_cast<float>(vector[1]),
      |             ^
/voiture2A-ros/src/icm20948_driver/include/icm20948_driver/fusion_converter.h:21:13: warning: C++ designated initializers only available with ‘-std=c++20’ or ‘-std=gnu++20’ [-Wpedantic]
   21 |             .z = static_cast<float>(vector[2]),
      |             ^
/voiture2A-ros/src/icm20948_driver/include/icm20948_driver/fusion_converter.h: In function ‘FusionMatrix FusionMatrixFromStdVector(const std::vector<double, std::allocator<double> >&)’:
/voiture2A-ros/src/icm20948_driver/include/icm20948_driver/fusion_converter.h:32:34: warning: C++ designated initializers only available with ‘-std=c++20’ or ‘-std=gnu++20’ [-Wpedantic]
   32 |     const FusionMatrix result = {.element = {
      |                                  ^
/voiture2A-ros/src/icm20948_driver/include/icm20948_driver/fusion_converter.h:33:13: warning: C++ designated initializers only available with ‘-std=c++20’ or ‘-std=gnu++20’ [-Wpedantic]
   33 |             .xx = static_cast<float>(matrix[0]),
      |             ^
/voiture2A-ros/src/icm20948_driver/include/icm20948_driver/fusion_converter.h:34:13: warning: C++ designated initializers only available with ‘-std=c++20’ or ‘-std=gnu++20’ [-Wpedantic]
   34 |             .xy = static_cast<float>(matrix[1]),
      |             ^
/voiture2A-ros/src/icm20948_driver/include/icm20948_driver/fusion_converter.h:35:13: warning: C++ designated initializers only available with ‘-std=c++20’ or ‘-std=gnu++20’ [-Wpedantic]
   35 |             .xz = static_cast<float>(matrix[2]),
      |             ^
/voiture2A-ros/src/icm20948_driver/include/icm20948_driver/fusion_converter.h:36:13: warning: C++ designated initializers only available with ‘-std=c++20’ or ‘-std=gnu++20’ [-Wpedantic]
   36 |             .yx = static_cast<float>(matrix[3]),
      |             ^
/voiture2A-ros/src/icm20948_driver/include/icm20948_driver/fusion_converter.h:37:13: warning: C++ designated initializers only available with ‘-std=c++20’ or ‘-std=gnu++20’ [-Wpedantic]
   37 |             .yy = static_cast<float>(matrix[4]),
      |             ^
/voiture2A-ros/src/icm20948_driver/include/icm20948_driver/fusion_converter.h:38:13: warning: C++ designated initializers only available with ‘-std=c++20’ or ‘-std=gnu++20’ [-Wpedantic]
   38 |             .yz = static_cast<float>(matrix[5]),
      |             ^
/voiture2A-ros/src/icm20948_driver/include/icm20948_driver/fusion_converter.h:39:13: warning: C++ designated initializers only available with ‘-std=c++20’ or ‘-std=gnu++20’ [-Wpedantic]
   39 |             .zx = static_cast<float>(matrix[6]),
      |             ^
/voiture2A-ros/src/icm20948_driver/include/icm20948_driver/fusion_converter.h:40:13: warning: C++ designated initializers only available with ‘-std=c++20’ or ‘-std=gnu++20’ [-Wpedantic]
   40 |             .zy = static_cast<float>(matrix[7]),
      |             ^
/voiture2A-ros/src/icm20948_driver/include/icm20948_driver/fusion_converter.h:41:13: warning: C++ designated initializers only available with ‘-std=c++20’ or ‘-std=gnu++20’ [-Wpedantic]
   41 |             .zz = static_cast<float>(matrix[8]),
      |             ^
/voiture2A-ros/src/icm20948_driver/include/icm20948_driver/fusion_converter.h: In function ‘FusionQuaternion FusionQuaternionFromStdVector(const std::vector<double, std::allocator<double> >&)’:
/voiture2A-ros/src/icm20948_driver/include/icm20948_driver/fusion_converter.h:52:38: warning: C++ designated initializers only available with ‘-std=c++20’ or ‘-std=gnu++20’ [-Wpedantic]
   52 |     const FusionQuaternion result = {.element = {
      |                                      ^
/voiture2A-ros/src/icm20948_driver/include/icm20948_driver/fusion_converter.h:53:13: warning: C++ designated initializers only available with ‘-std=c++20’ or ‘-std=gnu++20’ [-Wpedantic]
   53 |             .w = static_cast<float>(quaternion[0]),
      |             ^
/voiture2A-ros/src/icm20948_driver/include/icm20948_driver/fusion_converter.h:54:13: warning: C++ designated initializers only available with ‘-std=c++20’ or ‘-std=gnu++20’ [-Wpedantic]
   54 |             .x = static_cast<float>(quaternion[1]),
      |             ^
/voiture2A-ros/src/icm20948_driver/include/icm20948_driver/fusion_converter.h:55:13: warning: C++ designated initializers only available with ‘-std=c++20’ or ‘-std=gnu++20’ [-Wpedantic]
   55 |             .y = static_cast<float>(quaternion[2]),
      |             ^
/voiture2A-ros/src/icm20948_driver/include/icm20948_driver/fusion_converter.h:56:13: warning: C++ designated initializers only available with ‘-std=c++20’ or ‘-std=gnu++20’ [-Wpedantic]
   56 |             .z = static_cast<float>(quaternion[3]),
      |             ^
/voiture2A-ros/src/icm20948_driver/include/icm20948_driver/fusion_converter.h: In function ‘FusionEuler FusionEulerFromStdVector(const std::vector<double, std::allocator<double> >&)’:
/voiture2A-ros/src/icm20948_driver/include/icm20948_driver/fusion_converter.h:67:33: warning: C++ designated initializers only available with ‘-std=c++20’ or ‘-std=gnu++20’ [-Wpedantic]
   67 |     const FusionEuler result = {.angle = {
      |                                 ^
/voiture2A-ros/src/icm20948_driver/include/icm20948_driver/fusion_converter.h:68:13: warning: C++ designated initializers only available with ‘-std=c++20’ or ‘-std=gnu++20’ [-Wpedantic]
   68 |             .roll = static_cast<float>(euler[0]),
      |             ^
/voiture2A-ros/src/icm20948_driver/include/icm20948_driver/fusion_converter.h:69:13: warning: C++ designated initializers only available with ‘-std=c++20’ or ‘-std=gnu++20’ [-Wpedantic]
   69 |             .pitch = static_cast<float>(euler[1]),
      |             ^
/voiture2A-ros/src/icm20948_driver/include/icm20948_driver/fusion_converter.h:70:13: warning: C++ designated initializers only available with ‘-std=c++20’ or ‘-std=gnu++20’ [-Wpedantic]
   70 |             .yaw = static_cast<float>(euler[2]),
      |             ^
/voiture2A-ros/src/icm20948_driver/src/icm20948_node.cpp: In member function ‘void ICM20948Node::init_parameters()’:
/voiture2A-ros/src/icm20948_driver/src/icm20948_node.cpp:94:13: warning: C++ designated initializers only available with ‘-std=c++20’ or ‘-std=gnu++20’ [-Wpedantic]
   94 |             .convention = convention_,
      |             ^
/voiture2A-ros/src/icm20948_driver/src/icm20948_node.cpp:98:13: warning: C++ designated initializers only available with ‘-std=c++20’ or ‘-std=gnu++20’ [-Wpedantic]
   98 |             .gain = fusion_gain_,
      |             ^
/voiture2A-ros/src/icm20948_driver/src/icm20948_node.cpp:102:13: warning: C++ designated initializers only available with ‘-std=c++20’ or ‘-std=gnu++20’ [-Wpedantic]
  102 |             .gyroscopeRange = static_cast<float>(icm20948_.gyro_full_scale_[icm20948_.gyro_fs_sel_]), /* replace this with actual gyroscope range in degrees/s */
      |             ^
/voiture2A-ros/src/icm20948_driver/src/icm20948_node.cpp:105:13: warning: C++ designated initializers only available with ‘-std=c++20’ or ‘-std=gnu++20’ [-Wpedantic]
  105 |             .accelerationRejection = acceleration_rejection_,
      |             ^
/voiture2A-ros/src/icm20948_driver/src/icm20948_node.cpp:108:13: warning: C++ designated initializers only available with ‘-std=c++20’ or ‘-std=gnu++20’ [-Wpedantic]
  108 |             .magneticRejection = magnetic_rejection_,
      |             ^
/voiture2A-ros/src/icm20948_driver/src/icm20948_node.cpp:111:13: warning: C++ designated initializers only available with ‘-std=c++20’ or ‘-std=gnu++20’ [-Wpedantic]
  111 |             .recoveryTriggerPeriod = recovery_trigger_period_ * sample_rate_, /* x seconds */
      |             ^
