-- The C compiler identification is GNU 11.4.0
-- The CXX compiler identification is GNU 11.4.0
-- Detecting C compiler ABI info
-- Detecting C compiler ABI info - done
-- Check for working C compiler: /usr/bin/cc - skipped
-- Detecting C compile features
-- Detecting C compile features - done
-- Detecting CXX compiler ABI info
-- Detecting CXX compiler ABI info - done
-- Check for working CXX compiler: /usr/bin/c++ - skipped
-- Detecting CXX compile features
-- Detecting CXX compile features - done
-- Found ament_cmake: 2.3.2 (/opt/ros/rolling/share/ament_cmake/cmake)
-- Found Python3: /usr/bin/python3.10 (found version "3.10.12") found components: Interpreter 
-- Found rclcpp: 27.0.0 (/opt/ros/rolling/share/rclcpp/cmake)
-- Found rosidl_generator_c: 4.5.1 (/opt/ros/rolling/share/rosidl_generator_c/cmake)
-- Found rosidl_generator_cpp: 4.5.1 (/opt/ros/rolling/share/rosidl_generator_cpp/cmake)
-- Using all available rosidl_typesupport_c: rosidl_typesupport_fastrtps_c;rosidl_typesupport_introspection_c
-- Using all available rosidl_typesupport_cpp: rosidl_typesupport_fastrtps_cpp;rosidl_typesupport_introspection_cpp
-- Found rmw_implementation_cmake: 7.3.0 (/opt/ros/rolling/share/rmw_implementation_cmake/cmake)
-- Found rmw_fastrtps_cpp: 8.2.0 (/opt/ros/rolling/share/rmw_fastrtps_cpp/cmake)
-- Found OpenSSL: /usr/lib/aarch64-linux-gnu/libcrypto.so (found version "3.0.2")  
-- Found FastRTPS: /opt/ros/rolling/include  
-- Using RMW implementation 'rmw_fastrtps_cpp' as default
-- Found rosidl_default_generators: 1.6.0 (/opt/ros/rolling/share/rosidl_default_generators/cmake)
-- Found rosidl_adapter: 4.5.1 (/opt/ros/rolling/share/rosidl_adapter/cmake)
-- Found std_msgs: 5.3.0 (/opt/ros/rolling/share/std_msgs/cmake)
-- Found geometry_msgs: 5.3.0 (/opt/ros/rolling/share/geometry_msgs/cmake)
-- Found ament_cmake_ros: 0.12.0 (/opt/ros/rolling/share/ament_cmake_ros/cmake)
-- Using all available rosidl_typesupport_c: rosidl_typesupport_fastrtps_c;rosidl_typesupport_introspection_c
-- Using all available rosidl_typesupport_cpp: rosidl_typesupport_fastrtps_cpp;rosidl_typesupport_introspection_cpp
-- Found PythonInterp: /usr/bin/python3 (found suitable version "3.10.12", minimum required is "3.6") 
-- Found python_cmake_module: 0.11.0 (/opt/ros/rolling/share/python_cmake_module/cmake)
-- Found PythonLibs: /usr/lib/aarch64-linux-gnu/libpython3.10.so (found suitable version "3.10.12", minimum required is "3.5") 
-- Using PYTHON_EXECUTABLE: /usr/bin/python3
-- Using PYTHON_INCLUDE_DIRS: /usr/include/python3.10
-- Using PYTHON_LIBRARIES: /usr/lib/aarch64-linux-gnu/libpython3.10.so
-- Found PythonExtra: .so  
-- Configuring done
-- Generating done
-- Build files have been written to: /voiture2A-ros/build/icm20948_driver
[  1%] Generating type hashes for ROS interfaces
[  3%] Building C object Fusion/CMakeFiles/Fusion.dir/FusionAhrs.c.o
[  4%] Building C object Fusion/CMakeFiles/Fusion.dir/FusionOffset.c.o
[  6%] Building C object Fusion/CMakeFiles/Fusion.dir/FusionCompass.c.o
[  6%] Built target ament_cmake_python_copy_icm20948_driver
[  8%] Linking C static library libFusion.a
running egg_info
creating icm20948_driver.egg-info
writing icm20948_driver.egg-info/PKG-INFO
writing dependency_links to icm20948_driver.egg-info/dependency_links.txt
writing top-level names to icm20948_driver.egg-info/top_level.txt
writing manifest file 'icm20948_driver.egg-info/SOURCES.txt'
reading manifest file 'icm20948_driver.egg-info/SOURCES.txt'
writing manifest file 'icm20948_driver.egg-info/SOURCES.txt'
[  8%] Built target Fusion
[  8%] Built target ament_cmake_python_build_icm20948_driver_egg
[  8%] Built target icm20948_driver__rosidl_generator_type_description
[  9%] Generating C code for ROS interfaces
[ 11%] Generating C++ code for ROS interfaces
[ 11%] Built target icm20948_driver__cpp
[ 13%] Building C object CMakeFiles/icm20948_driver__rosidl_generator_c.dir/rosidl_generator_c/icm20948_driver/msg/detail/rpy__description.c.o
[ 16%] Building C object CMakeFiles/icm20948_driver__rosidl_generator_c.dir/rosidl_generator_c/icm20948_driver/msg/detail/rpy__type_support.c.o
[ 16%] Building C object CMakeFiles/icm20948_driver__rosidl_generator_c.dir/rosidl_generator_c/icm20948_driver/msg/detail/raw_data__type_support.c.o
[ 18%] Building C object CMakeFiles/icm20948_driver__rosidl_generator_c.dir/rosidl_generator_c/icm20948_driver/msg/detail/raw_data__functions.c.o
[ 21%] Building C object CMakeFiles/icm20948_driver__rosidl_generator_c.dir/rosidl_generator_c/icm20948_driver/msg/detail/debug_fusion__description.c.o
[ 21%] Building C object CMakeFiles/icm20948_driver__rosidl_generator_c.dir/rosidl_generator_c/icm20948_driver/msg/detail/raw_data__description.c.o
[ 24%] Building C object CMakeFiles/icm20948_driver__rosidl_generator_c.dir/rosidl_generator_c/icm20948_driver/msg/detail/rpy__functions.c.o
[ 24%] Building C object CMakeFiles/icm20948_driver__rosidl_generator_c.dir/rosidl_generator_c/icm20948_driver/msg/detail/debug_fusion__type_support.c.o
[ 26%] Building C object CMakeFiles/icm20948_driver__rosidl_generator_c.dir/rosidl_generator_c/icm20948_driver/msg/detail/debug_fusion__functions.c.o
[ 27%] Linking C shared library libicm20948_driver__rosidl_generator_c.so
[ 27%] Built target icm20948_driver__rosidl_generator_c
[ 29%] Generating C++ type support dispatch for ROS interfaces
[ 31%] Generating C type support for eProsima Fast-RTPS
[ 32%] Generating C++ type support for eProsima Fast-RTPS
[ 34%] Generating C type support dispatch for ROS interfaces
[ 36%] Generating C introspection for ROS interfaces
[ 37%] Generating C++ introspection for ROS interfaces
[ 39%] Building CXX object CMakeFiles/icm20948_driver__rosidl_typesupport_cpp.dir/rosidl_typesupport_cpp/icm20948_driver/msg/rpy__type_support.cpp.o
[ 42%] Building CXX object CMakeFiles/icm20948_driver__rosidl_typesupport_cpp.dir/rosidl_typesupport_cpp/icm20948_driver/msg/debug_fusion__type_support.cpp.o
[ 42%] Building CXX object CMakeFiles/icm20948_driver__rosidl_typesupport_cpp.dir/rosidl_typesupport_cpp/icm20948_driver/msg/raw_data__type_support.cpp.o
[ 44%] Building CXX object CMakeFiles/icm20948_driver__rosidl_typesupport_c.dir/rosidl_typesupport_c/icm20948_driver/msg/raw_data__type_support.cpp.o
[ 45%] Building CXX object CMakeFiles/icm20948_driver__rosidl_typesupport_c.dir/rosidl_typesupport_c/icm20948_driver/msg/rpy__type_support.cpp.o
[ 47%] Building CXX object CMakeFiles/icm20948_driver__rosidl_typesupport_c.dir/rosidl_typesupport_c/icm20948_driver/msg/debug_fusion__type_support.cpp.o
[ 49%] Building CXX object CMakeFiles/icm20948_driver__rosidl_typesupport_introspection_cpp.dir/rosidl_typesupport_introspection_cpp/icm20948_driver/msg/detail/raw_data__type_support.cpp.o
[ 50%] Building CXX object CMakeFiles/icm20948_driver__rosidl_typesupport_introspection_cpp.dir/rosidl_typesupport_introspection_cpp/icm20948_driver/msg/detail/debug_fusion__type_support.cpp.o
[ 52%] Building CXX object CMakeFiles/icm20948_driver__rosidl_typesupport_introspection_cpp.dir/rosidl_typesupport_introspection_cpp/icm20948_driver/msg/detail/rpy__type_support.cpp.o
[ 54%] Building CXX object CMakeFiles/icm20948_driver__rosidl_typesupport_fastrtps_c.dir/rosidl_typesupport_fastrtps_c/icm20948_driver/msg/detail/rpy__type_support_c.cpp.o
[ 55%] Building CXX object CMakeFiles/icm20948_driver__rosidl_typesupport_fastrtps_c.dir/rosidl_typesupport_fastrtps_c/icm20948_driver/msg/detail/raw_data__type_support_c.cpp.o
[ 57%] Building CXX object CMakeFiles/icm20948_driver__rosidl_typesupport_fastrtps_c.dir/rosidl_typesupport_fastrtps_c/icm20948_driver/msg/detail/debug_fusion__type_support_c.cpp.o
[ 59%] Building C object CMakeFiles/icm20948_driver__rosidl_typesupport_introspection_c.dir/rosidl_typesupport_introspection_c/icm20948_driver/msg/detail/debug_fusion__type_support.c.o
[ 60%] Building C object CMakeFiles/icm20948_driver__rosidl_typesupport_introspection_c.dir/rosidl_typesupport_introspection_c/icm20948_driver/msg/detail/rpy__type_support.c.o
[ 62%] Building C object CMakeFiles/icm20948_driver__rosidl_typesupport_introspection_c.dir/rosidl_typesupport_introspection_c/icm20948_driver/msg/detail/raw_data__type_support.c.o
[ 63%] Linking CXX shared library libicm20948_driver__rosidl_typesupport_c.so
[ 65%] Building CXX object CMakeFiles/icm20948_driver__rosidl_typesupport_fastrtps_cpp.dir/rosidl_typesupport_fastrtps_cpp/icm20948_driver/msg/detail/dds_fastrtps/rpy__type_support.cpp.o
[ 67%] Building CXX object CMakeFiles/icm20948_driver__rosidl_typesupport_fastrtps_cpp.dir/rosidl_typesupport_fastrtps_cpp/icm20948_driver/msg/detail/dds_fastrtps/raw_data__type_support.cpp.o
[ 68%] Building CXX object CMakeFiles/icm20948_driver__rosidl_typesupport_fastrtps_cpp.dir/rosidl_typesupport_fastrtps_cpp/icm20948_driver/msg/detail/dds_fastrtps/debug_fusion__type_support.cpp.o
[ 70%] Linking C shared library libicm20948_driver__rosidl_typesupport_introspection_c.so
[ 70%] Built target icm20948_driver__rosidl_typesupport_c
[ 70%] Built target icm20948_driver__rosidl_typesupport_introspection_c
[ 72%] Linking CXX shared library libicm20948_driver__rosidl_typesupport_cpp.so
[ 72%] Built target icm20948_driver__rosidl_typesupport_cpp
[ 73%] Linking CXX shared library libicm20948_driver__rosidl_typesupport_introspection_cpp.so
[ 75%] Linking CXX shared library libicm20948_driver__rosidl_typesupport_fastrtps_c.so
[ 77%] Building CXX object CMakeFiles/icm20948.dir/src/icm20948_node.cpp.o
[ 78%] Building CXX object CMakeFiles/icm20948.dir/src/icm20948.cpp.o
[ 78%] Built target icm20948_driver__rosidl_typesupport_introspection_cpp
[ 78%] Built target icm20948_driver__rosidl_typesupport_fastrtps_c
[ 80%] Linking CXX shared library libicm20948_driver__rosidl_typesupport_fastrtps_cpp.so
[ 80%] Built target icm20948_driver__rosidl_typesupport_fastrtps_cpp
[ 80%] Built target icm20948_driver
/voiture2A-ros/src/icm20948_driver/src/icm20948.cpp: In member function ‘std::vector<unsigned char> ICM20948::read_i2c_AK09916_data(const uint8_t&, const uint32_t&)’:
/voiture2A-ros/src/icm20948_driver/src/icm20948.cpp:477:17: warning: comparison of integer expressions of different signedness: ‘int’ and ‘const uint32_t’ {aka ‘const unsigned int’} [-Wsign-compare]
  477 |     if (nb_read != len) {
      |         ~~~~~~~~^~~~~~
/voiture2A-ros/src/icm20948_driver/src/icm20948.cpp: In member function ‘int ICM20948::read_i2c_AK09916_byte(const uint8_t&, uint8_t&)’:
/voiture2A-ros/src/icm20948_driver/src/icm20948.cpp:488:16: warning: comparison is always false due to limited range of data type [-Wtype-limits]
  488 |         if(data<0){
      |            ~~~~^~
/voiture2A-ros/src/icm20948_driver/src/icm20948.cpp: In member function ‘std::vector<unsigned char> ICM20948::readRegister(const uint8_t&, const uint32_t&)’:
/voiture2A-ros/src/icm20948_driver/src/icm20948.cpp:553:81: warning: comparison of integer expressions of different signedness: ‘__s32’ {aka ‘int’} and ‘const uint32_t’ {aka ‘const unsigned int’} [-Wsign-compare]
  553 |         if (i2c_smbus_read_i2c_block_data(bus_fd_, reg, len, dataVector.data()) != len) {
      |             ~~~~~~~~~~~~~~~~~~~~~~~~~~~~~~~~~~~~~~~~~~~~~~~~~~~~~~~~~~~~~~~~~~~~^~~~~~
/voiture2A-ros/src/icm20948_driver/src/icm20948.cpp:566:17: warning: C++ designated initializers only available with ‘-std=c++20’ or ‘-std=gnu++20’ [-Wpedantic]
  566 |                 .tx_buf = (unsigned long) tx.data(),
      |                 ^
/voiture2A-ros/src/icm20948_driver/src/icm20948.cpp:567:17: warning: C++ designated initializers only available with ‘-std=c++20’ or ‘-std=gnu++20’ [-Wpedantic]
  567 |                 .rx_buf = (unsigned long) rx.data(),
      |                 ^
/voiture2A-ros/src/icm20948_driver/src/icm20948.cpp:568:17: warning: C++ designated initializers only available with ‘-std=c++20’ or ‘-std=gnu++20’ [-Wpedantic]
  568 |                 .len = len + 1,
      |                 ^
/voiture2A-ros/src/icm20948_driver/src/icm20948.cpp:569:17: warning: C++ designated initializers only available with ‘-std=c++20’ or ‘-std=gnu++20’ [-Wpedantic]
  569 |                 .speed_hz = speed_,
      |                 ^
/voiture2A-ros/src/icm20948_driver/src/icm20948.cpp:570:17: warning: C++ designated initializers only available with ‘-std=c++20’ or ‘-std=gnu++20’ [-Wpedantic]
  570 |                 .delay_usecs = delay_usecs_,
      |                 ^
/voiture2A-ros/src/icm20948_driver/src/icm20948.cpp:571:17: warning: C++ designated initializers only available with ‘-std=c++20’ or ‘-std=gnu++20’ [-Wpedantic]
  571 |                 .bits_per_word = 8,
      |                 ^
/voiture2A-ros/src/icm20948_driver/src/icm20948.cpp:573:9: warning: missing initializer for member ‘spi_ioc_transfer::cs_change’ [-Wmissing-field-initializers]
  573 |         };
      |         ^
/voiture2A-ros/src/icm20948_driver/src/icm20948.cpp:573:9: warning: missing initializer for member ‘spi_ioc_transfer::tx_nbits’ [-Wmissing-field-initializers]
/voiture2A-ros/src/icm20948_driver/src/icm20948.cpp:573:9: warning: missing initializer for member ‘spi_ioc_transfer::rx_nbits’ [-Wmissing-field-initializers]
/voiture2A-ros/src/icm20948_driver/src/icm20948.cpp:573:9: warning: missing initializer for member ‘spi_ioc_transfer::word_delay_usecs’ [-Wmissing-field-initializers]
/voiture2A-ros/src/icm20948_driver/src/icm20948.cpp:573:9: warning: missing initializer for member ‘spi_ioc_transfer::pad’ [-Wmissing-field-initializers]
/voiture2A-ros/src/icm20948_driver/src/icm20948.cpp: In member function ‘int ICM20948::writeRegister(const uint8_t&, const std::vector<unsigned char>&)’:
/voiture2A-ros/src/icm20948_driver/src/icm20948.cpp:622:17: warning: C++ designated initializers only available with ‘-std=c++20’ or ‘-std=gnu++20’ [-Wpedantic]
  622 |                 .tx_buf = (unsigned long) tx.data(),
      |                 ^
/voiture2A-ros/src/icm20948_driver/src/icm20948.cpp:623:17: warning: C++ designated initializers only available with ‘-std=c++20’ or ‘-std=gnu++20’ [-Wpedantic]
  623 |                 .rx_buf = (unsigned long) rx.data(),
      |                 ^
/voiture2A-ros/src/icm20948_driver/src/icm20948.cpp:624:17: warning: C++ designated initializers only available with ‘-std=c++20’ or ‘-std=gnu++20’ [-Wpedantic]
  624 |                 .len = static_cast<__u32>(data.size() + 1),
      |                 ^
/voiture2A-ros/src/icm20948_driver/src/icm20948.cpp:625:17: warning: C++ designated initializers only available with ‘-std=c++20’ or ‘-std=gnu++20’ [-Wpedantic]
  625 |                 .speed_hz = speed_,
      |                 ^
/voiture2A-ros/src/icm20948_driver/src/icm20948.cpp:626:17: warning: C++ designated initializers only available with ‘-std=c++20’ or ‘-std=gnu++20’ [-Wpedantic]
  626 |                 .delay_usecs = delay_usecs_,
      |                 ^
/voiture2A-ros/src/icm20948_driver/src/icm20948.cpp:627:17: warning: C++ designated initializers only available with ‘-std=c++20’ or ‘-std=gnu++20’ [-Wpedantic]
  627 |                 .bits_per_word = 8
      |                 ^
/voiture2A-ros/src/icm20948_driver/src/icm20948.cpp:628:9: warning: missing initializer for member ‘spi_ioc_transfer::cs_change’ [-Wmissing-field-initializers]
  628 |         };
      |         ^
/voiture2A-ros/src/icm20948_driver/src/icm20948.cpp:628:9: warning: missing initializer for member ‘spi_ioc_transfer::tx_nbits’ [-Wmissing-field-initializers]
/voiture2A-ros/src/icm20948_driver/src/icm20948.cpp:628:9: warning: missing initializer for member ‘spi_ioc_transfer::rx_nbits’ [-Wmissing-field-initializers]
/voiture2A-ros/src/icm20948_driver/src/icm20948.cpp:628:9: warning: missing initializer for member ‘spi_ioc_transfer::word_delay_usecs’ [-Wmissing-field-initializers]
/voiture2A-ros/src/icm20948_driver/src/icm20948.cpp:628:9: warning: missing initializer for member ‘spi_ioc_transfer::pad’ [-Wmissing-field-initializers]
[ 81%] Generating Python code for ROS interfaces
[ 81%] Built target icm20948_driver__py
[ 86%] Building C object CMakeFiles/icm20948_driver__rosidl_generator_py.dir/rosidl_generator_py/icm20948_driver/msg/_raw_data_s.c.o
[ 86%] Building C object CMakeFiles/icm20948_driver__rosidl_generator_py.dir/rosidl_generator_py/icm20948_driver/msg/_debug_fusion_s.c.o
[ 86%] Building C object CMakeFiles/icm20948_driver__rosidl_generator_py.dir/rosidl_generator_py/icm20948_driver/msg/_rpy_s.c.o
[ 88%] Linking C shared library libicm20948_driver__rosidl_generator_py.so
[ 88%] Built target icm20948_driver__rosidl_generator_py
[ 93%] Building C object CMakeFiles/icm20948_driver__rosidl_typesupport_introspection_c__pyext.dir/rosidl_generator_py/icm20948_driver/_icm20948_driver_s.ep.rosidl_typesupport_introspection_c.c.o
[ 93%] Building C object CMakeFiles/icm20948_driver__rosidl_typesupport_c__pyext.dir/rosidl_generator_py/icm20948_driver/_icm20948_driver_s.ep.rosidl_typesupport_c.c.o
[ 93%] Building C object CMakeFiles/icm20948_driver__rosidl_typesupport_fastrtps_c__pyext.dir/rosidl_generator_py/icm20948_driver/_icm20948_driver_s.ep.rosidl_typesupport_fastrtps_c.c.o
[ 95%] Linking C shared library icm20948_driver_s__rosidl_typesupport_fastrtps_c.cpython-310-aarch64-linux-gnu.so
[ 96%] Linking C shared library icm20948_driver_s__rosidl_typesupport_c.cpython-310-aarch64-linux-gnu.so
[ 98%] Linking C shared library icm20948_driver_s__rosidl_typesupport_introspection_c.cpython-310-aarch64-linux-gnu.so
[ 98%] Built target icm20948_driver__rosidl_typesupport_fastrtps_c__pyext
[ 98%] Built target icm20948_driver__rosidl_typesupport_c__pyext
[ 98%] Built target icm20948_driver__rosidl_typesupport_introspection_c__pyext
In file included from /voiture2A-ros/src/icm20948_driver/Fusion/FusionAhrs.h:15,
                 from /voiture2A-ros/src/icm20948_driver/Fusion/Fusion.h:18,
                 from /voiture2A-ros/src/icm20948_driver/include/icm20948_driver/icm20948_node.h:14,
                 from /voiture2A-ros/src/icm20948_driver/src/icm20948_node.cpp:2:
/voiture2A-ros/src/icm20948_driver/Fusion/FusionMath.h: In function ‘float FusionFastInverseSqrt(float)’:
/voiture2A-ros/src/icm20948_driver/Fusion/FusionMath.h:176:24: warning: C++ designated initializers only available with ‘-std=c++20’ or ‘-std=gnu++20’ [-Wpedantic]
  176 |     Union32 union32 = {.f = x};
      |                        ^
/voiture2A-ros/src/icm20948_driver/Fusion/FusionMath.h: In function ‘FusionVector FusionVectorAdd(FusionVector, FusionVector)’:
/voiture2A-ros/src/icm20948_driver/Fusion/FusionMath.h:202:34: warning: C++ designated initializers only available with ‘-std=c++20’ or ‘-std=gnu++20’ [-Wpedantic]
  202 |     const FusionVector result = {.axis = {
      |                                  ^
/voiture2A-ros/src/icm20948_driver/Fusion/FusionMath.h:203:13: warning: C++ designated initializers only available with ‘-std=c++20’ or ‘-std=gnu++20’ [-Wpedantic]
  203 |             .x = vectorA.axis.x + vectorB.axis.x,
      |             ^
/voiture2A-ros/src/icm20948_driver/Fusion/FusionMath.h:204:13: warning: C++ designated initializers only available with ‘-std=c++20’ or ‘-std=gnu++20’ [-Wpedantic]
  204 |             .y = vectorA.axis.y + vectorB.axis.y,
      |             ^
/voiture2A-ros/src/icm20948_driver/Fusion/FusionMath.h:205:13: warning: C++ designated initializers only available with ‘-std=c++20’ or ‘-std=gnu++20’ [-Wpedantic]
  205 |             .z = vectorA.axis.z + vectorB.axis.z,
      |             ^
/voiture2A-ros/src/icm20948_driver/Fusion/FusionMath.h: In function ‘FusionVector FusionVectorSubtract(FusionVector, FusionVector)’:
/voiture2A-ros/src/icm20948_driver/Fusion/FusionMath.h:217:34: warning: C++ designated initializers only available with ‘-std=c++20’ or ‘-std=gnu++20’ [-Wpedantic]
  217 |     const FusionVector result = {.axis = {
      |                                  ^
/voiture2A-ros/src/icm20948_driver/Fusion/FusionMath.h:218:13: warning: C++ designated initializers only available with ‘-std=c++20’ or ‘-std=gnu++20’ [-Wpedantic]
  218 |             .x = vectorA.axis.x - vectorB.axis.x,
      |             ^
/voiture2A-ros/src/icm20948_driver/Fusion/FusionMath.h:219:13: warning: C++ designated initializers only available with ‘-std=c++20’ or ‘-std=gnu++20’ [-Wpedantic]
  219 |             .y = vectorA.axis.y - vectorB.axis.y,
      |             ^
/voiture2A-ros/src/icm20948_driver/Fusion/FusionMath.h:220:13: warning: C++ designated initializers only available with ‘-std=c++20’ or ‘-std=gnu++20’ [-Wpedantic]
  220 |             .z = vectorA.axis.z - vectorB.axis.z,
      |             ^
/voiture2A-ros/src/icm20948_driver/Fusion/FusionMath.h: In function ‘FusionVector FusionVectorMultiplyScalar(FusionVector, float)’:
/voiture2A-ros/src/icm20948_driver/Fusion/FusionMath.h:241:34: warning: C++ designated initializers only available with ‘-std=c++20’ or ‘-std=gnu++20’ [-Wpedantic]
  241 |     const FusionVector result = {.axis = {
      |                                  ^
/voiture2A-ros/src/icm20948_driver/Fusion/FusionMath.h:242:13: warning: C++ designated initializers only available with ‘-std=c++20’ or ‘-std=gnu++20’ [-Wpedantic]
  242 |             .x = vector.axis.x * scalar,
      |             ^
/voiture2A-ros/src/icm20948_driver/Fusion/FusionMath.h:243:13: warning: C++ designated initializers only available with ‘-std=c++20’ or ‘-std=gnu++20’ [-Wpedantic]
  243 |             .y = vector.axis.y * scalar,
      |             ^
/voiture2A-ros/src/icm20948_driver/Fusion/FusionMath.h:244:13: warning: C++ designated initializers only available with ‘-std=c++20’ or ‘-std=gnu++20’ [-Wpedantic]
  244 |             .z = vector.axis.z * scalar,
      |             ^
/voiture2A-ros/src/icm20948_driver/Fusion/FusionMath.h: In function ‘FusionVector FusionVectorHadamardProduct(FusionVector, FusionVector)’:
/voiture2A-ros/src/icm20948_driver/Fusion/FusionMath.h:256:34: warning: C++ designated initializers only available with ‘-std=c++20’ or ‘-std=gnu++20’ [-Wpedantic]
  256 |     const FusionVector result = {.axis = {
      |                                  ^
/voiture2A-ros/src/icm20948_driver/Fusion/FusionMath.h:257:13: warning: C++ designated initializers only available with ‘-std=c++20’ or ‘-std=gnu++20’ [-Wpedantic]
  257 |             .x = vectorA.axis.x * vectorB.axis.x,
      |             ^
/voiture2A-ros/src/icm20948_driver/Fusion/FusionMath.h:258:13: warning: C++ designated initializers only available with ‘-std=c++20’ or ‘-std=gnu++20’ [-Wpedantic]
  258 |             .y = vectorA.axis.y * vectorB.axis.y,
      |             ^
/voiture2A-ros/src/icm20948_driver/Fusion/FusionMath.h:259:13: warning: C++ designated initializers only available with ‘-std=c++20’ or ‘-std=gnu++20’ [-Wpedantic]
  259 |             .z = vectorA.axis.z * vectorB.axis.z,
      |             ^
/voiture2A-ros/src/icm20948_driver/Fusion/FusionMath.h: In function ‘FusionVector FusionVectorCrossProduct(FusionVector, FusionVector)’:
/voiture2A-ros/src/icm20948_driver/Fusion/FusionMath.h:273:34: warning: C++ designated initializers only available with ‘-std=c++20’ or ‘-std=gnu++20’ [-Wpedantic]
  273 |     const FusionVector result = {.axis = {
      |                                  ^
/voiture2A-ros/src/icm20948_driver/Fusion/FusionMath.h:274:13: warning: C++ designated initializers only available with ‘-std=c++20’ or ‘-std=gnu++20’ [-Wpedantic]
  274 |             .x = A.y * B.z - A.z * B.y,
      |             ^
/voiture2A-ros/src/icm20948_driver/Fusion/FusionMath.h:275:13: warning: C++ designated initializers only available with ‘-std=c++20’ or ‘-std=gnu++20’ [-Wpedantic]
  275 |             .y = A.z * B.x - A.x * B.z,
      |             ^
/voiture2A-ros/src/icm20948_driver/Fusion/FusionMath.h:276:13: warning: C++ designated initializers only available with ‘-std=c++20’ or ‘-std=gnu++20’ [-Wpedantic]
  276 |             .z = A.x * B.y - A.y * B.x,
      |             ^
/voiture2A-ros/src/icm20948_driver/Fusion/FusionMath.h: In function ‘FusionQuaternion FusionQuaternionAdd(FusionQuaternion, FusionQuaternion)’:
/voiture2A-ros/src/icm20948_driver/Fusion/FusionMath.h:335:38: warning: C++ designated initializers only available with ‘-std=c++20’ or ‘-std=gnu++20’ [-Wpedantic]
  335 |     const FusionQuaternion result = {.element = {
      |                                      ^
/voiture2A-ros/src/icm20948_driver/Fusion/FusionMath.h:336:13: warning: C++ designated initializers only available with ‘-std=c++20’ or ‘-std=gnu++20’ [-Wpedantic]
  336 |             .w = quaternionA.element.w + quaternionB.element.w,
      |             ^
/voiture2A-ros/src/icm20948_driver/Fusion/FusionMath.h:337:13: warning: C++ designated initializers only available with ‘-std=c++20’ or ‘-std=gnu++20’ [-Wpedantic]
  337 |             .x = quaternionA.element.x + quaternionB.element.x,
      |             ^
/voiture2A-ros/src/icm20948_driver/Fusion/FusionMath.h:338:13: warning: C++ designated initializers only available with ‘-std=c++20’ or ‘-std=gnu++20’ [-Wpedantic]
  338 |             .y = quaternionA.element.y + quaternionB.element.y,
      |             ^
/voiture2A-ros/src/icm20948_driver/Fusion/FusionMath.h:339:13: warning: C++ designated initializers only available with ‘-std=c++20’ or ‘-std=gnu++20’ [-Wpedantic]
  339 |             .z = quaternionA.element.z + quaternionB.element.z,
      |             ^
In file included from /voiture2A-ros/src/icm20948_driver/Fusion/FusionAhrs.h:15,
                 from /voiture2A-ros/src/icm20948_driver/Fusion/Fusion.h:18,
                 from /voiture2A-ros/src/icm20948_driver/include/icm20948_driver/icm20948_node.h:14,
                 from /voiture2A-ros/src/icm20948_driver/src/icm20948_node.cpp:2:
/voiture2A-ros/src/icm20948_driver/Fusion/FusionMath.h: In function ‘FusionQuaternion FusionQuaternionMultiply(FusionQuaternion, FusionQuaternion)’:
/voiture2A-ros/src/icm20948_driver/Fusion/FusionMath.h:353:38: warning: C++ designated initializers only available with ‘-std=c++20’ or ‘-std=gnu++20’ [-Wpedantic]
  353 |     const FusionQuaternion result = {.element = {
      |                                      ^
/voiture2A-ros/src/icm20948_driver/Fusion/FusionMath.h:354:13: warning: C++ designated initializers only available with ‘-std=c++20’ or ‘-std=gnu++20’ [-Wpedantic]
  354 |             .w = A.w * B.w - A.x * B.x - A.y * B.y - A.z * B.z,
      |             ^
/voiture2A-ros/src/icm20948_driver/Fusion/FusionMath.h:355:13: warning: C++ designated initializers only available with ‘-std=c++20’ or ‘-std=gnu++20’ [-Wpedantic]
  355 |             .x = A.w * B.x + A.x * B.w + A.y * B.z - A.z * B.y,
      |             ^
/voiture2A-ros/src/icm20948_driver/Fusion/FusionMath.h:356:13: warning: C++ designated initializers only available with ‘-std=c++20’ or ‘-std=gnu++20’ [-Wpedantic]
  356 |             .y = A.w * B.y - A.x * B.z + A.y * B.w + A.z * B.x,
      |             ^
/voiture2A-ros/src/icm20948_driver/Fusion/FusionMath.h:357:13: warning: C++ designated initializers only available with ‘-std=c++20’ or ‘-std=gnu++20’ [-Wpedantic]
  357 |             .z = A.w * B.z + A.x * B.y - A.y * B.x + A.z * B.w,
      |             ^
/voiture2A-ros/src/icm20948_driver/Fusion/FusionMath.h: In function ‘FusionQuaternion FusionQuaternionMultiplyVector(FusionQuaternion, FusionVector)’:
/voiture2A-ros/src/icm20948_driver/Fusion/FusionMath.h:376:38: warning: C++ designated initializers only available with ‘-std=c++20’ or ‘-std=gnu++20’ [-Wpedantic]
  376 |     const FusionQuaternion result = {.element = {
      |                                      ^
/voiture2A-ros/src/icm20948_driver/Fusion/FusionMath.h:377:13: warning: C++ designated initializers only available with ‘-std=c++20’ or ‘-std=gnu++20’ [-Wpedantic]
  377 |             .w = -Q.x * V.x - Q.y * V.y - Q.z * V.z,
      |             ^
/voiture2A-ros/src/icm20948_driver/Fusion/FusionMath.h:378:13: warning: C++ designated initializers only available with ‘-std=c++20’ or ‘-std=gnu++20’ [-Wpedantic]
  378 |             .x = Q.w * V.x + Q.y * V.z - Q.z * V.y,
      |             ^
/voiture2A-ros/src/icm20948_driver/Fusion/FusionMath.h:379:13: warning: C++ designated initializers only available with ‘-std=c++20’ or ‘-std=gnu++20’ [-Wpedantic]
  379 |             .y = Q.w * V.y - Q.x * V.z + Q.z * V.x,
      |             ^
/voiture2A-ros/src/icm20948_driver/Fusion/FusionMath.h:380:13: warning: C++ designated initializers only available with ‘-std=c++20’ or ‘-std=gnu++20’ [-Wpedantic]
  380 |             .z = Q.w * V.z + Q.x * V.y - Q.y * V.x,
      |             ^
/voiture2A-ros/src/icm20948_driver/Fusion/FusionMath.h: In function ‘FusionQuaternion FusionQuaternionNormalise(FusionQuaternion)’:
/voiture2A-ros/src/icm20948_driver/Fusion/FusionMath.h:399:38: warning: C++ designated initializers only available with ‘-std=c++20’ or ‘-std=gnu++20’ [-Wpedantic]
  399 |     const FusionQuaternion result = {.element = {
      |                                      ^
/voiture2A-ros/src/icm20948_driver/Fusion/FusionMath.h:400:13: warning: C++ designated initializers only available with ‘-std=c++20’ or ‘-std=gnu++20’ [-Wpedantic]
  400 |             .w = Q.w * magnitudeReciprocal,
      |             ^
/voiture2A-ros/src/icm20948_driver/Fusion/FusionMath.h:401:13: warning: C++ designated initializers only available with ‘-std=c++20’ or ‘-std=gnu++20’ [-Wpedantic]
  401 |             .x = Q.x * magnitudeReciprocal,
      |             ^
/voiture2A-ros/src/icm20948_driver/Fusion/FusionMath.h:402:13: warning: C++ designated initializers only available with ‘-std=c++20’ or ‘-std=gnu++20’ [-Wpedantic]
  402 |             .y = Q.y * magnitudeReciprocal,
      |             ^
/voiture2A-ros/src/icm20948_driver/Fusion/FusionMath.h:403:13: warning: C++ designated initializers only available with ‘-std=c++20’ or ‘-std=gnu++20’ [-Wpedantic]
  403 |             .z = Q.z * magnitudeReciprocal,
      |             ^
/voiture2A-ros/src/icm20948_driver/Fusion/FusionMath.h: In function ‘FusionVector FusionMatrixMultiplyVector(FusionMatrix, FusionVector)’:
/voiture2A-ros/src/icm20948_driver/Fusion/FusionMath.h:420:34: warning: C++ designated initializers only available with ‘-std=c++20’ or ‘-std=gnu++20’ [-Wpedantic]
  420 |     const FusionVector result = {.axis = {
      |                                  ^
/voiture2A-ros/src/icm20948_driver/Fusion/FusionMath.h:421:13: warning: C++ designated initializers only available with ‘-std=c++20’ or ‘-std=gnu++20’ [-Wpedantic]
  421 |             .x = R.xx * vector.axis.x + R.xy * vector.axis.y + R.xz * vector.axis.z,
      |             ^
/voiture2A-ros/src/icm20948_driver/Fusion/FusionMath.h:422:13: warning: C++ designated initializers only available with ‘-std=c++20’ or ‘-std=gnu++20’ [-Wpedantic]
  422 |             .y = R.yx * vector.axis.x + R.yy * vector.axis.y + R.yz * vector.axis.z,
      |             ^
/voiture2A-ros/src/icm20948_driver/Fusion/FusionMath.h:423:13: warning: C++ designated initializers only available with ‘-std=c++20’ or ‘-std=gnu++20’ [-Wpedantic]
  423 |             .z = R.zx * vector.axis.x + R.zy * vector.axis.y + R.zz * vector.axis.z,
      |             ^
/voiture2A-ros/src/icm20948_driver/Fusion/FusionMath.h: In function ‘FusionMatrix FusionQuaternionToMatrix(FusionQuaternion)’:
/voiture2A-ros/src/icm20948_driver/Fusion/FusionMath.h:446:34: warning: C++ designated initializers only available with ‘-std=c++20’ or ‘-std=gnu++20’ [-Wpedantic]
  446 |     const FusionMatrix matrix = {.element = {
      |                                  ^
/voiture2A-ros/src/icm20948_driver/Fusion/FusionMath.h:447:13: warning: C++ designated initializers only available with ‘-std=c++20’ or ‘-std=gnu++20’ [-Wpedantic]
  447 |             .xx = 2.0f * (qwqw - 0.5f + Q.x * Q.x),
      |             ^
/voiture2A-ros/src/icm20948_driver/Fusion/FusionMath.h:448:13: warning: C++ designated initializers only available with ‘-std=c++20’ or ‘-std=gnu++20’ [-Wpedantic]
  448 |             .xy = 2.0f * (qxqy - qwqz),
      |             ^
/voiture2A-ros/src/icm20948_driver/Fusion/FusionMath.h:449:13: warning: C++ designated initializers only available with ‘-std=c++20’ or ‘-std=gnu++20’ [-Wpedantic]
  449 |             .xz = 2.0f * (qxqz + qwqy),
      |             ^
/voiture2A-ros/src/icm20948_driver/Fusion/FusionMath.h:450:13: warning: C++ designated initializers only available with ‘-std=c++20’ or ‘-std=gnu++20’ [-Wpedantic]
  450 |             .yx = 2.0f * (qxqy + qwqz),
      |             ^
/voiture2A-ros/src/icm20948_driver/Fusion/FusionMath.h:451:13: warning: C++ designated initializers only available with ‘-std=c++20’ or ‘-std=gnu++20’ [-Wpedantic]
  451 |             .yy = 2.0f * (qwqw - 0.5f + Q.y * Q.y),
      |             ^
/voiture2A-ros/src/icm20948_driver/Fusion/FusionMath.h:452:13: warning: C++ designated initializers only available with ‘-std=c++20’ or ‘-std=gnu++20’ [-Wpedantic]
  452 |             .yz = 2.0f * (qyqz - qwqx),
      |             ^
/voiture2A-ros/src/icm20948_driver/Fusion/FusionMath.h:453:13: warning: C++ designated initializers only available with ‘-std=c++20’ or ‘-std=gnu++20’ [-Wpedantic]
  453 |             .zx = 2.0f * (qxqz - qwqy),
      |             ^
/voiture2A-ros/src/icm20948_driver/Fusion/FusionMath.h:454:13: warning: C++ designated initializers only available with ‘-std=c++20’ or ‘-std=gnu++20’ [-Wpedantic]
  454 |             .zy = 2.0f * (qyqz + qwqx),
      |             ^
/voiture2A-ros/src/icm20948_driver/Fusion/FusionMath.h:455:13: warning: C++ designated initializers only available with ‘-std=c++20’ or ‘-std=gnu++20’ [-Wpedantic]
  455 |             .zz = 2.0f * (qwqw - 0.5f + Q.z * Q.z),
      |             ^
/voiture2A-ros/src/icm20948_driver/Fusion/FusionMath.h: In function ‘FusionEuler FusionQuaternionToEuler(FusionQuaternion)’:
/voiture2A-ros/src/icm20948_driver/Fusion/FusionMath.h:469:32: warning: C++ designated initializers only available with ‘-std=c++20’ or ‘-std=gnu++20’ [-Wpedantic]
  469 |     const FusionEuler euler = {.angle = {
      |                                ^
/voiture2A-ros/src/icm20948_driver/Fusion/FusionMath.h:470:13: warning: C++ designated initializers only available with ‘-std=c++20’ or ‘-std=gnu++20’ [-Wpedantic]
  470 |             .roll = FusionRadiansToDegrees(atan2f(Q.w * Q.x + Q.y * Q.z, halfMinusQySquared - Q.x * Q.x)),
      |             ^
/voiture2A-ros/src/icm20948_driver/Fusion/FusionMath.h:471:13: warning: C++ designated initializers only available with ‘-std=c++20’ or ‘-std=gnu++20’ [-Wpedantic]
  471 |             .pitch = FusionRadiansToDegrees(FusionAsin(2.0f * (Q.w * Q.y - Q.z * Q.x))),
      |             ^
/voiture2A-ros/src/icm20948_driver/Fusion/FusionMath.h:472:13: warning: C++ designated initializers only available with ‘-std=c++20’ or ‘-std=gnu++20’ [-Wpedantic]
  472 |             .yaw = FusionRadiansToDegrees(atan2f(Q.w * Q.z + Q.x * Q.y, halfMinusQySquared - Q.z * Q.z)),
      |             ^
In file included from /voiture2A-ros/src/icm20948_driver/src/icm20948_node.cpp:3:
/voiture2A-ros/src/icm20948_driver/include/icm20948_driver/fusion_converter.h: In function ‘FusionVector FusionVectorFromStdVector(const std::vector<double, std::allocator<double> >&)’:
/voiture2A-ros/src/icm20948_driver/include/icm20948_driver/fusion_converter.h:18:34: warning: C++ designated initializers only available with ‘-std=c++20’ or ‘-std=gnu++20’ [-Wpedantic]
   18 |     const FusionVector result = {.axis = {
      |                                  ^
/voiture2A-ros/src/icm20948_driver/include/icm20948_driver/fusion_converter.h:19:13: warning: C++ designated initializers only available with ‘-std=c++20’ or ‘-std=gnu++20’ [-Wpedantic]
   19 |             .x = static_cast<float>(vector[0]),
      |             ^
/voiture2A-ros/src/icm20948_driver/include/icm20948_driver/fusion_converter.h:20:13: warning: C++ designated initializers only available with ‘-std=c++20’ or ‘-std=gnu++20’ [-Wpedantic]
   20 |             .y = static_cast<float>(vector[1]),
      |             ^
/voiture2A-ros/src/icm20948_driver/include/icm20948_driver/fusion_converter.h:21:13: warning: C++ designated initializers only available with ‘-std=c++20’ or ‘-std=gnu++20’ [-Wpedantic]
   21 |             .z = static_cast<float>(vector[2]),
      |             ^
/voiture2A-ros/src/icm20948_driver/include/icm20948_driver/fusion_converter.h: In function ‘FusionMatrix FusionMatrixFromStdVector(const std::vector<double, std::allocator<double> >&)’:
/voiture2A-ros/src/icm20948_driver/include/icm20948_driver/fusion_converter.h:32:34: warning: C++ designated initializers only available with ‘-std=c++20’ or ‘-std=gnu++20’ [-Wpedantic]
   32 |     const FusionMatrix result = {.element = {
      |                                  ^
/voiture2A-ros/src/icm20948_driver/include/icm20948_driver/fusion_converter.h:33:13: warning: C++ designated initializers only available with ‘-std=c++20’ or ‘-std=gnu++20’ [-Wpedantic]
   33 |             .xx = static_cast<float>(matrix[0]),
      |             ^
/voiture2A-ros/src/icm20948_driver/include/icm20948_driver/fusion_converter.h:34:13: warning: C++ designated initializers only available with ‘-std=c++20’ or ‘-std=gnu++20’ [-Wpedantic]
   34 |             .xy = static_cast<float>(matrix[1]),
      |             ^
/voiture2A-ros/src/icm20948_driver/include/icm20948_driver/fusion_converter.h:35:13: warning: C++ designated initializers only available with ‘-std=c++20’ or ‘-std=gnu++20’ [-Wpedantic]
   35 |             .xz = static_cast<float>(matrix[2]),
      |             ^
/voiture2A-ros/src/icm20948_driver/include/icm20948_driver/fusion_converter.h:36:13: warning: C++ designated initializers only available with ‘-std=c++20’ or ‘-std=gnu++20’ [-Wpedantic]
   36 |             .yx = static_cast<float>(matrix[3]),
      |             ^
/voiture2A-ros/src/icm20948_driver/include/icm20948_driver/fusion_converter.h:37:13: warning: C++ designated initializers only available with ‘-std=c++20’ or ‘-std=gnu++20’ [-Wpedantic]
   37 |             .yy = static_cast<float>(matrix[4]),
      |             ^
/voiture2A-ros/src/icm20948_driver/include/icm20948_driver/fusion_converter.h:38:13: warning: C++ designated initializers only available with ‘-std=c++20’ or ‘-std=gnu++20’ [-Wpedantic]
   38 |             .yz = static_cast<float>(matrix[5]),
      |             ^
/voiture2A-ros/src/icm20948_driver/include/icm20948_driver/fusion_converter.h:39:13: warning: C++ designated initializers only available with ‘-std=c++20’ or ‘-std=gnu++20’ [-Wpedantic]
   39 |             .zx = static_cast<float>(matrix[6]),
      |             ^
/voiture2A-ros/src/icm20948_driver/include/icm20948_driver/fusion_converter.h:40:13: warning: C++ designated initializers only available with ‘-std=c++20’ or ‘-std=gnu++20’ [-Wpedantic]
   40 |             .zy = static_cast<float>(matrix[7]),
      |             ^
/voiture2A-ros/src/icm20948_driver/include/icm20948_driver/fusion_converter.h:41:13: warning: C++ designated initializers only available with ‘-std=c++20’ or ‘-std=gnu++20’ [-Wpedantic]
   41 |             .zz = static_cast<float>(matrix[8]),
      |             ^
/voiture2A-ros/src/icm20948_driver/include/icm20948_driver/fusion_converter.h: In function ‘FusionQuaternion FusionQuaternionFromStdVector(const std::vector<double, std::allocator<double> >&)’:
/voiture2A-ros/src/icm20948_driver/include/icm20948_driver/fusion_converter.h:52:38: warning: C++ designated initializers only available with ‘-std=c++20’ or ‘-std=gnu++20’ [-Wpedantic]
   52 |     const FusionQuaternion result = {.element = {
      |                                      ^
/voiture2A-ros/src/icm20948_driver/include/icm20948_driver/fusion_converter.h:53:13: warning: C++ designated initializers only available with ‘-std=c++20’ or ‘-std=gnu++20’ [-Wpedantic]
   53 |             .w = static_cast<float>(quaternion[0]),
      |             ^
/voiture2A-ros/src/icm20948_driver/include/icm20948_driver/fusion_converter.h:54:13: warning: C++ designated initializers only available with ‘-std=c++20’ or ‘-std=gnu++20’ [-Wpedantic]
   54 |             .x = static_cast<float>(quaternion[1]),
      |             ^
/voiture2A-ros/src/icm20948_driver/include/icm20948_driver/fusion_converter.h:55:13: warning: C++ designated initializers only available with ‘-std=c++20’ or ‘-std=gnu++20’ [-Wpedantic]
   55 |             .y = static_cast<float>(quaternion[2]),
      |             ^
/voiture2A-ros/src/icm20948_driver/include/icm20948_driver/fusion_converter.h:56:13: warning: C++ designated initializers only available with ‘-std=c++20’ or ‘-std=gnu++20’ [-Wpedantic]
   56 |             .z = static_cast<float>(quaternion[3]),
      |             ^
/voiture2A-ros/src/icm20948_driver/include/icm20948_driver/fusion_converter.h: In function ‘FusionEuler FusionEulerFromStdVector(const std::vector<double, std::allocator<double> >&)’:
/voiture2A-ros/src/icm20948_driver/include/icm20948_driver/fusion_converter.h:67:33: warning: C++ designated initializers only available with ‘-std=c++20’ or ‘-std=gnu++20’ [-Wpedantic]
   67 |     const FusionEuler result = {.angle = {
      |                                 ^
/voiture2A-ros/src/icm20948_driver/include/icm20948_driver/fusion_converter.h:68:13: warning: C++ designated initializers only available with ‘-std=c++20’ or ‘-std=gnu++20’ [-Wpedantic]
   68 |             .roll = static_cast<float>(euler[0]),
      |             ^
/voiture2A-ros/src/icm20948_driver/include/icm20948_driver/fusion_converter.h:69:13: warning: C++ designated initializers only available with ‘-std=c++20’ or ‘-std=gnu++20’ [-Wpedantic]
   69 |             .pitch = static_cast<float>(euler[1]),
      |             ^
/voiture2A-ros/src/icm20948_driver/include/icm20948_driver/fusion_converter.h:70:13: warning: C++ designated initializers only available with ‘-std=c++20’ or ‘-std=gnu++20’ [-Wpedantic]
   70 |             .yaw = static_cast<float>(euler[2]),
      |             ^
/voiture2A-ros/src/icm20948_driver/src/icm20948_node.cpp: In member function ‘void ICM20948Node::init_parameters()’:
/voiture2A-ros/src/icm20948_driver/src/icm20948_node.cpp:94:13: warning: C++ designated initializers only available with ‘-std=c++20’ or ‘-std=gnu++20’ [-Wpedantic]
   94 |             .convention = convention_,
      |             ^
/voiture2A-ros/src/icm20948_driver/src/icm20948_node.cpp:98:13: warning: C++ designated initializers only available with ‘-std=c++20’ or ‘-std=gnu++20’ [-Wpedantic]
   98 |             .gain = fusion_gain_,
      |             ^
/voiture2A-ros/src/icm20948_driver/src/icm20948_node.cpp:102:13: warning: C++ designated initializers only available with ‘-std=c++20’ or ‘-std=gnu++20’ [-Wpedantic]
  102 |             .gyroscopeRange = static_cast<float>(icm20948_.gyro_full_scale_[icm20948_.gyro_fs_sel_]), /* replace this with actual gyroscope range in degrees/s */
      |             ^
/voiture2A-ros/src/icm20948_driver/src/icm20948_node.cpp:105:13: warning: C++ designated initializers only available with ‘-std=c++20’ or ‘-std=gnu++20’ [-Wpedantic]
  105 |             .accelerationRejection = acceleration_rejection_,
      |             ^
/voiture2A-ros/src/icm20948_driver/src/icm20948_node.cpp:108:13: warning: C++ designated initializers only available with ‘-std=c++20’ or ‘-std=gnu++20’ [-Wpedantic]
  108 |             .magneticRejection = magnetic_rejection_,
      |             ^
/voiture2A-ros/src/icm20948_driver/src/icm20948_node.cpp:111:13: warning: C++ designated initializers only available with ‘-std=c++20’ or ‘-std=gnu++20’ [-Wpedantic]
  111 |             .recoveryTriggerPeriod = recovery_trigger_period_ * sample_rate_, /* x seconds */
      |             ^
[100%] Linking CXX executable icm20948
[100%] Built target icm20948
-- Install configuration: ""
-- Installing: /voiture2A-ros/install/icm20948_driver/share/ament_index/resource_index/rosidl_interfaces/icm20948_driver
-- Installing: /voiture2A-ros/install/icm20948_driver/share/icm20948_driver/msg/RPY.json
-- Installing: /voiture2A-ros/install/icm20948_driver/share/icm20948_driver/msg/RawData.json
-- Installing: /voiture2A-ros/install/icm20948_driver/share/icm20948_driver/msg/DebugFusion.json
-- Installing: /voiture2A-ros/install/icm20948_driver/include/icm20948_driver/icm20948_driver
-- Installing: /voiture2A-ros/install/icm20948_driver/include/icm20948_driver/icm20948_driver/msg
-- Installing: /voiture2A-ros/install/icm20948_driver/include/icm20948_driver/icm20948_driver/msg/rosidl_generator_c__visibility_control.h
-- Installing: /voiture2A-ros/install/icm20948_driver/include/icm20948_driver/icm20948_driver/msg/raw_data.h
-- Installing: /voiture2A-ros/install/icm20948_driver/include/icm20948_driver/icm20948_driver/msg/debug_fusion.h
-- Installing: /voiture2A-ros/install/icm20948_driver/include/icm20948_driver/icm20948_driver/msg/detail
-- Installing: /voiture2A-ros/install/icm20948_driver/include/icm20948_driver/icm20948_driver/msg/detail/raw_data__type_support.c
-- Installing: /voiture2A-ros/install/icm20948_driver/include/icm20948_driver/icm20948_driver/msg/detail/rpy__type_support.h
-- Installing: /voiture2A-ros/install/icm20948_driver/include/icm20948_driver/icm20948_driver/msg/detail/raw_data__functions.h
-- Installing: /voiture2A-ros/install/icm20948_driver/include/icm20948_driver/icm20948_driver/msg/detail/rpy__description.c
-- Installing: /voiture2A-ros/install/icm20948_driver/include/icm20948_driver/icm20948_driver/msg/detail/debug_fusion__functions.c
-- Installing: /voiture2A-ros/install/icm20948_driver/include/icm20948_driver/icm20948_driver/msg/detail/rpy__type_support.c
-- Installing: /voiture2A-ros/install/icm20948_driver/include/icm20948_driver/icm20948_driver/msg/detail/debug_fusion__struct.h
-- Installing: /voiture2A-ros/install/icm20948_driver/include/icm20948_driver/icm20948_driver/msg/detail/raw_data__functions.c
-- Installing: /voiture2A-ros/install/icm20948_driver/include/icm20948_driver/icm20948_driver/msg/detail/rpy__functions.c
-- Installing: /voiture2A-ros/install/icm20948_driver/include/icm20948_driver/icm20948_driver/msg/detail/debug_fusion__description.c
-- Installing: /voiture2A-ros/install/icm20948_driver/include/icm20948_driver/icm20948_driver/msg/detail/raw_data__struct.h
-- Installing: /voiture2A-ros/install/icm20948_driver/include/icm20948_driver/icm20948_driver/msg/detail/raw_data__description.c
-- Installing: /voiture2A-ros/install/icm20948_driver/include/icm20948_driver/icm20948_driver/msg/detail/rpy__struct.h
-- Installing: /voiture2A-ros/install/icm20948_driver/include/icm20948_driver/icm20948_driver/msg/detail/rpy__functions.h
-- Installing: /voiture2A-ros/install/icm20948_driver/include/icm20948_driver/icm20948_driver/msg/detail/debug_fusion__type_support.c
-- Installing: /voiture2A-ros/install/icm20948_driver/include/icm20948_driver/icm20948_driver/msg/detail/debug_fusion__functions.h
-- Installing: /voiture2A-ros/install/icm20948_driver/include/icm20948_driver/icm20948_driver/msg/detail/debug_fusion__type_support.h
-- Installing: /voiture2A-ros/install/icm20948_driver/include/icm20948_driver/icm20948_driver/msg/detail/raw_data__type_support.h
-- Installing: /voiture2A-ros/install/icm20948_driver/include/icm20948_driver/icm20948_driver/msg/rpy.h
-- Installing: /voiture2A-ros/install/icm20948_driver/share/icm20948_driver/environment/library_path.sh
-- Installing: /voiture2A-ros/install/icm20948_driver/share/icm20948_driver/environment/library_path.dsv
-- Installing: /voiture2A-ros/install/icm20948_driver/lib/libicm20948_driver__rosidl_generator_c.so
-- Set runtime path of "/voiture2A-ros/install/icm20948_driver/lib/libicm20948_driver__rosidl_generator_c.so" to ""
-- Up-to-date: /voiture2A-ros/install/icm20948_driver/include/icm20948_driver/icm20948_driver
-- Up-to-date: /voiture2A-ros/install/icm20948_driver/include/icm20948_driver/icm20948_driver/msg
-- Installing: /voiture2A-ros/install/icm20948_driver/include/icm20948_driver/icm20948_driver/msg/rosidl_typesupport_fastrtps_c__visibility_control.h
-- Up-to-date: /voiture2A-ros/install/icm20948_driver/include/icm20948_driver/icm20948_driver/msg/detail
-- Installing: /voiture2A-ros/install/icm20948_driver/include/icm20948_driver/icm20948_driver/msg/detail/rpy__rosidl_typesupport_fastrtps_c.h
-- Installing: /voiture2A-ros/install/icm20948_driver/include/icm20948_driver/icm20948_driver/msg/detail/raw_data__rosidl_typesupport_fastrtps_c.h
-- Installing: /voiture2A-ros/install/icm20948_driver/include/icm20948_driver/icm20948_driver/msg/detail/debug_fusion__rosidl_typesupport_fastrtps_c.h
-- Installing: /voiture2A-ros/install/icm20948_driver/lib/libicm20948_driver__rosidl_typesupport_fastrtps_c.so
-- Set runtime path of "/voiture2A-ros/install/icm20948_driver/lib/libicm20948_driver__rosidl_typesupport_fastrtps_c.so" to ""
-- Up-to-date: /voiture2A-ros/install/icm20948_driver/include/icm20948_driver/icm20948_driver
-- Up-to-date: /voiture2A-ros/install/icm20948_driver/include/icm20948_driver/icm20948_driver/msg
-- Up-to-date: /voiture2A-ros/install/icm20948_driver/include/icm20948_driver/icm20948_driver/msg/detail
-- Installing: /voiture2A-ros/install/icm20948_driver/include/icm20948_driver/icm20948_driver/msg/detail/debug_fusion__struct.hpp
-- Installing: /voiture2A-ros/install/icm20948_driver/include/icm20948_driver/icm20948_driver/msg/detail/raw_data__traits.hpp
-- Installing: /voiture2A-ros/install/icm20948_driver/include/icm20948_driver/icm20948_driver/msg/detail/debug_fusion__traits.hpp
-- Installing: /voiture2A-ros/install/icm20948_driver/include/icm20948_driver/icm20948_driver/msg/detail/raw_data__builder.hpp
-- Installing: /voiture2A-ros/install/icm20948_driver/include/icm20948_driver/icm20948_driver/msg/detail/debug_fusion__type_support.hpp
-- Installing: /voiture2A-ros/install/icm20948_driver/include/icm20948_driver/icm20948_driver/msg/detail/rpy__traits.hpp
-- Installing: /voiture2A-ros/install/icm20948_driver/include/icm20948_driver/icm20948_driver/msg/detail/rpy__type_support.hpp
-- Installing: /voiture2A-ros/install/icm20948_driver/include/icm20948_driver/icm20948_driver/msg/detail/debug_fusion__builder.hpp
-- Installing: /voiture2A-ros/install/icm20948_driver/include/icm20948_driver/icm20948_driver/msg/detail/rpy__struct.hpp
-- Installing: /voiture2A-ros/install/icm20948_driver/include/icm20948_driver/icm20948_driver/msg/detail/rpy__builder.hpp
-- Installing: /voiture2A-ros/install/icm20948_driver/include/icm20948_driver/icm20948_driver/msg/detail/raw_data__struct.hpp
-- Installing: /voiture2A-ros/install/icm20948_driver/include/icm20948_driver/icm20948_driver/msg/detail/raw_data__type_support.hpp
-- Installing: /voiture2A-ros/install/icm20948_driver/include/icm20948_driver/icm20948_driver/msg/rosidl_generator_cpp__visibility_control.hpp
-- Installing: /voiture2A-ros/install/icm20948_driver/include/icm20948_driver/icm20948_driver/msg/debug_fusion.hpp
-- Installing: /voiture2A-ros/install/icm20948_driver/include/icm20948_driver/icm20948_driver/msg/rpy.hpp
-- Installing: /voiture2A-ros/install/icm20948_driver/include/icm20948_driver/icm20948_driver/msg/raw_data.hpp
-- Up-to-date: /voiture2A-ros/install/icm20948_driver/include/icm20948_driver/icm20948_driver
-- Up-to-date: /voiture2A-ros/install/icm20948_driver/include/icm20948_driver/icm20948_driver/msg
-- Installing: /voiture2A-ros/install/icm20948_driver/include/icm20948_driver/icm20948_driver/msg/rosidl_typesupport_fastrtps_cpp__visibility_control.h
-- Up-to-date: /voiture2A-ros/install/icm20948_driver/include/icm20948_driver/icm20948_driver/msg/detail
-- Installing: /voiture2A-ros/install/icm20948_driver/include/icm20948_driver/icm20948_driver/msg/detail/dds_fastrtps
-- Installing: /voiture2A-ros/install/icm20948_driver/include/icm20948_driver/icm20948_driver/msg/detail/raw_data__rosidl_typesupport_fastrtps_cpp.hpp
-- Installing: /voiture2A-ros/install/icm20948_driver/include/icm20948_driver/icm20948_driver/msg/detail/rpy__rosidl_typesupport_fastrtps_cpp.hpp
-- Installing: /voiture2A-ros/install/icm20948_driver/include/icm20948_driver/icm20948_driver/msg/detail/debug_fusion__rosidl_typesupport_fastrtps_cpp.hpp
-- Installing: /voiture2A-ros/install/icm20948_driver/lib/libicm20948_driver__rosidl_typesupport_fastrtps_cpp.so
-- Set runtime path of "/voiture2A-ros/install/icm20948_driver/lib/libicm20948_driver__rosidl_typesupport_fastrtps_cpp.so" to ""
-- Up-to-date: /voiture2A-ros/install/icm20948_driver/include/icm20948_driver/icm20948_driver
-- Up-to-date: /voiture2A-ros/install/icm20948_driver/include/icm20948_driver/icm20948_driver/msg
-- Installing: /voiture2A-ros/install/icm20948_driver/include/icm20948_driver/icm20948_driver/msg/rosidl_typesupport_introspection_c__visibility_control.h
-- Up-to-date: /voiture2A-ros/install/icm20948_driver/include/icm20948_driver/icm20948_driver/msg/detail
-- Installing: /voiture2A-ros/install/icm20948_driver/include/icm20948_driver/icm20948_driver/msg/detail/raw_data__type_support.c
-- Installing: /voiture2A-ros/install/icm20948_driver/include/icm20948_driver/icm20948_driver/msg/detail/debug_fusion__rosidl_typesupport_introspection_c.h
-- Installing: /voiture2A-ros/install/icm20948_driver/include/icm20948_driver/icm20948_driver/msg/detail/rpy__type_support.c
-- Installing: /voiture2A-ros/install/icm20948_driver/include/icm20948_driver/icm20948_driver/msg/detail/rpy__rosidl_typesupport_introspection_c.h
-- Installing: /voiture2A-ros/install/icm20948_driver/include/icm20948_driver/icm20948_driver/msg/detail/debug_fusion__type_support.c
-- Installing: /voiture2A-ros/install/icm20948_driver/include/icm20948_driver/icm20948_driver/msg/detail/raw_data__rosidl_typesupport_introspection_c.h
-- Installing: /voiture2A-ros/install/icm20948_driver/lib/libicm20948_driver__rosidl_typesupport_introspection_c.so
-- Set runtime path of "/voiture2A-ros/install/icm20948_driver/lib/libicm20948_driver__rosidl_typesupport_introspection_c.so" to ""
-- Installing: /voiture2A-ros/install/icm20948_driver/lib/libicm20948_driver__rosidl_typesupport_c.so
-- Set runtime path of "/voiture2A-ros/install/icm20948_driver/lib/libicm20948_driver__rosidl_typesupport_c.so" to ""
-- Up-to-date: /voiture2A-ros/install/icm20948_driver/include/icm20948_driver/icm20948_driver
-- Up-to-date: /voiture2A-ros/install/icm20948_driver/include/icm20948_driver/icm20948_driver/msg
-- Up-to-date: /voiture2A-ros/install/icm20948_driver/include/icm20948_driver/icm20948_driver/msg/detail
-- Installing: /voiture2A-ros/install/icm20948_driver/include/icm20948_driver/icm20948_driver/msg/detail/raw_data__type_support.cpp
-- Installing: /voiture2A-ros/install/icm20948_driver/include/icm20948_driver/icm20948_driver/msg/detail/debug_fusion__rosidl_typesupport_introspection_cpp.hpp
-- Installing: /voiture2A-ros/install/icm20948_driver/include/icm20948_driver/icm20948_driver/msg/detail/raw_data__rosidl_typesupport_introspection_cpp.hpp
-- Installing: /voiture2A-ros/install/icm20948_driver/include/icm20948_driver/icm20948_driver/msg/detail/rpy__rosidl_typesupport_introspection_cpp.hpp
-- Installing: /voiture2A-ros/install/icm20948_driver/include/icm20948_driver/icm20948_driver/msg/detail/rpy__type_support.cpp
-- Installing: /voiture2A-ros/install/icm20948_driver/include/icm20948_driver/icm20948_driver/msg/detail/debug_fusion__type_support.cpp
-- Installing: /voiture2A-ros/install/icm20948_driver/lib/libicm20948_driver__rosidl_typesupport_introspection_cpp.so
-- Set runtime path of "/voiture2A-ros/install/icm20948_driver/lib/libicm20948_driver__rosidl_typesupport_introspection_cpp.so" to ""
-- Installing: /voiture2A-ros/install/icm20948_driver/lib/libicm20948_driver__rosidl_typesupport_cpp.so
-- Set runtime path of "/voiture2A-ros/install/icm20948_driver/lib/libicm20948_driver__rosidl_typesupport_cpp.so" to ""
-- Installing: /voiture2A-ros/install/icm20948_driver/share/icm20948_driver/environment/pythonpath.sh
-- Installing: /voiture2A-ros/install/icm20948_driver/share/icm20948_driver/environment/pythonpath.dsv
-- Installing: /voiture2A-ros/install/icm20948_driver/lib/python3.10/site-packages/icm20948_driver-1.0.0-py3.10.egg-info
-- Installing: /voiture2A-ros/install/icm20948_driver/lib/python3.10/site-packages/icm20948_driver-1.0.0-py3.10.egg-info/dependency_links.txt
-- Installing: /voiture2A-ros/install/icm20948_driver/lib/python3.10/site-packages/icm20948_driver-1.0.0-py3.10.egg-info/PKG-INFO
-- Installing: /voiture2A-ros/install/icm20948_driver/lib/python3.10/site-packages/icm20948_driver-1.0.0-py3.10.egg-info/top_level.txt
-- Installing: /voiture2A-ros/install/icm20948_driver/lib/python3.10/site-packages/icm20948_driver-1.0.0-py3.10.egg-info/SOURCES.txt
-- Installing: /voiture2A-ros/install/icm20948_driver/lib/python3.10/site-packages/icm20948_driver
-- Installing: /voiture2A-ros/install/icm20948_driver/lib/python3.10/site-packages/icm20948_driver/_icm20948_driver_s.ep.rosidl_typesupport_fastrtps_c.c
-- Installing: /voiture2A-ros/install/icm20948_driver/lib/python3.10/site-packages/icm20948_driver/msg
-- Installing: /voiture2A-ros/install/icm20948_driver/lib/python3.10/site-packages/icm20948_driver/msg/_debug_fusion.py
-- Installing: /voiture2A-ros/install/icm20948_driver/lib/python3.10/site-packages/icm20948_driver/msg/_raw_data.py
-- Installing: /voiture2A-ros/install/icm20948_driver/lib/python3.10/site-packages/icm20948_driver/msg/_raw_data_s.c
-- Installing: /voiture2A-ros/install/icm20948_driver/lib/python3.10/site-packages/icm20948_driver/msg/_rpy_s.c
-- Installing: /voiture2A-ros/install/icm20948_driver/lib/python3.10/site-packages/icm20948_driver/msg/_rpy.py
-- Installing: /voiture2A-ros/install/icm20948_driver/lib/python3.10/site-packages/icm20948_driver/msg/_debug_fusion_s.c
-- Installing: /voiture2A-ros/install/icm20948_driver/lib/python3.10/site-packages/icm20948_driver/msg/__init__.py
-- Installing: /voiture2A-ros/install/icm20948_driver/lib/python3.10/site-packages/icm20948_driver/_icm20948_driver_s.ep.rosidl_typesupport_c.c
-- Installing: /voiture2A-ros/install/icm20948_driver/lib/python3.10/site-packages/icm20948_driver/_icm20948_driver_s.ep.rosidl_typesupport_introspection_c.c
-- Installing: /voiture2A-ros/install/icm20948_driver/lib/python3.10/site-packages/icm20948_driver/__init__.py
Listing '/voiture2A-ros/install/icm20948_driver/lib/python3.10/site-packages/icm20948_driver'...
Compiling '/voiture2A-ros/install/icm20948_driver/lib/python3.10/site-packages/icm20948_driver/__init__.py'...
Listing '/voiture2A-ros/install/icm20948_driver/lib/python3.10/site-packages/icm20948_driver/msg'...
Compiling '/voiture2A-ros/install/icm20948_driver/lib/python3.10/site-packages/icm20948_driver/msg/__init__.py'...
Compiling '/voiture2A-ros/install/icm20948_driver/lib/python3.10/site-packages/icm20948_driver/msg/_debug_fusion.py'...
Compiling '/voiture2A-ros/install/icm20948_driver/lib/python3.10/site-packages/icm20948_driver/msg/_raw_data.py'...
Compiling '/voiture2A-ros/install/icm20948_driver/lib/python3.10/site-packages/icm20948_driver/msg/_rpy.py'...
-- Installing: /voiture2A-ros/install/icm20948_driver/lib/python3.10/site-packages/icm20948_driver/icm20948_driver_s__rosidl_typesupport_fastrtps_c.cpython-310-aarch64-linux-gnu.so
-- Set runtime path of "/voiture2A-ros/install/icm20948_driver/lib/python3.10/site-packages/icm20948_driver/icm20948_driver_s__rosidl_typesupport_fastrtps_c.cpython-310-aarch64-linux-gnu.so" to ""
-- Installing: /voiture2A-ros/install/icm20948_driver/lib/python3.10/site-packages/icm20948_driver/icm20948_driver_s__rosidl_typesupport_introspection_c.cpython-310-aarch64-linux-gnu.so
-- Set runtime path of "/voiture2A-ros/install/icm20948_driver/lib/python3.10/site-packages/icm20948_driver/icm20948_driver_s__rosidl_typesupport_introspection_c.cpython-310-aarch64-linux-gnu.so" to ""
-- Installing: /voiture2A-ros/install/icm20948_driver/lib/python3.10/site-packages/icm20948_driver/icm20948_driver_s__rosidl_typesupport_c.cpython-310-aarch64-linux-gnu.so
-- Set runtime path of "/voiture2A-ros/install/icm20948_driver/lib/python3.10/site-packages/icm20948_driver/icm20948_driver_s__rosidl_typesupport_c.cpython-310-aarch64-linux-gnu.so" to ""
-- Installing: /voiture2A-ros/install/icm20948_driver/lib/libicm20948_driver__rosidl_generator_py.so
-- Set runtime path of "/voiture2A-ros/install/icm20948_driver/lib/libicm20948_driver__rosidl_generator_py.so" to ""
-- Installing: /voiture2A-ros/install/icm20948_driver/share/icm20948_driver/msg/RPY.idl
-- Installing: /voiture2A-ros/install/icm20948_driver/share/icm20948_driver/msg/RawData.idl
-- Installing: /voiture2A-ros/install/icm20948_driver/share/icm20948_driver/msg/DebugFusion.idl
-- Installing: /voiture2A-ros/install/icm20948_driver/share/icm20948_driver/msg/RPY.msg
-- Installing: /voiture2A-ros/install/icm20948_driver/share/icm20948_driver/msg/RawData.msg
-- Installing: /voiture2A-ros/install/icm20948_driver/share/icm20948_driver/msg/DebugFusion.msg
-- Installing: /voiture2A-ros/install/icm20948_driver/lib/icm20948_driver/icm20948
-- Set runtime path of "/voiture2A-ros/install/icm20948_driver/lib/icm20948_driver/icm20948" to ""
-- Installing: /voiture2A-ros/install/icm20948_driver/lib/libFusion.a
-- Installing: /voiture2A-ros/install/icm20948_driver/share/ament_index/resource_index/package_run_dependencies/icm20948_driver
-- Installing: /voiture2A-ros/install/icm20948_driver/share/ament_index/resource_index/parent_prefix_path/icm20948_driver
-- Installing: /voiture2A-ros/install/icm20948_driver/share/icm20948_driver/environment/ament_prefix_path.sh
-- Installing: /voiture2A-ros/install/icm20948_driver/share/icm20948_driver/environment/ament_prefix_path.dsv
-- Installing: /voiture2A-ros/install/icm20948_driver/share/icm20948_driver/environment/path.sh
-- Installing: /voiture2A-ros/install/icm20948_driver/share/icm20948_driver/environment/path.dsv
-- Installing: /voiture2A-ros/install/icm20948_driver/share/icm20948_driver/local_setup.bash
-- Installing: /voiture2A-ros/install/icm20948_driver/share/icm20948_driver/local_setup.sh
-- Installing: /voiture2A-ros/install/icm20948_driver/share/icm20948_driver/local_setup.zsh
-- Installing: /voiture2A-ros/install/icm20948_driver/share/icm20948_driver/local_setup.dsv
-- Installing: /voiture2A-ros/install/icm20948_driver/share/icm20948_driver/package.dsv
-- Installing: /voiture2A-ros/install/icm20948_driver/share/ament_index/resource_index/packages/icm20948_driver
-- Installing: /voiture2A-ros/install/icm20948_driver/share/icm20948_driver/cmake/export_icm20948_driver__rosidl_generator_cExport.cmake
-- Installing: /voiture2A-ros/install/icm20948_driver/share/icm20948_driver/cmake/export_icm20948_driver__rosidl_generator_cExport-noconfig.cmake
-- Installing: /voiture2A-ros/install/icm20948_driver/share/icm20948_driver/cmake/export_icm20948_driver__rosidl_typesupport_fastrtps_cExport.cmake
-- Installing: /voiture2A-ros/install/icm20948_driver/share/icm20948_driver/cmake/export_icm20948_driver__rosidl_typesupport_fastrtps_cExport-noconfig.cmake
-- Installing: /voiture2A-ros/install/icm20948_driver/share/icm20948_driver/cmake/export_icm20948_driver__rosidl_generator_cppExport.cmake
-- Installing: /voiture2A-ros/install/icm20948_driver/share/icm20948_driver/cmake/export_icm20948_driver__rosidl_typesupport_fastrtps_cppExport.cmake
-- Installing: /voiture2A-ros/install/icm20948_driver/share/icm20948_driver/cmake/export_icm20948_driver__rosidl_typesupport_fastrtps_cppExport-noconfig.cmake
-- Installing: /voiture2A-ros/install/icm20948_driver/share/icm20948_driver/cmake/icm20948_driver__rosidl_typesupport_introspection_cExport.cmake
-- Installing: /voiture2A-ros/install/icm20948_driver/share/icm20948_driver/cmake/icm20948_driver__rosidl_typesupport_introspection_cExport-noconfig.cmake
-- Installing: /voiture2A-ros/install/icm20948_driver/share/icm20948_driver/cmake/icm20948_driver__rosidl_typesupport_cExport.cmake
-- Installing: /voiture2A-ros/install/icm20948_driver/share/icm20948_driver/cmake/icm20948_driver__rosidl_typesupport_cExport-noconfig.cmake
-- Installing: /voiture2A-ros/install/icm20948_driver/share/icm20948_driver/cmake/icm20948_driver__rosidl_typesupport_introspection_cppExport.cmake
-- Installing: /voiture2A-ros/install/icm20948_driver/share/icm20948_driver/cmake/icm20948_driver__rosidl_typesupport_introspection_cppExport-noconfig.cmake
-- Installing: /voiture2A-ros/install/icm20948_driver/share/icm20948_driver/cmake/icm20948_driver__rosidl_typesupport_cppExport.cmake
-- Installing: /voiture2A-ros/install/icm20948_driver/share/icm20948_driver/cmake/icm20948_driver__rosidl_typesupport_cppExport-noconfig.cmake
-- Installing: /voiture2A-ros/install/icm20948_driver/share/icm20948_driver/cmake/export_icm20948_driver__rosidl_generator_pyExport.cmake
-- Installing: /voiture2A-ros/install/icm20948_driver/share/icm20948_driver/cmake/export_icm20948_driver__rosidl_generator_pyExport-noconfig.cmake
-- Installing: /voiture2A-ros/install/icm20948_driver/share/icm20948_driver/cmake/rosidl_cmake-extras.cmake
-- Installing: /voiture2A-ros/install/icm20948_driver/share/icm20948_driver/cmake/ament_cmake_export_dependencies-extras.cmake
-- Installing: /voiture2A-ros/install/icm20948_driver/share/icm20948_driver/cmake/ament_cmake_export_include_directories-extras.cmake
-- Installing: /voiture2A-ros/install/icm20948_driver/share/icm20948_driver/cmake/ament_cmake_export_libraries-extras.cmake
-- Installing: /voiture2A-ros/install/icm20948_driver/share/icm20948_driver/cmake/ament_cmake_export_targets-extras.cmake
-- Installing: /voiture2A-ros/install/icm20948_driver/share/icm20948_driver/cmake/rosidl_cmake_export_typesupport_targets-extras.cmake
-- Installing: /voiture2A-ros/install/icm20948_driver/share/icm20948_driver/cmake/rosidl_cmake_export_typesupport_libraries-extras.cmake
-- Installing: /voiture2A-ros/install/icm20948_driver/share/icm20948_driver/cmake/icm20948_driverConfig.cmake
-- Installing: /voiture2A-ros/install/icm20948_driver/share/icm20948_driver/cmake/icm20948_driverConfig-version.cmake
-- Installing: /voiture2A-ros/install/icm20948_driver/share/icm20948_driver/package.xml
