-- The C compiler identification is GNU 11.4.0
-- The CXX compiler identification is GNU 11.4.0
-- Detecting C compiler ABI info
-- Detecting C compiler ABI info - done
-- Check for working C compiler: /usr/bin/cc - skipped
-- Detecting C compile features
-- Detecting C compile features - done
-- Detecting CXX compiler ABI info
-- Detecting CXX compiler ABI info - done
-- Check for working CXX compiler: /usr/bin/c++ - skipped
-- Detecting CXX compile features
-- Detecting CXX compile features - done
-- Found ament_cmake: 2.3.2 (/opt/ros/rolling/share/ament_cmake/cmake)
-- Found Python3: /usr/bin/python3.10 (found version "3.10.12") found components: Interpreter 
-- Found rclcpp: 27.0.0 (/opt/ros/rolling/share/rclcpp/cmake)
-- Found rosidl_generator_c: 4.5.1 (/opt/ros/rolling/share/rosidl_generator_c/cmake)
-- Found rosidl_generator_cpp: 4.5.1 (/opt/ros/rolling/share/rosidl_generator_cpp/cmake)
-- Using all available rosidl_typesupport_c: rosidl_typesupport_fastrtps_c;rosidl_typesupport_introspection_c
-- Using all available rosidl_typesupport_cpp: rosidl_typesupport_fastrtps_cpp;rosidl_typesupport_introspection_cpp
-- Found rmw_implementation_cmake: 7.3.0 (/opt/ros/rolling/share/rmw_implementation_cmake/cmake)
-- Found rmw_fastrtps_cpp: 8.2.0 (/opt/ros/rolling/share/rmw_fastrtps_cpp/cmake)
-- Found OpenSSL: /usr/lib/aarch64-linux-gnu/libcrypto.so (found version "3.0.2")  
-- Found FastRTPS: /opt/ros/rolling/include  
-- Using RMW implementation 'rmw_fastrtps_cpp' as default
-- Found rosidl_default_generators: 1.6.0 (/opt/ros/rolling/share/rosidl_default_generators/cmake)
-- Found rosidl_adapter: 4.5.1 (/opt/ros/rolling/share/rosidl_adapter/cmake)
-- Found std_msgs: 5.3.0 (/opt/ros/rolling/share/std_msgs/cmake)
-- Found geometry_msgs: 5.3.0 (/opt/ros/rolling/share/geometry_msgs/cmake)
-- Found ament_cmake_ros: 0.12.0 (/opt/ros/rolling/share/ament_cmake_ros/cmake)
-- Using all available rosidl_typesupport_c: rosidl_typesupport_fastrtps_c;rosidl_typesupport_introspection_c
-- Using all available rosidl_typesupport_cpp: rosidl_typesupport_fastrtps_cpp;rosidl_typesupport_introspection_cpp
-- Found PythonInterp: /usr/bin/python3 (found suitable version "3.10.12", minimum required is "3.6") 
-- Found python_cmake_module: 0.11.0 (/opt/ros/rolling/share/python_cmake_module/cmake)
-- Found PythonLibs: /usr/lib/aarch64-linux-gnu/libpython3.10.so (found suitable version "3.10.12", minimum required is "3.5") 
-- Using PYTHON_EXECUTABLE: /usr/bin/python3
-- Using PYTHON_INCLUDE_DIRS: /usr/include/python3.10
-- Using PYTHON_LIBRARIES: /usr/lib/aarch64-linux-gnu/libpython3.10.so
-- Found PythonExtra: .so  
-- Configuring done
-- Generating done
-- Build files have been written to: /voiture2A-ros/build/icm20948_driver
[  1%] Generating type hashes for ROS interfaces
[  3%] Building C object Fusion/CMakeFiles/Fusion.dir/FusionAhrs.c.o
[  4%] Building C object Fusion/CMakeFiles/Fusion.dir/FusionOffset.c.o
[  6%] Building C object Fusion/CMakeFiles/Fusion.dir/FusionCompass.c.o
[  6%] Built target ament_cmake_python_copy_icm20948_driver
[  8%] Linking C static library libFusion.a
running egg_info
creating icm20948_driver.egg-info
writing icm20948_driver.egg-info/PKG-INFO
writing dependency_links to icm20948_driver.egg-info/dependency_links.txt
writing top-level names to icm20948_driver.egg-info/top_level.txt
writing manifest file 'icm20948_driver.egg-info/SOURCES.txt'
reading manifest file 'icm20948_driver.egg-info/SOURCES.txt'
writing manifest file 'icm20948_driver.egg-info/SOURCES.txt'
[  8%] Built target Fusion
[  8%] Built target ament_cmake_python_build_icm20948_driver_egg
[  8%] Built target icm20948_driver__rosidl_generator_type_description
[  9%] Generating C code for ROS interfaces
[ 11%] Generating C++ code for ROS interfaces
[ 11%] Built target icm20948_driver__cpp
[ 13%] Building C object CMakeFiles/icm20948_driver__rosidl_generator_c.dir/rosidl_generator_c/icm20948_driver/msg/detail/rpy__description.c.o
[ 16%] Building C object CMakeFiles/icm20948_driver__rosidl_generator_c.dir/rosidl_generator_c/icm20948_driver/msg/detail/rpy__type_support.c.o
[ 16%] Building C object CMakeFiles/icm20948_driver__rosidl_generator_c.dir/rosidl_generator_c/icm20948_driver/msg/detail/raw_data__type_support.c.o
[ 18%] Building C object CMakeFiles/icm20948_driver__rosidl_generator_c.dir/rosidl_generator_c/icm20948_driver/msg/detail/raw_data__functions.c.o
[ 21%] Building C object CMakeFiles/icm20948_driver__rosidl_generator_c.dir/rosidl_generator_c/icm20948_driver/msg/detail/debug_fusion__description.c.o
[ 21%] Building C object CMakeFiles/icm20948_driver__rosidl_generator_c.dir/rosidl_generator_c/icm20948_driver/msg/detail/raw_data__description.c.o
[ 24%] Building C object CMakeFiles/icm20948_driver__rosidl_generator_c.dir/rosidl_generator_c/icm20948_driver/msg/detail/rpy__functions.c.o
[ 24%] Building C object CMakeFiles/icm20948_driver__rosidl_generator_c.dir/rosidl_generator_c/icm20948_driver/msg/detail/debug_fusion__type_support.c.o
[ 26%] Building C object CMakeFiles/icm20948_driver__rosidl_generator_c.dir/rosidl_generator_c/icm20948_driver/msg/detail/debug_fusion__functions.c.o
[ 27%] Linking C shared library libicm20948_driver__rosidl_generator_c.so
[ 27%] Built target icm20948_driver__rosidl_generator_c
[ 29%] Generating C++ type support dispatch for ROS interfaces
[ 31%] Generating C type support for eProsima Fast-RTPS
[ 32%] Generating C++ type support for eProsima Fast-RTPS
[ 34%] Generating C type support dispatch for ROS interfaces
[ 36%] Generating C introspection for ROS interfaces
[ 37%] Generating C++ introspection for ROS interfaces
[ 39%] Building CXX object CMakeFiles/icm20948_driver__rosidl_typesupport_cpp.dir/rosidl_typesupport_cpp/icm20948_driver/msg/rpy__type_support.cpp.o
[ 42%] Building CXX object CMakeFiles/icm20948_driver__rosidl_typesupport_cpp.dir/rosidl_typesupport_cpp/icm20948_driver/msg/debug_fusion__type_support.cpp.o
[ 42%] Building CXX object CMakeFiles/icm20948_driver__rosidl_typesupport_cpp.dir/rosidl_typesupport_cpp/icm20948_driver/msg/raw_data__type_support.cpp.o
[ 44%] Building CXX object CMakeFiles/icm20948_driver__rosidl_typesupport_c.dir/rosidl_typesupport_c/icm20948_driver/msg/raw_data__type_support.cpp.o
[ 45%] Building CXX object CMakeFiles/icm20948_driver__rosidl_typesupport_c.dir/rosidl_typesupport_c/icm20948_driver/msg/rpy__type_support.cpp.o
[ 47%] Building CXX object CMakeFiles/icm20948_driver__rosidl_typesupport_c.dir/rosidl_typesupport_c/icm20948_driver/msg/debug_fusion__type_support.cpp.o
[ 49%] Building CXX object CMakeFiles/icm20948_driver__rosidl_typesupport_introspection_cpp.dir/rosidl_typesupport_introspection_cpp/icm20948_driver/msg/detail/raw_data__type_support.cpp.o
[ 50%] Building CXX object CMakeFiles/icm20948_driver__rosidl_typesupport_introspection_cpp.dir/rosidl_typesupport_introspection_cpp/icm20948_driver/msg/detail/debug_fusion__type_support.cpp.o
[ 52%] Building CXX object CMakeFiles/icm20948_driver__rosidl_typesupport_introspection_cpp.dir/rosidl_typesupport_introspection_cpp/icm20948_driver/msg/detail/rpy__type_support.cpp.o
[ 54%] Building CXX object CMakeFiles/icm20948_driver__rosidl_typesupport_fastrtps_c.dir/rosidl_typesupport_fastrtps_c/icm20948_driver/msg/detail/rpy__type_support_c.cpp.o
[ 55%] Building CXX object CMakeFiles/icm20948_driver__rosidl_typesupport_fastrtps_c.dir/rosidl_typesupport_fastrtps_c/icm20948_driver/msg/detail/raw_data__type_support_c.cpp.o
[ 57%] Building CXX object CMakeFiles/icm20948_driver__rosidl_typesupport_fastrtps_c.dir/rosidl_typesupport_fastrtps_c/icm20948_driver/msg/detail/debug_fusion__type_support_c.cpp.o
[ 59%] Building C object CMakeFiles/icm20948_driver__rosidl_typesupport_introspection_c.dir/rosidl_typesupport_introspection_c/icm20948_driver/msg/detail/debug_fusion__type_support.c.o
[ 60%] Building C object CMakeFiles/icm20948_driver__rosidl_typesupport_introspection_c.dir/rosidl_typesupport_introspection_c/icm20948_driver/msg/detail/rpy__type_support.c.o
[ 62%] Building C object CMakeFiles/icm20948_driver__rosidl_typesupport_introspection_c.dir/rosidl_typesupport_introspection_c/icm20948_driver/msg/detail/raw_data__type_support.c.o
[ 63%] Linking CXX shared library libicm20948_driver__rosidl_typesupport_c.so
[ 65%] Building CXX object CMakeFiles/icm20948_driver__rosidl_typesupport_fastrtps_cpp.dir/rosidl_typesupport_fastrtps_cpp/icm20948_driver/msg/detail/dds_fastrtps/rpy__type_support.cpp.o
[ 67%] Building CXX object CMakeFiles/icm20948_driver__rosidl_typesupport_fastrtps_cpp.dir/rosidl_typesupport_fastrtps_cpp/icm20948_driver/msg/detail/dds_fastrtps/raw_data__type_support.cpp.o
[ 68%] Building CXX object CMakeFiles/icm20948_driver__rosidl_typesupport_fastrtps_cpp.dir/rosidl_typesupport_fastrtps_cpp/icm20948_driver/msg/detail/dds_fastrtps/debug_fusion__type_support.cpp.o
[ 70%] Linking C shared library libicm20948_driver__rosidl_typesupport_introspection_c.so
[ 70%] Built target icm20948_driver__rosidl_typesupport_c
[ 70%] Built target icm20948_driver__rosidl_typesupport_introspection_c
[ 72%] Linking CXX shared library libicm20948_driver__rosidl_typesupport_cpp.so
[ 72%] Built target icm20948_driver__rosidl_typesupport_cpp
[ 73%] Linking CXX shared library libicm20948_driver__rosidl_typesupport_introspection_cpp.so
[ 75%] Linking CXX shared library libicm20948_driver__rosidl_typesupport_fastrtps_c.so
[ 77%] Building CXX object CMakeFiles/icm20948.dir/src/icm20948_node.cpp.o
[ 78%] Building CXX object CMakeFiles/icm20948.dir/src/icm20948.cpp.o
[ 78%] Built target icm20948_driver__rosidl_typesupport_introspection_cpp
[ 78%] Built target icm20948_driver__rosidl_typesupport_fastrtps_c
[ 80%] Linking CXX shared library libicm20948_driver__rosidl_typesupport_fastrtps_cpp.so
[ 80%] Built target icm20948_driver__rosidl_typesupport_fastrtps_cpp
[ 80%] Built target icm20948_driver
[ 81%] Generating Python code for ROS interfaces
[ 81%] Built target icm20948_driver__py
[ 86%] Building C object CMakeFiles/icm20948_driver__rosidl_generator_py.dir/rosidl_generator_py/icm20948_driver/msg/_raw_data_s.c.o
[ 86%] Building C object CMakeFiles/icm20948_driver__rosidl_generator_py.dir/rosidl_generator_py/icm20948_driver/msg/_debug_fusion_s.c.o
[ 86%] Building C object CMakeFiles/icm20948_driver__rosidl_generator_py.dir/rosidl_generator_py/icm20948_driver/msg/_rpy_s.c.o
[ 88%] Linking C shared library libicm20948_driver__rosidl_generator_py.so
[ 88%] Built target icm20948_driver__rosidl_generator_py
[ 93%] Building C object CMakeFiles/icm20948_driver__rosidl_typesupport_introspection_c__pyext.dir/rosidl_generator_py/icm20948_driver/_icm20948_driver_s.ep.rosidl_typesupport_introspection_c.c.o
[ 93%] Building C object CMakeFiles/icm20948_driver__rosidl_typesupport_c__pyext.dir/rosidl_generator_py/icm20948_driver/_icm20948_driver_s.ep.rosidl_typesupport_c.c.o
[ 93%] Building C object CMakeFiles/icm20948_driver__rosidl_typesupport_fastrtps_c__pyext.dir/rosidl_generator_py/icm20948_driver/_icm20948_driver_s.ep.rosidl_typesupport_fastrtps_c.c.o
[ 95%] Linking C shared library icm20948_driver_s__rosidl_typesupport_fastrtps_c.cpython-310-aarch64-linux-gnu.so
[ 96%] Linking C shared library icm20948_driver_s__rosidl_typesupport_c.cpython-310-aarch64-linux-gnu.so
[ 98%] Linking C shared library icm20948_driver_s__rosidl_typesupport_introspection_c.cpython-310-aarch64-linux-gnu.so
[ 98%] Built target icm20948_driver__rosidl_typesupport_fastrtps_c__pyext
[ 98%] Built target icm20948_driver__rosidl_typesupport_c__pyext
[ 98%] Built target icm20948_driver__rosidl_typesupport_introspection_c__pyext
[100%] Linking CXX executable icm20948
[100%] Built target icm20948
-- Install configuration: ""
-- Installing: /voiture2A-ros/install/icm20948_driver/share/ament_index/resource_index/rosidl_interfaces/icm20948_driver
-- Installing: /voiture2A-ros/install/icm20948_driver/share/icm20948_driver/msg/RPY.json
-- Installing: /voiture2A-ros/install/icm20948_driver/share/icm20948_driver/msg/RawData.json
-- Installing: /voiture2A-ros/install/icm20948_driver/share/icm20948_driver/msg/DebugFusion.json
-- Installing: /voiture2A-ros/install/icm20948_driver/include/icm20948_driver/icm20948_driver
-- Installing: /voiture2A-ros/install/icm20948_driver/include/icm20948_driver/icm20948_driver/msg
-- Installing: /voiture2A-ros/install/icm20948_driver/include/icm20948_driver/icm20948_driver/msg/rosidl_generator_c__visibility_control.h
-- Installing: /voiture2A-ros/install/icm20948_driver/include/icm20948_driver/icm20948_driver/msg/raw_data.h
-- Installing: /voiture2A-ros/install/icm20948_driver/include/icm20948_driver/icm20948_driver/msg/debug_fusion.h
-- Installing: /voiture2A-ros/install/icm20948_driver/include/icm20948_driver/icm20948_driver/msg/detail
-- Installing: /voiture2A-ros/install/icm20948_driver/include/icm20948_driver/icm20948_driver/msg/detail/raw_data__type_support.c
-- Installing: /voiture2A-ros/install/icm20948_driver/include/icm20948_driver/icm20948_driver/msg/detail/rpy__type_support.h
-- Installing: /voiture2A-ros/install/icm20948_driver/include/icm20948_driver/icm20948_driver/msg/detail/raw_data__functions.h
-- Installing: /voiture2A-ros/install/icm20948_driver/include/icm20948_driver/icm20948_driver/msg/detail/rpy__description.c
-- Installing: /voiture2A-ros/install/icm20948_driver/include/icm20948_driver/icm20948_driver/msg/detail/debug_fusion__functions.c
-- Installing: /voiture2A-ros/install/icm20948_driver/include/icm20948_driver/icm20948_driver/msg/detail/rpy__type_support.c
-- Installing: /voiture2A-ros/install/icm20948_driver/include/icm20948_driver/icm20948_driver/msg/detail/debug_fusion__struct.h
-- Installing: /voiture2A-ros/install/icm20948_driver/include/icm20948_driver/icm20948_driver/msg/detail/raw_data__functions.c
-- Installing: /voiture2A-ros/install/icm20948_driver/include/icm20948_driver/icm20948_driver/msg/detail/rpy__functions.c
-- Installing: /voiture2A-ros/install/icm20948_driver/include/icm20948_driver/icm20948_driver/msg/detail/debug_fusion__description.c
-- Installing: /voiture2A-ros/install/icm20948_driver/include/icm20948_driver/icm20948_driver/msg/detail/raw_data__struct.h
-- Installing: /voiture2A-ros/install/icm20948_driver/include/icm20948_driver/icm20948_driver/msg/detail/raw_data__description.c
-- Installing: /voiture2A-ros/install/icm20948_driver/include/icm20948_driver/icm20948_driver/msg/detail/rpy__struct.h
-- Installing: /voiture2A-ros/install/icm20948_driver/include/icm20948_driver/icm20948_driver/msg/detail/rpy__functions.h
-- Installing: /voiture2A-ros/install/icm20948_driver/include/icm20948_driver/icm20948_driver/msg/detail/debug_fusion__type_support.c
-- Installing: /voiture2A-ros/install/icm20948_driver/include/icm20948_driver/icm20948_driver/msg/detail/debug_fusion__functions.h
-- Installing: /voiture2A-ros/install/icm20948_driver/include/icm20948_driver/icm20948_driver/msg/detail/debug_fusion__type_support.h
-- Installing: /voiture2A-ros/install/icm20948_driver/include/icm20948_driver/icm20948_driver/msg/detail/raw_data__type_support.h
-- Installing: /voiture2A-ros/install/icm20948_driver/include/icm20948_driver/icm20948_driver/msg/rpy.h
-- Installing: /voiture2A-ros/install/icm20948_driver/share/icm20948_driver/environment/library_path.sh
-- Installing: /voiture2A-ros/install/icm20948_driver/share/icm20948_driver/environment/library_path.dsv
-- Installing: /voiture2A-ros/install/icm20948_driver/lib/libicm20948_driver__rosidl_generator_c.so
-- Set runtime path of "/voiture2A-ros/install/icm20948_driver/lib/libicm20948_driver__rosidl_generator_c.so" to ""
-- Up-to-date: /voiture2A-ros/install/icm20948_driver/include/icm20948_driver/icm20948_driver
-- Up-to-date: /voiture2A-ros/install/icm20948_driver/include/icm20948_driver/icm20948_driver/msg
-- Installing: /voiture2A-ros/install/icm20948_driver/include/icm20948_driver/icm20948_driver/msg/rosidl_typesupport_fastrtps_c__visibility_control.h
-- Up-to-date: /voiture2A-ros/install/icm20948_driver/include/icm20948_driver/icm20948_driver/msg/detail
-- Installing: /voiture2A-ros/install/icm20948_driver/include/icm20948_driver/icm20948_driver/msg/detail/rpy__rosidl_typesupport_fastrtps_c.h
-- Installing: /voiture2A-ros/install/icm20948_driver/include/icm20948_driver/icm20948_driver/msg/detail/raw_data__rosidl_typesupport_fastrtps_c.h
-- Installing: /voiture2A-ros/install/icm20948_driver/include/icm20948_driver/icm20948_driver/msg/detail/debug_fusion__rosidl_typesupport_fastrtps_c.h
-- Installing: /voiture2A-ros/install/icm20948_driver/lib/libicm20948_driver__rosidl_typesupport_fastrtps_c.so
-- Set runtime path of "/voiture2A-ros/install/icm20948_driver/lib/libicm20948_driver__rosidl_typesupport_fastrtps_c.so" to ""
-- Up-to-date: /voiture2A-ros/install/icm20948_driver/include/icm20948_driver/icm20948_driver
-- Up-to-date: /voiture2A-ros/install/icm20948_driver/include/icm20948_driver/icm20948_driver/msg
-- Up-to-date: /voiture2A-ros/install/icm20948_driver/include/icm20948_driver/icm20948_driver/msg/detail
-- Installing: /voiture2A-ros/install/icm20948_driver/include/icm20948_driver/icm20948_driver/msg/detail/debug_fusion__struct.hpp
-- Installing: /voiture2A-ros/install/icm20948_driver/include/icm20948_driver/icm20948_driver/msg/detail/raw_data__traits.hpp
-- Installing: /voiture2A-ros/install/icm20948_driver/include/icm20948_driver/icm20948_driver/msg/detail/debug_fusion__traits.hpp
-- Installing: /voiture2A-ros/install/icm20948_driver/include/icm20948_driver/icm20948_driver/msg/detail/raw_data__builder.hpp
-- Installing: /voiture2A-ros/install/icm20948_driver/include/icm20948_driver/icm20948_driver/msg/detail/debug_fusion__type_support.hpp
-- Installing: /voiture2A-ros/install/icm20948_driver/include/icm20948_driver/icm20948_driver/msg/detail/rpy__traits.hpp
-- Installing: /voiture2A-ros/install/icm20948_driver/include/icm20948_driver/icm20948_driver/msg/detail/rpy__type_support.hpp
-- Installing: /voiture2A-ros/install/icm20948_driver/include/icm20948_driver/icm20948_driver/msg/detail/debug_fusion__builder.hpp
-- Installing: /voiture2A-ros/install/icm20948_driver/include/icm20948_driver/icm20948_driver/msg/detail/rpy__struct.hpp
-- Installing: /voiture2A-ros/install/icm20948_driver/include/icm20948_driver/icm20948_driver/msg/detail/rpy__builder.hpp
-- Installing: /voiture2A-ros/install/icm20948_driver/include/icm20948_driver/icm20948_driver/msg/detail/raw_data__struct.hpp
-- Installing: /voiture2A-ros/install/icm20948_driver/include/icm20948_driver/icm20948_driver/msg/detail/raw_data__type_support.hpp
-- Installing: /voiture2A-ros/install/icm20948_driver/include/icm20948_driver/icm20948_driver/msg/rosidl_generator_cpp__visibility_control.hpp
-- Installing: /voiture2A-ros/install/icm20948_driver/include/icm20948_driver/icm20948_driver/msg/debug_fusion.hpp
-- Installing: /voiture2A-ros/install/icm20948_driver/include/icm20948_driver/icm20948_driver/msg/rpy.hpp
-- Installing: /voiture2A-ros/install/icm20948_driver/include/icm20948_driver/icm20948_driver/msg/raw_data.hpp
-- Up-to-date: /voiture2A-ros/install/icm20948_driver/include/icm20948_driver/icm20948_driver
-- Up-to-date: /voiture2A-ros/install/icm20948_driver/include/icm20948_driver/icm20948_driver/msg
-- Installing: /voiture2A-ros/install/icm20948_driver/include/icm20948_driver/icm20948_driver/msg/rosidl_typesupport_fastrtps_cpp__visibility_control.h
-- Up-to-date: /voiture2A-ros/install/icm20948_driver/include/icm20948_driver/icm20948_driver/msg/detail
-- Installing: /voiture2A-ros/install/icm20948_driver/include/icm20948_driver/icm20948_driver/msg/detail/dds_fastrtps
-- Installing: /voiture2A-ros/install/icm20948_driver/include/icm20948_driver/icm20948_driver/msg/detail/raw_data__rosidl_typesupport_fastrtps_cpp.hpp
-- Installing: /voiture2A-ros/install/icm20948_driver/include/icm20948_driver/icm20948_driver/msg/detail/rpy__rosidl_typesupport_fastrtps_cpp.hpp
-- Installing: /voiture2A-ros/install/icm20948_driver/include/icm20948_driver/icm20948_driver/msg/detail/debug_fusion__rosidl_typesupport_fastrtps_cpp.hpp
-- Installing: /voiture2A-ros/install/icm20948_driver/lib/libicm20948_driver__rosidl_typesupport_fastrtps_cpp.so
-- Set runtime path of "/voiture2A-ros/install/icm20948_driver/lib/libicm20948_driver__rosidl_typesupport_fastrtps_cpp.so" to ""
-- Up-to-date: /voiture2A-ros/install/icm20948_driver/include/icm20948_driver/icm20948_driver
-- Up-to-date: /voiture2A-ros/install/icm20948_driver/include/icm20948_driver/icm20948_driver/msg
-- Installing: /voiture2A-ros/install/icm20948_driver/include/icm20948_driver/icm20948_driver/msg/rosidl_typesupport_introspection_c__visibility_control.h
-- Up-to-date: /voiture2A-ros/install/icm20948_driver/include/icm20948_driver/icm20948_driver/msg/detail
-- Installing: /voiture2A-ros/install/icm20948_driver/include/icm20948_driver/icm20948_driver/msg/detail/raw_data__type_support.c
-- Installing: /voiture2A-ros/install/icm20948_driver/include/icm20948_driver/icm20948_driver/msg/detail/debug_fusion__rosidl_typesupport_introspection_c.h
-- Installing: /voiture2A-ros/install/icm20948_driver/include/icm20948_driver/icm20948_driver/msg/detail/rpy__type_support.c
-- Installing: /voiture2A-ros/install/icm20948_driver/include/icm20948_driver/icm20948_driver/msg/detail/rpy__rosidl_typesupport_introspection_c.h
-- Installing: /voiture2A-ros/install/icm20948_driver/include/icm20948_driver/icm20948_driver/msg/detail/debug_fusion__type_support.c
-- Installing: /voiture2A-ros/install/icm20948_driver/include/icm20948_driver/icm20948_driver/msg/detail/raw_data__rosidl_typesupport_introspection_c.h
-- Installing: /voiture2A-ros/install/icm20948_driver/lib/libicm20948_driver__rosidl_typesupport_introspection_c.so
-- Set runtime path of "/voiture2A-ros/install/icm20948_driver/lib/libicm20948_driver__rosidl_typesupport_introspection_c.so" to ""
-- Installing: /voiture2A-ros/install/icm20948_driver/lib/libicm20948_driver__rosidl_typesupport_c.so
-- Set runtime path of "/voiture2A-ros/install/icm20948_driver/lib/libicm20948_driver__rosidl_typesupport_c.so" to ""
-- Up-to-date: /voiture2A-ros/install/icm20948_driver/include/icm20948_driver/icm20948_driver
-- Up-to-date: /voiture2A-ros/install/icm20948_driver/include/icm20948_driver/icm20948_driver/msg
-- Up-to-date: /voiture2A-ros/install/icm20948_driver/include/icm20948_driver/icm20948_driver/msg/detail
-- Installing: /voiture2A-ros/install/icm20948_driver/include/icm20948_driver/icm20948_driver/msg/detail/raw_data__type_support.cpp
-- Installing: /voiture2A-ros/install/icm20948_driver/include/icm20948_driver/icm20948_driver/msg/detail/debug_fusion__rosidl_typesupport_introspection_cpp.hpp
-- Installing: /voiture2A-ros/install/icm20948_driver/include/icm20948_driver/icm20948_driver/msg/detail/raw_data__rosidl_typesupport_introspection_cpp.hpp
-- Installing: /voiture2A-ros/install/icm20948_driver/include/icm20948_driver/icm20948_driver/msg/detail/rpy__rosidl_typesupport_introspection_cpp.hpp
-- Installing: /voiture2A-ros/install/icm20948_driver/include/icm20948_driver/icm20948_driver/msg/detail/rpy__type_support.cpp
-- Installing: /voiture2A-ros/install/icm20948_driver/include/icm20948_driver/icm20948_driver/msg/detail/debug_fusion__type_support.cpp
-- Installing: /voiture2A-ros/install/icm20948_driver/lib/libicm20948_driver__rosidl_typesupport_introspection_cpp.so
-- Set runtime path of "/voiture2A-ros/install/icm20948_driver/lib/libicm20948_driver__rosidl_typesupport_introspection_cpp.so" to ""
-- Installing: /voiture2A-ros/install/icm20948_driver/lib/libicm20948_driver__rosidl_typesupport_cpp.so
-- Set runtime path of "/voiture2A-ros/install/icm20948_driver/lib/libicm20948_driver__rosidl_typesupport_cpp.so" to ""
-- Installing: /voiture2A-ros/install/icm20948_driver/share/icm20948_driver/environment/pythonpath.sh
-- Installing: /voiture2A-ros/install/icm20948_driver/share/icm20948_driver/environment/pythonpath.dsv
-- Installing: /voiture2A-ros/install/icm20948_driver/lib/python3.10/site-packages/icm20948_driver-1.0.0-py3.10.egg-info
-- Installing: /voiture2A-ros/install/icm20948_driver/lib/python3.10/site-packages/icm20948_driver-1.0.0-py3.10.egg-info/dependency_links.txt
-- Installing: /voiture2A-ros/install/icm20948_driver/lib/python3.10/site-packages/icm20948_driver-1.0.0-py3.10.egg-info/PKG-INFO
-- Installing: /voiture2A-ros/install/icm20948_driver/lib/python3.10/site-packages/icm20948_driver-1.0.0-py3.10.egg-info/top_level.txt
-- Installing: /voiture2A-ros/install/icm20948_driver/lib/python3.10/site-packages/icm20948_driver-1.0.0-py3.10.egg-info/SOURCES.txt
-- Installing: /voiture2A-ros/install/icm20948_driver/lib/python3.10/site-packages/icm20948_driver
-- Installing: /voiture2A-ros/install/icm20948_driver/lib/python3.10/site-packages/icm20948_driver/_icm20948_driver_s.ep.rosidl_typesupport_fastrtps_c.c
-- Installing: /voiture2A-ros/install/icm20948_driver/lib/python3.10/site-packages/icm20948_driver/msg
-- Installing: /voiture2A-ros/install/icm20948_driver/lib/python3.10/site-packages/icm20948_driver/msg/_debug_fusion.py
-- Installing: /voiture2A-ros/install/icm20948_driver/lib/python3.10/site-packages/icm20948_driver/msg/_raw_data.py
-- Installing: /voiture2A-ros/install/icm20948_driver/lib/python3.10/site-packages/icm20948_driver/msg/_raw_data_s.c
-- Installing: /voiture2A-ros/install/icm20948_driver/lib/python3.10/site-packages/icm20948_driver/msg/_rpy_s.c
-- Installing: /voiture2A-ros/install/icm20948_driver/lib/python3.10/site-packages/icm20948_driver/msg/_rpy.py
-- Installing: /voiture2A-ros/install/icm20948_driver/lib/python3.10/site-packages/icm20948_driver/msg/_debug_fusion_s.c
-- Installing: /voiture2A-ros/install/icm20948_driver/lib/python3.10/site-packages/icm20948_driver/msg/__init__.py
-- Installing: /voiture2A-ros/install/icm20948_driver/lib/python3.10/site-packages/icm20948_driver/_icm20948_driver_s.ep.rosidl_typesupport_c.c
-- Installing: /voiture2A-ros/install/icm20948_driver/lib/python3.10/site-packages/icm20948_driver/_icm20948_driver_s.ep.rosidl_typesupport_introspection_c.c
-- Installing: /voiture2A-ros/install/icm20948_driver/lib/python3.10/site-packages/icm20948_driver/__init__.py
Listing '/voiture2A-ros/install/icm20948_driver/lib/python3.10/site-packages/icm20948_driver'...
Compiling '/voiture2A-ros/install/icm20948_driver/lib/python3.10/site-packages/icm20948_driver/__init__.py'...
Listing '/voiture2A-ros/install/icm20948_driver/lib/python3.10/site-packages/icm20948_driver/msg'...
Compiling '/voiture2A-ros/install/icm20948_driver/lib/python3.10/site-packages/icm20948_driver/msg/__init__.py'...
Compiling '/voiture2A-ros/install/icm20948_driver/lib/python3.10/site-packages/icm20948_driver/msg/_debug_fusion.py'...
Compiling '/voiture2A-ros/install/icm20948_driver/lib/python3.10/site-packages/icm20948_driver/msg/_raw_data.py'...
Compiling '/voiture2A-ros/install/icm20948_driver/lib/python3.10/site-packages/icm20948_driver/msg/_rpy.py'...
-- Installing: /voiture2A-ros/install/icm20948_driver/lib/python3.10/site-packages/icm20948_driver/icm20948_driver_s__rosidl_typesupport_fastrtps_c.cpython-310-aarch64-linux-gnu.so
-- Set runtime path of "/voiture2A-ros/install/icm20948_driver/lib/python3.10/site-packages/icm20948_driver/icm20948_driver_s__rosidl_typesupport_fastrtps_c.cpython-310-aarch64-linux-gnu.so" to ""
-- Installing: /voiture2A-ros/install/icm20948_driver/lib/python3.10/site-packages/icm20948_driver/icm20948_driver_s__rosidl_typesupport_introspection_c.cpython-310-aarch64-linux-gnu.so
-- Set runtime path of "/voiture2A-ros/install/icm20948_driver/lib/python3.10/site-packages/icm20948_driver/icm20948_driver_s__rosidl_typesupport_introspection_c.cpython-310-aarch64-linux-gnu.so" to ""
-- Installing: /voiture2A-ros/install/icm20948_driver/lib/python3.10/site-packages/icm20948_driver/icm20948_driver_s__rosidl_typesupport_c.cpython-310-aarch64-linux-gnu.so
-- Set runtime path of "/voiture2A-ros/install/icm20948_driver/lib/python3.10/site-packages/icm20948_driver/icm20948_driver_s__rosidl_typesupport_c.cpython-310-aarch64-linux-gnu.so" to ""
-- Installing: /voiture2A-ros/install/icm20948_driver/lib/libicm20948_driver__rosidl_generator_py.so
-- Set runtime path of "/voiture2A-ros/install/icm20948_driver/lib/libicm20948_driver__rosidl_generator_py.so" to ""
-- Installing: /voiture2A-ros/install/icm20948_driver/share/icm20948_driver/msg/RPY.idl
-- Installing: /voiture2A-ros/install/icm20948_driver/share/icm20948_driver/msg/RawData.idl
-- Installing: /voiture2A-ros/install/icm20948_driver/share/icm20948_driver/msg/DebugFusion.idl
-- Installing: /voiture2A-ros/install/icm20948_driver/share/icm20948_driver/msg/RPY.msg
-- Installing: /voiture2A-ros/install/icm20948_driver/share/icm20948_driver/msg/RawData.msg
-- Installing: /voiture2A-ros/install/icm20948_driver/share/icm20948_driver/msg/DebugFusion.msg
-- Installing: /voiture2A-ros/install/icm20948_driver/lib/icm20948_driver/icm20948
-- Set runtime path of "/voiture2A-ros/install/icm20948_driver/lib/icm20948_driver/icm20948" to ""
-- Installing: /voiture2A-ros/install/icm20948_driver/lib/libFusion.a
-- Installing: /voiture2A-ros/install/icm20948_driver/share/ament_index/resource_index/package_run_dependencies/icm20948_driver
-- Installing: /voiture2A-ros/install/icm20948_driver/share/ament_index/resource_index/parent_prefix_path/icm20948_driver
-- Installing: /voiture2A-ros/install/icm20948_driver/share/icm20948_driver/environment/ament_prefix_path.sh
-- Installing: /voiture2A-ros/install/icm20948_driver/share/icm20948_driver/environment/ament_prefix_path.dsv
-- Installing: /voiture2A-ros/install/icm20948_driver/share/icm20948_driver/environment/path.sh
-- Installing: /voiture2A-ros/install/icm20948_driver/share/icm20948_driver/environment/path.dsv
-- Installing: /voiture2A-ros/install/icm20948_driver/share/icm20948_driver/local_setup.bash
-- Installing: /voiture2A-ros/install/icm20948_driver/share/icm20948_driver/local_setup.sh
-- Installing: /voiture2A-ros/install/icm20948_driver/share/icm20948_driver/local_setup.zsh
-- Installing: /voiture2A-ros/install/icm20948_driver/share/icm20948_driver/local_setup.dsv
-- Installing: /voiture2A-ros/install/icm20948_driver/share/icm20948_driver/package.dsv
-- Installing: /voiture2A-ros/install/icm20948_driver/share/ament_index/resource_index/packages/icm20948_driver
-- Installing: /voiture2A-ros/install/icm20948_driver/share/icm20948_driver/cmake/export_icm20948_driver__rosidl_generator_cExport.cmake
-- Installing: /voiture2A-ros/install/icm20948_driver/share/icm20948_driver/cmake/export_icm20948_driver__rosidl_generator_cExport-noconfig.cmake
-- Installing: /voiture2A-ros/install/icm20948_driver/share/icm20948_driver/cmake/export_icm20948_driver__rosidl_typesupport_fastrtps_cExport.cmake
-- Installing: /voiture2A-ros/install/icm20948_driver/share/icm20948_driver/cmake/export_icm20948_driver__rosidl_typesupport_fastrtps_cExport-noconfig.cmake
-- Installing: /voiture2A-ros/install/icm20948_driver/share/icm20948_driver/cmake/export_icm20948_driver__rosidl_generator_cppExport.cmake
-- Installing: /voiture2A-ros/install/icm20948_driver/share/icm20948_driver/cmake/export_icm20948_driver__rosidl_typesupport_fastrtps_cppExport.cmake
-- Installing: /voiture2A-ros/install/icm20948_driver/share/icm20948_driver/cmake/export_icm20948_driver__rosidl_typesupport_fastrtps_cppExport-noconfig.cmake
-- Installing: /voiture2A-ros/install/icm20948_driver/share/icm20948_driver/cmake/icm20948_driver__rosidl_typesupport_introspection_cExport.cmake
-- Installing: /voiture2A-ros/install/icm20948_driver/share/icm20948_driver/cmake/icm20948_driver__rosidl_typesupport_introspection_cExport-noconfig.cmake
-- Installing: /voiture2A-ros/install/icm20948_driver/share/icm20948_driver/cmake/icm20948_driver__rosidl_typesupport_cExport.cmake
-- Installing: /voiture2A-ros/install/icm20948_driver/share/icm20948_driver/cmake/icm20948_driver__rosidl_typesupport_cExport-noconfig.cmake
-- Installing: /voiture2A-ros/install/icm20948_driver/share/icm20948_driver/cmake/icm20948_driver__rosidl_typesupport_introspection_cppExport.cmake
-- Installing: /voiture2A-ros/install/icm20948_driver/share/icm20948_driver/cmake/icm20948_driver__rosidl_typesupport_introspection_cppExport-noconfig.cmake
-- Installing: /voiture2A-ros/install/icm20948_driver/share/icm20948_driver/cmake/icm20948_driver__rosidl_typesupport_cppExport.cmake
-- Installing: /voiture2A-ros/install/icm20948_driver/share/icm20948_driver/cmake/icm20948_driver__rosidl_typesupport_cppExport-noconfig.cmake
-- Installing: /voiture2A-ros/install/icm20948_driver/share/icm20948_driver/cmake/export_icm20948_driver__rosidl_generator_pyExport.cmake
-- Installing: /voiture2A-ros/install/icm20948_driver/share/icm20948_driver/cmake/export_icm20948_driver__rosidl_generator_pyExport-noconfig.cmake
-- Installing: /voiture2A-ros/install/icm20948_driver/share/icm20948_driver/cmake/rosidl_cmake-extras.cmake
-- Installing: /voiture2A-ros/install/icm20948_driver/share/icm20948_driver/cmake/ament_cmake_export_dependencies-extras.cmake
-- Installing: /voiture2A-ros/install/icm20948_driver/share/icm20948_driver/cmake/ament_cmake_export_include_directories-extras.cmake
-- Installing: /voiture2A-ros/install/icm20948_driver/share/icm20948_driver/cmake/ament_cmake_export_libraries-extras.cmake
-- Installing: /voiture2A-ros/install/icm20948_driver/share/icm20948_driver/cmake/ament_cmake_export_targets-extras.cmake
-- Installing: /voiture2A-ros/install/icm20948_driver/share/icm20948_driver/cmake/rosidl_cmake_export_typesupport_targets-extras.cmake
-- Installing: /voiture2A-ros/install/icm20948_driver/share/icm20948_driver/cmake/rosidl_cmake_export_typesupport_libraries-extras.cmake
-- Installing: /voiture2A-ros/install/icm20948_driver/share/icm20948_driver/cmake/icm20948_driverConfig.cmake
-- Installing: /voiture2A-ros/install/icm20948_driver/share/icm20948_driver/cmake/icm20948_driverConfig-version.cmake
-- Installing: /voiture2A-ros/install/icm20948_driver/share/icm20948_driver/package.xml
