[0.084s] Invoking command in '/voiture2A-ros/build/icm20948_driver': CMAKE_PREFIX_PATH=/opt/ros/rolling /usr/bin/cmake /voiture2A-ros/src/icm20948_driver -DCMAKE_INSTALL_PREFIX=/voiture2A-ros/install/icm20948_driver
[1.164s] -- The C compiler identification is GNU 11.4.0
[1.471s] -- The CXX compiler identification is GNU 11.4.0
[1.532s] -- Detecting C compiler ABI info
[2.437s] -- Detecting C compiler ABI info - done
[2.486s] -- Check for working C compiler: /usr/bin/cc - skipped
[2.487s] -- Detecting C compile features
[2.488s] -- Detecting C compile features - done
[2.504s] -- Detecting CXX compiler ABI info
[3.396s] -- Detecting CXX compiler ABI info - done
[3.444s] -- Check for working CXX compiler: /usr/bin/c++ - skipped
[3.446s] -- Detecting CXX compile features
[3.449s] -- Detecting CXX compile features - done
[3.465s] -- Found ament_cmake: 2.3.2 (/opt/ros/rolling/share/ament_cmake/cmake)
[5.004s] -- Found Python3: /usr/bin/python3.10 (found version "3.10.12") found components: Interpreter 
[5.508s] -- Found rclcpp: 27.0.0 (/opt/ros/rolling/share/rclcpp/cmake)
[5.640s] -- Found rosidl_generator_c: 4.5.1 (/opt/ros/rolling/share/rosidl_generator_c/cmake)
[5.692s] -- Found rosidl_generator_cpp: 4.5.1 (/opt/ros/rolling/share/rosidl_generator_cpp/cmake)
[5.766s] -- Using all available rosidl_typesupport_c: rosidl_typesupport_fastrtps_c;rosidl_typesupport_introspection_c
[5.861s] -- Using all available rosidl_typesupport_cpp: rosidl_typesupport_fastrtps_cpp;rosidl_typesupport_introspection_cpp
[6.745s] -- Found rmw_implementation_cmake: 7.3.0 (/opt/ros/rolling/share/rmw_implementation_cmake/cmake)
[6.753s] -- Found rmw_fastrtps_cpp: 8.2.0 (/opt/ros/rolling/share/rmw_fastrtps_cpp/cmake)
[7.475s] -- Found OpenSSL: /usr/lib/aarch64-linux-gnu/libcrypto.so (found version "3.0.2")  
[7.553s] -- Found FastRTPS: /opt/ros/rolling/include  
[7.703s] -- Using RMW implementation 'rmw_fastrtps_cpp' as default
[8.726s] -- Found rosidl_default_generators: 1.6.0 (/opt/ros/rolling/share/rosidl_default_generators/cmake)
[8.772s] -- Found rosidl_adapter: 4.5.1 (/opt/ros/rolling/share/rosidl_adapter/cmake)
[8.796s] -- Found std_msgs: 5.3.0 (/opt/ros/rolling/share/std_msgs/cmake)
[8.987s] -- Found geometry_msgs: 5.3.0 (/opt/ros/rolling/share/geometry_msgs/cmake)
[11.837s] -- Found ament_cmake_ros: 0.12.0 (/opt/ros/rolling/share/ament_cmake_ros/cmake)
[15.015s] -- Using all available rosidl_typesupport_c: rosidl_typesupport_fastrtps_c;rosidl_typesupport_introspection_c
[16.270s] -- Using all available rosidl_typesupport_cpp: rosidl_typesupport_fastrtps_cpp;rosidl_typesupport_introspection_cpp
[16.467s] -- Found PythonInterp: /usr/bin/python3 (found suitable version "3.10.12", minimum required is "3.6") 
[16.471s] -- Found python_cmake_module: 0.11.0 (/opt/ros/rolling/share/python_cmake_module/cmake)
[16.684s] -- Found PythonLibs: /usr/lib/aarch64-linux-gnu/libpython3.10.so (found suitable version "3.10.12", minimum required is "3.5") 
[16.685s] -- Using PYTHON_EXECUTABLE: /usr/bin/python3
[16.685s] -- Using PYTHON_INCLUDE_DIRS: /usr/include/python3.10
[16.685s] -- Using PYTHON_LIBRARIES: /usr/lib/aarch64-linux-gnu/libpython3.10.so
[16.886s] -- Found PythonExtra: .so  
[17.364s] -- Configuring done
[17.638s] -- Generating done
[17.746s] -- Build files have been written to: /voiture2A-ros/build/icm20948_driver
[17.800s] Invoked command in '/voiture2A-ros/build/icm20948_driver' returned '0': CMAKE_PREFIX_PATH=/opt/ros/rolling /usr/bin/cmake /voiture2A-ros/src/icm20948_driver -DCMAKE_INSTALL_PREFIX=/voiture2A-ros/install/icm20948_driver
[17.807s] Invoking command in '/voiture2A-ros/build/icm20948_driver': CMAKE_PREFIX_PATH=/opt/ros/rolling /usr/bin/cmake --build /voiture2A-ros/build/icm20948_driver -- -j16 -l16
[18.450s] [  1%] Generating type hashes for ROS interfaces
[18.452s] [  3%] Building C object Fusion/CMakeFiles/Fusion.dir/FusionAhrs.c.o
[18.457s] [  4%] Building C object Fusion/CMakeFiles/Fusion.dir/FusionOffset.c.o
[18.483s] [  6%] Building C object Fusion/CMakeFiles/Fusion.dir/FusionCompass.c.o
[18.548s] [  6%] Built target ament_cmake_python_copy_icm20948_driver
[19.587s] [  8%] Linking C static library libFusion.a
[19.911s] running egg_info
[19.914s] creating icm20948_driver.egg-info
[19.915s] writing icm20948_driver.egg-info/PKG-INFO
[19.916s] writing dependency_links to icm20948_driver.egg-info/dependency_links.txt
[19.917s] writing top-level names to icm20948_driver.egg-info/top_level.txt
[19.918s] writing manifest file 'icm20948_driver.egg-info/SOURCES.txt'
[19.928s] reading manifest file 'icm20948_driver.egg-info/SOURCES.txt'
[19.930s] writing manifest file 'icm20948_driver.egg-info/SOURCES.txt'
[19.980s] [  8%] Built target Fusion
[20.067s] [  8%] Built target ament_cmake_python_build_icm20948_driver_egg
[20.258s] [  8%] Built target icm20948_driver__rosidl_generator_type_description
[20.395s] [  9%] Generating C code for ROS interfaces
[20.538s] [ 11%] Generating C++ code for ROS interfaces
[23.351s] [ 11%] Built target icm20948_driver__cpp
[24.106s] [ 13%] Building C object CMakeFiles/icm20948_driver__rosidl_generator_c.dir/rosidl_generator_c/icm20948_driver/msg/detail/rpy__description.c.o
[24.111s] [ 16%] Building C object CMakeFiles/icm20948_driver__rosidl_generator_c.dir/rosidl_generator_c/icm20948_driver/msg/detail/rpy__type_support.c.o
[24.113s] [ 16%] Building C object CMakeFiles/icm20948_driver__rosidl_generator_c.dir/rosidl_generator_c/icm20948_driver/msg/detail/raw_data__type_support.c.o
[24.113s] [ 18%] Building C object CMakeFiles/icm20948_driver__rosidl_generator_c.dir/rosidl_generator_c/icm20948_driver/msg/detail/raw_data__functions.c.o
[24.117s] [ 21%] Building C object CMakeFiles/icm20948_driver__rosidl_generator_c.dir/rosidl_generator_c/icm20948_driver/msg/detail/debug_fusion__description.c.o
[24.118s] [ 21%] Building C object CMakeFiles/icm20948_driver__rosidl_generator_c.dir/rosidl_generator_c/icm20948_driver/msg/detail/raw_data__description.c.o
[24.125s] [ 24%] Building C object CMakeFiles/icm20948_driver__rosidl_generator_c.dir/rosidl_generator_c/icm20948_driver/msg/detail/rpy__functions.c.o
[24.126s] [ 24%] Building C object CMakeFiles/icm20948_driver__rosidl_generator_c.dir/rosidl_generator_c/icm20948_driver/msg/detail/debug_fusion__type_support.c.o
[24.136s] [ 26%] Building C object CMakeFiles/icm20948_driver__rosidl_generator_c.dir/rosidl_generator_c/icm20948_driver/msg/detail/debug_fusion__functions.c.o
[25.393s] [ 27%] Linking C shared library libicm20948_driver__rosidl_generator_c.so
[25.886s] [ 27%] Built target icm20948_driver__rosidl_generator_c
[26.100s] [ 29%] Generating C++ type support dispatch for ROS interfaces
[26.109s] [ 31%] Generating C type support for eProsima Fast-RTPS
[26.121s] [ 32%] Generating C++ type support for eProsima Fast-RTPS
[26.124s] [ 34%] Generating C type support dispatch for ROS interfaces
[26.127s] [ 36%] Generating C introspection for ROS interfaces
[26.146s] [ 37%] Generating C++ introspection for ROS interfaces
[30.739s] [ 39%] Building CXX object CMakeFiles/icm20948_driver__rosidl_typesupport_cpp.dir/rosidl_typesupport_cpp/icm20948_driver/msg/rpy__type_support.cpp.o
[30.779s] [ 42%] Building CXX object CMakeFiles/icm20948_driver__rosidl_typesupport_cpp.dir/rosidl_typesupport_cpp/icm20948_driver/msg/debug_fusion__type_support.cpp.o
[30.780s] [ 42%] Building CXX object CMakeFiles/icm20948_driver__rosidl_typesupport_cpp.dir/rosidl_typesupport_cpp/icm20948_driver/msg/raw_data__type_support.cpp.o
[31.307s] [ 44%] Building CXX object CMakeFiles/icm20948_driver__rosidl_typesupport_c.dir/rosidl_typesupport_c/icm20948_driver/msg/raw_data__type_support.cpp.o
[31.361s] [ 45%] Building CXX object CMakeFiles/icm20948_driver__rosidl_typesupport_c.dir/rosidl_typesupport_c/icm20948_driver/msg/rpy__type_support.cpp.o
[31.380s] [ 47%] Building CXX object CMakeFiles/icm20948_driver__rosidl_typesupport_c.dir/rosidl_typesupport_c/icm20948_driver/msg/debug_fusion__type_support.cpp.o
[31.657s] [ 49%] Building CXX object CMakeFiles/icm20948_driver__rosidl_typesupport_introspection_cpp.dir/rosidl_typesupport_introspection_cpp/icm20948_driver/msg/detail/raw_data__type_support.cpp.o
[31.665s] [ 50%] Building CXX object CMakeFiles/icm20948_driver__rosidl_typesupport_introspection_cpp.dir/rosidl_typesupport_introspection_cpp/icm20948_driver/msg/detail/debug_fusion__type_support.cpp.o
[31.676s] [ 52%] Building CXX object CMakeFiles/icm20948_driver__rosidl_typesupport_introspection_cpp.dir/rosidl_typesupport_introspection_cpp/icm20948_driver/msg/detail/rpy__type_support.cpp.o
[32.212s] [ 54%] Building CXX object CMakeFiles/icm20948_driver__rosidl_typesupport_fastrtps_c.dir/rosidl_typesupport_fastrtps_c/icm20948_driver/msg/detail/rpy__type_support_c.cpp.o
[32.289s] [ 55%] Building CXX object CMakeFiles/icm20948_driver__rosidl_typesupport_fastrtps_c.dir/rosidl_typesupport_fastrtps_c/icm20948_driver/msg/detail/raw_data__type_support_c.cpp.o
[32.332s] [ 57%] Building CXX object CMakeFiles/icm20948_driver__rosidl_typesupport_fastrtps_c.dir/rosidl_typesupport_fastrtps_c/icm20948_driver/msg/detail/debug_fusion__type_support_c.cpp.o
[32.333s] [ 59%] Building C object CMakeFiles/icm20948_driver__rosidl_typesupport_introspection_c.dir/rosidl_typesupport_introspection_c/icm20948_driver/msg/detail/debug_fusion__type_support.c.o
[32.368s] [ 60%] Building C object CMakeFiles/icm20948_driver__rosidl_typesupport_introspection_c.dir/rosidl_typesupport_introspection_c/icm20948_driver/msg/detail/rpy__type_support.c.o
[32.392s] [ 62%] Building C object CMakeFiles/icm20948_driver__rosidl_typesupport_introspection_c.dir/rosidl_typesupport_introspection_c/icm20948_driver/msg/detail/raw_data__type_support.c.o
[34.047s] [ 63%] Linking CXX shared library libicm20948_driver__rosidl_typesupport_c.so
[34.420s] [ 65%] Building CXX object CMakeFiles/icm20948_driver__rosidl_typesupport_fastrtps_cpp.dir/rosidl_typesupport_fastrtps_cpp/icm20948_driver/msg/detail/dds_fastrtps/rpy__type_support.cpp.o
[34.438s] [ 67%] Building CXX object CMakeFiles/icm20948_driver__rosidl_typesupport_fastrtps_cpp.dir/rosidl_typesupport_fastrtps_cpp/icm20948_driver/msg/detail/dds_fastrtps/raw_data__type_support.cpp.o
[34.450s] [ 68%] Building CXX object CMakeFiles/icm20948_driver__rosidl_typesupport_fastrtps_cpp.dir/rosidl_typesupport_fastrtps_cpp/icm20948_driver/msg/detail/dds_fastrtps/debug_fusion__type_support.cpp.o
[34.485s] [ 70%] Linking C shared library libicm20948_driver__rosidl_typesupport_introspection_c.so
[35.164s] [ 70%] Built target icm20948_driver__rosidl_typesupport_c
[35.618s] [ 70%] Built target icm20948_driver__rosidl_typesupport_introspection_c
[42.832s] [ 72%] Linking CXX shared library libicm20948_driver__rosidl_typesupport_cpp.so
[43.427s] [ 72%] Built target icm20948_driver__rosidl_typesupport_cpp
[43.821s] [ 73%] Linking CXX shared library libicm20948_driver__rosidl_typesupport_introspection_cpp.so
[43.845s] [ 75%] Linking CXX shared library libicm20948_driver__rosidl_typesupport_fastrtps_c.so
[43.865s] [ 77%] Building CXX object CMakeFiles/icm20948.dir/src/icm20948_node.cpp.o
[43.871s] [ 78%] Building CXX object CMakeFiles/icm20948.dir/src/icm20948.cpp.o
[44.571s] [ 78%] Built target icm20948_driver__rosidl_typesupport_introspection_cpp
[44.634s] [ 78%] Built target icm20948_driver__rosidl_typesupport_fastrtps_c
[46.311s] [ 80%] Linking CXX shared library libicm20948_driver__rosidl_typesupport_fastrtps_cpp.so
[46.849s] [ 80%] Built target icm20948_driver__rosidl_typesupport_fastrtps_cpp
[47.135s] [ 80%] Built target icm20948_driver
[47.343s] /voiture2A-ros/src/icm20948_driver/src/icm20948.cpp: In member function ‘std::vector<unsigned char> ICM20948::read_i2c_AK09916_data(const uint8_t&, const uint32_t&)’:
[47.344s] /voiture2A-ros/src/icm20948_driver/src/icm20948.cpp:477:17: warning: comparison of integer expressions of different signedness: ‘int’ and ‘const uint32_t’ {aka ‘const unsigned int’} [-Wsign-compare]
[47.344s]   477 |     if (nb_read != len) {
[47.345s]       |         ~~~~~~~~^~~~~~
[47.351s] /voiture2A-ros/src/icm20948_driver/src/icm20948.cpp: In member function ‘int ICM20948::read_i2c_AK09916_byte(const uint8_t&, uint8_t&)’:
[47.352s] /voiture2A-ros/src/icm20948_driver/src/icm20948.cpp:488:16: warning: comparison is always false due to limited range of data type [-Wtype-limits]
[47.353s]   488 |         if(data<0){
[47.354s]       |            ~~~~^~
[47.367s] /voiture2A-ros/src/icm20948_driver/src/icm20948.cpp: In member function ‘std::vector<unsigned char> ICM20948::readRegister(const uint8_t&, const uint32_t&)’:
[47.368s] /voiture2A-ros/src/icm20948_driver/src/icm20948.cpp:553:81: warning: comparison of integer expressions of different signedness: ‘__s32’ {aka ‘int’} and ‘const uint32_t’ {aka ‘const unsigned int’} [-Wsign-compare]
[47.369s]   553 |         if (i2c_smbus_read_i2c_block_data(bus_fd_, reg, len, dataVector.data()) != len) {
[47.370s]       |             ~~~~~~~~~~~~~~~~~~~~~~~~~~~~~~~~~~~~~~~~~~~~~~~~~~~~~~~~~~~~~~~~~~~~^~~~~~
[47.374s] /voiture2A-ros/src/icm20948_driver/src/icm20948.cpp:566:17: warning: C++ designated initializers only available with ‘-std=c++20’ or ‘-std=gnu++20’ [-Wpedantic]
[47.375s]   566 |                 .tx_buf = (unsigned long) tx.data(),
[47.376s]       |                 ^
[47.377s] /voiture2A-ros/src/icm20948_driver/src/icm20948.cpp:567:17: warning: C++ designated initializers only available with ‘-std=c++20’ or ‘-std=gnu++20’ [-Wpedantic]
[47.378s]   567 |                 .rx_buf = (unsigned long) rx.data(),
[47.379s]       |                 ^
[47.379s] /voiture2A-ros/src/icm20948_driver/src/icm20948.cpp:568:17: warning: C++ designated initializers only available with ‘-std=c++20’ or ‘-std=gnu++20’ [-Wpedantic]
[47.380s]   568 |                 .len = len + 1,
[47.381s]       |                 ^
[47.382s] /voiture2A-ros/src/icm20948_driver/src/icm20948.cpp:569:17: warning: C++ designated initializers only available with ‘-std=c++20’ or ‘-std=gnu++20’ [-Wpedantic]
[47.383s]   569 |                 .speed_hz = speed_,
[47.384s]       |                 ^
[47.385s] /voiture2A-ros/src/icm20948_driver/src/icm20948.cpp:570:17: warning: C++ designated initializers only available with ‘-std=c++20’ or ‘-std=gnu++20’ [-Wpedantic]
[47.386s]   570 |                 .delay_usecs = delay_usecs_,
[47.387s]       |                 ^
[47.388s] /voiture2A-ros/src/icm20948_driver/src/icm20948.cpp:571:17: warning: C++ designated initializers only available with ‘-std=c++20’ or ‘-std=gnu++20’ [-Wpedantic]
[47.389s]   571 |                 .bits_per_word = 8,
[47.390s]       |                 ^
[47.391s] /voiture2A-ros/src/icm20948_driver/src/icm20948.cpp:573:9: warning: missing initializer for member ‘spi_ioc_transfer::cs_change’ [-Wmissing-field-initializers]
[47.392s]   573 |         };
[47.393s]       |         ^
[47.393s] /voiture2A-ros/src/icm20948_driver/src/icm20948.cpp:573:9: warning: missing initializer for member ‘spi_ioc_transfer::tx_nbits’ [-Wmissing-field-initializers]
[47.394s] /voiture2A-ros/src/icm20948_driver/src/icm20948.cpp:573:9: warning: missing initializer for member ‘spi_ioc_transfer::rx_nbits’ [-Wmissing-field-initializers]
[47.395s] /voiture2A-ros/src/icm20948_driver/src/icm20948.cpp:573:9: warning: missing initializer for member ‘spi_ioc_transfer::word_delay_usecs’ [-Wmissing-field-initializers]
[47.396s] /voiture2A-ros/src/icm20948_driver/src/icm20948.cpp:573:9: warning: missing initializer for member ‘spi_ioc_transfer::pad’ [-Wmissing-field-initializers]
[47.400s] /voiture2A-ros/src/icm20948_driver/src/icm20948.cpp: In member function ‘int ICM20948::writeRegister(const uint8_t&, const std::vector<unsigned char>&)’:
[47.401s] /voiture2A-ros/src/icm20948_driver/src/icm20948.cpp:622:17: warning: C++ designated initializers only available with ‘-std=c++20’ or ‘-std=gnu++20’ [-Wpedantic]
[47.402s]   622 |                 .tx_buf = (unsigned long) tx.data(),
[47.403s]       |                 ^
[47.404s] /voiture2A-ros/src/icm20948_driver/src/icm20948.cpp:623:17: warning: C++ designated initializers only available with ‘-std=c++20’ or ‘-std=gnu++20’ [-Wpedantic]
[47.405s]   623 |                 .rx_buf = (unsigned long) rx.data(),
[47.406s]       |                 ^
[47.407s] /voiture2A-ros/src/icm20948_driver/src/icm20948.cpp:624:17: warning: C++ designated initializers only available with ‘-std=c++20’ or ‘-std=gnu++20’ [-Wpedantic]
[47.408s]   624 |                 .len = static_cast<__u32>(data.size() + 1),
[47.409s]       |                 ^
[47.409s] /voiture2A-ros/src/icm20948_driver/src/icm20948.cpp:625:17: warning: C++ designated initializers only available with ‘-std=c++20’ or ‘-std=gnu++20’ [-Wpedantic]
[47.410s]   625 |                 .speed_hz = speed_,
[47.411s]       |                 ^
[47.412s] /voiture2A-ros/src/icm20948_driver/src/icm20948.cpp:626:17: warning: C++ designated initializers only available with ‘-std=c++20’ or ‘-std=gnu++20’ [-Wpedantic]
[47.413s]   626 |                 .delay_usecs = delay_usecs_,
[47.414s]       |                 ^
[47.415s] /voiture2A-ros/src/icm20948_driver/src/icm20948.cpp:627:17: warning: C++ designated initializers only available with ‘-std=c++20’ or ‘-std=gnu++20’ [-Wpedantic]
[47.416s]   627 |                 .bits_per_word = 8
[47.417s]       |                 ^
[47.417s] /voiture2A-ros/src/icm20948_driver/src/icm20948.cpp:628:9: warning: missing initializer for member ‘spi_ioc_transfer::cs_change’ [-Wmissing-field-initializers]
[47.418s]   628 |         };
[47.419s]       |         ^
[47.420s] /voiture2A-ros/src/icm20948_driver/src/icm20948.cpp:628:9: warning: missing initializer for member ‘spi_ioc_transfer::tx_nbits’ [-Wmissing-field-initializers]
[47.421s] /voiture2A-ros/src/icm20948_driver/src/icm20948.cpp:628:9: warning: missing initializer for member ‘spi_ioc_transfer::rx_nbits’ [-Wmissing-field-initializers]
[47.422s] /voiture2A-ros/src/icm20948_driver/src/icm20948.cpp:628:9: warning: missing initializer for member ‘spi_ioc_transfer::word_delay_usecs’ [-Wmissing-field-initializers]
[47.423s] /voiture2A-ros/src/icm20948_driver/src/icm20948.cpp:628:9: warning: missing initializer for member ‘spi_ioc_transfer::pad’ [-Wmissing-field-initializers]
[47.425s] [ 81%] Generating Python code for ROS interfaces
[51.687s] [ 81%] Built target icm20948_driver__py
[52.126s] [ 86%] Building C object CMakeFiles/icm20948_driver__rosidl_generator_py.dir/rosidl_generator_py/icm20948_driver/msg/_raw_data_s.c.o
[52.127s] [ 86%] Building C object CMakeFiles/icm20948_driver__rosidl_generator_py.dir/rosidl_generator_py/icm20948_driver/msg/_debug_fusion_s.c.o
[52.128s] [ 86%] Building C object CMakeFiles/icm20948_driver__rosidl_generator_py.dir/rosidl_generator_py/icm20948_driver/msg/_rpy_s.c.o
[53.769s] [ 88%] Linking C shared library libicm20948_driver__rosidl_generator_py.so
[54.169s] [ 88%] Built target icm20948_driver__rosidl_generator_py
[54.458s] [ 93%] Building C object CMakeFiles/icm20948_driver__rosidl_typesupport_introspection_c__pyext.dir/rosidl_generator_py/icm20948_driver/_icm20948_driver_s.ep.rosidl_typesupport_introspection_c.c.o
[54.458s] [ 93%] Building C object CMakeFiles/icm20948_driver__rosidl_typesupport_c__pyext.dir/rosidl_generator_py/icm20948_driver/_icm20948_driver_s.ep.rosidl_typesupport_c.c.o
[54.459s] [ 93%] Building C object CMakeFiles/icm20948_driver__rosidl_typesupport_fastrtps_c__pyext.dir/rosidl_generator_py/icm20948_driver/_icm20948_driver_s.ep.rosidl_typesupport_fastrtps_c.c.o
[55.485s] [ 95%] Linking C shared library icm20948_driver_s__rosidl_typesupport_fastrtps_c.cpython-310-aarch64-linux-gnu.so
[55.490s] [ 96%] Linking C shared library icm20948_driver_s__rosidl_typesupport_c.cpython-310-aarch64-linux-gnu.so
[55.497s] [ 98%] Linking C shared library icm20948_driver_s__rosidl_typesupport_introspection_c.cpython-310-aarch64-linux-gnu.so
[55.881s] [ 98%] Built target icm20948_driver__rosidl_typesupport_fastrtps_c__pyext
[55.887s] [ 98%] Built target icm20948_driver__rosidl_typesupport_c__pyext
[55.896s] [ 98%] Built target icm20948_driver__rosidl_typesupport_introspection_c__pyext
[61.642s] In file included from /voiture2A-ros/src/icm20948_driver/Fusion/FusionAhrs.h:15,
[61.643s]                  from /voiture2A-ros/src/icm20948_driver/Fusion/Fusion.h:18,
[61.645s]                  from /voiture2A-ros/src/icm20948_driver/include/icm20948_driver/icm20948_node.h:14,
[61.650s]                  from /voiture2A-ros/src/icm20948_driver/src/icm20948_node.cpp:2:
[61.650s] /voiture2A-ros/src/icm20948_driver/Fusion/FusionMath.h: In function ‘float FusionFastInverseSqrt(float)’:
[61.651s] /voiture2A-ros/src/icm20948_driver/Fusion/FusionMath.h:176:24: warning: C++ designated initializers only available with ‘-std=c++20’ or ‘-std=gnu++20’ [-Wpedantic]
[61.654s]   176 |     Union32 union32 = {.f = x};
[61.655s]       |                        ^
[61.655s] /voiture2A-ros/src/icm20948_driver/Fusion/FusionMath.h: In function ‘FusionVector FusionVectorAdd(FusionVector, FusionVector)’:
[61.656s] /voiture2A-ros/src/icm20948_driver/Fusion/FusionMath.h:202:34: warning: C++ designated initializers only available with ‘-std=c++20’ or ‘-std=gnu++20’ [-Wpedantic]
[61.657s]   202 |     const FusionVector result = {.axis = {
[61.657s]       |                                  ^
[61.658s] /voiture2A-ros/src/icm20948_driver/Fusion/FusionMath.h:203:13: warning: C++ designated initializers only available with ‘-std=c++20’ or ‘-std=gnu++20’ [-Wpedantic]
[61.660s]   203 |             .x = vectorA.axis.x + vectorB.axis.x,
[61.661s]       |             ^
[61.661s] /voiture2A-ros/src/icm20948_driver/Fusion/FusionMath.h:204:13: warning: C++ designated initializers only available with ‘-std=c++20’ or ‘-std=gnu++20’ [-Wpedantic]
[61.663s]   204 |             .y = vectorA.axis.y + vectorB.axis.y,
[61.663s]       |             ^
[61.664s] /voiture2A-ros/src/icm20948_driver/Fusion/FusionMath.h:205:13: warning: C++ designated initializers only available with ‘-std=c++20’ or ‘-std=gnu++20’ [-Wpedantic]
[61.664s]   205 |             .z = vectorA.axis.z + vectorB.axis.z,
[61.665s]       |             ^
[61.666s] /voiture2A-ros/src/icm20948_driver/Fusion/FusionMath.h: In function ‘FusionVector FusionVectorSubtract(FusionVector, FusionVector)’:
[61.666s] /voiture2A-ros/src/icm20948_driver/Fusion/FusionMath.h:217:34: warning: C++ designated initializers only available with ‘-std=c++20’ or ‘-std=gnu++20’ [-Wpedantic]
[61.666s]   217 |     const FusionVector result = {.axis = {
[61.667s]       |                                  ^
[61.667s] /voiture2A-ros/src/icm20948_driver/Fusion/FusionMath.h:218:13: warning: C++ designated initializers only available with ‘-std=c++20’ or ‘-std=gnu++20’ [-Wpedantic]
[61.667s]   218 |             .x = vectorA.axis.x - vectorB.axis.x,
[61.667s]       |             ^
[61.668s] /voiture2A-ros/src/icm20948_driver/Fusion/FusionMath.h:219:13: warning: C++ designated initializers only available with ‘-std=c++20’ or ‘-std=gnu++20’ [-Wpedantic]
[61.668s]   219 |             .y = vectorA.axis.y - vectorB.axis.y,
[61.668s]       |             ^
[61.669s] /voiture2A-ros/src/icm20948_driver/Fusion/FusionMath.h:220:13: warning: C++ designated initializers only available with ‘-std=c++20’ or ‘-std=gnu++20’ [-Wpedantic]
[61.669s]   220 |             .z = vectorA.axis.z - vectorB.axis.z,
[61.669s]       |             ^
[61.669s] /voiture2A-ros/src/icm20948_driver/Fusion/FusionMath.h: In function ‘FusionVector FusionVectorMultiplyScalar(FusionVector, float)’:
[61.670s] /voiture2A-ros/src/icm20948_driver/Fusion/FusionMath.h:241:34: warning: C++ designated initializers only available with ‘-std=c++20’ or ‘-std=gnu++20’ [-Wpedantic]
[61.670s]   241 |     const FusionVector result = {.axis = {
[61.670s]       |                                  ^
[61.671s] /voiture2A-ros/src/icm20948_driver/Fusion/FusionMath.h:242:13: warning: C++ designated initializers only available with ‘-std=c++20’ or ‘-std=gnu++20’ [-Wpedantic]
[61.671s]   242 |             .x = vector.axis.x * scalar,
[61.671s]       |             ^
[61.671s] /voiture2A-ros/src/icm20948_driver/Fusion/FusionMath.h:243:13: warning: C++ designated initializers only available with ‘-std=c++20’ or ‘-std=gnu++20’ [-Wpedantic]
[61.672s]   243 |             .y = vector.axis.y * scalar,
[61.672s]       |             ^
[61.672s] /voiture2A-ros/src/icm20948_driver/Fusion/FusionMath.h:244:13: warning: C++ designated initializers only available with ‘-std=c++20’ or ‘-std=gnu++20’ [-Wpedantic]
[61.673s]   244 |             .z = vector.axis.z * scalar,
[61.673s]       |             ^
[61.673s] /voiture2A-ros/src/icm20948_driver/Fusion/FusionMath.h: In function ‘FusionVector FusionVectorHadamardProduct(FusionVector, FusionVector)’:
[61.673s] /voiture2A-ros/src/icm20948_driver/Fusion/FusionMath.h:256:34: warning: C++ designated initializers only available with ‘-std=c++20’ or ‘-std=gnu++20’ [-Wpedantic]
[61.674s]   256 |     const FusionVector result = {.axis = {
[61.674s]       |                                  ^
[61.674s] /voiture2A-ros/src/icm20948_driver/Fusion/FusionMath.h:257:13: warning: C++ designated initializers only available with ‘-std=c++20’ or ‘-std=gnu++20’ [-Wpedantic]
[61.675s]   257 |             .x = vectorA.axis.x * vectorB.axis.x,
[61.675s]       |             ^
[61.675s] /voiture2A-ros/src/icm20948_driver/Fusion/FusionMath.h:258:13: warning: C++ designated initializers only available with ‘-std=c++20’ or ‘-std=gnu++20’ [-Wpedantic]
[61.675s]   258 |             .y = vectorA.axis.y * vectorB.axis.y,
[61.676s]       |             ^
[61.676s] /voiture2A-ros/src/icm20948_driver/Fusion/FusionMath.h:259:13: warning: C++ designated initializers only available with ‘-std=c++20’ or ‘-std=gnu++20’ [-Wpedantic]
[61.676s]   259 |             .z = vectorA.axis.z * vectorB.axis.z,
[61.676s]       |             ^
[61.677s] /voiture2A-ros/src/icm20948_driver/Fusion/FusionMath.h: In function ‘FusionVector FusionVectorCrossProduct(FusionVector, FusionVector)’:
[61.677s] /voiture2A-ros/src/icm20948_driver/Fusion/FusionMath.h:273:34: warning: C++ designated initializers only available with ‘-std=c++20’ or ‘-std=gnu++20’ [-Wpedantic]
[61.677s]   273 |     const FusionVector result = {.axis = {
[61.677s]       |                                  ^
[61.678s] /voiture2A-ros/src/icm20948_driver/Fusion/FusionMath.h:274:13: warning: C++ designated initializers only available with ‘-std=c++20’ or ‘-std=gnu++20’ [-Wpedantic]
[61.678s]   274 |             .x = A.y * B.z - A.z * B.y,
[61.678s]       |             ^
[61.679s] /voiture2A-ros/src/icm20948_driver/Fusion/FusionMath.h:275:13: warning: C++ designated initializers only available with ‘-std=c++20’ or ‘-std=gnu++20’ [-Wpedantic]
[61.679s]   275 |             .y = A.z * B.x - A.x * B.z,
[61.679s]       |             ^
[61.679s] /voiture2A-ros/src/icm20948_driver/Fusion/FusionMath.h:276:13: warning: C++ designated initializers only available with ‘-std=c++20’ or ‘-std=gnu++20’ [-Wpedantic]
[61.680s]   276 |             .z = A.x * B.y - A.y * B.x,
[61.680s]       |             ^
[61.680s] /voiture2A-ros/src/icm20948_driver/Fusion/FusionMath.h: In function ‘FusionQuaternion FusionQuaternionAdd(FusionQuaternion, FusionQuaternion)’:
[61.681s] /voiture2A-ros/src/icm20948_driver/Fusion/FusionMath.h:335:38: warning: C++ designated initializers only available with ‘-std=c++20’ or ‘-std=gnu++20’ [-Wpedantic]
[61.681s]   335 |     const FusionQuaternion result = {.element = {
[61.681s]       |                                      ^
[61.681s] /voiture2A-ros/src/icm20948_driver/Fusion/FusionMath.h:336:13: warning: C++ designated initializers only available with ‘-std=c++20’ or ‘-std=gnu++20’ [-Wpedantic]
[61.682s]   336 |             .w = quaternionA.element.w + quaternionB.element.w,
[61.682s]       |             ^
[61.682s] /voiture2A-ros/src/icm20948_driver/Fusion/FusionMath.h:337:13: warning: C++ designated initializers only available with ‘-std=c++20’ or ‘-std=gnu++20’ [-Wpedantic]
[61.683s]   337 |             .x = quaternionA.element.x + quaternionB.element.x,
[61.683s]       |             ^
[61.683s] /voiture2A-ros/src/icm20948_driver/Fusion/FusionMath.h:338:13: warning: C++ designated initializers only available with ‘-std=c++20’ or ‘-std=gnu++20’ [-Wpedantic]
[61.683s]   338 |             .y = quaternionA.element.y + quaternionB.element.y,
[61.684s]       |             ^
[61.684s] /voiture2A-ros/src/icm20948_driver/Fusion/FusionMath.h:339:13: warning: C++ designated initializers only available with ‘-std=c++20’ or ‘-std=gnu++20’ [-Wpedantic]
[61.684s]   339 |             .z = quaternionA.element.z + quaternionB.element.z,
[61.684s]       |             ^
[61.685s] In file included from /voiture2A-ros/src/icm20948_driver/Fusion/FusionAhrs.h:15,
[61.685s]                  from /voiture2A-ros/src/icm20948_driver/Fusion/Fusion.h:18,
[61.685s]                  from /voiture2A-ros/src/icm20948_driver/include/icm20948_driver/icm20948_node.h:14,
[61.685s]                  from /voiture2A-ros/src/icm20948_driver/src/icm20948_node.cpp:2:
[61.686s] /voiture2A-ros/src/icm20948_driver/Fusion/FusionMath.h: In function ‘FusionQuaternion FusionQuaternionMultiply(FusionQuaternion, FusionQuaternion)’:
[61.686s] /voiture2A-ros/src/icm20948_driver/Fusion/FusionMath.h:353:38: warning: C++ designated initializers only available with ‘-std=c++20’ or ‘-std=gnu++20’ [-Wpedantic]
[61.686s]   353 |     const FusionQuaternion result = {.element = {
[61.687s]       |                                      ^
[61.687s] /voiture2A-ros/src/icm20948_driver/Fusion/FusionMath.h:354:13: warning: C++ designated initializers only available with ‘-std=c++20’ or ‘-std=gnu++20’ [-Wpedantic]
[61.687s]   354 |             .w = A.w * B.w - A.x * B.x - A.y * B.y - A.z * B.z,
[61.687s]       |             ^
[61.688s] /voiture2A-ros/src/icm20948_driver/Fusion/FusionMath.h:355:13: warning: C++ designated initializers only available with ‘-std=c++20’ or ‘-std=gnu++20’ [-Wpedantic]
[61.688s]   355 |             .x = A.w * B.x + A.x * B.w + A.y * B.z - A.z * B.y,
[61.688s]       |             ^
[61.688s] /voiture2A-ros/src/icm20948_driver/Fusion/FusionMath.h:356:13: warning: C++ designated initializers only available with ‘-std=c++20’ or ‘-std=gnu++20’ [-Wpedantic]
[61.689s]   356 |             .y = A.w * B.y - A.x * B.z + A.y * B.w + A.z * B.x,
[61.689s]       |             ^
[61.689s] /voiture2A-ros/src/icm20948_driver/Fusion/FusionMath.h:357:13: warning: C++ designated initializers only available with ‘-std=c++20’ or ‘-std=gnu++20’ [-Wpedantic]
[61.689s]   357 |             .z = A.w * B.z + A.x * B.y - A.y * B.x + A.z * B.w,
[61.690s]       |             ^
[61.690s] /voiture2A-ros/src/icm20948_driver/Fusion/FusionMath.h: In function ‘FusionQuaternion FusionQuaternionMultiplyVector(FusionQuaternion, FusionVector)’:
[61.690s] /voiture2A-ros/src/icm20948_driver/Fusion/FusionMath.h:376:38: warning: C++ designated initializers only available with ‘-std=c++20’ or ‘-std=gnu++20’ [-Wpedantic]
[61.691s]   376 |     const FusionQuaternion result = {.element = {
[61.691s]       |                                      ^
[61.691s] /voiture2A-ros/src/icm20948_driver/Fusion/FusionMath.h:377:13: warning: C++ designated initializers only available with ‘-std=c++20’ or ‘-std=gnu++20’ [-Wpedantic]
[61.691s]   377 |             .w = -Q.x * V.x - Q.y * V.y - Q.z * V.z,
[61.692s]       |             ^
[61.692s] /voiture2A-ros/src/icm20948_driver/Fusion/FusionMath.h:378:13: warning: C++ designated initializers only available with ‘-std=c++20’ or ‘-std=gnu++20’ [-Wpedantic]
[61.692s]   378 |             .x = Q.w * V.x + Q.y * V.z - Q.z * V.y,
[61.692s]       |             ^
[61.693s] /voiture2A-ros/src/icm20948_driver/Fusion/FusionMath.h:379:13: warning: C++ designated initializers only available with ‘-std=c++20’ or ‘-std=gnu++20’ [-Wpedantic]
[61.693s]   379 |             .y = Q.w * V.y - Q.x * V.z + Q.z * V.x,
[61.693s]       |             ^
[61.694s] /voiture2A-ros/src/icm20948_driver/Fusion/FusionMath.h:380:13: warning: C++ designated initializers only available with ‘-std=c++20’ or ‘-std=gnu++20’ [-Wpedantic]
[61.694s]   380 |             .z = Q.w * V.z + Q.x * V.y - Q.y * V.x,
[61.694s]       |             ^
[61.694s] /voiture2A-ros/src/icm20948_driver/Fusion/FusionMath.h: In function ‘FusionQuaternion FusionQuaternionNormalise(FusionQuaternion)’:
[61.695s] /voiture2A-ros/src/icm20948_driver/Fusion/FusionMath.h:399:38: warning: C++ designated initializers only available with ‘-std=c++20’ or ‘-std=gnu++20’ [-Wpedantic]
[61.695s]   399 |     const FusionQuaternion result = {.element = {
[61.695s]       |                                      ^
[61.695s] /voiture2A-ros/src/icm20948_driver/Fusion/FusionMath.h:400:13: warning: C++ designated initializers only available with ‘-std=c++20’ or ‘-std=gnu++20’ [-Wpedantic]
[61.696s]   400 |             .w = Q.w * magnitudeReciprocal,
[61.696s]       |             ^
[61.696s] /voiture2A-ros/src/icm20948_driver/Fusion/FusionMath.h:401:13: warning: C++ designated initializers only available with ‘-std=c++20’ or ‘-std=gnu++20’ [-Wpedantic]
[61.697s]   401 |             .x = Q.x * magnitudeReciprocal,
[61.697s]       |             ^
[61.697s] /voiture2A-ros/src/icm20948_driver/Fusion/FusionMath.h:402:13: warning: C++ designated initializers only available with ‘-std=c++20’ or ‘-std=gnu++20’ [-Wpedantic]
[61.697s]   402 |             .y = Q.y * magnitudeReciprocal,
[61.698s]       |             ^
[61.698s] /voiture2A-ros/src/icm20948_driver/Fusion/FusionMath.h:403:13: warning: C++ designated initializers only available with ‘-std=c++20’ or ‘-std=gnu++20’ [-Wpedantic]
[61.698s]   403 |             .z = Q.z * magnitudeReciprocal,
[61.698s]       |             ^
[61.699s] /voiture2A-ros/src/icm20948_driver/Fusion/FusionMath.h: In function ‘FusionVector FusionMatrixMultiplyVector(FusionMatrix, FusionVector)’:
[61.699s] /voiture2A-ros/src/icm20948_driver/Fusion/FusionMath.h:420:34: warning: C++ designated initializers only available with ‘-std=c++20’ or ‘-std=gnu++20’ [-Wpedantic]
[61.699s]   420 |     const FusionVector result = {.axis = {
[61.699s]       |                                  ^
[61.700s] /voiture2A-ros/src/icm20948_driver/Fusion/FusionMath.h:421:13: warning: C++ designated initializers only available with ‘-std=c++20’ or ‘-std=gnu++20’ [-Wpedantic]
[61.700s]   421 |             .x = R.xx * vector.axis.x + R.xy * vector.axis.y + R.xz * vector.axis.z,
[61.700s]       |             ^
[61.701s] /voiture2A-ros/src/icm20948_driver/Fusion/FusionMath.h:422:13: warning: C++ designated initializers only available with ‘-std=c++20’ or ‘-std=gnu++20’ [-Wpedantic]
[61.701s]   422 |             .y = R.yx * vector.axis.x + R.yy * vector.axis.y + R.yz * vector.axis.z,
[61.701s]       |             ^
[61.701s] /voiture2A-ros/src/icm20948_driver/Fusion/FusionMath.h:423:13: warning: C++ designated initializers only available with ‘-std=c++20’ or ‘-std=gnu++20’ [-Wpedantic]
[61.702s]   423 |             .z = R.zx * vector.axis.x + R.zy * vector.axis.y + R.zz * vector.axis.z,
[61.702s]       |             ^
[61.702s] /voiture2A-ros/src/icm20948_driver/Fusion/FusionMath.h: In function ‘FusionMatrix FusionQuaternionToMatrix(FusionQuaternion)’:
[61.702s] /voiture2A-ros/src/icm20948_driver/Fusion/FusionMath.h:446:34: warning: C++ designated initializers only available with ‘-std=c++20’ or ‘-std=gnu++20’ [-Wpedantic]
[61.703s]   446 |     const FusionMatrix matrix = {.element = {
[61.703s]       |                                  ^
[61.703s] /voiture2A-ros/src/icm20948_driver/Fusion/FusionMath.h:447:13: warning: C++ designated initializers only available with ‘-std=c++20’ or ‘-std=gnu++20’ [-Wpedantic]
[61.704s]   447 |             .xx = 2.0f * (qwqw - 0.5f + Q.x * Q.x),
[61.704s]       |             ^
[61.704s] /voiture2A-ros/src/icm20948_driver/Fusion/FusionMath.h:448:13: warning: C++ designated initializers only available with ‘-std=c++20’ or ‘-std=gnu++20’ [-Wpedantic]
[61.704s]   448 |             .xy = 2.0f * (qxqy - qwqz),
[61.705s]       |             ^
[61.705s] /voiture2A-ros/src/icm20948_driver/Fusion/FusionMath.h:449:13: warning: C++ designated initializers only available with ‘-std=c++20’ or ‘-std=gnu++20’ [-Wpedantic]
[61.705s]   449 |             .xz = 2.0f * (qxqz + qwqy),
[61.705s]       |             ^
[61.706s] /voiture2A-ros/src/icm20948_driver/Fusion/FusionMath.h:450:13: warning: C++ designated initializers only available with ‘-std=c++20’ or ‘-std=gnu++20’ [-Wpedantic]
[61.706s]   450 |             .yx = 2.0f * (qxqy + qwqz),
[61.706s]       |             ^
[61.707s] /voiture2A-ros/src/icm20948_driver/Fusion/FusionMath.h:451:13: warning: C++ designated initializers only available with ‘-std=c++20’ or ‘-std=gnu++20’ [-Wpedantic]
[61.707s]   451 |             .yy = 2.0f * (qwqw - 0.5f + Q.y * Q.y),
[61.707s]       |             ^
[61.707s] /voiture2A-ros/src/icm20948_driver/Fusion/FusionMath.h:452:13: warning: C++ designated initializers only available with ‘-std=c++20’ or ‘-std=gnu++20’ [-Wpedantic]
[61.708s]   452 |             .yz = 2.0f * (qyqz - qwqx),
[61.708s]       |             ^
[61.708s] /voiture2A-ros/src/icm20948_driver/Fusion/FusionMath.h:453:13: warning: C++ designated initializers only available with ‘-std=c++20’ or ‘-std=gnu++20’ [-Wpedantic]
[61.708s]   453 |             .zx = 2.0f * (qxqz - qwqy),
[61.709s]       |             ^
[61.709s] /voiture2A-ros/src/icm20948_driver/Fusion/FusionMath.h:454:13: warning: C++ designated initializers only available with ‘-std=c++20’ or ‘-std=gnu++20’ [-Wpedantic]
[61.709s]   454 |             .zy = 2.0f * (qyqz + qwqx),
[61.709s]       |             ^
[61.710s] /voiture2A-ros/src/icm20948_driver/Fusion/FusionMath.h:455:13: warning: C++ designated initializers only available with ‘-std=c++20’ or ‘-std=gnu++20’ [-Wpedantic]
[61.710s]   455 |             .zz = 2.0f * (qwqw - 0.5f + Q.z * Q.z),
[61.710s]       |             ^
[61.711s] /voiture2A-ros/src/icm20948_driver/Fusion/FusionMath.h: In function ‘FusionEuler FusionQuaternionToEuler(FusionQuaternion)’:
[61.711s] /voiture2A-ros/src/icm20948_driver/Fusion/FusionMath.h:469:32: warning: C++ designated initializers only available with ‘-std=c++20’ or ‘-std=gnu++20’ [-Wpedantic]
[61.711s]   469 |     const FusionEuler euler = {.angle = {
[61.711s]       |                                ^
[61.712s] /voiture2A-ros/src/icm20948_driver/Fusion/FusionMath.h:470:13: warning: C++ designated initializers only available with ‘-std=c++20’ or ‘-std=gnu++20’ [-Wpedantic]
[61.712s]   470 |             .roll = FusionRadiansToDegrees(atan2f(Q.w * Q.x + Q.y * Q.z, halfMinusQySquared - Q.x * Q.x)),
[61.712s]       |             ^
[61.712s] /voiture2A-ros/src/icm20948_driver/Fusion/FusionMath.h:471:13: warning: C++ designated initializers only available with ‘-std=c++20’ or ‘-std=gnu++20’ [-Wpedantic]
[61.713s]   471 |             .pitch = FusionRadiansToDegrees(FusionAsin(2.0f * (Q.w * Q.y - Q.z * Q.x))),
[61.713s]       |             ^
[61.713s] /voiture2A-ros/src/icm20948_driver/Fusion/FusionMath.h:472:13: warning: C++ designated initializers only available with ‘-std=c++20’ or ‘-std=gnu++20’ [-Wpedantic]
[61.714s]   472 |             .yaw = FusionRadiansToDegrees(atan2f(Q.w * Q.z + Q.x * Q.y, halfMinusQySquared - Q.z * Q.z)),
[61.714s]       |             ^
[61.773s] In file included from /voiture2A-ros/src/icm20948_driver/src/icm20948_node.cpp:3:
[61.773s] /voiture2A-ros/src/icm20948_driver/include/icm20948_driver/fusion_converter.h: In function ‘FusionVector FusionVectorFromStdVector(const std::vector<double, std::allocator<double> >&)’:
[61.774s] /voiture2A-ros/src/icm20948_driver/include/icm20948_driver/fusion_converter.h:18:34: warning: C++ designated initializers only available with ‘-std=c++20’ or ‘-std=gnu++20’ [-Wpedantic]
[61.776s]    18 |     const FusionVector result = {.axis = {
[61.776s]       |                                  ^
[61.777s] /voiture2A-ros/src/icm20948_driver/include/icm20948_driver/fusion_converter.h:19:13: warning: C++ designated initializers only available with ‘-std=c++20’ or ‘-std=gnu++20’ [-Wpedantic]
[61.777s]    19 |             .x = static_cast<float>(vector[0]),
[61.777s]       |             ^
[61.778s] /voiture2A-ros/src/icm20948_driver/include/icm20948_driver/fusion_converter.h:20:13: warning: C++ designated initializers only available with ‘-std=c++20’ or ‘-std=gnu++20’ [-Wpedantic]
[61.778s]    20 |             .y = static_cast<float>(vector[1]),
[61.778s]       |             ^
[61.779s] /voiture2A-ros/src/icm20948_driver/include/icm20948_driver/fusion_converter.h:21:13: warning: C++ designated initializers only available with ‘-std=c++20’ or ‘-std=gnu++20’ [-Wpedantic]
[61.779s]    21 |             .z = static_cast<float>(vector[2]),
[61.779s]       |             ^
[61.779s] /voiture2A-ros/src/icm20948_driver/include/icm20948_driver/fusion_converter.h: In function ‘FusionMatrix FusionMatrixFromStdVector(const std::vector<double, std::allocator<double> >&)’:
[61.780s] /voiture2A-ros/src/icm20948_driver/include/icm20948_driver/fusion_converter.h:32:34: warning: C++ designated initializers only available with ‘-std=c++20’ or ‘-std=gnu++20’ [-Wpedantic]
[61.780s]    32 |     const FusionMatrix result = {.element = {
[61.780s]       |                                  ^
[61.781s] /voiture2A-ros/src/icm20948_driver/include/icm20948_driver/fusion_converter.h:33:13: warning: C++ designated initializers only available with ‘-std=c++20’ or ‘-std=gnu++20’ [-Wpedantic]
[61.781s]    33 |             .xx = static_cast<float>(matrix[0]),
[61.781s]       |             ^
[61.782s] /voiture2A-ros/src/icm20948_driver/include/icm20948_driver/fusion_converter.h:34:13: warning: C++ designated initializers only available with ‘-std=c++20’ or ‘-std=gnu++20’ [-Wpedantic]
[61.782s]    34 |             .xy = static_cast<float>(matrix[1]),
[61.782s]       |             ^
[61.782s] /voiture2A-ros/src/icm20948_driver/include/icm20948_driver/fusion_converter.h:35:13: warning: C++ designated initializers only available with ‘-std=c++20’ or ‘-std=gnu++20’ [-Wpedantic]
[61.783s]    35 |             .xz = static_cast<float>(matrix[2]),
[61.783s]       |             ^
[61.783s] /voiture2A-ros/src/icm20948_driver/include/icm20948_driver/fusion_converter.h:36:13: warning: C++ designated initializers only available with ‘-std=c++20’ or ‘-std=gnu++20’ [-Wpedantic]
[61.783s]    36 |             .yx = static_cast<float>(matrix[3]),
[61.784s]       |             ^
[61.784s] /voiture2A-ros/src/icm20948_driver/include/icm20948_driver/fusion_converter.h:37:13: warning: C++ designated initializers only available with ‘-std=c++20’ or ‘-std=gnu++20’ [-Wpedantic]
[61.784s]    37 |             .yy = static_cast<float>(matrix[4]),
[61.785s]       |             ^
[61.785s] /voiture2A-ros/src/icm20948_driver/include/icm20948_driver/fusion_converter.h:38:13: warning: C++ designated initializers only available with ‘-std=c++20’ or ‘-std=gnu++20’ [-Wpedantic]
[61.785s]    38 |             .yz = static_cast<float>(matrix[5]),
[61.785s]       |             ^
[61.786s] /voiture2A-ros/src/icm20948_driver/include/icm20948_driver/fusion_converter.h:39:13: warning: C++ designated initializers only available with ‘-std=c++20’ or ‘-std=gnu++20’ [-Wpedantic]
[61.786s]    39 |             .zx = static_cast<float>(matrix[6]),
[61.786s]       |             ^
[61.787s] /voiture2A-ros/src/icm20948_driver/include/icm20948_driver/fusion_converter.h:40:13: warning: C++ designated initializers only available with ‘-std=c++20’ or ‘-std=gnu++20’ [-Wpedantic]
[61.787s]    40 |             .zy = static_cast<float>(matrix[7]),
[61.787s]       |             ^
[61.787s] /voiture2A-ros/src/icm20948_driver/include/icm20948_driver/fusion_converter.h:41:13: warning: C++ designated initializers only available with ‘-std=c++20’ or ‘-std=gnu++20’ [-Wpedantic]
[61.788s]    41 |             .zz = static_cast<float>(matrix[8]),
[61.788s]       |             ^
[61.788s] /voiture2A-ros/src/icm20948_driver/include/icm20948_driver/fusion_converter.h: In function ‘FusionQuaternion FusionQuaternionFromStdVector(const std::vector<double, std::allocator<double> >&)’:
[61.789s] /voiture2A-ros/src/icm20948_driver/include/icm20948_driver/fusion_converter.h:52:38: warning: C++ designated initializers only available with ‘-std=c++20’ or ‘-std=gnu++20’ [-Wpedantic]
[61.789s]    52 |     const FusionQuaternion result = {.element = {
[61.789s]       |                                      ^
[61.789s] /voiture2A-ros/src/icm20948_driver/include/icm20948_driver/fusion_converter.h:53:13: warning: C++ designated initializers only available with ‘-std=c++20’ or ‘-std=gnu++20’ [-Wpedantic]
[61.790s]    53 |             .w = static_cast<float>(quaternion[0]),
[61.790s]       |             ^
[61.790s] /voiture2A-ros/src/icm20948_driver/include/icm20948_driver/fusion_converter.h:54:13: warning: C++ designated initializers only available with ‘-std=c++20’ or ‘-std=gnu++20’ [-Wpedantic]
[61.790s]    54 |             .x = static_cast<float>(quaternion[1]),
[61.791s]       |             ^
[61.791s] /voiture2A-ros/src/icm20948_driver/include/icm20948_driver/fusion_converter.h:55:13: warning: C++ designated initializers only available with ‘-std=c++20’ or ‘-std=gnu++20’ [-Wpedantic]
[61.791s]    55 |             .y = static_cast<float>(quaternion[2]),
[61.792s]       |             ^
[61.792s] /voiture2A-ros/src/icm20948_driver/include/icm20948_driver/fusion_converter.h:56:13: warning: C++ designated initializers only available with ‘-std=c++20’ or ‘-std=gnu++20’ [-Wpedantic]
[61.792s]    56 |             .z = static_cast<float>(quaternion[3]),
[61.792s]       |             ^
[61.793s] /voiture2A-ros/src/icm20948_driver/include/icm20948_driver/fusion_converter.h: In function ‘FusionEuler FusionEulerFromStdVector(const std::vector<double, std::allocator<double> >&)’:
[61.793s] /voiture2A-ros/src/icm20948_driver/include/icm20948_driver/fusion_converter.h:67:33: warning: C++ designated initializers only available with ‘-std=c++20’ or ‘-std=gnu++20’ [-Wpedantic]
[61.793s]    67 |     const FusionEuler result = {.angle = {
[61.794s]       |                                 ^
[61.794s] /voiture2A-ros/src/icm20948_driver/include/icm20948_driver/fusion_converter.h:68:13: warning: C++ designated initializers only available with ‘-std=c++20’ or ‘-std=gnu++20’ [-Wpedantic]
[61.794s]    68 |             .roll = static_cast<float>(euler[0]),
[61.794s]       |             ^
[61.795s] /voiture2A-ros/src/icm20948_driver/include/icm20948_driver/fusion_converter.h:69:13: warning: C++ designated initializers only available with ‘-std=c++20’ or ‘-std=gnu++20’ [-Wpedantic]
[61.795s]    69 |             .pitch = static_cast<float>(euler[1]),
[61.795s]       |             ^
[61.796s] /voiture2A-ros/src/icm20948_driver/include/icm20948_driver/fusion_converter.h:70:13: warning: C++ designated initializers only available with ‘-std=c++20’ or ‘-std=gnu++20’ [-Wpedantic]
[61.796s]    70 |             .yaw = static_cast<float>(euler[2]),
[61.796s]       |             ^
[61.918s] /voiture2A-ros/src/icm20948_driver/src/icm20948_node.cpp: In member function ‘void ICM20948Node::init_parameters()’:
[61.919s] /voiture2A-ros/src/icm20948_driver/src/icm20948_node.cpp:94:13: warning: C++ designated initializers only available with ‘-std=c++20’ or ‘-std=gnu++20’ [-Wpedantic]
[61.919s]    94 |             .convention = convention_,
[61.919s]       |             ^
[61.920s] /voiture2A-ros/src/icm20948_driver/src/icm20948_node.cpp:98:13: warning: C++ designated initializers only available with ‘-std=c++20’ or ‘-std=gnu++20’ [-Wpedantic]
[61.920s]    98 |             .gain = fusion_gain_,
[61.920s]       |             ^
[61.920s] /voiture2A-ros/src/icm20948_driver/src/icm20948_node.cpp:102:13: warning: C++ designated initializers only available with ‘-std=c++20’ or ‘-std=gnu++20’ [-Wpedantic]
[61.921s]   102 |             .gyroscopeRange = static_cast<float>(icm20948_.gyro_full_scale_[icm20948_.gyro_fs_sel_]), /* replace this with actual gyroscope range in degrees/s */
[61.921s]       |             ^
[61.921s] /voiture2A-ros/src/icm20948_driver/src/icm20948_node.cpp:105:13: warning: C++ designated initializers only available with ‘-std=c++20’ or ‘-std=gnu++20’ [-Wpedantic]
[61.922s]   105 |             .accelerationRejection = acceleration_rejection_,
[61.922s]       |             ^
[61.922s] /voiture2A-ros/src/icm20948_driver/src/icm20948_node.cpp:108:13: warning: C++ designated initializers only available with ‘-std=c++20’ or ‘-std=gnu++20’ [-Wpedantic]
[61.923s]   108 |             .magneticRejection = magnetic_rejection_,
[61.923s]       |             ^
[61.923s] /voiture2A-ros/src/icm20948_driver/src/icm20948_node.cpp:111:13: warning: C++ designated initializers only available with ‘-std=c++20’ or ‘-std=gnu++20’ [-Wpedantic]
[61.924s]   111 |             .recoveryTriggerPeriod = recovery_trigger_period_ * sample_rate_, /* x seconds */
[61.924s]       |             ^
[84.752s] [100%] Linking CXX executable icm20948
[85.958s] [100%] Built target icm20948
[86.068s] Invoked command in '/voiture2A-ros/build/icm20948_driver' returned '0': CMAKE_PREFIX_PATH=/opt/ros/rolling /usr/bin/cmake --build /voiture2A-ros/build/icm20948_driver -- -j16 -l16
[86.077s] Invoking command in '/voiture2A-ros/build/icm20948_driver': CMAKE_PREFIX_PATH=/opt/ros/rolling /usr/bin/cmake --install /voiture2A-ros/build/icm20948_driver
[86.172s] -- Install configuration: ""
[86.175s] -- Installing: /voiture2A-ros/install/icm20948_driver/share/ament_index/resource_index/rosidl_interfaces/icm20948_driver
[86.177s] -- Installing: /voiture2A-ros/install/icm20948_driver/share/icm20948_driver/msg/RPY.json
[86.178s] -- Installing: /voiture2A-ros/install/icm20948_driver/share/icm20948_driver/msg/RawData.json
[86.178s] -- Installing: /voiture2A-ros/install/icm20948_driver/share/icm20948_driver/msg/DebugFusion.json
[86.179s] -- Installing: /voiture2A-ros/install/icm20948_driver/include/icm20948_driver/icm20948_driver
[86.179s] -- Installing: /voiture2A-ros/install/icm20948_driver/include/icm20948_driver/icm20948_driver/msg
[86.180s] -- Installing: /voiture2A-ros/install/icm20948_driver/include/icm20948_driver/icm20948_driver/msg/rosidl_generator_c__visibility_control.h
[86.180s] -- Installing: /voiture2A-ros/install/icm20948_driver/include/icm20948_driver/icm20948_driver/msg/raw_data.h
[86.181s] -- Installing: /voiture2A-ros/install/icm20948_driver/include/icm20948_driver/icm20948_driver/msg/debug_fusion.h
[86.182s] -- Installing: /voiture2A-ros/install/icm20948_driver/include/icm20948_driver/icm20948_driver/msg/detail
[86.182s] -- Installing: /voiture2A-ros/install/icm20948_driver/include/icm20948_driver/icm20948_driver/msg/detail/raw_data__type_support.c
[86.183s] -- Installing: /voiture2A-ros/install/icm20948_driver/include/icm20948_driver/icm20948_driver/msg/detail/rpy__type_support.h
[86.183s] -- Installing: /voiture2A-ros/install/icm20948_driver/include/icm20948_driver/icm20948_driver/msg/detail/raw_data__functions.h
[86.183s] -- Installing: /voiture2A-ros/install/icm20948_driver/include/icm20948_driver/icm20948_driver/msg/detail/rpy__description.c
[86.184s] -- Installing: /voiture2A-ros/install/icm20948_driver/include/icm20948_driver/icm20948_driver/msg/detail/debug_fusion__functions.c
[86.184s] -- Installing: /voiture2A-ros/install/icm20948_driver/include/icm20948_driver/icm20948_driver/msg/detail/rpy__type_support.c
[86.185s] -- Installing: /voiture2A-ros/install/icm20948_driver/include/icm20948_driver/icm20948_driver/msg/detail/debug_fusion__struct.h
[86.186s] -- Installing: /voiture2A-ros/install/icm20948_driver/include/icm20948_driver/icm20948_driver/msg/detail/raw_data__functions.c
[86.186s] -- Installing: /voiture2A-ros/install/icm20948_driver/include/icm20948_driver/icm20948_driver/msg/detail/rpy__functions.c
[86.186s] -- Installing: /voiture2A-ros/install/icm20948_driver/include/icm20948_driver/icm20948_driver/msg/detail/debug_fusion__description.c
[86.186s] -- Installing: /voiture2A-ros/install/icm20948_driver/include/icm20948_driver/icm20948_driver/msg/detail/raw_data__struct.h
[86.187s] -- Installing: /voiture2A-ros/install/icm20948_driver/include/icm20948_driver/icm20948_driver/msg/detail/raw_data__description.c
[86.187s] -- Installing: /voiture2A-ros/install/icm20948_driver/include/icm20948_driver/icm20948_driver/msg/detail/rpy__struct.h
[86.187s] -- Installing: /voiture2A-ros/install/icm20948_driver/include/icm20948_driver/icm20948_driver/msg/detail/rpy__functions.h
[86.188s] -- Installing: /voiture2A-ros/install/icm20948_driver/include/icm20948_driver/icm20948_driver/msg/detail/debug_fusion__type_support.c
[86.188s] -- Installing: /voiture2A-ros/install/icm20948_driver/include/icm20948_driver/icm20948_driver/msg/detail/debug_fusion__functions.h
[86.188s] -- Installing: /voiture2A-ros/install/icm20948_driver/include/icm20948_driver/icm20948_driver/msg/detail/debug_fusion__type_support.h
[86.188s] -- Installing: /voiture2A-ros/install/icm20948_driver/include/icm20948_driver/icm20948_driver/msg/detail/raw_data__type_support.h
[86.189s] -- Installing: /voiture2A-ros/install/icm20948_driver/include/icm20948_driver/icm20948_driver/msg/rpy.h
[86.190s] -- Installing: /voiture2A-ros/install/icm20948_driver/share/icm20948_driver/environment/library_path.sh
[86.190s] -- Installing: /voiture2A-ros/install/icm20948_driver/share/icm20948_driver/environment/library_path.dsv
[86.190s] -- Installing: /voiture2A-ros/install/icm20948_driver/lib/libicm20948_driver__rosidl_generator_c.so
[86.191s] -- Set runtime path of "/voiture2A-ros/install/icm20948_driver/lib/libicm20948_driver__rosidl_generator_c.so" to ""
[86.191s] -- Up-to-date: /voiture2A-ros/install/icm20948_driver/include/icm20948_driver/icm20948_driver
[86.191s] -- Up-to-date: /voiture2A-ros/install/icm20948_driver/include/icm20948_driver/icm20948_driver/msg
[86.191s] -- Installing: /voiture2A-ros/install/icm20948_driver/include/icm20948_driver/icm20948_driver/msg/rosidl_typesupport_fastrtps_c__visibility_control.h
[86.192s] -- Up-to-date: /voiture2A-ros/install/icm20948_driver/include/icm20948_driver/icm20948_driver/msg/detail
[86.193s] -- Installing: /voiture2A-ros/install/icm20948_driver/include/icm20948_driver/icm20948_driver/msg/detail/rpy__rosidl_typesupport_fastrtps_c.h
[86.194s] -- Installing: /voiture2A-ros/install/icm20948_driver/include/icm20948_driver/icm20948_driver/msg/detail/raw_data__rosidl_typesupport_fastrtps_c.h
[86.195s] -- Installing: /voiture2A-ros/install/icm20948_driver/include/icm20948_driver/icm20948_driver/msg/detail/debug_fusion__rosidl_typesupport_fastrtps_c.h
[86.195s] -- Installing: /voiture2A-ros/install/icm20948_driver/lib/libicm20948_driver__rosidl_typesupport_fastrtps_c.so
[86.195s] -- Set runtime path of "/voiture2A-ros/install/icm20948_driver/lib/libicm20948_driver__rosidl_typesupport_fastrtps_c.so" to ""
[86.196s] -- Up-to-date: /voiture2A-ros/install/icm20948_driver/include/icm20948_driver/icm20948_driver
[86.196s] -- Up-to-date: /voiture2A-ros/install/icm20948_driver/include/icm20948_driver/icm20948_driver/msg
[86.197s] -- Up-to-date: /voiture2A-ros/install/icm20948_driver/include/icm20948_driver/icm20948_driver/msg/detail
[86.197s] -- Installing: /voiture2A-ros/install/icm20948_driver/include/icm20948_driver/icm20948_driver/msg/detail/debug_fusion__struct.hpp
[86.198s] -- Installing: /voiture2A-ros/install/icm20948_driver/include/icm20948_driver/icm20948_driver/msg/detail/raw_data__traits.hpp
[86.198s] -- Installing: /voiture2A-ros/install/icm20948_driver/include/icm20948_driver/icm20948_driver/msg/detail/debug_fusion__traits.hpp
[86.198s] -- Installing: /voiture2A-ros/install/icm20948_driver/include/icm20948_driver/icm20948_driver/msg/detail/raw_data__builder.hpp
[86.199s] -- Installing: /voiture2A-ros/install/icm20948_driver/include/icm20948_driver/icm20948_driver/msg/detail/debug_fusion__type_support.hpp
[86.199s] -- Installing: /voiture2A-ros/install/icm20948_driver/include/icm20948_driver/icm20948_driver/msg/detail/rpy__traits.hpp
[86.199s] -- Installing: /voiture2A-ros/install/icm20948_driver/include/icm20948_driver/icm20948_driver/msg/detail/rpy__type_support.hpp
[86.200s] -- Installing: /voiture2A-ros/install/icm20948_driver/include/icm20948_driver/icm20948_driver/msg/detail/debug_fusion__builder.hpp
[86.200s] -- Installing: /voiture2A-ros/install/icm20948_driver/include/icm20948_driver/icm20948_driver/msg/detail/rpy__struct.hpp
[86.201s] -- Installing: /voiture2A-ros/install/icm20948_driver/include/icm20948_driver/icm20948_driver/msg/detail/rpy__builder.hpp
[86.201s] -- Installing: /voiture2A-ros/install/icm20948_driver/include/icm20948_driver/icm20948_driver/msg/detail/raw_data__struct.hpp
[86.201s] -- Installing: /voiture2A-ros/install/icm20948_driver/include/icm20948_driver/icm20948_driver/msg/detail/raw_data__type_support.hpp
[86.202s] -- Installing: /voiture2A-ros/install/icm20948_driver/include/icm20948_driver/icm20948_driver/msg/rosidl_generator_cpp__visibility_control.hpp
[86.202s] -- Installing: /voiture2A-ros/install/icm20948_driver/include/icm20948_driver/icm20948_driver/msg/debug_fusion.hpp
[86.203s] -- Installing: /voiture2A-ros/install/icm20948_driver/include/icm20948_driver/icm20948_driver/msg/rpy.hpp
[86.203s] -- Installing: /voiture2A-ros/install/icm20948_driver/include/icm20948_driver/icm20948_driver/msg/raw_data.hpp
[86.203s] -- Up-to-date: /voiture2A-ros/install/icm20948_driver/include/icm20948_driver/icm20948_driver
[86.204s] -- Up-to-date: /voiture2A-ros/install/icm20948_driver/include/icm20948_driver/icm20948_driver/msg
[86.205s] -- Installing: /voiture2A-ros/install/icm20948_driver/include/icm20948_driver/icm20948_driver/msg/rosidl_typesupport_fastrtps_cpp__visibility_control.h
[86.206s] -- Up-to-date: /voiture2A-ros/install/icm20948_driver/include/icm20948_driver/icm20948_driver/msg/detail
[86.207s] -- Installing: /voiture2A-ros/install/icm20948_driver/include/icm20948_driver/icm20948_driver/msg/detail/dds_fastrtps
[86.207s] -- Installing: /voiture2A-ros/install/icm20948_driver/include/icm20948_driver/icm20948_driver/msg/detail/raw_data__rosidl_typesupport_fastrtps_cpp.hpp
[86.208s] -- Installing: /voiture2A-ros/install/icm20948_driver/include/icm20948_driver/icm20948_driver/msg/detail/rpy__rosidl_typesupport_fastrtps_cpp.hpp
[86.208s] -- Installing: /voiture2A-ros/install/icm20948_driver/include/icm20948_driver/icm20948_driver/msg/detail/debug_fusion__rosidl_typesupport_fastrtps_cpp.hpp
[86.208s] -- Installing: /voiture2A-ros/install/icm20948_driver/lib/libicm20948_driver__rosidl_typesupport_fastrtps_cpp.so
[86.208s] -- Set runtime path of "/voiture2A-ros/install/icm20948_driver/lib/libicm20948_driver__rosidl_typesupport_fastrtps_cpp.so" to ""
[86.209s] -- Up-to-date: /voiture2A-ros/install/icm20948_driver/include/icm20948_driver/icm20948_driver
[86.209s] -- Up-to-date: /voiture2A-ros/install/icm20948_driver/include/icm20948_driver/icm20948_driver/msg
[86.209s] -- Installing: /voiture2A-ros/install/icm20948_driver/include/icm20948_driver/icm20948_driver/msg/rosidl_typesupport_introspection_c__visibility_control.h
[86.209s] -- Up-to-date: /voiture2A-ros/install/icm20948_driver/include/icm20948_driver/icm20948_driver/msg/detail
[86.210s] -- Installing: /voiture2A-ros/install/icm20948_driver/include/icm20948_driver/icm20948_driver/msg/detail/raw_data__type_support.c
[86.210s] -- Installing: /voiture2A-ros/install/icm20948_driver/include/icm20948_driver/icm20948_driver/msg/detail/debug_fusion__rosidl_typesupport_introspection_c.h
[86.210s] -- Installing: /voiture2A-ros/install/icm20948_driver/include/icm20948_driver/icm20948_driver/msg/detail/rpy__type_support.c
[86.210s] -- Installing: /voiture2A-ros/install/icm20948_driver/include/icm20948_driver/icm20948_driver/msg/detail/rpy__rosidl_typesupport_introspection_c.h
[86.211s] -- Installing: /voiture2A-ros/install/icm20948_driver/include/icm20948_driver/icm20948_driver/msg/detail/debug_fusion__type_support.c
[86.211s] -- Installing: /voiture2A-ros/install/icm20948_driver/include/icm20948_driver/icm20948_driver/msg/detail/raw_data__rosidl_typesupport_introspection_c.h
[86.211s] -- Installing: /voiture2A-ros/install/icm20948_driver/lib/libicm20948_driver__rosidl_typesupport_introspection_c.so
[86.211s] -- Set runtime path of "/voiture2A-ros/install/icm20948_driver/lib/libicm20948_driver__rosidl_typesupport_introspection_c.so" to ""
[86.212s] -- Installing: /voiture2A-ros/install/icm20948_driver/lib/libicm20948_driver__rosidl_typesupport_c.so
[86.212s] -- Set runtime path of "/voiture2A-ros/install/icm20948_driver/lib/libicm20948_driver__rosidl_typesupport_c.so" to ""
[86.212s] -- Up-to-date: /voiture2A-ros/install/icm20948_driver/include/icm20948_driver/icm20948_driver
[86.212s] -- Up-to-date: /voiture2A-ros/install/icm20948_driver/include/icm20948_driver/icm20948_driver/msg
[86.213s] -- Up-to-date: /voiture2A-ros/install/icm20948_driver/include/icm20948_driver/icm20948_driver/msg/detail
[86.213s] -- Installing: /voiture2A-ros/install/icm20948_driver/include/icm20948_driver/icm20948_driver/msg/detail/raw_data__type_support.cpp
[86.213s] -- Installing: /voiture2A-ros/install/icm20948_driver/include/icm20948_driver/icm20948_driver/msg/detail/debug_fusion__rosidl_typesupport_introspection_cpp.hpp
[86.213s] -- Installing: /voiture2A-ros/install/icm20948_driver/include/icm20948_driver/icm20948_driver/msg/detail/raw_data__rosidl_typesupport_introspection_cpp.hpp
[86.213s] -- Installing: /voiture2A-ros/install/icm20948_driver/include/icm20948_driver/icm20948_driver/msg/detail/rpy__rosidl_typesupport_introspection_cpp.hpp
[86.214s] -- Installing: /voiture2A-ros/install/icm20948_driver/include/icm20948_driver/icm20948_driver/msg/detail/rpy__type_support.cpp
[86.214s] -- Installing: /voiture2A-ros/install/icm20948_driver/include/icm20948_driver/icm20948_driver/msg/detail/debug_fusion__type_support.cpp
[86.214s] -- Installing: /voiture2A-ros/install/icm20948_driver/lib/libicm20948_driver__rosidl_typesupport_introspection_cpp.so
[86.214s] -- Set runtime path of "/voiture2A-ros/install/icm20948_driver/lib/libicm20948_driver__rosidl_typesupport_introspection_cpp.so" to ""
[86.215s] -- Installing: /voiture2A-ros/install/icm20948_driver/lib/libicm20948_driver__rosidl_typesupport_cpp.so
[86.215s] -- Set runtime path of "/voiture2A-ros/install/icm20948_driver/lib/libicm20948_driver__rosidl_typesupport_cpp.so" to ""
[86.216s] -- Installing: /voiture2A-ros/install/icm20948_driver/share/icm20948_driver/environment/pythonpath.sh
[86.216s] -- Installing: /voiture2A-ros/install/icm20948_driver/share/icm20948_driver/environment/pythonpath.dsv
[86.216s] -- Installing: /voiture2A-ros/install/icm20948_driver/lib/python3.10/site-packages/icm20948_driver-1.0.0-py3.10.egg-info
[86.217s] -- Installing: /voiture2A-ros/install/icm20948_driver/lib/python3.10/site-packages/icm20948_driver-1.0.0-py3.10.egg-info/dependency_links.txt
[86.217s] -- Installing: /voiture2A-ros/install/icm20948_driver/lib/python3.10/site-packages/icm20948_driver-1.0.0-py3.10.egg-info/PKG-INFO
[86.217s] -- Installing: /voiture2A-ros/install/icm20948_driver/lib/python3.10/site-packages/icm20948_driver-1.0.0-py3.10.egg-info/top_level.txt
[86.217s] -- Installing: /voiture2A-ros/install/icm20948_driver/lib/python3.10/site-packages/icm20948_driver-1.0.0-py3.10.egg-info/SOURCES.txt
[86.218s] -- Installing: /voiture2A-ros/install/icm20948_driver/lib/python3.10/site-packages/icm20948_driver
[86.218s] -- Installing: /voiture2A-ros/install/icm20948_driver/lib/python3.10/site-packages/icm20948_driver/_icm20948_driver_s.ep.rosidl_typesupport_fastrtps_c.c
[86.218s] -- Installing: /voiture2A-ros/install/icm20948_driver/lib/python3.10/site-packages/icm20948_driver/msg
[86.218s] -- Installing: /voiture2A-ros/install/icm20948_driver/lib/python3.10/site-packages/icm20948_driver/msg/_debug_fusion.py
[86.218s] -- Installing: /voiture2A-ros/install/icm20948_driver/lib/python3.10/site-packages/icm20948_driver/msg/_raw_data.py
[86.219s] -- Installing: /voiture2A-ros/install/icm20948_driver/lib/python3.10/site-packages/icm20948_driver/msg/_raw_data_s.c
[86.219s] -- Installing: /voiture2A-ros/install/icm20948_driver/lib/python3.10/site-packages/icm20948_driver/msg/_rpy_s.c
[86.219s] -- Installing: /voiture2A-ros/install/icm20948_driver/lib/python3.10/site-packages/icm20948_driver/msg/_rpy.py
[86.219s] -- Installing: /voiture2A-ros/install/icm20948_driver/lib/python3.10/site-packages/icm20948_driver/msg/_debug_fusion_s.c
[86.220s] -- Installing: /voiture2A-ros/install/icm20948_driver/lib/python3.10/site-packages/icm20948_driver/msg/__init__.py
[86.220s] -- Installing: /voiture2A-ros/install/icm20948_driver/lib/python3.10/site-packages/icm20948_driver/_icm20948_driver_s.ep.rosidl_typesupport_c.c
[86.220s] -- Installing: /voiture2A-ros/install/icm20948_driver/lib/python3.10/site-packages/icm20948_driver/_icm20948_driver_s.ep.rosidl_typesupport_introspection_c.c
[86.220s] -- Installing: /voiture2A-ros/install/icm20948_driver/lib/python3.10/site-packages/icm20948_driver/__init__.py
[86.528s] Listing '/voiture2A-ros/install/icm20948_driver/lib/python3.10/site-packages/icm20948_driver'...
[86.528s] Compiling '/voiture2A-ros/install/icm20948_driver/lib/python3.10/site-packages/icm20948_driver/__init__.py'...
[86.528s] Listing '/voiture2A-ros/install/icm20948_driver/lib/python3.10/site-packages/icm20948_driver/msg'...
[86.529s] Compiling '/voiture2A-ros/install/icm20948_driver/lib/python3.10/site-packages/icm20948_driver/msg/__init__.py'...
[86.529s] Compiling '/voiture2A-ros/install/icm20948_driver/lib/python3.10/site-packages/icm20948_driver/msg/_debug_fusion.py'...
[86.529s] Compiling '/voiture2A-ros/install/icm20948_driver/lib/python3.10/site-packages/icm20948_driver/msg/_raw_data.py'...
[86.529s] Compiling '/voiture2A-ros/install/icm20948_driver/lib/python3.10/site-packages/icm20948_driver/msg/_rpy.py'...
[86.549s] -- Installing: /voiture2A-ros/install/icm20948_driver/lib/python3.10/site-packages/icm20948_driver/icm20948_driver_s__rosidl_typesupport_fastrtps_c.cpython-310-aarch64-linux-gnu.so
[86.550s] -- Set runtime path of "/voiture2A-ros/install/icm20948_driver/lib/python3.10/site-packages/icm20948_driver/icm20948_driver_s__rosidl_typesupport_fastrtps_c.cpython-310-aarch64-linux-gnu.so" to ""
[86.550s] -- Installing: /voiture2A-ros/install/icm20948_driver/lib/python3.10/site-packages/icm20948_driver/icm20948_driver_s__rosidl_typesupport_introspection_c.cpython-310-aarch64-linux-gnu.so
[86.551s] -- Set runtime path of "/voiture2A-ros/install/icm20948_driver/lib/python3.10/site-packages/icm20948_driver/icm20948_driver_s__rosidl_typesupport_introspection_c.cpython-310-aarch64-linux-gnu.so" to ""
[86.551s] -- Installing: /voiture2A-ros/install/icm20948_driver/lib/python3.10/site-packages/icm20948_driver/icm20948_driver_s__rosidl_typesupport_c.cpython-310-aarch64-linux-gnu.so
[86.552s] -- Set runtime path of "/voiture2A-ros/install/icm20948_driver/lib/python3.10/site-packages/icm20948_driver/icm20948_driver_s__rosidl_typesupport_c.cpython-310-aarch64-linux-gnu.so" to ""
[86.552s] -- Installing: /voiture2A-ros/install/icm20948_driver/lib/libicm20948_driver__rosidl_generator_py.so
[86.553s] -- Set runtime path of "/voiture2A-ros/install/icm20948_driver/lib/libicm20948_driver__rosidl_generator_py.so" to ""
[86.554s] -- Installing: /voiture2A-ros/install/icm20948_driver/share/icm20948_driver/msg/RPY.idl
[86.554s] -- Installing: /voiture2A-ros/install/icm20948_driver/share/icm20948_driver/msg/RawData.idl
[86.554s] -- Installing: /voiture2A-ros/install/icm20948_driver/share/icm20948_driver/msg/DebugFusion.idl
[86.555s] -- Installing: /voiture2A-ros/install/icm20948_driver/share/icm20948_driver/msg/RPY.msg
[86.555s] -- Installing: /voiture2A-ros/install/icm20948_driver/share/icm20948_driver/msg/RawData.msg
[86.555s] -- Installing: /voiture2A-ros/install/icm20948_driver/share/icm20948_driver/msg/DebugFusion.msg
[86.556s] -- Installing: /voiture2A-ros/install/icm20948_driver/lib/icm20948_driver/icm20948
[86.560s] -- Set runtime path of "/voiture2A-ros/install/icm20948_driver/lib/icm20948_driver/icm20948" to ""
[86.560s] -- Installing: /voiture2A-ros/install/icm20948_driver/lib/libFusion.a
[86.561s] -- Installing: /voiture2A-ros/install/icm20948_driver/share/ament_index/resource_index/package_run_dependencies/icm20948_driver
[86.562s] -- Installing: /voiture2A-ros/install/icm20948_driver/share/ament_index/resource_index/parent_prefix_path/icm20948_driver
[86.562s] -- Installing: /voiture2A-ros/install/icm20948_driver/share/icm20948_driver/environment/ament_prefix_path.sh
[86.562s] -- Installing: /voiture2A-ros/install/icm20948_driver/share/icm20948_driver/environment/ament_prefix_path.dsv
[86.563s] -- Installing: /voiture2A-ros/install/icm20948_driver/share/icm20948_driver/environment/path.sh
[86.563s] -- Installing: /voiture2A-ros/install/icm20948_driver/share/icm20948_driver/environment/path.dsv
[86.564s] -- Installing: /voiture2A-ros/install/icm20948_driver/share/icm20948_driver/local_setup.bash
[86.564s] -- Installing: /voiture2A-ros/install/icm20948_driver/share/icm20948_driver/local_setup.sh
[86.564s] -- Installing: /voiture2A-ros/install/icm20948_driver/share/icm20948_driver/local_setup.zsh
[86.565s] -- Installing: /voiture2A-ros/install/icm20948_driver/share/icm20948_driver/local_setup.dsv
[86.565s] -- Installing: /voiture2A-ros/install/icm20948_driver/share/icm20948_driver/package.dsv
[86.565s] -- Installing: /voiture2A-ros/install/icm20948_driver/share/ament_index/resource_index/packages/icm20948_driver
[86.565s] -- Installing: /voiture2A-ros/install/icm20948_driver/share/icm20948_driver/cmake/export_icm20948_driver__rosidl_generator_cExport.cmake
[86.566s] -- Installing: /voiture2A-ros/install/icm20948_driver/share/icm20948_driver/cmake/export_icm20948_driver__rosidl_generator_cExport-noconfig.cmake
[86.566s] -- Installing: /voiture2A-ros/install/icm20948_driver/share/icm20948_driver/cmake/export_icm20948_driver__rosidl_typesupport_fastrtps_cExport.cmake
[86.567s] -- Installing: /voiture2A-ros/install/icm20948_driver/share/icm20948_driver/cmake/export_icm20948_driver__rosidl_typesupport_fastrtps_cExport-noconfig.cmake
[86.567s] -- Installing: /voiture2A-ros/install/icm20948_driver/share/icm20948_driver/cmake/export_icm20948_driver__rosidl_generator_cppExport.cmake
[86.567s] -- Installing: /voiture2A-ros/install/icm20948_driver/share/icm20948_driver/cmake/export_icm20948_driver__rosidl_typesupport_fastrtps_cppExport.cmake
[86.568s] -- Installing: /voiture2A-ros/install/icm20948_driver/share/icm20948_driver/cmake/export_icm20948_driver__rosidl_typesupport_fastrtps_cppExport-noconfig.cmake
[86.568s] -- Installing: /voiture2A-ros/install/icm20948_driver/share/icm20948_driver/cmake/icm20948_driver__rosidl_typesupport_introspection_cExport.cmake
[86.568s] -- Installing: /voiture2A-ros/install/icm20948_driver/share/icm20948_driver/cmake/icm20948_driver__rosidl_typesupport_introspection_cExport-noconfig.cmake
[86.569s] -- Installing: /voiture2A-ros/install/icm20948_driver/share/icm20948_driver/cmake/icm20948_driver__rosidl_typesupport_cExport.cmake
[86.569s] -- Installing: /voiture2A-ros/install/icm20948_driver/share/icm20948_driver/cmake/icm20948_driver__rosidl_typesupport_cExport-noconfig.cmake
[86.569s] -- Installing: /voiture2A-ros/install/icm20948_driver/share/icm20948_driver/cmake/icm20948_driver__rosidl_typesupport_introspection_cppExport.cmake
[86.570s] -- Installing: /voiture2A-ros/install/icm20948_driver/share/icm20948_driver/cmake/icm20948_driver__rosidl_typesupport_introspection_cppExport-noconfig.cmake
[86.570s] -- Installing: /voiture2A-ros/install/icm20948_driver/share/icm20948_driver/cmake/icm20948_driver__rosidl_typesupport_cppExport.cmake
[86.570s] -- Installing: /voiture2A-ros/install/icm20948_driver/share/icm20948_driver/cmake/icm20948_driver__rosidl_typesupport_cppExport-noconfig.cmake
[86.571s] -- Installing: /voiture2A-ros/install/icm20948_driver/share/icm20948_driver/cmake/export_icm20948_driver__rosidl_generator_pyExport.cmake
[86.571s] -- Installing: /voiture2A-ros/install/icm20948_driver/share/icm20948_driver/cmake/export_icm20948_driver__rosidl_generator_pyExport-noconfig.cmake
[86.572s] -- Installing: /voiture2A-ros/install/icm20948_driver/share/icm20948_driver/cmake/rosidl_cmake-extras.cmake
[86.572s] -- Installing: /voiture2A-ros/install/icm20948_driver/share/icm20948_driver/cmake/ament_cmake_export_dependencies-extras.cmake
[86.572s] -- Installing: /voiture2A-ros/install/icm20948_driver/share/icm20948_driver/cmake/ament_cmake_export_include_directories-extras.cmake
[86.572s] -- Installing: /voiture2A-ros/install/icm20948_driver/share/icm20948_driver/cmake/ament_cmake_export_libraries-extras.cmake
[86.573s] -- Installing: /voiture2A-ros/install/icm20948_driver/share/icm20948_driver/cmake/ament_cmake_export_targets-extras.cmake
[86.573s] -- Installing: /voiture2A-ros/install/icm20948_driver/share/icm20948_driver/cmake/rosidl_cmake_export_typesupport_targets-extras.cmake
[86.573s] -- Installing: /voiture2A-ros/install/icm20948_driver/share/icm20948_driver/cmake/rosidl_cmake_export_typesupport_libraries-extras.cmake
[86.573s] -- Installing: /voiture2A-ros/install/icm20948_driver/share/icm20948_driver/cmake/icm20948_driverConfig.cmake
[86.573s] -- Installing: /voiture2A-ros/install/icm20948_driver/share/icm20948_driver/cmake/icm20948_driverConfig-version.cmake
[86.574s] -- Installing: /voiture2A-ros/install/icm20948_driver/share/icm20948_driver/package.xml
[86.589s] Invoked command in '/voiture2A-ros/build/icm20948_driver' returned '0': CMAKE_PREFIX_PATH=/opt/ros/rolling /usr/bin/cmake --install /voiture2A-ros/build/icm20948_driver
