[1.633s] DEBUG:colcon:Command line arguments: ['/usr/bin/colcon', 'build']
[1.639s] DEBUG:colcon:Parsed command line arguments: Namespace(log_base=None, log_level=None, verb_name='build', build_base='build', install_base='install', merge_install=False, symlink_install=False, test_result_base=None, continue_on_error=False, executor='parallel', parallel_workers=16, event_handlers=None, ignore_user_meta=False, metas=['./colcon.meta'], base_paths=['.'], packages_ignore=None, packages_ignore_regex=None, paths=None, packages_up_to=None, packages_up_to_regex=None, packages_above=None, packages_above_and_dependencies=None, packages_above_depth=None, packages_select_by_dep=None, packages_skip_by_dep=None, packages_skip_up_to=None, packages_select_build_failed=False, packages_skip_build_finished=False, packages_select_test_failures=False, packages_skip_test_passed=False, packages_select=None, packages_skip=None, packages_select_regex=None, packages_skip_regex=None, packages_start=None, packages_end=None, cmake_args=None, cmake_target=None, cmake_target_skip_unavailable=False, cmake_clean_cache=False, cmake_clean_first=False, cmake_force_configure=False, ament_cmake_args=None, catkin_cmake_args=None, catkin_skip_building_tests=False, mixin_files=None, mixin=None, verb_parser=<colcon_mixin.mixin.mixin_argument.MixinArgumentDecorator object at 0x55034be380>, verb_extension=<colcon_core.verb.build.BuildVerb object at 0x55034bdd80>, main=<bound method BuildVerb.main of <colcon_core.verb.build.BuildVerb object at 0x55034bdd80>>, mixin_verb=('build',))
[3.226s] Level 1:colcon.colcon_core.package_discovery:discover_packages(colcon_meta) check parameters
[3.234s] INFO:colcon.colcon_metadata.package_discovery.colcon_meta:Using configuration from '/root/.colcon/metadata/default/Gazebo.meta'
[3.239s] INFO:colcon.colcon_metadata.package_discovery.colcon_meta:Using configuration from '/root/.colcon/metadata/default/fastrtps.meta'
[3.240s] Level 1:colcon.colcon_core.package_discovery:discover_packages(recursive) check parameters
[3.240s] Level 1:colcon.colcon_core.package_discovery:discover_packages(ignore) check parameters
[3.240s] Level 1:colcon.colcon_core.package_discovery:discover_packages(path) check parameters
[3.241s] Level 1:colcon.colcon_core.package_discovery:discover_packages(colcon_meta) discover
[3.241s] Level 1:colcon.colcon_core.package_discovery:discover_packages(recursive) discover
[3.242s] INFO:colcon.colcon_core.package_discovery:Crawling recursively for packages in '/voiture2A-ros'
[3.243s] Level 1:colcon.colcon_core.package_identification:_identify(.) by extensions ['ignore', 'ignore_ament_install']
[3.244s] Level 1:colcon.colcon_core.package_identification:_identify(.) by extension 'ignore'
[3.245s] Level 1:colcon.colcon_core.package_identification:_identify(.) by extension 'ignore_ament_install'
[3.246s] Level 1:colcon.colcon_core.package_identification:_identify(.) by extensions ['colcon_pkg']
[3.246s] Level 1:colcon.colcon_core.package_identification:_identify(.) by extension 'colcon_pkg'
[3.247s] Level 1:colcon.colcon_core.package_identification:_identify(.) by extensions ['colcon_meta']
[3.247s] Level 1:colcon.colcon_core.package_identification:_identify(.) by extension 'colcon_meta'
[3.248s] Level 1:colcon.colcon_core.package_identification:_identify(.) by extensions ['ros']
[3.248s] Level 1:colcon.colcon_core.package_identification:_identify(.) by extension 'ros'
[3.350s] Level 1:colcon.colcon_core.package_identification:_identify(.) by extensions ['cmake', 'python']
[3.350s] Level 1:colcon.colcon_core.package_identification:_identify(.) by extension 'cmake'
[3.351s] Level 1:colcon.colcon_core.package_identification:_identify(.) by extension 'python'
[3.351s] Level 1:colcon.colcon_core.package_identification:_identify(.) by extensions ['python_setup_py']
[3.352s] Level 1:colcon.colcon_core.package_identification:_identify(.) by extension 'python_setup_py'
[3.353s] Level 1:colcon.colcon_core.package_identification:_identify(build) by extensions ['ignore', 'ignore_ament_install']
[3.354s] Level 1:colcon.colcon_core.package_identification:_identify(build) by extension 'ignore'
[3.354s] Level 1:colcon.colcon_core.package_identification:_identify(build) ignored
[3.356s] Level 1:colcon.colcon_core.package_identification:_identify(install) by extensions ['ignore', 'ignore_ament_install']
[3.356s] Level 1:colcon.colcon_core.package_identification:_identify(install) by extension 'ignore'
[3.357s] Level 1:colcon.colcon_core.package_identification:_identify(install) ignored
[3.358s] Level 1:colcon.colcon_core.package_identification:_identify(log) by extensions ['ignore', 'ignore_ament_install']
[3.359s] Level 1:colcon.colcon_core.package_identification:_identify(log) by extension 'ignore'
[3.359s] Level 1:colcon.colcon_core.package_identification:_identify(log) ignored
[3.360s] Level 1:colcon.colcon_core.package_identification:_identify(src) by extensions ['ignore', 'ignore_ament_install']
[3.361s] Level 1:colcon.colcon_core.package_identification:_identify(src) by extension 'ignore'
[3.361s] Level 1:colcon.colcon_core.package_identification:_identify(src) by extension 'ignore_ament_install'
[3.362s] Level 1:colcon.colcon_core.package_identification:_identify(src) by extensions ['colcon_pkg']
[3.362s] Level 1:colcon.colcon_core.package_identification:_identify(src) by extension 'colcon_pkg'
[3.363s] Level 1:colcon.colcon_core.package_identification:_identify(src) by extensions ['colcon_meta']
[3.363s] Level 1:colcon.colcon_core.package_identification:_identify(src) by extension 'colcon_meta'
[3.364s] Level 1:colcon.colcon_core.package_identification:_identify(src) by extensions ['ros']
[3.364s] Level 1:colcon.colcon_core.package_identification:_identify(src) by extension 'ros'
[3.365s] Level 1:colcon.colcon_core.package_identification:_identify(src) by extensions ['cmake', 'python']
[3.365s] Level 1:colcon.colcon_core.package_identification:_identify(src) by extension 'cmake'
[3.366s] Level 1:colcon.colcon_core.package_identification:_identify(src) by extension 'python'
[3.366s] Level 1:colcon.colcon_core.package_identification:_identify(src) by extensions ['python_setup_py']
[3.366s] Level 1:colcon.colcon_core.package_identification:_identify(src) by extension 'python_setup_py'
[3.367s] Level 1:colcon.colcon_core.package_identification:_identify(src/calibration) by extensions ['ignore', 'ignore_ament_install']
[3.368s] Level 1:colcon.colcon_core.package_identification:_identify(src/calibration) by extension 'ignore'
[3.369s] Level 1:colcon.colcon_core.package_identification:_identify(src/calibration) by extension 'ignore_ament_install'
[3.369s] Level 1:colcon.colcon_core.package_identification:_identify(src/calibration) by extensions ['colcon_pkg']
[3.370s] Level 1:colcon.colcon_core.package_identification:_identify(src/calibration) by extension 'colcon_pkg'
[3.370s] Level 1:colcon.colcon_core.package_identification:_identify(src/calibration) by extensions ['colcon_meta']
[3.370s] Level 1:colcon.colcon_core.package_identification:_identify(src/calibration) by extension 'colcon_meta'
[3.371s] Level 1:colcon.colcon_core.package_identification:_identify(src/calibration) by extensions ['ros']
[3.371s] Level 1:colcon.colcon_core.package_identification:_identify(src/calibration) by extension 'ros'
[3.405s] DEBUG:colcon.colcon_core.package_identification:Package 'src/calibration' with type 'ros.ament_python' and name 'calibration'
[3.406s] Level 1:colcon.colcon_core.package_identification:_identify(src/gpsd_client) by extensions ['ignore', 'ignore_ament_install']
[3.406s] Level 1:colcon.colcon_core.package_identification:_identify(src/gpsd_client) by extension 'ignore'
[3.407s] Level 1:colcon.colcon_core.package_identification:_identify(src/gpsd_client) by extension 'ignore_ament_install'
[3.408s] Level 1:colcon.colcon_core.package_identification:_identify(src/gpsd_client) by extensions ['colcon_pkg']
[3.408s] Level 1:colcon.colcon_core.package_identification:_identify(src/gpsd_client) by extension 'colcon_pkg'
[3.408s] Level 1:colcon.colcon_core.package_identification:_identify(src/gpsd_client) by extensions ['colcon_meta']
[3.409s] Level 1:colcon.colcon_core.package_identification:_identify(src/gpsd_client) by extension 'colcon_meta'
[3.409s] Level 1:colcon.colcon_core.package_identification:_identify(src/gpsd_client) by extensions ['ros']
[3.410s] Level 1:colcon.colcon_core.package_identification:_identify(src/gpsd_client) by extension 'ros'
[3.416s] DEBUG:colcon.colcon_core.package_identification:Package 'src/gpsd_client' with type 'ros.ament_cmake' and name 'gpsd_client'
[3.417s] Level 1:colcon.colcon_core.package_identification:_identify(src/icm20948_driver) by extensions ['ignore', 'ignore_ament_install']
[3.418s] Level 1:colcon.colcon_core.package_identification:_identify(src/icm20948_driver) by extension 'ignore'
[3.418s] Level 1:colcon.colcon_core.package_identification:_identify(src/icm20948_driver) by extension 'ignore_ament_install'
[3.419s] Level 1:colcon.colcon_core.package_identification:_identify(src/icm20948_driver) by extensions ['colcon_pkg']
[3.419s] Level 1:colcon.colcon_core.package_identification:_identify(src/icm20948_driver) by extension 'colcon_pkg'
[3.420s] Level 1:colcon.colcon_core.package_identification:_identify(src/icm20948_driver) by extensions ['colcon_meta']
[3.420s] Level 1:colcon.colcon_core.package_identification:_identify(src/icm20948_driver) by extension 'colcon_meta'
[3.421s] Level 1:colcon.colcon_core.package_identification:_identify(src/icm20948_driver) by extensions ['ros']
[3.421s] Level 1:colcon.colcon_core.package_identification:_identify(src/icm20948_driver) by extension 'ros'
[3.432s] DEBUG:colcon.colcon_core.package_identification:Package 'src/icm20948_driver' with type 'ros.ament_cmake' and name 'icm20948_driver'
[3.433s] Level 1:colcon.colcon_core.package_identification:_identify(src/notre_package) by extensions ['ignore', 'ignore_ament_install']
[3.433s] Level 1:colcon.colcon_core.package_identification:_identify(src/notre_package) by extension 'ignore'
[3.434s] Level 1:colcon.colcon_core.package_identification:_identify(src/notre_package) by extension 'ignore_ament_install'
[3.434s] Level 1:colcon.colcon_core.package_identification:_identify(src/notre_package) by extensions ['colcon_pkg']
[3.435s] Level 1:colcon.colcon_core.package_identification:_identify(src/notre_package) by extension 'colcon_pkg'
[3.435s] Level 1:colcon.colcon_core.package_identification:_identify(src/notre_package) by extensions ['colcon_meta']
[3.436s] Level 1:colcon.colcon_core.package_identification:_identify(src/notre_package) by extension 'colcon_meta'
[3.436s] Level 1:colcon.colcon_core.package_identification:_identify(src/notre_package) by extensions ['ros']
[3.436s] Level 1:colcon.colcon_core.package_identification:_identify(src/notre_package) by extension 'ros'
[3.441s] DEBUG:colcon.colcon_core.package_identification:Package 'src/notre_package' with type 'ros.ament_python' and name 'notre_package'
[3.441s] Level 1:colcon.colcon_core.package_identification:_identify(src/voiture2a_motors_driver) by extensions ['ignore', 'ignore_ament_install']
[3.442s] Level 1:colcon.colcon_core.package_identification:_identify(src/voiture2a_motors_driver) by extension 'ignore'
[3.443s] Level 1:colcon.colcon_core.package_identification:_identify(src/voiture2a_motors_driver) by extension 'ignore_ament_install'
[3.443s] Level 1:colcon.colcon_core.package_identification:_identify(src/voiture2a_motors_driver) by extensions ['colcon_pkg']
[3.444s] Level 1:colcon.colcon_core.package_identification:_identify(src/voiture2a_motors_driver) by extension 'colcon_pkg'
[3.444s] Level 1:colcon.colcon_core.package_identification:_identify(src/voiture2a_motors_driver) by extensions ['colcon_meta']
[3.444s] Level 1:colcon.colcon_core.package_identification:_identify(src/voiture2a_motors_driver) by extension 'colcon_meta'
[3.445s] Level 1:colcon.colcon_core.package_identification:_identify(src/voiture2a_motors_driver) by extensions ['ros']
[3.445s] Level 1:colcon.colcon_core.package_identification:_identify(src/voiture2a_motors_driver) by extension 'ros'
[3.450s] DEBUG:colcon.colcon_core.package_identification:Package 'src/voiture2a_motors_driver' with type 'ros.ament_cmake' and name 'voiture2a_motors_driver'
[3.451s] Level 1:colcon.colcon_core.package_discovery:discover_packages(recursive) using defaults
[3.451s] Level 1:colcon.colcon_core.package_discovery:discover_packages(ignore) discover
[3.452s] Level 1:colcon.colcon_core.package_discovery:discover_packages(ignore) using defaults
[3.452s] Level 1:colcon.colcon_core.package_discovery:discover_packages(path) discover
[3.452s] Level 1:colcon.colcon_core.package_discovery:discover_packages(path) using defaults
[3.627s] Level 5:colcon.colcon_core.verb:set package 'calibration' build argument 'cmake_args' from command line to 'None'
[3.627s] Level 5:colcon.colcon_core.verb:set package 'calibration' build argument 'cmake_target' from command line to 'None'
[3.627s] Level 5:colcon.colcon_core.verb:set package 'calibration' build argument 'cmake_target_skip_unavailable' from command line to 'False'
[3.628s] Level 5:colcon.colcon_core.verb:set package 'calibration' build argument 'cmake_clean_cache' from command line to 'False'
[3.628s] Level 5:colcon.colcon_core.verb:set package 'calibration' build argument 'cmake_clean_first' from command line to 'False'
[3.628s] Level 5:colcon.colcon_core.verb:set package 'calibration' build argument 'cmake_force_configure' from command line to 'False'
[3.628s] Level 5:colcon.colcon_core.verb:set package 'calibration' build argument 'ament_cmake_args' from command line to 'None'
[3.629s] Level 5:colcon.colcon_core.verb:set package 'calibration' build argument 'catkin_cmake_args' from command line to 'None'
[3.629s] Level 5:colcon.colcon_core.verb:set package 'calibration' build argument 'catkin_skip_building_tests' from command line to 'False'
[3.629s] DEBUG:colcon.colcon_core.verb:Building package 'calibration' with the following arguments: {'ament_cmake_args': None, 'build_base': '/voiture2A-ros/build/calibration', 'catkin_cmake_args': None, 'catkin_skip_building_tests': False, 'cmake_args': None, 'cmake_clean_cache': False, 'cmake_clean_first': False, 'cmake_force_configure': False, 'cmake_target': None, 'cmake_target_skip_unavailable': False, 'install_base': '/voiture2A-ros/install/calibration', 'merge_install': False, 'path': '/voiture2A-ros/src/calibration', 'symlink_install': False, 'test_result_base': None}
[3.633s] Level 5:colcon.colcon_core.verb:set package 'gpsd_client' build argument 'cmake_args' from command line to 'None'
[3.633s] Level 5:colcon.colcon_core.verb:set package 'gpsd_client' build argument 'cmake_target' from command line to 'None'
[3.633s] Level 5:colcon.colcon_core.verb:set package 'gpsd_client' build argument 'cmake_target_skip_unavailable' from command line to 'False'
[3.633s] Level 5:colcon.colcon_core.verb:set package 'gpsd_client' build argument 'cmake_clean_cache' from command line to 'False'
[3.634s] Level 5:colcon.colcon_core.verb:set package 'gpsd_client' build argument 'cmake_clean_first' from command line to 'False'
[3.634s] Level 5:colcon.colcon_core.verb:set package 'gpsd_client' build argument 'cmake_force_configure' from command line to 'False'
[3.634s] Level 5:colcon.colcon_core.verb:set package 'gpsd_client' build argument 'ament_cmake_args' from command line to 'None'
[3.634s] Level 5:colcon.colcon_core.verb:set package 'gpsd_client' build argument 'catkin_cmake_args' from command line to 'None'
[3.634s] Level 5:colcon.colcon_core.verb:set package 'gpsd_client' build argument 'catkin_skip_building_tests' from command line to 'False'
[3.635s] DEBUG:colcon.colcon_core.verb:Building package 'gpsd_client' with the following arguments: {'ament_cmake_args': None, 'build_base': '/voiture2A-ros/build/gpsd_client', 'catkin_cmake_args': None, 'catkin_skip_building_tests': False, 'cmake_args': None, 'cmake_clean_cache': False, 'cmake_clean_first': False, 'cmake_force_configure': False, 'cmake_target': None, 'cmake_target_skip_unavailable': False, 'install_base': '/voiture2A-ros/install/gpsd_client', 'merge_install': False, 'path': '/voiture2A-ros/src/gpsd_client', 'symlink_install': False, 'test_result_base': None}
[3.638s] Level 5:colcon.colcon_core.verb:set package 'icm20948_driver' build argument 'cmake_args' from command line to 'None'
[3.638s] Level 5:colcon.colcon_core.verb:set package 'icm20948_driver' build argument 'cmake_target' from command line to 'None'
[3.639s] Level 5:colcon.colcon_core.verb:set package 'icm20948_driver' build argument 'cmake_target_skip_unavailable' from command line to 'False'
[3.639s] Level 5:colcon.colcon_core.verb:set package 'icm20948_driver' build argument 'cmake_clean_cache' from command line to 'False'
[3.639s] Level 5:colcon.colcon_core.verb:set package 'icm20948_driver' build argument 'cmake_clean_first' from command line to 'False'
[3.639s] Level 5:colcon.colcon_core.verb:set package 'icm20948_driver' build argument 'cmake_force_configure' from command line to 'False'
[3.639s] Level 5:colcon.colcon_core.verb:set package 'icm20948_driver' build argument 'ament_cmake_args' from command line to 'None'
[3.640s] Level 5:colcon.colcon_core.verb:set package 'icm20948_driver' build argument 'catkin_cmake_args' from command line to 'None'
[3.640s] Level 5:colcon.colcon_core.verb:set package 'icm20948_driver' build argument 'catkin_skip_building_tests' from command line to 'False'
[3.640s] DEBUG:colcon.colcon_core.verb:Building package 'icm20948_driver' with the following arguments: {'ament_cmake_args': None, 'build_base': '/voiture2A-ros/build/icm20948_driver', 'catkin_cmake_args': None, 'catkin_skip_building_tests': False, 'cmake_args': None, 'cmake_clean_cache': False, 'cmake_clean_first': False, 'cmake_force_configure': False, 'cmake_target': None, 'cmake_target_skip_unavailable': False, 'install_base': '/voiture2A-ros/install/icm20948_driver', 'merge_install': False, 'path': '/voiture2A-ros/src/icm20948_driver', 'symlink_install': False, 'test_result_base': None}
[3.643s] Level 5:colcon.colcon_core.verb:set package 'notre_package' build argument 'cmake_args' from command line to 'None'
[3.644s] Level 5:colcon.colcon_core.verb:set package 'notre_package' build argument 'cmake_target' from command line to 'None'
[3.644s] Level 5:colcon.colcon_core.verb:set package 'notre_package' build argument 'cmake_target_skip_unavailable' from command line to 'False'
[3.644s] Level 5:colcon.colcon_core.verb:set package 'notre_package' build argument 'cmake_clean_cache' from command line to 'False'
[3.644s] Level 5:colcon.colcon_core.verb:set package 'notre_package' build argument 'cmake_clean_first' from command line to 'False'
[3.645s] Level 5:colcon.colcon_core.verb:set package 'notre_package' build argument 'cmake_force_configure' from command line to 'False'
[3.645s] Level 5:colcon.colcon_core.verb:set package 'notre_package' build argument 'ament_cmake_args' from command line to 'None'
[3.645s] Level 5:colcon.colcon_core.verb:set package 'notre_package' build argument 'catkin_cmake_args' from command line to 'None'
[3.645s] Level 5:colcon.colcon_core.verb:set package 'notre_package' build argument 'catkin_skip_building_tests' from command line to 'False'
[3.646s] DEBUG:colcon.colcon_core.verb:Building package 'notre_package' with the following arguments: {'ament_cmake_args': None, 'build_base': '/voiture2A-ros/build/notre_package', 'catkin_cmake_args': None, 'catkin_skip_building_tests': False, 'cmake_args': None, 'cmake_clean_cache': False, 'cmake_clean_first': False, 'cmake_force_configure': False, 'cmake_target': None, 'cmake_target_skip_unavailable': False, 'install_base': '/voiture2A-ros/install/notre_package', 'merge_install': False, 'path': '/voiture2A-ros/src/notre_package', 'symlink_install': False, 'test_result_base': None}
[3.649s] Level 5:colcon.colcon_core.verb:set package 'voiture2a_motors_driver' build argument 'cmake_args' from command line to 'None'
[3.649s] Level 5:colcon.colcon_core.verb:set package 'voiture2a_motors_driver' build argument 'cmake_target' from command line to 'None'
[3.649s] Level 5:colcon.colcon_core.verb:set package 'voiture2a_motors_driver' build argument 'cmake_target_skip_unavailable' from command line to 'False'
[3.649s] Level 5:colcon.colcon_core.verb:set package 'voiture2a_motors_driver' build argument 'cmake_clean_cache' from command line to 'False'
[3.650s] Level 5:colcon.colcon_core.verb:set package 'voiture2a_motors_driver' build argument 'cmake_clean_first' from command line to 'False'
[3.650s] Level 5:colcon.colcon_core.verb:set package 'voiture2a_motors_driver' build argument 'cmake_force_configure' from command line to 'False'
[3.650s] Level 5:colcon.colcon_core.verb:set package 'voiture2a_motors_driver' build argument 'ament_cmake_args' from command line to 'None'
[3.650s] Level 5:colcon.colcon_core.verb:set package 'voiture2a_motors_driver' build argument 'catkin_cmake_args' from command line to 'None'
[3.651s] Level 5:colcon.colcon_core.verb:set package 'voiture2a_motors_driver' build argument 'catkin_skip_building_tests' from command line to 'False'
[3.651s] DEBUG:colcon.colcon_core.verb:Building package 'voiture2a_motors_driver' with the following arguments: {'ament_cmake_args': None, 'build_base': '/voiture2A-ros/build/voiture2a_motors_driver', 'catkin_cmake_args': None, 'catkin_skip_building_tests': False, 'cmake_args': None, 'cmake_clean_cache': False, 'cmake_clean_first': False, 'cmake_force_configure': False, 'cmake_target': None, 'cmake_target_skip_unavailable': False, 'install_base': '/voiture2A-ros/install/voiture2a_motors_driver', 'merge_install': False, 'path': '/voiture2A-ros/src/voiture2a_motors_driver', 'symlink_install': False, 'test_result_base': None}
[3.652s] INFO:colcon.colcon_core.executor:Executing jobs using 'parallel' executor
[3.671s] DEBUG:colcon.colcon_parallel_executor.executor.parallel:run_until_complete
[3.678s] INFO:colcon.colcon_ros.task.ament_python.build:Building ROS package in '/voiture2A-ros/src/calibration' with build type 'ament_python'
[3.679s] Level 1:colcon.colcon_core.shell:create_environment_hook('calibration', 'ament_prefix_path')
[3.697s] INFO:colcon.colcon_core.plugin_system:Skipping extension 'colcon_core.shell.bat': Not used on non-Windows systems
[3.699s] INFO:colcon.colcon_core.shell:Creating environment hook '/voiture2A-ros/install/calibration/share/calibration/hook/ament_prefix_path.ps1'
[3.706s] INFO:colcon.colcon_core.shell:Creating environment descriptor '/voiture2A-ros/install/calibration/share/calibration/hook/ament_prefix_path.dsv'
[3.709s] INFO:colcon.colcon_core.shell:Creating environment hook '/voiture2A-ros/install/calibration/share/calibration/hook/ament_prefix_path.sh'
[3.717s] INFO:colcon.colcon_core.shell:Skip shell extension 'powershell' for command environment: Not usable outside of PowerShell
[3.717s] DEBUG:colcon.colcon_core.shell:Skip shell extension 'dsv' for command environment
[3.752s] INFO:colcon.colcon_ros.task.ament_cmake.build:Building ROS package in '/voiture2A-ros/src/gpsd_client' with build type 'ament_cmake'
[3.753s] INFO:colcon.colcon_cmake.task.cmake.build:Building CMake package in '/voiture2A-ros/src/gpsd_client'
[3.755s] INFO:colcon.colcon_core.shell:Skip shell extension 'powershell' for command environment: Not usable outside of PowerShell
[3.756s] DEBUG:colcon.colcon_core.shell:Skip shell extension 'dsv' for command environment
[3.781s] INFO:colcon.colcon_ros.task.ament_cmake.build:Building ROS package in '/voiture2A-ros/src/icm20948_driver' with build type 'ament_cmake'
[3.782s] INFO:colcon.colcon_cmake.task.cmake.build:Building CMake package in '/voiture2A-ros/src/icm20948_driver'
[3.784s] INFO:colcon.colcon_core.shell:Skip shell extension 'powershell' for command environment: Not usable outside of PowerShell
[3.784s] DEBUG:colcon.colcon_core.shell:Skip shell extension 'dsv' for command environment
[3.810s] INFO:colcon.colcon_ros.task.ament_python.build:Building ROS package in '/voiture2A-ros/src/notre_package' with build type 'ament_python'
[3.811s] Level 1:colcon.colcon_core.shell:create_environment_hook('notre_package', 'ament_prefix_path')
[3.813s] INFO:colcon.colcon_core.shell:Creating environment hook '/voiture2A-ros/install/notre_package/share/notre_package/hook/ament_prefix_path.ps1'
[3.820s] INFO:colcon.colcon_core.shell:Creating environment descriptor '/voiture2A-ros/install/notre_package/share/notre_package/hook/ament_prefix_path.dsv'
[3.823s] INFO:colcon.colcon_core.shell:Creating environment hook '/voiture2A-ros/install/notre_package/share/notre_package/hook/ament_prefix_path.sh'
[3.827s] INFO:colcon.colcon_core.shell:Skip shell extension 'powershell' for command environment: Not usable outside of PowerShell
[3.828s] DEBUG:colcon.colcon_core.shell:Skip shell extension 'dsv' for command environment
[3.849s] INFO:colcon.colcon_ros.task.ament_cmake.build:Building ROS package in '/voiture2A-ros/src/voiture2a_motors_driver' with build type 'ament_cmake'
[3.850s] INFO:colcon.colcon_cmake.task.cmake.build:Building CMake package in '/voiture2A-ros/src/voiture2a_motors_driver'
[3.852s] INFO:colcon.colcon_core.shell:Skip shell extension 'powershell' for command environment: Not usable outside of PowerShell
[3.852s] DEBUG:colcon.colcon_core.shell:Skip shell extension 'dsv' for command environment
[5.140s] INFO:colcon.colcon_core.task.python.build:Building Python package in '/voiture2A-ros/src/calibration'
[5.141s] INFO:colcon.colcon_core.shell:Skip shell extension 'powershell' for command environment: Not usable outside of PowerShell
[5.141s] DEBUG:colcon.colcon_core.shell:Skip shell extension 'dsv' for command environment
[5.166s] DEBUG:colcon.colcon_core.event_handler.log_command:Invoking command in '/voiture2A-ros/build/gpsd_client': CMAKE_PREFIX_PATH=/opt/ros/rolling /usr/bin/cmake --build /voiture2A-ros/build/gpsd_client -- -j16 -l16
[5.177s] DEBUG:colcon.colcon_core.event_handler.log_command:Invoking command in '/voiture2A-ros/build/icm20948_driver': CMAKE_PREFIX_PATH=/opt/ros/rolling /usr/bin/cmake --build /voiture2A-ros/build/icm20948_driver -- -j16 -l16
[6.584s] INFO:colcon.colcon_core.task.python.build:Building Python package in '/voiture2A-ros/src/notre_package'
[6.587s] INFO:colcon.colcon_core.shell:Skip shell extension 'powershell' for command environment: Not usable outside of PowerShell
[6.587s] DEBUG:colcon.colcon_core.shell:Skip shell extension 'dsv' for command environment
[6.623s] DEBUG:colcon.colcon_core.event_handler.log_command:Invoking command in '/voiture2A-ros/build/voiture2a_motors_driver': CMAKE_PREFIX_PATH=/opt/ros/rolling /usr/bin/cmake --build /voiture2A-ros/build/voiture2a_motors_driver -- -j16 -l16
[8.228s] DEBUG:colcon.colcon_core.event_handler.log_command:Invoked command in '/voiture2A-ros/build/gpsd_client' returned '0': CMAKE_PREFIX_PATH=/opt/ros/rolling /usr/bin/cmake --build /voiture2A-ros/build/gpsd_client -- -j16 -l16
[8.328s] DEBUG:colcon.colcon_core.event_handler.log_command:Invoking command in '/voiture2A-ros/build/gpsd_client': CMAKE_PREFIX_PATH=/opt/ros/rolling /usr/bin/cmake --install /voiture2A-ros/build/gpsd_client
[8.341s] DEBUG:colcon.colcon_core.event_handler.log_command:Invoked command in '/voiture2A-ros/build/icm20948_driver' returned '0': CMAKE_PREFIX_PATH=/opt/ros/rolling /usr/bin/cmake --build /voiture2A-ros/build/icm20948_driver -- -j16 -l16
[8.347s] DEBUG:colcon.colcon_core.event_handler.log_command:Invoking command in '/voiture2A-ros/build/icm20948_driver': CMAKE_PREFIX_PATH=/opt/ros/rolling /usr/bin/cmake --install /voiture2A-ros/build/icm20948_driver
[8.729s] DEBUG:colcon.colcon_core.event_handler.log_command:Invoking command in '/voiture2A-ros/src/calibration': PYTHONPATH=/voiture2A-ros/build/calibration/prefix_override:/usr/lib/python3/dist-packages/colcon_core/task/python/colcon_distutils_commands:/voiture2A-ros/install/calibration/lib/python3.10/site-packages:${PYTHONPATH} /usr/bin/python3 -W ignore:setup.py install is deprecated -W ignore:easy_install command is deprecated setup.py egg_info --egg-base ../../build/calibration build --build-base /voiture2A-ros/build/calibration/build install --record /voiture2A-ros/build/calibration/install.log --single-version-externally-managed install_data
[8.779s] DEBUG:colcon.colcon_core.event_handler.log_command:Invoking command in '/voiture2A-ros/src/notre_package': PYTHONPATH=/voiture2A-ros/build/notre_package/prefix_override:/usr/lib/python3/dist-packages/colcon_core/task/python/colcon_distutils_commands:/voiture2A-ros/install/notre_package/lib/python3.10/site-packages:${PYTHONPATH} /usr/bin/python3 -W ignore:setup.py install is deprecated -W ignore:easy_install command is deprecated setup.py egg_info --egg-base ../../build/notre_package build --build-base /voiture2A-ros/build/notre_package/build install --record /voiture2A-ros/build/notre_package/install.log --single-version-externally-managed install_data
[8.867s] Level 1:colcon.colcon_core.environment:create_environment_scripts_only(gpsd_client)
[8.904s] Level 1:colcon.colcon_core.environment:checking '/voiture2A-ros/install/gpsd_client' for CMake module files
[8.919s] DEBUG:colcon.colcon_core.event_handler.log_command:Invoked command in '/voiture2A-ros/build/gpsd_client' returned '0': CMAKE_PREFIX_PATH=/opt/ros/rolling /usr/bin/cmake --install /voiture2A-ros/build/gpsd_client
[8.919s] Level 1:colcon.colcon_core.environment:checking '/voiture2A-ros/install/gpsd_client' for CMake config files
[8.921s] Level 1:colcon.colcon_core.shell:create_environment_hook('gpsd_client', 'cmake_prefix_path')
[8.923s] INFO:colcon.colcon_core.shell:Creating environment hook '/voiture2A-ros/install/gpsd_client/share/gpsd_client/hook/cmake_prefix_path.ps1'
[8.925s] INFO:colcon.colcon_core.shell:Creating environment descriptor '/voiture2A-ros/install/gpsd_client/share/gpsd_client/hook/cmake_prefix_path.dsv'
[8.927s] INFO:colcon.colcon_core.shell:Creating environment hook '/voiture2A-ros/install/gpsd_client/share/gpsd_client/hook/cmake_prefix_path.sh'
[8.931s] Level 1:colcon.colcon_core.environment:checking '/voiture2A-ros/install/gpsd_client/lib'
[8.932s] Level 1:colcon.colcon_core.shell:create_environment_hook('gpsd_client', 'ld_library_path_lib')
[8.934s] INFO:colcon.colcon_core.shell:Creating environment hook '/voiture2A-ros/install/gpsd_client/share/gpsd_client/hook/ld_library_path_lib.ps1'
[8.936s] INFO:colcon.colcon_core.shell:Creating environment descriptor '/voiture2A-ros/install/gpsd_client/share/gpsd_client/hook/ld_library_path_lib.dsv'
[8.938s] INFO:colcon.colcon_core.shell:Creating environment hook '/voiture2A-ros/install/gpsd_client/share/gpsd_client/hook/ld_library_path_lib.sh'
[8.941s] Level 1:colcon.colcon_core.environment:checking '/voiture2A-ros/install/gpsd_client/bin'
[8.941s] Level 1:colcon.colcon_core.environment:checking '/voiture2A-ros/install/gpsd_client/lib/pkgconfig/gpsd_client.pc'
[8.942s] Level 1:colcon.colcon_core.environment:checking '/voiture2A-ros/install/gpsd_client/lib/python3.10/site-packages'
[8.943s] Level 1:colcon.colcon_core.shell:create_environment_hook('gpsd_client', 'pythonpath')
[8.944s] INFO:colcon.colcon_core.shell:Creating environment hook '/voiture2A-ros/install/gpsd_client/share/gpsd_client/hook/pythonpath.ps1'
[8.946s] INFO:colcon.colcon_core.shell:Creating environment descriptor '/voiture2A-ros/install/gpsd_client/share/gpsd_client/hook/pythonpath.dsv'
[8.949s] INFO:colcon.colcon_core.shell:Creating environment hook '/voiture2A-ros/install/gpsd_client/share/gpsd_client/hook/pythonpath.sh'
[8.952s] Level 1:colcon.colcon_core.environment:checking '/voiture2A-ros/install/gpsd_client/bin'
[8.955s] INFO:colcon.colcon_core.shell:Creating package script '/voiture2A-ros/install/gpsd_client/share/gpsd_client/package.ps1'
[8.962s] INFO:colcon.colcon_core.shell:Creating package descriptor '/voiture2A-ros/install/gpsd_client/share/gpsd_client/package.dsv'
[8.966s] INFO:colcon.colcon_core.shell:Creating package script '/voiture2A-ros/install/gpsd_client/share/gpsd_client/package.sh'
[8.974s] INFO:colcon.colcon_core.shell:Creating package script '/voiture2A-ros/install/gpsd_client/share/gpsd_client/package.bash'
[8.980s] INFO:colcon.colcon_core.shell:Creating package script '/voiture2A-ros/install/gpsd_client/share/gpsd_client/package.zsh'
[8.985s] Level 1:colcon.colcon_core.environment:create_file_with_runtime_dependencies(/voiture2A-ros/install/gpsd_client/share/colcon-core/packages/gpsd_client)
[8.989s] Level 1:colcon.colcon_core.environment:create_environment_scripts_only(gpsd_client)
[8.990s] Level 1:colcon.colcon_core.environment:checking '/voiture2A-ros/install/gpsd_client' for CMake module files
[8.993s] Level 1:colcon.colcon_core.environment:checking '/voiture2A-ros/install/gpsd_client' for CMake config files
[8.996s] Level 1:colcon.colcon_core.shell:create_environment_hook('gpsd_client', 'cmake_prefix_path')
[8.998s] INFO:colcon.colcon_core.shell:Creating environment hook '/voiture2A-ros/install/gpsd_client/share/gpsd_client/hook/cmake_prefix_path.ps1'
[9.001s] INFO:colcon.colcon_core.shell:Creating environment descriptor '/voiture2A-ros/install/gpsd_client/share/gpsd_client/hook/cmake_prefix_path.dsv'
[9.003s] INFO:colcon.colcon_core.shell:Creating environment hook '/voiture2A-ros/install/gpsd_client/share/gpsd_client/hook/cmake_prefix_path.sh'
[9.009s] Level 1:colcon.colcon_core.environment:checking '/voiture2A-ros/install/gpsd_client/lib'
[9.009s] Level 1:colcon.colcon_core.shell:create_environment_hook('gpsd_client', 'ld_library_path_lib')
[9.011s] INFO:colcon.colcon_core.shell:Creating environment hook '/voiture2A-ros/install/gpsd_client/share/gpsd_client/hook/ld_library_path_lib.ps1'
[9.014s] INFO:colcon.colcon_core.shell:Creating environment descriptor '/voiture2A-ros/install/gpsd_client/share/gpsd_client/hook/ld_library_path_lib.dsv'
[9.016s] INFO:colcon.colcon_core.shell:Creating environment hook '/voiture2A-ros/install/gpsd_client/share/gpsd_client/hook/ld_library_path_lib.sh'
[9.019s] Level 1:colcon.colcon_core.environment:checking '/voiture2A-ros/install/gpsd_client/bin'
[9.020s] Level 1:colcon.colcon_core.environment:checking '/voiture2A-ros/install/gpsd_client/lib/pkgconfig/gpsd_client.pc'
[9.021s] Level 1:colcon.colcon_core.environment:checking '/voiture2A-ros/install/gpsd_client/lib/python3.10/site-packages'
[9.021s] Level 1:colcon.colcon_core.shell:create_environment_hook('gpsd_client', 'pythonpath')
[9.022s] INFO:colcon.colcon_core.shell:Creating environment hook '/voiture2A-ros/install/gpsd_client/share/gpsd_client/hook/pythonpath.ps1'
[9.024s] INFO:colcon.colcon_core.shell:Creating environment descriptor '/voiture2A-ros/install/gpsd_client/share/gpsd_client/hook/pythonpath.dsv'
[9.026s] INFO:colcon.colcon_core.shell:Creating environment hook '/voiture2A-ros/install/gpsd_client/share/gpsd_client/hook/pythonpath.sh'
[9.030s] Level 1:colcon.colcon_core.environment:checking '/voiture2A-ros/install/gpsd_client/bin'
[9.032s] INFO:colcon.colcon_core.shell:Creating package script '/voiture2A-ros/install/gpsd_client/share/gpsd_client/package.ps1'
[9.037s] INFO:colcon.colcon_core.shell:Creating package descriptor '/voiture2A-ros/install/gpsd_client/share/gpsd_client/package.dsv'
[9.041s] INFO:colcon.colcon_core.shell:Creating package script '/voiture2A-ros/install/gpsd_client/share/gpsd_client/package.sh'
[9.044s] INFO:colcon.colcon_core.shell:Creating package script '/voiture2A-ros/install/gpsd_client/share/gpsd_client/package.bash'
[9.047s] INFO:colcon.colcon_core.shell:Creating package script '/voiture2A-ros/install/gpsd_client/share/gpsd_client/package.zsh'
[9.050s] Level 1:colcon.colcon_core.environment:create_file_with_runtime_dependencies(/voiture2A-ros/install/gpsd_client/share/colcon-core/packages/gpsd_client)
[9.056s] Level 1:colcon.colcon_core.environment:create_environment_scripts_only(icm20948_driver)
[9.057s] Level 1:colcon.colcon_core.environment:checking '/voiture2A-ros/install/icm20948_driver' for CMake module files
[9.060s] DEBUG:colcon.colcon_core.event_handler.log_command:Invoked command in '/voiture2A-ros/build/icm20948_driver' returned '0': CMAKE_PREFIX_PATH=/opt/ros/rolling /usr/bin/cmake --install /voiture2A-ros/build/icm20948_driver
[9.062s] Level 1:colcon.colcon_core.environment:checking '/voiture2A-ros/install/icm20948_driver' for CMake config files
[9.064s] Level 1:colcon.colcon_core.shell:create_environment_hook('icm20948_driver', 'cmake_prefix_path')
[9.067s] INFO:colcon.colcon_core.shell:Creating environment hook '/voiture2A-ros/install/icm20948_driver/share/icm20948_driver/hook/cmake_prefix_path.ps1'
[9.070s] INFO:colcon.colcon_core.shell:Creating environment descriptor '/voiture2A-ros/install/icm20948_driver/share/icm20948_driver/hook/cmake_prefix_path.dsv'
[9.073s] INFO:colcon.colcon_core.shell:Creating environment hook '/voiture2A-ros/install/icm20948_driver/share/icm20948_driver/hook/cmake_prefix_path.sh'
[9.076s] Level 1:colcon.colcon_core.environment:checking '/voiture2A-ros/install/icm20948_driver/lib'
[9.077s] Level 1:colcon.colcon_core.shell:create_environment_hook('icm20948_driver', 'ld_library_path_lib')
[9.078s] INFO:colcon.colcon_core.shell:Creating environment hook '/voiture2A-ros/install/icm20948_driver/share/icm20948_driver/hook/ld_library_path_lib.ps1'
[9.081s] INFO:colcon.colcon_core.shell:Creating environment descriptor '/voiture2A-ros/install/icm20948_driver/share/icm20948_driver/hook/ld_library_path_lib.dsv'
[9.083s] INFO:colcon.colcon_core.shell:Creating environment hook '/voiture2A-ros/install/icm20948_driver/share/icm20948_driver/hook/ld_library_path_lib.sh'
[9.086s] Level 1:colcon.colcon_core.environment:checking '/voiture2A-ros/install/icm20948_driver/bin'
[9.086s] Level 1:colcon.colcon_core.environment:checking '/voiture2A-ros/install/icm20948_driver/lib/pkgconfig/icm20948_driver.pc'
[9.087s] Level 1:colcon.colcon_core.environment:checking '/voiture2A-ros/install/icm20948_driver/lib/python3.10/site-packages'
[9.087s] Level 1:colcon.colcon_core.shell:create_environment_hook('icm20948_driver', 'pythonpath')
[9.089s] INFO:colcon.colcon_core.shell:Creating environment hook '/voiture2A-ros/install/icm20948_driver/share/icm20948_driver/hook/pythonpath.ps1'
[9.092s] INFO:colcon.colcon_core.shell:Creating environment descriptor '/voiture2A-ros/install/icm20948_driver/share/icm20948_driver/hook/pythonpath.dsv'
[9.094s] INFO:colcon.colcon_core.shell:Creating environment hook '/voiture2A-ros/install/icm20948_driver/share/icm20948_driver/hook/pythonpath.sh'
[9.097s] Level 1:colcon.colcon_core.environment:checking '/voiture2A-ros/install/icm20948_driver/bin'
[9.099s] INFO:colcon.colcon_core.shell:Creating package script '/voiture2A-ros/install/icm20948_driver/share/icm20948_driver/package.ps1'
[9.103s] INFO:colcon.colcon_core.shell:Creating package descriptor '/voiture2A-ros/install/icm20948_driver/share/icm20948_driver/package.dsv'
[9.106s] INFO:colcon.colcon_core.shell:Creating package script '/voiture2A-ros/install/icm20948_driver/share/icm20948_driver/package.sh'
[9.110s] INFO:colcon.colcon_core.shell:Creating package script '/voiture2A-ros/install/icm20948_driver/share/icm20948_driver/package.bash'
[9.112s] INFO:colcon.colcon_core.shell:Creating package script '/voiture2A-ros/install/icm20948_driver/share/icm20948_driver/package.zsh'
[9.114s] Level 1:colcon.colcon_core.environment:create_file_with_runtime_dependencies(/voiture2A-ros/install/icm20948_driver/share/colcon-core/packages/icm20948_driver)
[9.118s] Level 1:colcon.colcon_core.environment:create_environment_scripts_only(icm20948_driver)
[9.119s] Level 1:colcon.colcon_core.environment:checking '/voiture2A-ros/install/icm20948_driver' for CMake module files
[9.122s] Level 1:colcon.colcon_core.environment:checking '/voiture2A-ros/install/icm20948_driver' for CMake config files
[9.124s] Level 1:colcon.colcon_core.shell:create_environment_hook('icm20948_driver', 'cmake_prefix_path')
[9.126s] INFO:colcon.colcon_core.shell:Creating environment hook '/voiture2A-ros/install/icm20948_driver/share/icm20948_driver/hook/cmake_prefix_path.ps1'
[9.128s] INFO:colcon.colcon_core.shell:Creating environment descriptor '/voiture2A-ros/install/icm20948_driver/share/icm20948_driver/hook/cmake_prefix_path.dsv'
[9.130s] INFO:colcon.colcon_core.shell:Creating environment hook '/voiture2A-ros/install/icm20948_driver/share/icm20948_driver/hook/cmake_prefix_path.sh'
[9.134s] Level 1:colcon.colcon_core.environment:checking '/voiture2A-ros/install/icm20948_driver/lib'
[9.134s] Level 1:colcon.colcon_core.shell:create_environment_hook('icm20948_driver', 'ld_library_path_lib')
[9.136s] INFO:colcon.colcon_core.shell:Creating environment hook '/voiture2A-ros/install/icm20948_driver/share/icm20948_driver/hook/ld_library_path_lib.ps1'
[9.138s] INFO:colcon.colcon_core.shell:Creating environment descriptor '/voiture2A-ros/install/icm20948_driver/share/icm20948_driver/hook/ld_library_path_lib.dsv'
[9.140s] INFO:colcon.colcon_core.shell:Creating environment hook '/voiture2A-ros/install/icm20948_driver/share/icm20948_driver/hook/ld_library_path_lib.sh'
[9.142s] Level 1:colcon.colcon_core.environment:checking '/voiture2A-ros/install/icm20948_driver/bin'
[9.143s] Level 1:colcon.colcon_core.environment:checking '/voiture2A-ros/install/icm20948_driver/lib/pkgconfig/icm20948_driver.pc'
[9.144s] Level 1:colcon.colcon_core.environment:checking '/voiture2A-ros/install/icm20948_driver/lib/python3.10/site-packages'
[9.144s] Level 1:colcon.colcon_core.shell:create_environment_hook('icm20948_driver', 'pythonpath')
[9.145s] INFO:colcon.colcon_core.shell:Creating environment hook '/voiture2A-ros/install/icm20948_driver/share/icm20948_driver/hook/pythonpath.ps1'
[9.148s] INFO:colcon.colcon_core.shell:Creating environment descriptor '/voiture2A-ros/install/icm20948_driver/share/icm20948_driver/hook/pythonpath.dsv'
[9.150s] INFO:colcon.colcon_core.shell:Creating environment hook '/voiture2A-ros/install/icm20948_driver/share/icm20948_driver/hook/pythonpath.sh'
[9.153s] Level 1:colcon.colcon_core.environment:checking '/voiture2A-ros/install/icm20948_driver/bin'
[9.155s] INFO:colcon.colcon_core.shell:Creating package script '/voiture2A-ros/install/icm20948_driver/share/icm20948_driver/package.ps1'
[9.159s] INFO:colcon.colcon_core.shell:Creating package descriptor '/voiture2A-ros/install/icm20948_driver/share/icm20948_driver/package.dsv'
[9.162s] INFO:colcon.colcon_core.shell:Creating package script '/voiture2A-ros/install/icm20948_driver/share/icm20948_driver/package.sh'
[9.166s] INFO:colcon.colcon_core.shell:Creating package script '/voiture2A-ros/install/icm20948_driver/share/icm20948_driver/package.bash'
[9.169s] INFO:colcon.colcon_core.shell:Creating package script '/voiture2A-ros/install/icm20948_driver/share/icm20948_driver/package.zsh'
[9.172s] Level 1:colcon.colcon_core.environment:create_file_with_runtime_dependencies(/voiture2A-ros/install/icm20948_driver/share/colcon-core/packages/icm20948_driver)
[9.582s] DEBUG:colcon.colcon_core.event_handler.log_command:Invoked command in '/voiture2A-ros/build/voiture2a_motors_driver' returned '0': CMAKE_PREFIX_PATH=/opt/ros/rolling /usr/bin/cmake --build /voiture2A-ros/build/voiture2a_motors_driver -- -j16 -l16
[9.589s] DEBUG:colcon.colcon_core.event_handler.log_command:Invoking command in '/voiture2A-ros/build/voiture2a_motors_driver': CMAKE_PREFIX_PATH=/opt/ros/rolling /usr/bin/cmake --install /voiture2A-ros/build/voiture2a_motors_driver
[10.075s] Level 1:colcon.colcon_core.environment:create_environment_scripts_only(voiture2a_motors_driver)
[10.077s] Level 1:colcon.colcon_core.environment:checking '/voiture2A-ros/install/voiture2a_motors_driver' for CMake module files
[10.082s] DEBUG:colcon.colcon_core.event_handler.log_command:Invoked command in '/voiture2A-ros/build/voiture2a_motors_driver' returned '0': CMAKE_PREFIX_PATH=/opt/ros/rolling /usr/bin/cmake --install /voiture2A-ros/build/voiture2a_motors_driver
[10.084s] Level 1:colcon.colcon_core.environment:checking '/voiture2A-ros/install/voiture2a_motors_driver' for CMake config files
[10.086s] Level 1:colcon.colcon_core.shell:create_environment_hook('voiture2a_motors_driver', 'cmake_prefix_path')
[10.087s] INFO:colcon.colcon_core.shell:Creating environment hook '/voiture2A-ros/install/voiture2a_motors_driver/share/voiture2a_motors_driver/hook/cmake_prefix_path.ps1'
[10.090s] INFO:colcon.colcon_core.shell:Creating environment descriptor '/voiture2A-ros/install/voiture2a_motors_driver/share/voiture2a_motors_driver/hook/cmake_prefix_path.dsv'
[10.092s] INFO:colcon.colcon_core.shell:Creating environment hook '/voiture2A-ros/install/voiture2a_motors_driver/share/voiture2a_motors_driver/hook/cmake_prefix_path.sh'
[10.095s] Level 1:colcon.colcon_core.environment:checking '/voiture2A-ros/install/voiture2a_motors_driver/lib'
[10.095s] Level 1:colcon.colcon_core.shell:create_environment_hook('voiture2a_motors_driver', 'ld_library_path_lib')
[10.096s] INFO:colcon.colcon_core.shell:Creating environment hook '/voiture2A-ros/install/voiture2a_motors_driver/share/voiture2a_motors_driver/hook/ld_library_path_lib.ps1'
[10.098s] INFO:colcon.colcon_core.shell:Creating environment descriptor '/voiture2A-ros/install/voiture2a_motors_driver/share/voiture2a_motors_driver/hook/ld_library_path_lib.dsv'
[10.100s] INFO:colcon.colcon_core.shell:Creating environment hook '/voiture2A-ros/install/voiture2a_motors_driver/share/voiture2a_motors_driver/hook/ld_library_path_lib.sh'
[10.102s] Level 1:colcon.colcon_core.environment:checking '/voiture2A-ros/install/voiture2a_motors_driver/bin'
[10.102s] Level 1:colcon.colcon_core.environment:checking '/voiture2A-ros/install/voiture2a_motors_driver/lib/pkgconfig/voiture2a_motors_driver.pc'
[10.103s] Level 1:colcon.colcon_core.environment:checking '/voiture2A-ros/install/voiture2a_motors_driver/lib/python3.10/site-packages'
[10.103s] Level 1:colcon.colcon_core.shell:create_environment_hook('voiture2a_motors_driver', 'pythonpath')
[10.104s] INFO:colcon.colcon_core.shell:Creating environment hook '/voiture2A-ros/install/voiture2a_motors_driver/share/voiture2a_motors_driver/hook/pythonpath.ps1'
[10.106s] INFO:colcon.colcon_core.shell:Creating environment descriptor '/voiture2A-ros/install/voiture2a_motors_driver/share/voiture2a_motors_driver/hook/pythonpath.dsv'
[10.108s] INFO:colcon.colcon_core.shell:Creating environment hook '/voiture2A-ros/install/voiture2a_motors_driver/share/voiture2a_motors_driver/hook/pythonpath.sh'
[10.110s] Level 1:colcon.colcon_core.environment:checking '/voiture2A-ros/install/voiture2a_motors_driver/bin'
[10.112s] INFO:colcon.colcon_core.shell:Creating package script '/voiture2A-ros/install/voiture2a_motors_driver/share/voiture2a_motors_driver/package.ps1'
[10.115s] INFO:colcon.colcon_core.shell:Creating package descriptor '/voiture2A-ros/install/voiture2a_motors_driver/share/voiture2a_motors_driver/package.dsv'
[10.118s] INFO:colcon.colcon_core.shell:Creating package script '/voiture2A-ros/install/voiture2a_motors_driver/share/voiture2a_motors_driver/package.sh'
[10.121s] INFO:colcon.colcon_core.shell:Creating package script '/voiture2A-ros/install/voiture2a_motors_driver/share/voiture2a_motors_driver/package.bash'
[10.122s] INFO:colcon.colcon_core.shell:Creating package script '/voiture2A-ros/install/voiture2a_motors_driver/share/voiture2a_motors_driver/package.zsh'
[10.124s] Level 1:colcon.colcon_core.environment:create_file_with_runtime_dependencies(/voiture2A-ros/install/voiture2a_motors_driver/share/colcon-core/packages/voiture2a_motors_driver)
[10.127s] Level 1:colcon.colcon_core.environment:create_environment_scripts_only(voiture2a_motors_driver)
[10.128s] Level 1:colcon.colcon_core.environment:checking '/voiture2A-ros/install/voiture2a_motors_driver' for CMake module files
[10.131s] Level 1:colcon.colcon_core.environment:checking '/voiture2A-ros/install/voiture2a_motors_driver' for CMake config files
[10.133s] Level 1:colcon.colcon_core.shell:create_environment_hook('voiture2a_motors_driver', 'cmake_prefix_path')
[10.134s] INFO:colcon.colcon_core.shell:Creating environment hook '/voiture2A-ros/install/voiture2a_motors_driver/share/voiture2a_motors_driver/hook/cmake_prefix_path.ps1'
[10.136s] INFO:colcon.colcon_core.shell:Creating environment descriptor '/voiture2A-ros/install/voiture2a_motors_driver/share/voiture2a_motors_driver/hook/cmake_prefix_path.dsv'
[10.138s] INFO:colcon.colcon_core.shell:Creating environment hook '/voiture2A-ros/install/voiture2a_motors_driver/share/voiture2a_motors_driver/hook/cmake_prefix_path.sh'
[10.140s] Level 1:colcon.colcon_core.environment:checking '/voiture2A-ros/install/voiture2a_motors_driver/lib'
[10.141s] Level 1:colcon.colcon_core.shell:create_environment_hook('voiture2a_motors_driver', 'ld_library_path_lib')
[10.142s] INFO:colcon.colcon_core.shell:Creating environment hook '/voiture2A-ros/install/voiture2a_motors_driver/share/voiture2a_motors_driver/hook/ld_library_path_lib.ps1'
[10.144s] INFO:colcon.colcon_core.shell:Creating environment descriptor '/voiture2A-ros/install/voiture2a_motors_driver/share/voiture2a_motors_driver/hook/ld_library_path_lib.dsv'
[10.145s] INFO:colcon.colcon_core.shell:Creating environment hook '/voiture2A-ros/install/voiture2a_motors_driver/share/voiture2a_motors_driver/hook/ld_library_path_lib.sh'
[10.147s] Level 1:colcon.colcon_core.environment:checking '/voiture2A-ros/install/voiture2a_motors_driver/bin'
[10.148s] Level 1:colcon.colcon_core.environment:checking '/voiture2A-ros/install/voiture2a_motors_driver/lib/pkgconfig/voiture2a_motors_driver.pc'
[10.149s] Level 1:colcon.colcon_core.environment:checking '/voiture2A-ros/install/voiture2a_motors_driver/lib/python3.10/site-packages'
[10.149s] Level 1:colcon.colcon_core.shell:create_environment_hook('voiture2a_motors_driver', 'pythonpath')
[10.150s] INFO:colcon.colcon_core.shell:Creating environment hook '/voiture2A-ros/install/voiture2a_motors_driver/share/voiture2a_motors_driver/hook/pythonpath.ps1'
[10.152s] INFO:colcon.colcon_core.shell:Creating environment descriptor '/voiture2A-ros/install/voiture2a_motors_driver/share/voiture2a_motors_driver/hook/pythonpath.dsv'
[10.154s] INFO:colcon.colcon_core.shell:Creating environment hook '/voiture2A-ros/install/voiture2a_motors_driver/share/voiture2a_motors_driver/hook/pythonpath.sh'
[10.157s] Level 1:colcon.colcon_core.environment:checking '/voiture2A-ros/install/voiture2a_motors_driver/bin'
[10.159s] INFO:colcon.colcon_core.shell:Creating package script '/voiture2A-ros/install/voiture2a_motors_driver/share/voiture2a_motors_driver/package.ps1'
[10.162s] INFO:colcon.colcon_core.shell:Creating package descriptor '/voiture2A-ros/install/voiture2a_motors_driver/share/voiture2a_motors_driver/package.dsv'
[10.166s] INFO:colcon.colcon_core.shell:Creating package script '/voiture2A-ros/install/voiture2a_motors_driver/share/voiture2a_motors_driver/package.sh'
[10.168s] INFO:colcon.colcon_core.shell:Creating package script '/voiture2A-ros/install/voiture2a_motors_driver/share/voiture2a_motors_driver/package.bash'
[10.171s] INFO:colcon.colcon_core.shell:Creating package script '/voiture2A-ros/install/voiture2a_motors_driver/share/voiture2a_motors_driver/package.zsh'
[10.173s] Level 1:colcon.colcon_core.environment:create_file_with_runtime_dependencies(/voiture2A-ros/install/voiture2a_motors_driver/share/colcon-core/packages/voiture2a_motors_driver)
[10.205s] Level 1:colcon.colcon_core.environment:checking '/voiture2A-ros/install/calibration' for CMake module files
[10.208s] DEBUG:colcon.colcon_core.event_handler.log_command:Invoked command in '/voiture2A-ros/src/calibration' returned '0': PYTHONPATH=/voiture2A-ros/build/calibration/prefix_override:/usr/lib/python3/dist-packages/colcon_core/task/python/colcon_distutils_commands:/voiture2A-ros/install/calibration/lib/python3.10/site-packages:${PYTHONPATH} /usr/bin/python3 -W ignore:setup.py install is deprecated -W ignore:easy_install command is deprecated setup.py egg_info --egg-base ../../build/calibration build --build-base /voiture2A-ros/build/calibration/build install --record /voiture2A-ros/build/calibration/install.log --single-version-externally-managed install_data
[10.209s] Level 1:colcon.colcon_core.environment:checking '/voiture2A-ros/install/calibration' for CMake config files
[10.211s] Level 1:colcon.colcon_core.environment:checking '/voiture2A-ros/install/calibration/lib'
[10.212s] Level 1:colcon.colcon_core.environment:checking '/voiture2A-ros/install/calibration/bin'
[10.212s] Level 1:colcon.colcon_core.environment:checking '/voiture2A-ros/install/calibration/lib/pkgconfig/calibration.pc'
[10.213s] Level 1:colcon.colcon_core.environment:checking '/voiture2A-ros/install/calibration/lib/python3.10/site-packages'
[10.213s] Level 1:colcon.colcon_core.shell:create_environment_hook('calibration', 'pythonpath')
[10.214s] INFO:colcon.colcon_core.shell:Creating environment hook '/voiture2A-ros/install/calibration/share/calibration/hook/pythonpath.ps1'
[10.216s] INFO:colcon.colcon_core.shell:Creating environment descriptor '/voiture2A-ros/install/calibration/share/calibration/hook/pythonpath.dsv'
[10.218s] INFO:colcon.colcon_core.shell:Creating environment hook '/voiture2A-ros/install/calibration/share/calibration/hook/pythonpath.sh'
[10.221s] Level 1:colcon.colcon_core.environment:checking '/voiture2A-ros/install/calibration/bin'
[10.221s] Level 1:colcon.colcon_core.environment:create_environment_scripts_only(calibration)
[10.223s] INFO:colcon.colcon_core.shell:Creating package script '/voiture2A-ros/install/calibration/share/calibration/package.ps1'
[10.225s] INFO:colcon.colcon_core.shell:Creating package descriptor '/voiture2A-ros/install/calibration/share/calibration/package.dsv'
[10.227s] INFO:colcon.colcon_core.shell:Creating package script '/voiture2A-ros/install/calibration/share/calibration/package.sh'
[10.229s] INFO:colcon.colcon_core.shell:Creating package script '/voiture2A-ros/install/calibration/share/calibration/package.bash'
[10.230s] INFO:colcon.colcon_core.shell:Creating package script '/voiture2A-ros/install/calibration/share/calibration/package.zsh'
[10.231s] Level 1:colcon.colcon_core.environment:create_file_with_runtime_dependencies(/voiture2A-ros/install/calibration/share/colcon-core/packages/calibration)
[10.268s] Level 1:colcon.colcon_core.environment:checking '/voiture2A-ros/install/notre_package' for CMake module files
[10.270s] DEBUG:colcon.colcon_core.event_handler.log_command:Invoked command in '/voiture2A-ros/src/notre_package' returned '0': PYTHONPATH=/voiture2A-ros/build/notre_package/prefix_override:/usr/lib/python3/dist-packages/colcon_core/task/python/colcon_distutils_commands:/voiture2A-ros/install/notre_package/lib/python3.10/site-packages:${PYTHONPATH} /usr/bin/python3 -W ignore:setup.py install is deprecated -W ignore:easy_install command is deprecated setup.py egg_info --egg-base ../../build/notre_package build --build-base /voiture2A-ros/build/notre_package/build install --record /voiture2A-ros/build/notre_package/install.log --single-version-externally-managed install_data
[10.271s] Level 1:colcon.colcon_core.environment:checking '/voiture2A-ros/install/notre_package' for CMake config files
[10.273s] Level 1:colcon.colcon_core.environment:checking '/voiture2A-ros/install/notre_package/lib'
[10.273s] Level 1:colcon.colcon_core.environment:checking '/voiture2A-ros/install/notre_package/bin'
[10.273s] Level 1:colcon.colcon_core.environment:checking '/voiture2A-ros/install/notre_package/lib/pkgconfig/notre_package.pc'
[10.274s] Level 1:colcon.colcon_core.environment:checking '/voiture2A-ros/install/notre_package/lib/python3.10/site-packages'
[10.274s] Level 1:colcon.colcon_core.shell:create_environment_hook('notre_package', 'pythonpath')
[10.275s] INFO:colcon.colcon_core.shell:Creating environment hook '/voiture2A-ros/install/notre_package/share/notre_package/hook/pythonpath.ps1'
[10.277s] INFO:colcon.colcon_core.shell:Creating environment descriptor '/voiture2A-ros/install/notre_package/share/notre_package/hook/pythonpath.dsv'
[10.278s] INFO:colcon.colcon_core.shell:Creating environment hook '/voiture2A-ros/install/notre_package/share/notre_package/hook/pythonpath.sh'
[10.281s] Level 1:colcon.colcon_core.environment:checking '/voiture2A-ros/install/notre_package/bin'
[10.281s] Level 1:colcon.colcon_core.environment:create_environment_scripts_only(notre_package)
[10.282s] INFO:colcon.colcon_core.shell:Creating package script '/voiture2A-ros/install/notre_package/share/notre_package/package.ps1'
[10.284s] INFO:colcon.colcon_core.shell:Creating package descriptor '/voiture2A-ros/install/notre_package/share/notre_package/package.dsv'
[10.286s] INFO:colcon.colcon_core.shell:Creating package script '/voiture2A-ros/install/notre_package/share/notre_package/package.sh'
[10.288s] INFO:colcon.colcon_core.shell:Creating package script '/voiture2A-ros/install/notre_package/share/notre_package/package.bash'
[10.289s] INFO:colcon.colcon_core.shell:Creating package script '/voiture2A-ros/install/notre_package/share/notre_package/package.zsh'
[10.291s] Level 1:colcon.colcon_core.environment:create_file_with_runtime_dependencies(/voiture2A-ros/install/notre_package/share/colcon-core/packages/notre_package)
[10.292s] DEBUG:colcon.colcon_parallel_executor.executor.parallel:closing loop
[10.294s] DEBUG:colcon.colcon_parallel_executor.executor.parallel:loop closed
[10.294s] DEBUG:colcon.colcon_parallel_executor.executor.parallel:run_until_complete finished with '0'
[10.294s] DEBUG:colcon.colcon_core.event_reactor:joining thread
[10.315s] INFO:colcon.colcon_core.plugin_system:Skipping extension 'colcon_notification.desktop_notification.notify_send': Could not find 'notify-send'
[10.316s] INFO:colcon.colcon_core.plugin_system:Skipping extension 'colcon_notification.desktop_notification.terminal_notifier': Not used on non-Darwin systems
[10.316s] INFO:colcon.colcon_core.plugin_system:Skipping extension 'colcon_notification.desktop_notification.win32': Not used on non-Windows systems
[10.316s] INFO:colcon.colcon_notification.desktop_notification:Sending desktop notification using 'notify2'
[10.318s] DEBUG:colcon.colcon_notification.desktop_notification.notify2:Failed to initialize notify2: org.freedesktop.DBus.Error.NotSupported: Unable to autolaunch a dbus-daemon without a $DISPLAY for X11
[10.319s] DEBUG:colcon.colcon_core.event_reactor:joined thread
[10.320s] INFO:colcon.colcon_core.shell:Creating prefix script '/voiture2A-ros/install/local_setup.ps1'
[10.325s] INFO:colcon.colcon_core.shell:Creating prefix util module '/voiture2A-ros/install/_local_setup_util_ps1.py'
[10.333s] INFO:colcon.colcon_core.shell:Creating prefix chain script '/voiture2A-ros/install/setup.ps1'
[10.337s] INFO:colcon.colcon_core.shell:Creating prefix script '/voiture2A-ros/install/local_setup.sh'
[10.339s] INFO:colcon.colcon_core.shell:Creating prefix util module '/voiture2A-ros/install/_local_setup_util_sh.py'
[10.342s] INFO:colcon.colcon_core.shell:Creating prefix chain script '/voiture2A-ros/install/setup.sh'
[10.346s] INFO:colcon.colcon_core.shell:Creating prefix script '/voiture2A-ros/install/local_setup.bash'
[10.348s] INFO:colcon.colcon_core.shell:Creating prefix chain script '/voiture2A-ros/install/setup.bash'
[10.352s] INFO:colcon.colcon_core.shell:Creating prefix script '/voiture2A-ros/install/local_setup.zsh'
[10.354s] INFO:colcon.colcon_core.shell:Creating prefix chain script '/voiture2A-ros/install/setup.zsh'
