[2.768s] Invoking command in '/voiture2A-ros/build/voiture2a_motors_driver': CMAKE_PREFIX_PATH=/opt/ros/rolling /usr/bin/cmake --build /voiture2A-ros/build/voiture2a_motors_driver -- -j16 -l16
[3.535s] [  2%] Built target voiture2a_motors_driver__rosidl_generator_type_description
[3.575s] [  2%] Built target ament_cmake_python_copy_voiture2a_motors_driver
[3.914s] [  4%] Built target voiture2a_motors_driver__cpp
[3.936s] [ 21%] Built target voiture2a_motors_driver__rosidl_generator_c
[4.480s] [ 29%] Built target voiture2a_motors_driver__rosidl_typesupport_fastrtps_cpp
[4.481s] [ 38%] Built target voiture2a_motors_driver__rosidl_typesupport_c
[4.482s] [ 46%] Built target voiture2a_motors_driver__rosidl_typesupport_introspection_c
[4.483s] [ 57%] Built target voiture2a_motors_driver__rosidl_typesupport_fastrtps_c
[4.484s] [ 63%] Built target voiture2a_motors_driver__rosidl_typesupport_introspection_cpp
[4.485s] [ 72%] Built target voiture2a_motors_driver__rosidl_typesupport_cpp
[4.723s] [ 72%] Built target voiture2a_motors_driver
[4.801s] [ 78%] Built target motors_node
[5.040s] [ 80%] Built target voiture2a_motors_driver__py
[5.323s] running egg_info
[5.323s] writing voiture2a_motors_driver.egg-info/PKG-INFO
[5.324s] writing dependency_links to voiture2a_motors_driver.egg-info/dependency_links.txt
[5.325s] writing top-level names to voiture2a_motors_driver.egg-info/top_level.txt
[5.325s] reading manifest file 'voiture2a_motors_driver.egg-info/SOURCES.txt'
[5.326s] writing manifest file 'voiture2a_motors_driver.egg-info/SOURCES.txt'
[5.326s] [ 87%] Built target voiture2a_motors_driver__rosidl_generator_py
[5.481s] [ 87%] Built target ament_cmake_python_build_voiture2a_motors_driver_egg
[5.624s] [ 91%] Built target voiture2a_motors_driver__rosidl_typesupport_fastrtps_c__pyext
[5.637s] [ 95%] Built target voiture2a_motors_driver__rosidl_typesupport_c__pyext
[5.638s] [100%] Built target voiture2a_motors_driver__rosidl_typesupport_introspection_c__pyext
[5.727s] Invoked command in '/voiture2A-ros/build/voiture2a_motors_driver' returned '0': CMAKE_PREFIX_PATH=/opt/ros/rolling /usr/bin/cmake --build /voiture2A-ros/build/voiture2a_motors_driver -- -j16 -l16
[5.732s] Invoking command in '/voiture2A-ros/build/voiture2a_motors_driver': CMAKE_PREFIX_PATH=/opt/ros/rolling /usr/bin/cmake --install /voiture2A-ros/build/voiture2a_motors_driver
[5.826s] -- Install configuration: ""
[5.830s] -- Up-to-date: /voiture2A-ros/install/voiture2a_motors_driver/share/ament_index/resource_index/rosidl_interfaces/voiture2a_motors_driver
[5.830s] -- Up-to-date: /voiture2A-ros/install/voiture2a_motors_driver/share/voiture2a_motors_driver/msg/MotorsState.json
[5.831s] -- Up-to-date: /voiture2A-ros/install/voiture2a_motors_driver/share/voiture2a_motors_driver/msg/Engine.json
[5.833s] -- Up-to-date: /voiture2A-ros/install/voiture2a_motors_driver/include/voiture2a_motors_driver/voiture2a_motors_driver
[5.834s] -- Up-to-date: /voiture2A-ros/install/voiture2a_motors_driver/include/voiture2a_motors_driver/voiture2a_motors_driver/msg
[5.834s] -- Up-to-date: /voiture2A-ros/install/voiture2a_motors_driver/include/voiture2a_motors_driver/voiture2a_motors_driver/msg/rosidl_generator_c__visibility_control.h
[5.835s] -- Up-to-date: /voiture2A-ros/install/voiture2a_motors_driver/include/voiture2a_motors_driver/voiture2a_motors_driver/msg/engine.h
[5.836s] -- Up-to-date: /voiture2A-ros/install/voiture2a_motors_driver/include/voiture2a_motors_driver/voiture2a_motors_driver/msg/detail
[5.837s] -- Up-to-date: /voiture2A-ros/install/voiture2a_motors_driver/include/voiture2a_motors_driver/voiture2a_motors_driver/msg/detail/motors_state__functions.c
[5.838s] -- Up-to-date: /voiture2A-ros/install/voiture2a_motors_driver/include/voiture2a_motors_driver/voiture2a_motors_driver/msg/detail/motors_state__description.c
[5.838s] -- Up-to-date: /voiture2A-ros/install/voiture2a_motors_driver/include/voiture2a_motors_driver/voiture2a_motors_driver/msg/detail/engine__functions.h
[5.839s] -- Up-to-date: /voiture2A-ros/install/voiture2a_motors_driver/include/voiture2a_motors_driver/voiture2a_motors_driver/msg/detail/motors_state__struct.h
[5.841s] -- Up-to-date: /voiture2A-ros/install/voiture2a_motors_driver/include/voiture2a_motors_driver/voiture2a_motors_driver/msg/detail/engine__struct.h
[5.842s] -- Installing: /voiture2A-ros/install/voiture2a_motors_driver/include/voiture2a_motors_driver/voiture2a_motors_driver/msg/detail/engine__type_support.c
[5.846s] -- Up-to-date: /voiture2A-ros/install/voiture2a_motors_driver/include/voiture2a_motors_driver/voiture2a_motors_driver/msg/detail/engine__description.c
[5.846s] -- Up-to-date: /voiture2A-ros/install/voiture2a_motors_driver/include/voiture2a_motors_driver/voiture2a_motors_driver/msg/detail/engine__functions.c
[5.847s] -- Up-to-date: /voiture2A-ros/install/voiture2a_motors_driver/include/voiture2a_motors_driver/voiture2a_motors_driver/msg/detail/motors_state__type_support.h
[5.848s] -- Up-to-date: /voiture2A-ros/install/voiture2a_motors_driver/include/voiture2a_motors_driver/voiture2a_motors_driver/msg/detail/motors_state__functions.h
[5.849s] -- Up-to-date: /voiture2A-ros/install/voiture2a_motors_driver/include/voiture2a_motors_driver/voiture2a_motors_driver/msg/detail/engine__type_support.h
[5.849s] -- Installing: /voiture2A-ros/install/voiture2a_motors_driver/include/voiture2a_motors_driver/voiture2a_motors_driver/msg/detail/motors_state__type_support.c
[5.850s] -- Up-to-date: /voiture2A-ros/install/voiture2a_motors_driver/include/voiture2a_motors_driver/voiture2a_motors_driver/msg/motors_state.h
[5.850s] -- Up-to-date: /voiture2A-ros/install/voiture2a_motors_driver/share/voiture2a_motors_driver/environment/library_path.sh
[5.850s] -- Up-to-date: /voiture2A-ros/install/voiture2a_motors_driver/share/voiture2a_motors_driver/environment/library_path.dsv
[5.852s] -- Up-to-date: /voiture2A-ros/install/voiture2a_motors_driver/lib/libvoiture2a_motors_driver__rosidl_generator_c.so
[5.853s] -- Up-to-date: /voiture2A-ros/install/voiture2a_motors_driver/include/voiture2a_motors_driver/voiture2a_motors_driver
[5.853s] -- Up-to-date: /voiture2A-ros/install/voiture2a_motors_driver/include/voiture2a_motors_driver/voiture2a_motors_driver/msg
[5.854s] -- Up-to-date: /voiture2A-ros/install/voiture2a_motors_driver/include/voiture2a_motors_driver/voiture2a_motors_driver/msg/rosidl_typesupport_fastrtps_c__visibility_control.h
[5.854s] -- Up-to-date: /voiture2A-ros/install/voiture2a_motors_driver/include/voiture2a_motors_driver/voiture2a_motors_driver/msg/detail
[5.855s] -- Up-to-date: /voiture2A-ros/install/voiture2a_motors_driver/include/voiture2a_motors_driver/voiture2a_motors_driver/msg/detail/engine__rosidl_typesupport_fastrtps_c.h
[5.855s] -- Up-to-date: /voiture2A-ros/install/voiture2a_motors_driver/include/voiture2a_motors_driver/voiture2a_motors_driver/msg/detail/motors_state__rosidl_typesupport_fastrtps_c.h
[5.856s] -- Up-to-date: /voiture2A-ros/install/voiture2a_motors_driver/lib/libvoiture2a_motors_driver__rosidl_typesupport_fastrtps_c.so
[5.858s] -- Up-to-date: /voiture2A-ros/install/voiture2a_motors_driver/include/voiture2a_motors_driver/voiture2a_motors_driver
[5.894s] -- Up-to-date: /voiture2A-ros/install/voiture2a_motors_driver/include/voiture2a_motors_driver/voiture2a_motors_driver/msg
[5.895s] -- Up-to-date: /voiture2A-ros/install/voiture2a_motors_driver/include/voiture2a_motors_driver/voiture2a_motors_driver/msg/motors_state.hpp
[5.895s] -- Up-to-date: /voiture2A-ros/install/voiture2a_motors_driver/include/voiture2a_motors_driver/voiture2a_motors_driver/msg/detail
[5.896s] -- Up-to-date: /voiture2A-ros/install/voiture2a_motors_driver/include/voiture2a_motors_driver/voiture2a_motors_driver/msg/detail/engine__traits.hpp
[5.896s] -- Up-to-date: /voiture2A-ros/install/voiture2a_motors_driver/include/voiture2a_motors_driver/voiture2a_motors_driver/msg/detail/motors_state__traits.hpp
[5.897s] -- Up-to-date: /voiture2A-ros/install/voiture2a_motors_driver/include/voiture2a_motors_driver/voiture2a_motors_driver/msg/detail/engine__type_support.hpp
[5.897s] -- Up-to-date: /voiture2A-ros/install/voiture2a_motors_driver/include/voiture2a_motors_driver/voiture2a_motors_driver/msg/detail/engine__builder.hpp
[5.898s] -- Up-to-date: /voiture2A-ros/install/voiture2a_motors_driver/include/voiture2a_motors_driver/voiture2a_motors_driver/msg/detail/motors_state__type_support.hpp
[5.898s] -- Up-to-date: /voiture2A-ros/install/voiture2a_motors_driver/include/voiture2a_motors_driver/voiture2a_motors_driver/msg/detail/motors_state__struct.hpp
[5.898s] -- Up-to-date: /voiture2A-ros/install/voiture2a_motors_driver/include/voiture2a_motors_driver/voiture2a_motors_driver/msg/detail/engine__struct.hpp
[5.899s] -- Up-to-date: /voiture2A-ros/install/voiture2a_motors_driver/include/voiture2a_motors_driver/voiture2a_motors_driver/msg/detail/motors_state__builder.hpp
[5.899s] -- Up-to-date: /voiture2A-ros/install/voiture2a_motors_driver/include/voiture2a_motors_driver/voiture2a_motors_driver/msg/rosidl_generator_cpp__visibility_control.hpp
[5.900s] -- Up-to-date: /voiture2A-ros/install/voiture2a_motors_driver/include/voiture2a_motors_driver/voiture2a_motors_driver/msg/engine.hpp
[5.900s] -- Up-to-date: /voiture2A-ros/install/voiture2a_motors_driver/include/voiture2a_motors_driver/voiture2a_motors_driver
[5.901s] -- Up-to-date: /voiture2A-ros/install/voiture2a_motors_driver/include/voiture2a_motors_driver/voiture2a_motors_driver/msg
[5.901s] -- Up-to-date: /voiture2A-ros/install/voiture2a_motors_driver/include/voiture2a_motors_driver/voiture2a_motors_driver/msg/rosidl_typesupport_fastrtps_cpp__visibility_control.h
[5.901s] -- Up-to-date: /voiture2A-ros/install/voiture2a_motors_driver/include/voiture2a_motors_driver/voiture2a_motors_driver/msg/detail
[5.902s] -- Up-to-date: /voiture2A-ros/install/voiture2a_motors_driver/include/voiture2a_motors_driver/voiture2a_motors_driver/msg/detail/dds_fastrtps
[5.902s] -- Up-to-date: /voiture2A-ros/install/voiture2a_motors_driver/include/voiture2a_motors_driver/voiture2a_motors_driver/msg/detail/motors_state__rosidl_typesupport_fastrtps_cpp.hpp
[5.903s] -- Up-to-date: /voiture2A-ros/install/voiture2a_motors_driver/include/voiture2a_motors_driver/voiture2a_motors_driver/msg/detail/engine__rosidl_typesupport_fastrtps_cpp.hpp
[5.903s] -- Up-to-date: /voiture2A-ros/install/voiture2a_motors_driver/lib/libvoiture2a_motors_driver__rosidl_typesupport_fastrtps_cpp.so
[5.904s] -- Up-to-date: /voiture2A-ros/install/voiture2a_motors_driver/include/voiture2a_motors_driver/voiture2a_motors_driver
[5.904s] -- Up-to-date: /voiture2A-ros/install/voiture2a_motors_driver/include/voiture2a_motors_driver/voiture2a_motors_driver/msg
[5.904s] -- Up-to-date: /voiture2A-ros/install/voiture2a_motors_driver/include/voiture2a_motors_driver/voiture2a_motors_driver/msg/rosidl_typesupport_introspection_c__visibility_control.h
[5.905s] -- Up-to-date: /voiture2A-ros/install/voiture2a_motors_driver/include/voiture2a_motors_driver/voiture2a_motors_driver/msg/detail
[5.905s] -- Up-to-date: /voiture2A-ros/install/voiture2a_motors_driver/include/voiture2a_motors_driver/voiture2a_motors_driver/msg/detail/motors_state__rosidl_typesupport_introspection_c.h
[5.905s] -- Installing: /voiture2A-ros/install/voiture2a_motors_driver/include/voiture2a_motors_driver/voiture2a_motors_driver/msg/detail/engine__type_support.c
[5.906s] -- Installing: /voiture2A-ros/install/voiture2a_motors_driver/include/voiture2a_motors_driver/voiture2a_motors_driver/msg/detail/motors_state__type_support.c
[5.907s] -- Up-to-date: /voiture2A-ros/install/voiture2a_motors_driver/include/voiture2a_motors_driver/voiture2a_motors_driver/msg/detail/engine__rosidl_typesupport_introspection_c.h
[5.907s] -- Up-to-date: /voiture2A-ros/install/voiture2a_motors_driver/lib/libvoiture2a_motors_driver__rosidl_typesupport_introspection_c.so
[5.908s] -- Up-to-date: /voiture2A-ros/install/voiture2a_motors_driver/lib/libvoiture2a_motors_driver__rosidl_typesupport_c.so
[5.908s] -- Up-to-date: /voiture2A-ros/install/voiture2a_motors_driver/include/voiture2a_motors_driver/voiture2a_motors_driver
[5.909s] -- Up-to-date: /voiture2A-ros/install/voiture2a_motors_driver/include/voiture2a_motors_driver/voiture2a_motors_driver/msg
[5.909s] -- Up-to-date: /voiture2A-ros/install/voiture2a_motors_driver/include/voiture2a_motors_driver/voiture2a_motors_driver/msg/detail
[5.909s] -- Up-to-date: /voiture2A-ros/install/voiture2a_motors_driver/include/voiture2a_motors_driver/voiture2a_motors_driver/msg/detail/engine__type_support.cpp
[5.909s] -- Up-to-date: /voiture2A-ros/install/voiture2a_motors_driver/include/voiture2a_motors_driver/voiture2a_motors_driver/msg/detail/motors_state__type_support.cpp
[5.910s] -- Up-to-date: /voiture2A-ros/install/voiture2a_motors_driver/include/voiture2a_motors_driver/voiture2a_motors_driver/msg/detail/engine__rosidl_typesupport_introspection_cpp.hpp
[5.910s] -- Up-to-date: /voiture2A-ros/install/voiture2a_motors_driver/include/voiture2a_motors_driver/voiture2a_motors_driver/msg/detail/motors_state__rosidl_typesupport_introspection_cpp.hpp
[5.910s] -- Up-to-date: /voiture2A-ros/install/voiture2a_motors_driver/lib/libvoiture2a_motors_driver__rosidl_typesupport_introspection_cpp.so
[5.911s] -- Up-to-date: /voiture2A-ros/install/voiture2a_motors_driver/lib/libvoiture2a_motors_driver__rosidl_typesupport_cpp.so
[5.911s] -- Up-to-date: /voiture2A-ros/install/voiture2a_motors_driver/share/voiture2a_motors_driver/environment/pythonpath.sh
[5.911s] -- Up-to-date: /voiture2A-ros/install/voiture2a_motors_driver/share/voiture2a_motors_driver/environment/pythonpath.dsv
[5.911s] -- Up-to-date: /voiture2A-ros/install/voiture2a_motors_driver/lib/python3.10/site-packages/voiture2a_motors_driver-1.0.0-py3.10.egg-info
[5.912s] -- Installing: /voiture2A-ros/install/voiture2a_motors_driver/lib/python3.10/site-packages/voiture2a_motors_driver-1.0.0-py3.10.egg-info/dependency_links.txt
[5.912s] -- Installing: /voiture2A-ros/install/voiture2a_motors_driver/lib/python3.10/site-packages/voiture2a_motors_driver-1.0.0-py3.10.egg-info/PKG-INFO
[5.912s] -- Installing: /voiture2A-ros/install/voiture2a_motors_driver/lib/python3.10/site-packages/voiture2a_motors_driver-1.0.0-py3.10.egg-info/top_level.txt
[5.912s] -- Installing: /voiture2A-ros/install/voiture2a_motors_driver/lib/python3.10/site-packages/voiture2a_motors_driver-1.0.0-py3.10.egg-info/SOURCES.txt
[5.913s] -- Up-to-date: /voiture2A-ros/install/voiture2a_motors_driver/lib/python3.10/site-packages/voiture2a_motors_driver
[5.913s] -- Up-to-date: /voiture2A-ros/install/voiture2a_motors_driver/lib/python3.10/site-packages/voiture2a_motors_driver/_voiture2a_motors_driver_s.ep.rosidl_typesupport_introspection_c.c
[5.913s] -- Up-to-date: /voiture2A-ros/install/voiture2a_motors_driver/lib/python3.10/site-packages/voiture2a_motors_driver/msg
[5.914s] -- Up-to-date: /voiture2A-ros/install/voiture2a_motors_driver/lib/python3.10/site-packages/voiture2a_motors_driver/msg/_engine_s.c
[5.914s] -- Up-to-date: /voiture2A-ros/install/voiture2a_motors_driver/lib/python3.10/site-packages/voiture2a_motors_driver/msg/_motors_state_s.c
[5.914s] -- Up-to-date: /voiture2A-ros/install/voiture2a_motors_driver/lib/python3.10/site-packages/voiture2a_motors_driver/msg/_engine.py
[5.914s] -- Up-to-date: /voiture2A-ros/install/voiture2a_motors_driver/lib/python3.10/site-packages/voiture2a_motors_driver/msg/_motors_state.py
[5.915s] -- Up-to-date: /voiture2A-ros/install/voiture2a_motors_driver/lib/python3.10/site-packages/voiture2a_motors_driver/msg/__init__.py
[5.915s] -- Up-to-date: /voiture2A-ros/install/voiture2a_motors_driver/lib/python3.10/site-packages/voiture2a_motors_driver/_voiture2a_motors_driver_s.ep.rosidl_typesupport_c.c
[5.915s] -- Up-to-date: /voiture2A-ros/install/voiture2a_motors_driver/lib/python3.10/site-packages/voiture2a_motors_driver/_voiture2a_motors_driver_s.ep.rosidl_typesupport_fastrtps_c.c
[5.915s] -- Up-to-date: /voiture2A-ros/install/voiture2a_motors_driver/lib/python3.10/site-packages/voiture2a_motors_driver/__init__.py
[6.165s] Listing '/voiture2A-ros/install/voiture2a_motors_driver/lib/python3.10/site-packages/voiture2a_motors_driver'...
[6.165s] Listing '/voiture2A-ros/install/voiture2a_motors_driver/lib/python3.10/site-packages/voiture2a_motors_driver/msg'...
[6.187s] -- Up-to-date: /voiture2A-ros/install/voiture2a_motors_driver/lib/python3.10/site-packages/voiture2a_motors_driver/voiture2a_motors_driver_s__rosidl_typesupport_fastrtps_c.cpython-310-aarch64-linux-gnu.so
[6.191s] -- Up-to-date: /voiture2A-ros/install/voiture2a_motors_driver/lib/python3.10/site-packages/voiture2a_motors_driver/voiture2a_motors_driver_s__rosidl_typesupport_introspection_c.cpython-310-aarch64-linux-gnu.so
[6.193s] -- Up-to-date: /voiture2A-ros/install/voiture2a_motors_driver/lib/python3.10/site-packages/voiture2a_motors_driver/voiture2a_motors_driver_s__rosidl_typesupport_c.cpython-310-aarch64-linux-gnu.so
[6.197s] -- Up-to-date: /voiture2A-ros/install/voiture2a_motors_driver/lib/libvoiture2a_motors_driver__rosidl_generator_py.so
[6.198s] -- Up-to-date: /voiture2A-ros/install/voiture2a_motors_driver/share/voiture2a_motors_driver/msg/MotorsState.idl
[6.199s] -- Up-to-date: /voiture2A-ros/install/voiture2a_motors_driver/share/voiture2a_motors_driver/msg/Engine.idl
[6.200s] -- Up-to-date: /voiture2A-ros/install/voiture2a_motors_driver/share/voiture2a_motors_driver/msg/MotorsState.msg
[6.201s] -- Up-to-date: /voiture2A-ros/install/voiture2a_motors_driver/share/voiture2a_motors_driver/msg/Engine.msg
[6.201s] -- Up-to-date: /voiture2A-ros/install/voiture2a_motors_driver/lib/voiture2a_motors_driver/motors_node
[6.204s] -- Up-to-date: /voiture2A-ros/install/voiture2a_motors_driver/share/ament_index/resource_index/package_run_dependencies/voiture2a_motors_driver
[6.205s] -- Up-to-date: /voiture2A-ros/install/voiture2a_motors_driver/share/ament_index/resource_index/parent_prefix_path/voiture2a_motors_driver
[6.205s] -- Up-to-date: /voiture2A-ros/install/voiture2a_motors_driver/share/voiture2a_motors_driver/environment/ament_prefix_path.sh
[6.206s] -- Up-to-date: /voiture2A-ros/install/voiture2a_motors_driver/share/voiture2a_motors_driver/environment/ament_prefix_path.dsv
[6.206s] -- Up-to-date: /voiture2A-ros/install/voiture2a_motors_driver/share/voiture2a_motors_driver/environment/path.sh
[6.206s] -- Up-to-date: /voiture2A-ros/install/voiture2a_motors_driver/share/voiture2a_motors_driver/environment/path.dsv
[6.207s] -- Up-to-date: /voiture2A-ros/install/voiture2a_motors_driver/share/voiture2a_motors_driver/local_setup.bash
[6.207s] -- Up-to-date: /voiture2A-ros/install/voiture2a_motors_driver/share/voiture2a_motors_driver/local_setup.sh
[6.207s] -- Up-to-date: /voiture2A-ros/install/voiture2a_motors_driver/share/voiture2a_motors_driver/local_setup.zsh
[6.207s] -- Up-to-date: /voiture2A-ros/install/voiture2a_motors_driver/share/voiture2a_motors_driver/local_setup.dsv
[6.208s] -- Installing: /voiture2A-ros/install/voiture2a_motors_driver/share/voiture2a_motors_driver/package.dsv
[6.208s] -- Up-to-date: /voiture2A-ros/install/voiture2a_motors_driver/share/ament_index/resource_index/packages/voiture2a_motors_driver
[6.209s] -- Up-to-date: /voiture2A-ros/install/voiture2a_motors_driver/share/voiture2a_motors_driver/cmake/export_voiture2a_motors_driver__rosidl_generator_cExport.cmake
[6.209s] -- Up-to-date: /voiture2A-ros/install/voiture2a_motors_driver/share/voiture2a_motors_driver/cmake/export_voiture2a_motors_driver__rosidl_generator_cExport-noconfig.cmake
[6.209s] -- Up-to-date: /voiture2A-ros/install/voiture2a_motors_driver/share/voiture2a_motors_driver/cmake/export_voiture2a_motors_driver__rosidl_typesupport_fastrtps_cExport.cmake
[6.210s] -- Up-to-date: /voiture2A-ros/install/voiture2a_motors_driver/share/voiture2a_motors_driver/cmake/export_voiture2a_motors_driver__rosidl_typesupport_fastrtps_cExport-noconfig.cmake
[6.210s] -- Up-to-date: /voiture2A-ros/install/voiture2a_motors_driver/share/voiture2a_motors_driver/cmake/export_voiture2a_motors_driver__rosidl_generator_cppExport.cmake
[6.211s] -- Up-to-date: /voiture2A-ros/install/voiture2a_motors_driver/share/voiture2a_motors_driver/cmake/export_voiture2a_motors_driver__rosidl_typesupport_fastrtps_cppExport.cmake
[6.211s] -- Up-to-date: /voiture2A-ros/install/voiture2a_motors_driver/share/voiture2a_motors_driver/cmake/export_voiture2a_motors_driver__rosidl_typesupport_fastrtps_cppExport-noconfig.cmake
[6.212s] -- Up-to-date: /voiture2A-ros/install/voiture2a_motors_driver/share/voiture2a_motors_driver/cmake/voiture2a_motors_driver__rosidl_typesupport_introspection_cExport.cmake
[6.212s] -- Up-to-date: /voiture2A-ros/install/voiture2a_motors_driver/share/voiture2a_motors_driver/cmake/voiture2a_motors_driver__rosidl_typesupport_introspection_cExport-noconfig.cmake
[6.213s] -- Up-to-date: /voiture2A-ros/install/voiture2a_motors_driver/share/voiture2a_motors_driver/cmake/voiture2a_motors_driver__rosidl_typesupport_cExport.cmake
[6.213s] -- Up-to-date: /voiture2A-ros/install/voiture2a_motors_driver/share/voiture2a_motors_driver/cmake/voiture2a_motors_driver__rosidl_typesupport_cExport-noconfig.cmake
[6.214s] -- Up-to-date: /voiture2A-ros/install/voiture2a_motors_driver/share/voiture2a_motors_driver/cmake/voiture2a_motors_driver__rosidl_typesupport_introspection_cppExport.cmake
[6.214s] -- Up-to-date: /voiture2A-ros/install/voiture2a_motors_driver/share/voiture2a_motors_driver/cmake/voiture2a_motors_driver__rosidl_typesupport_introspection_cppExport-noconfig.cmake
[6.214s] -- Up-to-date: /voiture2A-ros/install/voiture2a_motors_driver/share/voiture2a_motors_driver/cmake/voiture2a_motors_driver__rosidl_typesupport_cppExport.cmake
[6.215s] -- Up-to-date: /voiture2A-ros/install/voiture2a_motors_driver/share/voiture2a_motors_driver/cmake/voiture2a_motors_driver__rosidl_typesupport_cppExport-noconfig.cmake
[6.215s] -- Up-to-date: /voiture2A-ros/install/voiture2a_motors_driver/share/voiture2a_motors_driver/cmake/export_voiture2a_motors_driver__rosidl_generator_pyExport.cmake
[6.216s] -- Up-to-date: /voiture2A-ros/install/voiture2a_motors_driver/share/voiture2a_motors_driver/cmake/export_voiture2a_motors_driver__rosidl_generator_pyExport-noconfig.cmake
[6.216s] -- Up-to-date: /voiture2A-ros/install/voiture2a_motors_driver/share/voiture2a_motors_driver/cmake/rosidl_cmake-extras.cmake
[6.216s] -- Up-to-date: /voiture2A-ros/install/voiture2a_motors_driver/share/voiture2a_motors_driver/cmake/ament_cmake_export_include_directories-extras.cmake
[6.217s] -- Up-to-date: /voiture2A-ros/install/voiture2a_motors_driver/share/voiture2a_motors_driver/cmake/ament_cmake_export_libraries-extras.cmake
[6.217s] -- Up-to-date: /voiture2A-ros/install/voiture2a_motors_driver/share/voiture2a_motors_driver/cmake/ament_cmake_export_targets-extras.cmake
[6.218s] -- Up-to-date: /voiture2A-ros/install/voiture2a_motors_driver/share/voiture2a_motors_driver/cmake/rosidl_cmake_export_typesupport_targets-extras.cmake
[6.218s] -- Up-to-date: /voiture2A-ros/install/voiture2a_motors_driver/share/voiture2a_motors_driver/cmake/ament_cmake_export_dependencies-extras.cmake
[6.219s] -- Up-to-date: /voiture2A-ros/install/voiture2a_motors_driver/share/voiture2a_motors_driver/cmake/rosidl_cmake_export_typesupport_libraries-extras.cmake
[6.220s] -- Up-to-date: /voiture2A-ros/install/voiture2a_motors_driver/share/voiture2a_motors_driver/cmake/voiture2a_motors_driverConfig.cmake
[6.220s] -- Up-to-date: /voiture2A-ros/install/voiture2a_motors_driver/share/voiture2a_motors_driver/cmake/voiture2a_motors_driverConfig-version.cmake
[6.224s] -- Up-to-date: /voiture2A-ros/install/voiture2a_motors_driver/share/voiture2a_motors_driver/package.xml
[6.228s] Invoked command in '/voiture2A-ros/build/voiture2a_motors_driver' returned '0': CMAKE_PREFIX_PATH=/opt/ros/rolling /usr/bin/cmake --install /voiture2A-ros/build/voiture2a_motors_driver
