[0.024s] Invoking command in '/home/maxime/Documents/ENSTA/UE4.1_ROS/voiture2A-ros-main/build/gpsd_client': CMAKE_PREFIX_PATH=${CMAKE_PREFIX_PATH}:/opt/ros/humble /usr/bin/cmake /home/maxime/Documents/ENSTA/UE4.1_ROS/voiture2A-ros-main/src/gpsd_client -DCMAKE_INSTALL_PREFIX=/home/maxime/Documents/ENSTA/UE4.1_ROS/voiture2A-ros-main/install/gpsd_client
[0.277s] -- The C compiler identification is GNU 11.4.0
[0.278s] -- The CXX compiler identification is GNU 11.4.0
[0.278s] -- Detecting C compiler ABI info
[0.278s] -- Detecting C compiler ABI info - done
[0.278s] -- Check for working C compiler: /usr/bin/cc - skipped
[0.278s] -- Detecting C compile features
[0.278s] -- Detecting C compile features - done
[0.278s] -- Detecting CXX compiler ABI info
[0.327s] -- Detecting CXX compiler ABI info - done
[0.333s] -- Check for working CXX compiler: /usr/bin/c++ - skipped
[0.335s] -- Detecting CXX compile features
[0.335s] -- Detecting CXX compile features - done
[0.338s] -- Found ament_cmake: 1.3.11 (/opt/ros/humble/share/ament_cmake/cmake)
[0.502s] -- Found Python3: /usr/bin/python3 (found version "3.10.12") found components: Interpreter 
[0.575s] -- Found rosidl_default_generators: 1.2.0 (/opt/ros/humble/share/rosidl_default_generators/cmake)
[0.576s] -- Using all available rosidl_typesupport_c: rosidl_typesupport_fastrtps_c;rosidl_typesupport_introspection_c
[0.581s] -- Found rosidl_adapter: 3.1.6 (/opt/ros/humble/share/rosidl_adapter/cmake)
[0.608s] -- Using all available rosidl_typesupport_cpp: rosidl_typesupport_fastrtps_cpp;rosidl_typesupport_introspection_cpp
[0.630s] -- Found rclcpp: 16.0.11 (/opt/ros/humble/share/rclcpp/cmake)
[0.664s] -- Found rmw_implementation_cmake: 6.1.2 (/opt/ros/humble/share/rmw_implementation_cmake/cmake)
[0.666s] -- Found rmw_fastrtps_cpp: 6.2.7 (/opt/ros/humble/share/rmw_fastrtps_cpp/cmake)
[0.744s] -- Found OpenSSL: /usr/lib/x86_64-linux-gnu/libcrypto.so (found version "3.0.2")  
[0.770s] -- Found FastRTPS: /opt/ros/humble/include  
[0.809s] -- Using RMW implementation 'rmw_fastrtps_cpp' as default
[0.816s] -- Looking for pthread.h
[0.888s] -- Looking for pthread.h - found
[0.889s] -- Performing Test CMAKE_HAVE_LIBC_PTHREAD
[0.962s] -- Performing Test CMAKE_HAVE_LIBC_PTHREAD - Success
[0.963s] -- Found Threads: TRUE  
[1.216s] -- Found ament_cmake_ros: 0.10.0 (/opt/ros/humble/share/ament_cmake_ros/cmake)
[1.377s] -- Using all available rosidl_typesupport_c: rosidl_typesupport_fastrtps_c;rosidl_typesupport_introspection_c
[1.598s] -- Using all available rosidl_typesupport_cpp: rosidl_typesupport_fastrtps_cpp;rosidl_typesupport_introspection_cpp
[1.616s] -- Found PythonInterp: /usr/bin/python3 (found suitable version "3.10.12", minimum required is "3.6") 
[1.617s] -- Found python_cmake_module: 0.10.0 (/opt/ros/humble/share/python_cmake_module/cmake)
[1.639s] -- Found PythonLibs: /usr/lib/x86_64-linux-gnu/libpython3.10.so (found suitable version "3.10.12", minimum required is "3.5") 
[1.640s] -- Using PYTHON_EXECUTABLE: /usr/bin/python3
[1.640s] -- Using PYTHON_INCLUDE_DIRS: /usr/include/python3.10
[1.640s] -- Using PYTHON_LIBRARIES: /usr/lib/x86_64-linux-gnu/libpython3.10.so
[1.657s] -- Found PythonExtra: .so  
[1.694s] -- Configuring done
[1.721s] -- Generating done
[1.733s] -- Build files have been written to: /home/maxime/Documents/ENSTA/UE4.1_ROS/voiture2A-ros-main/build/gpsd_client
[1.753s] Invoked command in '/home/maxime/Documents/ENSTA/UE4.1_ROS/voiture2A-ros-main/build/gpsd_client' returned '0': CMAKE_PREFIX_PATH=${CMAKE_PREFIX_PATH}:/opt/ros/humble /usr/bin/cmake /home/maxime/Documents/ENSTA/UE4.1_ROS/voiture2A-ros-main/src/gpsd_client -DCMAKE_INSTALL_PREFIX=/home/maxime/Documents/ENSTA/UE4.1_ROS/voiture2A-ros-main/install/gpsd_client
[1.754s] Invoking command in '/home/maxime/Documents/ENSTA/UE4.1_ROS/voiture2A-ros-main/build/gpsd_client': CMAKE_PREFIX_PATH=${CMAKE_PREFIX_PATH}:/opt/ros/humble /usr/bin/cmake --build /home/maxime/Documents/ENSTA/UE4.1_ROS/voiture2A-ros-main/build/gpsd_client -- -j16 -l16
[1.798s] [  3%] [34m[1mGenerating C code for ROS interfaces[0m
[1.807s] [  6%] [34m[1mGenerating C++ code for ROS interfaces[0m
[1.816s] [  6%] Built target ament_cmake_python_copy_gpsd_client
[2.003s] running egg_info
[2.004s] creating gpsd_client.egg-info
[2.004s] writing gpsd_client.egg-info/PKG-INFO
[2.005s] writing dependency_links to gpsd_client.egg-info/dependency_links.txt
[2.005s] writing top-level names to gpsd_client.egg-info/top_level.txt
[2.005s] writing manifest file 'gpsd_client.egg-info/SOURCES.txt'
[2.007s] reading manifest file 'gpsd_client.egg-info/SOURCES.txt'
[2.008s] writing manifest file 'gpsd_client.egg-info/SOURCES.txt'
[2.079s] [  6%] Built target ament_cmake_python_build_gpsd_client_egg
[2.340s] [  9%] [32mBuilding C object CMakeFiles/gpsd_client__rosidl_generator_c.dir/rosidl_generator_c/gpsd_client/msg/detail/gps_fix__functions.c.o[0m
[2.347s] [  9%] Built target gpsd_client__cpp
[2.357s] [ 12%] [34m[1mGenerating C++ type support dispatch for ROS interfaces[0m
[2.358s] [ 15%] [34m[1mGenerating C++ type support for eProsima Fast-RTPS[0m
[2.359s] [ 18%] [34m[1mGenerating C++ introspection for ROS interfaces[0m
[2.390s] [ 21%] [32m[1mLinking C shared library libgpsd_client__rosidl_generator_c.so[0m
[2.435s] [ 21%] Built target gpsd_client__rosidl_generator_c
[2.454s] [ 24%] [34m[1mGenerating C type support for eProsima Fast-RTPS[0m
[2.457s] [ 27%] [34m[1mGenerating C type support dispatch for ROS interfaces[0m
[2.460s] [ 30%] [34m[1mGenerating C introspection for ROS interfaces[0m
[3.157s] [ 33%] [32mBuilding CXX object CMakeFiles/gpsd_client__rosidl_typesupport_cpp.dir/rosidl_typesupport_cpp/gpsd_client/msg/gps_fix__type_support.cpp.o[0m
[3.280s] [ 36%] [32mBuilding CXX object CMakeFiles/gpsd_client__rosidl_typesupport_c.dir/rosidl_typesupport_c/gpsd_client/msg/gps_fix__type_support.cpp.o[0m
[3.370s] [ 39%] [32m[1mLinking CXX shared library libgpsd_client__rosidl_typesupport_c.so[0m
[3.407s] [ 42%] [32mBuilding CXX object CMakeFiles/gpsd_client__rosidl_typesupport_introspection_cpp.dir/rosidl_typesupport_introspection_cpp/gpsd_client/msg/detail/gps_fix__type_support.cpp.o[0m
[3.427s] [ 45%] [32mBuilding CXX object CMakeFiles/gpsd_client__rosidl_typesupport_fastrtps_cpp.dir/rosidl_typesupport_fastrtps_cpp/gpsd_client/msg/detail/dds_fastrtps/gps_fix__type_support.cpp.o[0m
[3.489s] [ 45%] Built target gpsd_client__rosidl_typesupport_c
[3.574s] [ 48%] [32mBuilding C object CMakeFiles/gpsd_client__rosidl_typesupport_introspection_c.dir/rosidl_typesupport_introspection_c/gpsd_client/msg/detail/gps_fix__type_support.c.o[0m
[3.623s] [ 51%] [32m[1mLinking CXX shared library libgpsd_client__rosidl_typesupport_cpp.so[0m
[3.636s] [ 57%] [32m[1mLinking C shared library libgpsd_client__rosidl_typesupport_introspection_c.so[0m
[3.640s] [ 57%] [32mBuilding CXX object CMakeFiles/gpsd_client__rosidl_typesupport_fastrtps_c.dir/rosidl_typesupport_fastrtps_c/gpsd_client/msg/detail/gps_fix__type_support_c.cpp.o[0m
[3.683s] [ 57%] Built target gpsd_client__rosidl_typesupport_cpp
[3.685s] [ 57%] Built target gpsd_client__rosidl_typesupport_introspection_c
[3.714s] [ 60%] [32mBuilding CXX object CMakeFiles/gpsd_node.dir/src/gpsd_node.cpp.o[0m
[3.864s] [ 63%] [32m[1mLinking CXX shared library libgpsd_client__rosidl_typesupport_introspection_cpp.so[0m
[3.879s] [ 66%] [32m[1mLinking CXX shared library libgpsd_client__rosidl_typesupport_fastrtps_cpp.so[0m
[3.920s] [ 66%] Built target gpsd_client__rosidl_typesupport_introspection_cpp
[3.924s] In file included from [01m[K/home/maxime/Documents/ENSTA/UE4.1_ROS/voiture2A-ros-main/src/gpsd_client/src/gpsd_node.cpp:1[m[K:
[3.925s] [01m[K/home/maxime/Documents/ENSTA/UE4.1_ROS/voiture2A-ros-main/src/gpsd_client/include/gpsd_client/gpsd_node.h:7:10:[m[K [01;31m[Kfatal error: [m[Klibgpsmm.h: No such file or directory
[3.925s]     7 | #include [01;31m[K<libgpsmm.h>[m[K
[3.925s]       |          [01;31m[K^~~~~~~~~~~~[m[K
[3.925s] compilation terminated.
[3.927s] gmake[2]: *** [CMakeFiles/gpsd_node.dir/build.make:76: CMakeFiles/gpsd_node.dir/src/gpsd_node.cpp.o] Error 1
[3.928s] gmake[1]: *** [CMakeFiles/Makefile2:593: CMakeFiles/gpsd_node.dir/all] Error 2
[3.928s] gmake[1]: *** Waiting for unfinished jobs....
[3.929s] [ 69%] [32m[1mLinking CXX shared library libgpsd_client__rosidl_typesupport_fastrtps_c.so[0m
[3.951s] [ 69%] Built target gpsd_client__rosidl_typesupport_fastrtps_cpp
[3.992s] [ 69%] Built target gpsd_client__rosidl_typesupport_fastrtps_c
[3.994s] gmake: *** [Makefile:146: all] Error 2
