[5.124s] Invoking command in '/voiture2A-ros/src/calibration': PYTHONPATH=/voiture2A-ros/build/calibration/prefix_override:/usr/lib/python3/dist-packages/colcon_core/task/python/colcon_distutils_commands:/voiture2A-ros/install/calibration/lib/python3.10/site-packages:${PYTHONPATH} /usr/bin/python3 -W ignore:setup.py install is deprecated -W ignore:easy_install command is deprecated setup.py egg_info --egg-base ../../build/calibration build --build-base /voiture2A-ros/build/calibration/build install --record /voiture2A-ros/build/calibration/install.log --single-version-externally-managed install_data
[6.303s] running egg_info
[6.308s] writing ../../build/calibration/calibration.egg-info/PKG-INFO
[6.309s] writing dependency_links to ../../build/calibration/calibration.egg-info/dependency_links.txt
[6.309s] writing entry points to ../../build/calibration/calibration.egg-info/entry_points.txt
[6.311s] writing requirements to ../../build/calibration/calibration.egg-info/requires.txt
[6.311s] writing top-level names to ../../build/calibration/calibration.egg-info/top_level.txt
[6.318s] reading manifest file '../../build/calibration/calibration.egg-info/SOURCES.txt'
[6.323s] writing manifest file '../../build/calibration/calibration.egg-info/SOURCES.txt'
[6.324s] running build
[6.324s] running build_py
[6.324s] copying calibration/calibration_node.py -> /voiture2A-ros/build/calibration/build/lib/calibration
[6.326s] running install
[6.328s] running install_lib
[6.331s] copying /voiture2A-ros/build/calibration/build/lib/calibration/calibration_node.py -> /voiture2A-ros/install/calibration/lib/python3.10/site-packages/calibration
[6.334s] byte-compiling /voiture2A-ros/install/calibration/lib/python3.10/site-packages/calibration/calibration_node.py to calibration_node.cpython-310.pyc
[6.354s] running install_data
[6.355s] copying package.xml -> /voiture2A-ros/install/calibration/share/calibration
[6.355s] running install_egg_info
[6.365s] removing '/voiture2A-ros/install/calibration/lib/python3.10/site-packages/calibration-0.0.0-py3.10.egg-info' (and everything under it)
[6.369s] Copying ../../build/calibration/calibration.egg-info to /voiture2A-ros/install/calibration/lib/python3.10/site-packages/calibration-0.0.0-py3.10.egg-info
[6.376s] running install_scripts
[6.487s] Installing calibration_node script to /voiture2A-ros/install/calibration/lib/calibration
[6.487s] writing list of installed files to '/voiture2A-ros/build/calibration/install.log'
[6.549s] Invoked command in '/voiture2A-ros/src/calibration' returned '0': PYTHONPATH=/voiture2A-ros/build/calibration/prefix_override:/usr/lib/python3/dist-packages/colcon_core/task/python/colcon_distutils_commands:/voiture2A-ros/install/calibration/lib/python3.10/site-packages:${PYTHONPATH} /usr/bin/python3 -W ignore:setup.py install is deprecated -W ignore:easy_install command is deprecated setup.py egg_info --egg-base ../../build/calibration build --build-base /voiture2A-ros/build/calibration/build install --record /voiture2A-ros/build/calibration/install.log --single-version-externally-managed install_data
