[3.059s] Invoking command in '/voiture2A-ros/src/calibration': AMENT_PREFIX_PATH=/voiture2A-ros/install/icm20948_driver:${AMENT_PREFIX_PATH} CMAKE_PREFIX_PATH=/voiture2A-ros/install/icm20948_driver LD_LIBRARY_PATH=/voiture2A-ros/install/icm20948_driver/lib:${LD_LIBRARY_PATH} PYTHONPATH=/voiture2A-ros/build/calibration/prefix_override:/usr/lib/python3/dist-packages/colcon_core/task/python/colcon_distutils_commands:/voiture2A-ros/install/calibration/lib/python3.10/site-packages:/voiture2A-ros/install/icm20948_driver/lib/python3.10/site-packages:${PYTHONPATH} /usr/bin/python3 -W ignore:setup.py install is deprecated -W ignore:easy_install command is deprecated setup.py egg_info --egg-base ../../build/calibration build --build-base /voiture2A-ros/build/calibration/build install --record /voiture2A-ros/build/calibration/install.log --single-version-externally-managed install_data
[4.104s] running egg_info
[4.108s] writing ../../build/calibration/calibration.egg-info/PKG-INFO
[4.108s] writing dependency_links to ../../build/calibration/calibration.egg-info/dependency_links.txt
[4.109s] writing entry points to ../../build/calibration/calibration.egg-info/entry_points.txt
[4.110s] writing requirements to ../../build/calibration/calibration.egg-info/requires.txt
[4.111s] writing top-level names to ../../build/calibration/calibration.egg-info/top_level.txt
[4.117s] reading manifest file '../../build/calibration/calibration.egg-info/SOURCES.txt'
[4.121s] writing manifest file '../../build/calibration/calibration.egg-info/SOURCES.txt'
[4.121s] running build
[4.122s] running build_py
[4.123s] running install
[4.124s] running install_lib
[4.130s] running install_data
[4.131s] copying package.xml -> /voiture2A-ros/install/calibration/share/calibration
[4.131s] running install_egg_info
[4.138s] removing '/voiture2A-ros/install/calibration/lib/python3.10/site-packages/calibration-0.0.0-py3.10.egg-info' (and everything under it)
[4.138s] Copying ../../build/calibration/calibration.egg-info to /voiture2A-ros/install/calibration/lib/python3.10/site-packages/calibration-0.0.0-py3.10.egg-info
[4.142s] running install_scripts
[4.237s] Installing calibration_node script to /voiture2A-ros/install/calibration/lib/calibration
[4.238s] writing list of installed files to '/voiture2A-ros/build/calibration/install.log'
[4.295s] Invoked command in '/voiture2A-ros/src/calibration' returned '0': AMENT_PREFIX_PATH=/voiture2A-ros/install/icm20948_driver:${AMENT_PREFIX_PATH} CMAKE_PREFIX_PATH=/voiture2A-ros/install/icm20948_driver LD_LIBRARY_PATH=/voiture2A-ros/install/icm20948_driver/lib:${LD_LIBRARY_PATH} PYTHONPATH=/voiture2A-ros/build/calibration/prefix_override:/usr/lib/python3/dist-packages/colcon_core/task/python/colcon_distutils_commands:/voiture2A-ros/install/calibration/lib/python3.10/site-packages:/voiture2A-ros/install/icm20948_driver/lib/python3.10/site-packages:${PYTHONPATH} /usr/bin/python3 -W ignore:setup.py install is deprecated -W ignore:easy_install command is deprecated setup.py egg_info --egg-base ../../build/calibration build --build-base /voiture2A-ros/build/calibration/build install --record /voiture2A-ros/build/calibration/install.log --single-version-externally-managed install_data
