[0.352s] Invoking command in '/home/maxime/Documents/ENSTA/UE4.2_Simulation/modrob2025/ROS/ws_ros/build/notre_package': PYTHONPATH=/home/maxime/Documents/ENSTA/UE4.2_Simulation/modrob2025/ROS/ws_ros/build/notre_package/prefix_override:/usr/lib/python3/dist-packages/colcon_core/task/python/colcon_distutils_commands:/home/maxime/Documents/ENSTA/UE4.2_Simulation/modrob2025/ROS/ws_ros/install/notre_package/lib/python3.10/site-packages:${PYTHONPATH} /usr/bin/python3 -W ignore:setup.py install is deprecated -W ignore:easy_install command is deprecated setup.py develop --editable --build-directory /home/maxime/Documents/ENSTA/UE4.2_Simulation/modrob2025/ROS/ws_ros/build/notre_package/build --no-deps symlink_data --force
[0.515s] running develop
[0.601s] running egg_info
[0.601s] writing notre_package.egg-info/PKG-INFO
[0.602s] writing dependency_links to notre_package.egg-info/dependency_links.txt
[0.602s] writing entry points to notre_package.egg-info/entry_points.txt
[0.602s] writing requirements to notre_package.egg-info/requires.txt
[0.602s] writing top-level names to notre_package.egg-info/top_level.txt
[0.603s] reading manifest file 'notre_package.egg-info/SOURCES.txt'
[0.604s] writing manifest file 'notre_package.egg-info/SOURCES.txt'
[0.604s] running build_ext
[0.605s] Creating /home/maxime/Documents/ENSTA/UE4.2_Simulation/modrob2025/ROS/ws_ros/install/notre_package/lib/python3.10/site-packages/notre-package.egg-link (link to .)
[0.605s] Installing control_node script to /home/maxime/Documents/ENSTA/UE4.2_Simulation/modrob2025/ROS/ws_ros/install/notre_package/lib/notre_package
[0.605s] Installing localization_node script to /home/maxime/Documents/ENSTA/UE4.2_Simulation/modrob2025/ROS/ws_ros/install/notre_package/lib/notre_package
[0.605s] Installing mission_node script to /home/maxime/Documents/ENSTA/UE4.2_Simulation/modrob2025/ROS/ws_ros/install/notre_package/lib/notre_package
[0.606s] 
[0.606s] Installed /home/maxime/Documents/ENSTA/UE4.2_Simulation/modrob2025/ROS/ws_ros/build/notre_package
[0.606s] running symlink_data
[0.606s] symbolically linking /home/maxime/Documents/ENSTA/UE4.2_Simulation/modrob2025/ROS/ws_ros/build/notre_package/resource/notre_package -> /home/maxime/Documents/ENSTA/UE4.2_Simulation/modrob2025/ROS/ws_ros/install/notre_package/share/ament_index/resource_index/packages
[0.606s] symbolically linking /home/maxime/Documents/ENSTA/UE4.2_Simulation/modrob2025/ROS/ws_ros/build/notre_package/package.xml -> /home/maxime/Documents/ENSTA/UE4.2_Simulation/modrob2025/ROS/ws_ros/install/notre_package/share/notre_package
[0.606s] symbolically linking /home/maxime/Documents/ENSTA/UE4.2_Simulation/modrob2025/ROS/ws_ros/build/notre_package/launch/multi_launch.py -> /home/maxime/Documents/ENSTA/UE4.2_Simulation/modrob2025/ROS/ws_ros/install/notre_package/share/notre_package/launch
[0.624s] Invoked command in '/home/maxime/Documents/ENSTA/UE4.2_Simulation/modrob2025/ROS/ws_ros/build/notre_package' returned '0': PYTHONPATH=/home/maxime/Documents/ENSTA/UE4.2_Simulation/modrob2025/ROS/ws_ros/build/notre_package/prefix_override:/usr/lib/python3/dist-packages/colcon_core/task/python/colcon_distutils_commands:/home/maxime/Documents/ENSTA/UE4.2_Simulation/modrob2025/ROS/ws_ros/install/notre_package/lib/python3.10/site-packages:${PYTHONPATH} /usr/bin/python3 -W ignore:setup.py install is deprecated -W ignore:easy_install command is deprecated setup.py develop --editable --build-directory /home/maxime/Documents/ENSTA/UE4.2_Simulation/modrob2025/ROS/ws_ros/build/notre_package/build --no-deps symlink_data --force
