[0.691s] DEBUG:colcon:Command line arguments: ['/usr/bin/colcon', 'build']
[0.693s] DEBUG:colcon:Parsed command line arguments: Namespace(log_base=None, log_level=None, verb_name='build', build_base='build', install_base='install', merge_install=False, symlink_install=False, test_result_base=None, continue_on_error=False, executor='parallel', parallel_workers=16, event_handlers=None, ignore_user_meta=False, metas=['./colcon.meta'], base_paths=['.'], packages_ignore=None, packages_ignore_regex=None, paths=None, packages_up_to=None, packages_up_to_regex=None, packages_above=None, packages_above_and_dependencies=None, packages_above_depth=None, packages_select_by_dep=None, packages_skip_by_dep=None, packages_skip_up_to=None, packages_select_build_failed=False, packages_skip_build_finished=False, packages_select_test_failures=False, packages_skip_test_passed=False, packages_select=None, packages_skip=None, packages_select_regex=None, packages_skip_regex=None, packages_start=None, packages_end=None, cmake_args=None, cmake_target=None, cmake_target_skip_unavailable=False, cmake_clean_cache=False, cmake_clean_first=False, cmake_force_configure=False, ament_cmake_args=None, catkin_cmake_args=None, catkin_skip_building_tests=False, mixin_files=None, mixin=None, verb_parser=<colcon_mixin.mixin.mixin_argument.MixinArgumentDecorator object at 0x55034be380>, verb_extension=<colcon_core.verb.build.BuildVerb object at 0x55034bdd80>, main=<bound method BuildVerb.main of <colcon_core.verb.build.BuildVerb object at 0x55034bdd80>>, mixin_verb=('build',))
[1.318s] Level 1:colcon.colcon_core.package_discovery:discover_packages(colcon_meta) check parameters
[1.322s] INFO:colcon.colcon_metadata.package_discovery.colcon_meta:Using configuration from '/root/.colcon/metadata/default/Gazebo.meta'
[1.324s] INFO:colcon.colcon_metadata.package_discovery.colcon_meta:Using configuration from '/root/.colcon/metadata/default/fastrtps.meta'
[1.325s] Level 1:colcon.colcon_core.package_discovery:discover_packages(recursive) check parameters
[1.325s] Level 1:colcon.colcon_core.package_discovery:discover_packages(ignore) check parameters
[1.325s] Level 1:colcon.colcon_core.package_discovery:discover_packages(path) check parameters
[1.325s] Level 1:colcon.colcon_core.package_discovery:discover_packages(colcon_meta) discover
[1.325s] Level 1:colcon.colcon_core.package_discovery:discover_packages(recursive) discover
[1.326s] INFO:colcon.colcon_core.package_discovery:Crawling recursively for packages in '/voiture2A-ros'
[1.326s] Level 1:colcon.colcon_core.package_identification:_identify(.) by extensions ['ignore', 'ignore_ament_install']
[1.327s] Level 1:colcon.colcon_core.package_identification:_identify(.) by extension 'ignore'
[1.327s] Level 1:colcon.colcon_core.package_identification:_identify(.) by extension 'ignore_ament_install'
[1.327s] Level 1:colcon.colcon_core.package_identification:_identify(.) by extensions ['colcon_pkg']
[1.328s] Level 1:colcon.colcon_core.package_identification:_identify(.) by extension 'colcon_pkg'
[1.328s] Level 1:colcon.colcon_core.package_identification:_identify(.) by extensions ['colcon_meta']
[1.328s] Level 1:colcon.colcon_core.package_identification:_identify(.) by extension 'colcon_meta'
[1.328s] Level 1:colcon.colcon_core.package_identification:_identify(.) by extensions ['ros']
[1.329s] Level 1:colcon.colcon_core.package_identification:_identify(.) by extension 'ros'
[1.375s] Level 1:colcon.colcon_core.package_identification:_identify(.) by extensions ['cmake', 'python']
[1.375s] Level 1:colcon.colcon_core.package_identification:_identify(.) by extension 'cmake'
[1.376s] Level 1:colcon.colcon_core.package_identification:_identify(.) by extension 'python'
[1.376s] Level 1:colcon.colcon_core.package_identification:_identify(.) by extensions ['python_setup_py']
[1.376s] Level 1:colcon.colcon_core.package_identification:_identify(.) by extension 'python_setup_py'
[1.377s] Level 1:colcon.colcon_core.package_identification:_identify(build) by extensions ['ignore', 'ignore_ament_install']
[1.377s] Level 1:colcon.colcon_core.package_identification:_identify(build) by extension 'ignore'
[1.377s] Level 1:colcon.colcon_core.package_identification:_identify(build) ignored
[1.378s] Level 1:colcon.colcon_core.package_identification:_identify(install) by extensions ['ignore', 'ignore_ament_install']
[1.378s] Level 1:colcon.colcon_core.package_identification:_identify(install) by extension 'ignore'
[1.378s] Level 1:colcon.colcon_core.package_identification:_identify(install) ignored
[1.379s] Level 1:colcon.colcon_core.package_identification:_identify(log) by extensions ['ignore', 'ignore_ament_install']
[1.379s] Level 1:colcon.colcon_core.package_identification:_identify(log) by extension 'ignore'
[1.379s] Level 1:colcon.colcon_core.package_identification:_identify(log) ignored
[1.380s] Level 1:colcon.colcon_core.package_identification:_identify(src) by extensions ['ignore', 'ignore_ament_install']
[1.380s] Level 1:colcon.colcon_core.package_identification:_identify(src) by extension 'ignore'
[1.380s] Level 1:colcon.colcon_core.package_identification:_identify(src) by extension 'ignore_ament_install'
[1.380s] Level 1:colcon.colcon_core.package_identification:_identify(src) by extensions ['colcon_pkg']
[1.381s] Level 1:colcon.colcon_core.package_identification:_identify(src) by extension 'colcon_pkg'
[1.381s] Level 1:colcon.colcon_core.package_identification:_identify(src) by extensions ['colcon_meta']
[1.381s] Level 1:colcon.colcon_core.package_identification:_identify(src) by extension 'colcon_meta'
[1.381s] Level 1:colcon.colcon_core.package_identification:_identify(src) by extensions ['ros']
[1.381s] Level 1:colcon.colcon_core.package_identification:_identify(src) by extension 'ros'
[1.382s] Level 1:colcon.colcon_core.package_identification:_identify(src) by extensions ['cmake', 'python']
[1.382s] Level 1:colcon.colcon_core.package_identification:_identify(src) by extension 'cmake'
[1.382s] Level 1:colcon.colcon_core.package_identification:_identify(src) by extension 'python'
[1.382s] Level 1:colcon.colcon_core.package_identification:_identify(src) by extensions ['python_setup_py']
[1.383s] Level 1:colcon.colcon_core.package_identification:_identify(src) by extension 'python_setup_py'
[1.383s] Level 1:colcon.colcon_core.package_identification:_identify(src/calibration) by extensions ['ignore', 'ignore_ament_install']
[1.383s] Level 1:colcon.colcon_core.package_identification:_identify(src/calibration) by extension 'ignore'
[1.384s] Level 1:colcon.colcon_core.package_identification:_identify(src/calibration) by extension 'ignore_ament_install'
[1.384s] Level 1:colcon.colcon_core.package_identification:_identify(src/calibration) by extensions ['colcon_pkg']
[1.384s] Level 1:colcon.colcon_core.package_identification:_identify(src/calibration) by extension 'colcon_pkg'
[1.384s] Level 1:colcon.colcon_core.package_identification:_identify(src/calibration) by extensions ['colcon_meta']
[1.384s] Level 1:colcon.colcon_core.package_identification:_identify(src/calibration) by extension 'colcon_meta'
[1.385s] Level 1:colcon.colcon_core.package_identification:_identify(src/calibration) by extensions ['ros']
[1.385s] Level 1:colcon.colcon_core.package_identification:_identify(src/calibration) by extension 'ros'
[1.401s] DEBUG:colcon.colcon_core.package_identification:Package 'src/calibration' with type 'ros.ament_python' and name 'calibration'
[1.401s] Level 1:colcon.colcon_core.package_identification:_identify(src/gpsd_client) by extensions ['ignore', 'ignore_ament_install']
[1.402s] Level 1:colcon.colcon_core.package_identification:_identify(src/gpsd_client) by extension 'ignore'
[1.402s] Level 1:colcon.colcon_core.package_identification:_identify(src/gpsd_client) by extension 'ignore_ament_install'
[1.402s] Level 1:colcon.colcon_core.package_identification:_identify(src/gpsd_client) by extensions ['colcon_pkg']
[1.403s] Level 1:colcon.colcon_core.package_identification:_identify(src/gpsd_client) by extension 'colcon_pkg'
[1.403s] Level 1:colcon.colcon_core.package_identification:_identify(src/gpsd_client) by extensions ['colcon_meta']
[1.403s] Level 1:colcon.colcon_core.package_identification:_identify(src/gpsd_client) by extension 'colcon_meta'
[1.403s] Level 1:colcon.colcon_core.package_identification:_identify(src/gpsd_client) by extensions ['ros']
[1.403s] Level 1:colcon.colcon_core.package_identification:_identify(src/gpsd_client) by extension 'ros'
[1.407s] DEBUG:colcon.colcon_core.package_identification:Package 'src/gpsd_client' with type 'ros.ament_cmake' and name 'gpsd_client'
[1.407s] Level 1:colcon.colcon_core.package_identification:_identify(src/icm20948_driver) by extensions ['ignore', 'ignore_ament_install']
[1.407s] Level 1:colcon.colcon_core.package_identification:_identify(src/icm20948_driver) by extension 'ignore'
[1.408s] Level 1:colcon.colcon_core.package_identification:_identify(src/icm20948_driver) by extension 'ignore_ament_install'
[1.408s] Level 1:colcon.colcon_core.package_identification:_identify(src/icm20948_driver) by extensions ['colcon_pkg']
[1.408s] Level 1:colcon.colcon_core.package_identification:_identify(src/icm20948_driver) by extension 'colcon_pkg'
[1.408s] Level 1:colcon.colcon_core.package_identification:_identify(src/icm20948_driver) by extensions ['colcon_meta']
[1.408s] Level 1:colcon.colcon_core.package_identification:_identify(src/icm20948_driver) by extension 'colcon_meta'
[1.409s] Level 1:colcon.colcon_core.package_identification:_identify(src/icm20948_driver) by extensions ['ros']
[1.409s] Level 1:colcon.colcon_core.package_identification:_identify(src/icm20948_driver) by extension 'ros'
[1.414s] DEBUG:colcon.colcon_core.package_identification:Package 'src/icm20948_driver' with type 'ros.ament_cmake' and name 'icm20948_driver'
[1.415s] Level 1:colcon.colcon_core.package_identification:_identify(src/notre_package) by extensions ['ignore', 'ignore_ament_install']
[1.415s] Level 1:colcon.colcon_core.package_identification:_identify(src/notre_package) by extension 'ignore'
[1.415s] Level 1:colcon.colcon_core.package_identification:_identify(src/notre_package) by extension 'ignore_ament_install'
[1.416s] Level 1:colcon.colcon_core.package_identification:_identify(src/notre_package) by extensions ['colcon_pkg']
[1.416s] Level 1:colcon.colcon_core.package_identification:_identify(src/notre_package) by extension 'colcon_pkg'
[1.416s] Level 1:colcon.colcon_core.package_identification:_identify(src/notre_package) by extensions ['colcon_meta']
[1.416s] Level 1:colcon.colcon_core.package_identification:_identify(src/notre_package) by extension 'colcon_meta'
[1.416s] Level 1:colcon.colcon_core.package_identification:_identify(src/notre_package) by extensions ['ros']
[1.417s] Level 1:colcon.colcon_core.package_identification:_identify(src/notre_package) by extension 'ros'
[1.419s] DEBUG:colcon.colcon_core.package_identification:Package 'src/notre_package' with type 'ros.ament_python' and name 'notre_package'
[1.419s] Level 1:colcon.colcon_core.package_identification:_identify(src/voiture2a_motors_driver) by extensions ['ignore', 'ignore_ament_install']
[1.419s] Level 1:colcon.colcon_core.package_identification:_identify(src/voiture2a_motors_driver) by extension 'ignore'
[1.420s] Level 1:colcon.colcon_core.package_identification:_identify(src/voiture2a_motors_driver) by extension 'ignore_ament_install'
[1.420s] Level 1:colcon.colcon_core.package_identification:_identify(src/voiture2a_motors_driver) by extensions ['colcon_pkg']
[1.420s] Level 1:colcon.colcon_core.package_identification:_identify(src/voiture2a_motors_driver) by extension 'colcon_pkg'
[1.420s] Level 1:colcon.colcon_core.package_identification:_identify(src/voiture2a_motors_driver) by extensions ['colcon_meta']
[1.420s] Level 1:colcon.colcon_core.package_identification:_identify(src/voiture2a_motors_driver) by extension 'colcon_meta'
[1.421s] Level 1:colcon.colcon_core.package_identification:_identify(src/voiture2a_motors_driver) by extensions ['ros']
[1.421s] Level 1:colcon.colcon_core.package_identification:_identify(src/voiture2a_motors_driver) by extension 'ros'
[1.423s] DEBUG:colcon.colcon_core.package_identification:Package 'src/voiture2a_motors_driver' with type 'ros.ament_cmake' and name 'voiture2a_motors_driver'
[1.423s] Level 1:colcon.colcon_core.package_discovery:discover_packages(recursive) using defaults
[1.424s] Level 1:colcon.colcon_core.package_discovery:discover_packages(ignore) discover
[1.424s] Level 1:colcon.colcon_core.package_discovery:discover_packages(ignore) using defaults
[1.424s] Level 1:colcon.colcon_core.package_discovery:discover_packages(path) discover
[1.424s] Level 1:colcon.colcon_core.package_discovery:discover_packages(path) using defaults
[1.515s] Level 5:colcon.colcon_core.verb:set package 'calibration' build argument 'cmake_args' from command line to 'None'
[1.516s] Level 5:colcon.colcon_core.verb:set package 'calibration' build argument 'cmake_target' from command line to 'None'
[1.516s] Level 5:colcon.colcon_core.verb:set package 'calibration' build argument 'cmake_target_skip_unavailable' from command line to 'False'
[1.516s] Level 5:colcon.colcon_core.verb:set package 'calibration' build argument 'cmake_clean_cache' from command line to 'False'
[1.516s] Level 5:colcon.colcon_core.verb:set package 'calibration' build argument 'cmake_clean_first' from command line to 'False'
[1.516s] Level 5:colcon.colcon_core.verb:set package 'calibration' build argument 'cmake_force_configure' from command line to 'False'
[1.516s] Level 5:colcon.colcon_core.verb:set package 'calibration' build argument 'ament_cmake_args' from command line to 'None'
[1.516s] Level 5:colcon.colcon_core.verb:set package 'calibration' build argument 'catkin_cmake_args' from command line to 'None'
[1.516s] Level 5:colcon.colcon_core.verb:set package 'calibration' build argument 'catkin_skip_building_tests' from command line to 'False'
[1.517s] DEBUG:colcon.colcon_core.verb:Building package 'calibration' with the following arguments: {'ament_cmake_args': None, 'build_base': '/voiture2A-ros/build/calibration', 'catkin_cmake_args': None, 'catkin_skip_building_tests': False, 'cmake_args': None, 'cmake_clean_cache': False, 'cmake_clean_first': False, 'cmake_force_configure': False, 'cmake_target': None, 'cmake_target_skip_unavailable': False, 'install_base': '/voiture2A-ros/install/calibration', 'merge_install': False, 'path': '/voiture2A-ros/src/calibration', 'symlink_install': False, 'test_result_base': None}
[1.518s] Level 5:colcon.colcon_core.verb:set package 'gpsd_client' build argument 'cmake_args' from command line to 'None'
[1.518s] Level 5:colcon.colcon_core.verb:set package 'gpsd_client' build argument 'cmake_target' from command line to 'None'
[1.518s] Level 5:colcon.colcon_core.verb:set package 'gpsd_client' build argument 'cmake_target_skip_unavailable' from command line to 'False'
[1.519s] Level 5:colcon.colcon_core.verb:set package 'gpsd_client' build argument 'cmake_clean_cache' from command line to 'False'
[1.519s] Level 5:colcon.colcon_core.verb:set package 'gpsd_client' build argument 'cmake_clean_first' from command line to 'False'
[1.519s] Level 5:colcon.colcon_core.verb:set package 'gpsd_client' build argument 'cmake_force_configure' from command line to 'False'
[1.519s] Level 5:colcon.colcon_core.verb:set package 'gpsd_client' build argument 'ament_cmake_args' from command line to 'None'
[1.519s] Level 5:colcon.colcon_core.verb:set package 'gpsd_client' build argument 'catkin_cmake_args' from command line to 'None'
[1.519s] Level 5:colcon.colcon_core.verb:set package 'gpsd_client' build argument 'catkin_skip_building_tests' from command line to 'False'
[1.519s] DEBUG:colcon.colcon_core.verb:Building package 'gpsd_client' with the following arguments: {'ament_cmake_args': None, 'build_base': '/voiture2A-ros/build/gpsd_client', 'catkin_cmake_args': None, 'catkin_skip_building_tests': False, 'cmake_args': None, 'cmake_clean_cache': False, 'cmake_clean_first': False, 'cmake_force_configure': False, 'cmake_target': None, 'cmake_target_skip_unavailable': False, 'install_base': '/voiture2A-ros/install/gpsd_client', 'merge_install': False, 'path': '/voiture2A-ros/src/gpsd_client', 'symlink_install': False, 'test_result_base': None}
[1.521s] Level 5:colcon.colcon_core.verb:set package 'icm20948_driver' build argument 'cmake_args' from command line to 'None'
[1.521s] Level 5:colcon.colcon_core.verb:set package 'icm20948_driver' build argument 'cmake_target' from command line to 'None'
[1.521s] Level 5:colcon.colcon_core.verb:set package 'icm20948_driver' build argument 'cmake_target_skip_unavailable' from command line to 'False'
[1.522s] Level 5:colcon.colcon_core.verb:set package 'icm20948_driver' build argument 'cmake_clean_cache' from command line to 'False'
[1.522s] Level 5:colcon.colcon_core.verb:set package 'icm20948_driver' build argument 'cmake_clean_first' from command line to 'False'
[1.522s] Level 5:colcon.colcon_core.verb:set package 'icm20948_driver' build argument 'cmake_force_configure' from command line to 'False'
[1.522s] Level 5:colcon.colcon_core.verb:set package 'icm20948_driver' build argument 'ament_cmake_args' from command line to 'None'
[1.522s] Level 5:colcon.colcon_core.verb:set package 'icm20948_driver' build argument 'catkin_cmake_args' from command line to 'None'
[1.522s] Level 5:colcon.colcon_core.verb:set package 'icm20948_driver' build argument 'catkin_skip_building_tests' from command line to 'False'
[1.522s] DEBUG:colcon.colcon_core.verb:Building package 'icm20948_driver' with the following arguments: {'ament_cmake_args': None, 'build_base': '/voiture2A-ros/build/icm20948_driver', 'catkin_cmake_args': None, 'catkin_skip_building_tests': False, 'cmake_args': None, 'cmake_clean_cache': False, 'cmake_clean_first': False, 'cmake_force_configure': False, 'cmake_target': None, 'cmake_target_skip_unavailable': False, 'install_base': '/voiture2A-ros/install/icm20948_driver', 'merge_install': False, 'path': '/voiture2A-ros/src/icm20948_driver', 'symlink_install': False, 'test_result_base': None}
[1.524s] Level 5:colcon.colcon_core.verb:set package 'notre_package' build argument 'cmake_args' from command line to 'None'
[1.524s] Level 5:colcon.colcon_core.verb:set package 'notre_package' build argument 'cmake_target' from command line to 'None'
[1.524s] Level 5:colcon.colcon_core.verb:set package 'notre_package' build argument 'cmake_target_skip_unavailable' from command line to 'False'
[1.524s] Level 5:colcon.colcon_core.verb:set package 'notre_package' build argument 'cmake_clean_cache' from command line to 'False'
[1.524s] Level 5:colcon.colcon_core.verb:set package 'notre_package' build argument 'cmake_clean_first' from command line to 'False'
[1.524s] Level 5:colcon.colcon_core.verb:set package 'notre_package' build argument 'cmake_force_configure' from command line to 'False'
[1.525s] Level 5:colcon.colcon_core.verb:set package 'notre_package' build argument 'ament_cmake_args' from command line to 'None'
[1.525s] Level 5:colcon.colcon_core.verb:set package 'notre_package' build argument 'catkin_cmake_args' from command line to 'None'
[1.525s] Level 5:colcon.colcon_core.verb:set package 'notre_package' build argument 'catkin_skip_building_tests' from command line to 'False'
[1.525s] DEBUG:colcon.colcon_core.verb:Building package 'notre_package' with the following arguments: {'ament_cmake_args': None, 'build_base': '/voiture2A-ros/build/notre_package', 'catkin_cmake_args': None, 'catkin_skip_building_tests': False, 'cmake_args': None, 'cmake_clean_cache': False, 'cmake_clean_first': False, 'cmake_force_configure': False, 'cmake_target': None, 'cmake_target_skip_unavailable': False, 'install_base': '/voiture2A-ros/install/notre_package', 'merge_install': False, 'path': '/voiture2A-ros/src/notre_package', 'symlink_install': False, 'test_result_base': None}
[1.527s] Level 5:colcon.colcon_core.verb:set package 'voiture2a_motors_driver' build argument 'cmake_args' from command line to 'None'
[1.527s] Level 5:colcon.colcon_core.verb:set package 'voiture2a_motors_driver' build argument 'cmake_target' from command line to 'None'
[1.527s] Level 5:colcon.colcon_core.verb:set package 'voiture2a_motors_driver' build argument 'cmake_target_skip_unavailable' from command line to 'False'
[1.527s] Level 5:colcon.colcon_core.verb:set package 'voiture2a_motors_driver' build argument 'cmake_clean_cache' from command line to 'False'
[1.527s] Level 5:colcon.colcon_core.verb:set package 'voiture2a_motors_driver' build argument 'cmake_clean_first' from command line to 'False'
[1.527s] Level 5:colcon.colcon_core.verb:set package 'voiture2a_motors_driver' build argument 'cmake_force_configure' from command line to 'False'
[1.527s] Level 5:colcon.colcon_core.verb:set package 'voiture2a_motors_driver' build argument 'ament_cmake_args' from command line to 'None'
[1.527s] Level 5:colcon.colcon_core.verb:set package 'voiture2a_motors_driver' build argument 'catkin_cmake_args' from command line to 'None'
[1.528s] Level 5:colcon.colcon_core.verb:set package 'voiture2a_motors_driver' build argument 'catkin_skip_building_tests' from command line to 'False'
[1.528s] DEBUG:colcon.colcon_core.verb:Building package 'voiture2a_motors_driver' with the following arguments: {'ament_cmake_args': None, 'build_base': '/voiture2A-ros/build/voiture2a_motors_driver', 'catkin_cmake_args': None, 'catkin_skip_building_tests': False, 'cmake_args': None, 'cmake_clean_cache': False, 'cmake_clean_first': False, 'cmake_force_configure': False, 'cmake_target': None, 'cmake_target_skip_unavailable': False, 'install_base': '/voiture2A-ros/install/voiture2a_motors_driver', 'merge_install': False, 'path': '/voiture2A-ros/src/voiture2a_motors_driver', 'symlink_install': False, 'test_result_base': None}
[1.528s] INFO:colcon.colcon_core.executor:Executing jobs using 'parallel' executor
[1.539s] DEBUG:colcon.colcon_parallel_executor.executor.parallel:run_until_complete
[1.542s] INFO:colcon.colcon_ros.task.ament_python.build:Building ROS package in '/voiture2A-ros/src/calibration' with build type 'ament_python'
[1.542s] Level 1:colcon.colcon_core.shell:create_environment_hook('calibration', 'ament_prefix_path')
[1.554s] INFO:colcon.colcon_core.plugin_system:Skipping extension 'colcon_core.shell.bat': Not used on non-Windows systems
[1.556s] INFO:colcon.colcon_core.shell:Creating environment hook '/voiture2A-ros/install/calibration/share/calibration/hook/ament_prefix_path.ps1'
[1.560s] INFO:colcon.colcon_core.shell:Creating environment descriptor '/voiture2A-ros/install/calibration/share/calibration/hook/ament_prefix_path.dsv'
[1.562s] INFO:colcon.colcon_core.shell:Creating environment hook '/voiture2A-ros/install/calibration/share/calibration/hook/ament_prefix_path.sh'
[1.566s] INFO:colcon.colcon_core.shell:Skip shell extension 'powershell' for command environment: Not usable outside of PowerShell
[1.566s] DEBUG:colcon.colcon_core.shell:Skip shell extension 'dsv' for command environment
[1.596s] INFO:colcon.colcon_ros.task.ament_cmake.build:Building ROS package in '/voiture2A-ros/src/gpsd_client' with build type 'ament_cmake'
[1.598s] INFO:colcon.colcon_cmake.task.cmake.build:Building CMake package in '/voiture2A-ros/src/gpsd_client'
[1.599s] INFO:colcon.colcon_core.shell:Skip shell extension 'powershell' for command environment: Not usable outside of PowerShell
[1.600s] DEBUG:colcon.colcon_core.shell:Skip shell extension 'dsv' for command environment
[1.614s] INFO:colcon.colcon_ros.task.ament_cmake.build:Building ROS package in '/voiture2A-ros/src/icm20948_driver' with build type 'ament_cmake'
[1.615s] INFO:colcon.colcon_cmake.task.cmake.build:Building CMake package in '/voiture2A-ros/src/icm20948_driver'
[1.617s] INFO:colcon.colcon_core.shell:Skip shell extension 'powershell' for command environment: Not usable outside of PowerShell
[1.617s] DEBUG:colcon.colcon_core.shell:Skip shell extension 'dsv' for command environment
[1.634s] INFO:colcon.colcon_ros.task.ament_python.build:Building ROS package in '/voiture2A-ros/src/notre_package' with build type 'ament_python'
[1.635s] Level 1:colcon.colcon_core.shell:create_environment_hook('notre_package', 'ament_prefix_path')
[1.636s] INFO:colcon.colcon_core.shell:Creating environment hook '/voiture2A-ros/install/notre_package/share/notre_package/hook/ament_prefix_path.ps1'
[1.641s] INFO:colcon.colcon_core.shell:Creating environment descriptor '/voiture2A-ros/install/notre_package/share/notre_package/hook/ament_prefix_path.dsv'
[1.643s] INFO:colcon.colcon_core.shell:Creating environment hook '/voiture2A-ros/install/notre_package/share/notre_package/hook/ament_prefix_path.sh'
[1.645s] INFO:colcon.colcon_core.shell:Skip shell extension 'powershell' for command environment: Not usable outside of PowerShell
[1.645s] DEBUG:colcon.colcon_core.shell:Skip shell extension 'dsv' for command environment
[1.661s] INFO:colcon.colcon_ros.task.ament_cmake.build:Building ROS package in '/voiture2A-ros/src/voiture2a_motors_driver' with build type 'ament_cmake'
[1.662s] INFO:colcon.colcon_cmake.task.cmake.build:Building CMake package in '/voiture2A-ros/src/voiture2a_motors_driver'
[1.664s] INFO:colcon.colcon_core.shell:Skip shell extension 'powershell' for command environment: Not usable outside of PowerShell
[1.664s] DEBUG:colcon.colcon_core.shell:Skip shell extension 'dsv' for command environment
[2.765s] INFO:colcon.colcon_core.task.python.build:Building Python package in '/voiture2A-ros/src/calibration'
[2.766s] INFO:colcon.colcon_core.shell:Skip shell extension 'powershell' for command environment: Not usable outside of PowerShell
[2.766s] DEBUG:colcon.colcon_core.shell:Skip shell extension 'dsv' for command environment
[2.792s] DEBUG:colcon.colcon_core.event_handler.log_command:Invoking command in '/voiture2A-ros/build/gpsd_client': CMAKE_PREFIX_PATH=/opt/ros/rolling /usr/bin/cmake --build /voiture2A-ros/build/gpsd_client -- -j16 -l16
[2.804s] DEBUG:colcon.colcon_core.event_handler.log_command:Invoking command in '/voiture2A-ros/build/icm20948_driver': CMAKE_PREFIX_PATH=/opt/ros/rolling /usr/bin/cmake --build /voiture2A-ros/build/icm20948_driver -- -j16 -l16
[4.381s] INFO:colcon.colcon_core.task.python.build:Building Python package in '/voiture2A-ros/src/notre_package'
[4.383s] INFO:colcon.colcon_core.shell:Skip shell extension 'powershell' for command environment: Not usable outside of PowerShell
[4.384s] DEBUG:colcon.colcon_core.shell:Skip shell extension 'dsv' for command environment
[4.416s] DEBUG:colcon.colcon_core.event_handler.log_command:Invoking command in '/voiture2A-ros/build/voiture2a_motors_driver': CMAKE_PREFIX_PATH=/opt/ros/rolling /usr/bin/cmake --build /voiture2A-ros/build/voiture2a_motors_driver -- -j16 -l16
[6.159s] DEBUG:colcon.colcon_core.event_handler.log_command:Invoked command in '/voiture2A-ros/build/gpsd_client' returned '0': CMAKE_PREFIX_PATH=/opt/ros/rolling /usr/bin/cmake --build /voiture2A-ros/build/gpsd_client -- -j16 -l16
[6.271s] DEBUG:colcon.colcon_core.event_handler.log_command:Invoking command in '/voiture2A-ros/build/gpsd_client': CMAKE_PREFIX_PATH=/opt/ros/rolling /usr/bin/cmake --install /voiture2A-ros/build/gpsd_client
[6.293s] DEBUG:colcon.colcon_core.event_handler.log_command:Invoked command in '/voiture2A-ros/build/icm20948_driver' returned '0': CMAKE_PREFIX_PATH=/opt/ros/rolling /usr/bin/cmake --build /voiture2A-ros/build/icm20948_driver -- -j16 -l16
[6.299s] DEBUG:colcon.colcon_core.event_handler.log_command:Invoking command in '/voiture2A-ros/build/icm20948_driver': CMAKE_PREFIX_PATH=/opt/ros/rolling /usr/bin/cmake --install /voiture2A-ros/build/icm20948_driver
[6.746s] DEBUG:colcon.colcon_core.event_handler.log_command:Invoking command in '/voiture2A-ros/src/calibration': PYTHONPATH=/voiture2A-ros/build/calibration/prefix_override:/usr/lib/python3/dist-packages/colcon_core/task/python/colcon_distutils_commands:/voiture2A-ros/install/calibration/lib/python3.10/site-packages:${PYTHONPATH} /usr/bin/python3 -W ignore:setup.py install is deprecated -W ignore:easy_install command is deprecated setup.py egg_info --egg-base ../../build/calibration build --build-base /voiture2A-ros/build/calibration/build install --record /voiture2A-ros/build/calibration/install.log --single-version-externally-managed install_data
[6.865s] Level 1:colcon.colcon_core.environment:create_environment_scripts_only(gpsd_client)
[6.896s] DEBUG:colcon.colcon_core.event_handler.log_command:Invoking command in '/voiture2A-ros/src/notre_package': PYTHONPATH=/voiture2A-ros/build/notre_package/prefix_override:/usr/lib/python3/dist-packages/colcon_core/task/python/colcon_distutils_commands:/voiture2A-ros/install/notre_package/lib/python3.10/site-packages:${PYTHONPATH} /usr/bin/python3 -W ignore:setup.py install is deprecated -W ignore:easy_install command is deprecated setup.py egg_info --egg-base ../../build/notre_package build --build-base /voiture2A-ros/build/notre_package/build install --record /voiture2A-ros/build/notre_package/install.log --single-version-externally-managed install_data
[6.902s] DEBUG:colcon.colcon_core.event_handler.log_command:Invoked command in '/voiture2A-ros/build/gpsd_client' returned '0': CMAKE_PREFIX_PATH=/opt/ros/rolling /usr/bin/cmake --install /voiture2A-ros/build/gpsd_client
[6.908s] Level 1:colcon.colcon_core.environment:checking '/voiture2A-ros/install/gpsd_client' for CMake module files
[6.911s] Level 1:colcon.colcon_core.environment:checking '/voiture2A-ros/install/gpsd_client' for CMake config files
[6.914s] Level 1:colcon.colcon_core.shell:create_environment_hook('gpsd_client', 'cmake_prefix_path')
[6.915s] INFO:colcon.colcon_core.shell:Creating environment hook '/voiture2A-ros/install/gpsd_client/share/gpsd_client/hook/cmake_prefix_path.ps1'
[6.918s] INFO:colcon.colcon_core.shell:Creating environment descriptor '/voiture2A-ros/install/gpsd_client/share/gpsd_client/hook/cmake_prefix_path.dsv'
[6.920s] INFO:colcon.colcon_core.shell:Creating environment hook '/voiture2A-ros/install/gpsd_client/share/gpsd_client/hook/cmake_prefix_path.sh'
[6.926s] Level 1:colcon.colcon_core.environment:checking '/voiture2A-ros/install/gpsd_client/lib'
[6.927s] Level 1:colcon.colcon_core.shell:create_environment_hook('gpsd_client', 'ld_library_path_lib')
[6.929s] INFO:colcon.colcon_core.shell:Creating environment hook '/voiture2A-ros/install/gpsd_client/share/gpsd_client/hook/ld_library_path_lib.ps1'
[6.932s] INFO:colcon.colcon_core.shell:Creating environment descriptor '/voiture2A-ros/install/gpsd_client/share/gpsd_client/hook/ld_library_path_lib.dsv'
[6.934s] INFO:colcon.colcon_core.shell:Creating environment hook '/voiture2A-ros/install/gpsd_client/share/gpsd_client/hook/ld_library_path_lib.sh'
[6.937s] Level 1:colcon.colcon_core.environment:checking '/voiture2A-ros/install/gpsd_client/bin'
[6.937s] Level 1:colcon.colcon_core.environment:checking '/voiture2A-ros/install/gpsd_client/lib/pkgconfig/gpsd_client.pc'
[6.939s] Level 1:colcon.colcon_core.environment:checking '/voiture2A-ros/install/gpsd_client/lib/python3.10/site-packages'
[6.939s] Level 1:colcon.colcon_core.shell:create_environment_hook('gpsd_client', 'pythonpath')
[6.940s] INFO:colcon.colcon_core.shell:Creating environment hook '/voiture2A-ros/install/gpsd_client/share/gpsd_client/hook/pythonpath.ps1'
[6.943s] INFO:colcon.colcon_core.shell:Creating environment descriptor '/voiture2A-ros/install/gpsd_client/share/gpsd_client/hook/pythonpath.dsv'
[6.945s] INFO:colcon.colcon_core.shell:Creating environment hook '/voiture2A-ros/install/gpsd_client/share/gpsd_client/hook/pythonpath.sh'
[6.948s] Level 1:colcon.colcon_core.environment:checking '/voiture2A-ros/install/gpsd_client/bin'
[6.951s] INFO:colcon.colcon_core.shell:Creating package script '/voiture2A-ros/install/gpsd_client/share/gpsd_client/package.ps1'
[6.957s] INFO:colcon.colcon_core.shell:Creating package descriptor '/voiture2A-ros/install/gpsd_client/share/gpsd_client/package.dsv'
[6.962s] INFO:colcon.colcon_core.shell:Creating package script '/voiture2A-ros/install/gpsd_client/share/gpsd_client/package.sh'
[6.970s] INFO:colcon.colcon_core.shell:Creating package script '/voiture2A-ros/install/gpsd_client/share/gpsd_client/package.bash'
[6.976s] INFO:colcon.colcon_core.shell:Creating package script '/voiture2A-ros/install/gpsd_client/share/gpsd_client/package.zsh'
[6.981s] Level 1:colcon.colcon_core.environment:create_file_with_runtime_dependencies(/voiture2A-ros/install/gpsd_client/share/colcon-core/packages/gpsd_client)
[6.985s] Level 1:colcon.colcon_core.environment:create_environment_scripts_only(gpsd_client)
[6.986s] Level 1:colcon.colcon_core.environment:checking '/voiture2A-ros/install/gpsd_client' for CMake module files
[6.989s] Level 1:colcon.colcon_core.environment:checking '/voiture2A-ros/install/gpsd_client' for CMake config files
[6.992s] Level 1:colcon.colcon_core.shell:create_environment_hook('gpsd_client', 'cmake_prefix_path')
[6.993s] INFO:colcon.colcon_core.shell:Creating environment hook '/voiture2A-ros/install/gpsd_client/share/gpsd_client/hook/cmake_prefix_path.ps1'
[6.996s] INFO:colcon.colcon_core.shell:Creating environment descriptor '/voiture2A-ros/install/gpsd_client/share/gpsd_client/hook/cmake_prefix_path.dsv'
[6.999s] INFO:colcon.colcon_core.shell:Creating environment hook '/voiture2A-ros/install/gpsd_client/share/gpsd_client/hook/cmake_prefix_path.sh'
[7.003s] Level 1:colcon.colcon_core.environment:checking '/voiture2A-ros/install/gpsd_client/lib'
[7.003s] Level 1:colcon.colcon_core.shell:create_environment_hook('gpsd_client', 'ld_library_path_lib')
[7.005s] INFO:colcon.colcon_core.shell:Creating environment hook '/voiture2A-ros/install/gpsd_client/share/gpsd_client/hook/ld_library_path_lib.ps1'
[7.008s] INFO:colcon.colcon_core.shell:Creating environment descriptor '/voiture2A-ros/install/gpsd_client/share/gpsd_client/hook/ld_library_path_lib.dsv'
[7.010s] INFO:colcon.colcon_core.shell:Creating environment hook '/voiture2A-ros/install/gpsd_client/share/gpsd_client/hook/ld_library_path_lib.sh'
[7.013s] Level 1:colcon.colcon_core.environment:checking '/voiture2A-ros/install/gpsd_client/bin'
[7.014s] Level 1:colcon.colcon_core.environment:checking '/voiture2A-ros/install/gpsd_client/lib/pkgconfig/gpsd_client.pc'
[7.015s] Level 1:colcon.colcon_core.environment:checking '/voiture2A-ros/install/gpsd_client/lib/python3.10/site-packages'
[7.016s] Level 1:colcon.colcon_core.shell:create_environment_hook('gpsd_client', 'pythonpath')
[7.017s] INFO:colcon.colcon_core.shell:Creating environment hook '/voiture2A-ros/install/gpsd_client/share/gpsd_client/hook/pythonpath.ps1'
[7.020s] INFO:colcon.colcon_core.shell:Creating environment descriptor '/voiture2A-ros/install/gpsd_client/share/gpsd_client/hook/pythonpath.dsv'
[7.023s] INFO:colcon.colcon_core.shell:Creating environment hook '/voiture2A-ros/install/gpsd_client/share/gpsd_client/hook/pythonpath.sh'
[7.027s] Level 1:colcon.colcon_core.environment:checking '/voiture2A-ros/install/gpsd_client/bin'
[7.030s] INFO:colcon.colcon_core.shell:Creating package script '/voiture2A-ros/install/gpsd_client/share/gpsd_client/package.ps1'
[7.035s] INFO:colcon.colcon_core.shell:Creating package descriptor '/voiture2A-ros/install/gpsd_client/share/gpsd_client/package.dsv'
[7.040s] INFO:colcon.colcon_core.shell:Creating package script '/voiture2A-ros/install/gpsd_client/share/gpsd_client/package.sh'
[7.044s] INFO:colcon.colcon_core.shell:Creating package script '/voiture2A-ros/install/gpsd_client/share/gpsd_client/package.bash'
[7.047s] INFO:colcon.colcon_core.shell:Creating package script '/voiture2A-ros/install/gpsd_client/share/gpsd_client/package.zsh'
[7.050s] Level 1:colcon.colcon_core.environment:create_file_with_runtime_dependencies(/voiture2A-ros/install/gpsd_client/share/colcon-core/packages/gpsd_client)
[7.060s] Level 1:colcon.colcon_core.environment:create_environment_scripts_only(icm20948_driver)
[7.063s] Level 1:colcon.colcon_core.environment:checking '/voiture2A-ros/install/icm20948_driver' for CMake module files
[7.086s] Level 1:colcon.colcon_core.environment:checking '/voiture2A-ros/install/icm20948_driver' for CMake config files
[7.095s] DEBUG:colcon.colcon_core.event_handler.log_command:Invoked command in '/voiture2A-ros/build/icm20948_driver' returned '0': CMAKE_PREFIX_PATH=/opt/ros/rolling /usr/bin/cmake --install /voiture2A-ros/build/icm20948_driver
[7.097s] Level 1:colcon.colcon_core.shell:create_environment_hook('icm20948_driver', 'cmake_prefix_path')
[7.098s] INFO:colcon.colcon_core.shell:Creating environment hook '/voiture2A-ros/install/icm20948_driver/share/icm20948_driver/hook/cmake_prefix_path.ps1'
[7.101s] INFO:colcon.colcon_core.shell:Creating environment descriptor '/voiture2A-ros/install/icm20948_driver/share/icm20948_driver/hook/cmake_prefix_path.dsv'
[7.104s] INFO:colcon.colcon_core.shell:Creating environment hook '/voiture2A-ros/install/icm20948_driver/share/icm20948_driver/hook/cmake_prefix_path.sh'
[7.108s] Level 1:colcon.colcon_core.environment:checking '/voiture2A-ros/install/icm20948_driver/lib'
[7.109s] Level 1:colcon.colcon_core.shell:create_environment_hook('icm20948_driver', 'ld_library_path_lib')
[7.110s] INFO:colcon.colcon_core.shell:Creating environment hook '/voiture2A-ros/install/icm20948_driver/share/icm20948_driver/hook/ld_library_path_lib.ps1'
[7.113s] INFO:colcon.colcon_core.shell:Creating environment descriptor '/voiture2A-ros/install/icm20948_driver/share/icm20948_driver/hook/ld_library_path_lib.dsv'
[7.115s] INFO:colcon.colcon_core.shell:Creating environment hook '/voiture2A-ros/install/icm20948_driver/share/icm20948_driver/hook/ld_library_path_lib.sh'
[7.118s] Level 1:colcon.colcon_core.environment:checking '/voiture2A-ros/install/icm20948_driver/bin'
[7.118s] Level 1:colcon.colcon_core.environment:checking '/voiture2A-ros/install/icm20948_driver/lib/pkgconfig/icm20948_driver.pc'
[7.120s] Level 1:colcon.colcon_core.environment:checking '/voiture2A-ros/install/icm20948_driver/lib/python3.10/site-packages'
[7.120s] Level 1:colcon.colcon_core.shell:create_environment_hook('icm20948_driver', 'pythonpath')
[7.121s] INFO:colcon.colcon_core.shell:Creating environment hook '/voiture2A-ros/install/icm20948_driver/share/icm20948_driver/hook/pythonpath.ps1'
[7.123s] INFO:colcon.colcon_core.shell:Creating environment descriptor '/voiture2A-ros/install/icm20948_driver/share/icm20948_driver/hook/pythonpath.dsv'
[7.126s] INFO:colcon.colcon_core.shell:Creating environment hook '/voiture2A-ros/install/icm20948_driver/share/icm20948_driver/hook/pythonpath.sh'
[7.129s] Level 1:colcon.colcon_core.environment:checking '/voiture2A-ros/install/icm20948_driver/bin'
[7.131s] INFO:colcon.colcon_core.shell:Creating package script '/voiture2A-ros/install/icm20948_driver/share/icm20948_driver/package.ps1'
[7.135s] INFO:colcon.colcon_core.shell:Creating package descriptor '/voiture2A-ros/install/icm20948_driver/share/icm20948_driver/package.dsv'
[7.139s] INFO:colcon.colcon_core.shell:Creating package script '/voiture2A-ros/install/icm20948_driver/share/icm20948_driver/package.sh'
[7.142s] INFO:colcon.colcon_core.shell:Creating package script '/voiture2A-ros/install/icm20948_driver/share/icm20948_driver/package.bash'
[7.144s] INFO:colcon.colcon_core.shell:Creating package script '/voiture2A-ros/install/icm20948_driver/share/icm20948_driver/package.zsh'
[7.147s] Level 1:colcon.colcon_core.environment:create_file_with_runtime_dependencies(/voiture2A-ros/install/icm20948_driver/share/colcon-core/packages/icm20948_driver)
[7.150s] Level 1:colcon.colcon_core.environment:create_environment_scripts_only(icm20948_driver)
[7.151s] Level 1:colcon.colcon_core.environment:checking '/voiture2A-ros/install/icm20948_driver' for CMake module files
[7.154s] Level 1:colcon.colcon_core.environment:checking '/voiture2A-ros/install/icm20948_driver' for CMake config files
[7.157s] Level 1:colcon.colcon_core.shell:create_environment_hook('icm20948_driver', 'cmake_prefix_path')
[7.158s] INFO:colcon.colcon_core.shell:Creating environment hook '/voiture2A-ros/install/icm20948_driver/share/icm20948_driver/hook/cmake_prefix_path.ps1'
[7.161s] INFO:colcon.colcon_core.shell:Creating environment descriptor '/voiture2A-ros/install/icm20948_driver/share/icm20948_driver/hook/cmake_prefix_path.dsv'
[7.163s] INFO:colcon.colcon_core.shell:Creating environment hook '/voiture2A-ros/install/icm20948_driver/share/icm20948_driver/hook/cmake_prefix_path.sh'
[7.167s] Level 1:colcon.colcon_core.environment:checking '/voiture2A-ros/install/icm20948_driver/lib'
[7.167s] Level 1:colcon.colcon_core.shell:create_environment_hook('icm20948_driver', 'ld_library_path_lib')
[7.169s] INFO:colcon.colcon_core.shell:Creating environment hook '/voiture2A-ros/install/icm20948_driver/share/icm20948_driver/hook/ld_library_path_lib.ps1'
[7.171s] INFO:colcon.colcon_core.shell:Creating environment descriptor '/voiture2A-ros/install/icm20948_driver/share/icm20948_driver/hook/ld_library_path_lib.dsv'
[7.173s] INFO:colcon.colcon_core.shell:Creating environment hook '/voiture2A-ros/install/icm20948_driver/share/icm20948_driver/hook/ld_library_path_lib.sh'
[7.176s] Level 1:colcon.colcon_core.environment:checking '/voiture2A-ros/install/icm20948_driver/bin'
[7.177s] Level 1:colcon.colcon_core.environment:checking '/voiture2A-ros/install/icm20948_driver/lib/pkgconfig/icm20948_driver.pc'
[7.178s] Level 1:colcon.colcon_core.environment:checking '/voiture2A-ros/install/icm20948_driver/lib/python3.10/site-packages'
[7.179s] Level 1:colcon.colcon_core.shell:create_environment_hook('icm20948_driver', 'pythonpath')
[7.181s] INFO:colcon.colcon_core.shell:Creating environment hook '/voiture2A-ros/install/icm20948_driver/share/icm20948_driver/hook/pythonpath.ps1'
[7.185s] INFO:colcon.colcon_core.shell:Creating environment descriptor '/voiture2A-ros/install/icm20948_driver/share/icm20948_driver/hook/pythonpath.dsv'
[7.187s] INFO:colcon.colcon_core.shell:Creating environment hook '/voiture2A-ros/install/icm20948_driver/share/icm20948_driver/hook/pythonpath.sh'
[7.191s] Level 1:colcon.colcon_core.environment:checking '/voiture2A-ros/install/icm20948_driver/bin'
[7.194s] INFO:colcon.colcon_core.shell:Creating package script '/voiture2A-ros/install/icm20948_driver/share/icm20948_driver/package.ps1'
[7.199s] INFO:colcon.colcon_core.shell:Creating package descriptor '/voiture2A-ros/install/icm20948_driver/share/icm20948_driver/package.dsv'
[7.203s] INFO:colcon.colcon_core.shell:Creating package script '/voiture2A-ros/install/icm20948_driver/share/icm20948_driver/package.sh'
[7.207s] INFO:colcon.colcon_core.shell:Creating package script '/voiture2A-ros/install/icm20948_driver/share/icm20948_driver/package.bash'
[7.210s] INFO:colcon.colcon_core.shell:Creating package script '/voiture2A-ros/install/icm20948_driver/share/icm20948_driver/package.zsh'
[7.250s] Level 1:colcon.colcon_core.environment:create_file_with_runtime_dependencies(/voiture2A-ros/install/icm20948_driver/share/colcon-core/packages/icm20948_driver)
[7.597s] DEBUG:colcon.colcon_core.event_handler.log_command:Invoked command in '/voiture2A-ros/build/voiture2a_motors_driver' returned '0': CMAKE_PREFIX_PATH=/opt/ros/rolling /usr/bin/cmake --build /voiture2A-ros/build/voiture2a_motors_driver -- -j16 -l16
[7.614s] DEBUG:colcon.colcon_core.event_handler.log_command:Invoking command in '/voiture2A-ros/build/voiture2a_motors_driver': CMAKE_PREFIX_PATH=/opt/ros/rolling /usr/bin/cmake --install /voiture2A-ros/build/voiture2a_motors_driver
[8.167s] Level 1:colcon.colcon_core.environment:create_environment_scripts_only(voiture2a_motors_driver)
[8.169s] Level 1:colcon.colcon_core.environment:checking '/voiture2A-ros/install/voiture2a_motors_driver' for CMake module files
[8.173s] DEBUG:colcon.colcon_core.event_handler.log_command:Invoked command in '/voiture2A-ros/build/voiture2a_motors_driver' returned '0': CMAKE_PREFIX_PATH=/opt/ros/rolling /usr/bin/cmake --install /voiture2A-ros/build/voiture2a_motors_driver
[8.176s] Level 1:colcon.colcon_core.environment:checking '/voiture2A-ros/install/voiture2a_motors_driver' for CMake config files
[8.178s] Level 1:colcon.colcon_core.shell:create_environment_hook('voiture2a_motors_driver', 'cmake_prefix_path')
[8.180s] INFO:colcon.colcon_core.shell:Creating environment hook '/voiture2A-ros/install/voiture2a_motors_driver/share/voiture2a_motors_driver/hook/cmake_prefix_path.ps1'
[8.183s] INFO:colcon.colcon_core.shell:Creating environment descriptor '/voiture2A-ros/install/voiture2a_motors_driver/share/voiture2a_motors_driver/hook/cmake_prefix_path.dsv'
[8.185s] INFO:colcon.colcon_core.shell:Creating environment hook '/voiture2A-ros/install/voiture2a_motors_driver/share/voiture2a_motors_driver/hook/cmake_prefix_path.sh'
[8.189s] Level 1:colcon.colcon_core.environment:checking '/voiture2A-ros/install/voiture2a_motors_driver/lib'
[8.189s] Level 1:colcon.colcon_core.shell:create_environment_hook('voiture2a_motors_driver', 'ld_library_path_lib')
[8.191s] INFO:colcon.colcon_core.shell:Creating environment hook '/voiture2A-ros/install/voiture2a_motors_driver/share/voiture2a_motors_driver/hook/ld_library_path_lib.ps1'
[8.193s] INFO:colcon.colcon_core.shell:Creating environment descriptor '/voiture2A-ros/install/voiture2a_motors_driver/share/voiture2a_motors_driver/hook/ld_library_path_lib.dsv'
[8.195s] INFO:colcon.colcon_core.shell:Creating environment hook '/voiture2A-ros/install/voiture2a_motors_driver/share/voiture2a_motors_driver/hook/ld_library_path_lib.sh'
[8.198s] Level 1:colcon.colcon_core.environment:checking '/voiture2A-ros/install/voiture2a_motors_driver/bin'
[8.198s] Level 1:colcon.colcon_core.environment:checking '/voiture2A-ros/install/voiture2a_motors_driver/lib/pkgconfig/voiture2a_motors_driver.pc'
[8.200s] Level 1:colcon.colcon_core.environment:checking '/voiture2A-ros/install/voiture2a_motors_driver/lib/python3.10/site-packages'
[8.200s] Level 1:colcon.colcon_core.shell:create_environment_hook('voiture2a_motors_driver', 'pythonpath')
[8.202s] INFO:colcon.colcon_core.shell:Creating environment hook '/voiture2A-ros/install/voiture2a_motors_driver/share/voiture2a_motors_driver/hook/pythonpath.ps1'
[8.205s] INFO:colcon.colcon_core.shell:Creating environment descriptor '/voiture2A-ros/install/voiture2a_motors_driver/share/voiture2a_motors_driver/hook/pythonpath.dsv'
[8.206s] INFO:colcon.colcon_core.shell:Creating environment hook '/voiture2A-ros/install/voiture2a_motors_driver/share/voiture2a_motors_driver/hook/pythonpath.sh'
[8.209s] Level 1:colcon.colcon_core.environment:checking '/voiture2A-ros/install/voiture2a_motors_driver/bin'
[8.211s] INFO:colcon.colcon_core.shell:Creating package script '/voiture2A-ros/install/voiture2a_motors_driver/share/voiture2a_motors_driver/package.ps1'
[8.214s] INFO:colcon.colcon_core.shell:Creating package descriptor '/voiture2A-ros/install/voiture2a_motors_driver/share/voiture2a_motors_driver/package.dsv'
[8.218s] INFO:colcon.colcon_core.shell:Creating package script '/voiture2A-ros/install/voiture2a_motors_driver/share/voiture2a_motors_driver/package.sh'
[8.220s] INFO:colcon.colcon_core.shell:Creating package script '/voiture2A-ros/install/voiture2a_motors_driver/share/voiture2a_motors_driver/package.bash'
[8.222s] INFO:colcon.colcon_core.shell:Creating package script '/voiture2A-ros/install/voiture2a_motors_driver/share/voiture2a_motors_driver/package.zsh'
[8.224s] Level 1:colcon.colcon_core.environment:create_file_with_runtime_dependencies(/voiture2A-ros/install/voiture2a_motors_driver/share/colcon-core/packages/voiture2a_motors_driver)
[8.227s] Level 1:colcon.colcon_core.environment:create_environment_scripts_only(voiture2a_motors_driver)
[8.229s] Level 1:colcon.colcon_core.environment:checking '/voiture2A-ros/install/voiture2a_motors_driver' for CMake module files
[8.232s] Level 1:colcon.colcon_core.environment:checking '/voiture2A-ros/install/voiture2a_motors_driver' for CMake config files
[8.234s] Level 1:colcon.colcon_core.shell:create_environment_hook('voiture2a_motors_driver', 'cmake_prefix_path')
[8.235s] INFO:colcon.colcon_core.shell:Creating environment hook '/voiture2A-ros/install/voiture2a_motors_driver/share/voiture2a_motors_driver/hook/cmake_prefix_path.ps1'
[8.238s] INFO:colcon.colcon_core.shell:Creating environment descriptor '/voiture2A-ros/install/voiture2a_motors_driver/share/voiture2a_motors_driver/hook/cmake_prefix_path.dsv'
[8.240s] INFO:colcon.colcon_core.shell:Creating environment hook '/voiture2A-ros/install/voiture2a_motors_driver/share/voiture2a_motors_driver/hook/cmake_prefix_path.sh'
[8.244s] Level 1:colcon.colcon_core.environment:checking '/voiture2A-ros/install/voiture2a_motors_driver/lib'
[8.244s] Level 1:colcon.colcon_core.shell:create_environment_hook('voiture2a_motors_driver', 'ld_library_path_lib')
[8.245s] INFO:colcon.colcon_core.shell:Creating environment hook '/voiture2A-ros/install/voiture2a_motors_driver/share/voiture2a_motors_driver/hook/ld_library_path_lib.ps1'
[8.247s] INFO:colcon.colcon_core.shell:Creating environment descriptor '/voiture2A-ros/install/voiture2a_motors_driver/share/voiture2a_motors_driver/hook/ld_library_path_lib.dsv'
[8.249s] INFO:colcon.colcon_core.shell:Creating environment hook '/voiture2A-ros/install/voiture2a_motors_driver/share/voiture2a_motors_driver/hook/ld_library_path_lib.sh'
[8.252s] Level 1:colcon.colcon_core.environment:checking '/voiture2A-ros/install/voiture2a_motors_driver/bin'
[8.252s] Level 1:colcon.colcon_core.environment:checking '/voiture2A-ros/install/voiture2a_motors_driver/lib/pkgconfig/voiture2a_motors_driver.pc'
[8.253s] Level 1:colcon.colcon_core.environment:checking '/voiture2A-ros/install/voiture2a_motors_driver/lib/python3.10/site-packages'
[8.254s] Level 1:colcon.colcon_core.shell:create_environment_hook('voiture2a_motors_driver', 'pythonpath')
[8.255s] INFO:colcon.colcon_core.shell:Creating environment hook '/voiture2A-ros/install/voiture2a_motors_driver/share/voiture2a_motors_driver/hook/pythonpath.ps1'
[8.257s] INFO:colcon.colcon_core.shell:Creating environment descriptor '/voiture2A-ros/install/voiture2a_motors_driver/share/voiture2a_motors_driver/hook/pythonpath.dsv'
[8.260s] INFO:colcon.colcon_core.shell:Creating environment hook '/voiture2A-ros/install/voiture2a_motors_driver/share/voiture2a_motors_driver/hook/pythonpath.sh'
[8.263s] Level 1:colcon.colcon_core.environment:checking '/voiture2A-ros/install/voiture2a_motors_driver/bin'
[8.265s] INFO:colcon.colcon_core.shell:Creating package script '/voiture2A-ros/install/voiture2a_motors_driver/share/voiture2a_motors_driver/package.ps1'
[8.269s] INFO:colcon.colcon_core.shell:Creating package descriptor '/voiture2A-ros/install/voiture2a_motors_driver/share/voiture2a_motors_driver/package.dsv'
[8.273s] INFO:colcon.colcon_core.shell:Creating package script '/voiture2A-ros/install/voiture2a_motors_driver/share/voiture2a_motors_driver/package.sh'
[8.276s] INFO:colcon.colcon_core.shell:Creating package script '/voiture2A-ros/install/voiture2a_motors_driver/share/voiture2a_motors_driver/package.bash'
[8.278s] INFO:colcon.colcon_core.shell:Creating package script '/voiture2A-ros/install/voiture2a_motors_driver/share/voiture2a_motors_driver/package.zsh'
[8.281s] Level 1:colcon.colcon_core.environment:create_file_with_runtime_dependencies(/voiture2A-ros/install/voiture2a_motors_driver/share/colcon-core/packages/voiture2a_motors_driver)
[8.371s] Level 1:colcon.colcon_core.environment:checking '/voiture2A-ros/install/calibration' for CMake module files
[8.375s] DEBUG:colcon.colcon_core.event_handler.log_command:Invoked command in '/voiture2A-ros/src/calibration' returned '0': PYTHONPATH=/voiture2A-ros/build/calibration/prefix_override:/usr/lib/python3/dist-packages/colcon_core/task/python/colcon_distutils_commands:/voiture2A-ros/install/calibration/lib/python3.10/site-packages:${PYTHONPATH} /usr/bin/python3 -W ignore:setup.py install is deprecated -W ignore:easy_install command is deprecated setup.py egg_info --egg-base ../../build/calibration build --build-base /voiture2A-ros/build/calibration/build install --record /voiture2A-ros/build/calibration/install.log --single-version-externally-managed install_data
[8.376s] Level 1:colcon.colcon_core.environment:checking '/voiture2A-ros/install/calibration' for CMake config files
[8.378s] Level 1:colcon.colcon_core.environment:checking '/voiture2A-ros/install/calibration/lib'
[8.379s] Level 1:colcon.colcon_core.environment:checking '/voiture2A-ros/install/calibration/bin'
[8.379s] Level 1:colcon.colcon_core.environment:checking '/voiture2A-ros/install/calibration/lib/pkgconfig/calibration.pc'
[8.380s] Level 1:colcon.colcon_core.environment:checking '/voiture2A-ros/install/calibration/lib/python3.10/site-packages'
[8.380s] Level 1:colcon.colcon_core.shell:create_environment_hook('calibration', 'pythonpath')
[8.381s] INFO:colcon.colcon_core.shell:Creating environment hook '/voiture2A-ros/install/calibration/share/calibration/hook/pythonpath.ps1'
[8.384s] INFO:colcon.colcon_core.shell:Creating environment descriptor '/voiture2A-ros/install/calibration/share/calibration/hook/pythonpath.dsv'
[8.385s] INFO:colcon.colcon_core.shell:Creating environment hook '/voiture2A-ros/install/calibration/share/calibration/hook/pythonpath.sh'
[8.388s] Level 1:colcon.colcon_core.environment:checking '/voiture2A-ros/install/calibration/bin'
[8.389s] Level 1:colcon.colcon_core.environment:create_environment_scripts_only(calibration)
[8.390s] INFO:colcon.colcon_core.shell:Creating package script '/voiture2A-ros/install/calibration/share/calibration/package.ps1'
[8.393s] INFO:colcon.colcon_core.shell:Creating package descriptor '/voiture2A-ros/install/calibration/share/calibration/package.dsv'
[8.395s] INFO:colcon.colcon_core.shell:Creating package script '/voiture2A-ros/install/calibration/share/calibration/package.sh'
[8.397s] INFO:colcon.colcon_core.shell:Creating package script '/voiture2A-ros/install/calibration/share/calibration/package.bash'
[8.399s] INFO:colcon.colcon_core.shell:Creating package script '/voiture2A-ros/install/calibration/share/calibration/package.zsh'
[8.400s] Level 1:colcon.colcon_core.environment:create_file_with_runtime_dependencies(/voiture2A-ros/install/calibration/share/colcon-core/packages/calibration)
[8.449s] Level 1:colcon.colcon_core.environment:checking '/voiture2A-ros/install/notre_package' for CMake module files
[8.452s] DEBUG:colcon.colcon_core.event_handler.log_command:Invoked command in '/voiture2A-ros/src/notre_package' returned '0': PYTHONPATH=/voiture2A-ros/build/notre_package/prefix_override:/usr/lib/python3/dist-packages/colcon_core/task/python/colcon_distutils_commands:/voiture2A-ros/install/notre_package/lib/python3.10/site-packages:${PYTHONPATH} /usr/bin/python3 -W ignore:setup.py install is deprecated -W ignore:easy_install command is deprecated setup.py egg_info --egg-base ../../build/notre_package build --build-base /voiture2A-ros/build/notre_package/build install --record /voiture2A-ros/build/notre_package/install.log --single-version-externally-managed install_data
[8.453s] Level 1:colcon.colcon_core.environment:checking '/voiture2A-ros/install/notre_package' for CMake config files
[8.455s] Level 1:colcon.colcon_core.environment:checking '/voiture2A-ros/install/notre_package/lib'
[8.455s] Level 1:colcon.colcon_core.environment:checking '/voiture2A-ros/install/notre_package/bin'
[8.456s] Level 1:colcon.colcon_core.environment:checking '/voiture2A-ros/install/notre_package/lib/pkgconfig/notre_package.pc'
[8.456s] Level 1:colcon.colcon_core.environment:checking '/voiture2A-ros/install/notre_package/lib/python3.10/site-packages'
[8.457s] Level 1:colcon.colcon_core.shell:create_environment_hook('notre_package', 'pythonpath')
[8.458s] INFO:colcon.colcon_core.shell:Creating environment hook '/voiture2A-ros/install/notre_package/share/notre_package/hook/pythonpath.ps1'
[8.460s] INFO:colcon.colcon_core.shell:Creating environment descriptor '/voiture2A-ros/install/notre_package/share/notre_package/hook/pythonpath.dsv'
[8.462s] INFO:colcon.colcon_core.shell:Creating environment hook '/voiture2A-ros/install/notre_package/share/notre_package/hook/pythonpath.sh'
[8.464s] Level 1:colcon.colcon_core.environment:checking '/voiture2A-ros/install/notre_package/bin'
[8.465s] Level 1:colcon.colcon_core.environment:create_environment_scripts_only(notre_package)
[8.466s] INFO:colcon.colcon_core.shell:Creating package script '/voiture2A-ros/install/notre_package/share/notre_package/package.ps1'
[8.469s] INFO:colcon.colcon_core.shell:Creating package descriptor '/voiture2A-ros/install/notre_package/share/notre_package/package.dsv'
[8.471s] INFO:colcon.colcon_core.shell:Creating package script '/voiture2A-ros/install/notre_package/share/notre_package/package.sh'
[8.473s] INFO:colcon.colcon_core.shell:Creating package script '/voiture2A-ros/install/notre_package/share/notre_package/package.bash'
[8.474s] INFO:colcon.colcon_core.shell:Creating package script '/voiture2A-ros/install/notre_package/share/notre_package/package.zsh'
[8.476s] Level 1:colcon.colcon_core.environment:create_file_with_runtime_dependencies(/voiture2A-ros/install/notre_package/share/colcon-core/packages/notre_package)
[8.477s] DEBUG:colcon.colcon_parallel_executor.executor.parallel:closing loop
[8.478s] DEBUG:colcon.colcon_parallel_executor.executor.parallel:loop closed
[8.479s] DEBUG:colcon.colcon_parallel_executor.executor.parallel:run_until_complete finished with '0'
[8.479s] DEBUG:colcon.colcon_core.event_reactor:joining thread
[8.507s] INFO:colcon.colcon_core.plugin_system:Skipping extension 'colcon_notification.desktop_notification.notify_send': Could not find 'notify-send'
[8.508s] INFO:colcon.colcon_core.plugin_system:Skipping extension 'colcon_notification.desktop_notification.terminal_notifier': Not used on non-Darwin systems
[8.508s] INFO:colcon.colcon_core.plugin_system:Skipping extension 'colcon_notification.desktop_notification.win32': Not used on non-Windows systems
[8.509s] INFO:colcon.colcon_notification.desktop_notification:Sending desktop notification using 'notify2'
[8.511s] DEBUG:colcon.colcon_notification.desktop_notification.notify2:Failed to initialize notify2: org.freedesktop.DBus.Error.NotSupported: Unable to autolaunch a dbus-daemon without a $DISPLAY for X11
[8.511s] DEBUG:colcon.colcon_core.event_reactor:joined thread
[8.513s] INFO:colcon.colcon_core.shell:Creating prefix script '/voiture2A-ros/install/local_setup.ps1'
[8.518s] INFO:colcon.colcon_core.shell:Creating prefix util module '/voiture2A-ros/install/_local_setup_util_ps1.py'
[8.526s] INFO:colcon.colcon_core.shell:Creating prefix chain script '/voiture2A-ros/install/setup.ps1'
[8.531s] INFO:colcon.colcon_core.shell:Creating prefix script '/voiture2A-ros/install/local_setup.sh'
[8.534s] INFO:colcon.colcon_core.shell:Creating prefix util module '/voiture2A-ros/install/_local_setup_util_sh.py'
[8.536s] INFO:colcon.colcon_core.shell:Creating prefix chain script '/voiture2A-ros/install/setup.sh'
[8.541s] INFO:colcon.colcon_core.shell:Creating prefix script '/voiture2A-ros/install/local_setup.bash'
[8.544s] INFO:colcon.colcon_core.shell:Creating prefix chain script '/voiture2A-ros/install/setup.bash'
[8.548s] INFO:colcon.colcon_core.shell:Creating prefix script '/voiture2A-ros/install/local_setup.zsh'
[8.551s] INFO:colcon.colcon_core.shell:Creating prefix chain script '/voiture2A-ros/install/setup.zsh'
