[1.492s] Invoking command in '/voiture2A-ros/build/voiture2a_motors_driver': CMAKE_PREFIX_PATH=/opt/ros/rolling /usr/bin/cmake --build /voiture2A-ros/build/voiture2a_motors_driver -- -j16 -l16
[2.228s] [  2%] Built target voiture2a_motors_driver__rosidl_generator_type_description
[2.310s] [  2%] Built target ament_cmake_python_copy_voiture2a_motors_driver
[2.449s] Consolidate compiler generated dependencies of target voiture2a_motors_driver__rosidl_generator_c
[2.568s] [  4%] Built target voiture2a_motors_driver__cpp
[2.614s] [ 21%] Built target voiture2a_motors_driver__rosidl_generator_c
[2.839s] Consolidate compiler generated dependencies of target voiture2a_motors_driver__rosidl_typesupport_introspection_cpp
[2.849s] Consolidate compiler generated dependencies of target voiture2a_motors_driver__rosidl_typesupport_introspection_c
[2.863s] Consolidate compiler generated dependencies of target voiture2a_motors_driver__rosidl_typesupport_c
[2.865s] Consolidate compiler generated dependencies of target voiture2a_motors_driver__rosidl_typesupport_fastrtps_c
[2.865s] Consolidate compiler generated dependencies of target voiture2a_motors_driver__rosidl_typesupport_cpp
[2.896s] Consolidate compiler generated dependencies of target voiture2a_motors_driver__rosidl_typesupport_fastrtps_cpp
[3.029s] [ 29%] Built target voiture2a_motors_driver__rosidl_typesupport_introspection_c
[3.038s] [ 38%] Built target voiture2a_motors_driver__rosidl_typesupport_introspection_cpp
[3.163s] [ 46%] Built target voiture2a_motors_driver__rosidl_typesupport_c
[3.164s] [ 55%] Built target voiture2a_motors_driver__rosidl_typesupport_cpp
[3.164s] [ 63%] Built target voiture2a_motors_driver__rosidl_typesupport_fastrtps_c
[3.165s] [ 72%] Built target voiture2a_motors_driver__rosidl_typesupport_fastrtps_cpp
[3.260s] Consolidate compiler generated dependencies of target motors_node
[3.387s] [ 72%] Built target voiture2a_motors_driver
[3.453s] [ 78%] Built target motors_node
[3.822s] [ 80%] Built target voiture2a_motors_driver__py
[3.932s] Consolidate compiler generated dependencies of target voiture2a_motors_driver__rosidl_generator_py
[3.932s] running egg_info
[3.932s] writing voiture2a_motors_driver.egg-info/PKG-INFO
[3.933s] writing dependency_links to voiture2a_motors_driver.egg-info/dependency_links.txt
[3.933s] writing top-level names to voiture2a_motors_driver.egg-info/top_level.txt
[3.933s] reading manifest file 'voiture2a_motors_driver.egg-info/SOURCES.txt'
[3.934s] writing manifest file 'voiture2a_motors_driver.egg-info/SOURCES.txt'
[3.978s] [ 87%] Built target voiture2a_motors_driver__rosidl_generator_py
[4.072s] [ 87%] Built target ament_cmake_python_build_voiture2a_motors_driver_egg
[4.155s] Consolidate compiler generated dependencies of target voiture2a_motors_driver__rosidl_typesupport_fastrtps_c__pyext
[4.155s] Consolidate compiler generated dependencies of target voiture2a_motors_driver__rosidl_typesupport_introspection_c__pyext
[4.158s] Consolidate compiler generated dependencies of target voiture2a_motors_driver__rosidl_typesupport_c__pyext
[4.297s] [ 91%] Built target voiture2a_motors_driver__rosidl_typesupport_introspection_c__pyext
[4.297s] [ 95%] Built target voiture2a_motors_driver__rosidl_typesupport_fastrtps_c__pyext
[4.323s] [100%] Built target voiture2a_motors_driver__rosidl_typesupport_c__pyext
[4.411s] Invoked command in '/voiture2A-ros/build/voiture2a_motors_driver' returned '0': CMAKE_PREFIX_PATH=/opt/ros/rolling /usr/bin/cmake --build /voiture2A-ros/build/voiture2a_motors_driver -- -j16 -l16
[4.415s] Invoking command in '/voiture2A-ros/build/voiture2a_motors_driver': CMAKE_PREFIX_PATH=/opt/ros/rolling /usr/bin/cmake --install /voiture2A-ros/build/voiture2a_motors_driver
[4.507s] -- Install configuration: ""
[4.510s] -- Up-to-date: /voiture2A-ros/install/voiture2a_motors_driver/share/ament_index/resource_index/rosidl_interfaces/voiture2a_motors_driver
[4.511s] -- Up-to-date: /voiture2A-ros/install/voiture2a_motors_driver/share/voiture2a_motors_driver/msg/MotorsState.json
[4.512s] -- Up-to-date: /voiture2A-ros/install/voiture2a_motors_driver/share/voiture2a_motors_driver/msg/Engine.json
[4.514s] -- Up-to-date: /voiture2A-ros/install/voiture2a_motors_driver/include/voiture2a_motors_driver/voiture2a_motors_driver
[4.515s] -- Up-to-date: /voiture2A-ros/install/voiture2a_motors_driver/include/voiture2a_motors_driver/voiture2a_motors_driver/msg
[4.515s] -- Up-to-date: /voiture2A-ros/install/voiture2a_motors_driver/include/voiture2a_motors_driver/voiture2a_motors_driver/msg/rosidl_generator_c__visibility_control.h
[4.515s] -- Up-to-date: /voiture2A-ros/install/voiture2a_motors_driver/include/voiture2a_motors_driver/voiture2a_motors_driver/msg/engine.h
[4.516s] -- Up-to-date: /voiture2A-ros/install/voiture2a_motors_driver/include/voiture2a_motors_driver/voiture2a_motors_driver/msg/detail
[4.516s] -- Up-to-date: /voiture2A-ros/install/voiture2a_motors_driver/include/voiture2a_motors_driver/voiture2a_motors_driver/msg/detail/motors_state__functions.c
[4.518s] -- Up-to-date: /voiture2A-ros/install/voiture2a_motors_driver/include/voiture2a_motors_driver/voiture2a_motors_driver/msg/detail/motors_state__description.c
[4.519s] -- Up-to-date: /voiture2A-ros/install/voiture2a_motors_driver/include/voiture2a_motors_driver/voiture2a_motors_driver/msg/detail/engine__functions.h
[4.519s] -- Up-to-date: /voiture2A-ros/install/voiture2a_motors_driver/include/voiture2a_motors_driver/voiture2a_motors_driver/msg/detail/motors_state__struct.h
[4.520s] -- Up-to-date: /voiture2A-ros/install/voiture2a_motors_driver/include/voiture2a_motors_driver/voiture2a_motors_driver/msg/detail/engine__struct.h
[4.520s] -- Installing: /voiture2A-ros/install/voiture2a_motors_driver/include/voiture2a_motors_driver/voiture2a_motors_driver/msg/detail/engine__type_support.c
[4.520s] -- Up-to-date: /voiture2A-ros/install/voiture2a_motors_driver/include/voiture2a_motors_driver/voiture2a_motors_driver/msg/detail/engine__description.c
[4.521s] -- Up-to-date: /voiture2A-ros/install/voiture2a_motors_driver/include/voiture2a_motors_driver/voiture2a_motors_driver/msg/detail/engine__functions.c
[4.521s] -- Up-to-date: /voiture2A-ros/install/voiture2a_motors_driver/include/voiture2a_motors_driver/voiture2a_motors_driver/msg/detail/motors_state__type_support.h
[4.522s] -- Up-to-date: /voiture2A-ros/install/voiture2a_motors_driver/include/voiture2a_motors_driver/voiture2a_motors_driver/msg/detail/motors_state__functions.h
[4.522s] -- Up-to-date: /voiture2A-ros/install/voiture2a_motors_driver/include/voiture2a_motors_driver/voiture2a_motors_driver/msg/detail/engine__type_support.h
[4.522s] -- Installing: /voiture2A-ros/install/voiture2a_motors_driver/include/voiture2a_motors_driver/voiture2a_motors_driver/msg/detail/motors_state__type_support.c
[4.523s] -- Up-to-date: /voiture2A-ros/install/voiture2a_motors_driver/include/voiture2a_motors_driver/voiture2a_motors_driver/msg/motors_state.h
[4.524s] -- Up-to-date: /voiture2A-ros/install/voiture2a_motors_driver/share/voiture2a_motors_driver/environment/library_path.sh
[4.525s] -- Up-to-date: /voiture2A-ros/install/voiture2a_motors_driver/share/voiture2a_motors_driver/environment/library_path.dsv
[4.525s] -- Up-to-date: /voiture2A-ros/install/voiture2a_motors_driver/lib/libvoiture2a_motors_driver__rosidl_generator_c.so
[4.526s] -- Up-to-date: /voiture2A-ros/install/voiture2a_motors_driver/include/voiture2a_motors_driver/voiture2a_motors_driver
[4.527s] -- Up-to-date: /voiture2A-ros/install/voiture2a_motors_driver/include/voiture2a_motors_driver/voiture2a_motors_driver/msg
[4.527s] -- Up-to-date: /voiture2A-ros/install/voiture2a_motors_driver/include/voiture2a_motors_driver/voiture2a_motors_driver/msg/rosidl_typesupport_fastrtps_c__visibility_control.h
[4.528s] -- Up-to-date: /voiture2A-ros/install/voiture2a_motors_driver/include/voiture2a_motors_driver/voiture2a_motors_driver/msg/detail
[4.528s] -- Up-to-date: /voiture2A-ros/install/voiture2a_motors_driver/include/voiture2a_motors_driver/voiture2a_motors_driver/msg/detail/engine__rosidl_typesupport_fastrtps_c.h
[4.528s] -- Up-to-date: /voiture2A-ros/install/voiture2a_motors_driver/include/voiture2a_motors_driver/voiture2a_motors_driver/msg/detail/motors_state__rosidl_typesupport_fastrtps_c.h
[4.529s] -- Up-to-date: /voiture2A-ros/install/voiture2a_motors_driver/lib/libvoiture2a_motors_driver__rosidl_typesupport_fastrtps_c.so
[4.529s] -- Up-to-date: /voiture2A-ros/install/voiture2a_motors_driver/include/voiture2a_motors_driver/voiture2a_motors_driver
[4.530s] -- Up-to-date: /voiture2A-ros/install/voiture2a_motors_driver/include/voiture2a_motors_driver/voiture2a_motors_driver/msg
[4.530s] -- Up-to-date: /voiture2A-ros/install/voiture2a_motors_driver/include/voiture2a_motors_driver/voiture2a_motors_driver/msg/motors_state.hpp
[4.531s] -- Up-to-date: /voiture2A-ros/install/voiture2a_motors_driver/include/voiture2a_motors_driver/voiture2a_motors_driver/msg/detail
[4.531s] -- Up-to-date: /voiture2A-ros/install/voiture2a_motors_driver/include/voiture2a_motors_driver/voiture2a_motors_driver/msg/detail/engine__traits.hpp
[4.532s] -- Up-to-date: /voiture2A-ros/install/voiture2a_motors_driver/include/voiture2a_motors_driver/voiture2a_motors_driver/msg/detail/motors_state__traits.hpp
[4.532s] -- Up-to-date: /voiture2A-ros/install/voiture2a_motors_driver/include/voiture2a_motors_driver/voiture2a_motors_driver/msg/detail/engine__type_support.hpp
[4.534s] -- Up-to-date: /voiture2A-ros/install/voiture2a_motors_driver/include/voiture2a_motors_driver/voiture2a_motors_driver/msg/detail/engine__builder.hpp
[4.534s] -- Up-to-date: /voiture2A-ros/install/voiture2a_motors_driver/include/voiture2a_motors_driver/voiture2a_motors_driver/msg/detail/motors_state__type_support.hpp
[4.535s] -- Up-to-date: /voiture2A-ros/install/voiture2a_motors_driver/include/voiture2a_motors_driver/voiture2a_motors_driver/msg/detail/motors_state__struct.hpp
[4.536s] -- Up-to-date: /voiture2A-ros/install/voiture2a_motors_driver/include/voiture2a_motors_driver/voiture2a_motors_driver/msg/detail/engine__struct.hpp
[4.538s] -- Up-to-date: /voiture2A-ros/install/voiture2a_motors_driver/include/voiture2a_motors_driver/voiture2a_motors_driver/msg/detail/motors_state__builder.hpp
[4.538s] -- Up-to-date: /voiture2A-ros/install/voiture2a_motors_driver/include/voiture2a_motors_driver/voiture2a_motors_driver/msg/rosidl_generator_cpp__visibility_control.hpp
[4.538s] -- Up-to-date: /voiture2A-ros/install/voiture2a_motors_driver/include/voiture2a_motors_driver/voiture2a_motors_driver/msg/engine.hpp
[4.539s] -- Up-to-date: /voiture2A-ros/install/voiture2a_motors_driver/include/voiture2a_motors_driver/voiture2a_motors_driver
[4.539s] -- Up-to-date: /voiture2A-ros/install/voiture2a_motors_driver/include/voiture2a_motors_driver/voiture2a_motors_driver/msg
[4.539s] -- Up-to-date: /voiture2A-ros/install/voiture2a_motors_driver/include/voiture2a_motors_driver/voiture2a_motors_driver/msg/rosidl_typesupport_fastrtps_cpp__visibility_control.h
[4.539s] -- Up-to-date: /voiture2A-ros/install/voiture2a_motors_driver/include/voiture2a_motors_driver/voiture2a_motors_driver/msg/detail
[4.540s] -- Up-to-date: /voiture2A-ros/install/voiture2a_motors_driver/include/voiture2a_motors_driver/voiture2a_motors_driver/msg/detail/dds_fastrtps
[4.540s] -- Up-to-date: /voiture2A-ros/install/voiture2a_motors_driver/include/voiture2a_motors_driver/voiture2a_motors_driver/msg/detail/motors_state__rosidl_typesupport_fastrtps_cpp.hpp
[4.540s] -- Up-to-date: /voiture2A-ros/install/voiture2a_motors_driver/include/voiture2a_motors_driver/voiture2a_motors_driver/msg/detail/engine__rosidl_typesupport_fastrtps_cpp.hpp
[4.540s] -- Up-to-date: /voiture2A-ros/install/voiture2a_motors_driver/lib/libvoiture2a_motors_driver__rosidl_typesupport_fastrtps_cpp.so
[4.541s] -- Up-to-date: /voiture2A-ros/install/voiture2a_motors_driver/include/voiture2a_motors_driver/voiture2a_motors_driver
[4.541s] -- Up-to-date: /voiture2A-ros/install/voiture2a_motors_driver/include/voiture2a_motors_driver/voiture2a_motors_driver/msg
[4.541s] -- Up-to-date: /voiture2A-ros/install/voiture2a_motors_driver/include/voiture2a_motors_driver/voiture2a_motors_driver/msg/rosidl_typesupport_introspection_c__visibility_control.h
[4.542s] -- Up-to-date: /voiture2A-ros/install/voiture2a_motors_driver/include/voiture2a_motors_driver/voiture2a_motors_driver/msg/detail
[4.542s] -- Up-to-date: /voiture2A-ros/install/voiture2a_motors_driver/include/voiture2a_motors_driver/voiture2a_motors_driver/msg/detail/motors_state__rosidl_typesupport_introspection_c.h
[4.542s] -- Installing: /voiture2A-ros/install/voiture2a_motors_driver/include/voiture2a_motors_driver/voiture2a_motors_driver/msg/detail/engine__type_support.c
[4.543s] -- Installing: /voiture2A-ros/install/voiture2a_motors_driver/include/voiture2a_motors_driver/voiture2a_motors_driver/msg/detail/motors_state__type_support.c
[4.543s] -- Up-to-date: /voiture2A-ros/install/voiture2a_motors_driver/include/voiture2a_motors_driver/voiture2a_motors_driver/msg/detail/engine__rosidl_typesupport_introspection_c.h
[4.543s] -- Up-to-date: /voiture2A-ros/install/voiture2a_motors_driver/lib/libvoiture2a_motors_driver__rosidl_typesupport_introspection_c.so
[4.543s] -- Up-to-date: /voiture2A-ros/install/voiture2a_motors_driver/lib/libvoiture2a_motors_driver__rosidl_typesupport_c.so
[4.544s] -- Up-to-date: /voiture2A-ros/install/voiture2a_motors_driver/include/voiture2a_motors_driver/voiture2a_motors_driver
[4.544s] -- Up-to-date: /voiture2A-ros/install/voiture2a_motors_driver/include/voiture2a_motors_driver/voiture2a_motors_driver/msg
[4.544s] -- Up-to-date: /voiture2A-ros/install/voiture2a_motors_driver/include/voiture2a_motors_driver/voiture2a_motors_driver/msg/detail
[4.545s] -- Up-to-date: /voiture2A-ros/install/voiture2a_motors_driver/include/voiture2a_motors_driver/voiture2a_motors_driver/msg/detail/engine__type_support.cpp
[4.545s] -- Up-to-date: /voiture2A-ros/install/voiture2a_motors_driver/include/voiture2a_motors_driver/voiture2a_motors_driver/msg/detail/motors_state__type_support.cpp
[4.545s] -- Up-to-date: /voiture2A-ros/install/voiture2a_motors_driver/include/voiture2a_motors_driver/voiture2a_motors_driver/msg/detail/engine__rosidl_typesupport_introspection_cpp.hpp
[4.546s] -- Up-to-date: /voiture2A-ros/install/voiture2a_motors_driver/include/voiture2a_motors_driver/voiture2a_motors_driver/msg/detail/motors_state__rosidl_typesupport_introspection_cpp.hpp
[4.546s] -- Up-to-date: /voiture2A-ros/install/voiture2a_motors_driver/lib/libvoiture2a_motors_driver__rosidl_typesupport_introspection_cpp.so
[4.546s] -- Up-to-date: /voiture2A-ros/install/voiture2a_motors_driver/lib/libvoiture2a_motors_driver__rosidl_typesupport_cpp.so
[4.546s] -- Up-to-date: /voiture2A-ros/install/voiture2a_motors_driver/share/voiture2a_motors_driver/environment/pythonpath.sh
[4.547s] -- Up-to-date: /voiture2A-ros/install/voiture2a_motors_driver/share/voiture2a_motors_driver/environment/pythonpath.dsv
[4.547s] -- Up-to-date: /voiture2A-ros/install/voiture2a_motors_driver/lib/python3.10/site-packages/voiture2a_motors_driver-1.0.0-py3.10.egg-info
[4.547s] -- Installing: /voiture2A-ros/install/voiture2a_motors_driver/lib/python3.10/site-packages/voiture2a_motors_driver-1.0.0-py3.10.egg-info/dependency_links.txt
[4.547s] -- Installing: /voiture2A-ros/install/voiture2a_motors_driver/lib/python3.10/site-packages/voiture2a_motors_driver-1.0.0-py3.10.egg-info/PKG-INFO
[4.548s] -- Installing: /voiture2A-ros/install/voiture2a_motors_driver/lib/python3.10/site-packages/voiture2a_motors_driver-1.0.0-py3.10.egg-info/top_level.txt
[4.548s] -- Installing: /voiture2A-ros/install/voiture2a_motors_driver/lib/python3.10/site-packages/voiture2a_motors_driver-1.0.0-py3.10.egg-info/SOURCES.txt
[4.548s] -- Up-to-date: /voiture2A-ros/install/voiture2a_motors_driver/lib/python3.10/site-packages/voiture2a_motors_driver
[4.549s] -- Up-to-date: /voiture2A-ros/install/voiture2a_motors_driver/lib/python3.10/site-packages/voiture2a_motors_driver/_voiture2a_motors_driver_s.ep.rosidl_typesupport_introspection_c.c
[4.549s] -- Up-to-date: /voiture2A-ros/install/voiture2a_motors_driver/lib/python3.10/site-packages/voiture2a_motors_driver/msg
[4.549s] -- Up-to-date: /voiture2A-ros/install/voiture2a_motors_driver/lib/python3.10/site-packages/voiture2a_motors_driver/msg/_engine_s.c
[4.549s] -- Up-to-date: /voiture2A-ros/install/voiture2a_motors_driver/lib/python3.10/site-packages/voiture2a_motors_driver/msg/_motors_state_s.c
[4.550s] -- Up-to-date: /voiture2A-ros/install/voiture2a_motors_driver/lib/python3.10/site-packages/voiture2a_motors_driver/msg/_engine.py
[4.550s] -- Up-to-date: /voiture2A-ros/install/voiture2a_motors_driver/lib/python3.10/site-packages/voiture2a_motors_driver/msg/_motors_state.py
[4.550s] -- Up-to-date: /voiture2A-ros/install/voiture2a_motors_driver/lib/python3.10/site-packages/voiture2a_motors_driver/msg/__init__.py
[4.550s] -- Up-to-date: /voiture2A-ros/install/voiture2a_motors_driver/lib/python3.10/site-packages/voiture2a_motors_driver/_voiture2a_motors_driver_s.ep.rosidl_typesupport_c.c
[4.551s] -- Up-to-date: /voiture2A-ros/install/voiture2a_motors_driver/lib/python3.10/site-packages/voiture2a_motors_driver/_voiture2a_motors_driver_s.ep.rosidl_typesupport_fastrtps_c.c
[4.551s] -- Up-to-date: /voiture2A-ros/install/voiture2a_motors_driver/lib/python3.10/site-packages/voiture2a_motors_driver/__init__.py
[4.825s] Listing '/voiture2A-ros/install/voiture2a_motors_driver/lib/python3.10/site-packages/voiture2a_motors_driver'...
[4.826s] Listing '/voiture2A-ros/install/voiture2a_motors_driver/lib/python3.10/site-packages/voiture2a_motors_driver/msg'...
[4.844s] -- Up-to-date: /voiture2A-ros/install/voiture2a_motors_driver/lib/python3.10/site-packages/voiture2a_motors_driver/voiture2a_motors_driver_s__rosidl_typesupport_fastrtps_c.cpython-310-aarch64-linux-gnu.so
[4.845s] -- Up-to-date: /voiture2A-ros/install/voiture2a_motors_driver/lib/python3.10/site-packages/voiture2a_motors_driver/voiture2a_motors_driver_s__rosidl_typesupport_introspection_c.cpython-310-aarch64-linux-gnu.so
[4.846s] -- Up-to-date: /voiture2A-ros/install/voiture2a_motors_driver/lib/python3.10/site-packages/voiture2a_motors_driver/voiture2a_motors_driver_s__rosidl_typesupport_c.cpython-310-aarch64-linux-gnu.so
[4.848s] -- Up-to-date: /voiture2A-ros/install/voiture2a_motors_driver/lib/libvoiture2a_motors_driver__rosidl_generator_py.so
[4.849s] -- Up-to-date: /voiture2A-ros/install/voiture2a_motors_driver/share/voiture2a_motors_driver/msg/MotorsState.idl
[4.849s] -- Up-to-date: /voiture2A-ros/install/voiture2a_motors_driver/share/voiture2a_motors_driver/msg/Engine.idl
[4.851s] -- Up-to-date: /voiture2A-ros/install/voiture2a_motors_driver/share/voiture2a_motors_driver/msg/MotorsState.msg
[4.852s] -- Up-to-date: /voiture2A-ros/install/voiture2a_motors_driver/share/voiture2a_motors_driver/msg/Engine.msg
[4.852s] -- Up-to-date: /voiture2A-ros/install/voiture2a_motors_driver/lib/voiture2a_motors_driver/motors_node
[4.853s] -- Up-to-date: /voiture2A-ros/install/voiture2a_motors_driver/share/ament_index/resource_index/package_run_dependencies/voiture2a_motors_driver
[4.853s] -- Up-to-date: /voiture2A-ros/install/voiture2a_motors_driver/share/ament_index/resource_index/parent_prefix_path/voiture2a_motors_driver
[4.854s] -- Up-to-date: /voiture2A-ros/install/voiture2a_motors_driver/share/voiture2a_motors_driver/environment/ament_prefix_path.sh
[4.854s] -- Up-to-date: /voiture2A-ros/install/voiture2a_motors_driver/share/voiture2a_motors_driver/environment/ament_prefix_path.dsv
[4.856s] -- Up-to-date: /voiture2A-ros/install/voiture2a_motors_driver/share/voiture2a_motors_driver/environment/path.sh
[4.856s] -- Up-to-date: /voiture2A-ros/install/voiture2a_motors_driver/share/voiture2a_motors_driver/environment/path.dsv
[4.857s] -- Up-to-date: /voiture2A-ros/install/voiture2a_motors_driver/share/voiture2a_motors_driver/local_setup.bash
[4.858s] -- Up-to-date: /voiture2A-ros/install/voiture2a_motors_driver/share/voiture2a_motors_driver/local_setup.sh
[4.859s] -- Up-to-date: /voiture2A-ros/install/voiture2a_motors_driver/share/voiture2a_motors_driver/local_setup.zsh
[4.860s] -- Up-to-date: /voiture2A-ros/install/voiture2a_motors_driver/share/voiture2a_motors_driver/local_setup.dsv
[4.860s] -- Installing: /voiture2A-ros/install/voiture2a_motors_driver/share/voiture2a_motors_driver/package.dsv
[4.861s] -- Up-to-date: /voiture2A-ros/install/voiture2a_motors_driver/share/ament_index/resource_index/packages/voiture2a_motors_driver
[4.862s] -- Up-to-date: /voiture2A-ros/install/voiture2a_motors_driver/share/voiture2a_motors_driver/cmake/export_voiture2a_motors_driver__rosidl_generator_cExport.cmake
[4.862s] -- Up-to-date: /voiture2A-ros/install/voiture2a_motors_driver/share/voiture2a_motors_driver/cmake/export_voiture2a_motors_driver__rosidl_generator_cExport-noconfig.cmake
[4.863s] -- Up-to-date: /voiture2A-ros/install/voiture2a_motors_driver/share/voiture2a_motors_driver/cmake/export_voiture2a_motors_driver__rosidl_typesupport_fastrtps_cExport.cmake
[4.864s] -- Up-to-date: /voiture2A-ros/install/voiture2a_motors_driver/share/voiture2a_motors_driver/cmake/export_voiture2a_motors_driver__rosidl_typesupport_fastrtps_cExport-noconfig.cmake
[4.864s] -- Up-to-date: /voiture2A-ros/install/voiture2a_motors_driver/share/voiture2a_motors_driver/cmake/export_voiture2a_motors_driver__rosidl_generator_cppExport.cmake
[4.864s] -- Up-to-date: /voiture2A-ros/install/voiture2a_motors_driver/share/voiture2a_motors_driver/cmake/export_voiture2a_motors_driver__rosidl_typesupport_fastrtps_cppExport.cmake
[4.865s] -- Up-to-date: /voiture2A-ros/install/voiture2a_motors_driver/share/voiture2a_motors_driver/cmake/export_voiture2a_motors_driver__rosidl_typesupport_fastrtps_cppExport-noconfig.cmake
[4.865s] -- Up-to-date: /voiture2A-ros/install/voiture2a_motors_driver/share/voiture2a_motors_driver/cmake/voiture2a_motors_driver__rosidl_typesupport_introspection_cExport.cmake
[4.865s] -- Up-to-date: /voiture2A-ros/install/voiture2a_motors_driver/share/voiture2a_motors_driver/cmake/voiture2a_motors_driver__rosidl_typesupport_introspection_cExport-noconfig.cmake
[4.866s] -- Up-to-date: /voiture2A-ros/install/voiture2a_motors_driver/share/voiture2a_motors_driver/cmake/voiture2a_motors_driver__rosidl_typesupport_cExport.cmake
[4.866s] -- Up-to-date: /voiture2A-ros/install/voiture2a_motors_driver/share/voiture2a_motors_driver/cmake/voiture2a_motors_driver__rosidl_typesupport_cExport-noconfig.cmake
[4.866s] -- Up-to-date: /voiture2A-ros/install/voiture2a_motors_driver/share/voiture2a_motors_driver/cmake/voiture2a_motors_driver__rosidl_typesupport_introspection_cppExport.cmake
[4.867s] -- Up-to-date: /voiture2A-ros/install/voiture2a_motors_driver/share/voiture2a_motors_driver/cmake/voiture2a_motors_driver__rosidl_typesupport_introspection_cppExport-noconfig.cmake
[4.867s] -- Up-to-date: /voiture2A-ros/install/voiture2a_motors_driver/share/voiture2a_motors_driver/cmake/voiture2a_motors_driver__rosidl_typesupport_cppExport.cmake
[4.867s] -- Up-to-date: /voiture2A-ros/install/voiture2a_motors_driver/share/voiture2a_motors_driver/cmake/voiture2a_motors_driver__rosidl_typesupport_cppExport-noconfig.cmake
[4.867s] -- Up-to-date: /voiture2A-ros/install/voiture2a_motors_driver/share/voiture2a_motors_driver/cmake/export_voiture2a_motors_driver__rosidl_generator_pyExport.cmake
[4.868s] -- Up-to-date: /voiture2A-ros/install/voiture2a_motors_driver/share/voiture2a_motors_driver/cmake/export_voiture2a_motors_driver__rosidl_generator_pyExport-noconfig.cmake
[4.868s] -- Up-to-date: /voiture2A-ros/install/voiture2a_motors_driver/share/voiture2a_motors_driver/cmake/rosidl_cmake-extras.cmake
[4.868s] -- Up-to-date: /voiture2A-ros/install/voiture2a_motors_driver/share/voiture2a_motors_driver/cmake/ament_cmake_export_include_directories-extras.cmake
[4.869s] -- Up-to-date: /voiture2A-ros/install/voiture2a_motors_driver/share/voiture2a_motors_driver/cmake/ament_cmake_export_libraries-extras.cmake
[4.869s] -- Up-to-date: /voiture2A-ros/install/voiture2a_motors_driver/share/voiture2a_motors_driver/cmake/ament_cmake_export_targets-extras.cmake
[4.869s] -- Up-to-date: /voiture2A-ros/install/voiture2a_motors_driver/share/voiture2a_motors_driver/cmake/rosidl_cmake_export_typesupport_targets-extras.cmake
[4.870s] -- Up-to-date: /voiture2A-ros/install/voiture2a_motors_driver/share/voiture2a_motors_driver/cmake/ament_cmake_export_dependencies-extras.cmake
[4.870s] -- Up-to-date: /voiture2A-ros/install/voiture2a_motors_driver/share/voiture2a_motors_driver/cmake/rosidl_cmake_export_typesupport_libraries-extras.cmake
[4.870s] -- Up-to-date: /voiture2A-ros/install/voiture2a_motors_driver/share/voiture2a_motors_driver/cmake/voiture2a_motors_driverConfig.cmake
[4.871s] -- Up-to-date: /voiture2A-ros/install/voiture2a_motors_driver/share/voiture2a_motors_driver/cmake/voiture2a_motors_driverConfig-version.cmake
[4.871s] -- Up-to-date: /voiture2A-ros/install/voiture2a_motors_driver/share/voiture2a_motors_driver/package.xml
[4.883s] Invoked command in '/voiture2A-ros/build/voiture2a_motors_driver' returned '0': CMAKE_PREFIX_PATH=/opt/ros/rolling /usr/bin/cmake --install /voiture2A-ros/build/voiture2a_motors_driver
