-- The C compiler identification is GNU 11.4.0
-- The CXX compiler identification is GNU 11.4.0
-- Detecting C compiler ABI info
-- Detecting C compiler ABI info - done
-- Check for working C compiler: /usr/bin/cc - skipped
-- Detecting C compile features
-- Detecting C compile features - done
-- Detecting CXX compiler ABI info
-- Detecting CXX compiler ABI info - done
-- Check for working CXX compiler: /usr/bin/c++ - skipped
-- Detecting CXX compile features
-- Detecting CXX compile features - done
-- Found ament_cmake: 1.3.11 (/opt/ros/humble/share/ament_cmake/cmake)
-- Found Python3: /usr/bin/python3 (found version "3.10.12") found components: Interpreter 
-- Found rclcpp: 16.0.11 (/opt/ros/humble/share/rclcpp/cmake)
-- Found rosidl_generator_c: 3.1.6 (/opt/ros/humble/share/rosidl_generator_c/cmake)
-- Found rosidl_adapter: 3.1.6 (/opt/ros/humble/share/rosidl_adapter/cmake)
-- Found rosidl_generator_cpp: 3.1.6 (/opt/ros/humble/share/rosidl_generator_cpp/cmake)
-- Using all available rosidl_typesupport_c: rosidl_typesupport_fastrtps_c;rosidl_typesupport_introspection_c
-- Using all available rosidl_typesupport_cpp: rosidl_typesupport_fastrtps_cpp;rosidl_typesupport_introspection_cpp
-- Found rmw_implementation_cmake: 6.1.2 (/opt/ros/humble/share/rmw_implementation_cmake/cmake)
-- Found rmw_fastrtps_cpp: 6.2.7 (/opt/ros/humble/share/rmw_fastrtps_cpp/cmake)
-- Found OpenSSL: /usr/lib/x86_64-linux-gnu/libcrypto.so (found version "3.0.2")  
-- Found FastRTPS: /opt/ros/humble/include  
-- Using RMW implementation 'rmw_fastrtps_cpp' as default
-- Looking for pthread.h
-- Looking for pthread.h - found
-- Performing Test CMAKE_HAVE_LIBC_PTHREAD
-- Performing Test CMAKE_HAVE_LIBC_PTHREAD - Success
-- Found Threads: TRUE  
-- Found rosidl_default_generators: 1.2.0 (/opt/ros/humble/share/rosidl_default_generators/cmake)
-- Found geometry_msgs: 4.2.4 (/opt/ros/humble/share/geometry_msgs/cmake)
-- Found ament_cmake_ros: 0.10.0 (/opt/ros/humble/share/ament_cmake_ros/cmake)
-- Using all available rosidl_typesupport_c: rosidl_typesupport_fastrtps_c;rosidl_typesupport_introspection_c
-- Using all available rosidl_typesupport_cpp: rosidl_typesupport_fastrtps_cpp;rosidl_typesupport_introspection_cpp
-- Found PythonInterp: /usr/bin/python3 (found suitable version "3.10.12", minimum required is "3.6") 
-- Found python_cmake_module: 0.10.0 (/opt/ros/humble/share/python_cmake_module/cmake)
-- Found PythonLibs: /usr/lib/x86_64-linux-gnu/libpython3.10.so (found suitable version "3.10.12", minimum required is "3.5") 
-- Using PYTHON_EXECUTABLE: /usr/bin/python3
-- Using PYTHON_INCLUDE_DIRS: /usr/include/python3.10
-- Using PYTHON_LIBRARIES: /usr/lib/x86_64-linux-gnu/libpython3.10.so
-- Found PythonExtra: .so  
-- Configuring done
-- Generating done
-- Build files have been written to: /home/maxime/Documents/ENSTA/UE4.1_ROS/voiture2A-ros-main/build/voiture2a_motors_driver
[  2%] [34m[1mGenerating C code for ROS interfaces[0m
[  4%] [34m[1mGenerating C++ code for ROS interfaces[0m
[  4%] Built target ament_cmake_python_copy_voiture2a_motors_driver
running egg_info
creating voiture2a_motors_driver.egg-info
writing voiture2a_motors_driver.egg-info/PKG-INFO
writing dependency_links to voiture2a_motors_driver.egg-info/dependency_links.txt
writing top-level names to voiture2a_motors_driver.egg-info/top_level.txt
writing manifest file 'voiture2a_motors_driver.egg-info/SOURCES.txt'
reading manifest file 'voiture2a_motors_driver.egg-info/SOURCES.txt'
writing manifest file 'voiture2a_motors_driver.egg-info/SOURCES.txt'
[  7%] [32mBuilding C object CMakeFiles/voiture2a_motors_driver__rosidl_generator_c.dir/rosidl_generator_c/voiture2a_motors_driver/msg/detail/motors_state__functions.c.o[0m
[  9%] [32mBuilding C object CMakeFiles/voiture2a_motors_driver__rosidl_generator_c.dir/rosidl_generator_c/voiture2a_motors_driver/msg/detail/engine__functions.c.o[0m
[  9%] Built target voiture2a_motors_driver__cpp
[  9%] Built target ament_cmake_python_build_voiture2a_motors_driver_egg
[ 14%] [34m[1mGenerating C++ type support dispatch for ROS interfaces[0m
[ 14%] [34m[1mGenerating C++ type support for eProsima Fast-RTPS[0m
[ 16%] [34m[1mGenerating C++ introspection for ROS interfaces[0m
[ 19%] [32m[1mLinking C shared library libvoiture2a_motors_driver__rosidl_generator_c.so[0m
[ 19%] Built target voiture2a_motors_driver__rosidl_generator_c
[ 21%] [34m[1mGenerating C type support for eProsima Fast-RTPS[0m
[ 23%] [34m[1mGenerating C type support dispatch for ROS interfaces[0m
[ 26%] [34m[1mGenerating C introspection for ROS interfaces[0m
[ 28%] [32mBuilding CXX object CMakeFiles/voiture2a_motors_driver__rosidl_typesupport_cpp.dir/rosidl_typesupport_cpp/voiture2a_motors_driver/msg/motors_state__type_support.cpp.o[0m
[ 30%] [32mBuilding CXX object CMakeFiles/voiture2a_motors_driver__rosidl_typesupport_cpp.dir/rosidl_typesupport_cpp/voiture2a_motors_driver/msg/engine__type_support.cpp.o[0m
[ 33%] [32mBuilding CXX object CMakeFiles/voiture2a_motors_driver__rosidl_typesupport_introspection_cpp.dir/rosidl_typesupport_introspection_cpp/voiture2a_motors_driver/msg/detail/engine__type_support.cpp.o[0m
[ 35%] [32mBuilding CXX object CMakeFiles/voiture2a_motors_driver__rosidl_typesupport_introspection_cpp.dir/rosidl_typesupport_introspection_cpp/voiture2a_motors_driver/msg/detail/motors_state__type_support.cpp.o[0m
[ 38%] [32mBuilding CXX object CMakeFiles/voiture2a_motors_driver__rosidl_typesupport_fastrtps_cpp.dir/rosidl_typesupport_fastrtps_cpp/voiture2a_motors_driver/msg/detail/dds_fastrtps/motors_state__type_support.cpp.o[0m
[ 40%] [32mBuilding CXX object CMakeFiles/voiture2a_motors_driver__rosidl_typesupport_fastrtps_cpp.dir/rosidl_typesupport_fastrtps_cpp/voiture2a_motors_driver/msg/detail/dds_fastrtps/engine__type_support.cpp.o[0m
[ 42%] [32mBuilding CXX object CMakeFiles/voiture2a_motors_driver__rosidl_typesupport_c.dir/rosidl_typesupport_c/voiture2a_motors_driver/msg/motors_state__type_support.cpp.o[0m
[ 45%] [32mBuilding CXX object CMakeFiles/voiture2a_motors_driver__rosidl_typesupport_c.dir/rosidl_typesupport_c/voiture2a_motors_driver/msg/engine__type_support.cpp.o[0m
[ 47%] [32mBuilding C object CMakeFiles/voiture2a_motors_driver__rosidl_typesupport_introspection_c.dir/rosidl_typesupport_introspection_c/voiture2a_motors_driver/msg/detail/motors_state__type_support.c.o[0m
[ 50%] [32mBuilding C object CMakeFiles/voiture2a_motors_driver__rosidl_typesupport_introspection_c.dir/rosidl_typesupport_introspection_c/voiture2a_motors_driver/msg/detail/engine__type_support.c.o[0m
[ 52%] [32m[1mLinking CXX shared library libvoiture2a_motors_driver__rosidl_typesupport_c.so[0m
[ 54%] [32m[1mLinking CXX shared library libvoiture2a_motors_driver__rosidl_typesupport_cpp.so[0m
[ 54%] Built target voiture2a_motors_driver__rosidl_typesupport_c
[ 57%] [32m[1mLinking C shared library libvoiture2a_motors_driver__rosidl_typesupport_introspection_c.so[0m
[ 59%] [32mBuilding CXX object CMakeFiles/voiture2a_motors_driver__rosidl_typesupport_fastrtps_c.dir/rosidl_typesupport_fastrtps_c/voiture2a_motors_driver/msg/detail/motors_state__type_support_c.cpp.o[0m
[ 59%] Built target voiture2a_motors_driver__rosidl_typesupport_cpp
[ 61%] [32mBuilding CXX object CMakeFiles/voiture2a_motors_driver__rosidl_typesupport_fastrtps_c.dir/rosidl_typesupport_fastrtps_c/voiture2a_motors_driver/msg/detail/engine__type_support_c.cpp.o[0m
[ 61%] Built target voiture2a_motors_driver__rosidl_typesupport_introspection_c
[ 64%] [32mBuilding CXX object CMakeFiles/motors_node.dir/src/motors_node.cpp.o[0m
[ 66%] [32mBuilding CXX object CMakeFiles/motors_node.dir/src/motors.cpp.o[0m
[ 69%] [32m[1mLinking CXX shared library libvoiture2a_motors_driver__rosidl_typesupport_fastrtps_cpp.so[0m
[ 71%] [32m[1mLinking CXX shared library libvoiture2a_motors_driver__rosidl_typesupport_introspection_cpp.so[0m
In file included from [01m[K/home/maxime/Documents/ENSTA/UE4.1_ROS/voiture2A-ros-main/src/voiture2a_motors_driver/src/motors.cpp:1[m[K:
[01m[K/home/maxime/Documents/ENSTA/UE4.1_ROS/voiture2A-ros-main/src/voiture2a_motors_driver/include/voiture2a_motors_driver/motors.h:14:10:[m[K [01;31m[Kfatal error: [m[Ki2c/smbus.h: No such file or directory
   14 | #include [01;31m[K<i2c/smbus.h>[m[K
      |          [01;31m[K^~~~~~~~~~~~~[m[K
compilation terminated.
gmake[2]: *** [CMakeFiles/motors_node.dir/build.make:90: CMakeFiles/motors_node.dir/src/motors.cpp.o] Error 1
gmake[2]: *** Waiting for unfinished jobs....
[ 71%] Built target voiture2a_motors_driver__rosidl_typesupport_fastrtps_cpp
[ 71%] Built target voiture2a_motors_driver__rosidl_typesupport_introspection_cpp
In file included from [01m[K/home/maxime/Documents/ENSTA/UE4.1_ROS/voiture2A-ros-main/src/voiture2a_motors_driver/include/voiture2a_motors_driver/motors_node.h:8[m[K,
                 from [01m[K/home/maxime/Documents/ENSTA/UE4.1_ROS/voiture2A-ros-main/src/voiture2a_motors_driver/src/motors_node.cpp:1[m[K:
[01m[K/home/maxime/Documents/ENSTA/UE4.1_ROS/voiture2A-ros-main/src/voiture2a_motors_driver/include/voiture2a_motors_driver/motors.h:14:10:[m[K [01;31m[Kfatal error: [m[Ki2c/smbus.h: No such file or directory
   14 | #include [01;31m[K<i2c/smbus.h>[m[K
      |          [01;31m[K^~~~~~~~~~~~~[m[K
compilation terminated.
gmake[2]: *** [CMakeFiles/motors_node.dir/build.make:76: CMakeFiles/motors_node.dir/src/motors_node.cpp.o] Error 1
gmake[1]: *** [CMakeFiles/Makefile2:593: CMakeFiles/motors_node.dir/all] Error 2
gmake[1]: *** Waiting for unfinished jobs....
[ 73%] [32m[1mLinking CXX shared library libvoiture2a_motors_driver__rosidl_typesupport_fastrtps_c.so[0m
[ 73%] Built target voiture2a_motors_driver__rosidl_typesupport_fastrtps_c
gmake: *** [Makefile:146: all] Error 2
