[0.266s] Invoking command in '/home/maxime/Documents/ENSTA/UE4.1_ROS/voiture2A-ros-main/build/voiture2a_motors_driver': CMAKE_PREFIX_PATH=${CMAKE_PREFIX_PATH}:/opt/ros/humble /usr/bin/cmake /home/maxime/Documents/ENSTA/UE4.1_ROS/voiture2A-ros-main/src/voiture2a_motors_driver -DCMAKE_INSTALL_PREFIX=/home/maxime/Documents/ENSTA/UE4.1_ROS/voiture2A-ros-main/install/voiture2a_motors_driver
[0.329s] -- The C compiler identification is GNU 11.4.0
[0.393s] -- The CXX compiler identification is GNU 11.4.0
[0.403s] -- Detecting C compiler ABI info
[0.486s] -- Detecting C compiler ABI info - done
[0.491s] -- Check for working C compiler: /usr/bin/cc - skipped
[0.491s] -- Detecting C compile features
[0.491s] -- Detecting C compile features - done
[0.493s] -- Detecting CXX compiler ABI info
[0.571s] -- Detecting CXX compiler ABI info - done
[0.576s] -- Check for working CXX compiler: /usr/bin/c++ - skipped
[0.576s] -- Detecting CXX compile features
[0.576s] -- Detecting CXX compile features - done
[0.578s] -- Found ament_cmake: 1.3.11 (/opt/ros/humble/share/ament_cmake/cmake)
[0.691s] -- Found Python3: /usr/bin/python3 (found version "3.10.12") found components: Interpreter 
[0.775s] -- Found rclcpp: 16.0.11 (/opt/ros/humble/share/rclcpp/cmake)
[0.806s] -- Found rosidl_generator_c: 3.1.6 (/opt/ros/humble/share/rosidl_generator_c/cmake)
[0.809s] -- Found rosidl_adapter: 3.1.6 (/opt/ros/humble/share/rosidl_adapter/cmake)
[0.816s] -- Found rosidl_generator_cpp: 3.1.6 (/opt/ros/humble/share/rosidl_generator_cpp/cmake)
[0.827s] -- Using all available rosidl_typesupport_c: rosidl_typesupport_fastrtps_c;rosidl_typesupport_introspection_c
[0.839s] -- Using all available rosidl_typesupport_cpp: rosidl_typesupport_fastrtps_cpp;rosidl_typesupport_introspection_cpp
[0.871s] -- Found rmw_implementation_cmake: 6.1.2 (/opt/ros/humble/share/rmw_implementation_cmake/cmake)
[0.873s] -- Found rmw_fastrtps_cpp: 6.2.7 (/opt/ros/humble/share/rmw_fastrtps_cpp/cmake)
[0.962s] -- Found OpenSSL: /usr/lib/x86_64-linux-gnu/libcrypto.so (found version "3.0.2")  
[0.992s] -- Found FastRTPS: /opt/ros/humble/include  
[1.036s] -- Using RMW implementation 'rmw_fastrtps_cpp' as default
[1.042s] -- Looking for pthread.h
[1.112s] -- Looking for pthread.h - found
[1.113s] -- Performing Test CMAKE_HAVE_LIBC_PTHREAD
[1.188s] -- Performing Test CMAKE_HAVE_LIBC_PTHREAD - Success
[1.189s] -- Found Threads: TRUE  
[1.225s] -- Found rosidl_default_generators: 1.2.0 (/opt/ros/humble/share/rosidl_default_generators/cmake)
[1.232s] -- Found geometry_msgs: 4.2.4 (/opt/ros/humble/share/geometry_msgs/cmake)
[1.431s] -- Found ament_cmake_ros: 0.10.0 (/opt/ros/humble/share/ament_cmake_ros/cmake)
[1.663s] -- Using all available rosidl_typesupport_c: rosidl_typesupport_fastrtps_c;rosidl_typesupport_introspection_c
[1.754s] -- Using all available rosidl_typesupport_cpp: rosidl_typesupport_fastrtps_cpp;rosidl_typesupport_introspection_cpp
[1.772s] -- Found PythonInterp: /usr/bin/python3 (found suitable version "3.10.12", minimum required is "3.6") 
[1.773s] -- Found python_cmake_module: 0.10.0 (/opt/ros/humble/share/python_cmake_module/cmake)
[1.795s] -- Found PythonLibs: /usr/lib/x86_64-linux-gnu/libpython3.10.so (found suitable version "3.10.12", minimum required is "3.5") 
[1.796s] -- Using PYTHON_EXECUTABLE: /usr/bin/python3
[1.796s] -- Using PYTHON_INCLUDE_DIRS: /usr/include/python3.10
[1.796s] -- Using PYTHON_LIBRARIES: /usr/lib/x86_64-linux-gnu/libpython3.10.so
[1.812s] -- Found PythonExtra: .so  
[1.845s] -- Configuring done
[1.875s] -- Generating done
[1.885s] -- Build files have been written to: /home/maxime/Documents/ENSTA/UE4.1_ROS/voiture2A-ros-main/build/voiture2a_motors_driver
[1.921s] Invoked command in '/home/maxime/Documents/ENSTA/UE4.1_ROS/voiture2A-ros-main/build/voiture2a_motors_driver' returned '0': CMAKE_PREFIX_PATH=${CMAKE_PREFIX_PATH}:/opt/ros/humble /usr/bin/cmake /home/maxime/Documents/ENSTA/UE4.1_ROS/voiture2A-ros-main/src/voiture2a_motors_driver -DCMAKE_INSTALL_PREFIX=/home/maxime/Documents/ENSTA/UE4.1_ROS/voiture2A-ros-main/install/voiture2a_motors_driver
[1.924s] Invoking command in '/home/maxime/Documents/ENSTA/UE4.1_ROS/voiture2A-ros-main/build/voiture2a_motors_driver': CMAKE_PREFIX_PATH=${CMAKE_PREFIX_PATH}:/opt/ros/humble /usr/bin/cmake --build /home/maxime/Documents/ENSTA/UE4.1_ROS/voiture2A-ros-main/build/voiture2a_motors_driver -- -j16 -l16
[1.976s] [  2%] [34m[1mGenerating C code for ROS interfaces[0m
[1.987s] [  4%] [34m[1mGenerating C++ code for ROS interfaces[0m
[1.997s] [  4%] Built target ament_cmake_python_copy_voiture2a_motors_driver
[2.288s] running egg_info
[2.289s] creating voiture2a_motors_driver.egg-info
[2.289s] writing voiture2a_motors_driver.egg-info/PKG-INFO
[2.289s] writing dependency_links to voiture2a_motors_driver.egg-info/dependency_links.txt
[2.289s] writing top-level names to voiture2a_motors_driver.egg-info/top_level.txt
[2.289s] writing manifest file 'voiture2a_motors_driver.egg-info/SOURCES.txt'
[2.293s] reading manifest file 'voiture2a_motors_driver.egg-info/SOURCES.txt'
[2.294s] writing manifest file 'voiture2a_motors_driver.egg-info/SOURCES.txt'
[2.324s] [  7%] [32mBuilding C object CMakeFiles/voiture2a_motors_driver__rosidl_generator_c.dir/rosidl_generator_c/voiture2a_motors_driver/msg/detail/motors_state__functions.c.o[0m
[2.329s] [  9%] [32mBuilding C object CMakeFiles/voiture2a_motors_driver__rosidl_generator_c.dir/rosidl_generator_c/voiture2a_motors_driver/msg/detail/engine__functions.c.o[0m
[2.331s] [  9%] Built target voiture2a_motors_driver__cpp
[2.339s] [  9%] Built target ament_cmake_python_build_voiture2a_motors_driver_egg
[2.342s] [ 14%] [34m[1mGenerating C++ type support dispatch for ROS interfaces[0m
[2.342s] [ 14%] [34m[1mGenerating C++ type support for eProsima Fast-RTPS[0m
[2.343s] [ 16%] [34m[1mGenerating C++ introspection for ROS interfaces[0m
[2.380s] [ 19%] [32m[1mLinking C shared library libvoiture2a_motors_driver__rosidl_generator_c.so[0m
[2.430s] [ 19%] Built target voiture2a_motors_driver__rosidl_generator_c
[2.455s] [ 21%] [34m[1mGenerating C type support for eProsima Fast-RTPS[0m
[2.456s] [ 23%] [34m[1mGenerating C type support dispatch for ROS interfaces[0m
[2.456s] [ 26%] [34m[1mGenerating C introspection for ROS interfaces[0m
[2.712s] [ 28%] [32mBuilding CXX object CMakeFiles/voiture2a_motors_driver__rosidl_typesupport_cpp.dir/rosidl_typesupport_cpp/voiture2a_motors_driver/msg/motors_state__type_support.cpp.o[0m
[2.720s] [ 30%] [32mBuilding CXX object CMakeFiles/voiture2a_motors_driver__rosidl_typesupport_cpp.dir/rosidl_typesupport_cpp/voiture2a_motors_driver/msg/engine__type_support.cpp.o[0m
[2.765s] [ 33%] [32mBuilding CXX object CMakeFiles/voiture2a_motors_driver__rosidl_typesupport_introspection_cpp.dir/rosidl_typesupport_introspection_cpp/voiture2a_motors_driver/msg/detail/engine__type_support.cpp.o[0m
[2.775s] [ 35%] [32mBuilding CXX object CMakeFiles/voiture2a_motors_driver__rosidl_typesupport_introspection_cpp.dir/rosidl_typesupport_introspection_cpp/voiture2a_motors_driver/msg/detail/motors_state__type_support.cpp.o[0m
[2.835s] [ 38%] [32mBuilding CXX object CMakeFiles/voiture2a_motors_driver__rosidl_typesupport_fastrtps_cpp.dir/rosidl_typesupport_fastrtps_cpp/voiture2a_motors_driver/msg/detail/dds_fastrtps/motors_state__type_support.cpp.o[0m
[2.841s] [ 40%] [32mBuilding CXX object CMakeFiles/voiture2a_motors_driver__rosidl_typesupport_fastrtps_cpp.dir/rosidl_typesupport_fastrtps_cpp/voiture2a_motors_driver/msg/detail/dds_fastrtps/engine__type_support.cpp.o[0m
[3.029s] [ 42%] [32mBuilding CXX object CMakeFiles/voiture2a_motors_driver__rosidl_typesupport_c.dir/rosidl_typesupport_c/voiture2a_motors_driver/msg/motors_state__type_support.cpp.o[0m
[3.037s] [ 45%] [32mBuilding CXX object CMakeFiles/voiture2a_motors_driver__rosidl_typesupport_c.dir/rosidl_typesupport_c/voiture2a_motors_driver/msg/engine__type_support.cpp.o[0m
[3.108s] [ 47%] [32mBuilding C object CMakeFiles/voiture2a_motors_driver__rosidl_typesupport_introspection_c.dir/rosidl_typesupport_introspection_c/voiture2a_motors_driver/msg/detail/motors_state__type_support.c.o[0m
[3.111s] [ 50%] [32mBuilding C object CMakeFiles/voiture2a_motors_driver__rosidl_typesupport_introspection_c.dir/rosidl_typesupport_introspection_c/voiture2a_motors_driver/msg/detail/engine__type_support.c.o[0m
[3.125s] [ 52%] [32m[1mLinking CXX shared library libvoiture2a_motors_driver__rosidl_typesupport_c.so[0m
[3.202s] [ 54%] [32m[1mLinking CXX shared library libvoiture2a_motors_driver__rosidl_typesupport_cpp.so[0m
[3.219s] [ 54%] Built target voiture2a_motors_driver__rosidl_typesupport_c
[3.219s] [ 57%] [32m[1mLinking C shared library libvoiture2a_motors_driver__rosidl_typesupport_introspection_c.so[0m
[3.300s] [ 59%] [32mBuilding CXX object CMakeFiles/voiture2a_motors_driver__rosidl_typesupport_fastrtps_c.dir/rosidl_typesupport_fastrtps_c/voiture2a_motors_driver/msg/detail/motors_state__type_support_c.cpp.o[0m
[3.300s] [ 59%] Built target voiture2a_motors_driver__rosidl_typesupport_cpp
[3.300s] [ 61%] [32mBuilding CXX object CMakeFiles/voiture2a_motors_driver__rosidl_typesupport_fastrtps_c.dir/rosidl_typesupport_fastrtps_c/voiture2a_motors_driver/msg/detail/engine__type_support_c.cpp.o[0m
[3.300s] [ 61%] Built target voiture2a_motors_driver__rosidl_typesupport_introspection_c
[3.327s] [ 64%] [32mBuilding CXX object CMakeFiles/motors_node.dir/src/motors_node.cpp.o[0m
[3.340s] [ 66%] [32mBuilding CXX object CMakeFiles/motors_node.dir/src/motors.cpp.o[0m
[3.555s] [ 69%] [32m[1mLinking CXX shared library libvoiture2a_motors_driver__rosidl_typesupport_fastrtps_cpp.so[0m
[3.571s] [ 71%] [32m[1mLinking CXX shared library libvoiture2a_motors_driver__rosidl_typesupport_introspection_cpp.so[0m
[3.682s] In file included from [01m[K/home/maxime/Documents/ENSTA/UE4.1_ROS/voiture2A-ros-main/src/voiture2a_motors_driver/src/motors.cpp:1[m[K:
[3.682s] [01m[K/home/maxime/Documents/ENSTA/UE4.1_ROS/voiture2A-ros-main/src/voiture2a_motors_driver/include/voiture2a_motors_driver/motors.h:14:10:[m[K [01;31m[Kfatal error: [m[Ki2c/smbus.h: No such file or directory
[3.682s]    14 | #include [01;31m[K<i2c/smbus.h>[m[K
[3.682s]       |          [01;31m[K^~~~~~~~~~~~~[m[K
[3.682s] compilation terminated.
[3.685s] gmake[2]: *** [CMakeFiles/motors_node.dir/build.make:90: CMakeFiles/motors_node.dir/src/motors.cpp.o] Error 1
[3.685s] gmake[2]: *** Waiting for unfinished jobs....
[3.717s] [ 71%] Built target voiture2a_motors_driver__rosidl_typesupport_fastrtps_cpp
[3.724s] [ 71%] Built target voiture2a_motors_driver__rosidl_typesupport_introspection_cpp
[3.749s] In file included from [01m[K/home/maxime/Documents/ENSTA/UE4.1_ROS/voiture2A-ros-main/src/voiture2a_motors_driver/include/voiture2a_motors_driver/motors_node.h:8[m[K,
[3.749s]                  from [01m[K/home/maxime/Documents/ENSTA/UE4.1_ROS/voiture2A-ros-main/src/voiture2a_motors_driver/src/motors_node.cpp:1[m[K:
[3.749s] [01m[K/home/maxime/Documents/ENSTA/UE4.1_ROS/voiture2A-ros-main/src/voiture2a_motors_driver/include/voiture2a_motors_driver/motors.h:14:10:[m[K [01;31m[Kfatal error: [m[Ki2c/smbus.h: No such file or directory
[3.749s]    14 | #include [01;31m[K<i2c/smbus.h>[m[K
[3.749s]       |          [01;31m[K^~~~~~~~~~~~~[m[K
[3.749s] compilation terminated.
[3.752s] gmake[2]: *** [CMakeFiles/motors_node.dir/build.make:76: CMakeFiles/motors_node.dir/src/motors_node.cpp.o] Error 1
[3.753s] gmake[1]: *** [CMakeFiles/Makefile2:593: CMakeFiles/motors_node.dir/all] Error 2
[3.753s] gmake[1]: *** Waiting for unfinished jobs....
[3.767s] [ 73%] [32m[1mLinking CXX shared library libvoiture2a_motors_driver__rosidl_typesupport_fastrtps_c.so[0m
[3.833s] [ 73%] Built target voiture2a_motors_driver__rosidl_typesupport_fastrtps_c
[3.834s] gmake: *** [Makefile:146: all] Error 2
[3.837s] Invoked command in '/home/maxime/Documents/ENSTA/UE4.1_ROS/voiture2A-ros-main/build/voiture2a_motors_driver' returned '2': CMAKE_PREFIX_PATH=${CMAKE_PREFIX_PATH}:/opt/ros/humble /usr/bin/cmake --build /home/maxime/Documents/ENSTA/UE4.1_ROS/voiture2A-ros-main/build/voiture2a_motors_driver -- -j16 -l16
