[2.793s] Invoking command in '/voiture2A-ros/build/voiture2a_motors_driver': CMAKE_PREFIX_PATH=/opt/ros/rolling /usr/bin/cmake --build /voiture2A-ros/build/voiture2a_motors_driver -- -j16 -l16
[3.526s] [  2%] Built target voiture2a_motors_driver__rosidl_generator_type_description
[3.644s] [  2%] Built target ament_cmake_python_copy_voiture2a_motors_driver
[3.903s] [ 19%] Built target voiture2a_motors_driver__rosidl_generator_c
[3.960s] [ 21%] Built target voiture2a_motors_driver__cpp
[4.390s] [ 31%] Built target voiture2a_motors_driver__rosidl_typesupport_introspection_c
[4.393s] [ 38%] Built target voiture2a_motors_driver__rosidl_typesupport_fastrtps_c
[4.408s] [ 46%] Built target voiture2a_motors_driver__rosidl_typesupport_c
[4.546s] [ 55%] Built target voiture2a_motors_driver__rosidl_typesupport_cpp
[4.548s] [ 63%] Built target voiture2a_motors_driver__rosidl_typesupport_introspection_cpp
[4.549s] [ 72%] Built target voiture2a_motors_driver__rosidl_typesupport_fastrtps_cpp
[4.804s] [ 72%] Built target voiture2a_motors_driver
[4.804s] [ 78%] Built target motors_node
[5.053s] [ 80%] Built target voiture2a_motors_driver__py
[5.418s] [ 87%] Built target voiture2a_motors_driver__rosidl_generator_py
[5.418s] running egg_info
[5.418s] writing voiture2a_motors_driver.egg-info/PKG-INFO
[5.419s] writing dependency_links to voiture2a_motors_driver.egg-info/dependency_links.txt
[5.419s] writing top-level names to voiture2a_motors_driver.egg-info/top_level.txt
[5.419s] reading manifest file 'voiture2a_motors_driver.egg-info/SOURCES.txt'
[5.420s] writing manifest file 'voiture2a_motors_driver.egg-info/SOURCES.txt'
[5.554s] [ 87%] Built target ament_cmake_python_build_voiture2a_motors_driver_egg
[5.663s] [ 91%] Built target voiture2a_motors_driver__rosidl_typesupport_c__pyext
[5.667s] [100%] Built target voiture2a_motors_driver__rosidl_typesupport_introspection_c__pyext
[5.668s] [100%] Built target voiture2a_motors_driver__rosidl_typesupport_fastrtps_c__pyext
[5.766s] Invoked command in '/voiture2A-ros/build/voiture2a_motors_driver' returned '0': CMAKE_PREFIX_PATH=/opt/ros/rolling /usr/bin/cmake --build /voiture2A-ros/build/voiture2a_motors_driver -- -j16 -l16
[5.770s] Invoking command in '/voiture2A-ros/build/voiture2a_motors_driver': CMAKE_PREFIX_PATH=/opt/ros/rolling /usr/bin/cmake --install /voiture2A-ros/build/voiture2a_motors_driver
[5.865s] -- Install configuration: ""
[5.868s] -- Up-to-date: /voiture2A-ros/install/voiture2a_motors_driver/share/ament_index/resource_index/rosidl_interfaces/voiture2a_motors_driver
[5.870s] -- Up-to-date: /voiture2A-ros/install/voiture2a_motors_driver/share/voiture2a_motors_driver/msg/MotorsState.json
[5.871s] -- Up-to-date: /voiture2A-ros/install/voiture2a_motors_driver/share/voiture2a_motors_driver/msg/Engine.json
[5.871s] -- Up-to-date: /voiture2A-ros/install/voiture2a_motors_driver/include/voiture2a_motors_driver/voiture2a_motors_driver
[5.871s] -- Up-to-date: /voiture2A-ros/install/voiture2a_motors_driver/include/voiture2a_motors_driver/voiture2a_motors_driver/msg
[5.872s] -- Up-to-date: /voiture2A-ros/install/voiture2a_motors_driver/include/voiture2a_motors_driver/voiture2a_motors_driver/msg/rosidl_generator_c__visibility_control.h
[5.872s] -- Up-to-date: /voiture2A-ros/install/voiture2a_motors_driver/include/voiture2a_motors_driver/voiture2a_motors_driver/msg/engine.h
[5.874s] -- Up-to-date: /voiture2A-ros/install/voiture2a_motors_driver/include/voiture2a_motors_driver/voiture2a_motors_driver/msg/detail
[5.874s] -- Up-to-date: /voiture2A-ros/install/voiture2a_motors_driver/include/voiture2a_motors_driver/voiture2a_motors_driver/msg/detail/motors_state__functions.c
[5.875s] -- Up-to-date: /voiture2A-ros/install/voiture2a_motors_driver/include/voiture2a_motors_driver/voiture2a_motors_driver/msg/detail/motors_state__description.c
[5.875s] -- Up-to-date: /voiture2A-ros/install/voiture2a_motors_driver/include/voiture2a_motors_driver/voiture2a_motors_driver/msg/detail/engine__functions.h
[5.875s] -- Up-to-date: /voiture2A-ros/install/voiture2a_motors_driver/include/voiture2a_motors_driver/voiture2a_motors_driver/msg/detail/motors_state__struct.h
[5.875s] -- Up-to-date: /voiture2A-ros/install/voiture2a_motors_driver/include/voiture2a_motors_driver/voiture2a_motors_driver/msg/detail/engine__struct.h
[5.876s] -- Installing: /voiture2A-ros/install/voiture2a_motors_driver/include/voiture2a_motors_driver/voiture2a_motors_driver/msg/detail/engine__type_support.c
[5.876s] -- Up-to-date: /voiture2A-ros/install/voiture2a_motors_driver/include/voiture2a_motors_driver/voiture2a_motors_driver/msg/detail/engine__description.c
[5.877s] -- Up-to-date: /voiture2A-ros/install/voiture2a_motors_driver/include/voiture2a_motors_driver/voiture2a_motors_driver/msg/detail/engine__functions.c
[5.877s] -- Up-to-date: /voiture2A-ros/install/voiture2a_motors_driver/include/voiture2a_motors_driver/voiture2a_motors_driver/msg/detail/motors_state__type_support.h
[5.878s] -- Up-to-date: /voiture2A-ros/install/voiture2a_motors_driver/include/voiture2a_motors_driver/voiture2a_motors_driver/msg/detail/motors_state__functions.h
[5.879s] -- Up-to-date: /voiture2A-ros/install/voiture2a_motors_driver/include/voiture2a_motors_driver/voiture2a_motors_driver/msg/detail/engine__type_support.h
[5.882s] -- Installing: /voiture2A-ros/install/voiture2a_motors_driver/include/voiture2a_motors_driver/voiture2a_motors_driver/msg/detail/motors_state__type_support.c
[5.882s] -- Up-to-date: /voiture2A-ros/install/voiture2a_motors_driver/include/voiture2a_motors_driver/voiture2a_motors_driver/msg/motors_state.h
[5.884s] -- Up-to-date: /voiture2A-ros/install/voiture2a_motors_driver/share/voiture2a_motors_driver/environment/library_path.sh
[5.884s] -- Up-to-date: /voiture2A-ros/install/voiture2a_motors_driver/share/voiture2a_motors_driver/environment/library_path.dsv
[5.885s] -- Up-to-date: /voiture2A-ros/install/voiture2a_motors_driver/lib/libvoiture2a_motors_driver__rosidl_generator_c.so
[5.885s] -- Up-to-date: /voiture2A-ros/install/voiture2a_motors_driver/include/voiture2a_motors_driver/voiture2a_motors_driver
[5.887s] -- Up-to-date: /voiture2A-ros/install/voiture2a_motors_driver/include/voiture2a_motors_driver/voiture2a_motors_driver/msg
[5.887s] -- Up-to-date: /voiture2A-ros/install/voiture2a_motors_driver/include/voiture2a_motors_driver/voiture2a_motors_driver/msg/rosidl_typesupport_fastrtps_c__visibility_control.h
[5.888s] -- Up-to-date: /voiture2A-ros/install/voiture2a_motors_driver/include/voiture2a_motors_driver/voiture2a_motors_driver/msg/detail
[5.890s] -- Up-to-date: /voiture2A-ros/install/voiture2a_motors_driver/include/voiture2a_motors_driver/voiture2a_motors_driver/msg/detail/engine__rosidl_typesupport_fastrtps_c.h
[5.891s] -- Up-to-date: /voiture2A-ros/install/voiture2a_motors_driver/include/voiture2a_motors_driver/voiture2a_motors_driver/msg/detail/motors_state__rosidl_typesupport_fastrtps_c.h
[5.891s] -- Up-to-date: /voiture2A-ros/install/voiture2a_motors_driver/lib/libvoiture2a_motors_driver__rosidl_typesupport_fastrtps_c.so
[5.891s] -- Up-to-date: /voiture2A-ros/install/voiture2a_motors_driver/include/voiture2a_motors_driver/voiture2a_motors_driver
[5.892s] -- Up-to-date: /voiture2A-ros/install/voiture2a_motors_driver/include/voiture2a_motors_driver/voiture2a_motors_driver/msg
[5.892s] -- Up-to-date: /voiture2A-ros/install/voiture2a_motors_driver/include/voiture2a_motors_driver/voiture2a_motors_driver/msg/motors_state.hpp
[5.892s] -- Up-to-date: /voiture2A-ros/install/voiture2a_motors_driver/include/voiture2a_motors_driver/voiture2a_motors_driver/msg/detail
[5.893s] -- Up-to-date: /voiture2A-ros/install/voiture2a_motors_driver/include/voiture2a_motors_driver/voiture2a_motors_driver/msg/detail/engine__traits.hpp
[5.893s] -- Up-to-date: /voiture2A-ros/install/voiture2a_motors_driver/include/voiture2a_motors_driver/voiture2a_motors_driver/msg/detail/motors_state__traits.hpp
[5.893s] -- Up-to-date: /voiture2A-ros/install/voiture2a_motors_driver/include/voiture2a_motors_driver/voiture2a_motors_driver/msg/detail/engine__type_support.hpp
[5.893s] -- Up-to-date: /voiture2A-ros/install/voiture2a_motors_driver/include/voiture2a_motors_driver/voiture2a_motors_driver/msg/detail/engine__builder.hpp
[5.894s] -- Up-to-date: /voiture2A-ros/install/voiture2a_motors_driver/include/voiture2a_motors_driver/voiture2a_motors_driver/msg/detail/motors_state__type_support.hpp
[5.894s] -- Up-to-date: /voiture2A-ros/install/voiture2a_motors_driver/include/voiture2a_motors_driver/voiture2a_motors_driver/msg/detail/motors_state__struct.hpp
[5.894s] -- Up-to-date: /voiture2A-ros/install/voiture2a_motors_driver/include/voiture2a_motors_driver/voiture2a_motors_driver/msg/detail/engine__struct.hpp
[5.895s] -- Up-to-date: /voiture2A-ros/install/voiture2a_motors_driver/include/voiture2a_motors_driver/voiture2a_motors_driver/msg/detail/motors_state__builder.hpp
[5.895s] -- Up-to-date: /voiture2A-ros/install/voiture2a_motors_driver/include/voiture2a_motors_driver/voiture2a_motors_driver/msg/rosidl_generator_cpp__visibility_control.hpp
[5.896s] -- Up-to-date: /voiture2A-ros/install/voiture2a_motors_driver/include/voiture2a_motors_driver/voiture2a_motors_driver/msg/engine.hpp
[5.896s] -- Up-to-date: /voiture2A-ros/install/voiture2a_motors_driver/include/voiture2a_motors_driver/voiture2a_motors_driver
[5.896s] -- Up-to-date: /voiture2A-ros/install/voiture2a_motors_driver/include/voiture2a_motors_driver/voiture2a_motors_driver/msg
[5.897s] -- Up-to-date: /voiture2A-ros/install/voiture2a_motors_driver/include/voiture2a_motors_driver/voiture2a_motors_driver/msg/rosidl_typesupport_fastrtps_cpp__visibility_control.h
[5.897s] -- Up-to-date: /voiture2A-ros/install/voiture2a_motors_driver/include/voiture2a_motors_driver/voiture2a_motors_driver/msg/detail
[5.897s] -- Up-to-date: /voiture2A-ros/install/voiture2a_motors_driver/include/voiture2a_motors_driver/voiture2a_motors_driver/msg/detail/dds_fastrtps
[5.897s] -- Up-to-date: /voiture2A-ros/install/voiture2a_motors_driver/include/voiture2a_motors_driver/voiture2a_motors_driver/msg/detail/motors_state__rosidl_typesupport_fastrtps_cpp.hpp
[5.898s] -- Up-to-date: /voiture2A-ros/install/voiture2a_motors_driver/include/voiture2a_motors_driver/voiture2a_motors_driver/msg/detail/engine__rosidl_typesupport_fastrtps_cpp.hpp
[5.898s] -- Up-to-date: /voiture2A-ros/install/voiture2a_motors_driver/lib/libvoiture2a_motors_driver__rosidl_typesupport_fastrtps_cpp.so
[5.898s] -- Up-to-date: /voiture2A-ros/install/voiture2a_motors_driver/include/voiture2a_motors_driver/voiture2a_motors_driver
[5.899s] -- Up-to-date: /voiture2A-ros/install/voiture2a_motors_driver/include/voiture2a_motors_driver/voiture2a_motors_driver/msg
[5.899s] -- Up-to-date: /voiture2A-ros/install/voiture2a_motors_driver/include/voiture2a_motors_driver/voiture2a_motors_driver/msg/rosidl_typesupport_introspection_c__visibility_control.h
[5.899s] -- Up-to-date: /voiture2A-ros/install/voiture2a_motors_driver/include/voiture2a_motors_driver/voiture2a_motors_driver/msg/detail
[5.900s] -- Up-to-date: /voiture2A-ros/install/voiture2a_motors_driver/include/voiture2a_motors_driver/voiture2a_motors_driver/msg/detail/motors_state__rosidl_typesupport_introspection_c.h
[5.900s] -- Installing: /voiture2A-ros/install/voiture2a_motors_driver/include/voiture2a_motors_driver/voiture2a_motors_driver/msg/detail/engine__type_support.c
[5.900s] -- Installing: /voiture2A-ros/install/voiture2a_motors_driver/include/voiture2a_motors_driver/voiture2a_motors_driver/msg/detail/motors_state__type_support.c
[5.901s] -- Up-to-date: /voiture2A-ros/install/voiture2a_motors_driver/include/voiture2a_motors_driver/voiture2a_motors_driver/msg/detail/engine__rosidl_typesupport_introspection_c.h
[5.901s] -- Up-to-date: /voiture2A-ros/install/voiture2a_motors_driver/lib/libvoiture2a_motors_driver__rosidl_typesupport_introspection_c.so
[5.901s] -- Up-to-date: /voiture2A-ros/install/voiture2a_motors_driver/lib/libvoiture2a_motors_driver__rosidl_typesupport_c.so
[5.902s] -- Up-to-date: /voiture2A-ros/install/voiture2a_motors_driver/include/voiture2a_motors_driver/voiture2a_motors_driver
[5.902s] -- Up-to-date: /voiture2A-ros/install/voiture2a_motors_driver/include/voiture2a_motors_driver/voiture2a_motors_driver/msg
[5.902s] -- Up-to-date: /voiture2A-ros/install/voiture2a_motors_driver/include/voiture2a_motors_driver/voiture2a_motors_driver/msg/detail
[5.902s] -- Up-to-date: /voiture2A-ros/install/voiture2a_motors_driver/include/voiture2a_motors_driver/voiture2a_motors_driver/msg/detail/engine__type_support.cpp
[5.903s] -- Up-to-date: /voiture2A-ros/install/voiture2a_motors_driver/include/voiture2a_motors_driver/voiture2a_motors_driver/msg/detail/motors_state__type_support.cpp
[5.903s] -- Up-to-date: /voiture2A-ros/install/voiture2a_motors_driver/include/voiture2a_motors_driver/voiture2a_motors_driver/msg/detail/engine__rosidl_typesupport_introspection_cpp.hpp
[5.903s] -- Up-to-date: /voiture2A-ros/install/voiture2a_motors_driver/include/voiture2a_motors_driver/voiture2a_motors_driver/msg/detail/motors_state__rosidl_typesupport_introspection_cpp.hpp
[5.904s] -- Up-to-date: /voiture2A-ros/install/voiture2a_motors_driver/lib/libvoiture2a_motors_driver__rosidl_typesupport_introspection_cpp.so
[5.904s] -- Up-to-date: /voiture2A-ros/install/voiture2a_motors_driver/lib/libvoiture2a_motors_driver__rosidl_typesupport_cpp.so
[5.905s] -- Up-to-date: /voiture2A-ros/install/voiture2a_motors_driver/share/voiture2a_motors_driver/environment/pythonpath.sh
[5.905s] -- Up-to-date: /voiture2A-ros/install/voiture2a_motors_driver/share/voiture2a_motors_driver/environment/pythonpath.dsv
[5.905s] -- Up-to-date: /voiture2A-ros/install/voiture2a_motors_driver/lib/python3.10/site-packages/voiture2a_motors_driver-1.0.0-py3.10.egg-info
[5.905s] -- Installing: /voiture2A-ros/install/voiture2a_motors_driver/lib/python3.10/site-packages/voiture2a_motors_driver-1.0.0-py3.10.egg-info/dependency_links.txt
[5.906s] -- Installing: /voiture2A-ros/install/voiture2a_motors_driver/lib/python3.10/site-packages/voiture2a_motors_driver-1.0.0-py3.10.egg-info/PKG-INFO
[5.906s] -- Installing: /voiture2A-ros/install/voiture2a_motors_driver/lib/python3.10/site-packages/voiture2a_motors_driver-1.0.0-py3.10.egg-info/top_level.txt
[5.906s] -- Installing: /voiture2A-ros/install/voiture2a_motors_driver/lib/python3.10/site-packages/voiture2a_motors_driver-1.0.0-py3.10.egg-info/SOURCES.txt
[5.907s] -- Up-to-date: /voiture2A-ros/install/voiture2a_motors_driver/lib/python3.10/site-packages/voiture2a_motors_driver
[5.907s] -- Up-to-date: /voiture2A-ros/install/voiture2a_motors_driver/lib/python3.10/site-packages/voiture2a_motors_driver/_voiture2a_motors_driver_s.ep.rosidl_typesupport_introspection_c.c
[5.907s] -- Up-to-date: /voiture2A-ros/install/voiture2a_motors_driver/lib/python3.10/site-packages/voiture2a_motors_driver/msg
[5.907s] -- Up-to-date: /voiture2A-ros/install/voiture2a_motors_driver/lib/python3.10/site-packages/voiture2a_motors_driver/msg/_engine_s.c
[5.908s] -- Up-to-date: /voiture2A-ros/install/voiture2a_motors_driver/lib/python3.10/site-packages/voiture2a_motors_driver/msg/_motors_state_s.c
[5.908s] -- Up-to-date: /voiture2A-ros/install/voiture2a_motors_driver/lib/python3.10/site-packages/voiture2a_motors_driver/msg/_engine.py
[5.908s] -- Up-to-date: /voiture2A-ros/install/voiture2a_motors_driver/lib/python3.10/site-packages/voiture2a_motors_driver/msg/_motors_state.py
[5.909s] -- Up-to-date: /voiture2A-ros/install/voiture2a_motors_driver/lib/python3.10/site-packages/voiture2a_motors_driver/msg/__init__.py
[5.909s] -- Up-to-date: /voiture2A-ros/install/voiture2a_motors_driver/lib/python3.10/site-packages/voiture2a_motors_driver/_voiture2a_motors_driver_s.ep.rosidl_typesupport_c.c
[5.909s] -- Up-to-date: /voiture2A-ros/install/voiture2a_motors_driver/lib/python3.10/site-packages/voiture2a_motors_driver/_voiture2a_motors_driver_s.ep.rosidl_typesupport_fastrtps_c.c
[5.909s] -- Up-to-date: /voiture2A-ros/install/voiture2a_motors_driver/lib/python3.10/site-packages/voiture2a_motors_driver/__init__.py
[6.193s] Listing '/voiture2A-ros/install/voiture2a_motors_driver/lib/python3.10/site-packages/voiture2a_motors_driver'...
[6.194s] Listing '/voiture2A-ros/install/voiture2a_motors_driver/lib/python3.10/site-packages/voiture2a_motors_driver/msg'...
[6.214s] -- Up-to-date: /voiture2A-ros/install/voiture2a_motors_driver/lib/python3.10/site-packages/voiture2a_motors_driver/voiture2a_motors_driver_s__rosidl_typesupport_fastrtps_c.cpython-310-aarch64-linux-gnu.so
[6.214s] -- Up-to-date: /voiture2A-ros/install/voiture2a_motors_driver/lib/python3.10/site-packages/voiture2a_motors_driver/voiture2a_motors_driver_s__rosidl_typesupport_introspection_c.cpython-310-aarch64-linux-gnu.so
[6.216s] -- Up-to-date: /voiture2A-ros/install/voiture2a_motors_driver/lib/python3.10/site-packages/voiture2a_motors_driver/voiture2a_motors_driver_s__rosidl_typesupport_c.cpython-310-aarch64-linux-gnu.so
[6.217s] -- Up-to-date: /voiture2A-ros/install/voiture2a_motors_driver/lib/libvoiture2a_motors_driver__rosidl_generator_py.so
[6.217s] -- Up-to-date: /voiture2A-ros/install/voiture2a_motors_driver/share/voiture2a_motors_driver/msg/MotorsState.idl
[6.219s] -- Up-to-date: /voiture2A-ros/install/voiture2a_motors_driver/share/voiture2a_motors_driver/msg/Engine.idl
[6.220s] -- Up-to-date: /voiture2A-ros/install/voiture2a_motors_driver/share/voiture2a_motors_driver/msg/MotorsState.msg
[6.221s] -- Up-to-date: /voiture2A-ros/install/voiture2a_motors_driver/share/voiture2a_motors_driver/msg/Engine.msg
[6.221s] -- Up-to-date: /voiture2A-ros/install/voiture2a_motors_driver/lib/voiture2a_motors_driver/motors_node
[6.222s] -- Up-to-date: /voiture2A-ros/install/voiture2a_motors_driver/share/ament_index/resource_index/package_run_dependencies/voiture2a_motors_driver
[6.223s] -- Up-to-date: /voiture2A-ros/install/voiture2a_motors_driver/share/ament_index/resource_index/parent_prefix_path/voiture2a_motors_driver
[6.224s] -- Up-to-date: /voiture2A-ros/install/voiture2a_motors_driver/share/voiture2a_motors_driver/environment/ament_prefix_path.sh
[6.225s] -- Up-to-date: /voiture2A-ros/install/voiture2a_motors_driver/share/voiture2a_motors_driver/environment/ament_prefix_path.dsv
[6.225s] -- Up-to-date: /voiture2A-ros/install/voiture2a_motors_driver/share/voiture2a_motors_driver/environment/path.sh
[6.227s] -- Up-to-date: /voiture2A-ros/install/voiture2a_motors_driver/share/voiture2a_motors_driver/environment/path.dsv
[6.228s] -- Up-to-date: /voiture2A-ros/install/voiture2a_motors_driver/share/voiture2a_motors_driver/local_setup.bash
[6.229s] -- Up-to-date: /voiture2A-ros/install/voiture2a_motors_driver/share/voiture2a_motors_driver/local_setup.sh
[6.229s] -- Up-to-date: /voiture2A-ros/install/voiture2a_motors_driver/share/voiture2a_motors_driver/local_setup.zsh
[6.229s] -- Up-to-date: /voiture2A-ros/install/voiture2a_motors_driver/share/voiture2a_motors_driver/local_setup.dsv
[6.230s] -- Installing: /voiture2A-ros/install/voiture2a_motors_driver/share/voiture2a_motors_driver/package.dsv
[6.230s] -- Up-to-date: /voiture2A-ros/install/voiture2a_motors_driver/share/ament_index/resource_index/packages/voiture2a_motors_driver
[6.230s] -- Up-to-date: /voiture2A-ros/install/voiture2a_motors_driver/share/voiture2a_motors_driver/cmake/export_voiture2a_motors_driver__rosidl_generator_cExport.cmake
[6.231s] -- Up-to-date: /voiture2A-ros/install/voiture2a_motors_driver/share/voiture2a_motors_driver/cmake/export_voiture2a_motors_driver__rosidl_generator_cExport-noconfig.cmake
[6.231s] -- Up-to-date: /voiture2A-ros/install/voiture2a_motors_driver/share/voiture2a_motors_driver/cmake/export_voiture2a_motors_driver__rosidl_typesupport_fastrtps_cExport.cmake
[6.231s] -- Up-to-date: /voiture2A-ros/install/voiture2a_motors_driver/share/voiture2a_motors_driver/cmake/export_voiture2a_motors_driver__rosidl_typesupport_fastrtps_cExport-noconfig.cmake
[6.231s] -- Up-to-date: /voiture2A-ros/install/voiture2a_motors_driver/share/voiture2a_motors_driver/cmake/export_voiture2a_motors_driver__rosidl_generator_cppExport.cmake
[6.232s] -- Up-to-date: /voiture2A-ros/install/voiture2a_motors_driver/share/voiture2a_motors_driver/cmake/export_voiture2a_motors_driver__rosidl_typesupport_fastrtps_cppExport.cmake
[6.232s] -- Up-to-date: /voiture2A-ros/install/voiture2a_motors_driver/share/voiture2a_motors_driver/cmake/export_voiture2a_motors_driver__rosidl_typesupport_fastrtps_cppExport-noconfig.cmake
[6.232s] -- Up-to-date: /voiture2A-ros/install/voiture2a_motors_driver/share/voiture2a_motors_driver/cmake/voiture2a_motors_driver__rosidl_typesupport_introspection_cExport.cmake
[6.233s] -- Up-to-date: /voiture2A-ros/install/voiture2a_motors_driver/share/voiture2a_motors_driver/cmake/voiture2a_motors_driver__rosidl_typesupport_introspection_cExport-noconfig.cmake
[6.233s] -- Up-to-date: /voiture2A-ros/install/voiture2a_motors_driver/share/voiture2a_motors_driver/cmake/voiture2a_motors_driver__rosidl_typesupport_cExport.cmake
[6.233s] -- Up-to-date: /voiture2A-ros/install/voiture2a_motors_driver/share/voiture2a_motors_driver/cmake/voiture2a_motors_driver__rosidl_typesupport_cExport-noconfig.cmake
[6.234s] -- Up-to-date: /voiture2A-ros/install/voiture2a_motors_driver/share/voiture2a_motors_driver/cmake/voiture2a_motors_driver__rosidl_typesupport_introspection_cppExport.cmake
[6.234s] -- Up-to-date: /voiture2A-ros/install/voiture2a_motors_driver/share/voiture2a_motors_driver/cmake/voiture2a_motors_driver__rosidl_typesupport_introspection_cppExport-noconfig.cmake
[6.234s] -- Up-to-date: /voiture2A-ros/install/voiture2a_motors_driver/share/voiture2a_motors_driver/cmake/voiture2a_motors_driver__rosidl_typesupport_cppExport.cmake
[6.235s] -- Up-to-date: /voiture2A-ros/install/voiture2a_motors_driver/share/voiture2a_motors_driver/cmake/voiture2a_motors_driver__rosidl_typesupport_cppExport-noconfig.cmake
[6.235s] -- Up-to-date: /voiture2A-ros/install/voiture2a_motors_driver/share/voiture2a_motors_driver/cmake/export_voiture2a_motors_driver__rosidl_generator_pyExport.cmake
[6.235s] -- Up-to-date: /voiture2A-ros/install/voiture2a_motors_driver/share/voiture2a_motors_driver/cmake/export_voiture2a_motors_driver__rosidl_generator_pyExport-noconfig.cmake
[6.236s] -- Up-to-date: /voiture2A-ros/install/voiture2a_motors_driver/share/voiture2a_motors_driver/cmake/rosidl_cmake-extras.cmake
[6.236s] -- Up-to-date: /voiture2A-ros/install/voiture2a_motors_driver/share/voiture2a_motors_driver/cmake/ament_cmake_export_include_directories-extras.cmake
[6.236s] -- Up-to-date: /voiture2A-ros/install/voiture2a_motors_driver/share/voiture2a_motors_driver/cmake/ament_cmake_export_libraries-extras.cmake
[6.236s] -- Up-to-date: /voiture2A-ros/install/voiture2a_motors_driver/share/voiture2a_motors_driver/cmake/ament_cmake_export_targets-extras.cmake
[6.237s] -- Up-to-date: /voiture2A-ros/install/voiture2a_motors_driver/share/voiture2a_motors_driver/cmake/rosidl_cmake_export_typesupport_targets-extras.cmake
[6.237s] -- Up-to-date: /voiture2A-ros/install/voiture2a_motors_driver/share/voiture2a_motors_driver/cmake/ament_cmake_export_dependencies-extras.cmake
[6.237s] -- Up-to-date: /voiture2A-ros/install/voiture2a_motors_driver/share/voiture2a_motors_driver/cmake/rosidl_cmake_export_typesupport_libraries-extras.cmake
[6.238s] -- Up-to-date: /voiture2A-ros/install/voiture2a_motors_driver/share/voiture2a_motors_driver/cmake/voiture2a_motors_driverConfig.cmake
[6.238s] -- Up-to-date: /voiture2A-ros/install/voiture2a_motors_driver/share/voiture2a_motors_driver/cmake/voiture2a_motors_driverConfig-version.cmake
[6.238s] -- Up-to-date: /voiture2A-ros/install/voiture2a_motors_driver/share/voiture2a_motors_driver/package.xml
[6.248s] Invoked command in '/voiture2A-ros/build/voiture2a_motors_driver' returned '0': CMAKE_PREFIX_PATH=/opt/ros/rolling /usr/bin/cmake --install /voiture2A-ros/build/voiture2a_motors_driver
