[2.939s] Invoking command in '/voiture2A-ros/build/voiture2a_motors_driver': CMAKE_PREFIX_PATH=/opt/ros/rolling /usr/bin/cmake --build /voiture2A-ros/build/voiture2a_motors_driver -- -j16 -l16
[3.615s] [  2%] Built target voiture2a_motors_driver__rosidl_generator_type_description
[3.692s] [  2%] Built target ament_cmake_python_copy_voiture2a_motors_driver
[3.914s] [  4%] Built target voiture2a_motors_driver__cpp
[4.013s] [ 21%] Built target voiture2a_motors_driver__rosidl_generator_c
[4.432s] [ 31%] Built target voiture2a_motors_driver__rosidl_typesupport_cpp
[4.437s] [ 38%] Built target voiture2a_motors_driver__rosidl_typesupport_c
[4.541s] [ 48%] Built target voiture2a_motors_driver__rosidl_typesupport_introspection_c
[4.542s] [ 55%] Built target voiture2a_motors_driver__rosidl_typesupport_introspection_cpp
[4.543s] [ 72%] Built target voiture2a_motors_driver__rosidl_typesupport_fastrtps_cpp
[4.544s] [ 72%] Built target voiture2a_motors_driver__rosidl_typesupport_fastrtps_c
[4.743s] [ 72%] Built target voiture2a_motors_driver
[4.779s] [ 78%] Built target motors_node
[5.048s] [ 80%] Built target voiture2a_motors_driver__py
[5.358s] [ 87%] Built target voiture2a_motors_driver__rosidl_generator_py
[5.359s] running egg_info
[5.359s] writing voiture2a_motors_driver.egg-info/PKG-INFO
[5.359s] writing dependency_links to voiture2a_motors_driver.egg-info/dependency_links.txt
[5.360s] writing top-level names to voiture2a_motors_driver.egg-info/top_level.txt
[5.366s] reading manifest file 'voiture2a_motors_driver.egg-info/SOURCES.txt'
[5.370s] writing manifest file 'voiture2a_motors_driver.egg-info/SOURCES.txt'
[5.531s] [ 87%] Built target ament_cmake_python_build_voiture2a_motors_driver_egg
[5.620s] [ 95%] Built target voiture2a_motors_driver__rosidl_typesupport_fastrtps_c__pyext
[5.620s] [ 95%] Built target voiture2a_motors_driver__rosidl_typesupport_c__pyext
[5.627s] [100%] Built target voiture2a_motors_driver__rosidl_typesupport_introspection_c__pyext
[5.719s] Invoked command in '/voiture2A-ros/build/voiture2a_motors_driver' returned '0': CMAKE_PREFIX_PATH=/opt/ros/rolling /usr/bin/cmake --build /voiture2A-ros/build/voiture2a_motors_driver -- -j16 -l16
[5.724s] Invoking command in '/voiture2A-ros/build/voiture2a_motors_driver': CMAKE_PREFIX_PATH=/opt/ros/rolling /usr/bin/cmake --install /voiture2A-ros/build/voiture2a_motors_driver
[5.819s] -- Install configuration: ""
[5.822s] -- Up-to-date: /voiture2A-ros/install/voiture2a_motors_driver/share/ament_index/resource_index/rosidl_interfaces/voiture2a_motors_driver
[5.822s] -- Up-to-date: /voiture2A-ros/install/voiture2a_motors_driver/share/voiture2a_motors_driver/msg/MotorsState.json
[5.823s] -- Up-to-date: /voiture2A-ros/install/voiture2a_motors_driver/share/voiture2a_motors_driver/msg/Engine.json
[5.824s] -- Up-to-date: /voiture2A-ros/install/voiture2a_motors_driver/include/voiture2a_motors_driver/voiture2a_motors_driver
[5.825s] -- Up-to-date: /voiture2A-ros/install/voiture2a_motors_driver/include/voiture2a_motors_driver/voiture2a_motors_driver/msg
[5.825s] -- Up-to-date: /voiture2A-ros/install/voiture2a_motors_driver/include/voiture2a_motors_driver/voiture2a_motors_driver/msg/rosidl_generator_c__visibility_control.h
[5.826s] -- Up-to-date: /voiture2A-ros/install/voiture2a_motors_driver/include/voiture2a_motors_driver/voiture2a_motors_driver/msg/engine.h
[5.826s] -- Up-to-date: /voiture2A-ros/install/voiture2a_motors_driver/include/voiture2a_motors_driver/voiture2a_motors_driver/msg/detail
[5.827s] -- Up-to-date: /voiture2A-ros/install/voiture2a_motors_driver/include/voiture2a_motors_driver/voiture2a_motors_driver/msg/detail/motors_state__functions.c
[5.828s] -- Up-to-date: /voiture2A-ros/install/voiture2a_motors_driver/include/voiture2a_motors_driver/voiture2a_motors_driver/msg/detail/motors_state__description.c
[5.829s] -- Up-to-date: /voiture2A-ros/install/voiture2a_motors_driver/include/voiture2a_motors_driver/voiture2a_motors_driver/msg/detail/engine__functions.h
[5.829s] -- Up-to-date: /voiture2A-ros/install/voiture2a_motors_driver/include/voiture2a_motors_driver/voiture2a_motors_driver/msg/detail/motors_state__struct.h
[5.829s] -- Up-to-date: /voiture2A-ros/install/voiture2a_motors_driver/include/voiture2a_motors_driver/voiture2a_motors_driver/msg/detail/engine__struct.h
[5.830s] -- Installing: /voiture2A-ros/install/voiture2a_motors_driver/include/voiture2a_motors_driver/voiture2a_motors_driver/msg/detail/engine__type_support.c
[5.830s] -- Up-to-date: /voiture2A-ros/install/voiture2a_motors_driver/include/voiture2a_motors_driver/voiture2a_motors_driver/msg/detail/engine__description.c
[5.830s] -- Up-to-date: /voiture2A-ros/install/voiture2a_motors_driver/include/voiture2a_motors_driver/voiture2a_motors_driver/msg/detail/engine__functions.c
[5.831s] -- Up-to-date: /voiture2A-ros/install/voiture2a_motors_driver/include/voiture2a_motors_driver/voiture2a_motors_driver/msg/detail/motors_state__type_support.h
[5.832s] -- Up-to-date: /voiture2A-ros/install/voiture2a_motors_driver/include/voiture2a_motors_driver/voiture2a_motors_driver/msg/detail/motors_state__functions.h
[5.833s] -- Up-to-date: /voiture2A-ros/install/voiture2a_motors_driver/include/voiture2a_motors_driver/voiture2a_motors_driver/msg/detail/engine__type_support.h
[5.835s] -- Installing: /voiture2A-ros/install/voiture2a_motors_driver/include/voiture2a_motors_driver/voiture2a_motors_driver/msg/detail/motors_state__type_support.c
[5.837s] -- Up-to-date: /voiture2A-ros/install/voiture2a_motors_driver/include/voiture2a_motors_driver/voiture2a_motors_driver/msg/motors_state.h
[5.837s] -- Up-to-date: /voiture2A-ros/install/voiture2a_motors_driver/share/voiture2a_motors_driver/environment/library_path.sh
[5.839s] -- Up-to-date: /voiture2A-ros/install/voiture2a_motors_driver/share/voiture2a_motors_driver/environment/library_path.dsv
[5.840s] -- Up-to-date: /voiture2A-ros/install/voiture2a_motors_driver/lib/libvoiture2a_motors_driver__rosidl_generator_c.so
[5.841s] -- Up-to-date: /voiture2A-ros/install/voiture2a_motors_driver/include/voiture2a_motors_driver/voiture2a_motors_driver
[5.842s] -- Up-to-date: /voiture2A-ros/install/voiture2a_motors_driver/include/voiture2a_motors_driver/voiture2a_motors_driver/msg
[5.843s] -- Up-to-date: /voiture2A-ros/install/voiture2a_motors_driver/include/voiture2a_motors_driver/voiture2a_motors_driver/msg/rosidl_typesupport_fastrtps_c__visibility_control.h
[5.845s] -- Up-to-date: /voiture2A-ros/install/voiture2a_motors_driver/include/voiture2a_motors_driver/voiture2a_motors_driver/msg/detail
[5.845s] -- Up-to-date: /voiture2A-ros/install/voiture2a_motors_driver/include/voiture2a_motors_driver/voiture2a_motors_driver/msg/detail/engine__rosidl_typesupport_fastrtps_c.h
[5.845s] -- Up-to-date: /voiture2A-ros/install/voiture2a_motors_driver/include/voiture2a_motors_driver/voiture2a_motors_driver/msg/detail/motors_state__rosidl_typesupport_fastrtps_c.h
[5.846s] -- Up-to-date: /voiture2A-ros/install/voiture2a_motors_driver/lib/libvoiture2a_motors_driver__rosidl_typesupport_fastrtps_c.so
[5.846s] -- Up-to-date: /voiture2A-ros/install/voiture2a_motors_driver/include/voiture2a_motors_driver/voiture2a_motors_driver
[5.846s] -- Up-to-date: /voiture2A-ros/install/voiture2a_motors_driver/include/voiture2a_motors_driver/voiture2a_motors_driver/msg
[5.847s] -- Up-to-date: /voiture2A-ros/install/voiture2a_motors_driver/include/voiture2a_motors_driver/voiture2a_motors_driver/msg/motors_state.hpp
[5.847s] -- Up-to-date: /voiture2A-ros/install/voiture2a_motors_driver/include/voiture2a_motors_driver/voiture2a_motors_driver/msg/detail
[5.847s] -- Up-to-date: /voiture2A-ros/install/voiture2a_motors_driver/include/voiture2a_motors_driver/voiture2a_motors_driver/msg/detail/engine__traits.hpp
[5.848s] -- Up-to-date: /voiture2A-ros/install/voiture2a_motors_driver/include/voiture2a_motors_driver/voiture2a_motors_driver/msg/detail/motors_state__traits.hpp
[5.848s] -- Up-to-date: /voiture2A-ros/install/voiture2a_motors_driver/include/voiture2a_motors_driver/voiture2a_motors_driver/msg/detail/engine__type_support.hpp
[5.848s] -- Up-to-date: /voiture2A-ros/install/voiture2a_motors_driver/include/voiture2a_motors_driver/voiture2a_motors_driver/msg/detail/engine__builder.hpp
[5.848s] -- Up-to-date: /voiture2A-ros/install/voiture2a_motors_driver/include/voiture2a_motors_driver/voiture2a_motors_driver/msg/detail/motors_state__type_support.hpp
[5.849s] -- Up-to-date: /voiture2A-ros/install/voiture2a_motors_driver/include/voiture2a_motors_driver/voiture2a_motors_driver/msg/detail/motors_state__struct.hpp
[5.849s] -- Up-to-date: /voiture2A-ros/install/voiture2a_motors_driver/include/voiture2a_motors_driver/voiture2a_motors_driver/msg/detail/engine__struct.hpp
[5.849s] -- Up-to-date: /voiture2A-ros/install/voiture2a_motors_driver/include/voiture2a_motors_driver/voiture2a_motors_driver/msg/detail/motors_state__builder.hpp
[5.850s] -- Up-to-date: /voiture2A-ros/install/voiture2a_motors_driver/include/voiture2a_motors_driver/voiture2a_motors_driver/msg/rosidl_generator_cpp__visibility_control.hpp
[5.850s] -- Up-to-date: /voiture2A-ros/install/voiture2a_motors_driver/include/voiture2a_motors_driver/voiture2a_motors_driver/msg/engine.hpp
[5.850s] -- Up-to-date: /voiture2A-ros/install/voiture2a_motors_driver/include/voiture2a_motors_driver/voiture2a_motors_driver
[5.851s] -- Up-to-date: /voiture2A-ros/install/voiture2a_motors_driver/include/voiture2a_motors_driver/voiture2a_motors_driver/msg
[5.851s] -- Up-to-date: /voiture2A-ros/install/voiture2a_motors_driver/include/voiture2a_motors_driver/voiture2a_motors_driver/msg/rosidl_typesupport_fastrtps_cpp__visibility_control.h
[5.851s] -- Up-to-date: /voiture2A-ros/install/voiture2a_motors_driver/include/voiture2a_motors_driver/voiture2a_motors_driver/msg/detail
[5.851s] -- Up-to-date: /voiture2A-ros/install/voiture2a_motors_driver/include/voiture2a_motors_driver/voiture2a_motors_driver/msg/detail/dds_fastrtps
[5.852s] -- Up-to-date: /voiture2A-ros/install/voiture2a_motors_driver/include/voiture2a_motors_driver/voiture2a_motors_driver/msg/detail/motors_state__rosidl_typesupport_fastrtps_cpp.hpp
[5.852s] -- Up-to-date: /voiture2A-ros/install/voiture2a_motors_driver/include/voiture2a_motors_driver/voiture2a_motors_driver/msg/detail/engine__rosidl_typesupport_fastrtps_cpp.hpp
[5.852s] -- Up-to-date: /voiture2A-ros/install/voiture2a_motors_driver/lib/libvoiture2a_motors_driver__rosidl_typesupport_fastrtps_cpp.so
[5.853s] -- Up-to-date: /voiture2A-ros/install/voiture2a_motors_driver/include/voiture2a_motors_driver/voiture2a_motors_driver
[5.853s] -- Up-to-date: /voiture2A-ros/install/voiture2a_motors_driver/include/voiture2a_motors_driver/voiture2a_motors_driver/msg
[5.853s] -- Up-to-date: /voiture2A-ros/install/voiture2a_motors_driver/include/voiture2a_motors_driver/voiture2a_motors_driver/msg/rosidl_typesupport_introspection_c__visibility_control.h
[5.853s] -- Up-to-date: /voiture2A-ros/install/voiture2a_motors_driver/include/voiture2a_motors_driver/voiture2a_motors_driver/msg/detail
[5.854s] -- Up-to-date: /voiture2A-ros/install/voiture2a_motors_driver/include/voiture2a_motors_driver/voiture2a_motors_driver/msg/detail/motors_state__rosidl_typesupport_introspection_c.h
[5.854s] -- Installing: /voiture2A-ros/install/voiture2a_motors_driver/include/voiture2a_motors_driver/voiture2a_motors_driver/msg/detail/engine__type_support.c
[5.854s] -- Installing: /voiture2A-ros/install/voiture2a_motors_driver/include/voiture2a_motors_driver/voiture2a_motors_driver/msg/detail/motors_state__type_support.c
[5.855s] -- Up-to-date: /voiture2A-ros/install/voiture2a_motors_driver/include/voiture2a_motors_driver/voiture2a_motors_driver/msg/detail/engine__rosidl_typesupport_introspection_c.h
[5.855s] -- Up-to-date: /voiture2A-ros/install/voiture2a_motors_driver/lib/libvoiture2a_motors_driver__rosidl_typesupport_introspection_c.so
[5.855s] -- Up-to-date: /voiture2A-ros/install/voiture2a_motors_driver/lib/libvoiture2a_motors_driver__rosidl_typesupport_c.so
[5.855s] -- Up-to-date: /voiture2A-ros/install/voiture2a_motors_driver/include/voiture2a_motors_driver/voiture2a_motors_driver
[5.856s] -- Up-to-date: /voiture2A-ros/install/voiture2a_motors_driver/include/voiture2a_motors_driver/voiture2a_motors_driver/msg
[5.856s] -- Up-to-date: /voiture2A-ros/install/voiture2a_motors_driver/include/voiture2a_motors_driver/voiture2a_motors_driver/msg/detail
[5.856s] -- Up-to-date: /voiture2A-ros/install/voiture2a_motors_driver/include/voiture2a_motors_driver/voiture2a_motors_driver/msg/detail/engine__type_support.cpp
[5.856s] -- Up-to-date: /voiture2A-ros/install/voiture2a_motors_driver/include/voiture2a_motors_driver/voiture2a_motors_driver/msg/detail/motors_state__type_support.cpp
[5.857s] -- Up-to-date: /voiture2A-ros/install/voiture2a_motors_driver/include/voiture2a_motors_driver/voiture2a_motors_driver/msg/detail/engine__rosidl_typesupport_introspection_cpp.hpp
[5.857s] -- Up-to-date: /voiture2A-ros/install/voiture2a_motors_driver/include/voiture2a_motors_driver/voiture2a_motors_driver/msg/detail/motors_state__rosidl_typesupport_introspection_cpp.hpp
[5.857s] -- Up-to-date: /voiture2A-ros/install/voiture2a_motors_driver/lib/libvoiture2a_motors_driver__rosidl_typesupport_introspection_cpp.so
[5.858s] -- Up-to-date: /voiture2A-ros/install/voiture2a_motors_driver/lib/libvoiture2a_motors_driver__rosidl_typesupport_cpp.so
[5.858s] -- Up-to-date: /voiture2A-ros/install/voiture2a_motors_driver/share/voiture2a_motors_driver/environment/pythonpath.sh
[5.858s] -- Up-to-date: /voiture2A-ros/install/voiture2a_motors_driver/share/voiture2a_motors_driver/environment/pythonpath.dsv
[5.858s] -- Up-to-date: /voiture2A-ros/install/voiture2a_motors_driver/lib/python3.10/site-packages/voiture2a_motors_driver-1.0.0-py3.10.egg-info
[5.859s] -- Installing: /voiture2A-ros/install/voiture2a_motors_driver/lib/python3.10/site-packages/voiture2a_motors_driver-1.0.0-py3.10.egg-info/dependency_links.txt
[5.859s] -- Installing: /voiture2A-ros/install/voiture2a_motors_driver/lib/python3.10/site-packages/voiture2a_motors_driver-1.0.0-py3.10.egg-info/PKG-INFO
[5.859s] -- Installing: /voiture2A-ros/install/voiture2a_motors_driver/lib/python3.10/site-packages/voiture2a_motors_driver-1.0.0-py3.10.egg-info/top_level.txt
[5.859s] -- Installing: /voiture2A-ros/install/voiture2a_motors_driver/lib/python3.10/site-packages/voiture2a_motors_driver-1.0.0-py3.10.egg-info/SOURCES.txt
[5.860s] -- Up-to-date: /voiture2A-ros/install/voiture2a_motors_driver/lib/python3.10/site-packages/voiture2a_motors_driver
[5.860s] -- Up-to-date: /voiture2A-ros/install/voiture2a_motors_driver/lib/python3.10/site-packages/voiture2a_motors_driver/_voiture2a_motors_driver_s.ep.rosidl_typesupport_introspection_c.c
[5.860s] -- Up-to-date: /voiture2A-ros/install/voiture2a_motors_driver/lib/python3.10/site-packages/voiture2a_motors_driver/msg
[5.860s] -- Up-to-date: /voiture2A-ros/install/voiture2a_motors_driver/lib/python3.10/site-packages/voiture2a_motors_driver/msg/_engine_s.c
[5.861s] -- Up-to-date: /voiture2A-ros/install/voiture2a_motors_driver/lib/python3.10/site-packages/voiture2a_motors_driver/msg/_motors_state_s.c
[5.861s] -- Up-to-date: /voiture2A-ros/install/voiture2a_motors_driver/lib/python3.10/site-packages/voiture2a_motors_driver/msg/_engine.py
[5.861s] -- Up-to-date: /voiture2A-ros/install/voiture2a_motors_driver/lib/python3.10/site-packages/voiture2a_motors_driver/msg/_motors_state.py
[5.862s] -- Up-to-date: /voiture2A-ros/install/voiture2a_motors_driver/lib/python3.10/site-packages/voiture2a_motors_driver/msg/__init__.py
[5.862s] -- Up-to-date: /voiture2A-ros/install/voiture2a_motors_driver/lib/python3.10/site-packages/voiture2a_motors_driver/_voiture2a_motors_driver_s.ep.rosidl_typesupport_c.c
[5.862s] -- Up-to-date: /voiture2A-ros/install/voiture2a_motors_driver/lib/python3.10/site-packages/voiture2a_motors_driver/_voiture2a_motors_driver_s.ep.rosidl_typesupport_fastrtps_c.c
[5.862s] -- Up-to-date: /voiture2A-ros/install/voiture2a_motors_driver/lib/python3.10/site-packages/voiture2a_motors_driver/__init__.py
[6.138s] Listing '/voiture2A-ros/install/voiture2a_motors_driver/lib/python3.10/site-packages/voiture2a_motors_driver'...
[6.138s] Listing '/voiture2A-ros/install/voiture2a_motors_driver/lib/python3.10/site-packages/voiture2a_motors_driver/msg'...
[6.157s] -- Up-to-date: /voiture2A-ros/install/voiture2a_motors_driver/lib/python3.10/site-packages/voiture2a_motors_driver/voiture2a_motors_driver_s__rosidl_typesupport_fastrtps_c.cpython-310-aarch64-linux-gnu.so
[6.158s] -- Up-to-date: /voiture2A-ros/install/voiture2a_motors_driver/lib/python3.10/site-packages/voiture2a_motors_driver/voiture2a_motors_driver_s__rosidl_typesupport_introspection_c.cpython-310-aarch64-linux-gnu.so
[6.159s] -- Up-to-date: /voiture2A-ros/install/voiture2a_motors_driver/lib/python3.10/site-packages/voiture2a_motors_driver/voiture2a_motors_driver_s__rosidl_typesupport_c.cpython-310-aarch64-linux-gnu.so
[6.161s] -- Up-to-date: /voiture2A-ros/install/voiture2a_motors_driver/lib/libvoiture2a_motors_driver__rosidl_generator_py.so
[6.161s] -- Up-to-date: /voiture2A-ros/install/voiture2a_motors_driver/share/voiture2a_motors_driver/msg/MotorsState.idl
[6.162s] -- Up-to-date: /voiture2A-ros/install/voiture2a_motors_driver/share/voiture2a_motors_driver/msg/Engine.idl
[6.162s] -- Up-to-date: /voiture2A-ros/install/voiture2a_motors_driver/share/voiture2a_motors_driver/msg/MotorsState.msg
[6.165s] -- Up-to-date: /voiture2A-ros/install/voiture2a_motors_driver/share/voiture2a_motors_driver/msg/Engine.msg
[6.166s] -- Up-to-date: /voiture2A-ros/install/voiture2a_motors_driver/lib/voiture2a_motors_driver/motors_node
[6.167s] -- Up-to-date: /voiture2A-ros/install/voiture2a_motors_driver/share/ament_index/resource_index/package_run_dependencies/voiture2a_motors_driver
[6.168s] -- Up-to-date: /voiture2A-ros/install/voiture2a_motors_driver/share/ament_index/resource_index/parent_prefix_path/voiture2a_motors_driver
[6.172s] -- Up-to-date: /voiture2A-ros/install/voiture2a_motors_driver/share/voiture2a_motors_driver/environment/ament_prefix_path.sh
[6.173s] -- Up-to-date: /voiture2A-ros/install/voiture2a_motors_driver/share/voiture2a_motors_driver/environment/ament_prefix_path.dsv
[6.173s] -- Up-to-date: /voiture2A-ros/install/voiture2a_motors_driver/share/voiture2a_motors_driver/environment/path.sh
[6.174s] -- Up-to-date: /voiture2A-ros/install/voiture2a_motors_driver/share/voiture2a_motors_driver/environment/path.dsv
[6.174s] -- Up-to-date: /voiture2A-ros/install/voiture2a_motors_driver/share/voiture2a_motors_driver/local_setup.bash
[6.174s] -- Up-to-date: /voiture2A-ros/install/voiture2a_motors_driver/share/voiture2a_motors_driver/local_setup.sh
[6.174s] -- Up-to-date: /voiture2A-ros/install/voiture2a_motors_driver/share/voiture2a_motors_driver/local_setup.zsh
[6.175s] -- Up-to-date: /voiture2A-ros/install/voiture2a_motors_driver/share/voiture2a_motors_driver/local_setup.dsv
[6.175s] -- Installing: /voiture2A-ros/install/voiture2a_motors_driver/share/voiture2a_motors_driver/package.dsv
[6.175s] -- Up-to-date: /voiture2A-ros/install/voiture2a_motors_driver/share/ament_index/resource_index/packages/voiture2a_motors_driver
[6.176s] -- Up-to-date: /voiture2A-ros/install/voiture2a_motors_driver/share/voiture2a_motors_driver/cmake/export_voiture2a_motors_driver__rosidl_generator_cExport.cmake
[6.176s] -- Up-to-date: /voiture2A-ros/install/voiture2a_motors_driver/share/voiture2a_motors_driver/cmake/export_voiture2a_motors_driver__rosidl_generator_cExport-noconfig.cmake
[6.176s] -- Up-to-date: /voiture2A-ros/install/voiture2a_motors_driver/share/voiture2a_motors_driver/cmake/export_voiture2a_motors_driver__rosidl_typesupport_fastrtps_cExport.cmake
[6.177s] -- Up-to-date: /voiture2A-ros/install/voiture2a_motors_driver/share/voiture2a_motors_driver/cmake/export_voiture2a_motors_driver__rosidl_typesupport_fastrtps_cExport-noconfig.cmake
[6.177s] -- Up-to-date: /voiture2A-ros/install/voiture2a_motors_driver/share/voiture2a_motors_driver/cmake/export_voiture2a_motors_driver__rosidl_generator_cppExport.cmake
[6.177s] -- Up-to-date: /voiture2A-ros/install/voiture2a_motors_driver/share/voiture2a_motors_driver/cmake/export_voiture2a_motors_driver__rosidl_typesupport_fastrtps_cppExport.cmake
[6.177s] -- Up-to-date: /voiture2A-ros/install/voiture2a_motors_driver/share/voiture2a_motors_driver/cmake/export_voiture2a_motors_driver__rosidl_typesupport_fastrtps_cppExport-noconfig.cmake
[6.178s] -- Up-to-date: /voiture2A-ros/install/voiture2a_motors_driver/share/voiture2a_motors_driver/cmake/voiture2a_motors_driver__rosidl_typesupport_introspection_cExport.cmake
[6.178s] -- Up-to-date: /voiture2A-ros/install/voiture2a_motors_driver/share/voiture2a_motors_driver/cmake/voiture2a_motors_driver__rosidl_typesupport_introspection_cExport-noconfig.cmake
[6.178s] -- Up-to-date: /voiture2A-ros/install/voiture2a_motors_driver/share/voiture2a_motors_driver/cmake/voiture2a_motors_driver__rosidl_typesupport_cExport.cmake
[6.179s] -- Up-to-date: /voiture2A-ros/install/voiture2a_motors_driver/share/voiture2a_motors_driver/cmake/voiture2a_motors_driver__rosidl_typesupport_cExport-noconfig.cmake
[6.179s] -- Up-to-date: /voiture2A-ros/install/voiture2a_motors_driver/share/voiture2a_motors_driver/cmake/voiture2a_motors_driver__rosidl_typesupport_introspection_cppExport.cmake
[6.179s] -- Up-to-date: /voiture2A-ros/install/voiture2a_motors_driver/share/voiture2a_motors_driver/cmake/voiture2a_motors_driver__rosidl_typesupport_introspection_cppExport-noconfig.cmake
[6.179s] -- Up-to-date: /voiture2A-ros/install/voiture2a_motors_driver/share/voiture2a_motors_driver/cmake/voiture2a_motors_driver__rosidl_typesupport_cppExport.cmake
[6.180s] -- Up-to-date: /voiture2A-ros/install/voiture2a_motors_driver/share/voiture2a_motors_driver/cmake/voiture2a_motors_driver__rosidl_typesupport_cppExport-noconfig.cmake
[6.180s] -- Up-to-date: /voiture2A-ros/install/voiture2a_motors_driver/share/voiture2a_motors_driver/cmake/export_voiture2a_motors_driver__rosidl_generator_pyExport.cmake
[6.180s] -- Up-to-date: /voiture2A-ros/install/voiture2a_motors_driver/share/voiture2a_motors_driver/cmake/export_voiture2a_motors_driver__rosidl_generator_pyExport-noconfig.cmake
[6.181s] -- Up-to-date: /voiture2A-ros/install/voiture2a_motors_driver/share/voiture2a_motors_driver/cmake/rosidl_cmake-extras.cmake
[6.181s] -- Up-to-date: /voiture2A-ros/install/voiture2a_motors_driver/share/voiture2a_motors_driver/cmake/ament_cmake_export_include_directories-extras.cmake
[6.181s] -- Up-to-date: /voiture2A-ros/install/voiture2a_motors_driver/share/voiture2a_motors_driver/cmake/ament_cmake_export_libraries-extras.cmake
[6.181s] -- Up-to-date: /voiture2A-ros/install/voiture2a_motors_driver/share/voiture2a_motors_driver/cmake/ament_cmake_export_targets-extras.cmake
[6.182s] -- Up-to-date: /voiture2A-ros/install/voiture2a_motors_driver/share/voiture2a_motors_driver/cmake/rosidl_cmake_export_typesupport_targets-extras.cmake
[6.182s] -- Up-to-date: /voiture2A-ros/install/voiture2a_motors_driver/share/voiture2a_motors_driver/cmake/ament_cmake_export_dependencies-extras.cmake
[6.182s] -- Up-to-date: /voiture2A-ros/install/voiture2a_motors_driver/share/voiture2a_motors_driver/cmake/rosidl_cmake_export_typesupport_libraries-extras.cmake
[6.182s] -- Up-to-date: /voiture2A-ros/install/voiture2a_motors_driver/share/voiture2a_motors_driver/cmake/voiture2a_motors_driverConfig.cmake
[6.183s] -- Up-to-date: /voiture2A-ros/install/voiture2a_motors_driver/share/voiture2a_motors_driver/cmake/voiture2a_motors_driverConfig-version.cmake
[6.183s] -- Up-to-date: /voiture2A-ros/install/voiture2a_motors_driver/share/voiture2a_motors_driver/package.xml
[6.190s] Invoked command in '/voiture2A-ros/build/voiture2a_motors_driver' returned '0': CMAKE_PREFIX_PATH=/opt/ros/rolling /usr/bin/cmake --install /voiture2A-ros/build/voiture2a_motors_driver
