[5.081s] Invoking command in '/voiture2A-ros/src/notre_package': PYTHONPATH=/voiture2A-ros/build/notre_package/prefix_override:/usr/lib/python3/dist-packages/colcon_core/task/python/colcon_distutils_commands:/voiture2A-ros/install/notre_package/lib/python3.10/site-packages:${PYTHONPATH} /usr/bin/python3 -W ignore:setup.py install is deprecated -W ignore:easy_install command is deprecated setup.py egg_info --egg-base ../../build/notre_package build --build-base /voiture2A-ros/build/notre_package/build install --record /voiture2A-ros/build/notre_package/install.log --single-version-externally-managed install_data
[6.386s] running egg_info
[6.387s] writing ../../build/notre_package/notre_package.egg-info/PKG-INFO
[6.387s] writing dependency_links to ../../build/notre_package/notre_package.egg-info/dependency_links.txt
[6.387s] writing entry points to ../../build/notre_package/notre_package.egg-info/entry_points.txt
[6.388s] writing requirements to ../../build/notre_package/notre_package.egg-info/requires.txt
[6.388s] writing top-level names to ../../build/notre_package/notre_package.egg-info/top_level.txt
[6.388s] reading manifest file '../../build/notre_package/notre_package.egg-info/SOURCES.txt'
[6.389s] writing manifest file '../../build/notre_package/notre_package.egg-info/SOURCES.txt'
[6.389s] running build
[6.389s] running build_py
[6.390s] running install
[6.390s] running install_lib
[6.390s] running install_data
[6.391s] running install_egg_info
[6.391s] removing '/voiture2A-ros/install/notre_package/lib/python3.10/site-packages/notre_package-0.0.0-py3.10.egg-info' (and everything under it)
[6.391s] Copying ../../build/notre_package/notre_package.egg-info to /voiture2A-ros/install/notre_package/lib/python3.10/site-packages/notre_package-0.0.0-py3.10.egg-info
[6.392s] running install_scripts
[6.437s] Installing control_node script to /voiture2A-ros/install/notre_package/lib/notre_package
[6.437s] Installing localization_node script to /voiture2A-ros/install/notre_package/lib/notre_package
[6.438s] Installing mission_node script to /voiture2A-ros/install/notre_package/lib/notre_package
[6.439s] writing list of installed files to '/voiture2A-ros/build/notre_package/install.log'
[6.508s] Invoked command in '/voiture2A-ros/src/notre_package' returned '0': PYTHONPATH=/voiture2A-ros/build/notre_package/prefix_override:/usr/lib/python3/dist-packages/colcon_core/task/python/colcon_distutils_commands:/voiture2A-ros/install/notre_package/lib/python3.10/site-packages:${PYTHONPATH} /usr/bin/python3 -W ignore:setup.py install is deprecated -W ignore:easy_install command is deprecated setup.py egg_info --egg-base ../../build/notre_package build --build-base /voiture2A-ros/build/notre_package/build install --record /voiture2A-ros/build/notre_package/install.log --single-version-externally-managed install_data
