[0.117s] Invoking command in '/voiture2A-ros/build/gpsd_client': CMAKE_PREFIX_PATH=/opt/ros/rolling /usr/bin/cmake --build /voiture2A-ros/build/gpsd_client -- -j16 -l16
[1.592s] [  2%] Built target gpsd_client__rosidl_generator_type_description
[1.593s] [  2%] Built target ament_cmake_python_copy_gpsd_client
[1.594s] Consolidate compiler generated dependencies of target gpsd_client__rosidl_generator_c
[1.594s] [  5%] Built target gpsd_client__cpp
[1.595s] [ 19%] Built target gpsd_client__rosidl_generator_c
[1.596s] Consolidate compiler generated dependencies of target gpsd_client__rosidl_typesupport_c
[1.596s] Consolidate compiler generated dependencies of target gpsd_client__rosidl_typesupport_fastrtps_c
[1.597s] Consolidate compiler generated dependencies of target gpsd_client__rosidl_typesupport_introspection_c
[1.597s] Consolidate compiler generated dependencies of target gpsd_client__rosidl_typesupport_cpp
[1.598s] Consolidate compiler generated dependencies of target gpsd_client__rosidl_typesupport_introspection_cpp
[1.599s] Consolidate compiler generated dependencies of target gpsd_client__rosidl_typesupport_fastrtps_cpp
[1.599s] [ 27%] Built target gpsd_client__rosidl_typesupport_c
[1.600s] [ 36%] Built target gpsd_client__rosidl_typesupport_fastrtps_c
[1.600s] [ 44%] Built target gpsd_client__rosidl_typesupport_cpp
[1.601s] [ 52%] Built target gpsd_client__rosidl_typesupport_introspection_c
[1.601s] [ 61%] Built target gpsd_client__rosidl_typesupport_introspection_cpp
[1.602s] [ 69%] Built target gpsd_client__rosidl_typesupport_fastrtps_cpp
[1.729s] Consolidate compiler generated dependencies of target gpsd_node
[1.866s] [ 69%] Built target gpsd_client
[1.901s] [ 75%] Built target gpsd_node
[2.177s] [ 77%] Built target gpsd_client__py
[2.343s] Consolidate compiler generated dependencies of target gpsd_client__rosidl_generator_py
[2.467s] running egg_info
[2.472s] writing gpsd_client.egg-info/PKG-INFO
[2.473s] writing dependency_links to gpsd_client.egg-info/dependency_links.txt
[2.474s] writing top-level names to gpsd_client.egg-info/top_level.txt
[2.488s] reading manifest file 'gpsd_client.egg-info/SOURCES.txt'
[2.491s] writing manifest file 'gpsd_client.egg-info/SOURCES.txt'
[2.499s] [ 83%] Built target gpsd_client__rosidl_generator_py
[2.697s] [ 83%] Built target ament_cmake_python_build_gpsd_client_egg
[2.702s] Consolidate compiler generated dependencies of target gpsd_client__rosidl_typesupport_c__pyext
[2.707s] Consolidate compiler generated dependencies of target gpsd_client__rosidl_typesupport_introspection_c__pyext
[2.775s] Consolidate compiler generated dependencies of target gpsd_client__rosidl_typesupport_fastrtps_c__pyext
[2.921s] [ 94%] Built target gpsd_client__rosidl_typesupport_introspection_c__pyext
[2.922s] [ 94%] Built target gpsd_client__rosidl_typesupport_c__pyext
[2.998s] [100%] Built target gpsd_client__rosidl_typesupport_fastrtps_c__pyext
[3.136s] Invoked command in '/voiture2A-ros/build/gpsd_client' returned '0': CMAKE_PREFIX_PATH=/opt/ros/rolling /usr/bin/cmake --build /voiture2A-ros/build/gpsd_client -- -j16 -l16
[3.235s] Invoking command in '/voiture2A-ros/build/gpsd_client': CMAKE_PREFIX_PATH=/opt/ros/rolling /usr/bin/cmake --install /voiture2A-ros/build/gpsd_client
[3.335s] -- Install configuration: ""
[3.340s] -- Up-to-date: /voiture2A-ros/install/gpsd_client/share/ament_index/resource_index/rosidl_interfaces/gpsd_client
[3.340s] -- Up-to-date: /voiture2A-ros/install/gpsd_client/share/gpsd_client/msg/GpsFix.json
[3.341s] -- Up-to-date: /voiture2A-ros/install/gpsd_client/include/gpsd_client/gpsd_client
[3.341s] -- Up-to-date: /voiture2A-ros/install/gpsd_client/include/gpsd_client/gpsd_client/msg
[3.343s] -- Up-to-date: /voiture2A-ros/install/gpsd_client/include/gpsd_client/gpsd_client/msg/gps_fix.h
[3.343s] -- Up-to-date: /voiture2A-ros/install/gpsd_client/include/gpsd_client/gpsd_client/msg/rosidl_generator_c__visibility_control.h
[3.344s] -- Up-to-date: /voiture2A-ros/install/gpsd_client/include/gpsd_client/gpsd_client/msg/detail
[3.344s] -- Up-to-date: /voiture2A-ros/install/gpsd_client/include/gpsd_client/gpsd_client/msg/detail/gps_fix__functions.h
[3.345s] -- Up-to-date: /voiture2A-ros/install/gpsd_client/include/gpsd_client/gpsd_client/msg/detail/gps_fix__description.c
[3.346s] -- Up-to-date: /voiture2A-ros/install/gpsd_client/include/gpsd_client/gpsd_client/msg/detail/gps_fix__functions.c
[3.347s] -- Up-to-date: /voiture2A-ros/install/gpsd_client/include/gpsd_client/gpsd_client/msg/detail/gps_fix__struct.h
[3.349s] -- Up-to-date: /voiture2A-ros/install/gpsd_client/include/gpsd_client/gpsd_client/msg/detail/gps_fix__type_support.h
[3.350s] -- Installing: /voiture2A-ros/install/gpsd_client/include/gpsd_client/gpsd_client/msg/detail/gps_fix__type_support.c
[3.350s] -- Up-to-date: /voiture2A-ros/install/gpsd_client/share/gpsd_client/environment/library_path.sh
[3.350s] -- Up-to-date: /voiture2A-ros/install/gpsd_client/share/gpsd_client/environment/library_path.dsv
[3.353s] -- Up-to-date: /voiture2A-ros/install/gpsd_client/lib/libgpsd_client__rosidl_generator_c.so
[3.354s] -- Up-to-date: /voiture2A-ros/install/gpsd_client/include/gpsd_client/gpsd_client
[3.355s] -- Up-to-date: /voiture2A-ros/install/gpsd_client/include/gpsd_client/gpsd_client/msg
[3.355s] -- Up-to-date: /voiture2A-ros/install/gpsd_client/include/gpsd_client/gpsd_client/msg/rosidl_typesupport_fastrtps_c__visibility_control.h
[3.355s] -- Up-to-date: /voiture2A-ros/install/gpsd_client/include/gpsd_client/gpsd_client/msg/detail
[3.359s] -- Up-to-date: /voiture2A-ros/install/gpsd_client/include/gpsd_client/gpsd_client/msg/detail/gps_fix__rosidl_typesupport_fastrtps_c.h
[3.359s] -- Up-to-date: /voiture2A-ros/install/gpsd_client/lib/libgpsd_client__rosidl_typesupport_fastrtps_c.so
[3.359s] -- Up-to-date: /voiture2A-ros/install/gpsd_client/include/gpsd_client/gpsd_client
[3.360s] -- Up-to-date: /voiture2A-ros/install/gpsd_client/include/gpsd_client/gpsd_client/msg
[3.360s] -- Up-to-date: /voiture2A-ros/install/gpsd_client/include/gpsd_client/gpsd_client/msg/rosidl_typesupport_introspection_c__visibility_control.h
[3.362s] -- Up-to-date: /voiture2A-ros/install/gpsd_client/include/gpsd_client/gpsd_client/msg/detail
[3.363s] -- Up-to-date: /voiture2A-ros/install/gpsd_client/include/gpsd_client/gpsd_client/msg/detail/gps_fix__rosidl_typesupport_introspection_c.h
[3.363s] -- Installing: /voiture2A-ros/install/gpsd_client/include/gpsd_client/gpsd_client/msg/detail/gps_fix__type_support.c
[3.364s] -- Up-to-date: /voiture2A-ros/install/gpsd_client/lib/libgpsd_client__rosidl_typesupport_introspection_c.so
[3.364s] -- Up-to-date: /voiture2A-ros/install/gpsd_client/lib/libgpsd_client__rosidl_typesupport_c.so
[3.364s] -- Up-to-date: /voiture2A-ros/install/gpsd_client/include/gpsd_client/gpsd_client
[3.364s] -- Up-to-date: /voiture2A-ros/install/gpsd_client/include/gpsd_client/gpsd_client/msg
[3.365s] -- Up-to-date: /voiture2A-ros/install/gpsd_client/include/gpsd_client/gpsd_client/msg/gps_fix.hpp
[3.366s] -- Up-to-date: /voiture2A-ros/install/gpsd_client/include/gpsd_client/gpsd_client/msg/detail
[3.366s] -- Up-to-date: /voiture2A-ros/install/gpsd_client/include/gpsd_client/gpsd_client/msg/detail/gps_fix__traits.hpp
[3.368s] -- Up-to-date: /voiture2A-ros/install/gpsd_client/include/gpsd_client/gpsd_client/msg/detail/gps_fix__builder.hpp
[3.370s] -- Up-to-date: /voiture2A-ros/install/gpsd_client/include/gpsd_client/gpsd_client/msg/detail/gps_fix__struct.hpp
[3.371s] -- Up-to-date: /voiture2A-ros/install/gpsd_client/include/gpsd_client/gpsd_client/msg/detail/gps_fix__type_support.hpp
[3.373s] -- Up-to-date: /voiture2A-ros/install/gpsd_client/include/gpsd_client/gpsd_client/msg/rosidl_generator_cpp__visibility_control.hpp
[3.374s] -- Up-to-date: /voiture2A-ros/install/gpsd_client/include/gpsd_client/gpsd_client
[3.374s] -- Up-to-date: /voiture2A-ros/install/gpsd_client/include/gpsd_client/gpsd_client/msg
[3.376s] -- Up-to-date: /voiture2A-ros/install/gpsd_client/include/gpsd_client/gpsd_client/msg/rosidl_typesupport_fastrtps_cpp__visibility_control.h
[3.377s] -- Up-to-date: /voiture2A-ros/install/gpsd_client/include/gpsd_client/gpsd_client/msg/detail
[3.379s] -- Up-to-date: /voiture2A-ros/install/gpsd_client/include/gpsd_client/gpsd_client/msg/detail/dds_fastrtps
[3.380s] -- Up-to-date: /voiture2A-ros/install/gpsd_client/include/gpsd_client/gpsd_client/msg/detail/gps_fix__rosidl_typesupport_fastrtps_cpp.hpp
[3.381s] -- Up-to-date: /voiture2A-ros/install/gpsd_client/lib/libgpsd_client__rosidl_typesupport_fastrtps_cpp.so
[3.381s] -- Up-to-date: /voiture2A-ros/install/gpsd_client/include/gpsd_client/gpsd_client
[3.381s] -- Up-to-date: /voiture2A-ros/install/gpsd_client/include/gpsd_client/gpsd_client/msg
[3.382s] -- Up-to-date: /voiture2A-ros/install/gpsd_client/include/gpsd_client/gpsd_client/msg/detail
[3.382s] -- Up-to-date: /voiture2A-ros/install/gpsd_client/include/gpsd_client/gpsd_client/msg/detail/gps_fix__type_support.cpp
[3.382s] -- Up-to-date: /voiture2A-ros/install/gpsd_client/include/gpsd_client/gpsd_client/msg/detail/gps_fix__rosidl_typesupport_introspection_cpp.hpp
[3.383s] -- Up-to-date: /voiture2A-ros/install/gpsd_client/lib/libgpsd_client__rosidl_typesupport_introspection_cpp.so
[3.383s] -- Up-to-date: /voiture2A-ros/install/gpsd_client/lib/libgpsd_client__rosidl_typesupport_cpp.so
[3.383s] -- Up-to-date: /voiture2A-ros/install/gpsd_client/share/gpsd_client/environment/pythonpath.sh
[3.383s] -- Up-to-date: /voiture2A-ros/install/gpsd_client/share/gpsd_client/environment/pythonpath.dsv
[3.384s] -- Up-to-date: /voiture2A-ros/install/gpsd_client/lib/python3.10/site-packages/gpsd_client-1.0.0-py3.10.egg-info
[3.385s] -- Installing: /voiture2A-ros/install/gpsd_client/lib/python3.10/site-packages/gpsd_client-1.0.0-py3.10.egg-info/dependency_links.txt
[3.386s] -- Installing: /voiture2A-ros/install/gpsd_client/lib/python3.10/site-packages/gpsd_client-1.0.0-py3.10.egg-info/PKG-INFO
[3.386s] -- Installing: /voiture2A-ros/install/gpsd_client/lib/python3.10/site-packages/gpsd_client-1.0.0-py3.10.egg-info/top_level.txt
[3.386s] -- Installing: /voiture2A-ros/install/gpsd_client/lib/python3.10/site-packages/gpsd_client-1.0.0-py3.10.egg-info/SOURCES.txt
[3.388s] -- Up-to-date: /voiture2A-ros/install/gpsd_client/lib/python3.10/site-packages/gpsd_client
[3.388s] -- Up-to-date: /voiture2A-ros/install/gpsd_client/lib/python3.10/site-packages/gpsd_client/_gpsd_client_s.ep.rosidl_typesupport_c.c
[3.388s] -- Up-to-date: /voiture2A-ros/install/gpsd_client/lib/python3.10/site-packages/gpsd_client/msg
[3.389s] -- Up-to-date: /voiture2A-ros/install/gpsd_client/lib/python3.10/site-packages/gpsd_client/msg/_gps_fix.py
[3.390s] -- Up-to-date: /voiture2A-ros/install/gpsd_client/lib/python3.10/site-packages/gpsd_client/msg/_gps_fix_s.c
[3.390s] -- Up-to-date: /voiture2A-ros/install/gpsd_client/lib/python3.10/site-packages/gpsd_client/msg/__init__.py
[3.390s] -- Up-to-date: /voiture2A-ros/install/gpsd_client/lib/python3.10/site-packages/gpsd_client/_gpsd_client_s.ep.rosidl_typesupport_fastrtps_c.c
[3.391s] -- Up-to-date: /voiture2A-ros/install/gpsd_client/lib/python3.10/site-packages/gpsd_client/_gpsd_client_s.ep.rosidl_typesupport_introspection_c.c
[3.391s] -- Up-to-date: /voiture2A-ros/install/gpsd_client/lib/python3.10/site-packages/gpsd_client/__init__.py
[3.684s] Listing '/voiture2A-ros/install/gpsd_client/lib/python3.10/site-packages/gpsd_client'...
[3.685s] Listing '/voiture2A-ros/install/gpsd_client/lib/python3.10/site-packages/gpsd_client/msg'...
[3.707s] -- Up-to-date: /voiture2A-ros/install/gpsd_client/lib/python3.10/site-packages/gpsd_client/gpsd_client_s__rosidl_typesupport_fastrtps_c.cpython-310-aarch64-linux-gnu.so
[3.708s] -- Up-to-date: /voiture2A-ros/install/gpsd_client/lib/python3.10/site-packages/gpsd_client/gpsd_client_s__rosidl_typesupport_introspection_c.cpython-310-aarch64-linux-gnu.so
[3.709s] -- Up-to-date: /voiture2A-ros/install/gpsd_client/lib/python3.10/site-packages/gpsd_client/gpsd_client_s__rosidl_typesupport_c.cpython-310-aarch64-linux-gnu.so
[3.711s] -- Up-to-date: /voiture2A-ros/install/gpsd_client/lib/libgpsd_client__rosidl_generator_py.so
[3.711s] -- Up-to-date: /voiture2A-ros/install/gpsd_client/share/gpsd_client/msg/GpsFix.idl
[3.713s] -- Up-to-date: /voiture2A-ros/install/gpsd_client/share/gpsd_client/msg/GpsFix.msg
[3.714s] -- Up-to-date: /voiture2A-ros/install/gpsd_client/lib/gpsd_client/gpsd_node
[3.714s] -- Up-to-date: /voiture2A-ros/install/gpsd_client/share/ament_index/resource_index/package_run_dependencies/gpsd_client
[3.716s] -- Up-to-date: /voiture2A-ros/install/gpsd_client/share/ament_index/resource_index/parent_prefix_path/gpsd_client
[3.717s] -- Up-to-date: /voiture2A-ros/install/gpsd_client/share/gpsd_client/environment/ament_prefix_path.sh
[3.718s] -- Up-to-date: /voiture2A-ros/install/gpsd_client/share/gpsd_client/environment/ament_prefix_path.dsv
[3.721s] -- Up-to-date: /voiture2A-ros/install/gpsd_client/share/gpsd_client/environment/path.sh
[3.722s] -- Up-to-date: /voiture2A-ros/install/gpsd_client/share/gpsd_client/environment/path.dsv
[3.722s] -- Up-to-date: /voiture2A-ros/install/gpsd_client/share/gpsd_client/local_setup.bash
[3.723s] -- Up-to-date: /voiture2A-ros/install/gpsd_client/share/gpsd_client/local_setup.sh
[3.723s] -- Up-to-date: /voiture2A-ros/install/gpsd_client/share/gpsd_client/local_setup.zsh
[3.724s] -- Up-to-date: /voiture2A-ros/install/gpsd_client/share/gpsd_client/local_setup.dsv
[3.724s] -- Installing: /voiture2A-ros/install/gpsd_client/share/gpsd_client/package.dsv
[3.725s] -- Up-to-date: /voiture2A-ros/install/gpsd_client/share/ament_index/resource_index/packages/gpsd_client
[3.725s] -- Up-to-date: /voiture2A-ros/install/gpsd_client/share/gpsd_client/cmake/export_gpsd_client__rosidl_generator_cExport.cmake
[3.726s] -- Up-to-date: /voiture2A-ros/install/gpsd_client/share/gpsd_client/cmake/export_gpsd_client__rosidl_generator_cExport-noconfig.cmake
[3.726s] -- Up-to-date: /voiture2A-ros/install/gpsd_client/share/gpsd_client/cmake/export_gpsd_client__rosidl_typesupport_fastrtps_cExport.cmake
[3.727s] -- Up-to-date: /voiture2A-ros/install/gpsd_client/share/gpsd_client/cmake/export_gpsd_client__rosidl_typesupport_fastrtps_cExport-noconfig.cmake
[3.727s] -- Up-to-date: /voiture2A-ros/install/gpsd_client/share/gpsd_client/cmake/gpsd_client__rosidl_typesupport_introspection_cExport.cmake
[3.728s] -- Up-to-date: /voiture2A-ros/install/gpsd_client/share/gpsd_client/cmake/gpsd_client__rosidl_typesupport_introspection_cExport-noconfig.cmake
[3.729s] -- Up-to-date: /voiture2A-ros/install/gpsd_client/share/gpsd_client/cmake/gpsd_client__rosidl_typesupport_cExport.cmake
[3.730s] -- Up-to-date: /voiture2A-ros/install/gpsd_client/share/gpsd_client/cmake/gpsd_client__rosidl_typesupport_cExport-noconfig.cmake
[3.731s] -- Up-to-date: /voiture2A-ros/install/gpsd_client/share/gpsd_client/cmake/export_gpsd_client__rosidl_generator_cppExport.cmake
[3.731s] -- Up-to-date: /voiture2A-ros/install/gpsd_client/share/gpsd_client/cmake/export_gpsd_client__rosidl_typesupport_fastrtps_cppExport.cmake
[3.733s] -- Up-to-date: /voiture2A-ros/install/gpsd_client/share/gpsd_client/cmake/export_gpsd_client__rosidl_typesupport_fastrtps_cppExport-noconfig.cmake
[3.733s] -- Up-to-date: /voiture2A-ros/install/gpsd_client/share/gpsd_client/cmake/gpsd_client__rosidl_typesupport_introspection_cppExport.cmake
[3.735s] -- Up-to-date: /voiture2A-ros/install/gpsd_client/share/gpsd_client/cmake/gpsd_client__rosidl_typesupport_introspection_cppExport-noconfig.cmake
[3.735s] -- Up-to-date: /voiture2A-ros/install/gpsd_client/share/gpsd_client/cmake/gpsd_client__rosidl_typesupport_cppExport.cmake
[3.736s] -- Up-to-date: /voiture2A-ros/install/gpsd_client/share/gpsd_client/cmake/gpsd_client__rosidl_typesupport_cppExport-noconfig.cmake
[3.736s] -- Up-to-date: /voiture2A-ros/install/gpsd_client/share/gpsd_client/cmake/export_gpsd_client__rosidl_generator_pyExport.cmake
[3.737s] -- Up-to-date: /voiture2A-ros/install/gpsd_client/share/gpsd_client/cmake/export_gpsd_client__rosidl_generator_pyExport-noconfig.cmake
[3.737s] -- Up-to-date: /voiture2A-ros/install/gpsd_client/share/gpsd_client/cmake/rosidl_cmake-extras.cmake
[3.738s] -- Up-to-date: /voiture2A-ros/install/gpsd_client/share/gpsd_client/cmake/ament_cmake_export_dependencies-extras.cmake
[3.739s] -- Up-to-date: /voiture2A-ros/install/gpsd_client/share/gpsd_client/cmake/ament_cmake_export_include_directories-extras.cmake
[3.741s] -- Up-to-date: /voiture2A-ros/install/gpsd_client/share/gpsd_client/cmake/ament_cmake_export_libraries-extras.cmake
[3.742s] -- Up-to-date: /voiture2A-ros/install/gpsd_client/share/gpsd_client/cmake/ament_cmake_export_targets-extras.cmake
[3.743s] -- Up-to-date: /voiture2A-ros/install/gpsd_client/share/gpsd_client/cmake/rosidl_cmake_export_typesupport_targets-extras.cmake
[3.743s] -- Up-to-date: /voiture2A-ros/install/gpsd_client/share/gpsd_client/cmake/rosidl_cmake_export_typesupport_libraries-extras.cmake
[3.744s] -- Up-to-date: /voiture2A-ros/install/gpsd_client/share/gpsd_client/cmake/gpsd_clientConfig.cmake
[3.744s] -- Up-to-date: /voiture2A-ros/install/gpsd_client/share/gpsd_client/cmake/gpsd_clientConfig-version.cmake
[3.745s] -- Up-to-date: /voiture2A-ros/install/gpsd_client/share/gpsd_client/package.xml
[3.767s] Invoked command in '/voiture2A-ros/build/gpsd_client' returned '0': CMAKE_PREFIX_PATH=/opt/ros/rolling /usr/bin/cmake --install /voiture2A-ros/build/gpsd_client
