[0.393s] Invoking command in '/home/maxime/Documents/ENSTA/UE4.1_ROS/voiture2A-ros-main/Simulation/ws_ros/src/notre_package': PYTHONPATH=/home/maxime/Documents/ENSTA/UE4.1_ROS/voiture2A-ros-main/Simulation/ws_ros/build/notre_package/prefix_override:/usr/lib/python3/dist-packages/colcon_core/task/python/colcon_distutils_commands:/home/maxime/Documents/ENSTA/UE4.1_ROS/voiture2A-ros-main/Simulation/ws_ros/install/notre_package/lib/python3.10/site-packages:${PYTHONPATH} /usr/bin/python3 -W ignore:setup.py install is deprecated -W ignore:easy_install command is deprecated setup.py egg_info --egg-base ../../build/notre_package build --build-base /home/maxime/Documents/ENSTA/UE4.1_ROS/voiture2A-ros-main/Simulation/ws_ros/build/notre_package/build install --record /home/maxime/Documents/ENSTA/UE4.1_ROS/voiture2A-ros-main/Simulation/ws_ros/build/notre_package/install.log --single-version-externally-managed install_data
[0.547s] running egg_info
[0.547s] writing ../../build/notre_package/notre_package.egg-info/PKG-INFO
[0.547s] writing dependency_links to ../../build/notre_package/notre_package.egg-info/dependency_links.txt
[0.547s] writing entry points to ../../build/notre_package/notre_package.egg-info/entry_points.txt
[0.548s] writing requirements to ../../build/notre_package/notre_package.egg-info/requires.txt
[0.548s] writing top-level names to ../../build/notre_package/notre_package.egg-info/top_level.txt
[0.549s] reading manifest file '../../build/notre_package/notre_package.egg-info/SOURCES.txt'
[0.549s] writing manifest file '../../build/notre_package/notre_package.egg-info/SOURCES.txt'
[0.550s] running build
[0.550s] running build_py
[0.550s] copying notre_package/control.py -> /home/maxime/Documents/ENSTA/UE4.1_ROS/voiture2A-ros-main/Simulation/ws_ros/build/notre_package/build/lib/notre_package
[0.550s] running install
[0.550s] running install_lib
[0.551s] copying /home/maxime/Documents/ENSTA/UE4.1_ROS/voiture2A-ros-main/Simulation/ws_ros/build/notre_package/build/lib/notre_package/control.py -> /home/maxime/Documents/ENSTA/UE4.1_ROS/voiture2A-ros-main/Simulation/ws_ros/install/notre_package/lib/python3.10/site-packages/notre_package
[0.552s] byte-compiling /home/maxime/Documents/ENSTA/UE4.1_ROS/voiture2A-ros-main/Simulation/ws_ros/install/notre_package/lib/python3.10/site-packages/notre_package/control.py to control.cpython-310.pyc
[0.553s] running install_data
[0.554s] running install_egg_info
[0.555s] removing '/home/maxime/Documents/ENSTA/UE4.1_ROS/voiture2A-ros-main/Simulation/ws_ros/install/notre_package/lib/python3.10/site-packages/notre_package-0.0.0-py3.10.egg-info' (and everything under it)
[0.555s] Copying ../../build/notre_package/notre_package.egg-info to /home/maxime/Documents/ENSTA/UE4.1_ROS/voiture2A-ros-main/Simulation/ws_ros/install/notre_package/lib/python3.10/site-packages/notre_package-0.0.0-py3.10.egg-info
[0.556s] running install_scripts
[0.575s] Installing control_node script to /home/maxime/Documents/ENSTA/UE4.1_ROS/voiture2A-ros-main/Simulation/ws_ros/install/notre_package/lib/notre_package
[0.575s] Installing localization_node script to /home/maxime/Documents/ENSTA/UE4.1_ROS/voiture2A-ros-main/Simulation/ws_ros/install/notre_package/lib/notre_package
[0.575s] Installing mission_node script to /home/maxime/Documents/ENSTA/UE4.1_ROS/voiture2A-ros-main/Simulation/ws_ros/install/notre_package/lib/notre_package
[0.575s] writing list of installed files to '/home/maxime/Documents/ENSTA/UE4.1_ROS/voiture2A-ros-main/Simulation/ws_ros/build/notre_package/install.log'
[0.622s] Invoked command in '/home/maxime/Documents/ENSTA/UE4.1_ROS/voiture2A-ros-main/Simulation/ws_ros/src/notre_package' returned '0': PYTHONPATH=/home/maxime/Documents/ENSTA/UE4.1_ROS/voiture2A-ros-main/Simulation/ws_ros/build/notre_package/prefix_override:/usr/lib/python3/dist-packages/colcon_core/task/python/colcon_distutils_commands:/home/maxime/Documents/ENSTA/UE4.1_ROS/voiture2A-ros-main/Simulation/ws_ros/install/notre_package/lib/python3.10/site-packages:${PYTHONPATH} /usr/bin/python3 -W ignore:setup.py install is deprecated -W ignore:easy_install command is deprecated setup.py egg_info --egg-base ../../build/notre_package build --build-base /home/maxime/Documents/ENSTA/UE4.1_ROS/voiture2A-ros-main/Simulation/ws_ros/build/notre_package/build install --record /home/maxime/Documents/ENSTA/UE4.1_ROS/voiture2A-ros-main/Simulation/ws_ros/build/notre_package/install.log --single-version-externally-managed install_data
