[0.120s] Invoking command in '/voiture2A-ros/build/gpsd_client': CMAKE_PREFIX_PATH=/opt/ros/rolling /usr/bin/cmake --build /voiture2A-ros/build/gpsd_client -- -j16 -l16
[1.667s] [  2%] Built target gpsd_client__rosidl_generator_type_description
[1.668s] [  2%] Built target ament_cmake_python_copy_gpsd_client
[1.668s] [  5%] Built target gpsd_client__cpp
[1.669s] [ 19%] Built target gpsd_client__rosidl_generator_c
[1.670s] [ 27%] Built target gpsd_client__rosidl_typesupport_c
[1.670s] [ 36%] Built target gpsd_client__rosidl_typesupport_introspection_c
[1.671s] [ 52%] Built target gpsd_client__rosidl_typesupport_fastrtps_cpp
[1.672s] [ 52%] Built target gpsd_client__rosidl_typesupport_fastrtps_c
[1.672s] [ 61%] Built target gpsd_client__rosidl_typesupport_cpp
[1.673s] [ 69%] Built target gpsd_client__rosidl_typesupport_introspection_cpp
[1.882s] [ 75%] Built target gpsd_node
[1.901s] [ 75%] Built target gpsd_client
[2.195s] [ 77%] Built target gpsd_client__py
[2.517s] [ 83%] Built target gpsd_client__rosidl_generator_py
[2.518s] running egg_info
[2.522s] writing gpsd_client.egg-info/PKG-INFO
[2.524s] writing dependency_links to gpsd_client.egg-info/dependency_links.txt
[2.526s] writing top-level names to gpsd_client.egg-info/top_level.txt
[2.549s] reading manifest file 'gpsd_client.egg-info/SOURCES.txt'
[2.556s] writing manifest file 'gpsd_client.egg-info/SOURCES.txt'
[2.777s] [ 83%] Built target ament_cmake_python_build_gpsd_client_egg
[2.944s] [ 88%] Built target gpsd_client__rosidl_typesupport_introspection_c__pyext
[2.950s] [ 94%] Built target gpsd_client__rosidl_typesupport_fastrtps_c__pyext
[2.955s] [100%] Built target gpsd_client__rosidl_typesupport_c__pyext
[3.071s] Invoked command in '/voiture2A-ros/build/gpsd_client' returned '0': CMAKE_PREFIX_PATH=/opt/ros/rolling /usr/bin/cmake --build /voiture2A-ros/build/gpsd_client -- -j16 -l16
[3.192s] Invoking command in '/voiture2A-ros/build/gpsd_client': CMAKE_PREFIX_PATH=/opt/ros/rolling /usr/bin/cmake --install /voiture2A-ros/build/gpsd_client
[3.298s] -- Install configuration: ""
[3.303s] -- Up-to-date: /voiture2A-ros/install/gpsd_client/share/ament_index/resource_index/rosidl_interfaces/gpsd_client
[3.303s] -- Up-to-date: /voiture2A-ros/install/gpsd_client/share/gpsd_client/msg/GpsFix.json
[3.304s] -- Up-to-date: /voiture2A-ros/install/gpsd_client/include/gpsd_client/gpsd_client
[3.304s] -- Up-to-date: /voiture2A-ros/install/gpsd_client/include/gpsd_client/gpsd_client/msg
[3.305s] -- Up-to-date: /voiture2A-ros/install/gpsd_client/include/gpsd_client/gpsd_client/msg/gps_fix.h
[3.306s] -- Up-to-date: /voiture2A-ros/install/gpsd_client/include/gpsd_client/gpsd_client/msg/rosidl_generator_c__visibility_control.h
[3.306s] -- Up-to-date: /voiture2A-ros/install/gpsd_client/include/gpsd_client/gpsd_client/msg/detail
[3.307s] -- Up-to-date: /voiture2A-ros/install/gpsd_client/include/gpsd_client/gpsd_client/msg/detail/gps_fix__functions.h
[3.307s] -- Up-to-date: /voiture2A-ros/install/gpsd_client/include/gpsd_client/gpsd_client/msg/detail/gps_fix__description.c
[3.308s] -- Up-to-date: /voiture2A-ros/install/gpsd_client/include/gpsd_client/gpsd_client/msg/detail/gps_fix__functions.c
[3.308s] -- Up-to-date: /voiture2A-ros/install/gpsd_client/include/gpsd_client/gpsd_client/msg/detail/gps_fix__struct.h
[3.308s] -- Up-to-date: /voiture2A-ros/install/gpsd_client/include/gpsd_client/gpsd_client/msg/detail/gps_fix__type_support.h
[3.309s] -- Installing: /voiture2A-ros/install/gpsd_client/include/gpsd_client/gpsd_client/msg/detail/gps_fix__type_support.c
[3.309s] -- Up-to-date: /voiture2A-ros/install/gpsd_client/share/gpsd_client/environment/library_path.sh
[3.309s] -- Up-to-date: /voiture2A-ros/install/gpsd_client/share/gpsd_client/environment/library_path.dsv
[3.311s] -- Up-to-date: /voiture2A-ros/install/gpsd_client/lib/libgpsd_client__rosidl_generator_c.so
[3.313s] -- Up-to-date: /voiture2A-ros/install/gpsd_client/include/gpsd_client/gpsd_client
[3.314s] -- Up-to-date: /voiture2A-ros/install/gpsd_client/include/gpsd_client/gpsd_client/msg
[3.314s] -- Up-to-date: /voiture2A-ros/install/gpsd_client/include/gpsd_client/gpsd_client/msg/rosidl_typesupport_fastrtps_c__visibility_control.h
[3.315s] -- Up-to-date: /voiture2A-ros/install/gpsd_client/include/gpsd_client/gpsd_client/msg/detail
[3.316s] -- Up-to-date: /voiture2A-ros/install/gpsd_client/include/gpsd_client/gpsd_client/msg/detail/gps_fix__rosidl_typesupport_fastrtps_c.h
[3.316s] -- Up-to-date: /voiture2A-ros/install/gpsd_client/lib/libgpsd_client__rosidl_typesupport_fastrtps_c.so
[3.317s] -- Up-to-date: /voiture2A-ros/install/gpsd_client/include/gpsd_client/gpsd_client
[3.318s] -- Up-to-date: /voiture2A-ros/install/gpsd_client/include/gpsd_client/gpsd_client/msg
[3.319s] -- Up-to-date: /voiture2A-ros/install/gpsd_client/include/gpsd_client/gpsd_client/msg/rosidl_typesupport_introspection_c__visibility_control.h
[3.320s] -- Up-to-date: /voiture2A-ros/install/gpsd_client/include/gpsd_client/gpsd_client/msg/detail
[3.322s] -- Up-to-date: /voiture2A-ros/install/gpsd_client/include/gpsd_client/gpsd_client/msg/detail/gps_fix__rosidl_typesupport_introspection_c.h
[3.323s] -- Installing: /voiture2A-ros/install/gpsd_client/include/gpsd_client/gpsd_client/msg/detail/gps_fix__type_support.c
[3.324s] -- Up-to-date: /voiture2A-ros/install/gpsd_client/lib/libgpsd_client__rosidl_typesupport_introspection_c.so
[3.324s] -- Up-to-date: /voiture2A-ros/install/gpsd_client/lib/libgpsd_client__rosidl_typesupport_c.so
[3.325s] -- Up-to-date: /voiture2A-ros/install/gpsd_client/include/gpsd_client/gpsd_client
[3.327s] -- Up-to-date: /voiture2A-ros/install/gpsd_client/include/gpsd_client/gpsd_client/msg
[3.330s] -- Up-to-date: /voiture2A-ros/install/gpsd_client/include/gpsd_client/gpsd_client/msg/gps_fix.hpp
[3.331s] -- Up-to-date: /voiture2A-ros/install/gpsd_client/include/gpsd_client/gpsd_client/msg/detail
[3.331s] -- Up-to-date: /voiture2A-ros/install/gpsd_client/include/gpsd_client/gpsd_client/msg/detail/gps_fix__traits.hpp
[3.331s] -- Up-to-date: /voiture2A-ros/install/gpsd_client/include/gpsd_client/gpsd_client/msg/detail/gps_fix__builder.hpp
[3.332s] -- Up-to-date: /voiture2A-ros/install/gpsd_client/include/gpsd_client/gpsd_client/msg/detail/gps_fix__struct.hpp
[3.332s] -- Up-to-date: /voiture2A-ros/install/gpsd_client/include/gpsd_client/gpsd_client/msg/detail/gps_fix__type_support.hpp
[3.335s] -- Up-to-date: /voiture2A-ros/install/gpsd_client/include/gpsd_client/gpsd_client/msg/rosidl_generator_cpp__visibility_control.hpp
[3.344s] -- Up-to-date: /voiture2A-ros/install/gpsd_client/include/gpsd_client/gpsd_client
[3.345s] -- Up-to-date: /voiture2A-ros/install/gpsd_client/include/gpsd_client/gpsd_client/msg
[3.347s] -- Up-to-date: /voiture2A-ros/install/gpsd_client/include/gpsd_client/gpsd_client/msg/rosidl_typesupport_fastrtps_cpp__visibility_control.h
[3.350s] -- Up-to-date: /voiture2A-ros/install/gpsd_client/include/gpsd_client/gpsd_client/msg/detail
[3.350s] -- Up-to-date: /voiture2A-ros/install/gpsd_client/include/gpsd_client/gpsd_client/msg/detail/dds_fastrtps
[3.350s] -- Up-to-date: /voiture2A-ros/install/gpsd_client/include/gpsd_client/gpsd_client/msg/detail/gps_fix__rosidl_typesupport_fastrtps_cpp.hpp
[3.351s] -- Up-to-date: /voiture2A-ros/install/gpsd_client/lib/libgpsd_client__rosidl_typesupport_fastrtps_cpp.so
[3.351s] -- Up-to-date: /voiture2A-ros/install/gpsd_client/include/gpsd_client/gpsd_client
[3.351s] -- Up-to-date: /voiture2A-ros/install/gpsd_client/include/gpsd_client/gpsd_client/msg
[3.352s] -- Up-to-date: /voiture2A-ros/install/gpsd_client/include/gpsd_client/gpsd_client/msg/detail
[3.352s] -- Up-to-date: /voiture2A-ros/install/gpsd_client/include/gpsd_client/gpsd_client/msg/detail/gps_fix__type_support.cpp
[3.352s] -- Up-to-date: /voiture2A-ros/install/gpsd_client/include/gpsd_client/gpsd_client/msg/detail/gps_fix__rosidl_typesupport_introspection_cpp.hpp
[3.354s] -- Up-to-date: /voiture2A-ros/install/gpsd_client/lib/libgpsd_client__rosidl_typesupport_introspection_cpp.so
[3.357s] -- Up-to-date: /voiture2A-ros/install/gpsd_client/lib/libgpsd_client__rosidl_typesupport_cpp.so
[3.357s] -- Up-to-date: /voiture2A-ros/install/gpsd_client/share/gpsd_client/environment/pythonpath.sh
[3.358s] -- Up-to-date: /voiture2A-ros/install/gpsd_client/share/gpsd_client/environment/pythonpath.dsv
[3.358s] -- Up-to-date: /voiture2A-ros/install/gpsd_client/lib/python3.10/site-packages/gpsd_client-1.0.0-py3.10.egg-info
[3.358s] -- Installing: /voiture2A-ros/install/gpsd_client/lib/python3.10/site-packages/gpsd_client-1.0.0-py3.10.egg-info/dependency_links.txt
[3.359s] -- Installing: /voiture2A-ros/install/gpsd_client/lib/python3.10/site-packages/gpsd_client-1.0.0-py3.10.egg-info/PKG-INFO
[3.359s] -- Installing: /voiture2A-ros/install/gpsd_client/lib/python3.10/site-packages/gpsd_client-1.0.0-py3.10.egg-info/top_level.txt
[3.359s] -- Installing: /voiture2A-ros/install/gpsd_client/lib/python3.10/site-packages/gpsd_client-1.0.0-py3.10.egg-info/SOURCES.txt
[3.361s] -- Up-to-date: /voiture2A-ros/install/gpsd_client/lib/python3.10/site-packages/gpsd_client
[3.362s] -- Up-to-date: /voiture2A-ros/install/gpsd_client/lib/python3.10/site-packages/gpsd_client/_gpsd_client_s.ep.rosidl_typesupport_c.c
[3.362s] -- Up-to-date: /voiture2A-ros/install/gpsd_client/lib/python3.10/site-packages/gpsd_client/msg
[3.364s] -- Up-to-date: /voiture2A-ros/install/gpsd_client/lib/python3.10/site-packages/gpsd_client/msg/_gps_fix.py
[3.364s] -- Up-to-date: /voiture2A-ros/install/gpsd_client/lib/python3.10/site-packages/gpsd_client/msg/_gps_fix_s.c
[3.365s] -- Up-to-date: /voiture2A-ros/install/gpsd_client/lib/python3.10/site-packages/gpsd_client/msg/__init__.py
[3.365s] -- Up-to-date: /voiture2A-ros/install/gpsd_client/lib/python3.10/site-packages/gpsd_client/_gpsd_client_s.ep.rosidl_typesupport_fastrtps_c.c
[3.365s] -- Up-to-date: /voiture2A-ros/install/gpsd_client/lib/python3.10/site-packages/gpsd_client/_gpsd_client_s.ep.rosidl_typesupport_introspection_c.c
[3.367s] -- Up-to-date: /voiture2A-ros/install/gpsd_client/lib/python3.10/site-packages/gpsd_client/__init__.py
[3.696s] Listing '/voiture2A-ros/install/gpsd_client/lib/python3.10/site-packages/gpsd_client'...
[3.696s] Listing '/voiture2A-ros/install/gpsd_client/lib/python3.10/site-packages/gpsd_client/msg'...
[3.720s] -- Up-to-date: /voiture2A-ros/install/gpsd_client/lib/python3.10/site-packages/gpsd_client/gpsd_client_s__rosidl_typesupport_fastrtps_c.cpython-310-aarch64-linux-gnu.so
[3.721s] -- Up-to-date: /voiture2A-ros/install/gpsd_client/lib/python3.10/site-packages/gpsd_client/gpsd_client_s__rosidl_typesupport_introspection_c.cpython-310-aarch64-linux-gnu.so
[3.724s] -- Up-to-date: /voiture2A-ros/install/gpsd_client/lib/python3.10/site-packages/gpsd_client/gpsd_client_s__rosidl_typesupport_c.cpython-310-aarch64-linux-gnu.so
[3.725s] -- Up-to-date: /voiture2A-ros/install/gpsd_client/lib/libgpsd_client__rosidl_generator_py.so
[3.726s] -- Up-to-date: /voiture2A-ros/install/gpsd_client/share/gpsd_client/msg/GpsFix.idl
[3.729s] -- Up-to-date: /voiture2A-ros/install/gpsd_client/share/gpsd_client/msg/GpsFix.msg
[3.730s] -- Up-to-date: /voiture2A-ros/install/gpsd_client/lib/gpsd_client/gpsd_node
[3.732s] -- Up-to-date: /voiture2A-ros/install/gpsd_client/share/ament_index/resource_index/package_run_dependencies/gpsd_client
[3.736s] -- Up-to-date: /voiture2A-ros/install/gpsd_client/share/ament_index/resource_index/parent_prefix_path/gpsd_client
[3.739s] -- Up-to-date: /voiture2A-ros/install/gpsd_client/share/gpsd_client/environment/ament_prefix_path.sh
[3.741s] -- Up-to-date: /voiture2A-ros/install/gpsd_client/share/gpsd_client/environment/ament_prefix_path.dsv
[3.743s] -- Up-to-date: /voiture2A-ros/install/gpsd_client/share/gpsd_client/environment/path.sh
[3.744s] -- Up-to-date: /voiture2A-ros/install/gpsd_client/share/gpsd_client/environment/path.dsv
[3.746s] -- Up-to-date: /voiture2A-ros/install/gpsd_client/share/gpsd_client/local_setup.bash
[3.749s] -- Up-to-date: /voiture2A-ros/install/gpsd_client/share/gpsd_client/local_setup.sh
[3.750s] -- Up-to-date: /voiture2A-ros/install/gpsd_client/share/gpsd_client/local_setup.zsh
[3.751s] -- Up-to-date: /voiture2A-ros/install/gpsd_client/share/gpsd_client/local_setup.dsv
[3.752s] -- Installing: /voiture2A-ros/install/gpsd_client/share/gpsd_client/package.dsv
[3.754s] -- Up-to-date: /voiture2A-ros/install/gpsd_client/share/ament_index/resource_index/packages/gpsd_client
[3.757s] -- Up-to-date: /voiture2A-ros/install/gpsd_client/share/gpsd_client/cmake/export_gpsd_client__rosidl_generator_cExport.cmake
[3.757s] -- Up-to-date: /voiture2A-ros/install/gpsd_client/share/gpsd_client/cmake/export_gpsd_client__rosidl_generator_cExport-noconfig.cmake
[3.758s] -- Up-to-date: /voiture2A-ros/install/gpsd_client/share/gpsd_client/cmake/export_gpsd_client__rosidl_typesupport_fastrtps_cExport.cmake
[3.758s] -- Up-to-date: /voiture2A-ros/install/gpsd_client/share/gpsd_client/cmake/export_gpsd_client__rosidl_typesupport_fastrtps_cExport-noconfig.cmake
[3.760s] -- Up-to-date: /voiture2A-ros/install/gpsd_client/share/gpsd_client/cmake/gpsd_client__rosidl_typesupport_introspection_cExport.cmake
[3.762s] -- Up-to-date: /voiture2A-ros/install/gpsd_client/share/gpsd_client/cmake/gpsd_client__rosidl_typesupport_introspection_cExport-noconfig.cmake
[3.763s] -- Up-to-date: /voiture2A-ros/install/gpsd_client/share/gpsd_client/cmake/gpsd_client__rosidl_typesupport_cExport.cmake
[3.764s] -- Up-to-date: /voiture2A-ros/install/gpsd_client/share/gpsd_client/cmake/gpsd_client__rosidl_typesupport_cExport-noconfig.cmake
[3.764s] -- Up-to-date: /voiture2A-ros/install/gpsd_client/share/gpsd_client/cmake/export_gpsd_client__rosidl_generator_cppExport.cmake
[3.765s] -- Up-to-date: /voiture2A-ros/install/gpsd_client/share/gpsd_client/cmake/export_gpsd_client__rosidl_typesupport_fastrtps_cppExport.cmake
[3.765s] -- Up-to-date: /voiture2A-ros/install/gpsd_client/share/gpsd_client/cmake/export_gpsd_client__rosidl_typesupport_fastrtps_cppExport-noconfig.cmake
[3.766s] -- Up-to-date: /voiture2A-ros/install/gpsd_client/share/gpsd_client/cmake/gpsd_client__rosidl_typesupport_introspection_cppExport.cmake
[3.766s] -- Up-to-date: /voiture2A-ros/install/gpsd_client/share/gpsd_client/cmake/gpsd_client__rosidl_typesupport_introspection_cppExport-noconfig.cmake
[3.767s] -- Up-to-date: /voiture2A-ros/install/gpsd_client/share/gpsd_client/cmake/gpsd_client__rosidl_typesupport_cppExport.cmake
[3.767s] -- Up-to-date: /voiture2A-ros/install/gpsd_client/share/gpsd_client/cmake/gpsd_client__rosidl_typesupport_cppExport-noconfig.cmake
[3.768s] -- Up-to-date: /voiture2A-ros/install/gpsd_client/share/gpsd_client/cmake/export_gpsd_client__rosidl_generator_pyExport.cmake
[3.768s] -- Up-to-date: /voiture2A-ros/install/gpsd_client/share/gpsd_client/cmake/export_gpsd_client__rosidl_generator_pyExport-noconfig.cmake
[3.770s] -- Up-to-date: /voiture2A-ros/install/gpsd_client/share/gpsd_client/cmake/rosidl_cmake-extras.cmake
[3.771s] -- Up-to-date: /voiture2A-ros/install/gpsd_client/share/gpsd_client/cmake/ament_cmake_export_dependencies-extras.cmake
[3.771s] -- Up-to-date: /voiture2A-ros/install/gpsd_client/share/gpsd_client/cmake/ament_cmake_export_include_directories-extras.cmake
[3.772s] -- Up-to-date: /voiture2A-ros/install/gpsd_client/share/gpsd_client/cmake/ament_cmake_export_libraries-extras.cmake
[3.773s] -- Up-to-date: /voiture2A-ros/install/gpsd_client/share/gpsd_client/cmake/ament_cmake_export_targets-extras.cmake
[3.774s] -- Up-to-date: /voiture2A-ros/install/gpsd_client/share/gpsd_client/cmake/rosidl_cmake_export_typesupport_targets-extras.cmake
[3.774s] -- Up-to-date: /voiture2A-ros/install/gpsd_client/share/gpsd_client/cmake/rosidl_cmake_export_typesupport_libraries-extras.cmake
[3.775s] -- Up-to-date: /voiture2A-ros/install/gpsd_client/share/gpsd_client/cmake/gpsd_clientConfig.cmake
[3.775s] -- Up-to-date: /voiture2A-ros/install/gpsd_client/share/gpsd_client/cmake/gpsd_clientConfig-version.cmake
[3.776s] -- Up-to-date: /voiture2A-ros/install/gpsd_client/share/gpsd_client/package.xml
[3.805s] Invoked command in '/voiture2A-ros/build/gpsd_client' returned '0': CMAKE_PREFIX_PATH=/opt/ros/rolling /usr/bin/cmake --install /voiture2A-ros/build/gpsd_client
