-- The C compiler identification is GNU 11.4.0
-- The CXX compiler identification is GNU 11.4.0
-- Detecting C compiler ABI info
-- Detecting C compiler ABI info - done
-- Check for working C compiler: /usr/bin/cc - skipped
-- Detecting C compile features
-- Detecting C compile features - done
-- Detecting CXX compiler ABI info
-- Detecting CXX compiler ABI info - done
-- Check for working CXX compiler: /usr/bin/c++ - skipped
-- Detecting CXX compile features
-- Detecting CXX compile features - done
-- Found ament_cmake: 1.3.11 (/opt/ros/humble/share/ament_cmake/cmake)
-- Found Python3: /usr/bin/python3 (found version "3.10.12") found components: Interpreter 
-- Found rclcpp: 16.0.11 (/opt/ros/humble/share/rclcpp/cmake)
-- Found rosidl_generator_c: 3.1.6 (/opt/ros/humble/share/rosidl_generator_c/cmake)
-- Found rosidl_adapter: 3.1.6 (/opt/ros/humble/share/rosidl_adapter/cmake)
-- Found rosidl_generator_cpp: 3.1.6 (/opt/ros/humble/share/rosidl_generator_cpp/cmake)
-- Using all available rosidl_typesupport_c: rosidl_typesupport_fastrtps_c;rosidl_typesupport_introspection_c
-- Using all available rosidl_typesupport_cpp: rosidl_typesupport_fastrtps_cpp;rosidl_typesupport_introspection_cpp
-- Found rmw_implementation_cmake: 6.1.2 (/opt/ros/humble/share/rmw_implementation_cmake/cmake)
-- Found rmw_fastrtps_cpp: 6.2.7 (/opt/ros/humble/share/rmw_fastrtps_cpp/cmake)
-- Found OpenSSL: /usr/lib/x86_64-linux-gnu/libcrypto.so (found version "3.0.2")  
-- Found FastRTPS: /opt/ros/humble/include  
-- Using RMW implementation 'rmw_fastrtps_cpp' as default
-- Looking for pthread.h
-- Looking for pthread.h - found
-- Performing Test CMAKE_HAVE_LIBC_PTHREAD
-- Performing Test CMAKE_HAVE_LIBC_PTHREAD - Success
-- Found Threads: TRUE  
-- Found rosidl_default_generators: 1.2.0 (/opt/ros/humble/share/rosidl_default_generators/cmake)
-- Found geometry_msgs: 4.2.4 (/opt/ros/humble/share/geometry_msgs/cmake)
-- Found ament_cmake_ros: 0.10.0 (/opt/ros/humble/share/ament_cmake_ros/cmake)
-- Using all available rosidl_typesupport_c: rosidl_typesupport_fastrtps_c;rosidl_typesupport_introspection_c
-- Using all available rosidl_typesupport_cpp: rosidl_typesupport_fastrtps_cpp;rosidl_typesupport_introspection_cpp
-- Found PythonInterp: /usr/bin/python3 (found suitable version "3.10.12", minimum required is "3.6") 
-- Found python_cmake_module: 0.10.0 (/opt/ros/humble/share/python_cmake_module/cmake)
-- Found PythonLibs: /usr/lib/x86_64-linux-gnu/libpython3.10.so (found suitable version "3.10.12", minimum required is "3.5") 
-- Using PYTHON_EXECUTABLE: /usr/bin/python3
-- Using PYTHON_INCLUDE_DIRS: /usr/include/python3.10
-- Using PYTHON_LIBRARIES: /usr/lib/x86_64-linux-gnu/libpython3.10.so
-- Found PythonExtra: .so  
-- Configuring done
-- Generating done
-- Build files have been written to: /home/maxime/Documents/ENSTA/UE4.1_ROS/voiture2A-ros-main/build/icm20948_driver
[  1%] [34m[1mGenerating C code for ROS interfaces[0m
[  5%] [32mBuilding C object Fusion/CMakeFiles/Fusion.dir/FusionAhrs.c.o[0m
[  5%] [34m[1mGenerating C++ code for ROS interfaces[0m
[  7%] [32mBuilding C object Fusion/CMakeFiles/Fusion.dir/FusionCompass.c.o[0m
[  9%] [32mBuilding C object Fusion/CMakeFiles/Fusion.dir/FusionOffset.c.o[0m
[  9%] Built target ament_cmake_python_copy_icm20948_driver
[ 11%] [32m[1mLinking C static library libFusion.a[0m
[ 11%] Built target Fusion
running egg_info
creating icm20948_driver.egg-info
writing icm20948_driver.egg-info/PKG-INFO
writing dependency_links to icm20948_driver.egg-info/dependency_links.txt
writing top-level names to icm20948_driver.egg-info/top_level.txt
writing manifest file 'icm20948_driver.egg-info/SOURCES.txt'
reading manifest file 'icm20948_driver.egg-info/SOURCES.txt'
writing manifest file 'icm20948_driver.egg-info/SOURCES.txt'
[ 11%] Built target ament_cmake_python_build_icm20948_driver_egg
[ 16%] [32mBuilding C object CMakeFiles/icm20948_driver__rosidl_generator_c.dir/rosidl_generator_c/icm20948_driver/msg/detail/rpy__functions.c.o[0m
[ 16%] [32mBuilding C object CMakeFiles/icm20948_driver__rosidl_generator_c.dir/rosidl_generator_c/icm20948_driver/msg/detail/raw_data__functions.c.o[0m
[ 16%] [32mBuilding C object CMakeFiles/icm20948_driver__rosidl_generator_c.dir/rosidl_generator_c/icm20948_driver/msg/detail/debug_fusion__functions.c.o[0m
[ 18%] [32m[1mLinking C shared library libicm20948_driver__rosidl_generator_c.so[0m
[ 18%] Built target icm20948_driver__cpp
[ 20%] [34m[1mGenerating C++ type support dispatch for ROS interfaces[0m
[ 22%] [34m[1mGenerating C++ type support for eProsima Fast-RTPS[0m
[ 24%] [34m[1mGenerating C++ introspection for ROS interfaces[0m
[ 24%] Built target icm20948_driver__rosidl_generator_c
[ 27%] [34m[1mGenerating C type support dispatch for ROS interfaces[0m
[ 27%] [34m[1mGenerating C introspection for ROS interfaces[0m
[ 29%] [34m[1mGenerating C type support for eProsima Fast-RTPS[0m
[ 31%] [32mBuilding CXX object CMakeFiles/icm20948_driver__rosidl_typesupport_cpp.dir/rosidl_typesupport_cpp/icm20948_driver/msg/rpy__type_support.cpp.o[0m
[ 33%] [32mBuilding CXX object CMakeFiles/icm20948_driver__rosidl_typesupport_cpp.dir/rosidl_typesupport_cpp/icm20948_driver/msg/debug_fusion__type_support.cpp.o[0m
[ 35%] [32mBuilding CXX object CMakeFiles/icm20948_driver__rosidl_typesupport_cpp.dir/rosidl_typesupport_cpp/icm20948_driver/msg/raw_data__type_support.cpp.o[0m
[ 37%] [32mBuilding CXX object CMakeFiles/icm20948_driver__rosidl_typesupport_introspection_cpp.dir/rosidl_typesupport_introspection_cpp/icm20948_driver/msg/detail/rpy__type_support.cpp.o[0m
[ 38%] [32mBuilding CXX object CMakeFiles/icm20948_driver__rosidl_typesupport_fastrtps_cpp.dir/rosidl_typesupport_fastrtps_cpp/icm20948_driver/msg/detail/dds_fastrtps/debug_fusion__type_support.cpp.o[0m
[ 42%] [32mBuilding CXX object CMakeFiles/icm20948_driver__rosidl_typesupport_fastrtps_cpp.dir/rosidl_typesupport_fastrtps_cpp/icm20948_driver/msg/detail/dds_fastrtps/raw_data__type_support.cpp.o[0m
[ 44%] [32mBuilding CXX object CMakeFiles/icm20948_driver__rosidl_typesupport_introspection_cpp.dir/rosidl_typesupport_introspection_cpp/icm20948_driver/msg/detail/debug_fusion__type_support.cpp.o[0m
[ 46%] [32mBuilding CXX object CMakeFiles/icm20948_driver__rosidl_typesupport_fastrtps_cpp.dir/rosidl_typesupport_fastrtps_cpp/icm20948_driver/msg/detail/dds_fastrtps/rpy__type_support.cpp.o[0m
[ 40%] [32mBuilding CXX object CMakeFiles/icm20948_driver__rosidl_typesupport_introspection_cpp.dir/rosidl_typesupport_introspection_cpp/icm20948_driver/msg/detail/raw_data__type_support.cpp.o[0m
[ 48%] [32mBuilding C object CMakeFiles/icm20948_driver__rosidl_typesupport_introspection_c.dir/rosidl_typesupport_introspection_c/icm20948_driver/msg/detail/rpy__type_support.c.o[0m
[ 51%] [32mBuilding C object CMakeFiles/icm20948_driver__rosidl_typesupport_introspection_c.dir/rosidl_typesupport_introspection_c/icm20948_driver/msg/detail/debug_fusion__type_support.c.o[0m
[ 51%] [32mBuilding C object CMakeFiles/icm20948_driver__rosidl_typesupport_introspection_c.dir/rosidl_typesupport_introspection_c/icm20948_driver/msg/detail/raw_data__type_support.c.o[0m
[ 53%] [32mBuilding CXX object CMakeFiles/icm20948_driver__rosidl_typesupport_c.dir/rosidl_typesupport_c/icm20948_driver/msg/rpy__type_support.cpp.o[0m
[ 55%] [32mBuilding CXX object CMakeFiles/icm20948_driver__rosidl_typesupport_c.dir/rosidl_typesupport_c/icm20948_driver/msg/debug_fusion__type_support.cpp.o[0m
[ 57%] [32mBuilding CXX object CMakeFiles/icm20948_driver__rosidl_typesupport_c.dir/rosidl_typesupport_c/icm20948_driver/msg/raw_data__type_support.cpp.o[0m
[ 59%] [32mBuilding CXX object CMakeFiles/icm20948_driver__rosidl_typesupport_fastrtps_c.dir/rosidl_typesupport_fastrtps_c/icm20948_driver/msg/detail/rpy__type_support_c.cpp.o[0m
[ 61%] [32mBuilding CXX object CMakeFiles/icm20948_driver__rosidl_typesupport_fastrtps_c.dir/rosidl_typesupport_fastrtps_c/icm20948_driver/msg/detail/raw_data__type_support_c.cpp.o[0m
[ 62%] [32m[1mLinking C shared library libicm20948_driver__rosidl_typesupport_introspection_c.so[0m
[ 64%] [32mBuilding CXX object CMakeFiles/icm20948_driver__rosidl_typesupport_fastrtps_c.dir/rosidl_typesupport_fastrtps_c/icm20948_driver/msg/detail/debug_fusion__type_support_c.cpp.o[0m
[ 66%] [32m[1mLinking CXX shared library libicm20948_driver__rosidl_typesupport_c.so[0m
[ 66%] Built target icm20948_driver__rosidl_typesupport_introspection_c
[ 66%] Built target icm20948_driver__rosidl_typesupport_c
[ 68%] [32m[1mLinking CXX shared library libicm20948_driver__rosidl_typesupport_cpp.so[0m
[ 68%] Built target icm20948_driver__rosidl_typesupport_cpp
[ 70%] [32mBuilding CXX object CMakeFiles/icm20948.dir/src/icm20948_node.cpp.o[0m
[ 72%] [32mBuilding CXX object CMakeFiles/icm20948.dir/src/icm20948.cpp.o[0m
[ 74%] [32m[1mLinking CXX shared library libicm20948_driver__rosidl_typesupport_fastrtps_c.so[0m
[ 75%] [32m[1mLinking CXX shared library libicm20948_driver__rosidl_typesupport_fastrtps_cpp.so[0m
[ 77%] [32m[1mLinking CXX shared library libicm20948_driver__rosidl_typesupport_introspection_cpp.so[0m
[ 77%] Built target icm20948_driver__rosidl_typesupport_fastrtps_c
[ 77%] Built target icm20948_driver__rosidl_typesupport_fastrtps_cpp
[ 77%] Built target icm20948_driver__rosidl_typesupport_introspection_cpp
[ 77%] Built target icm20948_driver
[ 79%] [34m[1mGenerating Python code for ROS interfaces[0m
[ 79%] Built target icm20948_driver__py
[ 85%] [32mBuilding C object CMakeFiles/icm20948_driver__rosidl_generator_py.dir/rosidl_generator_py/icm20948_driver/msg/_debug_fusion_s.c.o[0m
[ 85%] [32mBuilding C object CMakeFiles/icm20948_driver__rosidl_generator_py.dir/rosidl_generator_py/icm20948_driver/msg/_raw_data_s.c.o[0m
[ 85%] [32mBuilding C object CMakeFiles/icm20948_driver__rosidl_generator_py.dir/rosidl_generator_py/icm20948_driver/msg/_rpy_s.c.o[0m
[ 87%] [32m[1mLinking C shared library rosidl_generator_py/icm20948_driver/libicm20948_driver__rosidl_generator_py.so[0m
[ 87%] Built target icm20948_driver__rosidl_generator_py
[ 92%] [32mBuilding C object CMakeFiles/icm20948_driver__rosidl_typesupport_introspection_c__pyext.dir/rosidl_generator_py/icm20948_driver/_icm20948_driver_s.ep.rosidl_typesupport_introspection_c.c.o[0m
[ 92%] [32mBuilding C object CMakeFiles/icm20948_driver__rosidl_typesupport_c__pyext.dir/rosidl_generator_py/icm20948_driver/_icm20948_driver_s.ep.rosidl_typesupport_c.c.o[0m
[ 92%] [32mBuilding C object CMakeFiles/icm20948_driver__rosidl_typesupport_fastrtps_c__pyext.dir/rosidl_generator_py/icm20948_driver/_icm20948_driver_s.ep.rosidl_typesupport_fastrtps_c.c.o[0m
[ 96%] [32m[1mLinking C shared library rosidl_generator_py/icm20948_driver/icm20948_driver_s__rosidl_typesupport_c.cpython-310-x86_64-linux-gnu.so[0m
[ 96%] [32m[1mLinking C shared library rosidl_generator_py/icm20948_driver/icm20948_driver_s__rosidl_typesupport_fastrtps_c.cpython-310-x86_64-linux-gnu.so[0m
[ 98%] [32m[1mLinking C shared library rosidl_generator_py/icm20948_driver/icm20948_driver_s__rosidl_typesupport_introspection_c.cpython-310-x86_64-linux-gnu.so[0m
[ 98%] Built target icm20948_driver__rosidl_typesupport_fastrtps_c__pyext
[ 98%] Built target icm20948_driver__rosidl_typesupport_introspection_c__pyext
[ 98%] Built target icm20948_driver__rosidl_typesupport_c__pyext
