[0.556s] Invoking command in '/home/maxime/Documents/ENSTA/UE4.1_ROS/voiture2A-ros-main/Simulation/ws_ros/src/notre_package': PYTHONPATH=/home/maxime/Documents/ENSTA/UE4.1_ROS/voiture2A-ros-main/Simulation/ws_ros/build/notre_package/prefix_override:/usr/lib/python3/dist-packages/colcon_core/task/python/colcon_distutils_commands:/home/maxime/Documents/ENSTA/UE4.1_ROS/voiture2A-ros-main/Simulation/ws_ros/install/notre_package/lib/python3.10/site-packages:${PYTHONPATH} /usr/bin/python3 -W ignore:setup.py install is deprecated -W ignore:easy_install command is deprecated setup.py egg_info --egg-base ../../build/notre_package build --build-base /home/maxime/Documents/ENSTA/UE4.1_ROS/voiture2A-ros-main/Simulation/ws_ros/build/notre_package/build install --record /home/maxime/Documents/ENSTA/UE4.1_ROS/voiture2A-ros-main/Simulation/ws_ros/build/notre_package/install.log --single-version-externally-managed install_data
[0.708s] running egg_info
[0.709s] writing ../../build/notre_package/notre_package.egg-info/PKG-INFO
[0.709s] writing dependency_links to ../../build/notre_package/notre_package.egg-info/dependency_links.txt
[0.709s] writing entry points to ../../build/notre_package/notre_package.egg-info/entry_points.txt
[0.709s] writing requirements to ../../build/notre_package/notre_package.egg-info/requires.txt
[0.709s] writing top-level names to ../../build/notre_package/notre_package.egg-info/top_level.txt
[0.710s] reading manifest file '../../build/notre_package/notre_package.egg-info/SOURCES.txt'
[0.718s] writing manifest file '../../build/notre_package/notre_package.egg-info/SOURCES.txt'
[0.718s] running build
[0.718s] running build_py
[0.719s] running install
[0.719s] running install_lib
[0.720s] running install_data
[0.720s] running install_egg_info
[0.722s] removing '/home/maxime/Documents/ENSTA/UE4.1_ROS/voiture2A-ros-main/Simulation/ws_ros/install/notre_package/lib/python3.10/site-packages/notre_package-0.0.0-py3.10.egg-info' (and everything under it)
[0.722s] Copying ../../build/notre_package/notre_package.egg-info to /home/maxime/Documents/ENSTA/UE4.1_ROS/voiture2A-ros-main/Simulation/ws_ros/install/notre_package/lib/python3.10/site-packages/notre_package-0.0.0-py3.10.egg-info
[0.723s] running install_scripts
[0.740s] Installing control_node script to /home/maxime/Documents/ENSTA/UE4.1_ROS/voiture2A-ros-main/Simulation/ws_ros/install/notre_package/lib/notre_package
[0.740s] Installing localization_node script to /home/maxime/Documents/ENSTA/UE4.1_ROS/voiture2A-ros-main/Simulation/ws_ros/install/notre_package/lib/notre_package
[0.740s] Installing mission_node script to /home/maxime/Documents/ENSTA/UE4.1_ROS/voiture2A-ros-main/Simulation/ws_ros/install/notre_package/lib/notre_package
[0.740s] writing list of installed files to '/home/maxime/Documents/ENSTA/UE4.1_ROS/voiture2A-ros-main/Simulation/ws_ros/build/notre_package/install.log'
[0.764s] Invoked command in '/home/maxime/Documents/ENSTA/UE4.1_ROS/voiture2A-ros-main/Simulation/ws_ros/src/notre_package' returned '0': PYTHONPATH=/home/maxime/Documents/ENSTA/UE4.1_ROS/voiture2A-ros-main/Simulation/ws_ros/build/notre_package/prefix_override:/usr/lib/python3/dist-packages/colcon_core/task/python/colcon_distutils_commands:/home/maxime/Documents/ENSTA/UE4.1_ROS/voiture2A-ros-main/Simulation/ws_ros/install/notre_package/lib/python3.10/site-packages:${PYTHONPATH} /usr/bin/python3 -W ignore:setup.py install is deprecated -W ignore:easy_install command is deprecated setup.py egg_info --egg-base ../../build/notre_package build --build-base /home/maxime/Documents/ENSTA/UE4.1_ROS/voiture2A-ros-main/Simulation/ws_ros/build/notre_package/build install --record /home/maxime/Documents/ENSTA/UE4.1_ROS/voiture2A-ros-main/Simulation/ws_ros/build/notre_package/install.log --single-version-externally-managed install_data
