[0.113s] Invoking command in '/voiture2A-ros/build/gpsd_client': CMAKE_PREFIX_PATH=/opt/ros/rolling /usr/bin/cmake --build /voiture2A-ros/build/gpsd_client -- -j16 -l16
[1.603s] [  2%] Built target gpsd_client__rosidl_generator_type_description
[1.605s] [  2%] Built target ament_cmake_python_copy_gpsd_client
[1.608s] [  5%] Built target gpsd_client__cpp
[1.609s] [ 19%] Built target gpsd_client__rosidl_generator_c
[1.611s] [ 27%] Built target gpsd_client__rosidl_typesupport_fastrtps_c
[1.611s] [ 36%] Built target gpsd_client__rosidl_typesupport_introspection_c
[1.613s] [ 44%] Built target gpsd_client__rosidl_typesupport_cpp
[1.614s] [ 52%] Built target gpsd_client__rosidl_typesupport_c
[1.620s] [ 61%] Built target gpsd_client__rosidl_typesupport_fastrtps_cpp
[1.622s] [ 69%] Built target gpsd_client__rosidl_typesupport_introspection_cpp
[1.830s] [ 75%] Built target gpsd_node
[1.834s] [ 75%] Built target gpsd_client
[2.118s] [ 77%] Built target gpsd_client__py
[2.407s] running egg_info
[2.413s] writing gpsd_client.egg-info/PKG-INFO
[2.414s] writing dependency_links to gpsd_client.egg-info/dependency_links.txt
[2.415s] writing top-level names to gpsd_client.egg-info/top_level.txt
[2.428s] reading manifest file 'gpsd_client.egg-info/SOURCES.txt'
[2.432s] writing manifest file 'gpsd_client.egg-info/SOURCES.txt'
[2.461s] [ 83%] Built target gpsd_client__rosidl_generator_py
[2.627s] [ 83%] Built target ament_cmake_python_build_gpsd_client_egg
[2.883s] [ 88%] Built target gpsd_client__rosidl_typesupport_c__pyext
[2.892s] [ 94%] Built target gpsd_client__rosidl_typesupport_fastrtps_c__pyext
[2.904s] [100%] Built target gpsd_client__rosidl_typesupport_introspection_c__pyext
[3.025s] Invoked command in '/voiture2A-ros/build/gpsd_client' returned '0': CMAKE_PREFIX_PATH=/opt/ros/rolling /usr/bin/cmake --build /voiture2A-ros/build/gpsd_client -- -j16 -l16
[3.144s] Invoking command in '/voiture2A-ros/build/gpsd_client': CMAKE_PREFIX_PATH=/opt/ros/rolling /usr/bin/cmake --install /voiture2A-ros/build/gpsd_client
[3.242s] -- Install configuration: ""
[3.248s] -- Up-to-date: /voiture2A-ros/install/gpsd_client/share/ament_index/resource_index/rosidl_interfaces/gpsd_client
[3.248s] -- Up-to-date: /voiture2A-ros/install/gpsd_client/share/gpsd_client/msg/GpsFix.json
[3.249s] -- Up-to-date: /voiture2A-ros/install/gpsd_client/include/gpsd_client/gpsd_client
[3.249s] -- Up-to-date: /voiture2A-ros/install/gpsd_client/include/gpsd_client/gpsd_client/msg
[3.250s] -- Up-to-date: /voiture2A-ros/install/gpsd_client/include/gpsd_client/gpsd_client/msg/gps_fix.h
[3.251s] -- Up-to-date: /voiture2A-ros/install/gpsd_client/include/gpsd_client/gpsd_client/msg/rosidl_generator_c__visibility_control.h
[3.252s] -- Up-to-date: /voiture2A-ros/install/gpsd_client/include/gpsd_client/gpsd_client/msg/detail
[3.252s] -- Up-to-date: /voiture2A-ros/install/gpsd_client/include/gpsd_client/gpsd_client/msg/detail/gps_fix__functions.h
[3.253s] -- Up-to-date: /voiture2A-ros/install/gpsd_client/include/gpsd_client/gpsd_client/msg/detail/gps_fix__description.c
[3.253s] -- Up-to-date: /voiture2A-ros/install/gpsd_client/include/gpsd_client/gpsd_client/msg/detail/gps_fix__functions.c
[3.254s] -- Up-to-date: /voiture2A-ros/install/gpsd_client/include/gpsd_client/gpsd_client/msg/detail/gps_fix__struct.h
[3.255s] -- Up-to-date: /voiture2A-ros/install/gpsd_client/include/gpsd_client/gpsd_client/msg/detail/gps_fix__type_support.h
[3.257s] -- Installing: /voiture2A-ros/install/gpsd_client/include/gpsd_client/gpsd_client/msg/detail/gps_fix__type_support.c
[3.258s] -- Up-to-date: /voiture2A-ros/install/gpsd_client/share/gpsd_client/environment/library_path.sh
[3.259s] -- Up-to-date: /voiture2A-ros/install/gpsd_client/share/gpsd_client/environment/library_path.dsv
[3.262s] -- Up-to-date: /voiture2A-ros/install/gpsd_client/lib/libgpsd_client__rosidl_generator_c.so
[3.263s] -- Up-to-date: /voiture2A-ros/install/gpsd_client/include/gpsd_client/gpsd_client
[3.267s] -- Up-to-date: /voiture2A-ros/install/gpsd_client/include/gpsd_client/gpsd_client/msg
[3.267s] -- Up-to-date: /voiture2A-ros/install/gpsd_client/include/gpsd_client/gpsd_client/msg/rosidl_typesupport_fastrtps_c__visibility_control.h
[3.268s] -- Up-to-date: /voiture2A-ros/install/gpsd_client/include/gpsd_client/gpsd_client/msg/detail
[3.268s] -- Up-to-date: /voiture2A-ros/install/gpsd_client/include/gpsd_client/gpsd_client/msg/detail/gps_fix__rosidl_typesupport_fastrtps_c.h
[3.269s] -- Up-to-date: /voiture2A-ros/install/gpsd_client/lib/libgpsd_client__rosidl_typesupport_fastrtps_c.so
[3.269s] -- Up-to-date: /voiture2A-ros/install/gpsd_client/include/gpsd_client/gpsd_client
[3.270s] -- Up-to-date: /voiture2A-ros/install/gpsd_client/include/gpsd_client/gpsd_client/msg
[3.270s] -- Up-to-date: /voiture2A-ros/install/gpsd_client/include/gpsd_client/gpsd_client/msg/rosidl_typesupport_introspection_c__visibility_control.h
[3.271s] -- Up-to-date: /voiture2A-ros/install/gpsd_client/include/gpsd_client/gpsd_client/msg/detail
[3.274s] -- Up-to-date: /voiture2A-ros/install/gpsd_client/include/gpsd_client/gpsd_client/msg/detail/gps_fix__rosidl_typesupport_introspection_c.h
[3.274s] -- Installing: /voiture2A-ros/install/gpsd_client/include/gpsd_client/gpsd_client/msg/detail/gps_fix__type_support.c
[3.275s] -- Up-to-date: /voiture2A-ros/install/gpsd_client/lib/libgpsd_client__rosidl_typesupport_introspection_c.so
[3.275s] -- Up-to-date: /voiture2A-ros/install/gpsd_client/lib/libgpsd_client__rosidl_typesupport_c.so
[3.276s] -- Up-to-date: /voiture2A-ros/install/gpsd_client/include/gpsd_client/gpsd_client
[3.276s] -- Up-to-date: /voiture2A-ros/install/gpsd_client/include/gpsd_client/gpsd_client/msg
[3.277s] -- Up-to-date: /voiture2A-ros/install/gpsd_client/include/gpsd_client/gpsd_client/msg/gps_fix.hpp
[3.277s] -- Up-to-date: /voiture2A-ros/install/gpsd_client/include/gpsd_client/gpsd_client/msg/detail
[3.279s] -- Up-to-date: /voiture2A-ros/install/gpsd_client/include/gpsd_client/gpsd_client/msg/detail/gps_fix__traits.hpp
[3.280s] -- Up-to-date: /voiture2A-ros/install/gpsd_client/include/gpsd_client/gpsd_client/msg/detail/gps_fix__builder.hpp
[3.280s] -- Up-to-date: /voiture2A-ros/install/gpsd_client/include/gpsd_client/gpsd_client/msg/detail/gps_fix__struct.hpp
[3.281s] -- Up-to-date: /voiture2A-ros/install/gpsd_client/include/gpsd_client/gpsd_client/msg/detail/gps_fix__type_support.hpp
[3.281s] -- Up-to-date: /voiture2A-ros/install/gpsd_client/include/gpsd_client/gpsd_client/msg/rosidl_generator_cpp__visibility_control.hpp
[3.282s] -- Up-to-date: /voiture2A-ros/install/gpsd_client/include/gpsd_client/gpsd_client
[3.284s] -- Up-to-date: /voiture2A-ros/install/gpsd_client/include/gpsd_client/gpsd_client/msg
[3.288s] -- Up-to-date: /voiture2A-ros/install/gpsd_client/include/gpsd_client/gpsd_client/msg/rosidl_typesupport_fastrtps_cpp__visibility_control.h
[3.291s] -- Up-to-date: /voiture2A-ros/install/gpsd_client/include/gpsd_client/gpsd_client/msg/detail
[3.294s] -- Up-to-date: /voiture2A-ros/install/gpsd_client/include/gpsd_client/gpsd_client/msg/detail/dds_fastrtps
[3.296s] -- Up-to-date: /voiture2A-ros/install/gpsd_client/include/gpsd_client/gpsd_client/msg/detail/gps_fix__rosidl_typesupport_fastrtps_cpp.hpp
[3.299s] -- Up-to-date: /voiture2A-ros/install/gpsd_client/lib/libgpsd_client__rosidl_typesupport_fastrtps_cpp.so
[3.299s] -- Up-to-date: /voiture2A-ros/install/gpsd_client/include/gpsd_client/gpsd_client
[3.300s] -- Up-to-date: /voiture2A-ros/install/gpsd_client/include/gpsd_client/gpsd_client/msg
[3.300s] -- Up-to-date: /voiture2A-ros/install/gpsd_client/include/gpsd_client/gpsd_client/msg/detail
[3.301s] -- Up-to-date: /voiture2A-ros/install/gpsd_client/include/gpsd_client/gpsd_client/msg/detail/gps_fix__type_support.cpp
[3.301s] -- Up-to-date: /voiture2A-ros/install/gpsd_client/include/gpsd_client/gpsd_client/msg/detail/gps_fix__rosidl_typesupport_introspection_cpp.hpp
[3.302s] -- Up-to-date: /voiture2A-ros/install/gpsd_client/lib/libgpsd_client__rosidl_typesupport_introspection_cpp.so
[3.302s] -- Up-to-date: /voiture2A-ros/install/gpsd_client/lib/libgpsd_client__rosidl_typesupport_cpp.so
[3.303s] -- Up-to-date: /voiture2A-ros/install/gpsd_client/share/gpsd_client/environment/pythonpath.sh
[3.303s] -- Up-to-date: /voiture2A-ros/install/gpsd_client/share/gpsd_client/environment/pythonpath.dsv
[3.304s] -- Up-to-date: /voiture2A-ros/install/gpsd_client/lib/python3.10/site-packages/gpsd_client-1.0.0-py3.10.egg-info
[3.304s] -- Installing: /voiture2A-ros/install/gpsd_client/lib/python3.10/site-packages/gpsd_client-1.0.0-py3.10.egg-info/dependency_links.txt
[3.305s] -- Installing: /voiture2A-ros/install/gpsd_client/lib/python3.10/site-packages/gpsd_client-1.0.0-py3.10.egg-info/PKG-INFO
[3.305s] -- Installing: /voiture2A-ros/install/gpsd_client/lib/python3.10/site-packages/gpsd_client-1.0.0-py3.10.egg-info/top_level.txt
[3.305s] -- Installing: /voiture2A-ros/install/gpsd_client/lib/python3.10/site-packages/gpsd_client-1.0.0-py3.10.egg-info/SOURCES.txt
[3.306s] -- Up-to-date: /voiture2A-ros/install/gpsd_client/lib/python3.10/site-packages/gpsd_client
[3.306s] -- Up-to-date: /voiture2A-ros/install/gpsd_client/lib/python3.10/site-packages/gpsd_client/_gpsd_client_s.ep.rosidl_typesupport_c.c
[3.306s] -- Up-to-date: /voiture2A-ros/install/gpsd_client/lib/python3.10/site-packages/gpsd_client/msg
[3.307s] -- Up-to-date: /voiture2A-ros/install/gpsd_client/lib/python3.10/site-packages/gpsd_client/msg/_gps_fix.py
[3.307s] -- Up-to-date: /voiture2A-ros/install/gpsd_client/lib/python3.10/site-packages/gpsd_client/msg/_gps_fix_s.c
[3.308s] -- Up-to-date: /voiture2A-ros/install/gpsd_client/lib/python3.10/site-packages/gpsd_client/msg/__init__.py
[3.308s] -- Up-to-date: /voiture2A-ros/install/gpsd_client/lib/python3.10/site-packages/gpsd_client/_gpsd_client_s.ep.rosidl_typesupport_fastrtps_c.c
[3.308s] -- Up-to-date: /voiture2A-ros/install/gpsd_client/lib/python3.10/site-packages/gpsd_client/_gpsd_client_s.ep.rosidl_typesupport_introspection_c.c
[3.309s] -- Up-to-date: /voiture2A-ros/install/gpsd_client/lib/python3.10/site-packages/gpsd_client/__init__.py
[3.606s] Listing '/voiture2A-ros/install/gpsd_client/lib/python3.10/site-packages/gpsd_client'...
[3.606s] Listing '/voiture2A-ros/install/gpsd_client/lib/python3.10/site-packages/gpsd_client/msg'...
[3.632s] -- Up-to-date: /voiture2A-ros/install/gpsd_client/lib/python3.10/site-packages/gpsd_client/gpsd_client_s__rosidl_typesupport_fastrtps_c.cpython-310-aarch64-linux-gnu.so
[3.633s] -- Up-to-date: /voiture2A-ros/install/gpsd_client/lib/python3.10/site-packages/gpsd_client/gpsd_client_s__rosidl_typesupport_introspection_c.cpython-310-aarch64-linux-gnu.so
[3.633s] -- Up-to-date: /voiture2A-ros/install/gpsd_client/lib/python3.10/site-packages/gpsd_client/gpsd_client_s__rosidl_typesupport_c.cpython-310-aarch64-linux-gnu.so
[3.635s] -- Up-to-date: /voiture2A-ros/install/gpsd_client/lib/libgpsd_client__rosidl_generator_py.so
[3.635s] -- Up-to-date: /voiture2A-ros/install/gpsd_client/share/gpsd_client/msg/GpsFix.idl
[3.636s] -- Up-to-date: /voiture2A-ros/install/gpsd_client/share/gpsd_client/msg/GpsFix.msg
[3.637s] -- Up-to-date: /voiture2A-ros/install/gpsd_client/lib/gpsd_client/gpsd_node
[3.639s] -- Up-to-date: /voiture2A-ros/install/gpsd_client/share/ament_index/resource_index/package_run_dependencies/gpsd_client
[3.639s] -- Up-to-date: /voiture2A-ros/install/gpsd_client/share/ament_index/resource_index/parent_prefix_path/gpsd_client
[3.640s] -- Up-to-date: /voiture2A-ros/install/gpsd_client/share/gpsd_client/environment/ament_prefix_path.sh
[3.641s] -- Up-to-date: /voiture2A-ros/install/gpsd_client/share/gpsd_client/environment/ament_prefix_path.dsv
[3.642s] -- Up-to-date: /voiture2A-ros/install/gpsd_client/share/gpsd_client/environment/path.sh
[3.642s] -- Up-to-date: /voiture2A-ros/install/gpsd_client/share/gpsd_client/environment/path.dsv
[3.643s] -- Up-to-date: /voiture2A-ros/install/gpsd_client/share/gpsd_client/local_setup.bash
[3.648s] -- Up-to-date: /voiture2A-ros/install/gpsd_client/share/gpsd_client/local_setup.sh
[3.648s] -- Up-to-date: /voiture2A-ros/install/gpsd_client/share/gpsd_client/local_setup.zsh
[3.649s] -- Up-to-date: /voiture2A-ros/install/gpsd_client/share/gpsd_client/local_setup.dsv
[3.650s] -- Installing: /voiture2A-ros/install/gpsd_client/share/gpsd_client/package.dsv
[3.651s] -- Up-to-date: /voiture2A-ros/install/gpsd_client/share/ament_index/resource_index/packages/gpsd_client
[3.652s] -- Up-to-date: /voiture2A-ros/install/gpsd_client/share/gpsd_client/cmake/export_gpsd_client__rosidl_generator_cExport.cmake
[3.653s] -- Up-to-date: /voiture2A-ros/install/gpsd_client/share/gpsd_client/cmake/export_gpsd_client__rosidl_generator_cExport-noconfig.cmake
[3.655s] -- Up-to-date: /voiture2A-ros/install/gpsd_client/share/gpsd_client/cmake/export_gpsd_client__rosidl_typesupport_fastrtps_cExport.cmake
[3.661s] -- Up-to-date: /voiture2A-ros/install/gpsd_client/share/gpsd_client/cmake/export_gpsd_client__rosidl_typesupport_fastrtps_cExport-noconfig.cmake
[3.662s] -- Up-to-date: /voiture2A-ros/install/gpsd_client/share/gpsd_client/cmake/gpsd_client__rosidl_typesupport_introspection_cExport.cmake
[3.662s] -- Up-to-date: /voiture2A-ros/install/gpsd_client/share/gpsd_client/cmake/gpsd_client__rosidl_typesupport_introspection_cExport-noconfig.cmake
[3.662s] -- Up-to-date: /voiture2A-ros/install/gpsd_client/share/gpsd_client/cmake/gpsd_client__rosidl_typesupport_cExport.cmake
[3.665s] -- Up-to-date: /voiture2A-ros/install/gpsd_client/share/gpsd_client/cmake/gpsd_client__rosidl_typesupport_cExport-noconfig.cmake
[3.666s] -- Up-to-date: /voiture2A-ros/install/gpsd_client/share/gpsd_client/cmake/export_gpsd_client__rosidl_generator_cppExport.cmake
[3.667s] -- Up-to-date: /voiture2A-ros/install/gpsd_client/share/gpsd_client/cmake/export_gpsd_client__rosidl_typesupport_fastrtps_cppExport.cmake
[3.667s] -- Up-to-date: /voiture2A-ros/install/gpsd_client/share/gpsd_client/cmake/export_gpsd_client__rosidl_typesupport_fastrtps_cppExport-noconfig.cmake
[3.668s] -- Up-to-date: /voiture2A-ros/install/gpsd_client/share/gpsd_client/cmake/gpsd_client__rosidl_typesupport_introspection_cppExport.cmake
[3.669s] -- Up-to-date: /voiture2A-ros/install/gpsd_client/share/gpsd_client/cmake/gpsd_client__rosidl_typesupport_introspection_cppExport-noconfig.cmake
[3.670s] -- Up-to-date: /voiture2A-ros/install/gpsd_client/share/gpsd_client/cmake/gpsd_client__rosidl_typesupport_cppExport.cmake
[3.671s] -- Up-to-date: /voiture2A-ros/install/gpsd_client/share/gpsd_client/cmake/gpsd_client__rosidl_typesupport_cppExport-noconfig.cmake
[3.672s] -- Up-to-date: /voiture2A-ros/install/gpsd_client/share/gpsd_client/cmake/export_gpsd_client__rosidl_generator_pyExport.cmake
[3.673s] -- Up-to-date: /voiture2A-ros/install/gpsd_client/share/gpsd_client/cmake/export_gpsd_client__rosidl_generator_pyExport-noconfig.cmake
[3.673s] -- Up-to-date: /voiture2A-ros/install/gpsd_client/share/gpsd_client/cmake/rosidl_cmake-extras.cmake
[3.674s] -- Up-to-date: /voiture2A-ros/install/gpsd_client/share/gpsd_client/cmake/ament_cmake_export_dependencies-extras.cmake
[3.675s] -- Up-to-date: /voiture2A-ros/install/gpsd_client/share/gpsd_client/cmake/ament_cmake_export_include_directories-extras.cmake
[3.675s] -- Up-to-date: /voiture2A-ros/install/gpsd_client/share/gpsd_client/cmake/ament_cmake_export_libraries-extras.cmake
[3.676s] -- Up-to-date: /voiture2A-ros/install/gpsd_client/share/gpsd_client/cmake/ament_cmake_export_targets-extras.cmake
[3.677s] -- Up-to-date: /voiture2A-ros/install/gpsd_client/share/gpsd_client/cmake/rosidl_cmake_export_typesupport_targets-extras.cmake
[3.677s] -- Up-to-date: /voiture2A-ros/install/gpsd_client/share/gpsd_client/cmake/rosidl_cmake_export_typesupport_libraries-extras.cmake
[3.678s] -- Up-to-date: /voiture2A-ros/install/gpsd_client/share/gpsd_client/cmake/gpsd_clientConfig.cmake
[3.678s] -- Up-to-date: /voiture2A-ros/install/gpsd_client/share/gpsd_client/cmake/gpsd_clientConfig-version.cmake
[3.680s] -- Up-to-date: /voiture2A-ros/install/gpsd_client/share/gpsd_client/package.xml
[3.701s] Invoked command in '/voiture2A-ros/build/gpsd_client' returned '0': CMAKE_PREFIX_PATH=/opt/ros/rolling /usr/bin/cmake --install /voiture2A-ros/build/gpsd_client
