[0.556s] DEBUG:colcon:Command line arguments: ['/usr/bin/colcon', 'build']
[0.558s] DEBUG:colcon:Parsed command line arguments: Namespace(log_base=None, log_level=None, verb_name='build', build_base='build', install_base='install', merge_install=False, symlink_install=False, test_result_base=None, continue_on_error=False, executor='parallel', parallel_workers=16, event_handlers=None, ignore_user_meta=False, metas=['./colcon.meta'], base_paths=['.'], packages_ignore=None, packages_ignore_regex=None, paths=None, packages_up_to=None, packages_up_to_regex=None, packages_above=None, packages_above_and_dependencies=None, packages_above_depth=None, packages_select_by_dep=None, packages_skip_by_dep=None, packages_skip_up_to=None, packages_select_build_failed=False, packages_skip_build_finished=False, packages_select_test_failures=False, packages_skip_test_passed=False, packages_select=None, packages_skip=None, packages_select_regex=None, packages_skip_regex=None, packages_start=None, packages_end=None, cmake_args=None, cmake_target=None, cmake_target_skip_unavailable=False, cmake_clean_cache=False, cmake_clean_first=False, cmake_force_configure=False, ament_cmake_args=None, catkin_cmake_args=None, catkin_skip_building_tests=False, mixin_files=None, mixin=None, verb_parser=<colcon_mixin.mixin.mixin_argument.MixinArgumentDecorator object at 0x55034be380>, verb_extension=<colcon_core.verb.build.BuildVerb object at 0x55034bdd80>, main=<bound method BuildVerb.main of <colcon_core.verb.build.BuildVerb object at 0x55034bdd80>>, mixin_verb=('build',))
[1.090s] Level 1:colcon.colcon_core.package_discovery:discover_packages(colcon_meta) check parameters
[1.094s] INFO:colcon.colcon_metadata.package_discovery.colcon_meta:Using configuration from '/root/.colcon/metadata/default/Gazebo.meta'
[1.096s] INFO:colcon.colcon_metadata.package_discovery.colcon_meta:Using configuration from '/root/.colcon/metadata/default/fastrtps.meta'
[1.096s] Level 1:colcon.colcon_core.package_discovery:discover_packages(recursive) check parameters
[1.096s] Level 1:colcon.colcon_core.package_discovery:discover_packages(ignore) check parameters
[1.096s] Level 1:colcon.colcon_core.package_discovery:discover_packages(path) check parameters
[1.097s] Level 1:colcon.colcon_core.package_discovery:discover_packages(colcon_meta) discover
[1.097s] Level 1:colcon.colcon_core.package_discovery:discover_packages(recursive) discover
[1.097s] INFO:colcon.colcon_core.package_discovery:Crawling recursively for packages in '/voiture2A-ros'
[1.097s] Level 1:colcon.colcon_core.package_identification:_identify(.) by extensions ['ignore', 'ignore_ament_install']
[1.098s] Level 1:colcon.colcon_core.package_identification:_identify(.) by extension 'ignore'
[1.099s] Level 1:colcon.colcon_core.package_identification:_identify(.) by extension 'ignore_ament_install'
[1.099s] Level 1:colcon.colcon_core.package_identification:_identify(.) by extensions ['colcon_pkg']
[1.099s] Level 1:colcon.colcon_core.package_identification:_identify(.) by extension 'colcon_pkg'
[1.099s] Level 1:colcon.colcon_core.package_identification:_identify(.) by extensions ['colcon_meta']
[1.100s] Level 1:colcon.colcon_core.package_identification:_identify(.) by extension 'colcon_meta'
[1.100s] Level 1:colcon.colcon_core.package_identification:_identify(.) by extensions ['ros']
[1.100s] Level 1:colcon.colcon_core.package_identification:_identify(.) by extension 'ros'
[1.150s] Level 1:colcon.colcon_core.package_identification:_identify(.) by extensions ['cmake', 'python']
[1.150s] Level 1:colcon.colcon_core.package_identification:_identify(.) by extension 'cmake'
[1.150s] Level 1:colcon.colcon_core.package_identification:_identify(.) by extension 'python'
[1.151s] Level 1:colcon.colcon_core.package_identification:_identify(.) by extensions ['python_setup_py']
[1.151s] Level 1:colcon.colcon_core.package_identification:_identify(.) by extension 'python_setup_py'
[1.151s] Level 1:colcon.colcon_core.package_identification:_identify(build) by extensions ['ignore', 'ignore_ament_install']
[1.152s] Level 1:colcon.colcon_core.package_identification:_identify(build) by extension 'ignore'
[1.152s] Level 1:colcon.colcon_core.package_identification:_identify(build) ignored
[1.152s] Level 1:colcon.colcon_core.package_identification:_identify(install) by extensions ['ignore', 'ignore_ament_install']
[1.153s] Level 1:colcon.colcon_core.package_identification:_identify(install) by extension 'ignore'
[1.153s] Level 1:colcon.colcon_core.package_identification:_identify(install) ignored
[1.153s] Level 1:colcon.colcon_core.package_identification:_identify(log) by extensions ['ignore', 'ignore_ament_install']
[1.154s] Level 1:colcon.colcon_core.package_identification:_identify(log) by extension 'ignore'
[1.154s] Level 1:colcon.colcon_core.package_identification:_identify(log) ignored
[1.154s] Level 1:colcon.colcon_core.package_identification:_identify(src) by extensions ['ignore', 'ignore_ament_install']
[1.155s] Level 1:colcon.colcon_core.package_identification:_identify(src) by extension 'ignore'
[1.155s] Level 1:colcon.colcon_core.package_identification:_identify(src) by extension 'ignore_ament_install'
[1.155s] Level 1:colcon.colcon_core.package_identification:_identify(src) by extensions ['colcon_pkg']
[1.155s] Level 1:colcon.colcon_core.package_identification:_identify(src) by extension 'colcon_pkg'
[1.155s] Level 1:colcon.colcon_core.package_identification:_identify(src) by extensions ['colcon_meta']
[1.155s] Level 1:colcon.colcon_core.package_identification:_identify(src) by extension 'colcon_meta'
[1.156s] Level 1:colcon.colcon_core.package_identification:_identify(src) by extensions ['ros']
[1.156s] Level 1:colcon.colcon_core.package_identification:_identify(src) by extension 'ros'
[1.156s] Level 1:colcon.colcon_core.package_identification:_identify(src) by extensions ['cmake', 'python']
[1.156s] Level 1:colcon.colcon_core.package_identification:_identify(src) by extension 'cmake'
[1.156s] Level 1:colcon.colcon_core.package_identification:_identify(src) by extension 'python'
[1.157s] Level 1:colcon.colcon_core.package_identification:_identify(src) by extensions ['python_setup_py']
[1.157s] Level 1:colcon.colcon_core.package_identification:_identify(src) by extension 'python_setup_py'
[1.157s] Level 1:colcon.colcon_core.package_identification:_identify(src/gpsd_client) by extensions ['ignore', 'ignore_ament_install']
[1.157s] Level 1:colcon.colcon_core.package_identification:_identify(src/gpsd_client) by extension 'ignore'
[1.158s] Level 1:colcon.colcon_core.package_identification:_identify(src/gpsd_client) by extension 'ignore_ament_install'
[1.158s] Level 1:colcon.colcon_core.package_identification:_identify(src/gpsd_client) by extensions ['colcon_pkg']
[1.158s] Level 1:colcon.colcon_core.package_identification:_identify(src/gpsd_client) by extension 'colcon_pkg'
[1.158s] Level 1:colcon.colcon_core.package_identification:_identify(src/gpsd_client) by extensions ['colcon_meta']
[1.158s] Level 1:colcon.colcon_core.package_identification:_identify(src/gpsd_client) by extension 'colcon_meta'
[1.159s] Level 1:colcon.colcon_core.package_identification:_identify(src/gpsd_client) by extensions ['ros']
[1.159s] Level 1:colcon.colcon_core.package_identification:_identify(src/gpsd_client) by extension 'ros'
[1.174s] DEBUG:colcon.colcon_core.package_identification:Package 'src/gpsd_client' with type 'ros.ament_cmake' and name 'gpsd_client'
[1.174s] Level 1:colcon.colcon_core.package_identification:_identify(src/icm20948_driver) by extensions ['ignore', 'ignore_ament_install']
[1.174s] Level 1:colcon.colcon_core.package_identification:_identify(src/icm20948_driver) by extension 'ignore'
[1.175s] Level 1:colcon.colcon_core.package_identification:_identify(src/icm20948_driver) by extension 'ignore_ament_install'
[1.175s] Level 1:colcon.colcon_core.package_identification:_identify(src/icm20948_driver) by extensions ['colcon_pkg']
[1.175s] Level 1:colcon.colcon_core.package_identification:_identify(src/icm20948_driver) by extension 'colcon_pkg'
[1.175s] Level 1:colcon.colcon_core.package_identification:_identify(src/icm20948_driver) by extensions ['colcon_meta']
[1.175s] Level 1:colcon.colcon_core.package_identification:_identify(src/icm20948_driver) by extension 'colcon_meta'
[1.175s] Level 1:colcon.colcon_core.package_identification:_identify(src/icm20948_driver) by extensions ['ros']
[1.176s] Level 1:colcon.colcon_core.package_identification:_identify(src/icm20948_driver) by extension 'ros'
[1.178s] DEBUG:colcon.colcon_core.package_identification:Package 'src/icm20948_driver' with type 'ros.ament_cmake' and name 'icm20948_driver'
[1.179s] Level 1:colcon.colcon_core.package_identification:_identify(src/notre_package) by extensions ['ignore', 'ignore_ament_install']
[1.179s] Level 1:colcon.colcon_core.package_identification:_identify(src/notre_package) by extension 'ignore'
[1.179s] Level 1:colcon.colcon_core.package_identification:_identify(src/notre_package) by extension 'ignore_ament_install'
[1.179s] Level 1:colcon.colcon_core.package_identification:_identify(src/notre_package) by extensions ['colcon_pkg']
[1.180s] Level 1:colcon.colcon_core.package_identification:_identify(src/notre_package) by extension 'colcon_pkg'
[1.180s] Level 1:colcon.colcon_core.package_identification:_identify(src/notre_package) by extensions ['colcon_meta']
[1.180s] Level 1:colcon.colcon_core.package_identification:_identify(src/notre_package) by extension 'colcon_meta'
[1.180s] Level 1:colcon.colcon_core.package_identification:_identify(src/notre_package) by extensions ['ros']
[1.180s] Level 1:colcon.colcon_core.package_identification:_identify(src/notre_package) by extension 'ros'
[1.185s] DEBUG:colcon.colcon_core.package_identification:Package 'src/notre_package' with type 'ros.ament_python' and name 'notre_package'
[1.185s] Level 1:colcon.colcon_core.package_identification:_identify(src/voiture2a_motors_driver) by extensions ['ignore', 'ignore_ament_install']
[1.185s] Level 1:colcon.colcon_core.package_identification:_identify(src/voiture2a_motors_driver) by extension 'ignore'
[1.185s] Level 1:colcon.colcon_core.package_identification:_identify(src/voiture2a_motors_driver) by extension 'ignore_ament_install'
[1.186s] Level 1:colcon.colcon_core.package_identification:_identify(src/voiture2a_motors_driver) by extensions ['colcon_pkg']
[1.186s] Level 1:colcon.colcon_core.package_identification:_identify(src/voiture2a_motors_driver) by extension 'colcon_pkg'
[1.186s] Level 1:colcon.colcon_core.package_identification:_identify(src/voiture2a_motors_driver) by extensions ['colcon_meta']
[1.186s] Level 1:colcon.colcon_core.package_identification:_identify(src/voiture2a_motors_driver) by extension 'colcon_meta'
[1.186s] Level 1:colcon.colcon_core.package_identification:_identify(src/voiture2a_motors_driver) by extensions ['ros']
[1.187s] Level 1:colcon.colcon_core.package_identification:_identify(src/voiture2a_motors_driver) by extension 'ros'
[1.189s] DEBUG:colcon.colcon_core.package_identification:Package 'src/voiture2a_motors_driver' with type 'ros.ament_cmake' and name 'voiture2a_motors_driver'
[1.189s] Level 1:colcon.colcon_core.package_discovery:discover_packages(recursive) using defaults
[1.189s] Level 1:colcon.colcon_core.package_discovery:discover_packages(ignore) discover
[1.189s] Level 1:colcon.colcon_core.package_discovery:discover_packages(ignore) using defaults
[1.190s] Level 1:colcon.colcon_core.package_discovery:discover_packages(path) discover
[1.190s] Level 1:colcon.colcon_core.package_discovery:discover_packages(path) using defaults
[1.271s] Level 5:colcon.colcon_core.verb:set package 'gpsd_client' build argument 'cmake_args' from command line to 'None'
[1.271s] Level 5:colcon.colcon_core.verb:set package 'gpsd_client' build argument 'cmake_target' from command line to 'None'
[1.271s] Level 5:colcon.colcon_core.verb:set package 'gpsd_client' build argument 'cmake_target_skip_unavailable' from command line to 'False'
[1.272s] Level 5:colcon.colcon_core.verb:set package 'gpsd_client' build argument 'cmake_clean_cache' from command line to 'False'
[1.272s] Level 5:colcon.colcon_core.verb:set package 'gpsd_client' build argument 'cmake_clean_first' from command line to 'False'
[1.272s] Level 5:colcon.colcon_core.verb:set package 'gpsd_client' build argument 'cmake_force_configure' from command line to 'False'
[1.272s] Level 5:colcon.colcon_core.verb:set package 'gpsd_client' build argument 'ament_cmake_args' from command line to 'None'
[1.272s] Level 5:colcon.colcon_core.verb:set package 'gpsd_client' build argument 'catkin_cmake_args' from command line to 'None'
[1.272s] Level 5:colcon.colcon_core.verb:set package 'gpsd_client' build argument 'catkin_skip_building_tests' from command line to 'False'
[1.272s] DEBUG:colcon.colcon_core.verb:Building package 'gpsd_client' with the following arguments: {'ament_cmake_args': None, 'build_base': '/voiture2A-ros/build/gpsd_client', 'catkin_cmake_args': None, 'catkin_skip_building_tests': False, 'cmake_args': None, 'cmake_clean_cache': False, 'cmake_clean_first': False, 'cmake_force_configure': False, 'cmake_target': None, 'cmake_target_skip_unavailable': False, 'install_base': '/voiture2A-ros/install/gpsd_client', 'merge_install': False, 'path': '/voiture2A-ros/src/gpsd_client', 'symlink_install': False, 'test_result_base': None}
[1.274s] Level 5:colcon.colcon_core.verb:set package 'icm20948_driver' build argument 'cmake_args' from command line to 'None'
[1.274s] Level 5:colcon.colcon_core.verb:set package 'icm20948_driver' build argument 'cmake_target' from command line to 'None'
[1.274s] Level 5:colcon.colcon_core.verb:set package 'icm20948_driver' build argument 'cmake_target_skip_unavailable' from command line to 'False'
[1.274s] Level 5:colcon.colcon_core.verb:set package 'icm20948_driver' build argument 'cmake_clean_cache' from command line to 'False'
[1.274s] Level 5:colcon.colcon_core.verb:set package 'icm20948_driver' build argument 'cmake_clean_first' from command line to 'False'
[1.275s] Level 5:colcon.colcon_core.verb:set package 'icm20948_driver' build argument 'cmake_force_configure' from command line to 'False'
[1.275s] Level 5:colcon.colcon_core.verb:set package 'icm20948_driver' build argument 'ament_cmake_args' from command line to 'None'
[1.275s] Level 5:colcon.colcon_core.verb:set package 'icm20948_driver' build argument 'catkin_cmake_args' from command line to 'None'
[1.275s] Level 5:colcon.colcon_core.verb:set package 'icm20948_driver' build argument 'catkin_skip_building_tests' from command line to 'False'
[1.275s] DEBUG:colcon.colcon_core.verb:Building package 'icm20948_driver' with the following arguments: {'ament_cmake_args': None, 'build_base': '/voiture2A-ros/build/icm20948_driver', 'catkin_cmake_args': None, 'catkin_skip_building_tests': False, 'cmake_args': None, 'cmake_clean_cache': False, 'cmake_clean_first': False, 'cmake_force_configure': False, 'cmake_target': None, 'cmake_target_skip_unavailable': False, 'install_base': '/voiture2A-ros/install/icm20948_driver', 'merge_install': False, 'path': '/voiture2A-ros/src/icm20948_driver', 'symlink_install': False, 'test_result_base': None}
[1.277s] Level 5:colcon.colcon_core.verb:set package 'notre_package' build argument 'cmake_args' from command line to 'None'
[1.277s] Level 5:colcon.colcon_core.verb:set package 'notre_package' build argument 'cmake_target' from command line to 'None'
[1.277s] Level 5:colcon.colcon_core.verb:set package 'notre_package' build argument 'cmake_target_skip_unavailable' from command line to 'False'
[1.277s] Level 5:colcon.colcon_core.verb:set package 'notre_package' build argument 'cmake_clean_cache' from command line to 'False'
[1.277s] Level 5:colcon.colcon_core.verb:set package 'notre_package' build argument 'cmake_clean_first' from command line to 'False'
[1.277s] Level 5:colcon.colcon_core.verb:set package 'notre_package' build argument 'cmake_force_configure' from command line to 'False'
[1.277s] Level 5:colcon.colcon_core.verb:set package 'notre_package' build argument 'ament_cmake_args' from command line to 'None'
[1.277s] Level 5:colcon.colcon_core.verb:set package 'notre_package' build argument 'catkin_cmake_args' from command line to 'None'
[1.278s] Level 5:colcon.colcon_core.verb:set package 'notre_package' build argument 'catkin_skip_building_tests' from command line to 'False'
[1.278s] DEBUG:colcon.colcon_core.verb:Building package 'notre_package' with the following arguments: {'ament_cmake_args': None, 'build_base': '/voiture2A-ros/build/notre_package', 'catkin_cmake_args': None, 'catkin_skip_building_tests': False, 'cmake_args': None, 'cmake_clean_cache': False, 'cmake_clean_first': False, 'cmake_force_configure': False, 'cmake_target': None, 'cmake_target_skip_unavailable': False, 'install_base': '/voiture2A-ros/install/notre_package', 'merge_install': False, 'path': '/voiture2A-ros/src/notre_package', 'symlink_install': False, 'test_result_base': None}
[1.279s] Level 5:colcon.colcon_core.verb:set package 'voiture2a_motors_driver' build argument 'cmake_args' from command line to 'None'
[1.279s] Level 5:colcon.colcon_core.verb:set package 'voiture2a_motors_driver' build argument 'cmake_target' from command line to 'None'
[1.280s] Level 5:colcon.colcon_core.verb:set package 'voiture2a_motors_driver' build argument 'cmake_target_skip_unavailable' from command line to 'False'
[1.280s] Level 5:colcon.colcon_core.verb:set package 'voiture2a_motors_driver' build argument 'cmake_clean_cache' from command line to 'False'
[1.280s] Level 5:colcon.colcon_core.verb:set package 'voiture2a_motors_driver' build argument 'cmake_clean_first' from command line to 'False'
[1.280s] Level 5:colcon.colcon_core.verb:set package 'voiture2a_motors_driver' build argument 'cmake_force_configure' from command line to 'False'
[1.280s] Level 5:colcon.colcon_core.verb:set package 'voiture2a_motors_driver' build argument 'ament_cmake_args' from command line to 'None'
[1.280s] Level 5:colcon.colcon_core.verb:set package 'voiture2a_motors_driver' build argument 'catkin_cmake_args' from command line to 'None'
[1.280s] Level 5:colcon.colcon_core.verb:set package 'voiture2a_motors_driver' build argument 'catkin_skip_building_tests' from command line to 'False'
[1.280s] DEBUG:colcon.colcon_core.verb:Building package 'voiture2a_motors_driver' with the following arguments: {'ament_cmake_args': None, 'build_base': '/voiture2A-ros/build/voiture2a_motors_driver', 'catkin_cmake_args': None, 'catkin_skip_building_tests': False, 'cmake_args': None, 'cmake_clean_cache': False, 'cmake_clean_first': False, 'cmake_force_configure': False, 'cmake_target': None, 'cmake_target_skip_unavailable': False, 'install_base': '/voiture2A-ros/install/voiture2a_motors_driver', 'merge_install': False, 'path': '/voiture2A-ros/src/voiture2a_motors_driver', 'symlink_install': False, 'test_result_base': None}
[1.281s] INFO:colcon.colcon_core.executor:Executing jobs using 'parallel' executor
[1.291s] DEBUG:colcon.colcon_parallel_executor.executor.parallel:run_until_complete
[1.295s] INFO:colcon.colcon_ros.task.ament_cmake.build:Building ROS package in '/voiture2A-ros/src/gpsd_client' with build type 'ament_cmake'
[1.295s] INFO:colcon.colcon_cmake.task.cmake.build:Building CMake package in '/voiture2A-ros/src/gpsd_client'
[1.304s] INFO:colcon.colcon_core.plugin_system:Skipping extension 'colcon_core.shell.bat': Not used on non-Windows systems
[1.305s] INFO:colcon.colcon_core.shell:Skip shell extension 'powershell' for command environment: Not usable outside of PowerShell
[1.305s] DEBUG:colcon.colcon_core.shell:Skip shell extension 'dsv' for command environment
[1.326s] INFO:colcon.colcon_ros.task.ament_cmake.build:Building ROS package in '/voiture2A-ros/src/icm20948_driver' with build type 'ament_cmake'
[1.327s] INFO:colcon.colcon_cmake.task.cmake.build:Building CMake package in '/voiture2A-ros/src/icm20948_driver'
[1.328s] INFO:colcon.colcon_core.shell:Skip shell extension 'powershell' for command environment: Not usable outside of PowerShell
[1.329s] DEBUG:colcon.colcon_core.shell:Skip shell extension 'dsv' for command environment
[1.343s] INFO:colcon.colcon_ros.task.ament_python.build:Building ROS package in '/voiture2A-ros/src/notre_package' with build type 'ament_python'
[1.344s] Level 1:colcon.colcon_core.shell:create_environment_hook('notre_package', 'ament_prefix_path')
[1.345s] INFO:colcon.colcon_core.shell:Creating environment hook '/voiture2A-ros/install/notre_package/share/notre_package/hook/ament_prefix_path.ps1'
[1.350s] INFO:colcon.colcon_core.shell:Creating environment descriptor '/voiture2A-ros/install/notre_package/share/notre_package/hook/ament_prefix_path.dsv'
[1.352s] INFO:colcon.colcon_core.shell:Creating environment hook '/voiture2A-ros/install/notre_package/share/notre_package/hook/ament_prefix_path.sh'
[1.357s] INFO:colcon.colcon_core.shell:Skip shell extension 'powershell' for command environment: Not usable outside of PowerShell
[1.357s] DEBUG:colcon.colcon_core.shell:Skip shell extension 'dsv' for command environment
[1.372s] INFO:colcon.colcon_ros.task.ament_cmake.build:Building ROS package in '/voiture2A-ros/src/voiture2a_motors_driver' with build type 'ament_cmake'
[1.373s] INFO:colcon.colcon_cmake.task.cmake.build:Building CMake package in '/voiture2A-ros/src/voiture2a_motors_driver'
[1.375s] INFO:colcon.colcon_core.shell:Skip shell extension 'powershell' for command environment: Not usable outside of PowerShell
[1.375s] DEBUG:colcon.colcon_core.shell:Skip shell extension 'dsv' for command environment
[1.413s] DEBUG:colcon.colcon_core.event_handler.log_command:Invoking command in '/voiture2A-ros/build/gpsd_client': CMAKE_PREFIX_PATH=/opt/ros/rolling /usr/bin/cmake --build /voiture2A-ros/build/gpsd_client -- -j16 -l16
[1.422s] DEBUG:colcon.colcon_core.event_handler.log_command:Invoking command in '/voiture2A-ros/build/icm20948_driver': CMAKE_PREFIX_PATH=/opt/ros/rolling /usr/bin/cmake --build /voiture2A-ros/build/icm20948_driver -- -j16 -l16
[2.826s] INFO:colcon.colcon_core.task.python.build:Building Python package in '/voiture2A-ros/src/notre_package'
[2.829s] INFO:colcon.colcon_core.shell:Skip shell extension 'powershell' for command environment: Not usable outside of PowerShell
[2.830s] DEBUG:colcon.colcon_core.shell:Skip shell extension 'dsv' for command environment
[2.869s] DEBUG:colcon.colcon_core.event_handler.log_command:Invoking command in '/voiture2A-ros/build/voiture2a_motors_driver': CMAKE_PREFIX_PATH=/opt/ros/rolling /usr/bin/cmake --build /voiture2A-ros/build/voiture2a_motors_driver -- -j16 -l16
[4.432s] DEBUG:colcon.colcon_core.event_handler.log_command:Invoked command in '/voiture2A-ros/build/gpsd_client' returned '0': CMAKE_PREFIX_PATH=/opt/ros/rolling /usr/bin/cmake --build /voiture2A-ros/build/gpsd_client -- -j16 -l16
[4.532s] DEBUG:colcon.colcon_core.event_handler.log_command:Invoking command in '/voiture2A-ros/build/gpsd_client': CMAKE_PREFIX_PATH=/opt/ros/rolling /usr/bin/cmake --install /voiture2A-ros/build/gpsd_client
[4.542s] DEBUG:colcon.colcon_core.event_handler.log_command:Invoked command in '/voiture2A-ros/build/icm20948_driver' returned '0': CMAKE_PREFIX_PATH=/opt/ros/rolling /usr/bin/cmake --build /voiture2A-ros/build/icm20948_driver -- -j16 -l16
[4.549s] DEBUG:colcon.colcon_core.event_handler.log_command:Invoking command in '/voiture2A-ros/build/icm20948_driver': CMAKE_PREFIX_PATH=/opt/ros/rolling /usr/bin/cmake --install /voiture2A-ros/build/icm20948_driver
[4.935s] DEBUG:colcon.colcon_core.event_handler.log_command:Invoking command in '/voiture2A-ros/src/notre_package': PYTHONPATH=/voiture2A-ros/build/notre_package/prefix_override:/usr/lib/python3/dist-packages/colcon_core/task/python/colcon_distutils_commands:/voiture2A-ros/install/notre_package/lib/python3.10/site-packages:${PYTHONPATH} /usr/bin/python3 -W ignore:setup.py install is deprecated -W ignore:easy_install command is deprecated setup.py egg_info --egg-base ../../build/notre_package build --build-base /voiture2A-ros/build/notre_package/build install --record /voiture2A-ros/build/notre_package/install.log --single-version-externally-managed install_data
[5.036s] Level 1:colcon.colcon_core.environment:create_environment_scripts_only(gpsd_client)
[5.063s] DEBUG:colcon.colcon_core.event_handler.log_command:Invoked command in '/voiture2A-ros/build/gpsd_client' returned '0': CMAKE_PREFIX_PATH=/opt/ros/rolling /usr/bin/cmake --install /voiture2A-ros/build/gpsd_client
[5.068s] Level 1:colcon.colcon_core.environment:checking '/voiture2A-ros/install/gpsd_client' for CMake module files
[5.071s] Level 1:colcon.colcon_core.environment:checking '/voiture2A-ros/install/gpsd_client' for CMake config files
[5.073s] Level 1:colcon.colcon_core.shell:create_environment_hook('gpsd_client', 'cmake_prefix_path')
[5.074s] INFO:colcon.colcon_core.shell:Creating environment hook '/voiture2A-ros/install/gpsd_client/share/gpsd_client/hook/cmake_prefix_path.ps1'
[5.076s] INFO:colcon.colcon_core.shell:Creating environment descriptor '/voiture2A-ros/install/gpsd_client/share/gpsd_client/hook/cmake_prefix_path.dsv'
[5.078s] INFO:colcon.colcon_core.shell:Creating environment hook '/voiture2A-ros/install/gpsd_client/share/gpsd_client/hook/cmake_prefix_path.sh'
[5.082s] Level 1:colcon.colcon_core.environment:checking '/voiture2A-ros/install/gpsd_client/lib'
[5.083s] Level 1:colcon.colcon_core.shell:create_environment_hook('gpsd_client', 'ld_library_path_lib')
[5.084s] INFO:colcon.colcon_core.shell:Creating environment hook '/voiture2A-ros/install/gpsd_client/share/gpsd_client/hook/ld_library_path_lib.ps1'
[5.086s] INFO:colcon.colcon_core.shell:Creating environment descriptor '/voiture2A-ros/install/gpsd_client/share/gpsd_client/hook/ld_library_path_lib.dsv'
[5.088s] INFO:colcon.colcon_core.shell:Creating environment hook '/voiture2A-ros/install/gpsd_client/share/gpsd_client/hook/ld_library_path_lib.sh'
[5.090s] Level 1:colcon.colcon_core.environment:checking '/voiture2A-ros/install/gpsd_client/bin'
[5.090s] Level 1:colcon.colcon_core.environment:checking '/voiture2A-ros/install/gpsd_client/lib/pkgconfig/gpsd_client.pc'
[5.091s] Level 1:colcon.colcon_core.environment:checking '/voiture2A-ros/install/gpsd_client/lib/python3.10/site-packages'
[5.092s] Level 1:colcon.colcon_core.shell:create_environment_hook('gpsd_client', 'pythonpath')
[5.093s] INFO:colcon.colcon_core.shell:Creating environment hook '/voiture2A-ros/install/gpsd_client/share/gpsd_client/hook/pythonpath.ps1'
[5.096s] INFO:colcon.colcon_core.shell:Creating environment descriptor '/voiture2A-ros/install/gpsd_client/share/gpsd_client/hook/pythonpath.dsv'
[5.098s] INFO:colcon.colcon_core.shell:Creating environment hook '/voiture2A-ros/install/gpsd_client/share/gpsd_client/hook/pythonpath.sh'
[5.101s] Level 1:colcon.colcon_core.environment:checking '/voiture2A-ros/install/gpsd_client/bin'
[5.103s] INFO:colcon.colcon_core.shell:Creating package script '/voiture2A-ros/install/gpsd_client/share/gpsd_client/package.ps1'
[5.108s] INFO:colcon.colcon_core.shell:Creating package descriptor '/voiture2A-ros/install/gpsd_client/share/gpsd_client/package.dsv'
[5.112s] INFO:colcon.colcon_core.shell:Creating package script '/voiture2A-ros/install/gpsd_client/share/gpsd_client/package.sh'
[5.116s] INFO:colcon.colcon_core.shell:Creating package script '/voiture2A-ros/install/gpsd_client/share/gpsd_client/package.bash'
[5.121s] INFO:colcon.colcon_core.shell:Creating package script '/voiture2A-ros/install/gpsd_client/share/gpsd_client/package.zsh'
[5.125s] Level 1:colcon.colcon_core.environment:create_file_with_runtime_dependencies(/voiture2A-ros/install/gpsd_client/share/colcon-core/packages/gpsd_client)
[5.128s] Level 1:colcon.colcon_core.environment:create_environment_scripts_only(gpsd_client)
[5.129s] Level 1:colcon.colcon_core.environment:checking '/voiture2A-ros/install/gpsd_client' for CMake module files
[5.132s] Level 1:colcon.colcon_core.environment:checking '/voiture2A-ros/install/gpsd_client' for CMake config files
[5.134s] Level 1:colcon.colcon_core.shell:create_environment_hook('gpsd_client', 'cmake_prefix_path')
[5.135s] INFO:colcon.colcon_core.shell:Creating environment hook '/voiture2A-ros/install/gpsd_client/share/gpsd_client/hook/cmake_prefix_path.ps1'
[5.138s] INFO:colcon.colcon_core.shell:Creating environment descriptor '/voiture2A-ros/install/gpsd_client/share/gpsd_client/hook/cmake_prefix_path.dsv'
[5.140s] INFO:colcon.colcon_core.shell:Creating environment hook '/voiture2A-ros/install/gpsd_client/share/gpsd_client/hook/cmake_prefix_path.sh'
[5.143s] Level 1:colcon.colcon_core.environment:checking '/voiture2A-ros/install/gpsd_client/lib'
[5.144s] Level 1:colcon.colcon_core.shell:create_environment_hook('gpsd_client', 'ld_library_path_lib')
[5.145s] INFO:colcon.colcon_core.shell:Creating environment hook '/voiture2A-ros/install/gpsd_client/share/gpsd_client/hook/ld_library_path_lib.ps1'
[5.148s] INFO:colcon.colcon_core.shell:Creating environment descriptor '/voiture2A-ros/install/gpsd_client/share/gpsd_client/hook/ld_library_path_lib.dsv'
[5.150s] INFO:colcon.colcon_core.shell:Creating environment hook '/voiture2A-ros/install/gpsd_client/share/gpsd_client/hook/ld_library_path_lib.sh'
[5.152s] Level 1:colcon.colcon_core.environment:checking '/voiture2A-ros/install/gpsd_client/bin'
[5.152s] Level 1:colcon.colcon_core.environment:checking '/voiture2A-ros/install/gpsd_client/lib/pkgconfig/gpsd_client.pc'
[5.154s] Level 1:colcon.colcon_core.environment:checking '/voiture2A-ros/install/gpsd_client/lib/python3.10/site-packages'
[5.154s] Level 1:colcon.colcon_core.shell:create_environment_hook('gpsd_client', 'pythonpath')
[5.155s] INFO:colcon.colcon_core.shell:Creating environment hook '/voiture2A-ros/install/gpsd_client/share/gpsd_client/hook/pythonpath.ps1'
[5.157s] INFO:colcon.colcon_core.shell:Creating environment descriptor '/voiture2A-ros/install/gpsd_client/share/gpsd_client/hook/pythonpath.dsv'
[5.159s] INFO:colcon.colcon_core.shell:Creating environment hook '/voiture2A-ros/install/gpsd_client/share/gpsd_client/hook/pythonpath.sh'
[5.163s] Level 1:colcon.colcon_core.environment:checking '/voiture2A-ros/install/gpsd_client/bin'
[5.165s] INFO:colcon.colcon_core.shell:Creating package script '/voiture2A-ros/install/gpsd_client/share/gpsd_client/package.ps1'
[5.168s] INFO:colcon.colcon_core.shell:Creating package descriptor '/voiture2A-ros/install/gpsd_client/share/gpsd_client/package.dsv'
[5.171s] INFO:colcon.colcon_core.shell:Creating package script '/voiture2A-ros/install/gpsd_client/share/gpsd_client/package.sh'
[5.174s] INFO:colcon.colcon_core.shell:Creating package script '/voiture2A-ros/install/gpsd_client/share/gpsd_client/package.bash'
[5.177s] INFO:colcon.colcon_core.shell:Creating package script '/voiture2A-ros/install/gpsd_client/share/gpsd_client/package.zsh'
[5.179s] Level 1:colcon.colcon_core.environment:create_file_with_runtime_dependencies(/voiture2A-ros/install/gpsd_client/share/colcon-core/packages/gpsd_client)
[5.185s] Level 1:colcon.colcon_core.environment:create_environment_scripts_only(icm20948_driver)
[5.187s] Level 1:colcon.colcon_core.environment:checking '/voiture2A-ros/install/icm20948_driver' for CMake module files
[5.200s] DEBUG:colcon.colcon_core.event_handler.log_command:Invoked command in '/voiture2A-ros/build/icm20948_driver' returned '0': CMAKE_PREFIX_PATH=/opt/ros/rolling /usr/bin/cmake --install /voiture2A-ros/build/icm20948_driver
[5.202s] Level 1:colcon.colcon_core.environment:checking '/voiture2A-ros/install/icm20948_driver' for CMake config files
[5.205s] Level 1:colcon.colcon_core.shell:create_environment_hook('icm20948_driver', 'cmake_prefix_path')
[5.206s] INFO:colcon.colcon_core.shell:Creating environment hook '/voiture2A-ros/install/icm20948_driver/share/icm20948_driver/hook/cmake_prefix_path.ps1'
[5.209s] INFO:colcon.colcon_core.shell:Creating environment descriptor '/voiture2A-ros/install/icm20948_driver/share/icm20948_driver/hook/cmake_prefix_path.dsv'
[5.212s] INFO:colcon.colcon_core.shell:Creating environment hook '/voiture2A-ros/install/icm20948_driver/share/icm20948_driver/hook/cmake_prefix_path.sh'
[5.216s] Level 1:colcon.colcon_core.environment:checking '/voiture2A-ros/install/icm20948_driver/lib'
[5.216s] Level 1:colcon.colcon_core.shell:create_environment_hook('icm20948_driver', 'ld_library_path_lib')
[5.218s] INFO:colcon.colcon_core.shell:Creating environment hook '/voiture2A-ros/install/icm20948_driver/share/icm20948_driver/hook/ld_library_path_lib.ps1'
[5.220s] INFO:colcon.colcon_core.shell:Creating environment descriptor '/voiture2A-ros/install/icm20948_driver/share/icm20948_driver/hook/ld_library_path_lib.dsv'
[5.222s] INFO:colcon.colcon_core.shell:Creating environment hook '/voiture2A-ros/install/icm20948_driver/share/icm20948_driver/hook/ld_library_path_lib.sh'
[5.225s] Level 1:colcon.colcon_core.environment:checking '/voiture2A-ros/install/icm20948_driver/bin'
[5.225s] Level 1:colcon.colcon_core.environment:checking '/voiture2A-ros/install/icm20948_driver/lib/pkgconfig/icm20948_driver.pc'
[5.226s] Level 1:colcon.colcon_core.environment:checking '/voiture2A-ros/install/icm20948_driver/lib/python3.10/site-packages'
[5.226s] Level 1:colcon.colcon_core.shell:create_environment_hook('icm20948_driver', 'pythonpath')
[5.228s] INFO:colcon.colcon_core.shell:Creating environment hook '/voiture2A-ros/install/icm20948_driver/share/icm20948_driver/hook/pythonpath.ps1'
[5.230s] INFO:colcon.colcon_core.shell:Creating environment descriptor '/voiture2A-ros/install/icm20948_driver/share/icm20948_driver/hook/pythonpath.dsv'
[5.232s] INFO:colcon.colcon_core.shell:Creating environment hook '/voiture2A-ros/install/icm20948_driver/share/icm20948_driver/hook/pythonpath.sh'
[5.235s] Level 1:colcon.colcon_core.environment:checking '/voiture2A-ros/install/icm20948_driver/bin'
[5.237s] INFO:colcon.colcon_core.shell:Creating package script '/voiture2A-ros/install/icm20948_driver/share/icm20948_driver/package.ps1'
[5.240s] INFO:colcon.colcon_core.shell:Creating package descriptor '/voiture2A-ros/install/icm20948_driver/share/icm20948_driver/package.dsv'
[5.243s] INFO:colcon.colcon_core.shell:Creating package script '/voiture2A-ros/install/icm20948_driver/share/icm20948_driver/package.sh'
[5.245s] INFO:colcon.colcon_core.shell:Creating package script '/voiture2A-ros/install/icm20948_driver/share/icm20948_driver/package.bash'
[5.247s] INFO:colcon.colcon_core.shell:Creating package script '/voiture2A-ros/install/icm20948_driver/share/icm20948_driver/package.zsh'
[5.249s] Level 1:colcon.colcon_core.environment:create_file_with_runtime_dependencies(/voiture2A-ros/install/icm20948_driver/share/colcon-core/packages/icm20948_driver)
[5.252s] Level 1:colcon.colcon_core.environment:create_environment_scripts_only(icm20948_driver)
[5.253s] Level 1:colcon.colcon_core.environment:checking '/voiture2A-ros/install/icm20948_driver' for CMake module files
[5.259s] Level 1:colcon.colcon_core.environment:checking '/voiture2A-ros/install/icm20948_driver' for CMake config files
[5.261s] Level 1:colcon.colcon_core.shell:create_environment_hook('icm20948_driver', 'cmake_prefix_path')
[5.262s] INFO:colcon.colcon_core.shell:Creating environment hook '/voiture2A-ros/install/icm20948_driver/share/icm20948_driver/hook/cmake_prefix_path.ps1'
[5.264s] INFO:colcon.colcon_core.shell:Creating environment descriptor '/voiture2A-ros/install/icm20948_driver/share/icm20948_driver/hook/cmake_prefix_path.dsv'
[5.266s] INFO:colcon.colcon_core.shell:Creating environment hook '/voiture2A-ros/install/icm20948_driver/share/icm20948_driver/hook/cmake_prefix_path.sh'
[5.269s] Level 1:colcon.colcon_core.environment:checking '/voiture2A-ros/install/icm20948_driver/lib'
[5.270s] Level 1:colcon.colcon_core.shell:create_environment_hook('icm20948_driver', 'ld_library_path_lib')
[5.271s] INFO:colcon.colcon_core.shell:Creating environment hook '/voiture2A-ros/install/icm20948_driver/share/icm20948_driver/hook/ld_library_path_lib.ps1'
[5.274s] INFO:colcon.colcon_core.shell:Creating environment descriptor '/voiture2A-ros/install/icm20948_driver/share/icm20948_driver/hook/ld_library_path_lib.dsv'
[5.275s] INFO:colcon.colcon_core.shell:Creating environment hook '/voiture2A-ros/install/icm20948_driver/share/icm20948_driver/hook/ld_library_path_lib.sh'
[5.278s] Level 1:colcon.colcon_core.environment:checking '/voiture2A-ros/install/icm20948_driver/bin'
[5.278s] Level 1:colcon.colcon_core.environment:checking '/voiture2A-ros/install/icm20948_driver/lib/pkgconfig/icm20948_driver.pc'
[5.279s] Level 1:colcon.colcon_core.environment:checking '/voiture2A-ros/install/icm20948_driver/lib/python3.10/site-packages'
[5.279s] Level 1:colcon.colcon_core.shell:create_environment_hook('icm20948_driver', 'pythonpath')
[5.280s] INFO:colcon.colcon_core.shell:Creating environment hook '/voiture2A-ros/install/icm20948_driver/share/icm20948_driver/hook/pythonpath.ps1'
[5.283s] INFO:colcon.colcon_core.shell:Creating environment descriptor '/voiture2A-ros/install/icm20948_driver/share/icm20948_driver/hook/pythonpath.dsv'
[5.285s] INFO:colcon.colcon_core.shell:Creating environment hook '/voiture2A-ros/install/icm20948_driver/share/icm20948_driver/hook/pythonpath.sh'
[5.288s] Level 1:colcon.colcon_core.environment:checking '/voiture2A-ros/install/icm20948_driver/bin'
[5.290s] INFO:colcon.colcon_core.shell:Creating package script '/voiture2A-ros/install/icm20948_driver/share/icm20948_driver/package.ps1'
[5.293s] INFO:colcon.colcon_core.shell:Creating package descriptor '/voiture2A-ros/install/icm20948_driver/share/icm20948_driver/package.dsv'
[5.296s] INFO:colcon.colcon_core.shell:Creating package script '/voiture2A-ros/install/icm20948_driver/share/icm20948_driver/package.sh'
[5.299s] INFO:colcon.colcon_core.shell:Creating package script '/voiture2A-ros/install/icm20948_driver/share/icm20948_driver/package.bash'
[5.302s] INFO:colcon.colcon_core.shell:Creating package script '/voiture2A-ros/install/icm20948_driver/share/icm20948_driver/package.zsh'
[5.304s] Level 1:colcon.colcon_core.environment:create_file_with_runtime_dependencies(/voiture2A-ros/install/icm20948_driver/share/colcon-core/packages/icm20948_driver)
[5.787s] DEBUG:colcon.colcon_core.event_handler.log_command:Invoked command in '/voiture2A-ros/build/voiture2a_motors_driver' returned '0': CMAKE_PREFIX_PATH=/opt/ros/rolling /usr/bin/cmake --build /voiture2A-ros/build/voiture2a_motors_driver -- -j16 -l16
[5.793s] DEBUG:colcon.colcon_core.event_handler.log_command:Invoking command in '/voiture2A-ros/build/voiture2a_motors_driver': CMAKE_PREFIX_PATH=/opt/ros/rolling /usr/bin/cmake --install /voiture2A-ros/build/voiture2a_motors_driver
[6.255s] Level 1:colcon.colcon_core.environment:create_environment_scripts_only(voiture2a_motors_driver)
[6.256s] Level 1:colcon.colcon_core.environment:checking '/voiture2A-ros/install/voiture2a_motors_driver' for CMake module files
[6.260s] DEBUG:colcon.colcon_core.event_handler.log_command:Invoked command in '/voiture2A-ros/build/voiture2a_motors_driver' returned '0': CMAKE_PREFIX_PATH=/opt/ros/rolling /usr/bin/cmake --install /voiture2A-ros/build/voiture2a_motors_driver
[6.261s] Level 1:colcon.colcon_core.environment:checking '/voiture2A-ros/install/voiture2a_motors_driver' for CMake config files
[6.263s] Level 1:colcon.colcon_core.shell:create_environment_hook('voiture2a_motors_driver', 'cmake_prefix_path')
[6.264s] INFO:colcon.colcon_core.shell:Creating environment hook '/voiture2A-ros/install/voiture2a_motors_driver/share/voiture2a_motors_driver/hook/cmake_prefix_path.ps1'
[6.266s] INFO:colcon.colcon_core.shell:Creating environment descriptor '/voiture2A-ros/install/voiture2a_motors_driver/share/voiture2a_motors_driver/hook/cmake_prefix_path.dsv'
[6.268s] INFO:colcon.colcon_core.shell:Creating environment hook '/voiture2A-ros/install/voiture2a_motors_driver/share/voiture2a_motors_driver/hook/cmake_prefix_path.sh'
[6.270s] Level 1:colcon.colcon_core.environment:checking '/voiture2A-ros/install/voiture2a_motors_driver/lib'
[6.271s] Level 1:colcon.colcon_core.shell:create_environment_hook('voiture2a_motors_driver', 'ld_library_path_lib')
[6.272s] INFO:colcon.colcon_core.shell:Creating environment hook '/voiture2A-ros/install/voiture2a_motors_driver/share/voiture2a_motors_driver/hook/ld_library_path_lib.ps1'
[6.274s] INFO:colcon.colcon_core.shell:Creating environment descriptor '/voiture2A-ros/install/voiture2a_motors_driver/share/voiture2a_motors_driver/hook/ld_library_path_lib.dsv'
[6.275s] INFO:colcon.colcon_core.shell:Creating environment hook '/voiture2A-ros/install/voiture2a_motors_driver/share/voiture2a_motors_driver/hook/ld_library_path_lib.sh'
[6.278s] Level 1:colcon.colcon_core.environment:checking '/voiture2A-ros/install/voiture2a_motors_driver/bin'
[6.278s] Level 1:colcon.colcon_core.environment:checking '/voiture2A-ros/install/voiture2a_motors_driver/lib/pkgconfig/voiture2a_motors_driver.pc'
[6.279s] Level 1:colcon.colcon_core.environment:checking '/voiture2A-ros/install/voiture2a_motors_driver/lib/python3.10/site-packages'
[6.279s] Level 1:colcon.colcon_core.shell:create_environment_hook('voiture2a_motors_driver', 'pythonpath')
[6.280s] INFO:colcon.colcon_core.shell:Creating environment hook '/voiture2A-ros/install/voiture2a_motors_driver/share/voiture2a_motors_driver/hook/pythonpath.ps1'
[6.282s] INFO:colcon.colcon_core.shell:Creating environment descriptor '/voiture2A-ros/install/voiture2a_motors_driver/share/voiture2a_motors_driver/hook/pythonpath.dsv'
[6.284s] INFO:colcon.colcon_core.shell:Creating environment hook '/voiture2A-ros/install/voiture2a_motors_driver/share/voiture2a_motors_driver/hook/pythonpath.sh'
[6.286s] Level 1:colcon.colcon_core.environment:checking '/voiture2A-ros/install/voiture2a_motors_driver/bin'
[6.288s] INFO:colcon.colcon_core.shell:Creating package script '/voiture2A-ros/install/voiture2a_motors_driver/share/voiture2a_motors_driver/package.ps1'
[6.291s] INFO:colcon.colcon_core.shell:Creating package descriptor '/voiture2A-ros/install/voiture2a_motors_driver/share/voiture2a_motors_driver/package.dsv'
[6.293s] INFO:colcon.colcon_core.shell:Creating package script '/voiture2A-ros/install/voiture2a_motors_driver/share/voiture2a_motors_driver/package.sh'
[6.295s] INFO:colcon.colcon_core.shell:Creating package script '/voiture2A-ros/install/voiture2a_motors_driver/share/voiture2a_motors_driver/package.bash'
[6.297s] INFO:colcon.colcon_core.shell:Creating package script '/voiture2A-ros/install/voiture2a_motors_driver/share/voiture2a_motors_driver/package.zsh'
[6.298s] Level 1:colcon.colcon_core.environment:create_file_with_runtime_dependencies(/voiture2A-ros/install/voiture2a_motors_driver/share/colcon-core/packages/voiture2a_motors_driver)
[6.301s] Level 1:colcon.colcon_core.environment:create_environment_scripts_only(voiture2a_motors_driver)
[6.302s] Level 1:colcon.colcon_core.environment:checking '/voiture2A-ros/install/voiture2a_motors_driver' for CMake module files
[6.304s] Level 1:colcon.colcon_core.environment:checking '/voiture2A-ros/install/voiture2a_motors_driver' for CMake config files
[6.306s] Level 1:colcon.colcon_core.shell:create_environment_hook('voiture2a_motors_driver', 'cmake_prefix_path')
[6.307s] INFO:colcon.colcon_core.shell:Creating environment hook '/voiture2A-ros/install/voiture2a_motors_driver/share/voiture2a_motors_driver/hook/cmake_prefix_path.ps1'
[6.309s] INFO:colcon.colcon_core.shell:Creating environment descriptor '/voiture2A-ros/install/voiture2a_motors_driver/share/voiture2a_motors_driver/hook/cmake_prefix_path.dsv'
[6.311s] INFO:colcon.colcon_core.shell:Creating environment hook '/voiture2A-ros/install/voiture2a_motors_driver/share/voiture2a_motors_driver/hook/cmake_prefix_path.sh'
[6.313s] Level 1:colcon.colcon_core.environment:checking '/voiture2A-ros/install/voiture2a_motors_driver/lib'
[6.313s] Level 1:colcon.colcon_core.shell:create_environment_hook('voiture2a_motors_driver', 'ld_library_path_lib')
[6.314s] INFO:colcon.colcon_core.shell:Creating environment hook '/voiture2A-ros/install/voiture2a_motors_driver/share/voiture2a_motors_driver/hook/ld_library_path_lib.ps1'
[6.316s] INFO:colcon.colcon_core.shell:Creating environment descriptor '/voiture2A-ros/install/voiture2a_motors_driver/share/voiture2a_motors_driver/hook/ld_library_path_lib.dsv'
[6.317s] INFO:colcon.colcon_core.shell:Creating environment hook '/voiture2A-ros/install/voiture2a_motors_driver/share/voiture2a_motors_driver/hook/ld_library_path_lib.sh'
[6.319s] Level 1:colcon.colcon_core.environment:checking '/voiture2A-ros/install/voiture2a_motors_driver/bin'
[6.319s] Level 1:colcon.colcon_core.environment:checking '/voiture2A-ros/install/voiture2a_motors_driver/lib/pkgconfig/voiture2a_motors_driver.pc'
[6.320s] Level 1:colcon.colcon_core.environment:checking '/voiture2A-ros/install/voiture2a_motors_driver/lib/python3.10/site-packages'
[6.320s] Level 1:colcon.colcon_core.shell:create_environment_hook('voiture2a_motors_driver', 'pythonpath')
[6.321s] INFO:colcon.colcon_core.shell:Creating environment hook '/voiture2A-ros/install/voiture2a_motors_driver/share/voiture2a_motors_driver/hook/pythonpath.ps1'
[6.324s] INFO:colcon.colcon_core.shell:Creating environment descriptor '/voiture2A-ros/install/voiture2a_motors_driver/share/voiture2a_motors_driver/hook/pythonpath.dsv'
[6.325s] INFO:colcon.colcon_core.shell:Creating environment hook '/voiture2A-ros/install/voiture2a_motors_driver/share/voiture2a_motors_driver/hook/pythonpath.sh'
[6.327s] Level 1:colcon.colcon_core.environment:checking '/voiture2A-ros/install/voiture2a_motors_driver/bin'
[6.329s] INFO:colcon.colcon_core.shell:Creating package script '/voiture2A-ros/install/voiture2a_motors_driver/share/voiture2a_motors_driver/package.ps1'
[6.332s] INFO:colcon.colcon_core.shell:Creating package descriptor '/voiture2A-ros/install/voiture2a_motors_driver/share/voiture2a_motors_driver/package.dsv'
[6.334s] INFO:colcon.colcon_core.shell:Creating package script '/voiture2A-ros/install/voiture2a_motors_driver/share/voiture2a_motors_driver/package.sh'
[6.336s] INFO:colcon.colcon_core.shell:Creating package script '/voiture2A-ros/install/voiture2a_motors_driver/share/voiture2a_motors_driver/package.bash'
[6.338s] INFO:colcon.colcon_core.shell:Creating package script '/voiture2A-ros/install/voiture2a_motors_driver/share/voiture2a_motors_driver/package.zsh'
[6.339s] Level 1:colcon.colcon_core.environment:create_file_with_runtime_dependencies(/voiture2A-ros/install/voiture2a_motors_driver/share/colcon-core/packages/voiture2a_motors_driver)
[6.343s] Level 1:colcon.colcon_core.environment:checking '/voiture2A-ros/install/notre_package' for CMake module files
[6.345s] DEBUG:colcon.colcon_core.event_handler.log_command:Invoked command in '/voiture2A-ros/src/notre_package' returned '0': PYTHONPATH=/voiture2A-ros/build/notre_package/prefix_override:/usr/lib/python3/dist-packages/colcon_core/task/python/colcon_distutils_commands:/voiture2A-ros/install/notre_package/lib/python3.10/site-packages:${PYTHONPATH} /usr/bin/python3 -W ignore:setup.py install is deprecated -W ignore:easy_install command is deprecated setup.py egg_info --egg-base ../../build/notre_package build --build-base /voiture2A-ros/build/notre_package/build install --record /voiture2A-ros/build/notre_package/install.log --single-version-externally-managed install_data
[6.347s] Level 1:colcon.colcon_core.environment:checking '/voiture2A-ros/install/notre_package' for CMake config files
[6.349s] Level 1:colcon.colcon_core.environment:checking '/voiture2A-ros/install/notre_package/lib'
[6.349s] Level 1:colcon.colcon_core.environment:checking '/voiture2A-ros/install/notre_package/bin'
[6.349s] Level 1:colcon.colcon_core.environment:checking '/voiture2A-ros/install/notre_package/lib/pkgconfig/notre_package.pc'
[6.350s] Level 1:colcon.colcon_core.environment:checking '/voiture2A-ros/install/notre_package/lib/python3.10/site-packages'
[6.350s] Level 1:colcon.colcon_core.shell:create_environment_hook('notre_package', 'pythonpath')
[6.351s] INFO:colcon.colcon_core.shell:Creating environment hook '/voiture2A-ros/install/notre_package/share/notre_package/hook/pythonpath.ps1'
[6.353s] INFO:colcon.colcon_core.shell:Creating environment descriptor '/voiture2A-ros/install/notre_package/share/notre_package/hook/pythonpath.dsv'
[6.355s] INFO:colcon.colcon_core.shell:Creating environment hook '/voiture2A-ros/install/notre_package/share/notre_package/hook/pythonpath.sh'
[6.357s] Level 1:colcon.colcon_core.environment:checking '/voiture2A-ros/install/notre_package/bin'
[6.357s] Level 1:colcon.colcon_core.environment:create_environment_scripts_only(notre_package)
[6.358s] INFO:colcon.colcon_core.shell:Creating package script '/voiture2A-ros/install/notre_package/share/notre_package/package.ps1'
[6.363s] INFO:colcon.colcon_core.shell:Creating package descriptor '/voiture2A-ros/install/notre_package/share/notre_package/package.dsv'
[6.364s] INFO:colcon.colcon_core.shell:Creating package script '/voiture2A-ros/install/notre_package/share/notre_package/package.sh'
[6.366s] INFO:colcon.colcon_core.shell:Creating package script '/voiture2A-ros/install/notre_package/share/notre_package/package.bash'
[6.368s] INFO:colcon.colcon_core.shell:Creating package script '/voiture2A-ros/install/notre_package/share/notre_package/package.zsh'
[6.369s] Level 1:colcon.colcon_core.environment:create_file_with_runtime_dependencies(/voiture2A-ros/install/notre_package/share/colcon-core/packages/notre_package)
[6.371s] DEBUG:colcon.colcon_parallel_executor.executor.parallel:closing loop
[6.372s] DEBUG:colcon.colcon_parallel_executor.executor.parallel:loop closed
[6.372s] DEBUG:colcon.colcon_parallel_executor.executor.parallel:run_until_complete finished with '0'
[6.373s] DEBUG:colcon.colcon_core.event_reactor:joining thread
[6.419s] INFO:colcon.colcon_core.plugin_system:Skipping extension 'colcon_notification.desktop_notification.notify_send': Could not find 'notify-send'
[6.419s] INFO:colcon.colcon_core.plugin_system:Skipping extension 'colcon_notification.desktop_notification.terminal_notifier': Not used on non-Darwin systems
[6.419s] INFO:colcon.colcon_core.plugin_system:Skipping extension 'colcon_notification.desktop_notification.win32': Not used on non-Windows systems
[6.420s] INFO:colcon.colcon_notification.desktop_notification:Sending desktop notification using 'notify2'
[6.422s] DEBUG:colcon.colcon_notification.desktop_notification.notify2:Failed to initialize notify2: org.freedesktop.DBus.Error.NotSupported: Unable to autolaunch a dbus-daemon without a $DISPLAY for X11
[6.422s] DEBUG:colcon.colcon_core.event_reactor:joined thread
[6.423s] INFO:colcon.colcon_core.shell:Creating prefix script '/voiture2A-ros/install/local_setup.ps1'
[6.428s] INFO:colcon.colcon_core.shell:Creating prefix util module '/voiture2A-ros/install/_local_setup_util_ps1.py'
[6.435s] INFO:colcon.colcon_core.shell:Creating prefix chain script '/voiture2A-ros/install/setup.ps1'
[6.439s] INFO:colcon.colcon_core.shell:Creating prefix script '/voiture2A-ros/install/local_setup.sh'
[6.441s] INFO:colcon.colcon_core.shell:Creating prefix util module '/voiture2A-ros/install/_local_setup_util_sh.py'
[6.444s] INFO:colcon.colcon_core.shell:Creating prefix chain script '/voiture2A-ros/install/setup.sh'
[6.447s] INFO:colcon.colcon_core.shell:Creating prefix script '/voiture2A-ros/install/local_setup.bash'
[6.449s] INFO:colcon.colcon_core.shell:Creating prefix chain script '/voiture2A-ros/install/setup.bash'
[6.453s] INFO:colcon.colcon_core.shell:Creating prefix script '/voiture2A-ros/install/local_setup.zsh'
[6.455s] INFO:colcon.colcon_core.shell:Creating prefix chain script '/voiture2A-ros/install/setup.zsh'
