running egg_info
creating ../../build/calibration/calibration.egg-info
writing ../../build/calibration/calibration.egg-info/PKG-INFO
writing dependency_links to ../../build/calibration/calibration.egg-info/dependency_links.txt
writing entry points to ../../build/calibration/calibration.egg-info/entry_points.txt
writing requirements to ../../build/calibration/calibration.egg-info/requires.txt
writing top-level names to ../../build/calibration/calibration.egg-info/top_level.txt
writing manifest file '../../build/calibration/calibration.egg-info/SOURCES.txt'
reading manifest file '../../build/calibration/calibration.egg-info/SOURCES.txt'
writing manifest file '../../build/calibration/calibration.egg-info/SOURCES.txt'
running build
running build_py
creating /voiture2A-ros/build/calibration/build
creating /voiture2A-ros/build/calibration/build/lib
creating /voiture2A-ros/build/calibration/build/lib/calibration
copying calibration/calibration_node.py -> /voiture2A-ros/build/calibration/build/lib/calibration
copying calibration/__init__.py -> /voiture2A-ros/build/calibration/build/lib/calibration
running install
running install_lib
creating /voiture2A-ros/install/calibration/lib/python3.10/site-packages/calibration
copying /voiture2A-ros/build/calibration/build/lib/calibration/calibration_node.py -> /voiture2A-ros/install/calibration/lib/python3.10/site-packages/calibration
copying /voiture2A-ros/build/calibration/build/lib/calibration/__init__.py -> /voiture2A-ros/install/calibration/lib/python3.10/site-packages/calibration
byte-compiling /voiture2A-ros/install/calibration/lib/python3.10/site-packages/calibration/calibration_node.py to calibration_node.cpython-310.pyc
byte-compiling /voiture2A-ros/install/calibration/lib/python3.10/site-packages/calibration/__init__.py to __init__.cpython-310.pyc
running install_data
creating /voiture2A-ros/install/calibration/share/ament_index
creating /voiture2A-ros/install/calibration/share/ament_index/resource_index
creating /voiture2A-ros/install/calibration/share/ament_index/resource_index/packages
copying resource/calibration -> /voiture2A-ros/install/calibration/share/ament_index/resource_index/packages
copying package.xml -> /voiture2A-ros/install/calibration/share/calibration
running install_egg_info
Copying ../../build/calibration/calibration.egg-info to /voiture2A-ros/install/calibration/lib/python3.10/site-packages/calibration-0.0.0-py3.10.egg-info
running install_scripts
writing list of installed files to '/voiture2A-ros/build/calibration/install.log'
