[5.203s] Invoking command in '/voiture2A-ros/src/calibration': PYTHONPATH=/voiture2A-ros/build/calibration/prefix_override:/usr/lib/python3/dist-packages/colcon_core/task/python/colcon_distutils_commands:/voiture2A-ros/install/calibration/lib/python3.10/site-packages:${PYTHONPATH} /usr/bin/python3 -W ignore:setup.py install is deprecated -W ignore:easy_install command is deprecated setup.py egg_info --egg-base ../../build/calibration build --build-base /voiture2A-ros/build/calibration/build install --record /voiture2A-ros/build/calibration/install.log --single-version-externally-managed install_data
[6.556s] running egg_info
[6.561s] creating ../../build/calibration/calibration.egg-info
[6.566s] writing ../../build/calibration/calibration.egg-info/PKG-INFO
[6.566s] writing dependency_links to ../../build/calibration/calibration.egg-info/dependency_links.txt
[6.567s] writing entry points to ../../build/calibration/calibration.egg-info/entry_points.txt
[6.567s] writing requirements to ../../build/calibration/calibration.egg-info/requires.txt
[6.568s] writing top-level names to ../../build/calibration/calibration.egg-info/top_level.txt
[6.568s] writing manifest file '../../build/calibration/calibration.egg-info/SOURCES.txt'
[6.574s] reading manifest file '../../build/calibration/calibration.egg-info/SOURCES.txt'
[6.580s] writing manifest file '../../build/calibration/calibration.egg-info/SOURCES.txt'
[6.581s] running build
[6.581s] running build_py
[6.582s] creating /voiture2A-ros/build/calibration/build
[6.582s] creating /voiture2A-ros/build/calibration/build/lib
[6.583s] creating /voiture2A-ros/build/calibration/build/lib/calibration
[6.583s] copying calibration/calibration_node.py -> /voiture2A-ros/build/calibration/build/lib/calibration
[6.584s] copying calibration/__init__.py -> /voiture2A-ros/build/calibration/build/lib/calibration
[6.585s] running install
[6.585s] running install_lib
[6.590s] creating /voiture2A-ros/install/calibration/lib/python3.10/site-packages/calibration
[6.591s] copying /voiture2A-ros/build/calibration/build/lib/calibration/calibration_node.py -> /voiture2A-ros/install/calibration/lib/python3.10/site-packages/calibration
[6.591s] copying /voiture2A-ros/build/calibration/build/lib/calibration/__init__.py -> /voiture2A-ros/install/calibration/lib/python3.10/site-packages/calibration
[6.593s] byte-compiling /voiture2A-ros/install/calibration/lib/python3.10/site-packages/calibration/calibration_node.py to calibration_node.cpython-310.pyc
[6.620s] byte-compiling /voiture2A-ros/install/calibration/lib/python3.10/site-packages/calibration/__init__.py to __init__.cpython-310.pyc
[6.621s] running install_data
[6.621s] creating /voiture2A-ros/install/calibration/share/ament_index
[6.622s] creating /voiture2A-ros/install/calibration/share/ament_index/resource_index
[6.623s] creating /voiture2A-ros/install/calibration/share/ament_index/resource_index/packages
[6.628s] copying resource/calibration -> /voiture2A-ros/install/calibration/share/ament_index/resource_index/packages
[6.629s] copying package.xml -> /voiture2A-ros/install/calibration/share/calibration
[6.630s] running install_egg_info
[6.743s] Copying ../../build/calibration/calibration.egg-info to /voiture2A-ros/install/calibration/lib/python3.10/site-packages/calibration-0.0.0-py3.10.egg-info
[6.744s] running install_scripts
[6.754s] writing list of installed files to '/voiture2A-ros/build/calibration/install.log'
[6.832s] Invoked command in '/voiture2A-ros/src/calibration' returned '0': PYTHONPATH=/voiture2A-ros/build/calibration/prefix_override:/usr/lib/python3/dist-packages/colcon_core/task/python/colcon_distutils_commands:/voiture2A-ros/install/calibration/lib/python3.10/site-packages:${PYTHONPATH} /usr/bin/python3 -W ignore:setup.py install is deprecated -W ignore:easy_install command is deprecated setup.py egg_info --egg-base ../../build/calibration build --build-base /voiture2A-ros/build/calibration/build install --record /voiture2A-ros/build/calibration/install.log --single-version-externally-managed install_data
