[0.000000] (-) TimerEvent: {}
[0.000696] (gpsd_client) JobQueued: {'identifier': 'gpsd_client', 'dependencies': OrderedDict()}
[0.001420] (icm20948_driver) JobQueued: {'identifier': 'icm20948_driver', 'dependencies': OrderedDict()}
[0.001551] (notre_package) JobQueued: {'identifier': 'notre_package', 'dependencies': OrderedDict()}
[0.001668] (voiture2a_motors_driver) JobQueued: {'identifier': 'voiture2a_motors_driver', 'dependencies': OrderedDict()}
[0.008377] (gpsd_client) JobStarted: {'identifier': 'gpsd_client'}
[0.040141] (icm20948_driver) JobStarted: {'identifier': 'icm20948_driver'}
[0.060123] (notre_package) JobStarted: {'identifier': 'notre_package'}
[0.090476] (voiture2a_motors_driver) JobStarted: {'identifier': 'voiture2a_motors_driver'}
[0.099715] (-) TimerEvent: {}
[0.113236] (gpsd_client) JobProgress: {'identifier': 'gpsd_client', 'progress': 'cmake'}
[0.115187] (gpsd_client) JobProgress: {'identifier': 'gpsd_client', 'progress': 'build'}
[0.121175] (gpsd_client) Command: {'cmd': ['/usr/bin/cmake', '--build', '/voiture2A-ros/build/gpsd_client', '--', '-j16', '-l16'], 'cwd': '/voiture2A-ros/build/gpsd_client', 'env': OrderedDict([('COLCON', '1'), ('PYTHONPATH', '/opt/ros/rolling/lib/python3.10/site-packages'), ('LC_ALL', 'C.UTF-8'), ('PWD', '/voiture2A-ros/build/gpsd_client'), ('ROS_AUTOMATIC_DISCOVERY_RANGE', 'SUBNET'), ('AMENT_PREFIX_PATH', '/opt/ros/rolling'), ('LANG', 'C.UTF-8'), ('PATH', '/opt/ros/rolling/bin:/usr/local/sbin:/usr/local/bin:/usr/sbin:/usr/bin:/sbin:/bin'), ('ROS_VERSION', '2'), ('_', '/usr/bin/colcon'), ('ROS_DISTRO', 'rolling'), ('ROS_PYTHON_VERSION', '3'), ('OLDPWD', '/'), ('HOME', '/root'), ('LD_LIBRARY_PATH', '/opt/ros/rolling/lib/aarch64-linux-gnu:/opt/ros/rolling/lib'), ('SHLVL', '1'), ('HOSTNAME', 'd8171360ddbd'), ('CMAKE_PREFIX_PATH', '/opt/ros/rolling')]), 'shell': False}
[0.128334] (icm20948_driver) JobProgress: {'identifier': 'icm20948_driver', 'progress': 'cmake'}
[0.129738] (icm20948_driver) JobProgress: {'identifier': 'icm20948_driver', 'progress': 'build'}
[0.131148] (icm20948_driver) Command: {'cmd': ['/usr/bin/cmake', '--build', '/voiture2A-ros/build/icm20948_driver', '--', '-j16', '-l16'], 'cwd': '/voiture2A-ros/build/icm20948_driver', 'env': OrderedDict([('COLCON', '1'), ('PYTHONPATH', '/opt/ros/rolling/lib/python3.10/site-packages'), ('LC_ALL', 'C.UTF-8'), ('PWD', '/voiture2A-ros/build/icm20948_driver'), ('ROS_AUTOMATIC_DISCOVERY_RANGE', 'SUBNET'), ('AMENT_PREFIX_PATH', '/opt/ros/rolling'), ('LANG', 'C.UTF-8'), ('PATH', '/opt/ros/rolling/bin:/usr/local/sbin:/usr/local/bin:/usr/sbin:/usr/bin:/sbin:/bin'), ('ROS_VERSION', '2'), ('_', '/usr/bin/colcon'), ('ROS_DISTRO', 'rolling'), ('ROS_PYTHON_VERSION', '3'), ('OLDPWD', '/'), ('HOME', '/root'), ('LD_LIBRARY_PATH', '/opt/ros/rolling/lib/aarch64-linux-gnu:/opt/ros/rolling/lib'), ('SHLVL', '1'), ('HOSTNAME', 'd8171360ddbd'), ('CMAKE_PREFIX_PATH', '/opt/ros/rolling')]), 'shell': False}
[0.199984] (-) TimerEvent: {}
[0.300710] (-) TimerEvent: {}
[0.401421] (-) TimerEvent: {}
[0.502070] (-) TimerEvent: {}
[0.602652] (-) TimerEvent: {}
[0.703633] (-) TimerEvent: {}
[0.804263] (-) TimerEvent: {}
[0.904835] (-) TimerEvent: {}
[1.005430] (-) TimerEvent: {}
[1.106123] (-) TimerEvent: {}
[1.210356] (-) TimerEvent: {}
[1.311232] (-) TimerEvent: {}
[1.412129] (-) TimerEvent: {}
[1.512827] (-) TimerEvent: {}
[1.558112] (gpsd_client) StdoutLine: {'line': b'[  2%] Built target gpsd_client__rosidl_generator_type_description\n'}
[1.561321] (gpsd_client) StdoutLine: {'line': b'[  2%] Built target ament_cmake_python_copy_gpsd_client\n'}
[1.562303] (gpsd_client) StdoutLine: {'line': b'[  5%] Built target gpsd_client__cpp\n'}
[1.565093] (gpsd_client) StdoutLine: {'line': b'[ 19%] Built target gpsd_client__rosidl_generator_c\n'}
[1.565975] (gpsd_client) StdoutLine: {'line': b'[ 27%] Built target gpsd_client__rosidl_typesupport_fastrtps_c\n'}
[1.567625] (gpsd_client) StdoutLine: {'line': b'[ 44%] Built target gpsd_client__rosidl_typesupport_c\n'}
[1.568857] (gpsd_client) StdoutLine: {'line': b'[ 44%] Built target gpsd_client__rosidl_typesupport_introspection_c\n'}
[1.570874] (gpsd_client) StdoutLine: {'line': b'[ 52%] Built target gpsd_client__rosidl_typesupport_cpp\n'}
[1.571798] (gpsd_client) StdoutLine: {'line': b'[ 61%] Built target gpsd_client__rosidl_typesupport_fastrtps_cpp\n'}
[1.578469] (gpsd_client) StdoutLine: {'line': b'[ 69%] Built target gpsd_client__rosidl_typesupport_introspection_cpp\n'}
[1.579857] (icm20948_driver) StdoutLine: {'line': b'[  1%] Built target icm20948_driver__rosidl_generator_type_description\n'}
[1.580595] (icm20948_driver) StdoutLine: {'line': b'[  8%] Built target Fusion\n'}
[1.581158] (icm20948_driver) StdoutLine: {'line': b'[  8%] Built target ament_cmake_python_copy_icm20948_driver\n'}
[1.581814] (icm20948_driver) StdoutLine: {'line': b'[  9%] Built target icm20948_driver__cpp\n'}
[1.584272] (icm20948_driver) StdoutLine: {'line': b'[ 27%] Built target icm20948_driver__rosidl_generator_c\n'}
[1.584900] (icm20948_driver) StdoutLine: {'line': b'[ 36%] Built target icm20948_driver__rosidl_typesupport_c\n'}
[1.585726] (icm20948_driver) StdoutLine: {'line': b'[ 44%] Built target icm20948_driver__rosidl_typesupport_introspection_c\n'}
[1.589714] (icm20948_driver) StdoutLine: {'line': b'[ 52%] Built target icm20948_driver__rosidl_typesupport_fastrtps_c\n'}
[1.590333] (icm20948_driver) StdoutLine: {'line': b'[ 60%] Built target icm20948_driver__rosidl_typesupport_fastrtps_cpp\n'}
[1.590877] (icm20948_driver) StdoutLine: {'line': b'[ 68%] Built target icm20948_driver__rosidl_typesupport_cpp\n'}
[1.591412] (icm20948_driver) StdoutLine: {'line': b'[ 77%] Built target icm20948_driver__rosidl_typesupport_introspection_cpp\n'}
[1.591972] (voiture2a_motors_driver) JobProgress: {'identifier': 'voiture2a_motors_driver', 'progress': 'cmake'}
[1.592167] (voiture2a_motors_driver) JobProgress: {'identifier': 'voiture2a_motors_driver', 'progress': 'build'}
[1.592350] (voiture2a_motors_driver) Command: {'cmd': ['/usr/bin/cmake', '--build', '/voiture2A-ros/build/voiture2a_motors_driver', '--', '-j16', '-l16'], 'cwd': '/voiture2A-ros/build/voiture2a_motors_driver', 'env': OrderedDict([('COLCON', '1'), ('PYTHONPATH', '/opt/ros/rolling/lib/python3.10/site-packages'), ('LC_ALL', 'C.UTF-8'), ('PWD', '/voiture2A-ros/build/voiture2a_motors_driver'), ('ROS_AUTOMATIC_DISCOVERY_RANGE', 'SUBNET'), ('AMENT_PREFIX_PATH', '/opt/ros/rolling'), ('LANG', 'C.UTF-8'), ('PATH', '/opt/ros/rolling/bin:/usr/local/sbin:/usr/local/bin:/usr/sbin:/usr/bin:/sbin:/bin'), ('ROS_VERSION', '2'), ('_', '/usr/bin/colcon'), ('ROS_DISTRO', 'rolling'), ('ROS_PYTHON_VERSION', '3'), ('OLDPWD', '/'), ('HOME', '/root'), ('LD_LIBRARY_PATH', '/opt/ros/rolling/lib/aarch64-linux-gnu:/opt/ros/rolling/lib'), ('SHLVL', '1'), ('HOSTNAME', 'd8171360ddbd'), ('CMAKE_PREFIX_PATH', '/opt/ros/rolling')]), 'shell': False}
[1.615976] (-) TimerEvent: {}
[1.716904] (-) TimerEvent: {}
[1.792475] (gpsd_client) StdoutLine: {'line': b'[ 69%] Built target gpsd_client\n'}
[1.817227] (-) TimerEvent: {}
[1.891459] (gpsd_client) StdoutLine: {'line': b'[ 75%] Built target gpsd_node\n'}
[1.895175] (icm20948_driver) StdoutLine: {'line': b'[ 77%] Built target icm20948_driver\n'}
[1.911480] (icm20948_driver) StdoutLine: {'line': b'[ 81%] Built target icm20948\n'}
[1.917472] (-) TimerEvent: {}
[2.018180] (-) TimerEvent: {}
[2.111476] (gpsd_client) StdoutLine: {'line': b'[ 77%] Built target gpsd_client__py\n'}
[2.118451] (-) TimerEvent: {}
[2.182812] (icm20948_driver) StdoutLine: {'line': b'[ 83%] Built target icm20948_driver__py\n'}
[2.218743] (-) TimerEvent: {}
[2.253505] (voiture2a_motors_driver) StdoutLine: {'line': b'[  2%] Built target voiture2a_motors_driver__rosidl_generator_type_description\n'}
[2.319062] (-) TimerEvent: {}
[2.352785] (voiture2a_motors_driver) StdoutLine: {'line': b'[  2%] Built target ament_cmake_python_copy_voiture2a_motors_driver\n'}
[2.419403] (-) TimerEvent: {}
[2.431881] (gpsd_client) StdoutLine: {'line': b'[ 83%] Built target gpsd_client__rosidl_generator_py\n'}
[2.476333] (gpsd_client) StdoutLine: {'line': b'running egg_info\n'}
[2.482900] (gpsd_client) StdoutLine: {'line': b'writing gpsd_client.egg-info/PKG-INFO\n'}
[2.484599] (gpsd_client) StdoutLine: {'line': b'writing dependency_links to gpsd_client.egg-info/dependency_links.txt\n'}
[2.486728] (gpsd_client) StdoutLine: {'line': b'writing top-level names to gpsd_client.egg-info/top_level.txt\n'}
[2.487704] (icm20948_driver) StdoutLine: {'line': b'running egg_info\n'}
[2.491688] (icm20948_driver) StdoutLine: {'line': b'writing icm20948_driver.egg-info/PKG-INFO\n'}
[2.493298] (icm20948_driver) StdoutLine: {'line': b'writing dependency_links to icm20948_driver.egg-info/dependency_links.txt\n'}
[2.494633] (icm20948_driver) StdoutLine: {'line': b'writing top-level names to icm20948_driver.egg-info/top_level.txt\n'}
[2.506219] (gpsd_client) StdoutLine: {'line': b"reading manifest file 'gpsd_client.egg-info/SOURCES.txt'\n"}
[2.508293] (icm20948_driver) StdoutLine: {'line': b"reading manifest file 'icm20948_driver.egg-info/SOURCES.txt'\n"}
[2.512150] (gpsd_client) StdoutLine: {'line': b"writing manifest file 'gpsd_client.egg-info/SOURCES.txt'\n"}
[2.513532] (icm20948_driver) StdoutLine: {'line': b"writing manifest file 'icm20948_driver.egg-info/SOURCES.txt'\n"}
[2.519990] (icm20948_driver) StdoutLine: {'line': b'[ 90%] Built target icm20948_driver__rosidl_generator_py\n'}
[2.520896] (-) TimerEvent: {}
[2.571897] (voiture2a_motors_driver) StdoutLine: {'line': b'[  4%] Built target voiture2a_motors_driver__cpp\n'}
[2.621929] (-) TimerEvent: {}
[2.650532] (voiture2a_motors_driver) StdoutLine: {'line': b'[ 21%] Built target voiture2a_motors_driver__rosidl_generator_c\n'}
[2.709063] (icm20948_driver) StdoutLine: {'line': b'[ 90%] Built target ament_cmake_python_build_icm20948_driver_egg\n'}
[2.725346] (-) TimerEvent: {}
[2.744216] (gpsd_client) StdoutLine: {'line': b'[ 83%] Built target ament_cmake_python_build_gpsd_client_egg\n'}
[2.832353] (-) TimerEvent: {}
[2.848268] (gpsd_client) StdoutLine: {'line': b'[ 88%] Built target gpsd_client__rosidl_typesupport_fastrtps_c__pyext\n'}
[2.877123] (gpsd_client) StdoutLine: {'line': b'[ 97%] Built target gpsd_client__rosidl_typesupport_introspection_c__pyext\n'}
[2.878060] (gpsd_client) StdoutLine: {'line': b'[100%] Built target gpsd_client__rosidl_typesupport_c__pyext\n'}
[2.932665] (-) TimerEvent: {}
[2.941793] (icm20948_driver) StdoutLine: {'line': b'[ 93%] Built target icm20948_driver__rosidl_typesupport_fastrtps_c__pyext\n'}
[2.964560] (icm20948_driver) StdoutLine: {'line': b'[ 96%] Built target icm20948_driver__rosidl_typesupport_introspection_c__pyext\n'}
[2.994398] (icm20948_driver) StdoutLine: {'line': b'[100%] Built target icm20948_driver__rosidl_typesupport_c__pyext\n'}
[3.020001] (gpsd_client) CommandEnded: {'returncode': 0}
[3.026970] (gpsd_client) JobProgress: {'identifier': 'gpsd_client', 'progress': 'install'}
[3.033009] (-) TimerEvent: {}
[3.126044] (gpsd_client) Command: {'cmd': ['/usr/bin/cmake', '--install', '/voiture2A-ros/build/gpsd_client'], 'cwd': '/voiture2A-ros/build/gpsd_client', 'env': OrderedDict([('COLCON', '1'), ('PYTHONPATH', '/opt/ros/rolling/lib/python3.10/site-packages'), ('LC_ALL', 'C.UTF-8'), ('PWD', '/voiture2A-ros/build/gpsd_client'), ('ROS_AUTOMATIC_DISCOVERY_RANGE', 'SUBNET'), ('AMENT_PREFIX_PATH', '/opt/ros/rolling'), ('LANG', 'C.UTF-8'), ('PATH', '/opt/ros/rolling/bin:/usr/local/sbin:/usr/local/bin:/usr/sbin:/usr/bin:/sbin:/bin'), ('ROS_VERSION', '2'), ('_', '/usr/bin/colcon'), ('ROS_DISTRO', 'rolling'), ('ROS_PYTHON_VERSION', '3'), ('OLDPWD', '/'), ('HOME', '/root'), ('LD_LIBRARY_PATH', '/opt/ros/rolling/lib/aarch64-linux-gnu:/opt/ros/rolling/lib'), ('SHLVL', '1'), ('HOSTNAME', 'd8171360ddbd'), ('CMAKE_PREFIX_PATH', '/opt/ros/rolling')]), 'shell': False}
[3.133277] (-) TimerEvent: {}
[3.139032] (voiture2a_motors_driver) StdoutLine: {'line': b'[ 31%] Built target voiture2a_motors_driver__rosidl_typesupport_introspection_c\n'}
[3.140191] (voiture2a_motors_driver) StdoutLine: {'line': b'[ 38%] Built target voiture2a_motors_driver__rosidl_typesupport_fastrtps_c\n'}
[3.140584] (voiture2a_motors_driver) StdoutLine: {'line': b'[ 46%] Built target voiture2a_motors_driver__rosidl_typesupport_introspection_cpp\n'}
[3.140957] (voiture2a_motors_driver) StdoutLine: {'line': b'[ 55%] Built target voiture2a_motors_driver__rosidl_typesupport_c\n'}
[3.141656] (voiture2a_motors_driver) StdoutLine: {'line': b'[ 63%] Built target voiture2a_motors_driver__rosidl_typesupport_cpp\n'}
[3.142068] (voiture2a_motors_driver) StdoutLine: {'line': b'[ 72%] Built target voiture2a_motors_driver__rosidl_typesupport_fastrtps_cpp\n'}
[3.142708] (icm20948_driver) CommandEnded: {'returncode': 0}
[3.145220] (icm20948_driver) JobProgress: {'identifier': 'icm20948_driver', 'progress': 'install'}
[3.146854] (icm20948_driver) Command: {'cmd': ['/usr/bin/cmake', '--install', '/voiture2A-ros/build/icm20948_driver'], 'cwd': '/voiture2A-ros/build/icm20948_driver', 'env': OrderedDict([('COLCON', '1'), ('PYTHONPATH', '/opt/ros/rolling/lib/python3.10/site-packages'), ('LC_ALL', 'C.UTF-8'), ('PWD', '/voiture2A-ros/build/icm20948_driver'), ('ROS_AUTOMATIC_DISCOVERY_RANGE', 'SUBNET'), ('AMENT_PREFIX_PATH', '/opt/ros/rolling'), ('LANG', 'C.UTF-8'), ('PATH', '/opt/ros/rolling/bin:/usr/local/sbin:/usr/local/bin:/usr/sbin:/usr/bin:/sbin:/bin'), ('ROS_VERSION', '2'), ('_', '/usr/bin/colcon'), ('ROS_DISTRO', 'rolling'), ('ROS_PYTHON_VERSION', '3'), ('OLDPWD', '/'), ('HOME', '/root'), ('LD_LIBRARY_PATH', '/opt/ros/rolling/lib/aarch64-linux-gnu:/opt/ros/rolling/lib'), ('SHLVL', '1'), ('HOSTNAME', 'd8171360ddbd'), ('CMAKE_PREFIX_PATH', '/opt/ros/rolling')]), 'shell': False}
[3.229620] (gpsd_client) StdoutLine: {'line': b'-- Install configuration: ""\n'}
[3.232784] (gpsd_client) StdoutLine: {'line': b'-- Up-to-date: /voiture2A-ros/install/gpsd_client/share/ament_index/resource_index/rosidl_interfaces/gpsd_client\n'}
[3.233633] (-) TimerEvent: {}
[3.234754] (gpsd_client) StdoutLine: {'line': b'-- Up-to-date: /voiture2A-ros/install/gpsd_client/share/gpsd_client/msg/GpsFix.json\n'}
[3.235473] (gpsd_client) StdoutLine: {'line': b'-- Up-to-date: /voiture2A-ros/install/gpsd_client/include/gpsd_client/gpsd_client\n'}
[3.236137] (gpsd_client) StdoutLine: {'line': b'-- Up-to-date: /voiture2A-ros/install/gpsd_client/include/gpsd_client/gpsd_client/msg\n'}
[3.236755] (gpsd_client) StdoutLine: {'line': b'-- Up-to-date: /voiture2A-ros/install/gpsd_client/include/gpsd_client/gpsd_client/msg/gps_fix.h\n'}
[3.238455] (gpsd_client) StdoutLine: {'line': b'-- Up-to-date: /voiture2A-ros/install/gpsd_client/include/gpsd_client/gpsd_client/msg/rosidl_generator_c__visibility_control.h\n'}
[3.239104] (gpsd_client) StdoutLine: {'line': b'-- Up-to-date: /voiture2A-ros/install/gpsd_client/include/gpsd_client/gpsd_client/msg/detail\n'}
[3.239663] (gpsd_client) StdoutLine: {'line': b'-- Up-to-date: /voiture2A-ros/install/gpsd_client/include/gpsd_client/gpsd_client/msg/detail/gps_fix__functions.h\n'}
[3.240326] (gpsd_client) StdoutLine: {'line': b'-- Up-to-date: /voiture2A-ros/install/gpsd_client/include/gpsd_client/gpsd_client/msg/detail/gps_fix__description.c\n'}
[3.240883] (gpsd_client) StdoutLine: {'line': b'-- Up-to-date: /voiture2A-ros/install/gpsd_client/include/gpsd_client/gpsd_client/msg/detail/gps_fix__functions.c\n'}
[3.242107] (gpsd_client) StdoutLine: {'line': b'-- Up-to-date: /voiture2A-ros/install/gpsd_client/include/gpsd_client/gpsd_client/msg/detail/gps_fix__struct.h\n'}
[3.243314] (gpsd_client) StdoutLine: {'line': b'-- Up-to-date: /voiture2A-ros/install/gpsd_client/include/gpsd_client/gpsd_client/msg/detail/gps_fix__type_support.h\n'}
[3.244498] (gpsd_client) StdoutLine: {'line': b'-- Installing: /voiture2A-ros/install/gpsd_client/include/gpsd_client/gpsd_client/msg/detail/gps_fix__type_support.c\n'}
[3.245324] (gpsd_client) StdoutLine: {'line': b'-- Up-to-date: /voiture2A-ros/install/gpsd_client/share/gpsd_client/environment/library_path.sh\n'}
[3.246181] (gpsd_client) StdoutLine: {'line': b'-- Up-to-date: /voiture2A-ros/install/gpsd_client/share/gpsd_client/environment/library_path.dsv\n'}
[3.248456] (gpsd_client) StdoutLine: {'line': b'-- Up-to-date: /voiture2A-ros/install/gpsd_client/lib/libgpsd_client__rosidl_generator_c.so\n'}
[3.249849] (gpsd_client) StdoutLine: {'line': b'-- Up-to-date: /voiture2A-ros/install/gpsd_client/include/gpsd_client/gpsd_client\n'}
[3.251077] (gpsd_client) StdoutLine: {'line': b'-- Up-to-date: /voiture2A-ros/install/gpsd_client/include/gpsd_client/gpsd_client/msg\n'}
[3.253991] (gpsd_client) StdoutLine: {'line': b'-- Up-to-date: /voiture2A-ros/install/gpsd_client/include/gpsd_client/gpsd_client/msg/rosidl_typesupport_fastrtps_c__visibility_control.h\n'}
[3.255322] (gpsd_client) StdoutLine: {'line': b'-- Up-to-date: /voiture2A-ros/install/gpsd_client/include/gpsd_client/gpsd_client/msg/detail\n'}
[3.255947] (gpsd_client) StdoutLine: {'line': b'-- Up-to-date: /voiture2A-ros/install/gpsd_client/include/gpsd_client/gpsd_client/msg/detail/gps_fix__rosidl_typesupport_fastrtps_c.h\n'}
[3.256792] (gpsd_client) StdoutLine: {'line': b'-- Up-to-date: /voiture2A-ros/install/gpsd_client/lib/libgpsd_client__rosidl_typesupport_fastrtps_c.so\n'}
[3.257424] (gpsd_client) StdoutLine: {'line': b'-- Up-to-date: /voiture2A-ros/install/gpsd_client/include/gpsd_client/gpsd_client\n'}
[3.257988] (gpsd_client) StdoutLine: {'line': b'-- Up-to-date: /voiture2A-ros/install/gpsd_client/include/gpsd_client/gpsd_client/msg\n'}
[3.258606] (gpsd_client) StdoutLine: {'line': b'-- Up-to-date: /voiture2A-ros/install/gpsd_client/include/gpsd_client/gpsd_client/msg/rosidl_typesupport_introspection_c__visibility_control.h\n'}
[3.259596] (gpsd_client) StdoutLine: {'line': b'-- Up-to-date: /voiture2A-ros/install/gpsd_client/include/gpsd_client/gpsd_client/msg/detail\n'}
[3.263786] (gpsd_client) StdoutLine: {'line': b'-- Up-to-date: /voiture2A-ros/install/gpsd_client/include/gpsd_client/gpsd_client/msg/detail/gps_fix__rosidl_typesupport_introspection_c.h\n'}
[3.269219] (gpsd_client) StdoutLine: {'line': b'-- Installing: /voiture2A-ros/install/gpsd_client/include/gpsd_client/gpsd_client/msg/detail/gps_fix__type_support.c\n'}
[3.273140] (gpsd_client) StdoutLine: {'line': b'-- Up-to-date: /voiture2A-ros/install/gpsd_client/lib/libgpsd_client__rosidl_typesupport_introspection_c.so\n'}
[3.274456] (gpsd_client) StdoutLine: {'line': b'-- Up-to-date: /voiture2A-ros/install/gpsd_client/lib/libgpsd_client__rosidl_typesupport_c.so\n'}
[3.275849] (gpsd_client) StdoutLine: {'line': b'-- Up-to-date: /voiture2A-ros/install/gpsd_client/include/gpsd_client/gpsd_client\n'}
[3.278396] (gpsd_client) StdoutLine: {'line': b'-- Up-to-date: /voiture2A-ros/install/gpsd_client/include/gpsd_client/gpsd_client/msg\n'}
[3.282431] (gpsd_client) StdoutLine: {'line': b'-- Up-to-date: /voiture2A-ros/install/gpsd_client/include/gpsd_client/gpsd_client/msg/gps_fix.hpp\n'}
[3.283307] (gpsd_client) StdoutLine: {'line': b'-- Up-to-date: /voiture2A-ros/install/gpsd_client/include/gpsd_client/gpsd_client/msg/detail\n'}
[3.284142] (gpsd_client) StdoutLine: {'line': b'-- Up-to-date: /voiture2A-ros/install/gpsd_client/include/gpsd_client/gpsd_client/msg/detail/gps_fix__traits.hpp\n'}
[3.286607] (gpsd_client) StdoutLine: {'line': b'-- Up-to-date: /voiture2A-ros/install/gpsd_client/include/gpsd_client/gpsd_client/msg/detail/gps_fix__builder.hpp\n'}
[3.287871] (gpsd_client) StdoutLine: {'line': b'-- Up-to-date: /voiture2A-ros/install/gpsd_client/include/gpsd_client/gpsd_client/msg/detail/gps_fix__struct.hpp\n'}
[3.288965] (gpsd_client) StdoutLine: {'line': b'-- Up-to-date: /voiture2A-ros/install/gpsd_client/include/gpsd_client/gpsd_client/msg/detail/gps_fix__type_support.hpp\n'}
[3.289859] (gpsd_client) StdoutLine: {'line': b'-- Up-to-date: /voiture2A-ros/install/gpsd_client/include/gpsd_client/gpsd_client/msg/rosidl_generator_cpp__visibility_control.hpp\n'}
[3.290561] (gpsd_client) StdoutLine: {'line': b'-- Up-to-date: /voiture2A-ros/install/gpsd_client/include/gpsd_client/gpsd_client\n'}
[3.291195] (gpsd_client) StdoutLine: {'line': b'-- Up-to-date: /voiture2A-ros/install/gpsd_client/include/gpsd_client/gpsd_client/msg\n'}
[3.291893] (icm20948_driver) StdoutLine: {'line': b'-- Install configuration: ""\n'}
[3.292594] (gpsd_client) StdoutLine: {'line': b'-- Up-to-date: /voiture2A-ros/install/gpsd_client/include/gpsd_client/gpsd_client/msg/rosidl_typesupport_fastrtps_cpp__visibility_control.h\n'}
[3.293205] (gpsd_client) StdoutLine: {'line': b'-- Up-to-date: /voiture2A-ros/install/gpsd_client/include/gpsd_client/gpsd_client/msg/detail\n'}
[3.293766] (gpsd_client) StdoutLine: {'line': b'-- Up-to-date: /voiture2A-ros/install/gpsd_client/include/gpsd_client/gpsd_client/msg/detail/dds_fastrtps\n'}
[3.294328] (gpsd_client) StdoutLine: {'line': b'-- Up-to-date: /voiture2A-ros/install/gpsd_client/include/gpsd_client/gpsd_client/msg/detail/gps_fix__rosidl_typesupport_fastrtps_cpp.hpp\n'}
[3.294851] (gpsd_client) StdoutLine: {'line': b'-- Up-to-date: /voiture2A-ros/install/gpsd_client/lib/libgpsd_client__rosidl_typesupport_fastrtps_cpp.so\n'}
[3.295391] (gpsd_client) StdoutLine: {'line': b'-- Up-to-date: /voiture2A-ros/install/gpsd_client/include/gpsd_client/gpsd_client\n'}
[3.295892] (gpsd_client) StdoutLine: {'line': b'-- Up-to-date: /voiture2A-ros/install/gpsd_client/include/gpsd_client/gpsd_client/msg\n'}
[3.296403] (gpsd_client) StdoutLine: {'line': b'-- Up-to-date: /voiture2A-ros/install/gpsd_client/include/gpsd_client/gpsd_client/msg/detail\n'}
[3.296905] (gpsd_client) StdoutLine: {'line': b'-- Up-to-date: /voiture2A-ros/install/gpsd_client/include/gpsd_client/gpsd_client/msg/detail/gps_fix__type_support.cpp\n'}
[3.297449] (gpsd_client) StdoutLine: {'line': b'-- Up-to-date: /voiture2A-ros/install/gpsd_client/include/gpsd_client/gpsd_client/msg/detail/gps_fix__rosidl_typesupport_introspection_cpp.hpp\n'}
[3.297955] (gpsd_client) StdoutLine: {'line': b'-- Up-to-date: /voiture2A-ros/install/gpsd_client/lib/libgpsd_client__rosidl_typesupport_introspection_cpp.so\n'}
[3.298481] (icm20948_driver) StdoutLine: {'line': b'-- Up-to-date: /voiture2A-ros/install/icm20948_driver/share/ament_index/resource_index/rosidl_interfaces/icm20948_driver\n'}
[3.299010] (gpsd_client) StdoutLine: {'line': b'-- Up-to-date: /voiture2A-ros/install/gpsd_client/lib/libgpsd_client__rosidl_typesupport_cpp.so\n'}
[3.299409] (gpsd_client) StdoutLine: {'line': b'-- Up-to-date: /voiture2A-ros/install/gpsd_client/share/gpsd_client/environment/pythonpath.sh\n'}
[3.299752] (gpsd_client) StdoutLine: {'line': b'-- Up-to-date: /voiture2A-ros/install/gpsd_client/share/gpsd_client/environment/pythonpath.dsv\n'}
[3.300086] (icm20948_driver) StdoutLine: {'line': b'-- Up-to-date: /voiture2A-ros/install/icm20948_driver/share/icm20948_driver/msg/RPY.json\n'}
[3.300425] (icm20948_driver) StdoutLine: {'line': b'-- Up-to-date: /voiture2A-ros/install/icm20948_driver/share/icm20948_driver/msg/RawData.json\n'}
[3.300748] (gpsd_client) StdoutLine: {'line': b'-- Up-to-date: /voiture2A-ros/install/gpsd_client/lib/python3.10/site-packages/gpsd_client-1.0.0-py3.10.egg-info\n'}
[3.301082] (gpsd_client) StdoutLine: {'line': b'-- Installing: /voiture2A-ros/install/gpsd_client/lib/python3.10/site-packages/gpsd_client-1.0.0-py3.10.egg-info/dependency_links.txt\n'}
[3.301403] (icm20948_driver) StdoutLine: {'line': b'-- Up-to-date: /voiture2A-ros/install/icm20948_driver/share/icm20948_driver/msg/DebugFusion.json\n'}
[3.301708] (gpsd_client) StdoutLine: {'line': b'-- Installing: /voiture2A-ros/install/gpsd_client/lib/python3.10/site-packages/gpsd_client-1.0.0-py3.10.egg-info/PKG-INFO\n'}
[3.302027] (icm20948_driver) StdoutLine: {'line': b'-- Up-to-date: /voiture2A-ros/install/icm20948_driver/include/icm20948_driver/icm20948_driver\n'}
[3.302355] (gpsd_client) StdoutLine: {'line': b'-- Installing: /voiture2A-ros/install/gpsd_client/lib/python3.10/site-packages/gpsd_client-1.0.0-py3.10.egg-info/top_level.txt\n'}
[3.302675] (gpsd_client) StdoutLine: {'line': b'-- Installing: /voiture2A-ros/install/gpsd_client/lib/python3.10/site-packages/gpsd_client-1.0.0-py3.10.egg-info/SOURCES.txt\n'}
[3.302979] (icm20948_driver) StdoutLine: {'line': b'-- Up-to-date: /voiture2A-ros/install/icm20948_driver/include/icm20948_driver/icm20948_driver/msg\n'}
[3.303302] (icm20948_driver) StdoutLine: {'line': b'-- Up-to-date: /voiture2A-ros/install/icm20948_driver/include/icm20948_driver/icm20948_driver/msg/rosidl_generator_c__visibility_control.h\n'}
[3.303628] (icm20948_driver) StdoutLine: {'line': b'-- Up-to-date: /voiture2A-ros/install/icm20948_driver/include/icm20948_driver/icm20948_driver/msg/raw_data.h\n'}
[3.303952] (icm20948_driver) StdoutLine: {'line': b'-- Up-to-date: /voiture2A-ros/install/icm20948_driver/include/icm20948_driver/icm20948_driver/msg/debug_fusion.h\n'}
[3.304300] (gpsd_client) StdoutLine: {'line': b'-- Up-to-date: /voiture2A-ros/install/gpsd_client/lib/python3.10/site-packages/gpsd_client\n'}
[3.304611] (icm20948_driver) StdoutLine: {'line': b'-- Up-to-date: /voiture2A-ros/install/icm20948_driver/include/icm20948_driver/icm20948_driver/msg/detail\n'}
[3.304917] (icm20948_driver) StdoutLine: {'line': b'-- Installing: /voiture2A-ros/install/icm20948_driver/include/icm20948_driver/icm20948_driver/msg/detail/raw_data__type_support.c\n'}
[3.305231] (gpsd_client) StdoutLine: {'line': b'-- Up-to-date: /voiture2A-ros/install/gpsd_client/lib/python3.10/site-packages/gpsd_client/_gpsd_client_s.ep.rosidl_typesupport_c.c\n'}
[3.305552] (gpsd_client) StdoutLine: {'line': b'-- Up-to-date: /voiture2A-ros/install/gpsd_client/lib/python3.10/site-packages/gpsd_client/msg\n'}
[3.305868] (gpsd_client) StdoutLine: {'line': b'-- Up-to-date: /voiture2A-ros/install/gpsd_client/lib/python3.10/site-packages/gpsd_client/msg/_gps_fix.py\n'}
[3.306213] (gpsd_client) StdoutLine: {'line': b'-- Up-to-date: /voiture2A-ros/install/gpsd_client/lib/python3.10/site-packages/gpsd_client/msg/_gps_fix_s.c\n'}
[3.306590] (gpsd_client) StdoutLine: {'line': b'-- Up-to-date: /voiture2A-ros/install/gpsd_client/lib/python3.10/site-packages/gpsd_client/msg/__init__.py\n'}
[3.306932] (gpsd_client) StdoutLine: {'line': b'-- Up-to-date: /voiture2A-ros/install/gpsd_client/lib/python3.10/site-packages/gpsd_client/_gpsd_client_s.ep.rosidl_typesupport_fastrtps_c.c\n'}
[3.307289] (gpsd_client) StdoutLine: {'line': b'-- Up-to-date: /voiture2A-ros/install/gpsd_client/lib/python3.10/site-packages/gpsd_client/_gpsd_client_s.ep.rosidl_typesupport_introspection_c.c\n'}
[3.307631] (gpsd_client) StdoutLine: {'line': b'-- Up-to-date: /voiture2A-ros/install/gpsd_client/lib/python3.10/site-packages/gpsd_client/__init__.py\n'}
[3.307966] (icm20948_driver) StdoutLine: {'line': b'-- Up-to-date: /voiture2A-ros/install/icm20948_driver/include/icm20948_driver/icm20948_driver/msg/detail/rpy__type_support.h\n'}
[3.308337] (icm20948_driver) StdoutLine: {'line': b'-- Up-to-date: /voiture2A-ros/install/icm20948_driver/include/icm20948_driver/icm20948_driver/msg/detail/raw_data__functions.h\n'}
[3.308690] (icm20948_driver) StdoutLine: {'line': b'-- Up-to-date: /voiture2A-ros/install/icm20948_driver/include/icm20948_driver/icm20948_driver/msg/detail/rpy__description.c\n'}
[3.309118] (icm20948_driver) StdoutLine: {'line': b'-- Up-to-date: /voiture2A-ros/install/icm20948_driver/include/icm20948_driver/icm20948_driver/msg/detail/debug_fusion__functions.c\n'}
[3.309626] (icm20948_driver) StdoutLine: {'line': b'-- Installing: /voiture2A-ros/install/icm20948_driver/include/icm20948_driver/icm20948_driver/msg/detail/rpy__type_support.c\n'}
[3.310054] (icm20948_driver) StdoutLine: {'line': b'-- Up-to-date: /voiture2A-ros/install/icm20948_driver/include/icm20948_driver/icm20948_driver/msg/detail/debug_fusion__struct.h\n'}
[3.310382] (icm20948_driver) StdoutLine: {'line': b'-- Up-to-date: /voiture2A-ros/install/icm20948_driver/include/icm20948_driver/icm20948_driver/msg/detail/raw_data__functions.c\n'}
[3.310684] (icm20948_driver) StdoutLine: {'line': b'-- Up-to-date: /voiture2A-ros/install/icm20948_driver/include/icm20948_driver/icm20948_driver/msg/detail/rpy__functions.c\n'}
[3.311024] (icm20948_driver) StdoutLine: {'line': b'-- Up-to-date: /voiture2A-ros/install/icm20948_driver/include/icm20948_driver/icm20948_driver/msg/detail/debug_fusion__description.c\n'}
[3.311346] (icm20948_driver) StdoutLine: {'line': b'-- Up-to-date: /voiture2A-ros/install/icm20948_driver/include/icm20948_driver/icm20948_driver/msg/detail/raw_data__struct.h\n'}
[3.311653] (icm20948_driver) StdoutLine: {'line': b'-- Up-to-date: /voiture2A-ros/install/icm20948_driver/include/icm20948_driver/icm20948_driver/msg/detail/raw_data__description.c\n'}
[3.311972] (icm20948_driver) StdoutLine: {'line': b'-- Up-to-date: /voiture2A-ros/install/icm20948_driver/include/icm20948_driver/icm20948_driver/msg/detail/rpy__struct.h\n'}
[3.312311] (icm20948_driver) StdoutLine: {'line': b'-- Up-to-date: /voiture2A-ros/install/icm20948_driver/include/icm20948_driver/icm20948_driver/msg/detail/rpy__functions.h\n'}
[3.312653] (icm20948_driver) StdoutLine: {'line': b'-- Installing: /voiture2A-ros/install/icm20948_driver/include/icm20948_driver/icm20948_driver/msg/detail/debug_fusion__type_support.c\n'}
[3.312957] (icm20948_driver) StdoutLine: {'line': b'-- Up-to-date: /voiture2A-ros/install/icm20948_driver/include/icm20948_driver/icm20948_driver/msg/detail/debug_fusion__functions.h\n'}
[3.313268] (icm20948_driver) StdoutLine: {'line': b'-- Up-to-date: /voiture2A-ros/install/icm20948_driver/include/icm20948_driver/icm20948_driver/msg/detail/debug_fusion__type_support.h\n'}
[3.313573] (icm20948_driver) StdoutLine: {'line': b'-- Up-to-date: /voiture2A-ros/install/icm20948_driver/include/icm20948_driver/icm20948_driver/msg/detail/raw_data__type_support.h\n'}
[3.313867] (icm20948_driver) StdoutLine: {'line': b'-- Up-to-date: /voiture2A-ros/install/icm20948_driver/include/icm20948_driver/icm20948_driver/msg/rpy.h\n'}
[3.314185] (icm20948_driver) StdoutLine: {'line': b'-- Up-to-date: /voiture2A-ros/install/icm20948_driver/share/icm20948_driver/environment/library_path.sh\n'}
[3.314501] (icm20948_driver) StdoutLine: {'line': b'-- Up-to-date: /voiture2A-ros/install/icm20948_driver/share/icm20948_driver/environment/library_path.dsv\n'}
[3.314809] (icm20948_driver) StdoutLine: {'line': b'-- Up-to-date: /voiture2A-ros/install/icm20948_driver/lib/libicm20948_driver__rosidl_generator_c.so\n'}
[3.315122] (icm20948_driver) StdoutLine: {'line': b'-- Up-to-date: /voiture2A-ros/install/icm20948_driver/include/icm20948_driver/icm20948_driver\n'}
[3.315429] (icm20948_driver) StdoutLine: {'line': b'-- Up-to-date: /voiture2A-ros/install/icm20948_driver/include/icm20948_driver/icm20948_driver/msg\n'}
[3.315728] (icm20948_driver) StdoutLine: {'line': b'-- Up-to-date: /voiture2A-ros/install/icm20948_driver/include/icm20948_driver/icm20948_driver/msg/rosidl_typesupport_fastrtps_c__visibility_control.h\n'}
[3.316052] (icm20948_driver) StdoutLine: {'line': b'-- Up-to-date: /voiture2A-ros/install/icm20948_driver/include/icm20948_driver/icm20948_driver/msg/detail\n'}
[3.316367] (icm20948_driver) StdoutLine: {'line': b'-- Up-to-date: /voiture2A-ros/install/icm20948_driver/include/icm20948_driver/icm20948_driver/msg/detail/rpy__rosidl_typesupport_fastrtps_c.h\n'}
[3.316662] (icm20948_driver) StdoutLine: {'line': b'-- Up-to-date: /voiture2A-ros/install/icm20948_driver/include/icm20948_driver/icm20948_driver/msg/detail/raw_data__rosidl_typesupport_fastrtps_c.h\n'}
[3.316962] (icm20948_driver) StdoutLine: {'line': b'-- Up-to-date: /voiture2A-ros/install/icm20948_driver/include/icm20948_driver/icm20948_driver/msg/detail/debug_fusion__rosidl_typesupport_fastrtps_c.h\n'}
[3.317285] (icm20948_driver) StdoutLine: {'line': b'-- Up-to-date: /voiture2A-ros/install/icm20948_driver/lib/libicm20948_driver__rosidl_typesupport_fastrtps_c.so\n'}
[3.317583] (icm20948_driver) StdoutLine: {'line': b'-- Up-to-date: /voiture2A-ros/install/icm20948_driver/include/icm20948_driver/icm20948_driver\n'}
[3.317874] (icm20948_driver) StdoutLine: {'line': b'-- Up-to-date: /voiture2A-ros/install/icm20948_driver/include/icm20948_driver/icm20948_driver/msg\n'}
[3.318181] (icm20948_driver) StdoutLine: {'line': b'-- Up-to-date: /voiture2A-ros/install/icm20948_driver/include/icm20948_driver/icm20948_driver/msg/detail\n'}
[3.318480] (icm20948_driver) StdoutLine: {'line': b'-- Up-to-date: /voiture2A-ros/install/icm20948_driver/include/icm20948_driver/icm20948_driver/msg/detail/debug_fusion__struct.hpp\n'}
[3.318781] (icm20948_driver) StdoutLine: {'line': b'-- Up-to-date: /voiture2A-ros/install/icm20948_driver/include/icm20948_driver/icm20948_driver/msg/detail/raw_data__traits.hpp\n'}
[3.319109] (icm20948_driver) StdoutLine: {'line': b'-- Up-to-date: /voiture2A-ros/install/icm20948_driver/include/icm20948_driver/icm20948_driver/msg/detail/debug_fusion__traits.hpp\n'}
[3.319413] (icm20948_driver) StdoutLine: {'line': b'-- Up-to-date: /voiture2A-ros/install/icm20948_driver/include/icm20948_driver/icm20948_driver/msg/detail/raw_data__builder.hpp\n'}
[3.319705] (icm20948_driver) StdoutLine: {'line': b'-- Up-to-date: /voiture2A-ros/install/icm20948_driver/include/icm20948_driver/icm20948_driver/msg/detail/debug_fusion__type_support.hpp\n'}
[3.319995] (icm20948_driver) StdoutLine: {'line': b'-- Up-to-date: /voiture2A-ros/install/icm20948_driver/include/icm20948_driver/icm20948_driver/msg/detail/rpy__traits.hpp\n'}
[3.320311] (icm20948_driver) StdoutLine: {'line': b'-- Up-to-date: /voiture2A-ros/install/icm20948_driver/include/icm20948_driver/icm20948_driver/msg/detail/rpy__type_support.hpp\n'}
[3.320604] (icm20948_driver) StdoutLine: {'line': b'-- Up-to-date: /voiture2A-ros/install/icm20948_driver/include/icm20948_driver/icm20948_driver/msg/detail/debug_fusion__builder.hpp\n'}
[3.320887] (icm20948_driver) StdoutLine: {'line': b'-- Up-to-date: /voiture2A-ros/install/icm20948_driver/include/icm20948_driver/icm20948_driver/msg/detail/rpy__struct.hpp\n'}
[3.321197] (icm20948_driver) StdoutLine: {'line': b'-- Up-to-date: /voiture2A-ros/install/icm20948_driver/include/icm20948_driver/icm20948_driver/msg/detail/rpy__builder.hpp\n'}
[3.321493] (icm20948_driver) StdoutLine: {'line': b'-- Up-to-date: /voiture2A-ros/install/icm20948_driver/include/icm20948_driver/icm20948_driver/msg/detail/raw_data__struct.hpp\n'}
[3.321788] (icm20948_driver) StdoutLine: {'line': b'-- Up-to-date: /voiture2A-ros/install/icm20948_driver/include/icm20948_driver/icm20948_driver/msg/detail/raw_data__type_support.hpp\n'}
[3.322083] (icm20948_driver) StdoutLine: {'line': b'-- Up-to-date: /voiture2A-ros/install/icm20948_driver/include/icm20948_driver/icm20948_driver/msg/rosidl_generator_cpp__visibility_control.hpp\n'}
[3.322394] (icm20948_driver) StdoutLine: {'line': b'-- Up-to-date: /voiture2A-ros/install/icm20948_driver/include/icm20948_driver/icm20948_driver/msg/debug_fusion.hpp\n'}
[3.322712] (icm20948_driver) StdoutLine: {'line': b'-- Up-to-date: /voiture2A-ros/install/icm20948_driver/include/icm20948_driver/icm20948_driver/msg/rpy.hpp\n'}
[3.323006] (icm20948_driver) StdoutLine: {'line': b'-- Up-to-date: /voiture2A-ros/install/icm20948_driver/include/icm20948_driver/icm20948_driver/msg/raw_data.hpp\n'}
[3.323328] (icm20948_driver) StdoutLine: {'line': b'-- Up-to-date: /voiture2A-ros/install/icm20948_driver/include/icm20948_driver/icm20948_driver\n'}
[3.323619] (icm20948_driver) StdoutLine: {'line': b'-- Up-to-date: /voiture2A-ros/install/icm20948_driver/include/icm20948_driver/icm20948_driver/msg\n'}
[3.323902] (icm20948_driver) StdoutLine: {'line': b'-- Up-to-date: /voiture2A-ros/install/icm20948_driver/include/icm20948_driver/icm20948_driver/msg/rosidl_typesupport_fastrtps_cpp__visibility_control.h\n'}
[3.324214] (icm20948_driver) StdoutLine: {'line': b'-- Up-to-date: /voiture2A-ros/install/icm20948_driver/include/icm20948_driver/icm20948_driver/msg/detail\n'}
[3.324498] (icm20948_driver) StdoutLine: {'line': b'-- Up-to-date: /voiture2A-ros/install/icm20948_driver/include/icm20948_driver/icm20948_driver/msg/detail/dds_fastrtps\n'}
[3.324775] (icm20948_driver) StdoutLine: {'line': b'-- Up-to-date: /voiture2A-ros/install/icm20948_driver/include/icm20948_driver/icm20948_driver/msg/detail/raw_data__rosidl_typesupport_fastrtps_cpp.hpp\n'}
[3.325071] (icm20948_driver) StdoutLine: {'line': b'-- Up-to-date: /voiture2A-ros/install/icm20948_driver/include/icm20948_driver/icm20948_driver/msg/detail/rpy__rosidl_typesupport_fastrtps_cpp.hpp\n'}
[3.325383] (icm20948_driver) StdoutLine: {'line': b'-- Up-to-date: /voiture2A-ros/install/icm20948_driver/include/icm20948_driver/icm20948_driver/msg/detail/debug_fusion__rosidl_typesupport_fastrtps_cpp.hpp\n'}
[3.325672] (icm20948_driver) StdoutLine: {'line': b'-- Up-to-date: /voiture2A-ros/install/icm20948_driver/lib/libicm20948_driver__rosidl_typesupport_fastrtps_cpp.so\n'}
[3.325998] (icm20948_driver) StdoutLine: {'line': b'-- Up-to-date: /voiture2A-ros/install/icm20948_driver/include/icm20948_driver/icm20948_driver\n'}
[3.326316] (icm20948_driver) StdoutLine: {'line': b'-- Up-to-date: /voiture2A-ros/install/icm20948_driver/include/icm20948_driver/icm20948_driver/msg\n'}
[3.326613] (icm20948_driver) StdoutLine: {'line': b'-- Up-to-date: /voiture2A-ros/install/icm20948_driver/include/icm20948_driver/icm20948_driver/msg/rosidl_typesupport_introspection_c__visibility_control.h\n'}
[3.326907] (icm20948_driver) StdoutLine: {'line': b'-- Up-to-date: /voiture2A-ros/install/icm20948_driver/include/icm20948_driver/icm20948_driver/msg/detail\n'}
[3.327220] (icm20948_driver) StdoutLine: {'line': b'-- Installing: /voiture2A-ros/install/icm20948_driver/include/icm20948_driver/icm20948_driver/msg/detail/raw_data__type_support.c\n'}
[3.327504] (icm20948_driver) StdoutLine: {'line': b'-- Up-to-date: /voiture2A-ros/install/icm20948_driver/include/icm20948_driver/icm20948_driver/msg/detail/debug_fusion__rosidl_typesupport_introspection_c.h\n'}
[3.327780] (icm20948_driver) StdoutLine: {'line': b'-- Installing: /voiture2A-ros/install/icm20948_driver/include/icm20948_driver/icm20948_driver/msg/detail/rpy__type_support.c\n'}
[3.328060] (icm20948_driver) StdoutLine: {'line': b'-- Up-to-date: /voiture2A-ros/install/icm20948_driver/include/icm20948_driver/icm20948_driver/msg/detail/rpy__rosidl_typesupport_introspection_c.h\n'}
[3.328359] (icm20948_driver) StdoutLine: {'line': b'-- Installing: /voiture2A-ros/install/icm20948_driver/include/icm20948_driver/icm20948_driver/msg/detail/debug_fusion__type_support.c\n'}
[3.328643] (icm20948_driver) StdoutLine: {'line': b'-- Up-to-date: /voiture2A-ros/install/icm20948_driver/include/icm20948_driver/icm20948_driver/msg/detail/raw_data__rosidl_typesupport_introspection_c.h\n'}
[3.328940] (icm20948_driver) StdoutLine: {'line': b'-- Up-to-date: /voiture2A-ros/install/icm20948_driver/lib/libicm20948_driver__rosidl_typesupport_introspection_c.so\n'}
[3.329252] (icm20948_driver) StdoutLine: {'line': b'-- Up-to-date: /voiture2A-ros/install/icm20948_driver/lib/libicm20948_driver__rosidl_typesupport_c.so\n'}
[3.329542] (icm20948_driver) StdoutLine: {'line': b'-- Up-to-date: /voiture2A-ros/install/icm20948_driver/include/icm20948_driver/icm20948_driver\n'}
[3.329827] (icm20948_driver) StdoutLine: {'line': b'-- Up-to-date: /voiture2A-ros/install/icm20948_driver/include/icm20948_driver/icm20948_driver/msg\n'}
[3.330142] (icm20948_driver) StdoutLine: {'line': b'-- Up-to-date: /voiture2A-ros/install/icm20948_driver/include/icm20948_driver/icm20948_driver/msg/detail\n'}
[3.330440] (icm20948_driver) StdoutLine: {'line': b'-- Up-to-date: /voiture2A-ros/install/icm20948_driver/include/icm20948_driver/icm20948_driver/msg/detail/raw_data__type_support.cpp\n'}
[3.330733] (icm20948_driver) StdoutLine: {'line': b'-- Up-to-date: /voiture2A-ros/install/icm20948_driver/include/icm20948_driver/icm20948_driver/msg/detail/debug_fusion__rosidl_typesupport_introspection_cpp.hpp\n'}
[3.331034] (icm20948_driver) StdoutLine: {'line': b'-- Up-to-date: /voiture2A-ros/install/icm20948_driver/include/icm20948_driver/icm20948_driver/msg/detail/raw_data__rosidl_typesupport_introspection_cpp.hpp\n'}
[3.331344] (icm20948_driver) StdoutLine: {'line': b'-- Up-to-date: /voiture2A-ros/install/icm20948_driver/include/icm20948_driver/icm20948_driver/msg/detail/rpy__rosidl_typesupport_introspection_cpp.hpp\n'}
[3.331635] (icm20948_driver) StdoutLine: {'line': b'-- Up-to-date: /voiture2A-ros/install/icm20948_driver/include/icm20948_driver/icm20948_driver/msg/detail/rpy__type_support.cpp\n'}
[3.331925] (icm20948_driver) StdoutLine: {'line': b'-- Up-to-date: /voiture2A-ros/install/icm20948_driver/include/icm20948_driver/icm20948_driver/msg/detail/debug_fusion__type_support.cpp\n'}
[3.332256] (icm20948_driver) StdoutLine: {'line': b'-- Up-to-date: /voiture2A-ros/install/icm20948_driver/lib/libicm20948_driver__rosidl_typesupport_introspection_cpp.so\n'}
[3.332556] (icm20948_driver) StdoutLine: {'line': b'-- Up-to-date: /voiture2A-ros/install/icm20948_driver/lib/libicm20948_driver__rosidl_typesupport_cpp.so\n'}
[3.332835] (icm20948_driver) StdoutLine: {'line': b'-- Up-to-date: /voiture2A-ros/install/icm20948_driver/share/icm20948_driver/environment/pythonpath.sh\n'}
[3.333131] (icm20948_driver) StdoutLine: {'line': b'-- Up-to-date: /voiture2A-ros/install/icm20948_driver/share/icm20948_driver/environment/pythonpath.dsv\n'}
[3.333421] (icm20948_driver) StdoutLine: {'line': b'-- Up-to-date: /voiture2A-ros/install/icm20948_driver/lib/python3.10/site-packages/icm20948_driver-1.0.0-py3.10.egg-info\n'}
[3.333687] (-) TimerEvent: {}
[3.333769] (icm20948_driver) StdoutLine: {'line': b'-- Installing: /voiture2A-ros/install/icm20948_driver/lib/python3.10/site-packages/icm20948_driver-1.0.0-py3.10.egg-info/dependency_links.txt\n'}
[3.334062] (icm20948_driver) StdoutLine: {'line': b'-- Installing: /voiture2A-ros/install/icm20948_driver/lib/python3.10/site-packages/icm20948_driver-1.0.0-py3.10.egg-info/PKG-INFO\n'}
[3.334371] (icm20948_driver) StdoutLine: {'line': b'-- Installing: /voiture2A-ros/install/icm20948_driver/lib/python3.10/site-packages/icm20948_driver-1.0.0-py3.10.egg-info/top_level.txt\n'}
[3.334663] (icm20948_driver) StdoutLine: {'line': b'-- Installing: /voiture2A-ros/install/icm20948_driver/lib/python3.10/site-packages/icm20948_driver-1.0.0-py3.10.egg-info/SOURCES.txt\n'}
[3.334983] (icm20948_driver) StdoutLine: {'line': b'-- Up-to-date: /voiture2A-ros/install/icm20948_driver/lib/python3.10/site-packages/icm20948_driver\n'}
[3.335296] (icm20948_driver) StdoutLine: {'line': b'-- Up-to-date: /voiture2A-ros/install/icm20948_driver/lib/python3.10/site-packages/icm20948_driver/_icm20948_driver_s.ep.rosidl_typesupport_fastrtps_c.c\n'}
[3.335590] (icm20948_driver) StdoutLine: {'line': b'-- Up-to-date: /voiture2A-ros/install/icm20948_driver/lib/python3.10/site-packages/icm20948_driver/msg\n'}
[3.335875] (icm20948_driver) StdoutLine: {'line': b'-- Up-to-date: /voiture2A-ros/install/icm20948_driver/lib/python3.10/site-packages/icm20948_driver/msg/_debug_fusion.py\n'}
[3.336178] (icm20948_driver) StdoutLine: {'line': b'-- Up-to-date: /voiture2A-ros/install/icm20948_driver/lib/python3.10/site-packages/icm20948_driver/msg/_raw_data.py\n'}
[3.336481] (icm20948_driver) StdoutLine: {'line': b'-- Up-to-date: /voiture2A-ros/install/icm20948_driver/lib/python3.10/site-packages/icm20948_driver/msg/_raw_data_s.c\n'}
[3.336819] (icm20948_driver) StdoutLine: {'line': b'-- Up-to-date: /voiture2A-ros/install/icm20948_driver/lib/python3.10/site-packages/icm20948_driver/msg/_rpy_s.c\n'}
[3.337131] (icm20948_driver) StdoutLine: {'line': b'-- Up-to-date: /voiture2A-ros/install/icm20948_driver/lib/python3.10/site-packages/icm20948_driver/msg/_rpy.py\n'}
[3.337429] (icm20948_driver) StdoutLine: {'line': b'-- Up-to-date: /voiture2A-ros/install/icm20948_driver/lib/python3.10/site-packages/icm20948_driver/msg/_debug_fusion_s.c\n'}
[3.337723] (icm20948_driver) StdoutLine: {'line': b'-- Up-to-date: /voiture2A-ros/install/icm20948_driver/lib/python3.10/site-packages/icm20948_driver/msg/__init__.py\n'}
[3.338006] (icm20948_driver) StdoutLine: {'line': b'-- Up-to-date: /voiture2A-ros/install/icm20948_driver/lib/python3.10/site-packages/icm20948_driver/_icm20948_driver_s.ep.rosidl_typesupport_c.c\n'}
[3.338342] (icm20948_driver) StdoutLine: {'line': b'-- Up-to-date: /voiture2A-ros/install/icm20948_driver/lib/python3.10/site-packages/icm20948_driver/_icm20948_driver_s.ep.rosidl_typesupport_introspection_c.c\n'}
[3.338634] (icm20948_driver) StdoutLine: {'line': b'-- Up-to-date: /voiture2A-ros/install/icm20948_driver/lib/python3.10/site-packages/icm20948_driver/__init__.py\n'}
[3.427338] (voiture2a_motors_driver) StdoutLine: {'line': b'[ 72%] Built target voiture2a_motors_driver\n'}
[3.434041] (-) TimerEvent: {}
[3.464523] (voiture2a_motors_driver) StdoutLine: {'line': b'[ 78%] Built target motors_node\n'}
[3.491136] (notre_package) Command: {'cmd': ['/usr/bin/python3', '-W', 'ignore:setup.py install is deprecated', '-W', 'ignore:easy_install command is deprecated', 'setup.py', 'egg_info', '--egg-base', '../../build/notre_package', 'build', '--build-base', '/voiture2A-ros/build/notre_package/build', 'install', '--record', '/voiture2A-ros/build/notre_package/install.log', '--single-version-externally-managed', 'install_data'], 'cwd': '/voiture2A-ros/src/notre_package', 'env': {'COLCON': '1', 'PYTHONPATH': '/voiture2A-ros/build/notre_package/prefix_override:/usr/lib/python3/dist-packages/colcon_core/task/python/colcon_distutils_commands:/voiture2A-ros/install/notre_package/lib/python3.10/site-packages:/opt/ros/rolling/lib/python3.10/site-packages', 'LC_ALL': 'C.UTF-8', 'PWD': '/voiture2A-ros/build/notre_package', 'ROS_AUTOMATIC_DISCOVERY_RANGE': 'SUBNET', 'AMENT_PREFIX_PATH': '/opt/ros/rolling', 'LANG': 'C.UTF-8', 'PATH': '/opt/ros/rolling/bin:/usr/local/sbin:/usr/local/bin:/usr/sbin:/usr/bin:/sbin:/bin', 'ROS_VERSION': '2', '_': '/usr/bin/colcon', 'ROS_DISTRO': 'rolling', 'ROS_PYTHON_VERSION': '3', 'OLDPWD': '/', 'HOME': '/root', 'LD_LIBRARY_PATH': '/opt/ros/rolling/lib/aarch64-linux-gnu:/opt/ros/rolling/lib', 'SHLVL': '1', 'HOSTNAME': 'd8171360ddbd'}, 'shell': False}
[3.534397] (-) TimerEvent: {}
[3.582553] (gpsd_client) StdoutLine: {'line': b"Listing '/voiture2A-ros/install/gpsd_client/lib/python3.10/site-packages/gpsd_client'...\n"}
[3.583192] (gpsd_client) StdoutLine: {'line': b"Listing '/voiture2A-ros/install/gpsd_client/lib/python3.10/site-packages/gpsd_client/msg'...\n"}
[3.604045] (gpsd_client) StdoutLine: {'line': b'-- Up-to-date: /voiture2A-ros/install/gpsd_client/lib/python3.10/site-packages/gpsd_client/gpsd_client_s__rosidl_typesupport_fastrtps_c.cpython-310-aarch64-linux-gnu.so\n'}
[3.604725] (icm20948_driver) StdoutLine: {'line': b"Listing '/voiture2A-ros/install/icm20948_driver/lib/python3.10/site-packages/icm20948_driver'...\n"}
[3.606214] (icm20948_driver) StdoutLine: {'line': b"Listing '/voiture2A-ros/install/icm20948_driver/lib/python3.10/site-packages/icm20948_driver/msg'...\n"}
[3.607643] (gpsd_client) StdoutLine: {'line': b'-- Up-to-date: /voiture2A-ros/install/gpsd_client/lib/python3.10/site-packages/gpsd_client/gpsd_client_s__rosidl_typesupport_introspection_c.cpython-310-aarch64-linux-gnu.so\n'}
[3.610595] (gpsd_client) StdoutLine: {'line': b'-- Up-to-date: /voiture2A-ros/install/gpsd_client/lib/python3.10/site-packages/gpsd_client/gpsd_client_s__rosidl_typesupport_c.cpython-310-aarch64-linux-gnu.so\n'}
[3.611932] (gpsd_client) StdoutLine: {'line': b'-- Up-to-date: /voiture2A-ros/install/gpsd_client/lib/libgpsd_client__rosidl_generator_py.so\n'}
[3.612439] (gpsd_client) StdoutLine: {'line': b'-- Up-to-date: /voiture2A-ros/install/gpsd_client/share/gpsd_client/msg/GpsFix.idl\n'}
[3.612982] (gpsd_client) StdoutLine: {'line': b'-- Up-to-date: /voiture2A-ros/install/gpsd_client/share/gpsd_client/msg/GpsFix.msg\n'}
[3.613466] (gpsd_client) StdoutLine: {'line': b'-- Up-to-date: /voiture2A-ros/install/gpsd_client/lib/gpsd_client/gpsd_node\n'}
[3.613870] (gpsd_client) StdoutLine: {'line': b'-- Up-to-date: /voiture2A-ros/install/gpsd_client/share/ament_index/resource_index/package_run_dependencies/gpsd_client\n'}
[3.616358] (gpsd_client) StdoutLine: {'line': b'-- Up-to-date: /voiture2A-ros/install/gpsd_client/share/ament_index/resource_index/parent_prefix_path/gpsd_client\n'}
[3.616885] (gpsd_client) StdoutLine: {'line': b'-- Up-to-date: /voiture2A-ros/install/gpsd_client/share/gpsd_client/environment/ament_prefix_path.sh\n'}
[3.617304] (gpsd_client) StdoutLine: {'line': b'-- Up-to-date: /voiture2A-ros/install/gpsd_client/share/gpsd_client/environment/ament_prefix_path.dsv\n'}
[3.617691] (gpsd_client) StdoutLine: {'line': b'-- Up-to-date: /voiture2A-ros/install/gpsd_client/share/gpsd_client/environment/path.sh\n'}
[3.618091] (gpsd_client) StdoutLine: {'line': b'-- Up-to-date: /voiture2A-ros/install/gpsd_client/share/gpsd_client/environment/path.dsv\n'}
[3.618828] (gpsd_client) StdoutLine: {'line': b'-- Up-to-date: /voiture2A-ros/install/gpsd_client/share/gpsd_client/local_setup.bash\n'}
[3.620971] (gpsd_client) StdoutLine: {'line': b'-- Up-to-date: /voiture2A-ros/install/gpsd_client/share/gpsd_client/local_setup.sh\n'}
[3.622058] (gpsd_client) StdoutLine: {'line': b'-- Up-to-date: /voiture2A-ros/install/gpsd_client/share/gpsd_client/local_setup.zsh\n'}
[3.622771] (gpsd_client) StdoutLine: {'line': b'-- Up-to-date: /voiture2A-ros/install/gpsd_client/share/gpsd_client/local_setup.dsv\n'}
[3.623566] (gpsd_client) StdoutLine: {'line': b'-- Installing: /voiture2A-ros/install/gpsd_client/share/gpsd_client/package.dsv\n'}
[3.623947] (gpsd_client) StdoutLine: {'line': b'-- Up-to-date: /voiture2A-ros/install/gpsd_client/share/ament_index/resource_index/packages/gpsd_client\n'}
[3.624319] (gpsd_client) StdoutLine: {'line': b'-- Up-to-date: /voiture2A-ros/install/gpsd_client/share/gpsd_client/cmake/export_gpsd_client__rosidl_generator_cExport.cmake\n'}
[3.624658] (gpsd_client) StdoutLine: {'line': b'-- Up-to-date: /voiture2A-ros/install/gpsd_client/share/gpsd_client/cmake/export_gpsd_client__rosidl_generator_cExport-noconfig.cmake\n'}
[3.625003] (gpsd_client) StdoutLine: {'line': b'-- Up-to-date: /voiture2A-ros/install/gpsd_client/share/gpsd_client/cmake/export_gpsd_client__rosidl_typesupport_fastrtps_cExport.cmake\n'}
[3.625394] (gpsd_client) StdoutLine: {'line': b'-- Up-to-date: /voiture2A-ros/install/gpsd_client/share/gpsd_client/cmake/export_gpsd_client__rosidl_typesupport_fastrtps_cExport-noconfig.cmake\n'}
[3.625737] (gpsd_client) StdoutLine: {'line': b'-- Up-to-date: /voiture2A-ros/install/gpsd_client/share/gpsd_client/cmake/gpsd_client__rosidl_typesupport_introspection_cExport.cmake\n'}
[3.626238] (gpsd_client) StdoutLine: {'line': b'-- Up-to-date: /voiture2A-ros/install/gpsd_client/share/gpsd_client/cmake/gpsd_client__rosidl_typesupport_introspection_cExport-noconfig.cmake\n'}
[3.626610] (gpsd_client) StdoutLine: {'line': b'-- Up-to-date: /voiture2A-ros/install/gpsd_client/share/gpsd_client/cmake/gpsd_client__rosidl_typesupport_cExport.cmake\n'}
[3.626963] (gpsd_client) StdoutLine: {'line': b'-- Up-to-date: /voiture2A-ros/install/gpsd_client/share/gpsd_client/cmake/gpsd_client__rosidl_typesupport_cExport-noconfig.cmake\n'}
[3.627315] (gpsd_client) StdoutLine: {'line': b'-- Up-to-date: /voiture2A-ros/install/gpsd_client/share/gpsd_client/cmake/export_gpsd_client__rosidl_generator_cppExport.cmake\n'}
[3.627633] (gpsd_client) StdoutLine: {'line': b'-- Up-to-date: /voiture2A-ros/install/gpsd_client/share/gpsd_client/cmake/export_gpsd_client__rosidl_typesupport_fastrtps_cppExport.cmake\n'}
[3.627948] (gpsd_client) StdoutLine: {'line': b'-- Up-to-date: /voiture2A-ros/install/gpsd_client/share/gpsd_client/cmake/export_gpsd_client__rosidl_typesupport_fastrtps_cppExport-noconfig.cmake\n'}
[3.628491] (gpsd_client) StdoutLine: {'line': b'-- Up-to-date: /voiture2A-ros/install/gpsd_client/share/gpsd_client/cmake/gpsd_client__rosidl_typesupport_introspection_cppExport.cmake\n'}
[3.629068] (gpsd_client) StdoutLine: {'line': b'-- Up-to-date: /voiture2A-ros/install/gpsd_client/share/gpsd_client/cmake/gpsd_client__rosidl_typesupport_introspection_cppExport-noconfig.cmake\n'}
[3.629470] (gpsd_client) StdoutLine: {'line': b'-- Up-to-date: /voiture2A-ros/install/gpsd_client/share/gpsd_client/cmake/gpsd_client__rosidl_typesupport_cppExport.cmake\n'}
[3.629811] (gpsd_client) StdoutLine: {'line': b'-- Up-to-date: /voiture2A-ros/install/gpsd_client/share/gpsd_client/cmake/gpsd_client__rosidl_typesupport_cppExport-noconfig.cmake\n'}
[3.630161] (gpsd_client) StdoutLine: {'line': b'-- Up-to-date: /voiture2A-ros/install/gpsd_client/share/gpsd_client/cmake/export_gpsd_client__rosidl_generator_pyExport.cmake\n'}
[3.630508] (gpsd_client) StdoutLine: {'line': b'-- Up-to-date: /voiture2A-ros/install/gpsd_client/share/gpsd_client/cmake/export_gpsd_client__rosidl_generator_pyExport-noconfig.cmake\n'}
[3.630852] (gpsd_client) StdoutLine: {'line': b'-- Up-to-date: /voiture2A-ros/install/gpsd_client/share/gpsd_client/cmake/rosidl_cmake-extras.cmake\n'}
[3.631790] (gpsd_client) StdoutLine: {'line': b'-- Up-to-date: /voiture2A-ros/install/gpsd_client/share/gpsd_client/cmake/ament_cmake_export_dependencies-extras.cmake\n'}
[3.632560] (gpsd_client) StdoutLine: {'line': b'-- Up-to-date: /voiture2A-ros/install/gpsd_client/share/gpsd_client/cmake/ament_cmake_export_include_directories-extras.cmake\n'}
[3.632928] (gpsd_client) StdoutLine: {'line': b'-- Up-to-date: /voiture2A-ros/install/gpsd_client/share/gpsd_client/cmake/ament_cmake_export_libraries-extras.cmake\n'}
[3.633768] (gpsd_client) StdoutLine: {'line': b'-- Up-to-date: /voiture2A-ros/install/gpsd_client/share/gpsd_client/cmake/ament_cmake_export_targets-extras.cmake\n'}
[3.634579] (-) TimerEvent: {}
[3.635840] (gpsd_client) StdoutLine: {'line': b'-- Up-to-date: /voiture2A-ros/install/gpsd_client/share/gpsd_client/cmake/rosidl_cmake_export_typesupport_targets-extras.cmake\n'}
[3.636690] (gpsd_client) StdoutLine: {'line': b'-- Up-to-date: /voiture2A-ros/install/gpsd_client/share/gpsd_client/cmake/rosidl_cmake_export_typesupport_libraries-extras.cmake\n'}
[3.637969] (gpsd_client) StdoutLine: {'line': b'-- Up-to-date: /voiture2A-ros/install/gpsd_client/share/gpsd_client/cmake/gpsd_clientConfig.cmake\n'}
[3.640625] (gpsd_client) StdoutLine: {'line': b'-- Up-to-date: /voiture2A-ros/install/gpsd_client/share/gpsd_client/cmake/gpsd_clientConfig-version.cmake\n'}
[3.642070] (gpsd_client) StdoutLine: {'line': b'-- Up-to-date: /voiture2A-ros/install/gpsd_client/share/gpsd_client/package.xml\n'}
[3.642601] (icm20948_driver) StdoutLine: {'line': b'-- Up-to-date: /voiture2A-ros/install/icm20948_driver/lib/python3.10/site-packages/icm20948_driver/icm20948_driver_s__rosidl_typesupport_fastrtps_c.cpython-310-aarch64-linux-gnu.so\n'}
[3.643569] (icm20948_driver) StdoutLine: {'line': b'-- Up-to-date: /voiture2A-ros/install/icm20948_driver/lib/python3.10/site-packages/icm20948_driver/icm20948_driver_s__rosidl_typesupport_introspection_c.cpython-310-aarch64-linux-gnu.so\n'}
[3.644110] (icm20948_driver) StdoutLine: {'line': b'-- Up-to-date: /voiture2A-ros/install/icm20948_driver/lib/python3.10/site-packages/icm20948_driver/icm20948_driver_s__rosidl_typesupport_c.cpython-310-aarch64-linux-gnu.so\n'}
[3.645567] (icm20948_driver) StdoutLine: {'line': b'-- Up-to-date: /voiture2A-ros/install/icm20948_driver/lib/libicm20948_driver__rosidl_generator_py.so\n'}
[3.646447] (icm20948_driver) StdoutLine: {'line': b'-- Up-to-date: /voiture2A-ros/install/icm20948_driver/share/icm20948_driver/msg/RPY.idl\n'}
[3.646874] (icm20948_driver) StdoutLine: {'line': b'-- Up-to-date: /voiture2A-ros/install/icm20948_driver/share/icm20948_driver/msg/RawData.idl\n'}
[3.648373] (icm20948_driver) StdoutLine: {'line': b'-- Up-to-date: /voiture2A-ros/install/icm20948_driver/share/icm20948_driver/msg/DebugFusion.idl\n'}
[3.648906] (icm20948_driver) StdoutLine: {'line': b'-- Up-to-date: /voiture2A-ros/install/icm20948_driver/share/icm20948_driver/msg/RPY.msg\n'}
[3.649583] (icm20948_driver) StdoutLine: {'line': b'-- Up-to-date: /voiture2A-ros/install/icm20948_driver/share/icm20948_driver/msg/RawData.msg\n'}
[3.649973] (icm20948_driver) StdoutLine: {'line': b'-- Up-to-date: /voiture2A-ros/install/icm20948_driver/share/icm20948_driver/msg/DebugFusion.msg\n'}
[3.650597] (icm20948_driver) StdoutLine: {'line': b'-- Up-to-date: /voiture2A-ros/install/icm20948_driver/lib/icm20948_driver/icm20948\n'}
[3.651036] (icm20948_driver) StdoutLine: {'line': b'-- Up-to-date: /voiture2A-ros/install/icm20948_driver/lib/libFusion.a\n'}
[3.651497] (icm20948_driver) StdoutLine: {'line': b'-- Up-to-date: /voiture2A-ros/install/icm20948_driver/share/ament_index/resource_index/package_run_dependencies/icm20948_driver\n'}
[3.651871] (icm20948_driver) StdoutLine: {'line': b'-- Up-to-date: /voiture2A-ros/install/icm20948_driver/share/ament_index/resource_index/parent_prefix_path/icm20948_driver\n'}
[3.652538] (icm20948_driver) StdoutLine: {'line': b'-- Up-to-date: /voiture2A-ros/install/icm20948_driver/share/icm20948_driver/environment/ament_prefix_path.sh\n'}
[3.652856] (icm20948_driver) StdoutLine: {'line': b'-- Up-to-date: /voiture2A-ros/install/icm20948_driver/share/icm20948_driver/environment/ament_prefix_path.dsv\n'}
[3.653620] (icm20948_driver) StdoutLine: {'line': b'-- Up-to-date: /voiture2A-ros/install/icm20948_driver/share/icm20948_driver/environment/path.sh\n'}
[3.654408] (icm20948_driver) StdoutLine: {'line': b'-- Up-to-date: /voiture2A-ros/install/icm20948_driver/share/icm20948_driver/environment/path.dsv\n'}
[3.655864] (icm20948_driver) StdoutLine: {'line': b'-- Up-to-date: /voiture2A-ros/install/icm20948_driver/share/icm20948_driver/local_setup.bash\n'}
[3.656579] (icm20948_driver) StdoutLine: {'line': b'-- Up-to-date: /voiture2A-ros/install/icm20948_driver/share/icm20948_driver/local_setup.sh\n'}
[3.656971] (icm20948_driver) StdoutLine: {'line': b'-- Up-to-date: /voiture2A-ros/install/icm20948_driver/share/icm20948_driver/local_setup.zsh\n'}
[3.657594] (icm20948_driver) StdoutLine: {'line': b'-- Up-to-date: /voiture2A-ros/install/icm20948_driver/share/icm20948_driver/local_setup.dsv\n'}
[3.658023] (icm20948_driver) StdoutLine: {'line': b'-- Installing: /voiture2A-ros/install/icm20948_driver/share/icm20948_driver/package.dsv\n'}
[3.658411] (gpsd_client) CommandEnded: {'returncode': 0}
[3.734789] (-) TimerEvent: {}
[3.773178] (gpsd_client) JobEnded: {'identifier': 'gpsd_client', 'rc': 0}
[3.780115] (icm20948_driver) StdoutLine: {'line': b'-- Up-to-date: /voiture2A-ros/install/icm20948_driver/share/ament_index/resource_index/packages/icm20948_driver\n'}
[3.781123] (icm20948_driver) StdoutLine: {'line': b'-- Up-to-date: /voiture2A-ros/install/icm20948_driver/share/icm20948_driver/cmake/export_icm20948_driver__rosidl_generator_cExport.cmake\n'}
[3.781650] (icm20948_driver) StdoutLine: {'line': b'-- Up-to-date: /voiture2A-ros/install/icm20948_driver/share/icm20948_driver/cmake/export_icm20948_driver__rosidl_generator_cExport-noconfig.cmake\n'}
[3.783710] (icm20948_driver) StdoutLine: {'line': b'-- Up-to-date: /voiture2A-ros/install/icm20948_driver/share/icm20948_driver/cmake/export_icm20948_driver__rosidl_typesupport_fastrtps_cExport.cmake\n'}
[3.784478] (icm20948_driver) StdoutLine: {'line': b'-- Up-to-date: /voiture2A-ros/install/icm20948_driver/share/icm20948_driver/cmake/export_icm20948_driver__rosidl_typesupport_fastrtps_cExport-noconfig.cmake\n'}
[3.785002] (icm20948_driver) StdoutLine: {'line': b'-- Up-to-date: /voiture2A-ros/install/icm20948_driver/share/icm20948_driver/cmake/export_icm20948_driver__rosidl_generator_cppExport.cmake\n'}
[3.785589] (icm20948_driver) StdoutLine: {'line': b'-- Up-to-date: /voiture2A-ros/install/icm20948_driver/share/icm20948_driver/cmake/export_icm20948_driver__rosidl_typesupport_fastrtps_cppExport.cmake\n'}
[3.786160] (icm20948_driver) StdoutLine: {'line': b'-- Up-to-date: /voiture2A-ros/install/icm20948_driver/share/icm20948_driver/cmake/export_icm20948_driver__rosidl_typesupport_fastrtps_cppExport-noconfig.cmake\n'}
[3.786713] (icm20948_driver) StdoutLine: {'line': b'-- Up-to-date: /voiture2A-ros/install/icm20948_driver/share/icm20948_driver/cmake/icm20948_driver__rosidl_typesupport_introspection_cExport.cmake\n'}
[3.787363] (icm20948_driver) StdoutLine: {'line': b'-- Up-to-date: /voiture2A-ros/install/icm20948_driver/share/icm20948_driver/cmake/icm20948_driver__rosidl_typesupport_introspection_cExport-noconfig.cmake\n'}
[3.787972] (icm20948_driver) StdoutLine: {'line': b'-- Up-to-date: /voiture2A-ros/install/icm20948_driver/share/icm20948_driver/cmake/icm20948_driver__rosidl_typesupport_cExport.cmake\n'}
[3.788507] (icm20948_driver) StdoutLine: {'line': b'-- Up-to-date: /voiture2A-ros/install/icm20948_driver/share/icm20948_driver/cmake/icm20948_driver__rosidl_typesupport_cExport-noconfig.cmake\n'}
[3.789151] (icm20948_driver) StdoutLine: {'line': b'-- Up-to-date: /voiture2A-ros/install/icm20948_driver/share/icm20948_driver/cmake/icm20948_driver__rosidl_typesupport_introspection_cppExport.cmake\n'}
[3.790859] (icm20948_driver) StdoutLine: {'line': b'-- Up-to-date: /voiture2A-ros/install/icm20948_driver/share/icm20948_driver/cmake/icm20948_driver__rosidl_typesupport_introspection_cppExport-noconfig.cmake\n'}
[3.792593] (icm20948_driver) StdoutLine: {'line': b'-- Up-to-date: /voiture2A-ros/install/icm20948_driver/share/icm20948_driver/cmake/icm20948_driver__rosidl_typesupport_cppExport.cmake\n'}
[3.793264] (icm20948_driver) StdoutLine: {'line': b'-- Up-to-date: /voiture2A-ros/install/icm20948_driver/share/icm20948_driver/cmake/icm20948_driver__rosidl_typesupport_cppExport-noconfig.cmake\n'}
[3.793938] (icm20948_driver) StdoutLine: {'line': b'-- Up-to-date: /voiture2A-ros/install/icm20948_driver/share/icm20948_driver/cmake/export_icm20948_driver__rosidl_generator_pyExport.cmake\n'}
[3.794572] (icm20948_driver) StdoutLine: {'line': b'-- Up-to-date: /voiture2A-ros/install/icm20948_driver/share/icm20948_driver/cmake/export_icm20948_driver__rosidl_generator_pyExport-noconfig.cmake\n'}
[3.795069] (icm20948_driver) StdoutLine: {'line': b'-- Up-to-date: /voiture2A-ros/install/icm20948_driver/share/icm20948_driver/cmake/rosidl_cmake-extras.cmake\n'}
[3.795632] (icm20948_driver) StdoutLine: {'line': b'-- Up-to-date: /voiture2A-ros/install/icm20948_driver/share/icm20948_driver/cmake/ament_cmake_export_dependencies-extras.cmake\n'}
[3.796020] (icm20948_driver) StdoutLine: {'line': b'-- Up-to-date: /voiture2A-ros/install/icm20948_driver/share/icm20948_driver/cmake/ament_cmake_export_include_directories-extras.cmake\n'}
[3.796982] (icm20948_driver) StdoutLine: {'line': b'-- Up-to-date: /voiture2A-ros/install/icm20948_driver/share/icm20948_driver/cmake/ament_cmake_export_libraries-extras.cmake\n'}
[3.797462] (icm20948_driver) StdoutLine: {'line': b'-- Up-to-date: /voiture2A-ros/install/icm20948_driver/share/icm20948_driver/cmake/ament_cmake_export_targets-extras.cmake\n'}
[3.798024] (icm20948_driver) StdoutLine: {'line': b'-- Up-to-date: /voiture2A-ros/install/icm20948_driver/share/icm20948_driver/cmake/rosidl_cmake_export_typesupport_targets-extras.cmake\n'}
[3.798526] (icm20948_driver) StdoutLine: {'line': b'-- Up-to-date: /voiture2A-ros/install/icm20948_driver/share/icm20948_driver/cmake/rosidl_cmake_export_typesupport_libraries-extras.cmake\n'}
[3.798945] (icm20948_driver) StdoutLine: {'line': b'-- Up-to-date: /voiture2A-ros/install/icm20948_driver/share/icm20948_driver/cmake/icm20948_driverConfig.cmake\n'}
[3.799424] (icm20948_driver) StdoutLine: {'line': b'-- Up-to-date: /voiture2A-ros/install/icm20948_driver/share/icm20948_driver/cmake/icm20948_driverConfig-version.cmake\n'}
[3.799930] (icm20948_driver) StdoutLine: {'line': b'-- Up-to-date: /voiture2A-ros/install/icm20948_driver/share/icm20948_driver/package.xml\n'}
[3.800330] (voiture2a_motors_driver) StdoutLine: {'line': b'[ 80%] Built target voiture2a_motors_driver__py\n'}
[3.801258] (icm20948_driver) CommandEnded: {'returncode': 0}
[3.836987] (-) TimerEvent: {}
[3.904412] (icm20948_driver) JobEnded: {'identifier': 'icm20948_driver', 'rc': 0}
[3.937270] (-) TimerEvent: {}
[3.960652] (voiture2a_motors_driver) StdoutLine: {'line': b'running egg_info\n'}
[3.964997] (voiture2a_motors_driver) StdoutLine: {'line': b'writing voiture2a_motors_driver.egg-info/PKG-INFO\n'}
[3.966862] (voiture2a_motors_driver) StdoutLine: {'line': b'writing dependency_links to voiture2a_motors_driver.egg-info/dependency_links.txt\n'}
[3.968299] (voiture2a_motors_driver) StdoutLine: {'line': b'writing top-level names to voiture2a_motors_driver.egg-info/top_level.txt\n'}
[3.984526] (voiture2a_motors_driver) StdoutLine: {'line': b"reading manifest file 'voiture2a_motors_driver.egg-info/SOURCES.txt'\n"}
[3.988528] (voiture2a_motors_driver) StdoutLine: {'line': b"writing manifest file 'voiture2a_motors_driver.egg-info/SOURCES.txt'\n"}
[4.009179] (voiture2a_motors_driver) StdoutLine: {'line': b'[ 87%] Built target voiture2a_motors_driver__rosidl_generator_py\n'}
[4.037591] (-) TimerEvent: {}
[4.133207] (voiture2a_motors_driver) StdoutLine: {'line': b'[ 87%] Built target ament_cmake_python_build_voiture2a_motors_driver_egg\n'}
[4.137801] (-) TimerEvent: {}
[4.238362] (-) TimerEvent: {}
[4.293649] (voiture2a_motors_driver) StdoutLine: {'line': b'[ 93%] Built target voiture2a_motors_driver__rosidl_typesupport_fastrtps_c__pyext\n'}
[4.294478] (voiture2a_motors_driver) StdoutLine: {'line': b'[ 95%] Built target voiture2a_motors_driver__rosidl_typesupport_introspection_c__pyext\n'}
[4.296101] (voiture2a_motors_driver) StdoutLine: {'line': b'[100%] Built target voiture2a_motors_driver__rosidl_typesupport_c__pyext\n'}
[4.338637] (-) TimerEvent: {}
[4.387980] (voiture2a_motors_driver) CommandEnded: {'returncode': 0}
[4.391318] (voiture2a_motors_driver) JobProgress: {'identifier': 'voiture2a_motors_driver', 'progress': 'install'}
[4.395257] (voiture2a_motors_driver) Command: {'cmd': ['/usr/bin/cmake', '--install', '/voiture2A-ros/build/voiture2a_motors_driver'], 'cwd': '/voiture2A-ros/build/voiture2a_motors_driver', 'env': OrderedDict([('COLCON', '1'), ('PYTHONPATH', '/opt/ros/rolling/lib/python3.10/site-packages'), ('LC_ALL', 'C.UTF-8'), ('PWD', '/voiture2A-ros/build/voiture2a_motors_driver'), ('ROS_AUTOMATIC_DISCOVERY_RANGE', 'SUBNET'), ('AMENT_PREFIX_PATH', '/opt/ros/rolling'), ('LANG', 'C.UTF-8'), ('PATH', '/opt/ros/rolling/bin:/usr/local/sbin:/usr/local/bin:/usr/sbin:/usr/bin:/sbin:/bin'), ('ROS_VERSION', '2'), ('_', '/usr/bin/colcon'), ('ROS_DISTRO', 'rolling'), ('ROS_PYTHON_VERSION', '3'), ('OLDPWD', '/'), ('HOME', '/root'), ('LD_LIBRARY_PATH', '/opt/ros/rolling/lib/aarch64-linux-gnu:/opt/ros/rolling/lib'), ('SHLVL', '1'), ('HOSTNAME', 'd8171360ddbd'), ('CMAKE_PREFIX_PATH', '/opt/ros/rolling')]), 'shell': False}
[4.438926] (-) TimerEvent: {}
[4.481612] (voiture2a_motors_driver) StdoutLine: {'line': b'-- Install configuration: ""\n'}
[4.483995] (voiture2a_motors_driver) StdoutLine: {'line': b'-- Up-to-date: /voiture2A-ros/install/voiture2a_motors_driver/share/ament_index/resource_index/rosidl_interfaces/voiture2a_motors_driver\n'}
[4.485399] (voiture2a_motors_driver) StdoutLine: {'line': b'-- Up-to-date: /voiture2A-ros/install/voiture2a_motors_driver/share/voiture2a_motors_driver/msg/MotorsState.json\n'}
[4.485890] (voiture2a_motors_driver) StdoutLine: {'line': b'-- Up-to-date: /voiture2A-ros/install/voiture2a_motors_driver/share/voiture2a_motors_driver/msg/Engine.json\n'}
[4.486348] (voiture2a_motors_driver) StdoutLine: {'line': b'-- Up-to-date: /voiture2A-ros/install/voiture2a_motors_driver/include/voiture2a_motors_driver/voiture2a_motors_driver\n'}
[4.487499] (voiture2a_motors_driver) StdoutLine: {'line': b'-- Up-to-date: /voiture2A-ros/install/voiture2a_motors_driver/include/voiture2a_motors_driver/voiture2a_motors_driver/msg\n'}
[4.487980] (voiture2a_motors_driver) StdoutLine: {'line': b'-- Up-to-date: /voiture2A-ros/install/voiture2a_motors_driver/include/voiture2a_motors_driver/voiture2a_motors_driver/msg/rosidl_generator_c__visibility_control.h\n'}
[4.488406] (voiture2a_motors_driver) StdoutLine: {'line': b'-- Up-to-date: /voiture2A-ros/install/voiture2a_motors_driver/include/voiture2a_motors_driver/voiture2a_motors_driver/msg/engine.h\n'}
[4.488781] (voiture2a_motors_driver) StdoutLine: {'line': b'-- Up-to-date: /voiture2A-ros/install/voiture2a_motors_driver/include/voiture2a_motors_driver/voiture2a_motors_driver/msg/detail\n'}
[4.489182] (voiture2a_motors_driver) StdoutLine: {'line': b'-- Up-to-date: /voiture2A-ros/install/voiture2a_motors_driver/include/voiture2a_motors_driver/voiture2a_motors_driver/msg/detail/motors_state__functions.c\n'}
[4.489621] (voiture2a_motors_driver) StdoutLine: {'line': b'-- Up-to-date: /voiture2A-ros/install/voiture2a_motors_driver/include/voiture2a_motors_driver/voiture2a_motors_driver/msg/detail/motors_state__description.c\n'}
[4.491607] (voiture2a_motors_driver) StdoutLine: {'line': b'-- Up-to-date: /voiture2A-ros/install/voiture2a_motors_driver/include/voiture2a_motors_driver/voiture2a_motors_driver/msg/detail/engine__functions.h\n'}
[4.492116] (voiture2a_motors_driver) StdoutLine: {'line': b'-- Up-to-date: /voiture2A-ros/install/voiture2a_motors_driver/include/voiture2a_motors_driver/voiture2a_motors_driver/msg/detail/motors_state__struct.h\n'}
[4.492576] (voiture2a_motors_driver) StdoutLine: {'line': b'-- Up-to-date: /voiture2A-ros/install/voiture2a_motors_driver/include/voiture2a_motors_driver/voiture2a_motors_driver/msg/detail/engine__struct.h\n'}
[4.492997] (voiture2a_motors_driver) StdoutLine: {'line': b'-- Installing: /voiture2A-ros/install/voiture2a_motors_driver/include/voiture2a_motors_driver/voiture2a_motors_driver/msg/detail/engine__type_support.c\n'}
[4.493422] (voiture2a_motors_driver) StdoutLine: {'line': b'-- Up-to-date: /voiture2A-ros/install/voiture2a_motors_driver/include/voiture2a_motors_driver/voiture2a_motors_driver/msg/detail/engine__description.c\n'}
[4.493788] (voiture2a_motors_driver) StdoutLine: {'line': b'-- Up-to-date: /voiture2A-ros/install/voiture2a_motors_driver/include/voiture2a_motors_driver/voiture2a_motors_driver/msg/detail/engine__functions.c\n'}
[4.494186] (voiture2a_motors_driver) StdoutLine: {'line': b'-- Up-to-date: /voiture2A-ros/install/voiture2a_motors_driver/include/voiture2a_motors_driver/voiture2a_motors_driver/msg/detail/motors_state__type_support.h\n'}
[4.494587] (voiture2a_motors_driver) StdoutLine: {'line': b'-- Up-to-date: /voiture2A-ros/install/voiture2a_motors_driver/include/voiture2a_motors_driver/voiture2a_motors_driver/msg/detail/motors_state__functions.h\n'}
[4.495310] (voiture2a_motors_driver) StdoutLine: {'line': b'-- Up-to-date: /voiture2A-ros/install/voiture2a_motors_driver/include/voiture2a_motors_driver/voiture2a_motors_driver/msg/detail/engine__type_support.h\n'}
[4.495732] (voiture2a_motors_driver) StdoutLine: {'line': b'-- Installing: /voiture2A-ros/install/voiture2a_motors_driver/include/voiture2a_motors_driver/voiture2a_motors_driver/msg/detail/motors_state__type_support.c\n'}
[4.496195] (voiture2a_motors_driver) StdoutLine: {'line': b'-- Up-to-date: /voiture2A-ros/install/voiture2a_motors_driver/include/voiture2a_motors_driver/voiture2a_motors_driver/msg/motors_state.h\n'}
[4.496609] (voiture2a_motors_driver) StdoutLine: {'line': b'-- Up-to-date: /voiture2A-ros/install/voiture2a_motors_driver/share/voiture2a_motors_driver/environment/library_path.sh\n'}
[4.496989] (voiture2a_motors_driver) StdoutLine: {'line': b'-- Up-to-date: /voiture2A-ros/install/voiture2a_motors_driver/share/voiture2a_motors_driver/environment/library_path.dsv\n'}
[4.498501] (voiture2a_motors_driver) StdoutLine: {'line': b'-- Up-to-date: /voiture2A-ros/install/voiture2a_motors_driver/lib/libvoiture2a_motors_driver__rosidl_generator_c.so\n'}
[4.498921] (voiture2a_motors_driver) StdoutLine: {'line': b'-- Up-to-date: /voiture2A-ros/install/voiture2a_motors_driver/include/voiture2a_motors_driver/voiture2a_motors_driver\n'}
[4.499625] (voiture2a_motors_driver) StdoutLine: {'line': b'-- Up-to-date: /voiture2A-ros/install/voiture2a_motors_driver/include/voiture2a_motors_driver/voiture2a_motors_driver/msg\n'}
[4.500154] (voiture2a_motors_driver) StdoutLine: {'line': b'-- Up-to-date: /voiture2A-ros/install/voiture2a_motors_driver/include/voiture2a_motors_driver/voiture2a_motors_driver/msg/rosidl_typesupport_fastrtps_c__visibility_control.h\n'}
[4.500555] (voiture2a_motors_driver) StdoutLine: {'line': b'-- Up-to-date: /voiture2A-ros/install/voiture2a_motors_driver/include/voiture2a_motors_driver/voiture2a_motors_driver/msg/detail\n'}
[4.500933] (voiture2a_motors_driver) StdoutLine: {'line': b'-- Up-to-date: /voiture2A-ros/install/voiture2a_motors_driver/include/voiture2a_motors_driver/voiture2a_motors_driver/msg/detail/engine__rosidl_typesupport_fastrtps_c.h\n'}
[4.501544] (voiture2a_motors_driver) StdoutLine: {'line': b'-- Up-to-date: /voiture2A-ros/install/voiture2a_motors_driver/include/voiture2a_motors_driver/voiture2a_motors_driver/msg/detail/motors_state__rosidl_typesupport_fastrtps_c.h\n'}
[4.503382] (voiture2a_motors_driver) StdoutLine: {'line': b'-- Up-to-date: /voiture2A-ros/install/voiture2a_motors_driver/lib/libvoiture2a_motors_driver__rosidl_typesupport_fastrtps_c.so\n'}
[4.503877] (voiture2a_motors_driver) StdoutLine: {'line': b'-- Up-to-date: /voiture2A-ros/install/voiture2a_motors_driver/include/voiture2a_motors_driver/voiture2a_motors_driver\n'}
[4.504395] (voiture2a_motors_driver) StdoutLine: {'line': b'-- Up-to-date: /voiture2A-ros/install/voiture2a_motors_driver/include/voiture2a_motors_driver/voiture2a_motors_driver/msg\n'}
[4.504704] (voiture2a_motors_driver) StdoutLine: {'line': b'-- Up-to-date: /voiture2A-ros/install/voiture2a_motors_driver/include/voiture2a_motors_driver/voiture2a_motors_driver/msg/motors_state.hpp\n'}
[4.505003] (voiture2a_motors_driver) StdoutLine: {'line': b'-- Up-to-date: /voiture2A-ros/install/voiture2a_motors_driver/include/voiture2a_motors_driver/voiture2a_motors_driver/msg/detail\n'}
[4.506293] (voiture2a_motors_driver) StdoutLine: {'line': b'-- Up-to-date: /voiture2A-ros/install/voiture2a_motors_driver/include/voiture2a_motors_driver/voiture2a_motors_driver/msg/detail/engine__traits.hpp\n'}
[4.506913] (voiture2a_motors_driver) StdoutLine: {'line': b'-- Up-to-date: /voiture2A-ros/install/voiture2a_motors_driver/include/voiture2a_motors_driver/voiture2a_motors_driver/msg/detail/motors_state__traits.hpp\n'}
[4.507263] (voiture2a_motors_driver) StdoutLine: {'line': b'-- Up-to-date: /voiture2A-ros/install/voiture2a_motors_driver/include/voiture2a_motors_driver/voiture2a_motors_driver/msg/detail/engine__type_support.hpp\n'}
[4.508425] (voiture2a_motors_driver) StdoutLine: {'line': b'-- Up-to-date: /voiture2A-ros/install/voiture2a_motors_driver/include/voiture2a_motors_driver/voiture2a_motors_driver/msg/detail/engine__builder.hpp\n'}
[4.509258] (voiture2a_motors_driver) StdoutLine: {'line': b'-- Up-to-date: /voiture2A-ros/install/voiture2a_motors_driver/include/voiture2a_motors_driver/voiture2a_motors_driver/msg/detail/motors_state__type_support.hpp\n'}
[4.509569] (voiture2a_motors_driver) StdoutLine: {'line': b'-- Up-to-date: /voiture2A-ros/install/voiture2a_motors_driver/include/voiture2a_motors_driver/voiture2a_motors_driver/msg/detail/motors_state__struct.hpp\n'}
[4.509852] (voiture2a_motors_driver) StdoutLine: {'line': b'-- Up-to-date: /voiture2A-ros/install/voiture2a_motors_driver/include/voiture2a_motors_driver/voiture2a_motors_driver/msg/detail/engine__struct.hpp\n'}
[4.510803] (voiture2a_motors_driver) StdoutLine: {'line': b'-- Up-to-date: /voiture2A-ros/install/voiture2a_motors_driver/include/voiture2a_motors_driver/voiture2a_motors_driver/msg/detail/motors_state__builder.hpp\n'}
[4.511126] (voiture2a_motors_driver) StdoutLine: {'line': b'-- Up-to-date: /voiture2A-ros/install/voiture2a_motors_driver/include/voiture2a_motors_driver/voiture2a_motors_driver/msg/rosidl_generator_cpp__visibility_control.hpp\n'}
[4.511422] (voiture2a_motors_driver) StdoutLine: {'line': b'-- Up-to-date: /voiture2A-ros/install/voiture2a_motors_driver/include/voiture2a_motors_driver/voiture2a_motors_driver/msg/engine.hpp\n'}
[4.511713] (voiture2a_motors_driver) StdoutLine: {'line': b'-- Up-to-date: /voiture2A-ros/install/voiture2a_motors_driver/include/voiture2a_motors_driver/voiture2a_motors_driver\n'}
[4.511986] (voiture2a_motors_driver) StdoutLine: {'line': b'-- Up-to-date: /voiture2A-ros/install/voiture2a_motors_driver/include/voiture2a_motors_driver/voiture2a_motors_driver/msg\n'}
[4.512304] (voiture2a_motors_driver) StdoutLine: {'line': b'-- Up-to-date: /voiture2A-ros/install/voiture2a_motors_driver/include/voiture2a_motors_driver/voiture2a_motors_driver/msg/rosidl_typesupport_fastrtps_cpp__visibility_control.h\n'}
[4.512593] (voiture2a_motors_driver) StdoutLine: {'line': b'-- Up-to-date: /voiture2A-ros/install/voiture2a_motors_driver/include/voiture2a_motors_driver/voiture2a_motors_driver/msg/detail\n'}
[4.512866] (voiture2a_motors_driver) StdoutLine: {'line': b'-- Up-to-date: /voiture2A-ros/install/voiture2a_motors_driver/include/voiture2a_motors_driver/voiture2a_motors_driver/msg/detail/dds_fastrtps\n'}
[4.513155] (voiture2a_motors_driver) StdoutLine: {'line': b'-- Up-to-date: /voiture2A-ros/install/voiture2a_motors_driver/include/voiture2a_motors_driver/voiture2a_motors_driver/msg/detail/motors_state__rosidl_typesupport_fastrtps_cpp.hpp\n'}
[4.513415] (voiture2a_motors_driver) StdoutLine: {'line': b'-- Up-to-date: /voiture2A-ros/install/voiture2a_motors_driver/include/voiture2a_motors_driver/voiture2a_motors_driver/msg/detail/engine__rosidl_typesupport_fastrtps_cpp.hpp\n'}
[4.513668] (voiture2a_motors_driver) StdoutLine: {'line': b'-- Up-to-date: /voiture2A-ros/install/voiture2a_motors_driver/lib/libvoiture2a_motors_driver__rosidl_typesupport_fastrtps_cpp.so\n'}
[4.513927] (voiture2a_motors_driver) StdoutLine: {'line': b'-- Up-to-date: /voiture2A-ros/install/voiture2a_motors_driver/include/voiture2a_motors_driver/voiture2a_motors_driver\n'}
[4.514195] (voiture2a_motors_driver) StdoutLine: {'line': b'-- Up-to-date: /voiture2A-ros/install/voiture2a_motors_driver/include/voiture2a_motors_driver/voiture2a_motors_driver/msg\n'}
[4.514464] (voiture2a_motors_driver) StdoutLine: {'line': b'-- Up-to-date: /voiture2A-ros/install/voiture2a_motors_driver/include/voiture2a_motors_driver/voiture2a_motors_driver/msg/rosidl_typesupport_introspection_c__visibility_control.h\n'}
[4.514729] (voiture2a_motors_driver) StdoutLine: {'line': b'-- Up-to-date: /voiture2A-ros/install/voiture2a_motors_driver/include/voiture2a_motors_driver/voiture2a_motors_driver/msg/detail\n'}
[4.515040] (voiture2a_motors_driver) StdoutLine: {'line': b'-- Up-to-date: /voiture2A-ros/install/voiture2a_motors_driver/include/voiture2a_motors_driver/voiture2a_motors_driver/msg/detail/motors_state__rosidl_typesupport_introspection_c.h\n'}
[4.515368] (voiture2a_motors_driver) StdoutLine: {'line': b'-- Installing: /voiture2A-ros/install/voiture2a_motors_driver/include/voiture2a_motors_driver/voiture2a_motors_driver/msg/detail/engine__type_support.c\n'}
[4.515665] (voiture2a_motors_driver) StdoutLine: {'line': b'-- Installing: /voiture2A-ros/install/voiture2a_motors_driver/include/voiture2a_motors_driver/voiture2a_motors_driver/msg/detail/motors_state__type_support.c\n'}
[4.515963] (voiture2a_motors_driver) StdoutLine: {'line': b'-- Up-to-date: /voiture2A-ros/install/voiture2a_motors_driver/include/voiture2a_motors_driver/voiture2a_motors_driver/msg/detail/engine__rosidl_typesupport_introspection_c.h\n'}
[4.516277] (voiture2a_motors_driver) StdoutLine: {'line': b'-- Up-to-date: /voiture2A-ros/install/voiture2a_motors_driver/lib/libvoiture2a_motors_driver__rosidl_typesupport_introspection_c.so\n'}
[4.516549] (voiture2a_motors_driver) StdoutLine: {'line': b'-- Up-to-date: /voiture2A-ros/install/voiture2a_motors_driver/lib/libvoiture2a_motors_driver__rosidl_typesupport_c.so\n'}
[4.516822] (voiture2a_motors_driver) StdoutLine: {'line': b'-- Up-to-date: /voiture2A-ros/install/voiture2a_motors_driver/include/voiture2a_motors_driver/voiture2a_motors_driver\n'}
[4.517095] (voiture2a_motors_driver) StdoutLine: {'line': b'-- Up-to-date: /voiture2A-ros/install/voiture2a_motors_driver/include/voiture2a_motors_driver/voiture2a_motors_driver/msg\n'}
[4.517375] (voiture2a_motors_driver) StdoutLine: {'line': b'-- Up-to-date: /voiture2A-ros/install/voiture2a_motors_driver/include/voiture2a_motors_driver/voiture2a_motors_driver/msg/detail\n'}
[4.517673] (voiture2a_motors_driver) StdoutLine: {'line': b'-- Up-to-date: /voiture2A-ros/install/voiture2a_motors_driver/include/voiture2a_motors_driver/voiture2a_motors_driver/msg/detail/engine__type_support.cpp\n'}
[4.517964] (voiture2a_motors_driver) StdoutLine: {'line': b'-- Up-to-date: /voiture2A-ros/install/voiture2a_motors_driver/include/voiture2a_motors_driver/voiture2a_motors_driver/msg/detail/motors_state__type_support.cpp\n'}
[4.518274] (voiture2a_motors_driver) StdoutLine: {'line': b'-- Up-to-date: /voiture2A-ros/install/voiture2a_motors_driver/include/voiture2a_motors_driver/voiture2a_motors_driver/msg/detail/engine__rosidl_typesupport_introspection_cpp.hpp\n'}
[4.518549] (voiture2a_motors_driver) StdoutLine: {'line': b'-- Up-to-date: /voiture2A-ros/install/voiture2a_motors_driver/include/voiture2a_motors_driver/voiture2a_motors_driver/msg/detail/motors_state__rosidl_typesupport_introspection_cpp.hpp\n'}
[4.518823] (voiture2a_motors_driver) StdoutLine: {'line': b'-- Up-to-date: /voiture2A-ros/install/voiture2a_motors_driver/lib/libvoiture2a_motors_driver__rosidl_typesupport_introspection_cpp.so\n'}
[4.519113] (voiture2a_motors_driver) StdoutLine: {'line': b'-- Up-to-date: /voiture2A-ros/install/voiture2a_motors_driver/lib/libvoiture2a_motors_driver__rosidl_typesupport_cpp.so\n'}
[4.519396] (voiture2a_motors_driver) StdoutLine: {'line': b'-- Up-to-date: /voiture2A-ros/install/voiture2a_motors_driver/share/voiture2a_motors_driver/environment/pythonpath.sh\n'}
[4.519668] (voiture2a_motors_driver) StdoutLine: {'line': b'-- Up-to-date: /voiture2A-ros/install/voiture2a_motors_driver/share/voiture2a_motors_driver/environment/pythonpath.dsv\n'}
[4.519942] (voiture2a_motors_driver) StdoutLine: {'line': b'-- Up-to-date: /voiture2A-ros/install/voiture2a_motors_driver/lib/python3.10/site-packages/voiture2a_motors_driver-1.0.0-py3.10.egg-info\n'}
[4.520259] (voiture2a_motors_driver) StdoutLine: {'line': b'-- Installing: /voiture2A-ros/install/voiture2a_motors_driver/lib/python3.10/site-packages/voiture2a_motors_driver-1.0.0-py3.10.egg-info/dependency_links.txt\n'}
[4.520534] (voiture2a_motors_driver) StdoutLine: {'line': b'-- Installing: /voiture2A-ros/install/voiture2a_motors_driver/lib/python3.10/site-packages/voiture2a_motors_driver-1.0.0-py3.10.egg-info/PKG-INFO\n'}
[4.520802] (voiture2a_motors_driver) StdoutLine: {'line': b'-- Installing: /voiture2A-ros/install/voiture2a_motors_driver/lib/python3.10/site-packages/voiture2a_motors_driver-1.0.0-py3.10.egg-info/top_level.txt\n'}
[4.521073] (voiture2a_motors_driver) StdoutLine: {'line': b'-- Installing: /voiture2A-ros/install/voiture2a_motors_driver/lib/python3.10/site-packages/voiture2a_motors_driver-1.0.0-py3.10.egg-info/SOURCES.txt\n'}
[4.521362] (voiture2a_motors_driver) StdoutLine: {'line': b'-- Up-to-date: /voiture2A-ros/install/voiture2a_motors_driver/lib/python3.10/site-packages/voiture2a_motors_driver\n'}
[4.521626] (voiture2a_motors_driver) StdoutLine: {'line': b'-- Up-to-date: /voiture2A-ros/install/voiture2a_motors_driver/lib/python3.10/site-packages/voiture2a_motors_driver/_voiture2a_motors_driver_s.ep.rosidl_typesupport_introspection_c.c\n'}
[4.521891] (voiture2a_motors_driver) StdoutLine: {'line': b'-- Up-to-date: /voiture2A-ros/install/voiture2a_motors_driver/lib/python3.10/site-packages/voiture2a_motors_driver/msg\n'}
[4.522175] (voiture2a_motors_driver) StdoutLine: {'line': b'-- Up-to-date: /voiture2A-ros/install/voiture2a_motors_driver/lib/python3.10/site-packages/voiture2a_motors_driver/msg/_engine_s.c\n'}
[4.522431] (voiture2a_motors_driver) StdoutLine: {'line': b'-- Up-to-date: /voiture2A-ros/install/voiture2a_motors_driver/lib/python3.10/site-packages/voiture2a_motors_driver/msg/_motors_state_s.c\n'}
[4.522678] (voiture2a_motors_driver) StdoutLine: {'line': b'-- Up-to-date: /voiture2A-ros/install/voiture2a_motors_driver/lib/python3.10/site-packages/voiture2a_motors_driver/msg/_engine.py\n'}
[4.522922] (voiture2a_motors_driver) StdoutLine: {'line': b'-- Up-to-date: /voiture2A-ros/install/voiture2a_motors_driver/lib/python3.10/site-packages/voiture2a_motors_driver/msg/_motors_state.py\n'}
[4.523195] (voiture2a_motors_driver) StdoutLine: {'line': b'-- Up-to-date: /voiture2A-ros/install/voiture2a_motors_driver/lib/python3.10/site-packages/voiture2a_motors_driver/msg/__init__.py\n'}
[4.523475] (voiture2a_motors_driver) StdoutLine: {'line': b'-- Up-to-date: /voiture2A-ros/install/voiture2a_motors_driver/lib/python3.10/site-packages/voiture2a_motors_driver/_voiture2a_motors_driver_s.ep.rosidl_typesupport_c.c\n'}
[4.523750] (voiture2a_motors_driver) StdoutLine: {'line': b'-- Up-to-date: /voiture2A-ros/install/voiture2a_motors_driver/lib/python3.10/site-packages/voiture2a_motors_driver/_voiture2a_motors_driver_s.ep.rosidl_typesupport_fastrtps_c.c\n'}
[4.524028] (voiture2a_motors_driver) StdoutLine: {'line': b'-- Up-to-date: /voiture2A-ros/install/voiture2a_motors_driver/lib/python3.10/site-packages/voiture2a_motors_driver/__init__.py\n'}
[4.539304] (-) TimerEvent: {}
[4.630900] (notre_package) StdoutLine: {'line': b'running egg_info\n'}
[4.634889] (notre_package) StdoutLine: {'line': b'writing ../../build/notre_package/notre_package.egg-info/PKG-INFO\n'}
[4.636243] (notre_package) StdoutLine: {'line': b'writing dependency_links to ../../build/notre_package/notre_package.egg-info/dependency_links.txt\n'}
[4.636750] (notre_package) StdoutLine: {'line': b'writing entry points to ../../build/notre_package/notre_package.egg-info/entry_points.txt\n'}
[4.637726] (notre_package) StdoutLine: {'line': b'writing requirements to ../../build/notre_package/notre_package.egg-info/requires.txt\n'}
[4.638220] (notre_package) StdoutLine: {'line': b'writing top-level names to ../../build/notre_package/notre_package.egg-info/top_level.txt\n'}
[4.639360] (-) TimerEvent: {}
[4.645222] (notre_package) StdoutLine: {'line': b"reading manifest file '../../build/notre_package/notre_package.egg-info/SOURCES.txt'\n"}
[4.649608] (notre_package) StdoutLine: {'line': b"writing manifest file '../../build/notre_package/notre_package.egg-info/SOURCES.txt'\n"}
[4.650447] (notre_package) StdoutLine: {'line': b'running build\n'}
[4.650829] (notre_package) StdoutLine: {'line': b'running build_py\n'}
[4.652038] (notre_package) StdoutLine: {'line': b'running install\n'}
[4.653380] (notre_package) StdoutLine: {'line': b'running install_lib\n'}
[4.659444] (notre_package) StdoutLine: {'line': b'running install_data\n'}
[4.660376] (notre_package) StdoutLine: {'line': b'copying launch/multi_launch.py -> /voiture2A-ros/install/notre_package/share/notre_package/launch\n'}
[4.661287] (notre_package) StdoutLine: {'line': b'running install_egg_info\n'}
[4.667983] (notre_package) StdoutLine: {'line': b"removing '/voiture2A-ros/install/notre_package/lib/python3.10/site-packages/notre_package-0.0.0-py3.10.egg-info' (and everything under it)\n"}
[4.669590] (notre_package) StdoutLine: {'line': b'Copying ../../build/notre_package/notre_package.egg-info to /voiture2A-ros/install/notre_package/lib/python3.10/site-packages/notre_package-0.0.0-py3.10.egg-info\n'}
[4.673500] (notre_package) StdoutLine: {'line': b'running install_scripts\n'}
[4.739713] (-) TimerEvent: {}
[4.789496] (notre_package) StdoutLine: {'line': b'Installing control_node script to /voiture2A-ros/install/notre_package/lib/notre_package\n'}
[4.790595] (notre_package) StdoutLine: {'line': b'Installing localization_node script to /voiture2A-ros/install/notre_package/lib/notre_package\n'}
[4.790962] (notre_package) StdoutLine: {'line': b'Installing mission_node script to /voiture2A-ros/install/notre_package/lib/notre_package\n'}
[4.791691] (notre_package) StdoutLine: {'line': b"writing list of installed files to '/voiture2A-ros/build/notre_package/install.log'\n"}
[4.805011] (voiture2a_motors_driver) StdoutLine: {'line': b"Listing '/voiture2A-ros/install/voiture2a_motors_driver/lib/python3.10/site-packages/voiture2a_motors_driver'...\n"}
[4.805860] (voiture2a_motors_driver) StdoutLine: {'line': b"Listing '/voiture2A-ros/install/voiture2a_motors_driver/lib/python3.10/site-packages/voiture2a_motors_driver/msg'...\n"}
[4.827573] (voiture2a_motors_driver) StdoutLine: {'line': b'-- Up-to-date: /voiture2A-ros/install/voiture2a_motors_driver/lib/python3.10/site-packages/voiture2a_motors_driver/voiture2a_motors_driver_s__rosidl_typesupport_fastrtps_c.cpython-310-aarch64-linux-gnu.so\n'}
[4.828771] (voiture2a_motors_driver) StdoutLine: {'line': b'-- Up-to-date: /voiture2A-ros/install/voiture2a_motors_driver/lib/python3.10/site-packages/voiture2a_motors_driver/voiture2a_motors_driver_s__rosidl_typesupport_introspection_c.cpython-310-aarch64-linux-gnu.so\n'}
[4.829729] (voiture2a_motors_driver) StdoutLine: {'line': b'-- Up-to-date: /voiture2A-ros/install/voiture2a_motors_driver/lib/python3.10/site-packages/voiture2a_motors_driver/voiture2a_motors_driver_s__rosidl_typesupport_c.cpython-310-aarch64-linux-gnu.so\n'}
[4.830899] (voiture2a_motors_driver) StdoutLine: {'line': b'-- Up-to-date: /voiture2A-ros/install/voiture2a_motors_driver/lib/libvoiture2a_motors_driver__rosidl_generator_py.so\n'}
[4.831432] (voiture2a_motors_driver) StdoutLine: {'line': b'-- Up-to-date: /voiture2A-ros/install/voiture2a_motors_driver/share/voiture2a_motors_driver/msg/MotorsState.idl\n'}
[4.832569] (voiture2a_motors_driver) StdoutLine: {'line': b'-- Up-to-date: /voiture2A-ros/install/voiture2a_motors_driver/share/voiture2a_motors_driver/msg/Engine.idl\n'}
[4.834807] (voiture2a_motors_driver) StdoutLine: {'line': b'-- Up-to-date: /voiture2A-ros/install/voiture2a_motors_driver/share/voiture2a_motors_driver/msg/MotorsState.msg\n'}
[4.835277] (voiture2a_motors_driver) StdoutLine: {'line': b'-- Up-to-date: /voiture2A-ros/install/voiture2a_motors_driver/share/voiture2a_motors_driver/msg/Engine.msg\n'}
[4.835903] (voiture2a_motors_driver) StdoutLine: {'line': b'-- Up-to-date: /voiture2A-ros/install/voiture2a_motors_driver/lib/voiture2a_motors_driver/motors_node\n'}
[4.836453] (voiture2a_motors_driver) StdoutLine: {'line': b'-- Up-to-date: /voiture2A-ros/install/voiture2a_motors_driver/share/ament_index/resource_index/package_run_dependencies/voiture2a_motors_driver\n'}
[4.836752] (voiture2a_motors_driver) StdoutLine: {'line': b'-- Up-to-date: /voiture2A-ros/install/voiture2a_motors_driver/share/ament_index/resource_index/parent_prefix_path/voiture2a_motors_driver\n'}
[4.837679] (voiture2a_motors_driver) StdoutLine: {'line': b'-- Up-to-date: /voiture2A-ros/install/voiture2a_motors_driver/share/voiture2a_motors_driver/environment/ament_prefix_path.sh\n'}
[4.838209] (voiture2a_motors_driver) StdoutLine: {'line': b'-- Up-to-date: /voiture2A-ros/install/voiture2a_motors_driver/share/voiture2a_motors_driver/environment/ament_prefix_path.dsv\n'}
[4.838914] (voiture2a_motors_driver) StdoutLine: {'line': b'-- Up-to-date: /voiture2A-ros/install/voiture2a_motors_driver/share/voiture2a_motors_driver/environment/path.sh\n'}
[4.839930] (-) TimerEvent: {}
[4.840020] (voiture2a_motors_driver) StdoutLine: {'line': b'-- Up-to-date: /voiture2A-ros/install/voiture2a_motors_driver/share/voiture2a_motors_driver/environment/path.dsv\n'}
[4.841048] (voiture2a_motors_driver) StdoutLine: {'line': b'-- Up-to-date: /voiture2A-ros/install/voiture2a_motors_driver/share/voiture2a_motors_driver/local_setup.bash\n'}
[4.842780] (voiture2a_motors_driver) StdoutLine: {'line': b'-- Up-to-date: /voiture2A-ros/install/voiture2a_motors_driver/share/voiture2a_motors_driver/local_setup.sh\n'}
[4.843428] (voiture2a_motors_driver) StdoutLine: {'line': b'-- Up-to-date: /voiture2A-ros/install/voiture2a_motors_driver/share/voiture2a_motors_driver/local_setup.zsh\n'}
[4.843714] (voiture2a_motors_driver) StdoutLine: {'line': b'-- Up-to-date: /voiture2A-ros/install/voiture2a_motors_driver/share/voiture2a_motors_driver/local_setup.dsv\n'}
[4.843993] (voiture2a_motors_driver) StdoutLine: {'line': b'-- Installing: /voiture2A-ros/install/voiture2a_motors_driver/share/voiture2a_motors_driver/package.dsv\n'}
[4.844296] (voiture2a_motors_driver) StdoutLine: {'line': b'-- Up-to-date: /voiture2A-ros/install/voiture2a_motors_driver/share/ament_index/resource_index/packages/voiture2a_motors_driver\n'}
[4.844585] (voiture2a_motors_driver) StdoutLine: {'line': b'-- Up-to-date: /voiture2A-ros/install/voiture2a_motors_driver/share/voiture2a_motors_driver/cmake/export_voiture2a_motors_driver__rosidl_generator_cExport.cmake\n'}
[4.844865] (voiture2a_motors_driver) StdoutLine: {'line': b'-- Up-to-date: /voiture2A-ros/install/voiture2a_motors_driver/share/voiture2a_motors_driver/cmake/export_voiture2a_motors_driver__rosidl_generator_cExport-noconfig.cmake\n'}
[4.845180] (voiture2a_motors_driver) StdoutLine: {'line': b'-- Up-to-date: /voiture2A-ros/install/voiture2a_motors_driver/share/voiture2a_motors_driver/cmake/export_voiture2a_motors_driver__rosidl_typesupport_fastrtps_cExport.cmake\n'}
[4.845461] (voiture2a_motors_driver) StdoutLine: {'line': b'-- Up-to-date: /voiture2A-ros/install/voiture2a_motors_driver/share/voiture2a_motors_driver/cmake/export_voiture2a_motors_driver__rosidl_typesupport_fastrtps_cExport-noconfig.cmake\n'}
[4.845734] (voiture2a_motors_driver) StdoutLine: {'line': b'-- Up-to-date: /voiture2A-ros/install/voiture2a_motors_driver/share/voiture2a_motors_driver/cmake/export_voiture2a_motors_driver__rosidl_generator_cppExport.cmake\n'}
[4.846001] (voiture2a_motors_driver) StdoutLine: {'line': b'-- Up-to-date: /voiture2A-ros/install/voiture2a_motors_driver/share/voiture2a_motors_driver/cmake/export_voiture2a_motors_driver__rosidl_typesupport_fastrtps_cppExport.cmake\n'}
[4.846327] (voiture2a_motors_driver) StdoutLine: {'line': b'-- Up-to-date: /voiture2A-ros/install/voiture2a_motors_driver/share/voiture2a_motors_driver/cmake/export_voiture2a_motors_driver__rosidl_typesupport_fastrtps_cppExport-noconfig.cmake\n'}
[4.846612] (voiture2a_motors_driver) StdoutLine: {'line': b'-- Up-to-date: /voiture2A-ros/install/voiture2a_motors_driver/share/voiture2a_motors_driver/cmake/voiture2a_motors_driver__rosidl_typesupport_introspection_cExport.cmake\n'}
[4.846898] (voiture2a_motors_driver) StdoutLine: {'line': b'-- Up-to-date: /voiture2A-ros/install/voiture2a_motors_driver/share/voiture2a_motors_driver/cmake/voiture2a_motors_driver__rosidl_typesupport_introspection_cExport-noconfig.cmake\n'}
[4.847204] (voiture2a_motors_driver) StdoutLine: {'line': b'-- Up-to-date: /voiture2A-ros/install/voiture2a_motors_driver/share/voiture2a_motors_driver/cmake/voiture2a_motors_driver__rosidl_typesupport_cExport.cmake\n'}
[4.847485] (voiture2a_motors_driver) StdoutLine: {'line': b'-- Up-to-date: /voiture2A-ros/install/voiture2a_motors_driver/share/voiture2a_motors_driver/cmake/voiture2a_motors_driver__rosidl_typesupport_cExport-noconfig.cmake\n'}
[4.847757] (voiture2a_motors_driver) StdoutLine: {'line': b'-- Up-to-date: /voiture2A-ros/install/voiture2a_motors_driver/share/voiture2a_motors_driver/cmake/voiture2a_motors_driver__rosidl_typesupport_introspection_cppExport.cmake\n'}
[4.848027] (voiture2a_motors_driver) StdoutLine: {'line': b'-- Up-to-date: /voiture2A-ros/install/voiture2a_motors_driver/share/voiture2a_motors_driver/cmake/voiture2a_motors_driver__rosidl_typesupport_introspection_cppExport-noconfig.cmake\n'}
[4.848321] (voiture2a_motors_driver) StdoutLine: {'line': b'-- Up-to-date: /voiture2A-ros/install/voiture2a_motors_driver/share/voiture2a_motors_driver/cmake/voiture2a_motors_driver__rosidl_typesupport_cppExport.cmake\n'}
[4.848604] (voiture2a_motors_driver) StdoutLine: {'line': b'-- Up-to-date: /voiture2A-ros/install/voiture2a_motors_driver/share/voiture2a_motors_driver/cmake/voiture2a_motors_driver__rosidl_typesupport_cppExport-noconfig.cmake\n'}
[4.848870] (voiture2a_motors_driver) StdoutLine: {'line': b'-- Up-to-date: /voiture2A-ros/install/voiture2a_motors_driver/share/voiture2a_motors_driver/cmake/export_voiture2a_motors_driver__rosidl_generator_pyExport.cmake\n'}
[4.849160] (voiture2a_motors_driver) StdoutLine: {'line': b'-- Up-to-date: /voiture2A-ros/install/voiture2a_motors_driver/share/voiture2a_motors_driver/cmake/export_voiture2a_motors_driver__rosidl_generator_pyExport-noconfig.cmake\n'}
[4.849440] (voiture2a_motors_driver) StdoutLine: {'line': b'-- Up-to-date: /voiture2A-ros/install/voiture2a_motors_driver/share/voiture2a_motors_driver/cmake/rosidl_cmake-extras.cmake\n'}
[4.849716] (voiture2a_motors_driver) StdoutLine: {'line': b'-- Up-to-date: /voiture2A-ros/install/voiture2a_motors_driver/share/voiture2a_motors_driver/cmake/ament_cmake_export_include_directories-extras.cmake\n'}
[4.850024] (voiture2a_motors_driver) StdoutLine: {'line': b'-- Up-to-date: /voiture2A-ros/install/voiture2a_motors_driver/share/voiture2a_motors_driver/cmake/ament_cmake_export_libraries-extras.cmake\n'}
[4.850323] (voiture2a_motors_driver) StdoutLine: {'line': b'-- Up-to-date: /voiture2A-ros/install/voiture2a_motors_driver/share/voiture2a_motors_driver/cmake/ament_cmake_export_targets-extras.cmake\n'}
[4.850607] (voiture2a_motors_driver) StdoutLine: {'line': b'-- Up-to-date: /voiture2A-ros/install/voiture2a_motors_driver/share/voiture2a_motors_driver/cmake/rosidl_cmake_export_typesupport_targets-extras.cmake\n'}
[4.850893] (voiture2a_motors_driver) StdoutLine: {'line': b'-- Up-to-date: /voiture2A-ros/install/voiture2a_motors_driver/share/voiture2a_motors_driver/cmake/ament_cmake_export_dependencies-extras.cmake\n'}
[4.851176] (voiture2a_motors_driver) StdoutLine: {'line': b'-- Up-to-date: /voiture2A-ros/install/voiture2a_motors_driver/share/voiture2a_motors_driver/cmake/rosidl_cmake_export_typesupport_libraries-extras.cmake\n'}
[4.851445] (voiture2a_motors_driver) StdoutLine: {'line': b'-- Up-to-date: /voiture2A-ros/install/voiture2a_motors_driver/share/voiture2a_motors_driver/cmake/voiture2a_motors_driverConfig.cmake\n'}
[4.851732] (voiture2a_motors_driver) StdoutLine: {'line': b'-- Up-to-date: /voiture2A-ros/install/voiture2a_motors_driver/share/voiture2a_motors_driver/cmake/voiture2a_motors_driverConfig-version.cmake\n'}
[4.852023] (voiture2a_motors_driver) StdoutLine: {'line': b'-- Up-to-date: /voiture2A-ros/install/voiture2a_motors_driver/share/voiture2a_motors_driver/package.xml\n'}
[4.861699] (voiture2a_motors_driver) CommandEnded: {'returncode': 0}
[4.936005] (voiture2a_motors_driver) JobEnded: {'identifier': 'voiture2a_motors_driver', 'rc': 0}
[4.940075] (-) TimerEvent: {}
[4.940207] (notre_package) CommandEnded: {'returncode': 0}
[4.965631] (notre_package) JobEnded: {'identifier': 'notre_package', 'rc': 0}
[4.968885] (-) EventReactorShutdown: {}
