[3.513s] Invoking command in '/voiture2A-ros/src/notre_package': PYTHONPATH=/voiture2A-ros/build/notre_package/prefix_override:/usr/lib/python3/dist-packages/colcon_core/task/python/colcon_distutils_commands:/voiture2A-ros/install/notre_package/lib/python3.10/site-packages:${PYTHONPATH} /usr/bin/python3 -W ignore:setup.py install is deprecated -W ignore:easy_install command is deprecated setup.py egg_info --egg-base ../../build/notre_package build --build-base /voiture2A-ros/build/notre_package/build install --record /voiture2A-ros/build/notre_package/install.log --single-version-externally-managed install_data
[4.677s] running egg_info
[4.681s] writing ../../build/notre_package/notre_package.egg-info/PKG-INFO
[4.682s] writing dependency_links to ../../build/notre_package/notre_package.egg-info/dependency_links.txt
[4.683s] writing entry points to ../../build/notre_package/notre_package.egg-info/entry_points.txt
[4.683s] writing requirements to ../../build/notre_package/notre_package.egg-info/requires.txt
[4.684s] writing top-level names to ../../build/notre_package/notre_package.egg-info/top_level.txt
[4.691s] reading manifest file '../../build/notre_package/notre_package.egg-info/SOURCES.txt'
[4.695s] writing manifest file '../../build/notre_package/notre_package.egg-info/SOURCES.txt'
[4.696s] running build
[4.696s] running build_py
[4.697s] copying notre_package/localization.py -> /voiture2A-ros/build/notre_package/build/lib/notre_package
[4.698s] running install
[4.700s] running install_lib
[4.704s] copying /voiture2A-ros/build/notre_package/build/lib/notre_package/localization.py -> /voiture2A-ros/install/notre_package/lib/python3.10/site-packages/notre_package
[4.708s] byte-compiling /voiture2A-ros/install/notre_package/lib/python3.10/site-packages/notre_package/localization.py to localization.cpython-310.pyc
[4.726s] running install_data
[4.727s] running install_egg_info
[4.734s] removing '/voiture2A-ros/install/notre_package/lib/python3.10/site-packages/notre_package-0.0.0-py3.10.egg-info' (and everything under it)
[4.734s] Copying ../../build/notre_package/notre_package.egg-info to /voiture2A-ros/install/notre_package/lib/python3.10/site-packages/notre_package-0.0.0-py3.10.egg-info
[4.738s] running install_scripts
[4.889s] Installing control_node script to /voiture2A-ros/install/notre_package/lib/notre_package
[4.890s] Installing localization_node script to /voiture2A-ros/install/notre_package/lib/notre_package
[4.890s] Installing mission_node script to /voiture2A-ros/install/notre_package/lib/notre_package
[4.890s] writing list of installed files to '/voiture2A-ros/build/notre_package/install.log'
[4.914s] Invoked command in '/voiture2A-ros/src/notre_package' returned '0': PYTHONPATH=/voiture2A-ros/build/notre_package/prefix_override:/usr/lib/python3/dist-packages/colcon_core/task/python/colcon_distutils_commands:/voiture2A-ros/install/notre_package/lib/python3.10/site-packages:${PYTHONPATH} /usr/bin/python3 -W ignore:setup.py install is deprecated -W ignore:easy_install command is deprecated setup.py egg_info --egg-base ../../build/notre_package build --build-base /voiture2A-ros/build/notre_package/build install --record /voiture2A-ros/build/notre_package/install.log --single-version-externally-managed install_data
