[0.000000] (-) TimerEvent: {}
[0.000690] (gpsd_client) JobQueued: {'identifier': 'gpsd_client', 'dependencies': OrderedDict()}
[0.001340] (icm20948_driver) JobQueued: {'identifier': 'icm20948_driver', 'dependencies': OrderedDict()}
[0.001431] (notre_package) JobQueued: {'identifier': 'notre_package', 'dependencies': OrderedDict()}
[0.001512] (voiture2a_motors_driver) JobQueued: {'identifier': 'voiture2a_motors_driver', 'dependencies': OrderedDict()}
[0.006255] (gpsd_client) JobStarted: {'identifier': 'gpsd_client'}
[0.040180] (icm20948_driver) JobStarted: {'identifier': 'icm20948_driver'}
[0.057248] (notre_package) JobStarted: {'identifier': 'notre_package'}
[0.083742] (voiture2a_motors_driver) JobStarted: {'identifier': 'voiture2a_motors_driver'}
[0.100063] (-) TimerEvent: {}
[0.108225] (gpsd_client) JobProgress: {'identifier': 'gpsd_client', 'progress': 'cmake'}
[0.111464] (gpsd_client) JobProgress: {'identifier': 'gpsd_client', 'progress': 'build'}
[0.114832] (gpsd_client) Command: {'cmd': ['/usr/bin/cmake', '--build', '/voiture2A-ros/build/gpsd_client', '--', '-j16', '-l16'], 'cwd': '/voiture2A-ros/build/gpsd_client', 'env': OrderedDict([('COLCON', '1'), ('PYTHONPATH', '/opt/ros/rolling/lib/python3.10/site-packages'), ('LC_ALL', 'C.UTF-8'), ('PWD', '/voiture2A-ros/build/gpsd_client'), ('ROS_AUTOMATIC_DISCOVERY_RANGE', 'SUBNET'), ('AMENT_PREFIX_PATH', '/opt/ros/rolling'), ('LANG', 'C.UTF-8'), ('PATH', '/opt/ros/rolling/bin:/usr/local/sbin:/usr/local/bin:/usr/sbin:/usr/bin:/sbin:/bin'), ('ROS_VERSION', '2'), ('_', '/usr/bin/colcon'), ('ROS_DISTRO', 'rolling'), ('ROS_PYTHON_VERSION', '3'), ('OLDPWD', '/'), ('HOME', '/root'), ('LD_LIBRARY_PATH', '/opt/ros/rolling/lib/aarch64-linux-gnu:/opt/ros/rolling/lib'), ('SHLVL', '1'), ('HOSTNAME', 'dd5a13107e50'), ('CMAKE_PREFIX_PATH', '/opt/ros/rolling')]), 'shell': False}
[0.123228] (icm20948_driver) JobProgress: {'identifier': 'icm20948_driver', 'progress': 'cmake'}
[0.125684] (icm20948_driver) JobProgress: {'identifier': 'icm20948_driver', 'progress': 'build'}
[0.127089] (icm20948_driver) Command: {'cmd': ['/usr/bin/cmake', '--build', '/voiture2A-ros/build/icm20948_driver', '--', '-j16', '-l16'], 'cwd': '/voiture2A-ros/build/icm20948_driver', 'env': OrderedDict([('COLCON', '1'), ('PYTHONPATH', '/opt/ros/rolling/lib/python3.10/site-packages'), ('LC_ALL', 'C.UTF-8'), ('PWD', '/voiture2A-ros/build/icm20948_driver'), ('ROS_AUTOMATIC_DISCOVERY_RANGE', 'SUBNET'), ('AMENT_PREFIX_PATH', '/opt/ros/rolling'), ('LANG', 'C.UTF-8'), ('PATH', '/opt/ros/rolling/bin:/usr/local/sbin:/usr/local/bin:/usr/sbin:/usr/bin:/sbin:/bin'), ('ROS_VERSION', '2'), ('_', '/usr/bin/colcon'), ('ROS_DISTRO', 'rolling'), ('ROS_PYTHON_VERSION', '3'), ('OLDPWD', '/'), ('HOME', '/root'), ('LD_LIBRARY_PATH', '/opt/ros/rolling/lib/aarch64-linux-gnu:/opt/ros/rolling/lib'), ('SHLVL', '1'), ('HOSTNAME', 'dd5a13107e50'), ('CMAKE_PREFIX_PATH', '/opt/ros/rolling')]), 'shell': False}
[0.200412] (-) TimerEvent: {}
[0.301253] (-) TimerEvent: {}
[0.401911] (-) TimerEvent: {}
[0.502604] (-) TimerEvent: {}
[0.603227] (-) TimerEvent: {}
[0.703886] (-) TimerEvent: {}
[0.804527] (-) TimerEvent: {}
[0.905143] (-) TimerEvent: {}
[1.005805] (-) TimerEvent: {}
[1.107053] (-) TimerEvent: {}
[1.209117] (-) TimerEvent: {}
[1.313307] (-) TimerEvent: {}
[1.414134] (-) TimerEvent: {}
[1.514962] (-) TimerEvent: {}
[1.605836] (gpsd_client) StdoutLine: {'line': b'[  2%] Built target gpsd_client__rosidl_generator_type_description\n'}
[1.610575] (gpsd_client) StdoutLine: {'line': b'[  2%] Built target ament_cmake_python_copy_gpsd_client\n'}
[1.611787] (gpsd_client) StdoutLine: {'line': b'[  5%] Built target gpsd_client__cpp\n'}
[1.614453] (gpsd_client) StdoutLine: {'line': b'[ 19%] Built target gpsd_client__rosidl_generator_c\n'}
[1.615403] (-) TimerEvent: {}
[1.615678] (gpsd_client) StdoutLine: {'line': b'[ 27%] Built target gpsd_client__rosidl_typesupport_fastrtps_c\n'}
[1.617141] (gpsd_client) StdoutLine: {'line': b'[ 36%] Built target gpsd_client__rosidl_typesupport_introspection_c\n'}
[1.618102] (gpsd_client) StdoutLine: {'line': b'[ 44%] Built target gpsd_client__rosidl_typesupport_cpp\n'}
[1.619896] (gpsd_client) StdoutLine: {'line': b'[ 52%] Built target gpsd_client__rosidl_typesupport_c\n'}
[1.620732] (gpsd_client) StdoutLine: {'line': b'[ 61%] Built target gpsd_client__rosidl_typesupport_fastrtps_cpp\n'}
[1.626968] (gpsd_client) StdoutLine: {'line': b'[ 69%] Built target gpsd_client__rosidl_typesupport_introspection_cpp\n'}
[1.628179] (icm20948_driver) StdoutLine: {'line': b'[  1%] Built target icm20948_driver__rosidl_generator_type_description\n'}
[1.630942] (icm20948_driver) StdoutLine: {'line': b'[  8%] Built target Fusion\n'}
[1.631860] (icm20948_driver) StdoutLine: {'line': b'[  8%] Built target ament_cmake_python_copy_icm20948_driver\n'}
[1.633632] (icm20948_driver) StdoutLine: {'line': b'[  9%] Built target icm20948_driver__cpp\n'}
[1.636076] (icm20948_driver) StdoutLine: {'line': b'[ 27%] Built target icm20948_driver__rosidl_generator_c\n'}
[1.636734] (icm20948_driver) StdoutLine: {'line': b'[ 36%] Built target icm20948_driver__rosidl_typesupport_c\n'}
[1.637316] (icm20948_driver) StdoutLine: {'line': b'[ 44%] Built target icm20948_driver__rosidl_typesupport_introspection_cpp\n'}
[1.637965] (icm20948_driver) StdoutLine: {'line': b'[ 52%] Built target icm20948_driver__rosidl_typesupport_cpp\n'}
[1.638593] (icm20948_driver) StdoutLine: {'line': b'[ 60%] Built target icm20948_driver__rosidl_typesupport_introspection_c\n'}
[1.639208] (icm20948_driver) StdoutLine: {'line': b'[ 68%] Built target icm20948_driver__rosidl_typesupport_fastrtps_c\n'}
[1.639805] (icm20948_driver) StdoutLine: {'line': b'[ 77%] Built target icm20948_driver__rosidl_typesupport_fastrtps_cpp\n'}
[1.640421] (voiture2a_motors_driver) JobProgress: {'identifier': 'voiture2a_motors_driver', 'progress': 'cmake'}
[1.640615] (voiture2a_motors_driver) JobProgress: {'identifier': 'voiture2a_motors_driver', 'progress': 'build'}
[1.640815] (voiture2a_motors_driver) Command: {'cmd': ['/usr/bin/cmake', '--build', '/voiture2A-ros/build/voiture2a_motors_driver', '--', '-j16', '-l16'], 'cwd': '/voiture2A-ros/build/voiture2a_motors_driver', 'env': OrderedDict([('COLCON', '1'), ('PYTHONPATH', '/opt/ros/rolling/lib/python3.10/site-packages'), ('LC_ALL', 'C.UTF-8'), ('PWD', '/voiture2A-ros/build/voiture2a_motors_driver'), ('ROS_AUTOMATIC_DISCOVERY_RANGE', 'SUBNET'), ('AMENT_PREFIX_PATH', '/opt/ros/rolling'), ('LANG', 'C.UTF-8'), ('PATH', '/opt/ros/rolling/bin:/usr/local/sbin:/usr/local/bin:/usr/sbin:/usr/bin:/sbin:/bin'), ('ROS_VERSION', '2'), ('_', '/usr/bin/colcon'), ('ROS_DISTRO', 'rolling'), ('ROS_PYTHON_VERSION', '3'), ('OLDPWD', '/'), ('HOME', '/root'), ('LD_LIBRARY_PATH', '/opt/ros/rolling/lib/aarch64-linux-gnu:/opt/ros/rolling/lib'), ('SHLVL', '1'), ('HOSTNAME', 'dd5a13107e50'), ('CMAKE_PREFIX_PATH', '/opt/ros/rolling')]), 'shell': False}
[1.715863] (-) TimerEvent: {}
[1.816642] (-) TimerEvent: {}
[1.835711] (gpsd_client) StdoutLine: {'line': b'[ 75%] Built target gpsd_node\n'}
[1.839890] (gpsd_client) StdoutLine: {'line': b'[ 75%] Built target gpsd_client\n'}
[1.874571] (icm20948_driver) StdoutLine: {'line': b'[ 77%] Built target icm20948_driver\n'}
[1.909353] (icm20948_driver) StdoutLine: {'line': b'[ 81%] Built target icm20948\n'}
[1.916896] (-) TimerEvent: {}
[2.017580] (-) TimerEvent: {}
[2.118268] (-) TimerEvent: {}
[2.123583] (gpsd_client) StdoutLine: {'line': b'[ 77%] Built target gpsd_client__py\n'}
[2.166681] (icm20948_driver) StdoutLine: {'line': b'[ 83%] Built target icm20948_driver__py\n'}
[2.218591] (-) TimerEvent: {}
[2.318321] (voiture2a_motors_driver) StdoutLine: {'line': b'[  2%] Built target voiture2a_motors_driver__rosidl_generator_type_description\n'}
[2.319316] (-) TimerEvent: {}
[2.413005] (gpsd_client) StdoutLine: {'line': b'running egg_info\n'}
[2.416387] (voiture2a_motors_driver) StdoutLine: {'line': b'[  2%] Built target ament_cmake_python_copy_voiture2a_motors_driver\n'}
[2.417964] (gpsd_client) StdoutLine: {'line': b'writing gpsd_client.egg-info/PKG-INFO\n'}
[2.419340] (gpsd_client) StdoutLine: {'line': b'writing dependency_links to gpsd_client.egg-info/dependency_links.txt\n'}
[2.420636] (-) TimerEvent: {}
[2.420850] (gpsd_client) StdoutLine: {'line': b'writing top-level names to gpsd_client.egg-info/top_level.txt\n'}
[2.433718] (gpsd_client) StdoutLine: {'line': b"reading manifest file 'gpsd_client.egg-info/SOURCES.txt'\n"}
[2.437442] (gpsd_client) StdoutLine: {'line': b"writing manifest file 'gpsd_client.egg-info/SOURCES.txt'\n"}
[2.466515] (gpsd_client) StdoutLine: {'line': b'[ 83%] Built target gpsd_client__rosidl_generator_py\n'}
[2.485524] (icm20948_driver) StdoutLine: {'line': b'running egg_info\n'}
[2.490865] (icm20948_driver) StdoutLine: {'line': b'writing icm20948_driver.egg-info/PKG-INFO\n'}
[2.492834] (icm20948_driver) StdoutLine: {'line': b'writing dependency_links to icm20948_driver.egg-info/dependency_links.txt\n'}
[2.494174] (icm20948_driver) StdoutLine: {'line': b'[ 90%] Built target icm20948_driver__rosidl_generator_py\n'}
[2.494942] (icm20948_driver) StdoutLine: {'line': b'writing top-level names to icm20948_driver.egg-info/top_level.txt\n'}
[2.512156] (icm20948_driver) StdoutLine: {'line': b"reading manifest file 'icm20948_driver.egg-info/SOURCES.txt'\n"}
[2.516421] (icm20948_driver) StdoutLine: {'line': b"writing manifest file 'icm20948_driver.egg-info/SOURCES.txt'\n"}
[2.520952] (-) TimerEvent: {}
[2.621627] (-) TimerEvent: {}
[2.632504] (gpsd_client) StdoutLine: {'line': b'[ 83%] Built target ament_cmake_python_build_gpsd_client_egg\n'}
[2.677180] (voiture2a_motors_driver) StdoutLine: {'line': b'[  4%] Built target voiture2a_motors_driver__cpp\n'}
[2.695931] (voiture2a_motors_driver) StdoutLine: {'line': b'[ 21%] Built target voiture2a_motors_driver__rosidl_generator_c\n'}
[2.722776] (icm20948_driver) StdoutLine: {'line': b'[ 90%] Built target ament_cmake_python_build_icm20948_driver_egg\n'}
[2.724232] (-) TimerEvent: {}
[2.827887] (-) TimerEvent: {}
[2.888246] (gpsd_client) StdoutLine: {'line': b'[ 88%] Built target gpsd_client__rosidl_typesupport_c__pyext\n'}
[2.897701] (gpsd_client) StdoutLine: {'line': b'[ 94%] Built target gpsd_client__rosidl_typesupport_fastrtps_c__pyext\n'}
[2.909296] (gpsd_client) StdoutLine: {'line': b'[100%] Built target gpsd_client__rosidl_typesupport_introspection_c__pyext\n'}
[2.929879] (-) TimerEvent: {}
[2.934433] (icm20948_driver) StdoutLine: {'line': b'[ 93%] Built target icm20948_driver__rosidl_typesupport_c__pyext\n'}
[2.946207] (icm20948_driver) StdoutLine: {'line': b'[ 96%] Built target icm20948_driver__rosidl_typesupport_introspection_c__pyext\n'}
[2.947660] (icm20948_driver) StdoutLine: {'line': b'[100%] Built target icm20948_driver__rosidl_typesupport_fastrtps_c__pyext\n'}
[3.030060] (gpsd_client) CommandEnded: {'returncode': 0}
[3.032147] (-) TimerEvent: {}
[3.037229] (gpsd_client) JobProgress: {'identifier': 'gpsd_client', 'progress': 'install'}
[3.132619] (-) TimerEvent: {}
[3.148687] (gpsd_client) Command: {'cmd': ['/usr/bin/cmake', '--install', '/voiture2A-ros/build/gpsd_client'], 'cwd': '/voiture2A-ros/build/gpsd_client', 'env': OrderedDict([('COLCON', '1'), ('PYTHONPATH', '/opt/ros/rolling/lib/python3.10/site-packages'), ('LC_ALL', 'C.UTF-8'), ('PWD', '/voiture2A-ros/build/gpsd_client'), ('ROS_AUTOMATIC_DISCOVERY_RANGE', 'SUBNET'), ('AMENT_PREFIX_PATH', '/opt/ros/rolling'), ('LANG', 'C.UTF-8'), ('PATH', '/opt/ros/rolling/bin:/usr/local/sbin:/usr/local/bin:/usr/sbin:/usr/bin:/sbin:/bin'), ('ROS_VERSION', '2'), ('_', '/usr/bin/colcon'), ('ROS_DISTRO', 'rolling'), ('ROS_PYTHON_VERSION', '3'), ('OLDPWD', '/'), ('HOME', '/root'), ('LD_LIBRARY_PATH', '/opt/ros/rolling/lib/aarch64-linux-gnu:/opt/ros/rolling/lib'), ('SHLVL', '1'), ('HOSTNAME', 'dd5a13107e50'), ('CMAKE_PREFIX_PATH', '/opt/ros/rolling')]), 'shell': False}
[3.157476] (voiture2a_motors_driver) StdoutLine: {'line': b'[ 31%] Built target voiture2a_motors_driver__rosidl_typesupport_fastrtps_cpp\n'}
[3.158692] (voiture2a_motors_driver) StdoutLine: {'line': b'[ 38%] Built target voiture2a_motors_driver__rosidl_typesupport_introspection_c\n'}
[3.161822] (voiture2a_motors_driver) StdoutLine: {'line': b'[ 48%] Built target voiture2a_motors_driver__rosidl_typesupport_cpp\n'}
[3.162457] (voiture2a_motors_driver) StdoutLine: {'line': b'[ 55%] Built target voiture2a_motors_driver__rosidl_typesupport_introspection_cpp\n'}
[3.163003] (voiture2a_motors_driver) StdoutLine: {'line': b'[ 63%] Built target voiture2a_motors_driver__rosidl_typesupport_c\n'}
[3.163505] (voiture2a_motors_driver) StdoutLine: {'line': b'[ 72%] Built target voiture2a_motors_driver__rosidl_typesupport_fastrtps_c\n'}
[3.164284] (icm20948_driver) CommandEnded: {'returncode': 0}
[3.169341] (icm20948_driver) JobProgress: {'identifier': 'icm20948_driver', 'progress': 'install'}
[3.169642] (icm20948_driver) Command: {'cmd': ['/usr/bin/cmake', '--install', '/voiture2A-ros/build/icm20948_driver'], 'cwd': '/voiture2A-ros/build/icm20948_driver', 'env': OrderedDict([('COLCON', '1'), ('PYTHONPATH', '/opt/ros/rolling/lib/python3.10/site-packages'), ('LC_ALL', 'C.UTF-8'), ('PWD', '/voiture2A-ros/build/icm20948_driver'), ('ROS_AUTOMATIC_DISCOVERY_RANGE', 'SUBNET'), ('AMENT_PREFIX_PATH', '/opt/ros/rolling'), ('LANG', 'C.UTF-8'), ('PATH', '/opt/ros/rolling/bin:/usr/local/sbin:/usr/local/bin:/usr/sbin:/usr/bin:/sbin:/bin'), ('ROS_VERSION', '2'), ('_', '/usr/bin/colcon'), ('ROS_DISTRO', 'rolling'), ('ROS_PYTHON_VERSION', '3'), ('OLDPWD', '/'), ('HOME', '/root'), ('LD_LIBRARY_PATH', '/opt/ros/rolling/lib/aarch64-linux-gnu:/opt/ros/rolling/lib'), ('SHLVL', '1'), ('HOSTNAME', 'dd5a13107e50'), ('CMAKE_PREFIX_PATH', '/opt/ros/rolling')]), 'shell': False}
[3.232924] (-) TimerEvent: {}
[3.248281] (gpsd_client) StdoutLine: {'line': b'-- Install configuration: ""\n'}
[3.251259] (gpsd_client) StdoutLine: {'line': b'-- Up-to-date: /voiture2A-ros/install/gpsd_client/share/ament_index/resource_index/rosidl_interfaces/gpsd_client\n'}
[3.254233] (gpsd_client) StdoutLine: {'line': b'-- Up-to-date: /voiture2A-ros/install/gpsd_client/share/gpsd_client/msg/GpsFix.json\n'}
[3.254859] (gpsd_client) StdoutLine: {'line': b'-- Up-to-date: /voiture2A-ros/install/gpsd_client/include/gpsd_client/gpsd_client\n'}
[3.255390] (gpsd_client) StdoutLine: {'line': b'-- Up-to-date: /voiture2A-ros/install/gpsd_client/include/gpsd_client/gpsd_client/msg\n'}
[3.255913] (gpsd_client) StdoutLine: {'line': b'-- Up-to-date: /voiture2A-ros/install/gpsd_client/include/gpsd_client/gpsd_client/msg/gps_fix.h\n'}
[3.256558] (gpsd_client) StdoutLine: {'line': b'-- Up-to-date: /voiture2A-ros/install/gpsd_client/include/gpsd_client/gpsd_client/msg/rosidl_generator_c__visibility_control.h\n'}
[3.257536] (gpsd_client) StdoutLine: {'line': b'-- Up-to-date: /voiture2A-ros/install/gpsd_client/include/gpsd_client/gpsd_client/msg/detail\n'}
[3.258030] (gpsd_client) StdoutLine: {'line': b'-- Up-to-date: /voiture2A-ros/install/gpsd_client/include/gpsd_client/gpsd_client/msg/detail/gps_fix__functions.h\n'}
[3.258492] (gpsd_client) StdoutLine: {'line': b'-- Up-to-date: /voiture2A-ros/install/gpsd_client/include/gpsd_client/gpsd_client/msg/detail/gps_fix__description.c\n'}
[3.259417] (gpsd_client) StdoutLine: {'line': b'-- Up-to-date: /voiture2A-ros/install/gpsd_client/include/gpsd_client/gpsd_client/msg/detail/gps_fix__functions.c\n'}
[3.259931] (gpsd_client) StdoutLine: {'line': b'-- Up-to-date: /voiture2A-ros/install/gpsd_client/include/gpsd_client/gpsd_client/msg/detail/gps_fix__struct.h\n'}
[3.260416] (gpsd_client) StdoutLine: {'line': b'-- Up-to-date: /voiture2A-ros/install/gpsd_client/include/gpsd_client/gpsd_client/msg/detail/gps_fix__type_support.h\n'}
[3.261965] (gpsd_client) StdoutLine: {'line': b'-- Installing: /voiture2A-ros/install/gpsd_client/include/gpsd_client/gpsd_client/msg/detail/gps_fix__type_support.c\n'}
[3.263398] (gpsd_client) StdoutLine: {'line': b'-- Up-to-date: /voiture2A-ros/install/gpsd_client/share/gpsd_client/environment/library_path.sh\n'}
[3.264376] (gpsd_client) StdoutLine: {'line': b'-- Up-to-date: /voiture2A-ros/install/gpsd_client/share/gpsd_client/environment/library_path.dsv\n'}
[3.266062] (gpsd_client) StdoutLine: {'line': b'-- Up-to-date: /voiture2A-ros/install/gpsd_client/lib/libgpsd_client__rosidl_generator_c.so\n'}
[3.268722] (gpsd_client) StdoutLine: {'line': b'-- Up-to-date: /voiture2A-ros/install/gpsd_client/include/gpsd_client/gpsd_client\n'}
[3.269663] (gpsd_client) StdoutLine: {'line': b'-- Up-to-date: /voiture2A-ros/install/gpsd_client/include/gpsd_client/gpsd_client/msg\n'}
[3.273258] (gpsd_client) StdoutLine: {'line': b'-- Up-to-date: /voiture2A-ros/install/gpsd_client/include/gpsd_client/gpsd_client/msg/rosidl_typesupport_fastrtps_c__visibility_control.h\n'}
[3.273834] (gpsd_client) StdoutLine: {'line': b'-- Up-to-date: /voiture2A-ros/install/gpsd_client/include/gpsd_client/gpsd_client/msg/detail\n'}
[3.274280] (gpsd_client) StdoutLine: {'line': b'-- Up-to-date: /voiture2A-ros/install/gpsd_client/include/gpsd_client/gpsd_client/msg/detail/gps_fix__rosidl_typesupport_fastrtps_c.h\n'}
[3.274741] (gpsd_client) StdoutLine: {'line': b'-- Up-to-date: /voiture2A-ros/install/gpsd_client/lib/libgpsd_client__rosidl_typesupport_fastrtps_c.so\n'}
[3.275183] (gpsd_client) StdoutLine: {'line': b'-- Up-to-date: /voiture2A-ros/install/gpsd_client/include/gpsd_client/gpsd_client\n'}
[3.275610] (gpsd_client) StdoutLine: {'line': b'-- Up-to-date: /voiture2A-ros/install/gpsd_client/include/gpsd_client/gpsd_client/msg\n'}
[3.276051] (gpsd_client) StdoutLine: {'line': b'-- Up-to-date: /voiture2A-ros/install/gpsd_client/include/gpsd_client/gpsd_client/msg/rosidl_typesupport_introspection_c__visibility_control.h\n'}
[3.276809] (gpsd_client) StdoutLine: {'line': b'-- Up-to-date: /voiture2A-ros/install/gpsd_client/include/gpsd_client/gpsd_client/msg/detail\n'}
[3.277971] (gpsd_client) StdoutLine: {'line': b'-- Up-to-date: /voiture2A-ros/install/gpsd_client/include/gpsd_client/gpsd_client/msg/detail/gps_fix__rosidl_typesupport_introspection_c.h\n'}
[3.280396] (gpsd_client) StdoutLine: {'line': b'-- Installing: /voiture2A-ros/install/gpsd_client/include/gpsd_client/gpsd_client/msg/detail/gps_fix__type_support.c\n'}
[3.280933] (gpsd_client) StdoutLine: {'line': b'-- Up-to-date: /voiture2A-ros/install/gpsd_client/lib/libgpsd_client__rosidl_typesupport_introspection_c.so\n'}
[3.281382] (gpsd_client) StdoutLine: {'line': b'-- Up-to-date: /voiture2A-ros/install/gpsd_client/lib/libgpsd_client__rosidl_typesupport_c.so\n'}
[3.281842] (gpsd_client) StdoutLine: {'line': b'-- Up-to-date: /voiture2A-ros/install/gpsd_client/include/gpsd_client/gpsd_client\n'}
[3.282310] (gpsd_client) StdoutLine: {'line': b'-- Up-to-date: /voiture2A-ros/install/gpsd_client/include/gpsd_client/gpsd_client/msg\n'}
[3.282775] (gpsd_client) StdoutLine: {'line': b'-- Up-to-date: /voiture2A-ros/install/gpsd_client/include/gpsd_client/gpsd_client/msg/gps_fix.hpp\n'}
[3.283281] (gpsd_client) StdoutLine: {'line': b'-- Up-to-date: /voiture2A-ros/install/gpsd_client/include/gpsd_client/gpsd_client/msg/detail\n'}
[3.285191] (gpsd_client) StdoutLine: {'line': b'-- Up-to-date: /voiture2A-ros/install/gpsd_client/include/gpsd_client/gpsd_client/msg/detail/gps_fix__traits.hpp\n'}
[3.285886] (gpsd_client) StdoutLine: {'line': b'-- Up-to-date: /voiture2A-ros/install/gpsd_client/include/gpsd_client/gpsd_client/msg/detail/gps_fix__builder.hpp\n'}
[3.286390] (gpsd_client) StdoutLine: {'line': b'-- Up-to-date: /voiture2A-ros/install/gpsd_client/include/gpsd_client/gpsd_client/msg/detail/gps_fix__struct.hpp\n'}
[3.286789] (gpsd_client) StdoutLine: {'line': b'-- Up-to-date: /voiture2A-ros/install/gpsd_client/include/gpsd_client/gpsd_client/msg/detail/gps_fix__type_support.hpp\n'}
[3.287116] (gpsd_client) StdoutLine: {'line': b'-- Up-to-date: /voiture2A-ros/install/gpsd_client/include/gpsd_client/gpsd_client/msg/rosidl_generator_cpp__visibility_control.hpp\n'}
[3.287439] (gpsd_client) StdoutLine: {'line': b'-- Up-to-date: /voiture2A-ros/install/gpsd_client/include/gpsd_client/gpsd_client\n'}
[3.288717] (gpsd_client) StdoutLine: {'line': b'-- Up-to-date: /voiture2A-ros/install/gpsd_client/include/gpsd_client/gpsd_client/msg\n'}
[3.291043] (gpsd_client) StdoutLine: {'line': b'-- Up-to-date: /voiture2A-ros/install/gpsd_client/include/gpsd_client/gpsd_client/msg/rosidl_typesupport_fastrtps_cpp__visibility_control.h\n'}
[3.294892] (gpsd_client) StdoutLine: {'line': b'-- Up-to-date: /voiture2A-ros/install/gpsd_client/include/gpsd_client/gpsd_client/msg/detail\n'}
[3.297468] (gpsd_client) StdoutLine: {'line': b'-- Up-to-date: /voiture2A-ros/install/gpsd_client/include/gpsd_client/gpsd_client/msg/detail/dds_fastrtps\n'}
[3.300416] (gpsd_client) StdoutLine: {'line': b'-- Up-to-date: /voiture2A-ros/install/gpsd_client/include/gpsd_client/gpsd_client/msg/detail/gps_fix__rosidl_typesupport_fastrtps_cpp.hpp\n'}
[3.302806] (gpsd_client) StdoutLine: {'line': b'-- Up-to-date: /voiture2A-ros/install/gpsd_client/lib/libgpsd_client__rosidl_typesupport_fastrtps_cpp.so\n'}
[3.305190] (gpsd_client) StdoutLine: {'line': b'-- Up-to-date: /voiture2A-ros/install/gpsd_client/include/gpsd_client/gpsd_client\n'}
[3.305718] (gpsd_client) StdoutLine: {'line': b'-- Up-to-date: /voiture2A-ros/install/gpsd_client/include/gpsd_client/gpsd_client/msg\n'}
[3.306172] (gpsd_client) StdoutLine: {'line': b'-- Up-to-date: /voiture2A-ros/install/gpsd_client/include/gpsd_client/gpsd_client/msg/detail\n'}
[3.306719] (gpsd_client) StdoutLine: {'line': b'-- Up-to-date: /voiture2A-ros/install/gpsd_client/include/gpsd_client/gpsd_client/msg/detail/gps_fix__type_support.cpp\n'}
[3.307220] (gpsd_client) StdoutLine: {'line': b'-- Up-to-date: /voiture2A-ros/install/gpsd_client/include/gpsd_client/gpsd_client/msg/detail/gps_fix__rosidl_typesupport_introspection_cpp.hpp\n'}
[3.307649] (gpsd_client) StdoutLine: {'line': b'-- Up-to-date: /voiture2A-ros/install/gpsd_client/lib/libgpsd_client__rosidl_typesupport_introspection_cpp.so\n'}
[3.308077] (gpsd_client) StdoutLine: {'line': b'-- Up-to-date: /voiture2A-ros/install/gpsd_client/lib/libgpsd_client__rosidl_typesupport_cpp.so\n'}
[3.308681] (gpsd_client) StdoutLine: {'line': b'-- Up-to-date: /voiture2A-ros/install/gpsd_client/share/gpsd_client/environment/pythonpath.sh\n'}
[3.309306] (gpsd_client) StdoutLine: {'line': b'-- Up-to-date: /voiture2A-ros/install/gpsd_client/share/gpsd_client/environment/pythonpath.dsv\n'}
[3.309862] (gpsd_client) StdoutLine: {'line': b'-- Up-to-date: /voiture2A-ros/install/gpsd_client/lib/python3.10/site-packages/gpsd_client-1.0.0-py3.10.egg-info\n'}
[3.310280] (gpsd_client) StdoutLine: {'line': b'-- Installing: /voiture2A-ros/install/gpsd_client/lib/python3.10/site-packages/gpsd_client-1.0.0-py3.10.egg-info/dependency_links.txt\n'}
[3.310616] (gpsd_client) StdoutLine: {'line': b'-- Installing: /voiture2A-ros/install/gpsd_client/lib/python3.10/site-packages/gpsd_client-1.0.0-py3.10.egg-info/PKG-INFO\n'}
[3.310946] (gpsd_client) StdoutLine: {'line': b'-- Installing: /voiture2A-ros/install/gpsd_client/lib/python3.10/site-packages/gpsd_client-1.0.0-py3.10.egg-info/top_level.txt\n'}
[3.311288] (gpsd_client) StdoutLine: {'line': b'-- Installing: /voiture2A-ros/install/gpsd_client/lib/python3.10/site-packages/gpsd_client-1.0.0-py3.10.egg-info/SOURCES.txt\n'}
[3.311667] (gpsd_client) StdoutLine: {'line': b'-- Up-to-date: /voiture2A-ros/install/gpsd_client/lib/python3.10/site-packages/gpsd_client\n'}
[3.311982] (gpsd_client) StdoutLine: {'line': b'-- Up-to-date: /voiture2A-ros/install/gpsd_client/lib/python3.10/site-packages/gpsd_client/_gpsd_client_s.ep.rosidl_typesupport_c.c\n'}
[3.312310] (gpsd_client) StdoutLine: {'line': b'-- Up-to-date: /voiture2A-ros/install/gpsd_client/lib/python3.10/site-packages/gpsd_client/msg\n'}
[3.312700] (gpsd_client) StdoutLine: {'line': b'-- Up-to-date: /voiture2A-ros/install/gpsd_client/lib/python3.10/site-packages/gpsd_client/msg/_gps_fix.py\n'}
[3.313069] (gpsd_client) StdoutLine: {'line': b'-- Up-to-date: /voiture2A-ros/install/gpsd_client/lib/python3.10/site-packages/gpsd_client/msg/_gps_fix_s.c\n'}
[3.313455] (gpsd_client) StdoutLine: {'line': b'-- Up-to-date: /voiture2A-ros/install/gpsd_client/lib/python3.10/site-packages/gpsd_client/msg/__init__.py\n'}
[3.314068] (gpsd_client) StdoutLine: {'line': b'-- Up-to-date: /voiture2A-ros/install/gpsd_client/lib/python3.10/site-packages/gpsd_client/_gpsd_client_s.ep.rosidl_typesupport_fastrtps_c.c\n'}
[3.314448] (gpsd_client) StdoutLine: {'line': b'-- Up-to-date: /voiture2A-ros/install/gpsd_client/lib/python3.10/site-packages/gpsd_client/_gpsd_client_s.ep.rosidl_typesupport_introspection_c.c\n'}
[3.314783] (gpsd_client) StdoutLine: {'line': b'-- Up-to-date: /voiture2A-ros/install/gpsd_client/lib/python3.10/site-packages/gpsd_client/__init__.py\n'}
[3.315072] (icm20948_driver) StdoutLine: {'line': b'-- Install configuration: ""\n'}
[3.315378] (icm20948_driver) StdoutLine: {'line': b'-- Up-to-date: /voiture2A-ros/install/icm20948_driver/share/ament_index/resource_index/rosidl_interfaces/icm20948_driver\n'}
[3.315693] (icm20948_driver) StdoutLine: {'line': b'-- Up-to-date: /voiture2A-ros/install/icm20948_driver/share/icm20948_driver/msg/RPY.json\n'}
[3.316000] (icm20948_driver) StdoutLine: {'line': b'-- Up-to-date: /voiture2A-ros/install/icm20948_driver/share/icm20948_driver/msg/RawData.json\n'}
[3.316280] (icm20948_driver) StdoutLine: {'line': b'-- Up-to-date: /voiture2A-ros/install/icm20948_driver/share/icm20948_driver/msg/DebugFusion.json\n'}
[3.316563] (icm20948_driver) StdoutLine: {'line': b'-- Up-to-date: /voiture2A-ros/install/icm20948_driver/include/icm20948_driver/icm20948_driver\n'}
[3.316874] (icm20948_driver) StdoutLine: {'line': b'-- Up-to-date: /voiture2A-ros/install/icm20948_driver/include/icm20948_driver/icm20948_driver/msg\n'}
[3.317161] (icm20948_driver) StdoutLine: {'line': b'-- Up-to-date: /voiture2A-ros/install/icm20948_driver/include/icm20948_driver/icm20948_driver/msg/rosidl_generator_c__visibility_control.h\n'}
[3.317447] (icm20948_driver) StdoutLine: {'line': b'-- Up-to-date: /voiture2A-ros/install/icm20948_driver/include/icm20948_driver/icm20948_driver/msg/raw_data.h\n'}
[3.317750] (icm20948_driver) StdoutLine: {'line': b'-- Up-to-date: /voiture2A-ros/install/icm20948_driver/include/icm20948_driver/icm20948_driver/msg/debug_fusion.h\n'}
[3.318033] (icm20948_driver) StdoutLine: {'line': b'-- Up-to-date: /voiture2A-ros/install/icm20948_driver/include/icm20948_driver/icm20948_driver/msg/detail\n'}
[3.318307] (icm20948_driver) StdoutLine: {'line': b'-- Installing: /voiture2A-ros/install/icm20948_driver/include/icm20948_driver/icm20948_driver/msg/detail/raw_data__type_support.c\n'}
[3.318594] (icm20948_driver) StdoutLine: {'line': b'-- Up-to-date: /voiture2A-ros/install/icm20948_driver/include/icm20948_driver/icm20948_driver/msg/detail/rpy__type_support.h\n'}
[3.318903] (icm20948_driver) StdoutLine: {'line': b'-- Up-to-date: /voiture2A-ros/install/icm20948_driver/include/icm20948_driver/icm20948_driver/msg/detail/raw_data__functions.h\n'}
[3.319186] (icm20948_driver) StdoutLine: {'line': b'-- Up-to-date: /voiture2A-ros/install/icm20948_driver/include/icm20948_driver/icm20948_driver/msg/detail/rpy__description.c\n'}
[3.319473] (icm20948_driver) StdoutLine: {'line': b'-- Up-to-date: /voiture2A-ros/install/icm20948_driver/include/icm20948_driver/icm20948_driver/msg/detail/debug_fusion__functions.c\n'}
[3.319775] (icm20948_driver) StdoutLine: {'line': b'-- Installing: /voiture2A-ros/install/icm20948_driver/include/icm20948_driver/icm20948_driver/msg/detail/rpy__type_support.c\n'}
[3.320084] (icm20948_driver) StdoutLine: {'line': b'-- Up-to-date: /voiture2A-ros/install/icm20948_driver/include/icm20948_driver/icm20948_driver/msg/detail/debug_fusion__struct.h\n'}
[3.320379] (icm20948_driver) StdoutLine: {'line': b'-- Up-to-date: /voiture2A-ros/install/icm20948_driver/include/icm20948_driver/icm20948_driver/msg/detail/raw_data__functions.c\n'}
[3.320675] (icm20948_driver) StdoutLine: {'line': b'-- Up-to-date: /voiture2A-ros/install/icm20948_driver/include/icm20948_driver/icm20948_driver/msg/detail/rpy__functions.c\n'}
[3.320971] (icm20948_driver) StdoutLine: {'line': b'-- Up-to-date: /voiture2A-ros/install/icm20948_driver/include/icm20948_driver/icm20948_driver/msg/detail/debug_fusion__description.c\n'}
[3.321257] (icm20948_driver) StdoutLine: {'line': b'-- Up-to-date: /voiture2A-ros/install/icm20948_driver/include/icm20948_driver/icm20948_driver/msg/detail/raw_data__struct.h\n'}
[3.321542] (icm20948_driver) StdoutLine: {'line': b'-- Up-to-date: /voiture2A-ros/install/icm20948_driver/include/icm20948_driver/icm20948_driver/msg/detail/raw_data__description.c\n'}
[3.321879] (icm20948_driver) StdoutLine: {'line': b'-- Up-to-date: /voiture2A-ros/install/icm20948_driver/include/icm20948_driver/icm20948_driver/msg/detail/rpy__struct.h\n'}
[3.322197] (icm20948_driver) StdoutLine: {'line': b'-- Up-to-date: /voiture2A-ros/install/icm20948_driver/include/icm20948_driver/icm20948_driver/msg/detail/rpy__functions.h\n'}
[3.322491] (icm20948_driver) StdoutLine: {'line': b'-- Installing: /voiture2A-ros/install/icm20948_driver/include/icm20948_driver/icm20948_driver/msg/detail/debug_fusion__type_support.c\n'}
[3.322827] (icm20948_driver) StdoutLine: {'line': b'-- Up-to-date: /voiture2A-ros/install/icm20948_driver/include/icm20948_driver/icm20948_driver/msg/detail/debug_fusion__functions.h\n'}
[3.323136] (icm20948_driver) StdoutLine: {'line': b'-- Up-to-date: /voiture2A-ros/install/icm20948_driver/include/icm20948_driver/icm20948_driver/msg/detail/debug_fusion__type_support.h\n'}
[3.323468] (icm20948_driver) StdoutLine: {'line': b'-- Up-to-date: /voiture2A-ros/install/icm20948_driver/include/icm20948_driver/icm20948_driver/msg/detail/raw_data__type_support.h\n'}
[3.323795] (icm20948_driver) StdoutLine: {'line': b'-- Up-to-date: /voiture2A-ros/install/icm20948_driver/include/icm20948_driver/icm20948_driver/msg/rpy.h\n'}
[3.324081] (icm20948_driver) StdoutLine: {'line': b'-- Up-to-date: /voiture2A-ros/install/icm20948_driver/share/icm20948_driver/environment/library_path.sh\n'}
[3.324363] (icm20948_driver) StdoutLine: {'line': b'-- Up-to-date: /voiture2A-ros/install/icm20948_driver/share/icm20948_driver/environment/library_path.dsv\n'}
[3.324654] (icm20948_driver) StdoutLine: {'line': b'-- Up-to-date: /voiture2A-ros/install/icm20948_driver/lib/libicm20948_driver__rosidl_generator_c.so\n'}
[3.324953] (icm20948_driver) StdoutLine: {'line': b'-- Up-to-date: /voiture2A-ros/install/icm20948_driver/include/icm20948_driver/icm20948_driver\n'}
[3.325236] (icm20948_driver) StdoutLine: {'line': b'-- Up-to-date: /voiture2A-ros/install/icm20948_driver/include/icm20948_driver/icm20948_driver/msg\n'}
[3.325514] (icm20948_driver) StdoutLine: {'line': b'-- Up-to-date: /voiture2A-ros/install/icm20948_driver/include/icm20948_driver/icm20948_driver/msg/rosidl_typesupport_fastrtps_c__visibility_control.h\n'}
[3.325826] (icm20948_driver) StdoutLine: {'line': b'-- Up-to-date: /voiture2A-ros/install/icm20948_driver/include/icm20948_driver/icm20948_driver/msg/detail\n'}
[3.326115] (icm20948_driver) StdoutLine: {'line': b'-- Up-to-date: /voiture2A-ros/install/icm20948_driver/include/icm20948_driver/icm20948_driver/msg/detail/rpy__rosidl_typesupport_fastrtps_c.h\n'}
[3.326399] (icm20948_driver) StdoutLine: {'line': b'-- Up-to-date: /voiture2A-ros/install/icm20948_driver/include/icm20948_driver/icm20948_driver/msg/detail/raw_data__rosidl_typesupport_fastrtps_c.h\n'}
[3.326702] (icm20948_driver) StdoutLine: {'line': b'-- Up-to-date: /voiture2A-ros/install/icm20948_driver/include/icm20948_driver/icm20948_driver/msg/detail/debug_fusion__rosidl_typesupport_fastrtps_c.h\n'}
[3.326995] (icm20948_driver) StdoutLine: {'line': b'-- Up-to-date: /voiture2A-ros/install/icm20948_driver/lib/libicm20948_driver__rosidl_typesupport_fastrtps_c.so\n'}
[3.327279] (icm20948_driver) StdoutLine: {'line': b'-- Up-to-date: /voiture2A-ros/install/icm20948_driver/include/icm20948_driver/icm20948_driver\n'}
[3.327560] (icm20948_driver) StdoutLine: {'line': b'-- Up-to-date: /voiture2A-ros/install/icm20948_driver/include/icm20948_driver/icm20948_driver/msg\n'}
[3.327874] (icm20948_driver) StdoutLine: {'line': b'-- Up-to-date: /voiture2A-ros/install/icm20948_driver/include/icm20948_driver/icm20948_driver/msg/detail\n'}
[3.328167] (icm20948_driver) StdoutLine: {'line': b'-- Up-to-date: /voiture2A-ros/install/icm20948_driver/include/icm20948_driver/icm20948_driver/msg/detail/debug_fusion__struct.hpp\n'}
[3.328455] (icm20948_driver) StdoutLine: {'line': b'-- Up-to-date: /voiture2A-ros/install/icm20948_driver/include/icm20948_driver/icm20948_driver/msg/detail/raw_data__traits.hpp\n'}
[3.328777] (icm20948_driver) StdoutLine: {'line': b'-- Up-to-date: /voiture2A-ros/install/icm20948_driver/include/icm20948_driver/icm20948_driver/msg/detail/debug_fusion__traits.hpp\n'}
[3.329054] (icm20948_driver) StdoutLine: {'line': b'-- Up-to-date: /voiture2A-ros/install/icm20948_driver/include/icm20948_driver/icm20948_driver/msg/detail/raw_data__builder.hpp\n'}
[3.329339] (icm20948_driver) StdoutLine: {'line': b'-- Up-to-date: /voiture2A-ros/install/icm20948_driver/include/icm20948_driver/icm20948_driver/msg/detail/debug_fusion__type_support.hpp\n'}
[3.329644] (icm20948_driver) StdoutLine: {'line': b'-- Up-to-date: /voiture2A-ros/install/icm20948_driver/include/icm20948_driver/icm20948_driver/msg/detail/rpy__traits.hpp\n'}
[3.329942] (icm20948_driver) StdoutLine: {'line': b'-- Up-to-date: /voiture2A-ros/install/icm20948_driver/include/icm20948_driver/icm20948_driver/msg/detail/rpy__type_support.hpp\n'}
[3.330225] (icm20948_driver) StdoutLine: {'line': b'-- Up-to-date: /voiture2A-ros/install/icm20948_driver/include/icm20948_driver/icm20948_driver/msg/detail/debug_fusion__builder.hpp\n'}
[3.330510] (icm20948_driver) StdoutLine: {'line': b'-- Up-to-date: /voiture2A-ros/install/icm20948_driver/include/icm20948_driver/icm20948_driver/msg/detail/rpy__struct.hpp\n'}
[3.330807] (icm20948_driver) StdoutLine: {'line': b'-- Up-to-date: /voiture2A-ros/install/icm20948_driver/include/icm20948_driver/icm20948_driver/msg/detail/rpy__builder.hpp\n'}
[3.331097] (icm20948_driver) StdoutLine: {'line': b'-- Up-to-date: /voiture2A-ros/install/icm20948_driver/include/icm20948_driver/icm20948_driver/msg/detail/raw_data__struct.hpp\n'}
[3.331384] (icm20948_driver) StdoutLine: {'line': b'-- Up-to-date: /voiture2A-ros/install/icm20948_driver/include/icm20948_driver/icm20948_driver/msg/detail/raw_data__type_support.hpp\n'}
[3.331687] (icm20948_driver) StdoutLine: {'line': b'-- Up-to-date: /voiture2A-ros/install/icm20948_driver/include/icm20948_driver/icm20948_driver/msg/rosidl_generator_cpp__visibility_control.hpp\n'}
[3.331978] (icm20948_driver) StdoutLine: {'line': b'-- Up-to-date: /voiture2A-ros/install/icm20948_driver/include/icm20948_driver/icm20948_driver/msg/debug_fusion.hpp\n'}
[3.332301] (icm20948_driver) StdoutLine: {'line': b'-- Up-to-date: /voiture2A-ros/install/icm20948_driver/include/icm20948_driver/icm20948_driver/msg/rpy.hpp\n'}
[3.332597] (icm20948_driver) StdoutLine: {'line': b'-- Up-to-date: /voiture2A-ros/install/icm20948_driver/include/icm20948_driver/icm20948_driver/msg/raw_data.hpp\n'}
[3.332888] (-) TimerEvent: {}
[3.332970] (icm20948_driver) StdoutLine: {'line': b'-- Up-to-date: /voiture2A-ros/install/icm20948_driver/include/icm20948_driver/icm20948_driver\n'}
[3.333247] (icm20948_driver) StdoutLine: {'line': b'-- Up-to-date: /voiture2A-ros/install/icm20948_driver/include/icm20948_driver/icm20948_driver/msg\n'}
[3.333529] (icm20948_driver) StdoutLine: {'line': b'-- Up-to-date: /voiture2A-ros/install/icm20948_driver/include/icm20948_driver/icm20948_driver/msg/rosidl_typesupport_fastrtps_cpp__visibility_control.h\n'}
[3.333826] (icm20948_driver) StdoutLine: {'line': b'-- Up-to-date: /voiture2A-ros/install/icm20948_driver/include/icm20948_driver/icm20948_driver/msg/detail\n'}
[3.334113] (icm20948_driver) StdoutLine: {'line': b'-- Up-to-date: /voiture2A-ros/install/icm20948_driver/include/icm20948_driver/icm20948_driver/msg/detail/dds_fastrtps\n'}
[3.334399] (icm20948_driver) StdoutLine: {'line': b'-- Up-to-date: /voiture2A-ros/install/icm20948_driver/include/icm20948_driver/icm20948_driver/msg/detail/raw_data__rosidl_typesupport_fastrtps_cpp.hpp\n'}
[3.334691] (icm20948_driver) StdoutLine: {'line': b'-- Up-to-date: /voiture2A-ros/install/icm20948_driver/include/icm20948_driver/icm20948_driver/msg/detail/rpy__rosidl_typesupport_fastrtps_cpp.hpp\n'}
[3.334984] (icm20948_driver) StdoutLine: {'line': b'-- Up-to-date: /voiture2A-ros/install/icm20948_driver/include/icm20948_driver/icm20948_driver/msg/detail/debug_fusion__rosidl_typesupport_fastrtps_cpp.hpp\n'}
[3.335264] (icm20948_driver) StdoutLine: {'line': b'-- Up-to-date: /voiture2A-ros/install/icm20948_driver/lib/libicm20948_driver__rosidl_typesupport_fastrtps_cpp.so\n'}
[3.335563] (icm20948_driver) StdoutLine: {'line': b'-- Up-to-date: /voiture2A-ros/install/icm20948_driver/include/icm20948_driver/icm20948_driver\n'}
[3.335865] (icm20948_driver) StdoutLine: {'line': b'-- Up-to-date: /voiture2A-ros/install/icm20948_driver/include/icm20948_driver/icm20948_driver/msg\n'}
[3.336152] (icm20948_driver) StdoutLine: {'line': b'-- Up-to-date: /voiture2A-ros/install/icm20948_driver/include/icm20948_driver/icm20948_driver/msg/rosidl_typesupport_introspection_c__visibility_control.h\n'}
[3.336431] (icm20948_driver) StdoutLine: {'line': b'-- Up-to-date: /voiture2A-ros/install/icm20948_driver/include/icm20948_driver/icm20948_driver/msg/detail\n'}
[3.336722] (icm20948_driver) StdoutLine: {'line': b'-- Installing: /voiture2A-ros/install/icm20948_driver/include/icm20948_driver/icm20948_driver/msg/detail/raw_data__type_support.c\n'}
[3.337013] (icm20948_driver) StdoutLine: {'line': b'-- Up-to-date: /voiture2A-ros/install/icm20948_driver/include/icm20948_driver/icm20948_driver/msg/detail/debug_fusion__rosidl_typesupport_introspection_c.h\n'}
[3.337297] (icm20948_driver) StdoutLine: {'line': b'-- Installing: /voiture2A-ros/install/icm20948_driver/include/icm20948_driver/icm20948_driver/msg/detail/rpy__type_support.c\n'}
[3.337582] (icm20948_driver) StdoutLine: {'line': b'-- Up-to-date: /voiture2A-ros/install/icm20948_driver/include/icm20948_driver/icm20948_driver/msg/detail/rpy__rosidl_typesupport_introspection_c.h\n'}
[3.337881] (icm20948_driver) StdoutLine: {'line': b'-- Installing: /voiture2A-ros/install/icm20948_driver/include/icm20948_driver/icm20948_driver/msg/detail/debug_fusion__type_support.c\n'}
[3.338167] (icm20948_driver) StdoutLine: {'line': b'-- Up-to-date: /voiture2A-ros/install/icm20948_driver/include/icm20948_driver/icm20948_driver/msg/detail/raw_data__rosidl_typesupport_introspection_c.h\n'}
[3.338467] (icm20948_driver) StdoutLine: {'line': b'-- Up-to-date: /voiture2A-ros/install/icm20948_driver/lib/libicm20948_driver__rosidl_typesupport_introspection_c.so\n'}
[3.338771] (icm20948_driver) StdoutLine: {'line': b'-- Up-to-date: /voiture2A-ros/install/icm20948_driver/lib/libicm20948_driver__rosidl_typesupport_c.so\n'}
[3.339063] (icm20948_driver) StdoutLine: {'line': b'-- Up-to-date: /voiture2A-ros/install/icm20948_driver/include/icm20948_driver/icm20948_driver\n'}
[3.339352] (icm20948_driver) StdoutLine: {'line': b'-- Up-to-date: /voiture2A-ros/install/icm20948_driver/include/icm20948_driver/icm20948_driver/msg\n'}
[3.339651] (icm20948_driver) StdoutLine: {'line': b'-- Up-to-date: /voiture2A-ros/install/icm20948_driver/include/icm20948_driver/icm20948_driver/msg/detail\n'}
[3.339948] (icm20948_driver) StdoutLine: {'line': b'-- Up-to-date: /voiture2A-ros/install/icm20948_driver/include/icm20948_driver/icm20948_driver/msg/detail/raw_data__type_support.cpp\n'}
[3.340236] (icm20948_driver) StdoutLine: {'line': b'-- Up-to-date: /voiture2A-ros/install/icm20948_driver/include/icm20948_driver/icm20948_driver/msg/detail/debug_fusion__rosidl_typesupport_introspection_cpp.hpp\n'}
[3.340526] (icm20948_driver) StdoutLine: {'line': b'-- Up-to-date: /voiture2A-ros/install/icm20948_driver/include/icm20948_driver/icm20948_driver/msg/detail/raw_data__rosidl_typesupport_introspection_cpp.hpp\n'}
[3.340832] (icm20948_driver) StdoutLine: {'line': b'-- Up-to-date: /voiture2A-ros/install/icm20948_driver/include/icm20948_driver/icm20948_driver/msg/detail/rpy__rosidl_typesupport_introspection_cpp.hpp\n'}
[3.341121] (icm20948_driver) StdoutLine: {'line': b'-- Up-to-date: /voiture2A-ros/install/icm20948_driver/include/icm20948_driver/icm20948_driver/msg/detail/rpy__type_support.cpp\n'}
[3.341442] (icm20948_driver) StdoutLine: {'line': b'-- Up-to-date: /voiture2A-ros/install/icm20948_driver/include/icm20948_driver/icm20948_driver/msg/detail/debug_fusion__type_support.cpp\n'}
[3.341782] (icm20948_driver) StdoutLine: {'line': b'-- Up-to-date: /voiture2A-ros/install/icm20948_driver/lib/libicm20948_driver__rosidl_typesupport_introspection_cpp.so\n'}
[3.342102] (icm20948_driver) StdoutLine: {'line': b'-- Up-to-date: /voiture2A-ros/install/icm20948_driver/lib/libicm20948_driver__rosidl_typesupport_cpp.so\n'}
[3.342403] (icm20948_driver) StdoutLine: {'line': b'-- Up-to-date: /voiture2A-ros/install/icm20948_driver/share/icm20948_driver/environment/pythonpath.sh\n'}
[3.342708] (icm20948_driver) StdoutLine: {'line': b'-- Up-to-date: /voiture2A-ros/install/icm20948_driver/share/icm20948_driver/environment/pythonpath.dsv\n'}
[3.343011] (icm20948_driver) StdoutLine: {'line': b'-- Up-to-date: /voiture2A-ros/install/icm20948_driver/lib/python3.10/site-packages/icm20948_driver-1.0.0-py3.10.egg-info\n'}
[3.343301] (icm20948_driver) StdoutLine: {'line': b'-- Installing: /voiture2A-ros/install/icm20948_driver/lib/python3.10/site-packages/icm20948_driver-1.0.0-py3.10.egg-info/dependency_links.txt\n'}
[3.343592] (icm20948_driver) StdoutLine: {'line': b'-- Installing: /voiture2A-ros/install/icm20948_driver/lib/python3.10/site-packages/icm20948_driver-1.0.0-py3.10.egg-info/PKG-INFO\n'}
[3.343892] (icm20948_driver) StdoutLine: {'line': b'-- Installing: /voiture2A-ros/install/icm20948_driver/lib/python3.10/site-packages/icm20948_driver-1.0.0-py3.10.egg-info/top_level.txt\n'}
[3.344182] (icm20948_driver) StdoutLine: {'line': b'-- Installing: /voiture2A-ros/install/icm20948_driver/lib/python3.10/site-packages/icm20948_driver-1.0.0-py3.10.egg-info/SOURCES.txt\n'}
[3.344470] (icm20948_driver) StdoutLine: {'line': b'-- Up-to-date: /voiture2A-ros/install/icm20948_driver/lib/python3.10/site-packages/icm20948_driver\n'}
[3.344780] (icm20948_driver) StdoutLine: {'line': b'-- Up-to-date: /voiture2A-ros/install/icm20948_driver/lib/python3.10/site-packages/icm20948_driver/_icm20948_driver_s.ep.rosidl_typesupport_fastrtps_c.c\n'}
[3.345062] (icm20948_driver) StdoutLine: {'line': b'-- Up-to-date: /voiture2A-ros/install/icm20948_driver/lib/python3.10/site-packages/icm20948_driver/msg\n'}
[3.345334] (icm20948_driver) StdoutLine: {'line': b'-- Up-to-date: /voiture2A-ros/install/icm20948_driver/lib/python3.10/site-packages/icm20948_driver/msg/_debug_fusion.py\n'}
[3.345612] (icm20948_driver) StdoutLine: {'line': b'-- Up-to-date: /voiture2A-ros/install/icm20948_driver/lib/python3.10/site-packages/icm20948_driver/msg/_raw_data.py\n'}
[3.345896] (icm20948_driver) StdoutLine: {'line': b'-- Up-to-date: /voiture2A-ros/install/icm20948_driver/lib/python3.10/site-packages/icm20948_driver/msg/_raw_data_s.c\n'}
[3.346170] (icm20948_driver) StdoutLine: {'line': b'-- Up-to-date: /voiture2A-ros/install/icm20948_driver/lib/python3.10/site-packages/icm20948_driver/msg/_rpy_s.c\n'}
[3.346441] (icm20948_driver) StdoutLine: {'line': b'-- Up-to-date: /voiture2A-ros/install/icm20948_driver/lib/python3.10/site-packages/icm20948_driver/msg/_rpy.py\n'}
[3.346737] (icm20948_driver) StdoutLine: {'line': b'-- Up-to-date: /voiture2A-ros/install/icm20948_driver/lib/python3.10/site-packages/icm20948_driver/msg/_debug_fusion_s.c\n'}
[3.347025] (icm20948_driver) StdoutLine: {'line': b'-- Up-to-date: /voiture2A-ros/install/icm20948_driver/lib/python3.10/site-packages/icm20948_driver/msg/__init__.py\n'}
[3.347351] (icm20948_driver) StdoutLine: {'line': b'-- Up-to-date: /voiture2A-ros/install/icm20948_driver/lib/python3.10/site-packages/icm20948_driver/_icm20948_driver_s.ep.rosidl_typesupport_c.c\n'}
[3.347683] (icm20948_driver) StdoutLine: {'line': b'-- Up-to-date: /voiture2A-ros/install/icm20948_driver/lib/python3.10/site-packages/icm20948_driver/_icm20948_driver_s.ep.rosidl_typesupport_introspection_c.c\n'}
[3.348016] (icm20948_driver) StdoutLine: {'line': b'-- Up-to-date: /voiture2A-ros/install/icm20948_driver/lib/python3.10/site-packages/icm20948_driver/__init__.py\n'}
[3.414275] (voiture2a_motors_driver) StdoutLine: {'line': b'[ 72%] Built target voiture2a_motors_driver\n'}
[3.433274] (-) TimerEvent: {}
[3.439542] (voiture2a_motors_driver) StdoutLine: {'line': b'[ 78%] Built target motors_node\n'}
[3.533600] (-) TimerEvent: {}
[3.565012] (notre_package) Command: {'cmd': ['/usr/bin/python3', '-W', 'ignore:setup.py install is deprecated', '-W', 'ignore:easy_install command is deprecated', 'setup.py', 'egg_info', '--egg-base', '../../build/notre_package', 'build', '--build-base', '/voiture2A-ros/build/notre_package/build', 'install', '--record', '/voiture2A-ros/build/notre_package/install.log', '--single-version-externally-managed', 'install_data'], 'cwd': '/voiture2A-ros/src/notre_package', 'env': {'COLCON': '1', 'PYTHONPATH': '/voiture2A-ros/build/notre_package/prefix_override:/usr/lib/python3/dist-packages/colcon_core/task/python/colcon_distutils_commands:/voiture2A-ros/install/notre_package/lib/python3.10/site-packages:/opt/ros/rolling/lib/python3.10/site-packages', 'LC_ALL': 'C.UTF-8', 'PWD': '/voiture2A-ros/build/notre_package', 'ROS_AUTOMATIC_DISCOVERY_RANGE': 'SUBNET', 'AMENT_PREFIX_PATH': '/opt/ros/rolling', 'LANG': 'C.UTF-8', 'PATH': '/opt/ros/rolling/bin:/usr/local/sbin:/usr/local/bin:/usr/sbin:/usr/bin:/sbin:/bin', 'ROS_VERSION': '2', '_': '/usr/bin/colcon', 'ROS_DISTRO': 'rolling', 'ROS_PYTHON_VERSION': '3', 'OLDPWD': '/', 'HOME': '/root', 'LD_LIBRARY_PATH': '/opt/ros/rolling/lib/aarch64-linux-gnu:/opt/ros/rolling/lib', 'SHLVL': '1', 'HOSTNAME': 'dd5a13107e50'}, 'shell': False}
[3.611472] (gpsd_client) StdoutLine: {'line': b"Listing '/voiture2A-ros/install/gpsd_client/lib/python3.10/site-packages/gpsd_client'...\n"}
[3.612290] (gpsd_client) StdoutLine: {'line': b"Listing '/voiture2A-ros/install/gpsd_client/lib/python3.10/site-packages/gpsd_client/msg'...\n"}
[3.629665] (icm20948_driver) StdoutLine: {'line': b"Listing '/voiture2A-ros/install/icm20948_driver/lib/python3.10/site-packages/icm20948_driver'...\n"}
[3.630328] (icm20948_driver) StdoutLine: {'line': b"Listing '/voiture2A-ros/install/icm20948_driver/lib/python3.10/site-packages/icm20948_driver/msg'...\n"}
[3.633830] (-) TimerEvent: {}
[3.635590] (gpsd_client) StdoutLine: {'line': b'-- Up-to-date: /voiture2A-ros/install/gpsd_client/lib/python3.10/site-packages/gpsd_client/gpsd_client_s__rosidl_typesupport_fastrtps_c.cpython-310-aarch64-linux-gnu.so\n'}
[3.638221] (gpsd_client) StdoutLine: {'line': b'-- Up-to-date: /voiture2A-ros/install/gpsd_client/lib/python3.10/site-packages/gpsd_client/gpsd_client_s__rosidl_typesupport_introspection_c.cpython-310-aarch64-linux-gnu.so\n'}
[3.639101] (gpsd_client) StdoutLine: {'line': b'-- Up-to-date: /voiture2A-ros/install/gpsd_client/lib/python3.10/site-packages/gpsd_client/gpsd_client_s__rosidl_typesupport_c.cpython-310-aarch64-linux-gnu.so\n'}
[3.639912] (gpsd_client) StdoutLine: {'line': b'-- Up-to-date: /voiture2A-ros/install/gpsd_client/lib/libgpsd_client__rosidl_generator_py.so\n'}
[3.640995] (gpsd_client) StdoutLine: {'line': b'-- Up-to-date: /voiture2A-ros/install/gpsd_client/share/gpsd_client/msg/GpsFix.idl\n'}
[3.641563] (gpsd_client) StdoutLine: {'line': b'-- Up-to-date: /voiture2A-ros/install/gpsd_client/share/gpsd_client/msg/GpsFix.msg\n'}
[3.642868] (gpsd_client) StdoutLine: {'line': b'-- Up-to-date: /voiture2A-ros/install/gpsd_client/lib/gpsd_client/gpsd_node\n'}
[3.644314] (gpsd_client) StdoutLine: {'line': b'-- Up-to-date: /voiture2A-ros/install/gpsd_client/share/ament_index/resource_index/package_run_dependencies/gpsd_client\n'}
[3.645440] (gpsd_client) StdoutLine: {'line': b'-- Up-to-date: /voiture2A-ros/install/gpsd_client/share/ament_index/resource_index/parent_prefix_path/gpsd_client\n'}
[3.645937] (gpsd_client) StdoutLine: {'line': b'-- Up-to-date: /voiture2A-ros/install/gpsd_client/share/gpsd_client/environment/ament_prefix_path.sh\n'}
[3.646514] (gpsd_client) StdoutLine: {'line': b'-- Up-to-date: /voiture2A-ros/install/gpsd_client/share/gpsd_client/environment/ament_prefix_path.dsv\n'}
[3.647276] (gpsd_client) StdoutLine: {'line': b'-- Up-to-date: /voiture2A-ros/install/gpsd_client/share/gpsd_client/environment/path.sh\n'}
[3.647996] (gpsd_client) StdoutLine: {'line': b'-- Up-to-date: /voiture2A-ros/install/gpsd_client/share/gpsd_client/environment/path.dsv\n'}
[3.648372] (gpsd_client) StdoutLine: {'line': b'-- Up-to-date: /voiture2A-ros/install/gpsd_client/share/gpsd_client/local_setup.bash\n'}
[3.653062] (gpsd_client) StdoutLine: {'line': b'-- Up-to-date: /voiture2A-ros/install/gpsd_client/share/gpsd_client/local_setup.sh\n'}
[3.654083] (gpsd_client) StdoutLine: {'line': b'-- Up-to-date: /voiture2A-ros/install/gpsd_client/share/gpsd_client/local_setup.zsh\n'}
[3.654762] (gpsd_client) StdoutLine: {'line': b'-- Up-to-date: /voiture2A-ros/install/gpsd_client/share/gpsd_client/local_setup.dsv\n'}
[3.655452] (gpsd_client) StdoutLine: {'line': b'-- Installing: /voiture2A-ros/install/gpsd_client/share/gpsd_client/package.dsv\n'}
[3.656149] (gpsd_client) StdoutLine: {'line': b'-- Up-to-date: /voiture2A-ros/install/gpsd_client/share/ament_index/resource_index/packages/gpsd_client\n'}
[3.657490] (gpsd_client) StdoutLine: {'line': b'-- Up-to-date: /voiture2A-ros/install/gpsd_client/share/gpsd_client/cmake/export_gpsd_client__rosidl_generator_cExport.cmake\n'}
[3.658584] (gpsd_client) StdoutLine: {'line': b'-- Up-to-date: /voiture2A-ros/install/gpsd_client/share/gpsd_client/cmake/export_gpsd_client__rosidl_generator_cExport-noconfig.cmake\n'}
[3.659637] (gpsd_client) StdoutLine: {'line': b'-- Up-to-date: /voiture2A-ros/install/gpsd_client/share/gpsd_client/cmake/export_gpsd_client__rosidl_typesupport_fastrtps_cExport.cmake\n'}
[3.662404] (gpsd_client) StdoutLine: {'line': b'-- Up-to-date: /voiture2A-ros/install/gpsd_client/share/gpsd_client/cmake/export_gpsd_client__rosidl_typesupport_fastrtps_cExport-noconfig.cmake\n'}
[3.667294] (gpsd_client) StdoutLine: {'line': b'-- Up-to-date: /voiture2A-ros/install/gpsd_client/share/gpsd_client/cmake/gpsd_client__rosidl_typesupport_introspection_cExport.cmake\n'}
[3.668029] (gpsd_client) StdoutLine: {'line': b'-- Up-to-date: /voiture2A-ros/install/gpsd_client/share/gpsd_client/cmake/gpsd_client__rosidl_typesupport_introspection_cExport-noconfig.cmake\n'}
[3.668426] (gpsd_client) StdoutLine: {'line': b'-- Up-to-date: /voiture2A-ros/install/gpsd_client/share/gpsd_client/cmake/gpsd_client__rosidl_typesupport_cExport.cmake\n'}
[3.669157] (gpsd_client) StdoutLine: {'line': b'-- Up-to-date: /voiture2A-ros/install/gpsd_client/share/gpsd_client/cmake/gpsd_client__rosidl_typesupport_cExport-noconfig.cmake\n'}
[3.671662] (gpsd_client) StdoutLine: {'line': b'-- Up-to-date: /voiture2A-ros/install/gpsd_client/share/gpsd_client/cmake/export_gpsd_client__rosidl_generator_cppExport.cmake\n'}
[3.672214] (gpsd_client) StdoutLine: {'line': b'-- Up-to-date: /voiture2A-ros/install/gpsd_client/share/gpsd_client/cmake/export_gpsd_client__rosidl_typesupport_fastrtps_cppExport.cmake\n'}
[3.673114] (gpsd_client) StdoutLine: {'line': b'-- Up-to-date: /voiture2A-ros/install/gpsd_client/share/gpsd_client/cmake/export_gpsd_client__rosidl_typesupport_fastrtps_cppExport-noconfig.cmake\n'}
[3.673639] (gpsd_client) StdoutLine: {'line': b'-- Up-to-date: /voiture2A-ros/install/gpsd_client/share/gpsd_client/cmake/gpsd_client__rosidl_typesupport_introspection_cppExport.cmake\n'}
[3.675107] (gpsd_client) StdoutLine: {'line': b'-- Up-to-date: /voiture2A-ros/install/gpsd_client/share/gpsd_client/cmake/gpsd_client__rosidl_typesupport_introspection_cppExport-noconfig.cmake\n'}
[3.675691] (gpsd_client) StdoutLine: {'line': b'-- Up-to-date: /voiture2A-ros/install/gpsd_client/share/gpsd_client/cmake/gpsd_client__rosidl_typesupport_cppExport.cmake\n'}
[3.677082] (gpsd_client) StdoutLine: {'line': b'-- Up-to-date: /voiture2A-ros/install/gpsd_client/share/gpsd_client/cmake/gpsd_client__rosidl_typesupport_cppExport-noconfig.cmake\n'}
[3.677918] (gpsd_client) StdoutLine: {'line': b'-- Up-to-date: /voiture2A-ros/install/gpsd_client/share/gpsd_client/cmake/export_gpsd_client__rosidl_generator_pyExport.cmake\n'}
[3.678778] (gpsd_client) StdoutLine: {'line': b'-- Up-to-date: /voiture2A-ros/install/gpsd_client/share/gpsd_client/cmake/export_gpsd_client__rosidl_generator_pyExport-noconfig.cmake\n'}
[3.679362] (gpsd_client) StdoutLine: {'line': b'-- Up-to-date: /voiture2A-ros/install/gpsd_client/share/gpsd_client/cmake/rosidl_cmake-extras.cmake\n'}
[3.679818] (gpsd_client) StdoutLine: {'line': b'-- Up-to-date: /voiture2A-ros/install/gpsd_client/share/gpsd_client/cmake/ament_cmake_export_dependencies-extras.cmake\n'}
[3.680586] (gpsd_client) StdoutLine: {'line': b'-- Up-to-date: /voiture2A-ros/install/gpsd_client/share/gpsd_client/cmake/ament_cmake_export_include_directories-extras.cmake\n'}
[3.681070] (gpsd_client) StdoutLine: {'line': b'-- Up-to-date: /voiture2A-ros/install/gpsd_client/share/gpsd_client/cmake/ament_cmake_export_libraries-extras.cmake\n'}
[3.681603] (gpsd_client) StdoutLine: {'line': b'-- Up-to-date: /voiture2A-ros/install/gpsd_client/share/gpsd_client/cmake/ament_cmake_export_targets-extras.cmake\n'}
[3.682316] (gpsd_client) StdoutLine: {'line': b'-- Up-to-date: /voiture2A-ros/install/gpsd_client/share/gpsd_client/cmake/rosidl_cmake_export_typesupport_targets-extras.cmake\n'}
[3.682990] (gpsd_client) StdoutLine: {'line': b'-- Up-to-date: /voiture2A-ros/install/gpsd_client/share/gpsd_client/cmake/rosidl_cmake_export_typesupport_libraries-extras.cmake\n'}
[3.683520] (gpsd_client) StdoutLine: {'line': b'-- Up-to-date: /voiture2A-ros/install/gpsd_client/share/gpsd_client/cmake/gpsd_clientConfig.cmake\n'}
[3.684189] (gpsd_client) StdoutLine: {'line': b'-- Up-to-date: /voiture2A-ros/install/gpsd_client/share/gpsd_client/cmake/gpsd_clientConfig-version.cmake\n'}
[3.684829] (gpsd_client) StdoutLine: {'line': b'-- Up-to-date: /voiture2A-ros/install/gpsd_client/share/gpsd_client/package.xml\n'}
[3.686181] (icm20948_driver) StdoutLine: {'line': b'-- Up-to-date: /voiture2A-ros/install/icm20948_driver/lib/python3.10/site-packages/icm20948_driver/icm20948_driver_s__rosidl_typesupport_fastrtps_c.cpython-310-aarch64-linux-gnu.so\n'}
[3.686878] (icm20948_driver) StdoutLine: {'line': b'-- Up-to-date: /voiture2A-ros/install/icm20948_driver/lib/python3.10/site-packages/icm20948_driver/icm20948_driver_s__rosidl_typesupport_introspection_c.cpython-310-aarch64-linux-gnu.so\n'}
[3.687571] (icm20948_driver) StdoutLine: {'line': b'-- Up-to-date: /voiture2A-ros/install/icm20948_driver/lib/python3.10/site-packages/icm20948_driver/icm20948_driver_s__rosidl_typesupport_c.cpython-310-aarch64-linux-gnu.so\n'}
[3.688126] (icm20948_driver) StdoutLine: {'line': b'-- Up-to-date: /voiture2A-ros/install/icm20948_driver/lib/libicm20948_driver__rosidl_generator_py.so\n'}
[3.688495] (icm20948_driver) StdoutLine: {'line': b'-- Up-to-date: /voiture2A-ros/install/icm20948_driver/share/icm20948_driver/msg/RPY.idl\n'}
[3.689265] (icm20948_driver) StdoutLine: {'line': b'-- Up-to-date: /voiture2A-ros/install/icm20948_driver/share/icm20948_driver/msg/RawData.idl\n'}
[3.689919] (icm20948_driver) StdoutLine: {'line': b'-- Up-to-date: /voiture2A-ros/install/icm20948_driver/share/icm20948_driver/msg/DebugFusion.idl\n'}
[3.690764] (icm20948_driver) StdoutLine: {'line': b'-- Up-to-date: /voiture2A-ros/install/icm20948_driver/share/icm20948_driver/msg/RPY.msg\n'}
[3.691161] (icm20948_driver) StdoutLine: {'line': b'-- Up-to-date: /voiture2A-ros/install/icm20948_driver/share/icm20948_driver/msg/RawData.msg\n'}
[3.691632] (icm20948_driver) StdoutLine: {'line': b'-- Up-to-date: /voiture2A-ros/install/icm20948_driver/share/icm20948_driver/msg/DebugFusion.msg\n'}
[3.692043] (icm20948_driver) StdoutLine: {'line': b'-- Up-to-date: /voiture2A-ros/install/icm20948_driver/lib/icm20948_driver/icm20948\n'}
[3.692573] (icm20948_driver) StdoutLine: {'line': b'-- Up-to-date: /voiture2A-ros/install/icm20948_driver/lib/libFusion.a\n'}
[3.692965] (icm20948_driver) StdoutLine: {'line': b'-- Up-to-date: /voiture2A-ros/install/icm20948_driver/share/ament_index/resource_index/package_run_dependencies/icm20948_driver\n'}
[3.694031] (icm20948_driver) StdoutLine: {'line': b'-- Up-to-date: /voiture2A-ros/install/icm20948_driver/share/ament_index/resource_index/parent_prefix_path/icm20948_driver\n'}
[3.694595] (icm20948_driver) StdoutLine: {'line': b'-- Up-to-date: /voiture2A-ros/install/icm20948_driver/share/icm20948_driver/environment/ament_prefix_path.sh\n'}
[3.694968] (icm20948_driver) StdoutLine: {'line': b'-- Up-to-date: /voiture2A-ros/install/icm20948_driver/share/icm20948_driver/environment/ament_prefix_path.dsv\n'}
[3.695453] (icm20948_driver) StdoutLine: {'line': b'-- Up-to-date: /voiture2A-ros/install/icm20948_driver/share/icm20948_driver/environment/path.sh\n'}
[3.695838] (icm20948_driver) StdoutLine: {'line': b'-- Up-to-date: /voiture2A-ros/install/icm20948_driver/share/icm20948_driver/environment/path.dsv\n'}
[3.696210] (icm20948_driver) StdoutLine: {'line': b'-- Up-to-date: /voiture2A-ros/install/icm20948_driver/share/icm20948_driver/local_setup.bash\n'}
[3.696751] (icm20948_driver) StdoutLine: {'line': b'-- Up-to-date: /voiture2A-ros/install/icm20948_driver/share/icm20948_driver/local_setup.sh\n'}
[3.697609] (icm20948_driver) StdoutLine: {'line': b'-- Up-to-date: /voiture2A-ros/install/icm20948_driver/share/icm20948_driver/local_setup.zsh\n'}
[3.698243] (icm20948_driver) StdoutLine: {'line': b'-- Up-to-date: /voiture2A-ros/install/icm20948_driver/share/icm20948_driver/local_setup.dsv\n'}
[3.698612] (icm20948_driver) StdoutLine: {'line': b'-- Installing: /voiture2A-ros/install/icm20948_driver/share/icm20948_driver/package.dsv\n'}
[3.702487] (icm20948_driver) StdoutLine: {'line': b'-- Up-to-date: /voiture2A-ros/install/icm20948_driver/share/ament_index/resource_index/packages/icm20948_driver\n'}
[3.703136] (icm20948_driver) StdoutLine: {'line': b'-- Up-to-date: /voiture2A-ros/install/icm20948_driver/share/icm20948_driver/cmake/export_icm20948_driver__rosidl_generator_cExport.cmake\n'}
[3.703461] (icm20948_driver) StdoutLine: {'line': b'-- Up-to-date: /voiture2A-ros/install/icm20948_driver/share/icm20948_driver/cmake/export_icm20948_driver__rosidl_generator_cExport-noconfig.cmake\n'}
[3.703832] (icm20948_driver) StdoutLine: {'line': b'-- Up-to-date: /voiture2A-ros/install/icm20948_driver/share/icm20948_driver/cmake/export_icm20948_driver__rosidl_typesupport_fastrtps_cExport.cmake\n'}
[3.704252] (icm20948_driver) StdoutLine: {'line': b'-- Up-to-date: /voiture2A-ros/install/icm20948_driver/share/icm20948_driver/cmake/export_icm20948_driver__rosidl_typesupport_fastrtps_cExport-noconfig.cmake\n'}
[3.704626] (icm20948_driver) StdoutLine: {'line': b'-- Up-to-date: /voiture2A-ros/install/icm20948_driver/share/icm20948_driver/cmake/export_icm20948_driver__rosidl_generator_cppExport.cmake\n'}
[3.705043] (icm20948_driver) StdoutLine: {'line': b'-- Up-to-date: /voiture2A-ros/install/icm20948_driver/share/icm20948_driver/cmake/export_icm20948_driver__rosidl_typesupport_fastrtps_cppExport.cmake\n'}
[3.705394] (icm20948_driver) StdoutLine: {'line': b'-- Up-to-date: /voiture2A-ros/install/icm20948_driver/share/icm20948_driver/cmake/export_icm20948_driver__rosidl_typesupport_fastrtps_cppExport-noconfig.cmake\n'}
[3.705985] (icm20948_driver) StdoutLine: {'line': b'-- Up-to-date: /voiture2A-ros/install/icm20948_driver/share/icm20948_driver/cmake/icm20948_driver__rosidl_typesupport_introspection_cExport.cmake\n'}
[3.706432] (icm20948_driver) StdoutLine: {'line': b'-- Up-to-date: /voiture2A-ros/install/icm20948_driver/share/icm20948_driver/cmake/icm20948_driver__rosidl_typesupport_introspection_cExport-noconfig.cmake\n'}
[3.706944] (gpsd_client) CommandEnded: {'returncode': 0}
[3.734048] (-) TimerEvent: {}
[3.815499] (gpsd_client) JobEnded: {'identifier': 'gpsd_client', 'rc': 0}
[3.824072] (icm20948_driver) StdoutLine: {'line': b'-- Up-to-date: /voiture2A-ros/install/icm20948_driver/share/icm20948_driver/cmake/icm20948_driver__rosidl_typesupport_cExport.cmake\n'}
[3.824694] (icm20948_driver) StdoutLine: {'line': b'-- Up-to-date: /voiture2A-ros/install/icm20948_driver/share/icm20948_driver/cmake/icm20948_driver__rosidl_typesupport_cExport-noconfig.cmake\n'}
[3.825279] (icm20948_driver) StdoutLine: {'line': b'-- Up-to-date: /voiture2A-ros/install/icm20948_driver/share/icm20948_driver/cmake/icm20948_driver__rosidl_typesupport_introspection_cppExport.cmake\n'}
[3.825715] (icm20948_driver) StdoutLine: {'line': b'-- Up-to-date: /voiture2A-ros/install/icm20948_driver/share/icm20948_driver/cmake/icm20948_driver__rosidl_typesupport_introspection_cppExport-noconfig.cmake\n'}
[3.826147] (icm20948_driver) StdoutLine: {'line': b'-- Up-to-date: /voiture2A-ros/install/icm20948_driver/share/icm20948_driver/cmake/icm20948_driver__rosidl_typesupport_cppExport.cmake\n'}
[3.826690] (icm20948_driver) StdoutLine: {'line': b'-- Up-to-date: /voiture2A-ros/install/icm20948_driver/share/icm20948_driver/cmake/icm20948_driver__rosidl_typesupport_cppExport-noconfig.cmake\n'}
[3.827240] (icm20948_driver) StdoutLine: {'line': b'-- Up-to-date: /voiture2A-ros/install/icm20948_driver/share/icm20948_driver/cmake/export_icm20948_driver__rosidl_generator_pyExport.cmake\n'}
[3.827746] (icm20948_driver) StdoutLine: {'line': b'-- Up-to-date: /voiture2A-ros/install/icm20948_driver/share/icm20948_driver/cmake/export_icm20948_driver__rosidl_generator_pyExport-noconfig.cmake\n'}
[3.828598] (icm20948_driver) StdoutLine: {'line': b'-- Up-to-date: /voiture2A-ros/install/icm20948_driver/share/icm20948_driver/cmake/rosidl_cmake-extras.cmake\n'}
[3.829330] (icm20948_driver) StdoutLine: {'line': b'-- Up-to-date: /voiture2A-ros/install/icm20948_driver/share/icm20948_driver/cmake/ament_cmake_export_dependencies-extras.cmake\n'}
[3.829947] (icm20948_driver) StdoutLine: {'line': b'-- Up-to-date: /voiture2A-ros/install/icm20948_driver/share/icm20948_driver/cmake/ament_cmake_export_include_directories-extras.cmake\n'}
[3.830583] (icm20948_driver) StdoutLine: {'line': b'-- Up-to-date: /voiture2A-ros/install/icm20948_driver/share/icm20948_driver/cmake/ament_cmake_export_libraries-extras.cmake\n'}
[3.832428] (icm20948_driver) StdoutLine: {'line': b'-- Up-to-date: /voiture2A-ros/install/icm20948_driver/share/icm20948_driver/cmake/ament_cmake_export_targets-extras.cmake\n'}
[3.833331] (icm20948_driver) StdoutLine: {'line': b'-- Up-to-date: /voiture2A-ros/install/icm20948_driver/share/icm20948_driver/cmake/rosidl_cmake_export_typesupport_targets-extras.cmake\n'}
[3.833893] (icm20948_driver) StdoutLine: {'line': b'-- Up-to-date: /voiture2A-ros/install/icm20948_driver/share/icm20948_driver/cmake/rosidl_cmake_export_typesupport_libraries-extras.cmake\n'}
[3.834367] (-) TimerEvent: {}
[3.834471] (icm20948_driver) StdoutLine: {'line': b'-- Up-to-date: /voiture2A-ros/install/icm20948_driver/share/icm20948_driver/cmake/icm20948_driverConfig.cmake\n'}
[3.834969] (icm20948_driver) StdoutLine: {'line': b'-- Up-to-date: /voiture2A-ros/install/icm20948_driver/share/icm20948_driver/cmake/icm20948_driverConfig-version.cmake\n'}
[3.835450] (icm20948_driver) StdoutLine: {'line': b'-- Up-to-date: /voiture2A-ros/install/icm20948_driver/share/icm20948_driver/package.xml\n'}
[3.836076] (voiture2a_motors_driver) StdoutLine: {'line': b'[ 80%] Built target voiture2a_motors_driver__py\n'}
[3.836731] (icm20948_driver) CommandEnded: {'returncode': 0}
[3.935063] (-) TimerEvent: {}
[3.939659] (icm20948_driver) JobEnded: {'identifier': 'icm20948_driver', 'rc': 0}
[3.979108] (voiture2a_motors_driver) StdoutLine: {'line': b'running egg_info\n'}
[3.983279] (voiture2a_motors_driver) StdoutLine: {'line': b'writing voiture2a_motors_driver.egg-info/PKG-INFO\n'}
[3.984545] (voiture2a_motors_driver) StdoutLine: {'line': b'writing dependency_links to voiture2a_motors_driver.egg-info/dependency_links.txt\n'}
[3.985579] (voiture2a_motors_driver) StdoutLine: {'line': b'writing top-level names to voiture2a_motors_driver.egg-info/top_level.txt\n'}
[3.997549] (voiture2a_motors_driver) StdoutLine: {'line': b"reading manifest file 'voiture2a_motors_driver.egg-info/SOURCES.txt'\n"}
[4.002004] (voiture2a_motors_driver) StdoutLine: {'line': b"writing manifest file 'voiture2a_motors_driver.egg-info/SOURCES.txt'\n"}
[4.006134] (voiture2a_motors_driver) StdoutLine: {'line': b'[ 87%] Built target voiture2a_motors_driver__rosidl_generator_py\n'}
[4.035373] (-) TimerEvent: {}
[4.136030] (-) TimerEvent: {}
[4.147550] (voiture2a_motors_driver) StdoutLine: {'line': b'[ 87%] Built target ament_cmake_python_build_voiture2a_motors_driver_egg\n'}
[4.236292] (-) TimerEvent: {}
[4.304889] (voiture2a_motors_driver) StdoutLine: {'line': b'[100%] Built target voiture2a_motors_driver__rosidl_typesupport_c__pyext\n'}
[4.305858] (voiture2a_motors_driver) StdoutLine: {'line': b'[100%] Built target voiture2a_motors_driver__rosidl_typesupport_introspection_c__pyext\n'}
[4.306241] (voiture2a_motors_driver) StdoutLine: {'line': b'[100%] Built target voiture2a_motors_driver__rosidl_typesupport_fastrtps_c__pyext\n'}
[4.336553] (-) TimerEvent: {}
[4.392242] (voiture2a_motors_driver) CommandEnded: {'returncode': 0}
[4.395353] (voiture2a_motors_driver) JobProgress: {'identifier': 'voiture2a_motors_driver', 'progress': 'install'}
[4.399051] (voiture2a_motors_driver) Command: {'cmd': ['/usr/bin/cmake', '--install', '/voiture2A-ros/build/voiture2a_motors_driver'], 'cwd': '/voiture2A-ros/build/voiture2a_motors_driver', 'env': OrderedDict([('COLCON', '1'), ('PYTHONPATH', '/opt/ros/rolling/lib/python3.10/site-packages'), ('LC_ALL', 'C.UTF-8'), ('PWD', '/voiture2A-ros/build/voiture2a_motors_driver'), ('ROS_AUTOMATIC_DISCOVERY_RANGE', 'SUBNET'), ('AMENT_PREFIX_PATH', '/opt/ros/rolling'), ('LANG', 'C.UTF-8'), ('PATH', '/opt/ros/rolling/bin:/usr/local/sbin:/usr/local/bin:/usr/sbin:/usr/bin:/sbin:/bin'), ('ROS_VERSION', '2'), ('_', '/usr/bin/colcon'), ('ROS_DISTRO', 'rolling'), ('ROS_PYTHON_VERSION', '3'), ('OLDPWD', '/'), ('HOME', '/root'), ('LD_LIBRARY_PATH', '/opt/ros/rolling/lib/aarch64-linux-gnu:/opt/ros/rolling/lib'), ('SHLVL', '1'), ('HOSTNAME', 'dd5a13107e50'), ('CMAKE_PREFIX_PATH', '/opt/ros/rolling')]), 'shell': False}
[4.436864] (-) TimerEvent: {}
[4.485986] (voiture2a_motors_driver) StdoutLine: {'line': b'-- Install configuration: ""\n'}
[4.488819] (voiture2a_motors_driver) StdoutLine: {'line': b'-- Up-to-date: /voiture2A-ros/install/voiture2a_motors_driver/share/ament_index/resource_index/rosidl_interfaces/voiture2a_motors_driver\n'}
[4.490186] (voiture2a_motors_driver) StdoutLine: {'line': b'-- Up-to-date: /voiture2A-ros/install/voiture2a_motors_driver/share/voiture2a_motors_driver/msg/MotorsState.json\n'}
[4.490855] (voiture2a_motors_driver) StdoutLine: {'line': b'-- Up-to-date: /voiture2A-ros/install/voiture2a_motors_driver/share/voiture2a_motors_driver/msg/Engine.json\n'}
[4.491583] (voiture2a_motors_driver) StdoutLine: {'line': b'-- Up-to-date: /voiture2A-ros/install/voiture2a_motors_driver/include/voiture2a_motors_driver/voiture2a_motors_driver\n'}
[4.493166] (voiture2a_motors_driver) StdoutLine: {'line': b'-- Up-to-date: /voiture2A-ros/install/voiture2a_motors_driver/include/voiture2a_motors_driver/voiture2a_motors_driver/msg\n'}
[4.493867] (voiture2a_motors_driver) StdoutLine: {'line': b'-- Up-to-date: /voiture2A-ros/install/voiture2a_motors_driver/include/voiture2a_motors_driver/voiture2a_motors_driver/msg/rosidl_generator_c__visibility_control.h\n'}
[4.494452] (voiture2a_motors_driver) StdoutLine: {'line': b'-- Up-to-date: /voiture2A-ros/install/voiture2a_motors_driver/include/voiture2a_motors_driver/voiture2a_motors_driver/msg/engine.h\n'}
[4.495097] (voiture2a_motors_driver) StdoutLine: {'line': b'-- Up-to-date: /voiture2A-ros/install/voiture2a_motors_driver/include/voiture2a_motors_driver/voiture2a_motors_driver/msg/detail\n'}
[4.495918] (voiture2a_motors_driver) StdoutLine: {'line': b'-- Up-to-date: /voiture2A-ros/install/voiture2a_motors_driver/include/voiture2a_motors_driver/voiture2a_motors_driver/msg/detail/motors_state__functions.c\n'}
[4.496843] (voiture2a_motors_driver) StdoutLine: {'line': b'-- Up-to-date: /voiture2A-ros/install/voiture2a_motors_driver/include/voiture2a_motors_driver/voiture2a_motors_driver/msg/detail/motors_state__description.c\n'}
[4.498253] (voiture2a_motors_driver) StdoutLine: {'line': b'-- Up-to-date: /voiture2A-ros/install/voiture2a_motors_driver/include/voiture2a_motors_driver/voiture2a_motors_driver/msg/detail/engine__functions.h\n'}
[4.498688] (voiture2a_motors_driver) StdoutLine: {'line': b'-- Up-to-date: /voiture2A-ros/install/voiture2a_motors_driver/include/voiture2a_motors_driver/voiture2a_motors_driver/msg/detail/motors_state__struct.h\n'}
[4.499067] (voiture2a_motors_driver) StdoutLine: {'line': b'-- Up-to-date: /voiture2A-ros/install/voiture2a_motors_driver/include/voiture2a_motors_driver/voiture2a_motors_driver/msg/detail/engine__struct.h\n'}
[4.499411] (voiture2a_motors_driver) StdoutLine: {'line': b'-- Installing: /voiture2A-ros/install/voiture2a_motors_driver/include/voiture2a_motors_driver/voiture2a_motors_driver/msg/detail/engine__type_support.c\n'}
[4.499956] (voiture2a_motors_driver) StdoutLine: {'line': b'-- Up-to-date: /voiture2A-ros/install/voiture2a_motors_driver/include/voiture2a_motors_driver/voiture2a_motors_driver/msg/detail/engine__description.c\n'}
[4.500794] (voiture2a_motors_driver) StdoutLine: {'line': b'-- Up-to-date: /voiture2A-ros/install/voiture2a_motors_driver/include/voiture2a_motors_driver/voiture2a_motors_driver/msg/detail/engine__functions.c\n'}
[4.503337] (voiture2a_motors_driver) StdoutLine: {'line': b'-- Up-to-date: /voiture2A-ros/install/voiture2a_motors_driver/include/voiture2a_motors_driver/voiture2a_motors_driver/msg/detail/motors_state__type_support.h\n'}
[4.503969] (voiture2a_motors_driver) StdoutLine: {'line': b'-- Up-to-date: /voiture2A-ros/install/voiture2a_motors_driver/include/voiture2a_motors_driver/voiture2a_motors_driver/msg/detail/motors_state__functions.h\n'}
[4.504370] (voiture2a_motors_driver) StdoutLine: {'line': b'-- Up-to-date: /voiture2A-ros/install/voiture2a_motors_driver/include/voiture2a_motors_driver/voiture2a_motors_driver/msg/detail/engine__type_support.h\n'}
[4.506088] (voiture2a_motors_driver) StdoutLine: {'line': b'-- Installing: /voiture2A-ros/install/voiture2a_motors_driver/include/voiture2a_motors_driver/voiture2a_motors_driver/msg/detail/motors_state__type_support.c\n'}
[4.506667] (voiture2a_motors_driver) StdoutLine: {'line': b'-- Up-to-date: /voiture2A-ros/install/voiture2a_motors_driver/include/voiture2a_motors_driver/voiture2a_motors_driver/msg/motors_state.h\n'}
[4.507973] (voiture2a_motors_driver) StdoutLine: {'line': b'-- Up-to-date: /voiture2A-ros/install/voiture2a_motors_driver/share/voiture2a_motors_driver/environment/library_path.sh\n'}
[4.508531] (voiture2a_motors_driver) StdoutLine: {'line': b'-- Up-to-date: /voiture2A-ros/install/voiture2a_motors_driver/share/voiture2a_motors_driver/environment/library_path.dsv\n'}
[4.508864] (voiture2a_motors_driver) StdoutLine: {'line': b'-- Up-to-date: /voiture2A-ros/install/voiture2a_motors_driver/lib/libvoiture2a_motors_driver__rosidl_generator_c.so\n'}
[4.509153] (voiture2a_motors_driver) StdoutLine: {'line': b'-- Up-to-date: /voiture2A-ros/install/voiture2a_motors_driver/include/voiture2a_motors_driver/voiture2a_motors_driver\n'}
[4.509449] (voiture2a_motors_driver) StdoutLine: {'line': b'-- Up-to-date: /voiture2A-ros/install/voiture2a_motors_driver/include/voiture2a_motors_driver/voiture2a_motors_driver/msg\n'}
[4.510570] (voiture2a_motors_driver) StdoutLine: {'line': b'-- Up-to-date: /voiture2A-ros/install/voiture2a_motors_driver/include/voiture2a_motors_driver/voiture2a_motors_driver/msg/rosidl_typesupport_fastrtps_c__visibility_control.h\n'}
[4.511168] (voiture2a_motors_driver) StdoutLine: {'line': b'-- Up-to-date: /voiture2A-ros/install/voiture2a_motors_driver/include/voiture2a_motors_driver/voiture2a_motors_driver/msg/detail\n'}
[4.511481] (voiture2a_motors_driver) StdoutLine: {'line': b'-- Up-to-date: /voiture2A-ros/install/voiture2a_motors_driver/include/voiture2a_motors_driver/voiture2a_motors_driver/msg/detail/engine__rosidl_typesupport_fastrtps_c.h\n'}
[4.512007] (voiture2a_motors_driver) StdoutLine: {'line': b'-- Up-to-date: /voiture2A-ros/install/voiture2a_motors_driver/include/voiture2a_motors_driver/voiture2a_motors_driver/msg/detail/motors_state__rosidl_typesupport_fastrtps_c.h\n'}
[4.512308] (voiture2a_motors_driver) StdoutLine: {'line': b'-- Up-to-date: /voiture2A-ros/install/voiture2a_motors_driver/lib/libvoiture2a_motors_driver__rosidl_typesupport_fastrtps_c.so\n'}
[4.513129] (voiture2a_motors_driver) StdoutLine: {'line': b'-- Up-to-date: /voiture2A-ros/install/voiture2a_motors_driver/include/voiture2a_motors_driver/voiture2a_motors_driver\n'}
[4.513734] (voiture2a_motors_driver) StdoutLine: {'line': b'-- Up-to-date: /voiture2A-ros/install/voiture2a_motors_driver/include/voiture2a_motors_driver/voiture2a_motors_driver/msg\n'}
[4.514039] (voiture2a_motors_driver) StdoutLine: {'line': b'-- Up-to-date: /voiture2A-ros/install/voiture2a_motors_driver/include/voiture2a_motors_driver/voiture2a_motors_driver/msg/motors_state.hpp\n'}
[4.515120] (voiture2a_motors_driver) StdoutLine: {'line': b'-- Up-to-date: /voiture2A-ros/install/voiture2a_motors_driver/include/voiture2a_motors_driver/voiture2a_motors_driver/msg/detail\n'}
[4.515397] (voiture2a_motors_driver) StdoutLine: {'line': b'-- Up-to-date: /voiture2A-ros/install/voiture2a_motors_driver/include/voiture2a_motors_driver/voiture2a_motors_driver/msg/detail/engine__traits.hpp\n'}
[4.515676] (voiture2a_motors_driver) StdoutLine: {'line': b'-- Up-to-date: /voiture2A-ros/install/voiture2a_motors_driver/include/voiture2a_motors_driver/voiture2a_motors_driver/msg/detail/motors_state__traits.hpp\n'}
[4.515947] (voiture2a_motors_driver) StdoutLine: {'line': b'-- Up-to-date: /voiture2A-ros/install/voiture2a_motors_driver/include/voiture2a_motors_driver/voiture2a_motors_driver/msg/detail/engine__type_support.hpp\n'}
[4.516208] (voiture2a_motors_driver) StdoutLine: {'line': b'-- Up-to-date: /voiture2A-ros/install/voiture2a_motors_driver/include/voiture2a_motors_driver/voiture2a_motors_driver/msg/detail/engine__builder.hpp\n'}
[4.516459] (voiture2a_motors_driver) StdoutLine: {'line': b'-- Up-to-date: /voiture2A-ros/install/voiture2a_motors_driver/include/voiture2a_motors_driver/voiture2a_motors_driver/msg/detail/motors_state__type_support.hpp\n'}
[4.516724] (voiture2a_motors_driver) StdoutLine: {'line': b'-- Up-to-date: /voiture2A-ros/install/voiture2a_motors_driver/include/voiture2a_motors_driver/voiture2a_motors_driver/msg/detail/motors_state__struct.hpp\n'}
[4.516994] (voiture2a_motors_driver) StdoutLine: {'line': b'-- Up-to-date: /voiture2A-ros/install/voiture2a_motors_driver/include/voiture2a_motors_driver/voiture2a_motors_driver/msg/detail/engine__struct.hpp\n'}
[4.517262] (voiture2a_motors_driver) StdoutLine: {'line': b'-- Up-to-date: /voiture2A-ros/install/voiture2a_motors_driver/include/voiture2a_motors_driver/voiture2a_motors_driver/msg/detail/motors_state__builder.hpp\n'}
[4.517506] (voiture2a_motors_driver) StdoutLine: {'line': b'-- Up-to-date: /voiture2A-ros/install/voiture2a_motors_driver/include/voiture2a_motors_driver/voiture2a_motors_driver/msg/rosidl_generator_cpp__visibility_control.hpp\n'}
[4.517793] (voiture2a_motors_driver) StdoutLine: {'line': b'-- Up-to-date: /voiture2A-ros/install/voiture2a_motors_driver/include/voiture2a_motors_driver/voiture2a_motors_driver/msg/engine.hpp\n'}
[4.518045] (voiture2a_motors_driver) StdoutLine: {'line': b'-- Up-to-date: /voiture2A-ros/install/voiture2a_motors_driver/include/voiture2a_motors_driver/voiture2a_motors_driver\n'}
[4.518292] (voiture2a_motors_driver) StdoutLine: {'line': b'-- Up-to-date: /voiture2A-ros/install/voiture2a_motors_driver/include/voiture2a_motors_driver/voiture2a_motors_driver/msg\n'}
[4.518557] (voiture2a_motors_driver) StdoutLine: {'line': b'-- Up-to-date: /voiture2A-ros/install/voiture2a_motors_driver/include/voiture2a_motors_driver/voiture2a_motors_driver/msg/rosidl_typesupport_fastrtps_cpp__visibility_control.h\n'}
[4.518844] (voiture2a_motors_driver) StdoutLine: {'line': b'-- Up-to-date: /voiture2A-ros/install/voiture2a_motors_driver/include/voiture2a_motors_driver/voiture2a_motors_driver/msg/detail\n'}
[4.519119] (voiture2a_motors_driver) StdoutLine: {'line': b'-- Up-to-date: /voiture2A-ros/install/voiture2a_motors_driver/include/voiture2a_motors_driver/voiture2a_motors_driver/msg/detail/dds_fastrtps\n'}
[4.519379] (voiture2a_motors_driver) StdoutLine: {'line': b'-- Up-to-date: /voiture2A-ros/install/voiture2a_motors_driver/include/voiture2a_motors_driver/voiture2a_motors_driver/msg/detail/motors_state__rosidl_typesupport_fastrtps_cpp.hpp\n'}
[4.519681] (voiture2a_motors_driver) StdoutLine: {'line': b'-- Up-to-date: /voiture2A-ros/install/voiture2a_motors_driver/include/voiture2a_motors_driver/voiture2a_motors_driver/msg/detail/engine__rosidl_typesupport_fastrtps_cpp.hpp\n'}
[4.519960] (voiture2a_motors_driver) StdoutLine: {'line': b'-- Up-to-date: /voiture2A-ros/install/voiture2a_motors_driver/lib/libvoiture2a_motors_driver__rosidl_typesupport_fastrtps_cpp.so\n'}
[4.520235] (voiture2a_motors_driver) StdoutLine: {'line': b'-- Up-to-date: /voiture2A-ros/install/voiture2a_motors_driver/include/voiture2a_motors_driver/voiture2a_motors_driver\n'}
[4.520501] (voiture2a_motors_driver) StdoutLine: {'line': b'-- Up-to-date: /voiture2A-ros/install/voiture2a_motors_driver/include/voiture2a_motors_driver/voiture2a_motors_driver/msg\n'}
[4.520807] (voiture2a_motors_driver) StdoutLine: {'line': b'-- Up-to-date: /voiture2A-ros/install/voiture2a_motors_driver/include/voiture2a_motors_driver/voiture2a_motors_driver/msg/rosidl_typesupport_introspection_c__visibility_control.h\n'}
[4.521092] (voiture2a_motors_driver) StdoutLine: {'line': b'-- Up-to-date: /voiture2A-ros/install/voiture2a_motors_driver/include/voiture2a_motors_driver/voiture2a_motors_driver/msg/detail\n'}
[4.521358] (voiture2a_motors_driver) StdoutLine: {'line': b'-- Up-to-date: /voiture2A-ros/install/voiture2a_motors_driver/include/voiture2a_motors_driver/voiture2a_motors_driver/msg/detail/motors_state__rosidl_typesupport_introspection_c.h\n'}
[4.521641] (voiture2a_motors_driver) StdoutLine: {'line': b'-- Installing: /voiture2A-ros/install/voiture2a_motors_driver/include/voiture2a_motors_driver/voiture2a_motors_driver/msg/detail/engine__type_support.c\n'}
[4.521901] (voiture2a_motors_driver) StdoutLine: {'line': b'-- Installing: /voiture2A-ros/install/voiture2a_motors_driver/include/voiture2a_motors_driver/voiture2a_motors_driver/msg/detail/motors_state__type_support.c\n'}
[4.522147] (voiture2a_motors_driver) StdoutLine: {'line': b'-- Up-to-date: /voiture2A-ros/install/voiture2a_motors_driver/include/voiture2a_motors_driver/voiture2a_motors_driver/msg/detail/engine__rosidl_typesupport_introspection_c.h\n'}
[4.522394] (voiture2a_motors_driver) StdoutLine: {'line': b'-- Up-to-date: /voiture2A-ros/install/voiture2a_motors_driver/lib/libvoiture2a_motors_driver__rosidl_typesupport_introspection_c.so\n'}
[4.522658] (voiture2a_motors_driver) StdoutLine: {'line': b'-- Up-to-date: /voiture2A-ros/install/voiture2a_motors_driver/lib/libvoiture2a_motors_driver__rosidl_typesupport_c.so\n'}
[4.522926] (voiture2a_motors_driver) StdoutLine: {'line': b'-- Up-to-date: /voiture2A-ros/install/voiture2a_motors_driver/include/voiture2a_motors_driver/voiture2a_motors_driver\n'}
[4.523183] (voiture2a_motors_driver) StdoutLine: {'line': b'-- Up-to-date: /voiture2A-ros/install/voiture2a_motors_driver/include/voiture2a_motors_driver/voiture2a_motors_driver/msg\n'}
[4.523443] (voiture2a_motors_driver) StdoutLine: {'line': b'-- Up-to-date: /voiture2A-ros/install/voiture2a_motors_driver/include/voiture2a_motors_driver/voiture2a_motors_driver/msg/detail\n'}
[4.523734] (voiture2a_motors_driver) StdoutLine: {'line': b'-- Up-to-date: /voiture2A-ros/install/voiture2a_motors_driver/include/voiture2a_motors_driver/voiture2a_motors_driver/msg/detail/engine__type_support.cpp\n'}
[4.524014] (voiture2a_motors_driver) StdoutLine: {'line': b'-- Up-to-date: /voiture2A-ros/install/voiture2a_motors_driver/include/voiture2a_motors_driver/voiture2a_motors_driver/msg/detail/motors_state__type_support.cpp\n'}
[4.524272] (voiture2a_motors_driver) StdoutLine: {'line': b'-- Up-to-date: /voiture2A-ros/install/voiture2a_motors_driver/include/voiture2a_motors_driver/voiture2a_motors_driver/msg/detail/engine__rosidl_typesupport_introspection_cpp.hpp\n'}
[4.524530] (voiture2a_motors_driver) StdoutLine: {'line': b'-- Up-to-date: /voiture2A-ros/install/voiture2a_motors_driver/include/voiture2a_motors_driver/voiture2a_motors_driver/msg/detail/motors_state__rosidl_typesupport_introspection_cpp.hpp\n'}
[4.524821] (voiture2a_motors_driver) StdoutLine: {'line': b'-- Up-to-date: /voiture2A-ros/install/voiture2a_motors_driver/lib/libvoiture2a_motors_driver__rosidl_typesupport_introspection_cpp.so\n'}
[4.525089] (voiture2a_motors_driver) StdoutLine: {'line': b'-- Up-to-date: /voiture2A-ros/install/voiture2a_motors_driver/lib/libvoiture2a_motors_driver__rosidl_typesupport_cpp.so\n'}
[4.525365] (voiture2a_motors_driver) StdoutLine: {'line': b'-- Up-to-date: /voiture2A-ros/install/voiture2a_motors_driver/share/voiture2a_motors_driver/environment/pythonpath.sh\n'}
[4.525643] (voiture2a_motors_driver) StdoutLine: {'line': b'-- Up-to-date: /voiture2A-ros/install/voiture2a_motors_driver/share/voiture2a_motors_driver/environment/pythonpath.dsv\n'}
[4.525918] (voiture2a_motors_driver) StdoutLine: {'line': b'-- Up-to-date: /voiture2A-ros/install/voiture2a_motors_driver/lib/python3.10/site-packages/voiture2a_motors_driver-1.0.0-py3.10.egg-info\n'}
[4.526185] (voiture2a_motors_driver) StdoutLine: {'line': b'-- Installing: /voiture2A-ros/install/voiture2a_motors_driver/lib/python3.10/site-packages/voiture2a_motors_driver-1.0.0-py3.10.egg-info/dependency_links.txt\n'}
[4.526432] (voiture2a_motors_driver) StdoutLine: {'line': b'-- Installing: /voiture2A-ros/install/voiture2a_motors_driver/lib/python3.10/site-packages/voiture2a_motors_driver-1.0.0-py3.10.egg-info/PKG-INFO\n'}
[4.526703] (voiture2a_motors_driver) StdoutLine: {'line': b'-- Installing: /voiture2A-ros/install/voiture2a_motors_driver/lib/python3.10/site-packages/voiture2a_motors_driver-1.0.0-py3.10.egg-info/top_level.txt\n'}
[4.526960] (voiture2a_motors_driver) StdoutLine: {'line': b'-- Installing: /voiture2A-ros/install/voiture2a_motors_driver/lib/python3.10/site-packages/voiture2a_motors_driver-1.0.0-py3.10.egg-info/SOURCES.txt\n'}
[4.527211] (voiture2a_motors_driver) StdoutLine: {'line': b'-- Up-to-date: /voiture2A-ros/install/voiture2a_motors_driver/lib/python3.10/site-packages/voiture2a_motors_driver\n'}
[4.527459] (voiture2a_motors_driver) StdoutLine: {'line': b'-- Up-to-date: /voiture2A-ros/install/voiture2a_motors_driver/lib/python3.10/site-packages/voiture2a_motors_driver/_voiture2a_motors_driver_s.ep.rosidl_typesupport_introspection_c.c\n'}
[4.527732] (voiture2a_motors_driver) StdoutLine: {'line': b'-- Up-to-date: /voiture2A-ros/install/voiture2a_motors_driver/lib/python3.10/site-packages/voiture2a_motors_driver/msg\n'}
[4.527994] (voiture2a_motors_driver) StdoutLine: {'line': b'-- Up-to-date: /voiture2A-ros/install/voiture2a_motors_driver/lib/python3.10/site-packages/voiture2a_motors_driver/msg/_engine_s.c\n'}
[4.528248] (voiture2a_motors_driver) StdoutLine: {'line': b'-- Up-to-date: /voiture2A-ros/install/voiture2a_motors_driver/lib/python3.10/site-packages/voiture2a_motors_driver/msg/_motors_state_s.c\n'}
[4.528499] (voiture2a_motors_driver) StdoutLine: {'line': b'-- Up-to-date: /voiture2A-ros/install/voiture2a_motors_driver/lib/python3.10/site-packages/voiture2a_motors_driver/msg/_engine.py\n'}
[4.528779] (voiture2a_motors_driver) StdoutLine: {'line': b'-- Up-to-date: /voiture2A-ros/install/voiture2a_motors_driver/lib/python3.10/site-packages/voiture2a_motors_driver/msg/_motors_state.py\n'}
[4.529038] (voiture2a_motors_driver) StdoutLine: {'line': b'-- Up-to-date: /voiture2A-ros/install/voiture2a_motors_driver/lib/python3.10/site-packages/voiture2a_motors_driver/msg/__init__.py\n'}
[4.529294] (voiture2a_motors_driver) StdoutLine: {'line': b'-- Up-to-date: /voiture2A-ros/install/voiture2a_motors_driver/lib/python3.10/site-packages/voiture2a_motors_driver/_voiture2a_motors_driver_s.ep.rosidl_typesupport_c.c\n'}
[4.529548] (voiture2a_motors_driver) StdoutLine: {'line': b'-- Up-to-date: /voiture2A-ros/install/voiture2a_motors_driver/lib/python3.10/site-packages/voiture2a_motors_driver/_voiture2a_motors_driver_s.ep.rosidl_typesupport_fastrtps_c.c\n'}
[4.529825] (voiture2a_motors_driver) StdoutLine: {'line': b'-- Up-to-date: /voiture2A-ros/install/voiture2a_motors_driver/lib/python3.10/site-packages/voiture2a_motors_driver/__init__.py\n'}
[4.537051] (-) TimerEvent: {}
[4.637701] (-) TimerEvent: {}
[4.733954] (notre_package) StdoutLine: {'line': b'running egg_info\n'}
[4.737457] (notre_package) StdoutLine: {'line': b'writing ../../build/notre_package/notre_package.egg-info/PKG-INFO\n'}
[4.738429] (-) TimerEvent: {}
[4.739157] (notre_package) StdoutLine: {'line': b'writing dependency_links to ../../build/notre_package/notre_package.egg-info/dependency_links.txt\n'}
[4.739660] (notre_package) StdoutLine: {'line': b'writing entry points to ../../build/notre_package/notre_package.egg-info/entry_points.txt\n'}
[4.740481] (notre_package) StdoutLine: {'line': b'writing requirements to ../../build/notre_package/notre_package.egg-info/requires.txt\n'}
[4.740862] (notre_package) StdoutLine: {'line': b'writing top-level names to ../../build/notre_package/notre_package.egg-info/top_level.txt\n'}
[4.747352] (notre_package) StdoutLine: {'line': b"reading manifest file '../../build/notre_package/notre_package.egg-info/SOURCES.txt'\n"}
[4.751772] (notre_package) StdoutLine: {'line': b"writing manifest file '../../build/notre_package/notre_package.egg-info/SOURCES.txt'\n"}
[4.753070] (notre_package) StdoutLine: {'line': b'running build\n'}
[4.753522] (notre_package) StdoutLine: {'line': b'running build_py\n'}
[4.753872] (notre_package) StdoutLine: {'line': b'copying notre_package/localization.py -> /voiture2A-ros/build/notre_package/build/lib/notre_package\n'}
[4.754945] (notre_package) StdoutLine: {'line': b'running install\n'}
[4.756545] (notre_package) StdoutLine: {'line': b'running install_lib\n'}
[4.760643] (notre_package) StdoutLine: {'line': b'copying /voiture2A-ros/build/notre_package/build/lib/notre_package/localization.py -> /voiture2A-ros/install/notre_package/lib/python3.10/site-packages/notre_package\n'}
[4.763499] (notre_package) StdoutLine: {'line': b'byte-compiling /voiture2A-ros/install/notre_package/lib/python3.10/site-packages/notre_package/localization.py to localization.cpython-310.pyc\n'}
[4.782909] (notre_package) StdoutLine: {'line': b'running install_data\n'}
[4.783901] (notre_package) StdoutLine: {'line': b'running install_egg_info\n'}
[4.790140] (notre_package) StdoutLine: {'line': b"removing '/voiture2A-ros/install/notre_package/lib/python3.10/site-packages/notre_package-0.0.0-py3.10.egg-info' (and everything under it)\n"}
[4.791233] (notre_package) StdoutLine: {'line': b'Copying ../../build/notre_package/notre_package.egg-info to /voiture2A-ros/install/notre_package/lib/python3.10/site-packages/notre_package-0.0.0-py3.10.egg-info\n'}
[4.794916] (notre_package) StdoutLine: {'line': b'running install_scripts\n'}
[4.810814] (voiture2a_motors_driver) StdoutLine: {'line': b"Listing '/voiture2A-ros/install/voiture2a_motors_driver/lib/python3.10/site-packages/voiture2a_motors_driver'...\n"}
[4.811387] (voiture2a_motors_driver) StdoutLine: {'line': b"Listing '/voiture2A-ros/install/voiture2a_motors_driver/lib/python3.10/site-packages/voiture2a_motors_driver/msg'...\n"}
[4.830144] (voiture2a_motors_driver) StdoutLine: {'line': b'-- Up-to-date: /voiture2A-ros/install/voiture2a_motors_driver/lib/python3.10/site-packages/voiture2a_motors_driver/voiture2a_motors_driver_s__rosidl_typesupport_fastrtps_c.cpython-310-aarch64-linux-gnu.so\n'}
[4.831069] (voiture2a_motors_driver) StdoutLine: {'line': b'-- Up-to-date: /voiture2A-ros/install/voiture2a_motors_driver/lib/python3.10/site-packages/voiture2a_motors_driver/voiture2a_motors_driver_s__rosidl_typesupport_introspection_c.cpython-310-aarch64-linux-gnu.so\n'}
[4.831996] (voiture2a_motors_driver) StdoutLine: {'line': b'-- Up-to-date: /voiture2A-ros/install/voiture2a_motors_driver/lib/python3.10/site-packages/voiture2a_motors_driver/voiture2a_motors_driver_s__rosidl_typesupport_c.cpython-310-aarch64-linux-gnu.so\n'}
[4.833326] (voiture2a_motors_driver) StdoutLine: {'line': b'-- Up-to-date: /voiture2A-ros/install/voiture2a_motors_driver/lib/libvoiture2a_motors_driver__rosidl_generator_py.so\n'}
[4.834130] (voiture2a_motors_driver) StdoutLine: {'line': b'-- Up-to-date: /voiture2A-ros/install/voiture2a_motors_driver/share/voiture2a_motors_driver/msg/MotorsState.idl\n'}
[4.835506] (voiture2a_motors_driver) StdoutLine: {'line': b'-- Up-to-date: /voiture2A-ros/install/voiture2a_motors_driver/share/voiture2a_motors_driver/msg/Engine.idl\n'}
[4.836695] (voiture2a_motors_driver) StdoutLine: {'line': b'-- Up-to-date: /voiture2A-ros/install/voiture2a_motors_driver/share/voiture2a_motors_driver/msg/MotorsState.msg\n'}
[4.837094] (voiture2a_motors_driver) StdoutLine: {'line': b'-- Up-to-date: /voiture2A-ros/install/voiture2a_motors_driver/share/voiture2a_motors_driver/msg/Engine.msg\n'}
[4.838110] (voiture2a_motors_driver) StdoutLine: {'line': b'-- Up-to-date: /voiture2A-ros/install/voiture2a_motors_driver/lib/voiture2a_motors_driver/motors_node\n'}
[4.839312] (-) TimerEvent: {}
[4.839684] (voiture2a_motors_driver) StdoutLine: {'line': b'-- Up-to-date: /voiture2A-ros/install/voiture2a_motors_driver/share/ament_index/resource_index/package_run_dependencies/voiture2a_motors_driver\n'}
[4.840806] (voiture2a_motors_driver) StdoutLine: {'line': b'-- Up-to-date: /voiture2A-ros/install/voiture2a_motors_driver/share/ament_index/resource_index/parent_prefix_path/voiture2a_motors_driver\n'}
[4.841494] (voiture2a_motors_driver) StdoutLine: {'line': b'-- Up-to-date: /voiture2A-ros/install/voiture2a_motors_driver/share/voiture2a_motors_driver/environment/ament_prefix_path.sh\n'}
[4.842422] (voiture2a_motors_driver) StdoutLine: {'line': b'-- Up-to-date: /voiture2A-ros/install/voiture2a_motors_driver/share/voiture2a_motors_driver/environment/ament_prefix_path.dsv\n'}
[4.844140] (voiture2a_motors_driver) StdoutLine: {'line': b'-- Up-to-date: /voiture2A-ros/install/voiture2a_motors_driver/share/voiture2a_motors_driver/environment/path.sh\n'}
[4.845114] (voiture2a_motors_driver) StdoutLine: {'line': b'-- Up-to-date: /voiture2A-ros/install/voiture2a_motors_driver/share/voiture2a_motors_driver/environment/path.dsv\n'}
[4.845425] (voiture2a_motors_driver) StdoutLine: {'line': b'-- Up-to-date: /voiture2A-ros/install/voiture2a_motors_driver/share/voiture2a_motors_driver/local_setup.bash\n'}
[4.845724] (voiture2a_motors_driver) StdoutLine: {'line': b'-- Up-to-date: /voiture2A-ros/install/voiture2a_motors_driver/share/voiture2a_motors_driver/local_setup.sh\n'}
[4.846003] (voiture2a_motors_driver) StdoutLine: {'line': b'-- Up-to-date: /voiture2A-ros/install/voiture2a_motors_driver/share/voiture2a_motors_driver/local_setup.zsh\n'}
[4.846273] (voiture2a_motors_driver) StdoutLine: {'line': b'-- Up-to-date: /voiture2A-ros/install/voiture2a_motors_driver/share/voiture2a_motors_driver/local_setup.dsv\n'}
[4.846537] (voiture2a_motors_driver) StdoutLine: {'line': b'-- Installing: /voiture2A-ros/install/voiture2a_motors_driver/share/voiture2a_motors_driver/package.dsv\n'}
[4.846817] (voiture2a_motors_driver) StdoutLine: {'line': b'-- Up-to-date: /voiture2A-ros/install/voiture2a_motors_driver/share/ament_index/resource_index/packages/voiture2a_motors_driver\n'}
[4.847084] (voiture2a_motors_driver) StdoutLine: {'line': b'-- Up-to-date: /voiture2A-ros/install/voiture2a_motors_driver/share/voiture2a_motors_driver/cmake/export_voiture2a_motors_driver__rosidl_generator_cExport.cmake\n'}
[4.847345] (voiture2a_motors_driver) StdoutLine: {'line': b'-- Up-to-date: /voiture2A-ros/install/voiture2a_motors_driver/share/voiture2a_motors_driver/cmake/export_voiture2a_motors_driver__rosidl_generator_cExport-noconfig.cmake\n'}
[4.847627] (voiture2a_motors_driver) StdoutLine: {'line': b'-- Up-to-date: /voiture2A-ros/install/voiture2a_motors_driver/share/voiture2a_motors_driver/cmake/export_voiture2a_motors_driver__rosidl_typesupport_fastrtps_cExport.cmake\n'}
[4.847921] (voiture2a_motors_driver) StdoutLine: {'line': b'-- Up-to-date: /voiture2A-ros/install/voiture2a_motors_driver/share/voiture2a_motors_driver/cmake/export_voiture2a_motors_driver__rosidl_typesupport_fastrtps_cExport-noconfig.cmake\n'}
[4.848186] (voiture2a_motors_driver) StdoutLine: {'line': b'-- Up-to-date: /voiture2A-ros/install/voiture2a_motors_driver/share/voiture2a_motors_driver/cmake/export_voiture2a_motors_driver__rosidl_generator_cppExport.cmake\n'}
[4.848448] (voiture2a_motors_driver) StdoutLine: {'line': b'-- Up-to-date: /voiture2A-ros/install/voiture2a_motors_driver/share/voiture2a_motors_driver/cmake/export_voiture2a_motors_driver__rosidl_typesupport_fastrtps_cppExport.cmake\n'}
[4.848727] (voiture2a_motors_driver) StdoutLine: {'line': b'-- Up-to-date: /voiture2A-ros/install/voiture2a_motors_driver/share/voiture2a_motors_driver/cmake/export_voiture2a_motors_driver__rosidl_typesupport_fastrtps_cppExport-noconfig.cmake\n'}
[4.849006] (voiture2a_motors_driver) StdoutLine: {'line': b'-- Up-to-date: /voiture2A-ros/install/voiture2a_motors_driver/share/voiture2a_motors_driver/cmake/voiture2a_motors_driver__rosidl_typesupport_introspection_cExport.cmake\n'}
[4.849279] (voiture2a_motors_driver) StdoutLine: {'line': b'-- Up-to-date: /voiture2A-ros/install/voiture2a_motors_driver/share/voiture2a_motors_driver/cmake/voiture2a_motors_driver__rosidl_typesupport_introspection_cExport-noconfig.cmake\n'}
[4.849541] (voiture2a_motors_driver) StdoutLine: {'line': b'-- Up-to-date: /voiture2A-ros/install/voiture2a_motors_driver/share/voiture2a_motors_driver/cmake/voiture2a_motors_driver__rosidl_typesupport_cExport.cmake\n'}
[4.849831] (voiture2a_motors_driver) StdoutLine: {'line': b'-- Up-to-date: /voiture2A-ros/install/voiture2a_motors_driver/share/voiture2a_motors_driver/cmake/voiture2a_motors_driver__rosidl_typesupport_cExport-noconfig.cmake\n'}
[4.850093] (voiture2a_motors_driver) StdoutLine: {'line': b'-- Up-to-date: /voiture2A-ros/install/voiture2a_motors_driver/share/voiture2a_motors_driver/cmake/voiture2a_motors_driver__rosidl_typesupport_introspection_cppExport.cmake\n'}
[4.850361] (voiture2a_motors_driver) StdoutLine: {'line': b'-- Up-to-date: /voiture2A-ros/install/voiture2a_motors_driver/share/voiture2a_motors_driver/cmake/voiture2a_motors_driver__rosidl_typesupport_introspection_cppExport-noconfig.cmake\n'}
[4.850630] (voiture2a_motors_driver) StdoutLine: {'line': b'-- Up-to-date: /voiture2A-ros/install/voiture2a_motors_driver/share/voiture2a_motors_driver/cmake/voiture2a_motors_driver__rosidl_typesupport_cppExport.cmake\n'}
[4.850893] (voiture2a_motors_driver) StdoutLine: {'line': b'-- Up-to-date: /voiture2A-ros/install/voiture2a_motors_driver/share/voiture2a_motors_driver/cmake/voiture2a_motors_driver__rosidl_typesupport_cppExport-noconfig.cmake\n'}
[4.851134] (voiture2a_motors_driver) StdoutLine: {'line': b'-- Up-to-date: /voiture2A-ros/install/voiture2a_motors_driver/share/voiture2a_motors_driver/cmake/export_voiture2a_motors_driver__rosidl_generator_pyExport.cmake\n'}
[4.851378] (voiture2a_motors_driver) StdoutLine: {'line': b'-- Up-to-date: /voiture2A-ros/install/voiture2a_motors_driver/share/voiture2a_motors_driver/cmake/export_voiture2a_motors_driver__rosidl_generator_pyExport-noconfig.cmake\n'}
[4.851631] (voiture2a_motors_driver) StdoutLine: {'line': b'-- Up-to-date: /voiture2A-ros/install/voiture2a_motors_driver/share/voiture2a_motors_driver/cmake/rosidl_cmake-extras.cmake\n'}
[4.851912] (voiture2a_motors_driver) StdoutLine: {'line': b'-- Up-to-date: /voiture2A-ros/install/voiture2a_motors_driver/share/voiture2a_motors_driver/cmake/ament_cmake_export_include_directories-extras.cmake\n'}
[4.852203] (voiture2a_motors_driver) StdoutLine: {'line': b'-- Up-to-date: /voiture2A-ros/install/voiture2a_motors_driver/share/voiture2a_motors_driver/cmake/ament_cmake_export_libraries-extras.cmake\n'}
[4.852466] (voiture2a_motors_driver) StdoutLine: {'line': b'-- Up-to-date: /voiture2A-ros/install/voiture2a_motors_driver/share/voiture2a_motors_driver/cmake/ament_cmake_export_targets-extras.cmake\n'}
[4.852747] (voiture2a_motors_driver) StdoutLine: {'line': b'-- Up-to-date: /voiture2A-ros/install/voiture2a_motors_driver/share/voiture2a_motors_driver/cmake/rosidl_cmake_export_typesupport_targets-extras.cmake\n'}
[4.853008] (voiture2a_motors_driver) StdoutLine: {'line': b'-- Up-to-date: /voiture2A-ros/install/voiture2a_motors_driver/share/voiture2a_motors_driver/cmake/ament_cmake_export_dependencies-extras.cmake\n'}
[4.853270] (voiture2a_motors_driver) StdoutLine: {'line': b'-- Up-to-date: /voiture2A-ros/install/voiture2a_motors_driver/share/voiture2a_motors_driver/cmake/rosidl_cmake_export_typesupport_libraries-extras.cmake\n'}
[4.853527] (voiture2a_motors_driver) StdoutLine: {'line': b'-- Up-to-date: /voiture2A-ros/install/voiture2a_motors_driver/share/voiture2a_motors_driver/cmake/voiture2a_motors_driverConfig.cmake\n'}
[4.853838] (voiture2a_motors_driver) StdoutLine: {'line': b'-- Up-to-date: /voiture2A-ros/install/voiture2a_motors_driver/share/voiture2a_motors_driver/cmake/voiture2a_motors_driverConfig-version.cmake\n'}
[4.854101] (voiture2a_motors_driver) StdoutLine: {'line': b'-- Up-to-date: /voiture2A-ros/install/voiture2a_motors_driver/share/voiture2a_motors_driver/package.xml\n'}
[4.862276] (voiture2a_motors_driver) CommandEnded: {'returncode': 0}
[4.941083] (-) TimerEvent: {}
[4.944881] (voiture2a_motors_driver) JobEnded: {'identifier': 'voiture2a_motors_driver', 'rc': 0}
[4.946478] (notre_package) StdoutLine: {'line': b'Installing control_node script to /voiture2A-ros/install/notre_package/lib/notre_package\n'}
[4.946905] (notre_package) StdoutLine: {'line': b'Installing localization_node script to /voiture2A-ros/install/notre_package/lib/notre_package\n'}
[4.947241] (notre_package) StdoutLine: {'line': b'Installing mission_node script to /voiture2A-ros/install/notre_package/lib/notre_package\n'}
[4.947555] (notre_package) StdoutLine: {'line': b"writing list of installed files to '/voiture2A-ros/build/notre_package/install.log'\n"}
[4.970893] (notre_package) CommandEnded: {'returncode': 0}
[4.995595] (notre_package) JobEnded: {'identifier': 'notre_package', 'rc': 0}
[4.997440] (-) EventReactorShutdown: {}
