[0.551s] DEBUG:colcon:Command line arguments: ['/usr/bin/colcon', 'build']
[0.553s] DEBUG:colcon:Parsed command line arguments: Namespace(log_base=None, log_level=None, verb_name='build', build_base='build', install_base='install', merge_install=False, symlink_install=False, test_result_base=None, continue_on_error=False, executor='parallel', parallel_workers=16, event_handlers=None, ignore_user_meta=False, metas=['./colcon.meta'], base_paths=['.'], packages_ignore=None, packages_ignore_regex=None, paths=None, packages_up_to=None, packages_up_to_regex=None, packages_above=None, packages_above_and_dependencies=None, packages_above_depth=None, packages_select_by_dep=None, packages_skip_by_dep=None, packages_skip_up_to=None, packages_select_build_failed=False, packages_skip_build_finished=False, packages_select_test_failures=False, packages_skip_test_passed=False, packages_select=None, packages_skip=None, packages_select_regex=None, packages_skip_regex=None, packages_start=None, packages_end=None, cmake_args=None, cmake_target=None, cmake_target_skip_unavailable=False, cmake_clean_cache=False, cmake_clean_first=False, cmake_force_configure=False, ament_cmake_args=None, catkin_cmake_args=None, catkin_skip_building_tests=False, mixin_files=None, mixin=None, verb_parser=<colcon_mixin.mixin.mixin_argument.MixinArgumentDecorator object at 0x55034be380>, verb_extension=<colcon_core.verb.build.BuildVerb object at 0x55034bdd80>, main=<bound method BuildVerb.main of <colcon_core.verb.build.BuildVerb object at 0x55034bdd80>>, mixin_verb=('build',))
[1.088s] Level 1:colcon.colcon_core.package_discovery:discover_packages(colcon_meta) check parameters
[1.091s] INFO:colcon.colcon_metadata.package_discovery.colcon_meta:Using configuration from '/root/.colcon/metadata/default/Gazebo.meta'
[1.093s] INFO:colcon.colcon_metadata.package_discovery.colcon_meta:Using configuration from '/root/.colcon/metadata/default/fastrtps.meta'
[1.093s] Level 1:colcon.colcon_core.package_discovery:discover_packages(recursive) check parameters
[1.093s] Level 1:colcon.colcon_core.package_discovery:discover_packages(ignore) check parameters
[1.093s] Level 1:colcon.colcon_core.package_discovery:discover_packages(path) check parameters
[1.094s] Level 1:colcon.colcon_core.package_discovery:discover_packages(colcon_meta) discover
[1.094s] Level 1:colcon.colcon_core.package_discovery:discover_packages(recursive) discover
[1.094s] INFO:colcon.colcon_core.package_discovery:Crawling recursively for packages in '/voiture2A-ros'
[1.094s] Level 1:colcon.colcon_core.package_identification:_identify(.) by extensions ['ignore', 'ignore_ament_install']
[1.095s] Level 1:colcon.colcon_core.package_identification:_identify(.) by extension 'ignore'
[1.095s] Level 1:colcon.colcon_core.package_identification:_identify(.) by extension 'ignore_ament_install'
[1.096s] Level 1:colcon.colcon_core.package_identification:_identify(.) by extensions ['colcon_pkg']
[1.096s] Level 1:colcon.colcon_core.package_identification:_identify(.) by extension 'colcon_pkg'
[1.096s] Level 1:colcon.colcon_core.package_identification:_identify(.) by extensions ['colcon_meta']
[1.096s] Level 1:colcon.colcon_core.package_identification:_identify(.) by extension 'colcon_meta'
[1.096s] Level 1:colcon.colcon_core.package_identification:_identify(.) by extensions ['ros']
[1.097s] Level 1:colcon.colcon_core.package_identification:_identify(.) by extension 'ros'
[1.138s] Level 1:colcon.colcon_core.package_identification:_identify(.) by extensions ['cmake', 'python']
[1.138s] Level 1:colcon.colcon_core.package_identification:_identify(.) by extension 'cmake'
[1.139s] Level 1:colcon.colcon_core.package_identification:_identify(.) by extension 'python'
[1.139s] Level 1:colcon.colcon_core.package_identification:_identify(.) by extensions ['python_setup_py']
[1.139s] Level 1:colcon.colcon_core.package_identification:_identify(.) by extension 'python_setup_py'
[1.139s] Level 1:colcon.colcon_core.package_identification:_identify(build) by extensions ['ignore', 'ignore_ament_install']
[1.140s] Level 1:colcon.colcon_core.package_identification:_identify(build) by extension 'ignore'
[1.140s] Level 1:colcon.colcon_core.package_identification:_identify(build) ignored
[1.141s] Level 1:colcon.colcon_core.package_identification:_identify(install) by extensions ['ignore', 'ignore_ament_install']
[1.141s] Level 1:colcon.colcon_core.package_identification:_identify(install) by extension 'ignore'
[1.141s] Level 1:colcon.colcon_core.package_identification:_identify(install) ignored
[1.142s] Level 1:colcon.colcon_core.package_identification:_identify(log) by extensions ['ignore', 'ignore_ament_install']
[1.142s] Level 1:colcon.colcon_core.package_identification:_identify(log) by extension 'ignore'
[1.142s] Level 1:colcon.colcon_core.package_identification:_identify(log) ignored
[1.142s] Level 1:colcon.colcon_core.package_identification:_identify(src) by extensions ['ignore', 'ignore_ament_install']
[1.143s] Level 1:colcon.colcon_core.package_identification:_identify(src) by extension 'ignore'
[1.143s] Level 1:colcon.colcon_core.package_identification:_identify(src) by extension 'ignore_ament_install'
[1.143s] Level 1:colcon.colcon_core.package_identification:_identify(src) by extensions ['colcon_pkg']
[1.143s] Level 1:colcon.colcon_core.package_identification:_identify(src) by extension 'colcon_pkg'
[1.144s] Level 1:colcon.colcon_core.package_identification:_identify(src) by extensions ['colcon_meta']
[1.144s] Level 1:colcon.colcon_core.package_identification:_identify(src) by extension 'colcon_meta'
[1.144s] Level 1:colcon.colcon_core.package_identification:_identify(src) by extensions ['ros']
[1.144s] Level 1:colcon.colcon_core.package_identification:_identify(src) by extension 'ros'
[1.144s] Level 1:colcon.colcon_core.package_identification:_identify(src) by extensions ['cmake', 'python']
[1.144s] Level 1:colcon.colcon_core.package_identification:_identify(src) by extension 'cmake'
[1.145s] Level 1:colcon.colcon_core.package_identification:_identify(src) by extension 'python'
[1.145s] Level 1:colcon.colcon_core.package_identification:_identify(src) by extensions ['python_setup_py']
[1.145s] Level 1:colcon.colcon_core.package_identification:_identify(src) by extension 'python_setup_py'
[1.145s] Level 1:colcon.colcon_core.package_identification:_identify(src/gpsd_client) by extensions ['ignore', 'ignore_ament_install']
[1.146s] Level 1:colcon.colcon_core.package_identification:_identify(src/gpsd_client) by extension 'ignore'
[1.146s] Level 1:colcon.colcon_core.package_identification:_identify(src/gpsd_client) by extension 'ignore_ament_install'
[1.146s] Level 1:colcon.colcon_core.package_identification:_identify(src/gpsd_client) by extensions ['colcon_pkg']
[1.146s] Level 1:colcon.colcon_core.package_identification:_identify(src/gpsd_client) by extension 'colcon_pkg'
[1.146s] Level 1:colcon.colcon_core.package_identification:_identify(src/gpsd_client) by extensions ['colcon_meta']
[1.147s] Level 1:colcon.colcon_core.package_identification:_identify(src/gpsd_client) by extension 'colcon_meta'
[1.147s] Level 1:colcon.colcon_core.package_identification:_identify(src/gpsd_client) by extensions ['ros']
[1.147s] Level 1:colcon.colcon_core.package_identification:_identify(src/gpsd_client) by extension 'ros'
[1.162s] DEBUG:colcon.colcon_core.package_identification:Package 'src/gpsd_client' with type 'ros.ament_cmake' and name 'gpsd_client'
[1.162s] Level 1:colcon.colcon_core.package_identification:_identify(src/icm20948_driver) by extensions ['ignore', 'ignore_ament_install']
[1.162s] Level 1:colcon.colcon_core.package_identification:_identify(src/icm20948_driver) by extension 'ignore'
[1.163s] Level 1:colcon.colcon_core.package_identification:_identify(src/icm20948_driver) by extension 'ignore_ament_install'
[1.163s] Level 1:colcon.colcon_core.package_identification:_identify(src/icm20948_driver) by extensions ['colcon_pkg']
[1.163s] Level 1:colcon.colcon_core.package_identification:_identify(src/icm20948_driver) by extension 'colcon_pkg'
[1.163s] Level 1:colcon.colcon_core.package_identification:_identify(src/icm20948_driver) by extensions ['colcon_meta']
[1.163s] Level 1:colcon.colcon_core.package_identification:_identify(src/icm20948_driver) by extension 'colcon_meta'
[1.164s] Level 1:colcon.colcon_core.package_identification:_identify(src/icm20948_driver) by extensions ['ros']
[1.164s] Level 1:colcon.colcon_core.package_identification:_identify(src/icm20948_driver) by extension 'ros'
[1.166s] DEBUG:colcon.colcon_core.package_identification:Package 'src/icm20948_driver' with type 'ros.ament_cmake' and name 'icm20948_driver'
[1.167s] Level 1:colcon.colcon_core.package_identification:_identify(src/notre_package) by extensions ['ignore', 'ignore_ament_install']
[1.167s] Level 1:colcon.colcon_core.package_identification:_identify(src/notre_package) by extension 'ignore'
[1.167s] Level 1:colcon.colcon_core.package_identification:_identify(src/notre_package) by extension 'ignore_ament_install'
[1.168s] Level 1:colcon.colcon_core.package_identification:_identify(src/notre_package) by extensions ['colcon_pkg']
[1.168s] Level 1:colcon.colcon_core.package_identification:_identify(src/notre_package) by extension 'colcon_pkg'
[1.168s] Level 1:colcon.colcon_core.package_identification:_identify(src/notre_package) by extensions ['colcon_meta']
[1.168s] Level 1:colcon.colcon_core.package_identification:_identify(src/notre_package) by extension 'colcon_meta'
[1.168s] Level 1:colcon.colcon_core.package_identification:_identify(src/notre_package) by extensions ['ros']
[1.168s] Level 1:colcon.colcon_core.package_identification:_identify(src/notre_package) by extension 'ros'
[1.173s] DEBUG:colcon.colcon_core.package_identification:Package 'src/notre_package' with type 'ros.ament_python' and name 'notre_package'
[1.173s] Level 1:colcon.colcon_core.package_identification:_identify(src/voiture2a_motors_driver) by extensions ['ignore', 'ignore_ament_install']
[1.173s] Level 1:colcon.colcon_core.package_identification:_identify(src/voiture2a_motors_driver) by extension 'ignore'
[1.174s] Level 1:colcon.colcon_core.package_identification:_identify(src/voiture2a_motors_driver) by extension 'ignore_ament_install'
[1.174s] Level 1:colcon.colcon_core.package_identification:_identify(src/voiture2a_motors_driver) by extensions ['colcon_pkg']
[1.174s] Level 1:colcon.colcon_core.package_identification:_identify(src/voiture2a_motors_driver) by extension 'colcon_pkg'
[1.174s] Level 1:colcon.colcon_core.package_identification:_identify(src/voiture2a_motors_driver) by extensions ['colcon_meta']
[1.174s] Level 1:colcon.colcon_core.package_identification:_identify(src/voiture2a_motors_driver) by extension 'colcon_meta'
[1.175s] Level 1:colcon.colcon_core.package_identification:_identify(src/voiture2a_motors_driver) by extensions ['ros']
[1.175s] Level 1:colcon.colcon_core.package_identification:_identify(src/voiture2a_motors_driver) by extension 'ros'
[1.177s] DEBUG:colcon.colcon_core.package_identification:Package 'src/voiture2a_motors_driver' with type 'ros.ament_cmake' and name 'voiture2a_motors_driver'
[1.177s] Level 1:colcon.colcon_core.package_discovery:discover_packages(recursive) using defaults
[1.177s] Level 1:colcon.colcon_core.package_discovery:discover_packages(ignore) discover
[1.178s] Level 1:colcon.colcon_core.package_discovery:discover_packages(ignore) using defaults
[1.178s] Level 1:colcon.colcon_core.package_discovery:discover_packages(path) discover
[1.178s] Level 1:colcon.colcon_core.package_discovery:discover_packages(path) using defaults
[1.258s] Level 5:colcon.colcon_core.verb:set package 'gpsd_client' build argument 'cmake_args' from command line to 'None'
[1.258s] Level 5:colcon.colcon_core.verb:set package 'gpsd_client' build argument 'cmake_target' from command line to 'None'
[1.259s] Level 5:colcon.colcon_core.verb:set package 'gpsd_client' build argument 'cmake_target_skip_unavailable' from command line to 'False'
[1.259s] Level 5:colcon.colcon_core.verb:set package 'gpsd_client' build argument 'cmake_clean_cache' from command line to 'False'
[1.259s] Level 5:colcon.colcon_core.verb:set package 'gpsd_client' build argument 'cmake_clean_first' from command line to 'False'
[1.259s] Level 5:colcon.colcon_core.verb:set package 'gpsd_client' build argument 'cmake_force_configure' from command line to 'False'
[1.259s] Level 5:colcon.colcon_core.verb:set package 'gpsd_client' build argument 'ament_cmake_args' from command line to 'None'
[1.259s] Level 5:colcon.colcon_core.verb:set package 'gpsd_client' build argument 'catkin_cmake_args' from command line to 'None'
[1.259s] Level 5:colcon.colcon_core.verb:set package 'gpsd_client' build argument 'catkin_skip_building_tests' from command line to 'False'
[1.259s] DEBUG:colcon.colcon_core.verb:Building package 'gpsd_client' with the following arguments: {'ament_cmake_args': None, 'build_base': '/voiture2A-ros/build/gpsd_client', 'catkin_cmake_args': None, 'catkin_skip_building_tests': False, 'cmake_args': None, 'cmake_clean_cache': False, 'cmake_clean_first': False, 'cmake_force_configure': False, 'cmake_target': None, 'cmake_target_skip_unavailable': False, 'install_base': '/voiture2A-ros/install/gpsd_client', 'merge_install': False, 'path': '/voiture2A-ros/src/gpsd_client', 'symlink_install': False, 'test_result_base': None}
[1.261s] Level 5:colcon.colcon_core.verb:set package 'icm20948_driver' build argument 'cmake_args' from command line to 'None'
[1.261s] Level 5:colcon.colcon_core.verb:set package 'icm20948_driver' build argument 'cmake_target' from command line to 'None'
[1.261s] Level 5:colcon.colcon_core.verb:set package 'icm20948_driver' build argument 'cmake_target_skip_unavailable' from command line to 'False'
[1.261s] Level 5:colcon.colcon_core.verb:set package 'icm20948_driver' build argument 'cmake_clean_cache' from command line to 'False'
[1.262s] Level 5:colcon.colcon_core.verb:set package 'icm20948_driver' build argument 'cmake_clean_first' from command line to 'False'
[1.262s] Level 5:colcon.colcon_core.verb:set package 'icm20948_driver' build argument 'cmake_force_configure' from command line to 'False'
[1.262s] Level 5:colcon.colcon_core.verb:set package 'icm20948_driver' build argument 'ament_cmake_args' from command line to 'None'
[1.262s] Level 5:colcon.colcon_core.verb:set package 'icm20948_driver' build argument 'catkin_cmake_args' from command line to 'None'
[1.262s] Level 5:colcon.colcon_core.verb:set package 'icm20948_driver' build argument 'catkin_skip_building_tests' from command line to 'False'
[1.262s] DEBUG:colcon.colcon_core.verb:Building package 'icm20948_driver' with the following arguments: {'ament_cmake_args': None, 'build_base': '/voiture2A-ros/build/icm20948_driver', 'catkin_cmake_args': None, 'catkin_skip_building_tests': False, 'cmake_args': None, 'cmake_clean_cache': False, 'cmake_clean_first': False, 'cmake_force_configure': False, 'cmake_target': None, 'cmake_target_skip_unavailable': False, 'install_base': '/voiture2A-ros/install/icm20948_driver', 'merge_install': False, 'path': '/voiture2A-ros/src/icm20948_driver', 'symlink_install': False, 'test_result_base': None}
[1.264s] Level 5:colcon.colcon_core.verb:set package 'notre_package' build argument 'cmake_args' from command line to 'None'
[1.264s] Level 5:colcon.colcon_core.verb:set package 'notre_package' build argument 'cmake_target' from command line to 'None'
[1.264s] Level 5:colcon.colcon_core.verb:set package 'notre_package' build argument 'cmake_target_skip_unavailable' from command line to 'False'
[1.264s] Level 5:colcon.colcon_core.verb:set package 'notre_package' build argument 'cmake_clean_cache' from command line to 'False'
[1.264s] Level 5:colcon.colcon_core.verb:set package 'notre_package' build argument 'cmake_clean_first' from command line to 'False'
[1.264s] Level 5:colcon.colcon_core.verb:set package 'notre_package' build argument 'cmake_force_configure' from command line to 'False'
[1.264s] Level 5:colcon.colcon_core.verb:set package 'notre_package' build argument 'ament_cmake_args' from command line to 'None'
[1.264s] Level 5:colcon.colcon_core.verb:set package 'notre_package' build argument 'catkin_cmake_args' from command line to 'None'
[1.265s] Level 5:colcon.colcon_core.verb:set package 'notre_package' build argument 'catkin_skip_building_tests' from command line to 'False'
[1.265s] DEBUG:colcon.colcon_core.verb:Building package 'notre_package' with the following arguments: {'ament_cmake_args': None, 'build_base': '/voiture2A-ros/build/notre_package', 'catkin_cmake_args': None, 'catkin_skip_building_tests': False, 'cmake_args': None, 'cmake_clean_cache': False, 'cmake_clean_first': False, 'cmake_force_configure': False, 'cmake_target': None, 'cmake_target_skip_unavailable': False, 'install_base': '/voiture2A-ros/install/notre_package', 'merge_install': False, 'path': '/voiture2A-ros/src/notre_package', 'symlink_install': False, 'test_result_base': None}
[1.266s] Level 5:colcon.colcon_core.verb:set package 'voiture2a_motors_driver' build argument 'cmake_args' from command line to 'None'
[1.266s] Level 5:colcon.colcon_core.verb:set package 'voiture2a_motors_driver' build argument 'cmake_target' from command line to 'None'
[1.266s] Level 5:colcon.colcon_core.verb:set package 'voiture2a_motors_driver' build argument 'cmake_target_skip_unavailable' from command line to 'False'
[1.267s] Level 5:colcon.colcon_core.verb:set package 'voiture2a_motors_driver' build argument 'cmake_clean_cache' from command line to 'False'
[1.267s] Level 5:colcon.colcon_core.verb:set package 'voiture2a_motors_driver' build argument 'cmake_clean_first' from command line to 'False'
[1.267s] Level 5:colcon.colcon_core.verb:set package 'voiture2a_motors_driver' build argument 'cmake_force_configure' from command line to 'False'
[1.267s] Level 5:colcon.colcon_core.verb:set package 'voiture2a_motors_driver' build argument 'ament_cmake_args' from command line to 'None'
[1.267s] Level 5:colcon.colcon_core.verb:set package 'voiture2a_motors_driver' build argument 'catkin_cmake_args' from command line to 'None'
[1.267s] Level 5:colcon.colcon_core.verb:set package 'voiture2a_motors_driver' build argument 'catkin_skip_building_tests' from command line to 'False'
[1.267s] DEBUG:colcon.colcon_core.verb:Building package 'voiture2a_motors_driver' with the following arguments: {'ament_cmake_args': None, 'build_base': '/voiture2A-ros/build/voiture2a_motors_driver', 'catkin_cmake_args': None, 'catkin_skip_building_tests': False, 'cmake_args': None, 'cmake_clean_cache': False, 'cmake_clean_first': False, 'cmake_force_configure': False, 'cmake_target': None, 'cmake_target_skip_unavailable': False, 'install_base': '/voiture2A-ros/install/voiture2a_motors_driver', 'merge_install': False, 'path': '/voiture2A-ros/src/voiture2a_motors_driver', 'symlink_install': False, 'test_result_base': None}
[1.268s] INFO:colcon.colcon_core.executor:Executing jobs using 'parallel' executor
[1.277s] DEBUG:colcon.colcon_parallel_executor.executor.parallel:run_until_complete
[1.280s] INFO:colcon.colcon_ros.task.ament_cmake.build:Building ROS package in '/voiture2A-ros/src/gpsd_client' with build type 'ament_cmake'
[1.280s] INFO:colcon.colcon_cmake.task.cmake.build:Building CMake package in '/voiture2A-ros/src/gpsd_client'
[1.289s] INFO:colcon.colcon_core.plugin_system:Skipping extension 'colcon_core.shell.bat': Not used on non-Windows systems
[1.290s] INFO:colcon.colcon_core.shell:Skip shell extension 'powershell' for command environment: Not usable outside of PowerShell
[1.290s] DEBUG:colcon.colcon_core.shell:Skip shell extension 'dsv' for command environment
[1.311s] INFO:colcon.colcon_ros.task.ament_cmake.build:Building ROS package in '/voiture2A-ros/src/icm20948_driver' with build type 'ament_cmake'
[1.313s] INFO:colcon.colcon_cmake.task.cmake.build:Building CMake package in '/voiture2A-ros/src/icm20948_driver'
[1.314s] INFO:colcon.colcon_core.shell:Skip shell extension 'powershell' for command environment: Not usable outside of PowerShell
[1.314s] DEBUG:colcon.colcon_core.shell:Skip shell extension 'dsv' for command environment
[1.329s] INFO:colcon.colcon_ros.task.ament_python.build:Building ROS package in '/voiture2A-ros/src/notre_package' with build type 'ament_python'
[1.330s] Level 1:colcon.colcon_core.shell:create_environment_hook('notre_package', 'ament_prefix_path')
[1.331s] INFO:colcon.colcon_core.shell:Creating environment hook '/voiture2A-ros/install/notre_package/share/notre_package/hook/ament_prefix_path.ps1'
[1.336s] INFO:colcon.colcon_core.shell:Creating environment descriptor '/voiture2A-ros/install/notre_package/share/notre_package/hook/ament_prefix_path.dsv'
[1.338s] INFO:colcon.colcon_core.shell:Creating environment hook '/voiture2A-ros/install/notre_package/share/notre_package/hook/ament_prefix_path.sh'
[1.342s] INFO:colcon.colcon_core.shell:Skip shell extension 'powershell' for command environment: Not usable outside of PowerShell
[1.343s] DEBUG:colcon.colcon_core.shell:Skip shell extension 'dsv' for command environment
[1.358s] INFO:colcon.colcon_ros.task.ament_cmake.build:Building ROS package in '/voiture2A-ros/src/voiture2a_motors_driver' with build type 'ament_cmake'
[1.358s] INFO:colcon.colcon_cmake.task.cmake.build:Building CMake package in '/voiture2A-ros/src/voiture2a_motors_driver'
[1.360s] INFO:colcon.colcon_core.shell:Skip shell extension 'powershell' for command environment: Not usable outside of PowerShell
[1.360s] DEBUG:colcon.colcon_core.shell:Skip shell extension 'dsv' for command environment
[1.395s] DEBUG:colcon.colcon_core.event_handler.log_command:Invoking command in '/voiture2A-ros/build/gpsd_client': CMAKE_PREFIX_PATH=/opt/ros/rolling /usr/bin/cmake --build /voiture2A-ros/build/gpsd_client -- -j16 -l16
[1.406s] DEBUG:colcon.colcon_core.event_handler.log_command:Invoking command in '/voiture2A-ros/build/icm20948_driver': CMAKE_PREFIX_PATH=/opt/ros/rolling /usr/bin/cmake --build /voiture2A-ros/build/icm20948_driver -- -j16 -l16
[2.855s] INFO:colcon.colcon_core.task.python.build:Building Python package in '/voiture2A-ros/src/notre_package'
[2.857s] INFO:colcon.colcon_core.shell:Skip shell extension 'powershell' for command environment: Not usable outside of PowerShell
[2.858s] DEBUG:colcon.colcon_core.shell:Skip shell extension 'dsv' for command environment
[2.919s] DEBUG:colcon.colcon_core.event_handler.log_command:Invoking command in '/voiture2A-ros/build/voiture2a_motors_driver': CMAKE_PREFIX_PATH=/opt/ros/rolling /usr/bin/cmake --build /voiture2A-ros/build/voiture2a_motors_driver -- -j16 -l16
[4.306s] DEBUG:colcon.colcon_core.event_handler.log_command:Invoked command in '/voiture2A-ros/build/gpsd_client' returned '0': CMAKE_PREFIX_PATH=/opt/ros/rolling /usr/bin/cmake --build /voiture2A-ros/build/gpsd_client -- -j16 -l16
[4.425s] DEBUG:colcon.colcon_core.event_handler.log_command:Invoking command in '/voiture2A-ros/build/gpsd_client': CMAKE_PREFIX_PATH=/opt/ros/rolling /usr/bin/cmake --install /voiture2A-ros/build/gpsd_client
[4.441s] DEBUG:colcon.colcon_core.event_handler.log_command:Invoked command in '/voiture2A-ros/build/icm20948_driver' returned '0': CMAKE_PREFIX_PATH=/opt/ros/rolling /usr/bin/cmake --build /voiture2A-ros/build/icm20948_driver -- -j16 -l16
[4.446s] DEBUG:colcon.colcon_core.event_handler.log_command:Invoking command in '/voiture2A-ros/build/icm20948_driver': CMAKE_PREFIX_PATH=/opt/ros/rolling /usr/bin/cmake --install /voiture2A-ros/build/icm20948_driver
[4.846s] DEBUG:colcon.colcon_core.event_handler.log_command:Invoking command in '/voiture2A-ros/src/notre_package': PYTHONPATH=/voiture2A-ros/build/notre_package/prefix_override:/usr/lib/python3/dist-packages/colcon_core/task/python/colcon_distutils_commands:/voiture2A-ros/install/notre_package/lib/python3.10/site-packages:${PYTHONPATH} /usr/bin/python3 -W ignore:setup.py install is deprecated -W ignore:easy_install command is deprecated setup.py egg_info --egg-base ../../build/notre_package build --build-base /voiture2A-ros/build/notre_package/build install --record /voiture2A-ros/build/notre_package/install.log --single-version-externally-managed install_data
[4.945s] Level 1:colcon.colcon_core.environment:create_environment_scripts_only(gpsd_client)
[4.975s] Level 1:colcon.colcon_core.environment:checking '/voiture2A-ros/install/gpsd_client' for CMake module files
[4.982s] DEBUG:colcon.colcon_core.event_handler.log_command:Invoked command in '/voiture2A-ros/build/gpsd_client' returned '0': CMAKE_PREFIX_PATH=/opt/ros/rolling /usr/bin/cmake --install /voiture2A-ros/build/gpsd_client
[4.984s] Level 1:colcon.colcon_core.environment:checking '/voiture2A-ros/install/gpsd_client' for CMake config files
[4.985s] Level 1:colcon.colcon_core.shell:create_environment_hook('gpsd_client', 'cmake_prefix_path')
[4.987s] INFO:colcon.colcon_core.shell:Creating environment hook '/voiture2A-ros/install/gpsd_client/share/gpsd_client/hook/cmake_prefix_path.ps1'
[4.989s] INFO:colcon.colcon_core.shell:Creating environment descriptor '/voiture2A-ros/install/gpsd_client/share/gpsd_client/hook/cmake_prefix_path.dsv'
[4.991s] INFO:colcon.colcon_core.shell:Creating environment hook '/voiture2A-ros/install/gpsd_client/share/gpsd_client/hook/cmake_prefix_path.sh'
[4.995s] Level 1:colcon.colcon_core.environment:checking '/voiture2A-ros/install/gpsd_client/lib'
[4.996s] Level 1:colcon.colcon_core.shell:create_environment_hook('gpsd_client', 'ld_library_path_lib')
[4.998s] INFO:colcon.colcon_core.shell:Creating environment hook '/voiture2A-ros/install/gpsd_client/share/gpsd_client/hook/ld_library_path_lib.ps1'
[5.000s] INFO:colcon.colcon_core.shell:Creating environment descriptor '/voiture2A-ros/install/gpsd_client/share/gpsd_client/hook/ld_library_path_lib.dsv'
[5.001s] INFO:colcon.colcon_core.shell:Creating environment hook '/voiture2A-ros/install/gpsd_client/share/gpsd_client/hook/ld_library_path_lib.sh'
[5.004s] Level 1:colcon.colcon_core.environment:checking '/voiture2A-ros/install/gpsd_client/bin'
[5.005s] Level 1:colcon.colcon_core.environment:checking '/voiture2A-ros/install/gpsd_client/lib/pkgconfig/gpsd_client.pc'
[5.006s] Level 1:colcon.colcon_core.environment:checking '/voiture2A-ros/install/gpsd_client/lib/python3.10/site-packages'
[5.006s] Level 1:colcon.colcon_core.shell:create_environment_hook('gpsd_client', 'pythonpath')
[5.007s] INFO:colcon.colcon_core.shell:Creating environment hook '/voiture2A-ros/install/gpsd_client/share/gpsd_client/hook/pythonpath.ps1'
[5.010s] INFO:colcon.colcon_core.shell:Creating environment descriptor '/voiture2A-ros/install/gpsd_client/share/gpsd_client/hook/pythonpath.dsv'
[5.012s] INFO:colcon.colcon_core.shell:Creating environment hook '/voiture2A-ros/install/gpsd_client/share/gpsd_client/hook/pythonpath.sh'
[5.015s] Level 1:colcon.colcon_core.environment:checking '/voiture2A-ros/install/gpsd_client/bin'
[5.017s] INFO:colcon.colcon_core.shell:Creating package script '/voiture2A-ros/install/gpsd_client/share/gpsd_client/package.ps1'
[5.022s] INFO:colcon.colcon_core.shell:Creating package descriptor '/voiture2A-ros/install/gpsd_client/share/gpsd_client/package.dsv'
[5.026s] INFO:colcon.colcon_core.shell:Creating package script '/voiture2A-ros/install/gpsd_client/share/gpsd_client/package.sh'
[5.030s] INFO:colcon.colcon_core.shell:Creating package script '/voiture2A-ros/install/gpsd_client/share/gpsd_client/package.bash'
[5.035s] INFO:colcon.colcon_core.shell:Creating package script '/voiture2A-ros/install/gpsd_client/share/gpsd_client/package.zsh'
[5.038s] Level 1:colcon.colcon_core.environment:create_file_with_runtime_dependencies(/voiture2A-ros/install/gpsd_client/share/colcon-core/packages/gpsd_client)
[5.041s] Level 1:colcon.colcon_core.environment:create_environment_scripts_only(gpsd_client)
[5.042s] Level 1:colcon.colcon_core.environment:checking '/voiture2A-ros/install/gpsd_client' for CMake module files
[5.045s] Level 1:colcon.colcon_core.environment:checking '/voiture2A-ros/install/gpsd_client' for CMake config files
[5.047s] Level 1:colcon.colcon_core.shell:create_environment_hook('gpsd_client', 'cmake_prefix_path')
[5.048s] INFO:colcon.colcon_core.shell:Creating environment hook '/voiture2A-ros/install/gpsd_client/share/gpsd_client/hook/cmake_prefix_path.ps1'
[5.050s] INFO:colcon.colcon_core.shell:Creating environment descriptor '/voiture2A-ros/install/gpsd_client/share/gpsd_client/hook/cmake_prefix_path.dsv'
[5.052s] INFO:colcon.colcon_core.shell:Creating environment hook '/voiture2A-ros/install/gpsd_client/share/gpsd_client/hook/cmake_prefix_path.sh'
[5.055s] Level 1:colcon.colcon_core.environment:checking '/voiture2A-ros/install/gpsd_client/lib'
[5.055s] Level 1:colcon.colcon_core.shell:create_environment_hook('gpsd_client', 'ld_library_path_lib')
[5.057s] INFO:colcon.colcon_core.shell:Creating environment hook '/voiture2A-ros/install/gpsd_client/share/gpsd_client/hook/ld_library_path_lib.ps1'
[5.059s] INFO:colcon.colcon_core.shell:Creating environment descriptor '/voiture2A-ros/install/gpsd_client/share/gpsd_client/hook/ld_library_path_lib.dsv'
[5.061s] INFO:colcon.colcon_core.shell:Creating environment hook '/voiture2A-ros/install/gpsd_client/share/gpsd_client/hook/ld_library_path_lib.sh'
[5.063s] Level 1:colcon.colcon_core.environment:checking '/voiture2A-ros/install/gpsd_client/bin'
[5.064s] Level 1:colcon.colcon_core.environment:checking '/voiture2A-ros/install/gpsd_client/lib/pkgconfig/gpsd_client.pc'
[5.065s] Level 1:colcon.colcon_core.environment:checking '/voiture2A-ros/install/gpsd_client/lib/python3.10/site-packages'
[5.065s] Level 1:colcon.colcon_core.shell:create_environment_hook('gpsd_client', 'pythonpath')
[5.066s] INFO:colcon.colcon_core.shell:Creating environment hook '/voiture2A-ros/install/gpsd_client/share/gpsd_client/hook/pythonpath.ps1'
[5.068s] INFO:colcon.colcon_core.shell:Creating environment descriptor '/voiture2A-ros/install/gpsd_client/share/gpsd_client/hook/pythonpath.dsv'
[5.070s] INFO:colcon.colcon_core.shell:Creating environment hook '/voiture2A-ros/install/gpsd_client/share/gpsd_client/hook/pythonpath.sh'
[5.073s] Level 1:colcon.colcon_core.environment:checking '/voiture2A-ros/install/gpsd_client/bin'
[5.075s] INFO:colcon.colcon_core.shell:Creating package script '/voiture2A-ros/install/gpsd_client/share/gpsd_client/package.ps1'
[5.078s] INFO:colcon.colcon_core.shell:Creating package descriptor '/voiture2A-ros/install/gpsd_client/share/gpsd_client/package.dsv'
[5.082s] INFO:colcon.colcon_core.shell:Creating package script '/voiture2A-ros/install/gpsd_client/share/gpsd_client/package.sh'
[5.084s] INFO:colcon.colcon_core.shell:Creating package script '/voiture2A-ros/install/gpsd_client/share/gpsd_client/package.bash'
[5.087s] INFO:colcon.colcon_core.shell:Creating package script '/voiture2A-ros/install/gpsd_client/share/gpsd_client/package.zsh'
[5.089s] Level 1:colcon.colcon_core.environment:create_file_with_runtime_dependencies(/voiture2A-ros/install/gpsd_client/share/colcon-core/packages/gpsd_client)
[5.096s] Level 1:colcon.colcon_core.environment:create_environment_scripts_only(icm20948_driver)
[5.097s] Level 1:colcon.colcon_core.environment:checking '/voiture2A-ros/install/icm20948_driver' for CMake module files
[5.112s] DEBUG:colcon.colcon_core.event_handler.log_command:Invoked command in '/voiture2A-ros/build/icm20948_driver' returned '0': CMAKE_PREFIX_PATH=/opt/ros/rolling /usr/bin/cmake --install /voiture2A-ros/build/icm20948_driver
[5.113s] Level 1:colcon.colcon_core.environment:checking '/voiture2A-ros/install/icm20948_driver' for CMake config files
[5.115s] Level 1:colcon.colcon_core.shell:create_environment_hook('icm20948_driver', 'cmake_prefix_path')
[5.117s] INFO:colcon.colcon_core.shell:Creating environment hook '/voiture2A-ros/install/icm20948_driver/share/icm20948_driver/hook/cmake_prefix_path.ps1'
[5.119s] INFO:colcon.colcon_core.shell:Creating environment descriptor '/voiture2A-ros/install/icm20948_driver/share/icm20948_driver/hook/cmake_prefix_path.dsv'
[5.122s] INFO:colcon.colcon_core.shell:Creating environment hook '/voiture2A-ros/install/icm20948_driver/share/icm20948_driver/hook/cmake_prefix_path.sh'
[5.125s] Level 1:colcon.colcon_core.environment:checking '/voiture2A-ros/install/icm20948_driver/lib'
[5.126s] Level 1:colcon.colcon_core.shell:create_environment_hook('icm20948_driver', 'ld_library_path_lib')
[5.127s] INFO:colcon.colcon_core.shell:Creating environment hook '/voiture2A-ros/install/icm20948_driver/share/icm20948_driver/hook/ld_library_path_lib.ps1'
[5.129s] INFO:colcon.colcon_core.shell:Creating environment descriptor '/voiture2A-ros/install/icm20948_driver/share/icm20948_driver/hook/ld_library_path_lib.dsv'
[5.131s] INFO:colcon.colcon_core.shell:Creating environment hook '/voiture2A-ros/install/icm20948_driver/share/icm20948_driver/hook/ld_library_path_lib.sh'
[5.134s] Level 1:colcon.colcon_core.environment:checking '/voiture2A-ros/install/icm20948_driver/bin'
[5.134s] Level 1:colcon.colcon_core.environment:checking '/voiture2A-ros/install/icm20948_driver/lib/pkgconfig/icm20948_driver.pc'
[5.135s] Level 1:colcon.colcon_core.environment:checking '/voiture2A-ros/install/icm20948_driver/lib/python3.10/site-packages'
[5.136s] Level 1:colcon.colcon_core.shell:create_environment_hook('icm20948_driver', 'pythonpath')
[5.137s] INFO:colcon.colcon_core.shell:Creating environment hook '/voiture2A-ros/install/icm20948_driver/share/icm20948_driver/hook/pythonpath.ps1'
[5.139s] INFO:colcon.colcon_core.shell:Creating environment descriptor '/voiture2A-ros/install/icm20948_driver/share/icm20948_driver/hook/pythonpath.dsv'
[5.141s] INFO:colcon.colcon_core.shell:Creating environment hook '/voiture2A-ros/install/icm20948_driver/share/icm20948_driver/hook/pythonpath.sh'
[5.144s] Level 1:colcon.colcon_core.environment:checking '/voiture2A-ros/install/icm20948_driver/bin'
[5.146s] INFO:colcon.colcon_core.shell:Creating package script '/voiture2A-ros/install/icm20948_driver/share/icm20948_driver/package.ps1'
[5.150s] INFO:colcon.colcon_core.shell:Creating package descriptor '/voiture2A-ros/install/icm20948_driver/share/icm20948_driver/package.dsv'
[5.153s] INFO:colcon.colcon_core.shell:Creating package script '/voiture2A-ros/install/icm20948_driver/share/icm20948_driver/package.sh'
[5.155s] INFO:colcon.colcon_core.shell:Creating package script '/voiture2A-ros/install/icm20948_driver/share/icm20948_driver/package.bash'
[5.157s] INFO:colcon.colcon_core.shell:Creating package script '/voiture2A-ros/install/icm20948_driver/share/icm20948_driver/package.zsh'
[5.159s] Level 1:colcon.colcon_core.environment:create_file_with_runtime_dependencies(/voiture2A-ros/install/icm20948_driver/share/colcon-core/packages/icm20948_driver)
[5.162s] Level 1:colcon.colcon_core.environment:create_environment_scripts_only(icm20948_driver)
[5.163s] Level 1:colcon.colcon_core.environment:checking '/voiture2A-ros/install/icm20948_driver' for CMake module files
[5.166s] Level 1:colcon.colcon_core.environment:checking '/voiture2A-ros/install/icm20948_driver' for CMake config files
[5.168s] Level 1:colcon.colcon_core.shell:create_environment_hook('icm20948_driver', 'cmake_prefix_path')
[5.169s] INFO:colcon.colcon_core.shell:Creating environment hook '/voiture2A-ros/install/icm20948_driver/share/icm20948_driver/hook/cmake_prefix_path.ps1'
[5.172s] INFO:colcon.colcon_core.shell:Creating environment descriptor '/voiture2A-ros/install/icm20948_driver/share/icm20948_driver/hook/cmake_prefix_path.dsv'
[5.176s] INFO:colcon.colcon_core.shell:Creating environment hook '/voiture2A-ros/install/icm20948_driver/share/icm20948_driver/hook/cmake_prefix_path.sh'
[5.179s] Level 1:colcon.colcon_core.environment:checking '/voiture2A-ros/install/icm20948_driver/lib'
[5.180s] Level 1:colcon.colcon_core.shell:create_environment_hook('icm20948_driver', 'ld_library_path_lib')
[5.181s] INFO:colcon.colcon_core.shell:Creating environment hook '/voiture2A-ros/install/icm20948_driver/share/icm20948_driver/hook/ld_library_path_lib.ps1'
[5.183s] INFO:colcon.colcon_core.shell:Creating environment descriptor '/voiture2A-ros/install/icm20948_driver/share/icm20948_driver/hook/ld_library_path_lib.dsv'
[5.185s] INFO:colcon.colcon_core.shell:Creating environment hook '/voiture2A-ros/install/icm20948_driver/share/icm20948_driver/hook/ld_library_path_lib.sh'
[5.187s] Level 1:colcon.colcon_core.environment:checking '/voiture2A-ros/install/icm20948_driver/bin'
[5.187s] Level 1:colcon.colcon_core.environment:checking '/voiture2A-ros/install/icm20948_driver/lib/pkgconfig/icm20948_driver.pc'
[5.188s] Level 1:colcon.colcon_core.environment:checking '/voiture2A-ros/install/icm20948_driver/lib/python3.10/site-packages'
[5.188s] Level 1:colcon.colcon_core.shell:create_environment_hook('icm20948_driver', 'pythonpath')
[5.190s] INFO:colcon.colcon_core.shell:Creating environment hook '/voiture2A-ros/install/icm20948_driver/share/icm20948_driver/hook/pythonpath.ps1'
[5.192s] INFO:colcon.colcon_core.shell:Creating environment descriptor '/voiture2A-ros/install/icm20948_driver/share/icm20948_driver/hook/pythonpath.dsv'
[5.194s] INFO:colcon.colcon_core.shell:Creating environment hook '/voiture2A-ros/install/icm20948_driver/share/icm20948_driver/hook/pythonpath.sh'
[5.196s] Level 1:colcon.colcon_core.environment:checking '/voiture2A-ros/install/icm20948_driver/bin'
[5.198s] INFO:colcon.colcon_core.shell:Creating package script '/voiture2A-ros/install/icm20948_driver/share/icm20948_driver/package.ps1'
[5.202s] INFO:colcon.colcon_core.shell:Creating package descriptor '/voiture2A-ros/install/icm20948_driver/share/icm20948_driver/package.dsv'
[5.205s] INFO:colcon.colcon_core.shell:Creating package script '/voiture2A-ros/install/icm20948_driver/share/icm20948_driver/package.sh'
[5.208s] INFO:colcon.colcon_core.shell:Creating package script '/voiture2A-ros/install/icm20948_driver/share/icm20948_driver/package.bash'
[5.211s] INFO:colcon.colcon_core.shell:Creating package script '/voiture2A-ros/install/icm20948_driver/share/icm20948_driver/package.zsh'
[5.213s] Level 1:colcon.colcon_core.environment:create_file_with_runtime_dependencies(/voiture2A-ros/install/icm20948_driver/share/colcon-core/packages/icm20948_driver)
[5.669s] DEBUG:colcon.colcon_core.event_handler.log_command:Invoked command in '/voiture2A-ros/build/voiture2a_motors_driver' returned '0': CMAKE_PREFIX_PATH=/opt/ros/rolling /usr/bin/cmake --build /voiture2A-ros/build/voiture2a_motors_driver -- -j16 -l16
[5.675s] DEBUG:colcon.colcon_core.event_handler.log_command:Invoking command in '/voiture2A-ros/build/voiture2a_motors_driver': CMAKE_PREFIX_PATH=/opt/ros/rolling /usr/bin/cmake --install /voiture2A-ros/build/voiture2a_motors_driver
[6.134s] Level 1:colcon.colcon_core.environment:create_environment_scripts_only(voiture2a_motors_driver)
[6.136s] Level 1:colcon.colcon_core.environment:checking '/voiture2A-ros/install/voiture2a_motors_driver' for CMake module files
[6.138s] DEBUG:colcon.colcon_core.event_handler.log_command:Invoked command in '/voiture2A-ros/build/voiture2a_motors_driver' returned '0': CMAKE_PREFIX_PATH=/opt/ros/rolling /usr/bin/cmake --install /voiture2A-ros/build/voiture2a_motors_driver
[6.140s] Level 1:colcon.colcon_core.environment:checking '/voiture2A-ros/install/voiture2a_motors_driver' for CMake config files
[6.142s] Level 1:colcon.colcon_core.shell:create_environment_hook('voiture2a_motors_driver', 'cmake_prefix_path')
[6.143s] INFO:colcon.colcon_core.shell:Creating environment hook '/voiture2A-ros/install/voiture2a_motors_driver/share/voiture2a_motors_driver/hook/cmake_prefix_path.ps1'
[6.145s] INFO:colcon.colcon_core.shell:Creating environment descriptor '/voiture2A-ros/install/voiture2a_motors_driver/share/voiture2a_motors_driver/hook/cmake_prefix_path.dsv'
[6.147s] INFO:colcon.colcon_core.shell:Creating environment hook '/voiture2A-ros/install/voiture2a_motors_driver/share/voiture2a_motors_driver/hook/cmake_prefix_path.sh'
[6.150s] Level 1:colcon.colcon_core.environment:checking '/voiture2A-ros/install/voiture2a_motors_driver/lib'
[6.150s] Level 1:colcon.colcon_core.shell:create_environment_hook('voiture2a_motors_driver', 'ld_library_path_lib')
[6.151s] INFO:colcon.colcon_core.shell:Creating environment hook '/voiture2A-ros/install/voiture2a_motors_driver/share/voiture2a_motors_driver/hook/ld_library_path_lib.ps1'
[6.153s] INFO:colcon.colcon_core.shell:Creating environment descriptor '/voiture2A-ros/install/voiture2a_motors_driver/share/voiture2a_motors_driver/hook/ld_library_path_lib.dsv'
[6.154s] INFO:colcon.colcon_core.shell:Creating environment hook '/voiture2A-ros/install/voiture2a_motors_driver/share/voiture2a_motors_driver/hook/ld_library_path_lib.sh'
[6.156s] Level 1:colcon.colcon_core.environment:checking '/voiture2A-ros/install/voiture2a_motors_driver/bin'
[6.156s] Level 1:colcon.colcon_core.environment:checking '/voiture2A-ros/install/voiture2a_motors_driver/lib/pkgconfig/voiture2a_motors_driver.pc'
[6.157s] Level 1:colcon.colcon_core.environment:checking '/voiture2A-ros/install/voiture2a_motors_driver/lib/python3.10/site-packages'
[6.157s] Level 1:colcon.colcon_core.shell:create_environment_hook('voiture2a_motors_driver', 'pythonpath')
[6.158s] INFO:colcon.colcon_core.shell:Creating environment hook '/voiture2A-ros/install/voiture2a_motors_driver/share/voiture2a_motors_driver/hook/pythonpath.ps1'
[6.160s] INFO:colcon.colcon_core.shell:Creating environment descriptor '/voiture2A-ros/install/voiture2a_motors_driver/share/voiture2a_motors_driver/hook/pythonpath.dsv'
[6.161s] INFO:colcon.colcon_core.shell:Creating environment hook '/voiture2A-ros/install/voiture2a_motors_driver/share/voiture2a_motors_driver/hook/pythonpath.sh'
[6.164s] Level 1:colcon.colcon_core.environment:checking '/voiture2A-ros/install/voiture2a_motors_driver/bin'
[6.166s] INFO:colcon.colcon_core.shell:Creating package script '/voiture2A-ros/install/voiture2a_motors_driver/share/voiture2a_motors_driver/package.ps1'
[6.169s] INFO:colcon.colcon_core.shell:Creating package descriptor '/voiture2A-ros/install/voiture2a_motors_driver/share/voiture2a_motors_driver/package.dsv'
[6.171s] INFO:colcon.colcon_core.shell:Creating package script '/voiture2A-ros/install/voiture2a_motors_driver/share/voiture2a_motors_driver/package.sh'
[6.173s] INFO:colcon.colcon_core.shell:Creating package script '/voiture2A-ros/install/voiture2a_motors_driver/share/voiture2a_motors_driver/package.bash'
[6.175s] INFO:colcon.colcon_core.shell:Creating package script '/voiture2A-ros/install/voiture2a_motors_driver/share/voiture2a_motors_driver/package.zsh'
[6.176s] Level 1:colcon.colcon_core.environment:create_file_with_runtime_dependencies(/voiture2A-ros/install/voiture2a_motors_driver/share/colcon-core/packages/voiture2a_motors_driver)
[6.179s] Level 1:colcon.colcon_core.environment:create_environment_scripts_only(voiture2a_motors_driver)
[6.180s] Level 1:colcon.colcon_core.environment:checking '/voiture2A-ros/install/voiture2a_motors_driver' for CMake module files
[6.182s] Level 1:colcon.colcon_core.environment:checking '/voiture2A-ros/install/voiture2a_motors_driver' for CMake config files
[6.184s] Level 1:colcon.colcon_core.shell:create_environment_hook('voiture2a_motors_driver', 'cmake_prefix_path')
[6.185s] INFO:colcon.colcon_core.shell:Creating environment hook '/voiture2A-ros/install/voiture2a_motors_driver/share/voiture2a_motors_driver/hook/cmake_prefix_path.ps1'
[6.187s] INFO:colcon.colcon_core.shell:Creating environment descriptor '/voiture2A-ros/install/voiture2a_motors_driver/share/voiture2a_motors_driver/hook/cmake_prefix_path.dsv'
[6.188s] INFO:colcon.colcon_core.shell:Creating environment hook '/voiture2A-ros/install/voiture2a_motors_driver/share/voiture2a_motors_driver/hook/cmake_prefix_path.sh'
[6.191s] Level 1:colcon.colcon_core.environment:checking '/voiture2A-ros/install/voiture2a_motors_driver/lib'
[6.191s] Level 1:colcon.colcon_core.shell:create_environment_hook('voiture2a_motors_driver', 'ld_library_path_lib')
[6.192s] INFO:colcon.colcon_core.shell:Creating environment hook '/voiture2A-ros/install/voiture2a_motors_driver/share/voiture2a_motors_driver/hook/ld_library_path_lib.ps1'
[6.195s] INFO:colcon.colcon_core.shell:Creating environment descriptor '/voiture2A-ros/install/voiture2a_motors_driver/share/voiture2a_motors_driver/hook/ld_library_path_lib.dsv'
[6.196s] INFO:colcon.colcon_core.shell:Creating environment hook '/voiture2A-ros/install/voiture2a_motors_driver/share/voiture2a_motors_driver/hook/ld_library_path_lib.sh'
[6.198s] Level 1:colcon.colcon_core.environment:checking '/voiture2A-ros/install/voiture2a_motors_driver/bin'
[6.198s] Level 1:colcon.colcon_core.environment:checking '/voiture2A-ros/install/voiture2a_motors_driver/lib/pkgconfig/voiture2a_motors_driver.pc'
[6.199s] Level 1:colcon.colcon_core.environment:checking '/voiture2A-ros/install/voiture2a_motors_driver/lib/python3.10/site-packages'
[6.199s] Level 1:colcon.colcon_core.shell:create_environment_hook('voiture2a_motors_driver', 'pythonpath')
[6.200s] INFO:colcon.colcon_core.shell:Creating environment hook '/voiture2A-ros/install/voiture2a_motors_driver/share/voiture2a_motors_driver/hook/pythonpath.ps1'
[6.202s] INFO:colcon.colcon_core.shell:Creating environment descriptor '/voiture2A-ros/install/voiture2a_motors_driver/share/voiture2a_motors_driver/hook/pythonpath.dsv'
[6.203s] INFO:colcon.colcon_core.shell:Creating environment hook '/voiture2A-ros/install/voiture2a_motors_driver/share/voiture2a_motors_driver/hook/pythonpath.sh'
[6.205s] Level 1:colcon.colcon_core.environment:checking '/voiture2A-ros/install/voiture2a_motors_driver/bin'
[6.207s] INFO:colcon.colcon_core.shell:Creating package script '/voiture2A-ros/install/voiture2a_motors_driver/share/voiture2a_motors_driver/package.ps1'
[6.210s] INFO:colcon.colcon_core.shell:Creating package descriptor '/voiture2A-ros/install/voiture2a_motors_driver/share/voiture2a_motors_driver/package.dsv'
[6.212s] INFO:colcon.colcon_core.shell:Creating package script '/voiture2A-ros/install/voiture2a_motors_driver/share/voiture2a_motors_driver/package.sh'
[6.214s] INFO:colcon.colcon_core.shell:Creating package script '/voiture2A-ros/install/voiture2a_motors_driver/share/voiture2a_motors_driver/package.bash'
[6.217s] INFO:colcon.colcon_core.shell:Creating package script '/voiture2A-ros/install/voiture2a_motors_driver/share/voiture2a_motors_driver/package.zsh'
[6.218s] Level 1:colcon.colcon_core.environment:create_file_with_runtime_dependencies(/voiture2A-ros/install/voiture2a_motors_driver/share/colcon-core/packages/voiture2a_motors_driver)
[6.244s] Level 1:colcon.colcon_core.environment:checking '/voiture2A-ros/install/notre_package' for CMake module files
[6.247s] DEBUG:colcon.colcon_core.event_handler.log_command:Invoked command in '/voiture2A-ros/src/notre_package' returned '0': PYTHONPATH=/voiture2A-ros/build/notre_package/prefix_override:/usr/lib/python3/dist-packages/colcon_core/task/python/colcon_distutils_commands:/voiture2A-ros/install/notre_package/lib/python3.10/site-packages:${PYTHONPATH} /usr/bin/python3 -W ignore:setup.py install is deprecated -W ignore:easy_install command is deprecated setup.py egg_info --egg-base ../../build/notre_package build --build-base /voiture2A-ros/build/notre_package/build install --record /voiture2A-ros/build/notre_package/install.log --single-version-externally-managed install_data
[6.248s] Level 1:colcon.colcon_core.environment:checking '/voiture2A-ros/install/notre_package' for CMake config files
[6.251s] Level 1:colcon.colcon_core.environment:checking '/voiture2A-ros/install/notre_package/lib'
[6.251s] Level 1:colcon.colcon_core.environment:checking '/voiture2A-ros/install/notre_package/bin'
[6.252s] Level 1:colcon.colcon_core.environment:checking '/voiture2A-ros/install/notre_package/lib/pkgconfig/notre_package.pc'
[6.252s] Level 1:colcon.colcon_core.environment:checking '/voiture2A-ros/install/notre_package/lib/python3.10/site-packages'
[6.253s] Level 1:colcon.colcon_core.shell:create_environment_hook('notre_package', 'pythonpath')
[6.254s] INFO:colcon.colcon_core.shell:Creating environment hook '/voiture2A-ros/install/notre_package/share/notre_package/hook/pythonpath.ps1'
[6.256s] INFO:colcon.colcon_core.shell:Creating environment descriptor '/voiture2A-ros/install/notre_package/share/notre_package/hook/pythonpath.dsv'
[6.257s] INFO:colcon.colcon_core.shell:Creating environment hook '/voiture2A-ros/install/notre_package/share/notre_package/hook/pythonpath.sh'
[6.259s] Level 1:colcon.colcon_core.environment:checking '/voiture2A-ros/install/notre_package/bin'
[6.259s] Level 1:colcon.colcon_core.environment:create_environment_scripts_only(notre_package)
[6.261s] INFO:colcon.colcon_core.shell:Creating package script '/voiture2A-ros/install/notre_package/share/notre_package/package.ps1'
[6.263s] INFO:colcon.colcon_core.shell:Creating package descriptor '/voiture2A-ros/install/notre_package/share/notre_package/package.dsv'
[6.265s] INFO:colcon.colcon_core.shell:Creating package script '/voiture2A-ros/install/notre_package/share/notre_package/package.sh'
[6.266s] INFO:colcon.colcon_core.shell:Creating package script '/voiture2A-ros/install/notre_package/share/notre_package/package.bash'
[6.268s] INFO:colcon.colcon_core.shell:Creating package script '/voiture2A-ros/install/notre_package/share/notre_package/package.zsh'
[6.269s] Level 1:colcon.colcon_core.environment:create_file_with_runtime_dependencies(/voiture2A-ros/install/notre_package/share/colcon-core/packages/notre_package)
[6.270s] DEBUG:colcon.colcon_parallel_executor.executor.parallel:closing loop
[6.271s] DEBUG:colcon.colcon_parallel_executor.executor.parallel:loop closed
[6.271s] DEBUG:colcon.colcon_parallel_executor.executor.parallel:run_until_complete finished with '0'
[6.271s] DEBUG:colcon.colcon_core.event_reactor:joining thread
[6.315s] INFO:colcon.colcon_core.plugin_system:Skipping extension 'colcon_notification.desktop_notification.notify_send': Could not find 'notify-send'
[6.316s] INFO:colcon.colcon_core.plugin_system:Skipping extension 'colcon_notification.desktop_notification.terminal_notifier': Not used on non-Darwin systems
[6.316s] INFO:colcon.colcon_core.plugin_system:Skipping extension 'colcon_notification.desktop_notification.win32': Not used on non-Windows systems
[6.316s] INFO:colcon.colcon_notification.desktop_notification:Sending desktop notification using 'notify2'
[6.318s] DEBUG:colcon.colcon_notification.desktop_notification.notify2:Failed to initialize notify2: org.freedesktop.DBus.Error.NotSupported: Unable to autolaunch a dbus-daemon without a $DISPLAY for X11
[6.318s] DEBUG:colcon.colcon_core.event_reactor:joined thread
[6.320s] INFO:colcon.colcon_core.shell:Creating prefix script '/voiture2A-ros/install/local_setup.ps1'
[6.325s] INFO:colcon.colcon_core.shell:Creating prefix util module '/voiture2A-ros/install/_local_setup_util_ps1.py'
[6.332s] INFO:colcon.colcon_core.shell:Creating prefix chain script '/voiture2A-ros/install/setup.ps1'
[6.336s] INFO:colcon.colcon_core.shell:Creating prefix script '/voiture2A-ros/install/local_setup.sh'
[6.338s] INFO:colcon.colcon_core.shell:Creating prefix util module '/voiture2A-ros/install/_local_setup_util_sh.py'
[6.340s] INFO:colcon.colcon_core.shell:Creating prefix chain script '/voiture2A-ros/install/setup.sh'
[6.344s] INFO:colcon.colcon_core.shell:Creating prefix script '/voiture2A-ros/install/local_setup.bash'
[6.346s] INFO:colcon.colcon_core.shell:Creating prefix chain script '/voiture2A-ros/install/setup.bash'
[6.349s] INFO:colcon.colcon_core.shell:Creating prefix script '/voiture2A-ros/install/local_setup.zsh'
[6.351s] INFO:colcon.colcon_core.shell:Creating prefix chain script '/voiture2A-ros/install/setup.zsh'
