-- The C compiler identification is GNU 11.4.0
-- The CXX compiler identification is GNU 11.4.0
-- Detecting C compiler ABI info
-- Detecting C compiler ABI info - done
-- Check for working C compiler: /usr/bin/cc - skipped
-- Detecting C compile features
-- Detecting C compile features - done
-- Detecting CXX compiler ABI info
-- Detecting CXX compiler ABI info - done
-- Check for working CXX compiler: /usr/bin/c++ - skipped
-- Detecting CXX compile features
-- Detecting CXX compile features - done
-- Found ament_cmake: 2.3.2 (/opt/ros/rolling/share/ament_cmake/cmake)
-- Found Python3: /usr/bin/python3.10 (found version "3.10.12") found components: Interpreter 
-- Found rosidl_default_generators: 1.6.0 (/opt/ros/rolling/share/rosidl_default_generators/cmake)
-- Using all available rosidl_typesupport_c: rosidl_typesupport_fastrtps_c;rosidl_typesupport_introspection_c
-- Using all available rosidl_typesupport_cpp: rosidl_typesupport_fastrtps_cpp;rosidl_typesupport_introspection_cpp
-- Found rosidl_adapter: 4.5.1 (/opt/ros/rolling/share/rosidl_adapter/cmake)
-- Found rclcpp: 27.0.0 (/opt/ros/rolling/share/rclcpp/cmake)
-- Found rmw_implementation_cmake: 7.3.0 (/opt/ros/rolling/share/rmw_implementation_cmake/cmake)
-- Found rmw_fastrtps_cpp: 8.2.0 (/opt/ros/rolling/share/rmw_fastrtps_cpp/cmake)
-- Found OpenSSL: /usr/lib/aarch64-linux-gnu/libcrypto.so (found version "3.0.2")  
-- Found FastRTPS: /opt/ros/rolling/include  
-- Using RMW implementation 'rmw_fastrtps_cpp' as default
-- Found std_msgs: 5.3.0 (/opt/ros/rolling/share/std_msgs/cmake)
-- Found ament_cmake_ros: 0.12.0 (/opt/ros/rolling/share/ament_cmake_ros/cmake)
-- Using all available rosidl_typesupport_c: rosidl_typesupport_fastrtps_c;rosidl_typesupport_introspection_c
-- Using all available rosidl_typesupport_cpp: rosidl_typesupport_fastrtps_cpp;rosidl_typesupport_introspection_cpp
-- Found PythonInterp: /usr/bin/python3 (found suitable version "3.10.12", minimum required is "3.6") 
-- Found python_cmake_module: 0.11.0 (/opt/ros/rolling/share/python_cmake_module/cmake)
-- Found PythonLibs: /usr/lib/aarch64-linux-gnu/libpython3.10.so (found suitable version "3.10.12", minimum required is "3.5") 
-- Using PYTHON_EXECUTABLE: /usr/bin/python3
-- Using PYTHON_INCLUDE_DIRS: /usr/include/python3.10
-- Using PYTHON_LIBRARIES: /usr/lib/aarch64-linux-gnu/libpython3.10.so
-- Found PythonExtra: .so  
-- Configuring done
-- Generating done
-- Build files have been written to: /voiture2A-ros/build/gpsd_client
[  2%] Generating type hashes for ROS interfaces
[  2%] Built target ament_cmake_python_copy_gpsd_client
running egg_info
creating gpsd_client.egg-info
writing gpsd_client.egg-info/PKG-INFO
writing dependency_links to gpsd_client.egg-info/dependency_links.txt
writing top-level names to gpsd_client.egg-info/top_level.txt
writing manifest file 'gpsd_client.egg-info/SOURCES.txt'
reading manifest file 'gpsd_client.egg-info/SOURCES.txt'
writing manifest file 'gpsd_client.egg-info/SOURCES.txt'
[  2%] Built target ament_cmake_python_build_gpsd_client_egg
[  2%] Built target gpsd_client__rosidl_generator_type_description
[  5%] Generating C code for ROS interfaces
[  8%] Generating C++ code for ROS interfaces
[  8%] Built target gpsd_client__cpp
[ 11%] Building C object CMakeFiles/gpsd_client__rosidl_generator_c.dir/rosidl_generator_c/gpsd_client/msg/detail/gps_fix__description.c.o
[ 13%] Building C object CMakeFiles/gpsd_client__rosidl_generator_c.dir/rosidl_generator_c/gpsd_client/msg/detail/gps_fix__functions.c.o
[ 16%] Building C object CMakeFiles/gpsd_client__rosidl_generator_c.dir/rosidl_generator_c/gpsd_client/msg/detail/gps_fix__type_support.c.o
[ 19%] Linking C shared library libgpsd_client__rosidl_generator_c.so
[ 19%] Built target gpsd_client__rosidl_generator_c
[ 22%] Generating C introspection for ROS interfaces
[ 25%] Generating C type support dispatch for ROS interfaces
[ 30%] Generating C++ type support dispatch for ROS interfaces
[ 30%] Generating C++ type support for eProsima Fast-RTPS
[ 33%] Generating C type support for eProsima Fast-RTPS
[ 36%] Generating C++ introspection for ROS interfaces
[ 38%] Building CXX object CMakeFiles/gpsd_client__rosidl_typesupport_cpp.dir/rosidl_typesupport_cpp/gpsd_client/msg/gps_fix__type_support.cpp.o
[ 41%] Building CXX object CMakeFiles/gpsd_client__rosidl_typesupport_introspection_cpp.dir/rosidl_typesupport_introspection_cpp/gpsd_client/msg/detail/gps_fix__type_support.cpp.o
[ 44%] Building CXX object CMakeFiles/gpsd_client__rosidl_typesupport_fastrtps_c.dir/rosidl_typesupport_fastrtps_c/gpsd_client/msg/detail/gps_fix__type_support_c.cpp.o
[ 47%] Building C object CMakeFiles/gpsd_client__rosidl_typesupport_introspection_c.dir/rosidl_typesupport_introspection_c/gpsd_client/msg/detail/gps_fix__type_support.c.o
[ 50%] Building CXX object CMakeFiles/gpsd_client__rosidl_typesupport_c.dir/rosidl_typesupport_c/gpsd_client/msg/gps_fix__type_support.cpp.o
[ 52%] Building CXX object CMakeFiles/gpsd_client__rosidl_typesupport_fastrtps_cpp.dir/rosidl_typesupport_fastrtps_cpp/gpsd_client/msg/detail/dds_fastrtps/gps_fix__type_support.cpp.o
[ 55%] Linking C shared library libgpsd_client__rosidl_typesupport_introspection_c.so
[ 58%] Linking CXX shared library libgpsd_client__rosidl_typesupport_c.so
[ 58%] Built target gpsd_client__rosidl_typesupport_introspection_c
[ 58%] Built target gpsd_client__rosidl_typesupport_c
[ 61%] Linking CXX shared library libgpsd_client__rosidl_typesupport_cpp.so
[ 61%] Built target gpsd_client__rosidl_typesupport_cpp
[ 63%] Linking CXX shared library libgpsd_client__rosidl_typesupport_introspection_cpp.so
[ 66%] Linking CXX shared library libgpsd_client__rosidl_typesupport_fastrtps_c.so
[ 69%] Building CXX object CMakeFiles/gpsd_node.dir/src/gpsd_node.cpp.o
[ 69%] Built target gpsd_client__rosidl_typesupport_introspection_cpp
[ 69%] Built target gpsd_client__rosidl_typesupport_fastrtps_c
[ 72%] Linking CXX shared library libgpsd_client__rosidl_typesupport_fastrtps_cpp.so
[ 72%] Built target gpsd_client__rosidl_typesupport_fastrtps_cpp
[ 72%] Built target gpsd_client
[ 75%] Generating Python code for ROS interfaces
[ 75%] Built target gpsd_client__py
[ 77%] Building C object CMakeFiles/gpsd_client__rosidl_generator_py.dir/rosidl_generator_py/gpsd_client/msg/_gps_fix_s.c.o
[ 80%] Linking C shared library libgpsd_client__rosidl_generator_py.so
[ 80%] Built target gpsd_client__rosidl_generator_py
[ 88%] Building C object CMakeFiles/gpsd_client__rosidl_typesupport_fastrtps_c__pyext.dir/rosidl_generator_py/gpsd_client/_gpsd_client_s.ep.rosidl_typesupport_fastrtps_c.c.o
[ 88%] Building C object CMakeFiles/gpsd_client__rosidl_typesupport_introspection_c__pyext.dir/rosidl_generator_py/gpsd_client/_gpsd_client_s.ep.rosidl_typesupport_introspection_c.c.o
[ 88%] Building C object CMakeFiles/gpsd_client__rosidl_typesupport_c__pyext.dir/rosidl_generator_py/gpsd_client/_gpsd_client_s.ep.rosidl_typesupport_c.c.o
[ 91%] Linking C shared library gpsd_client_s__rosidl_typesupport_fastrtps_c.cpython-310-aarch64-linux-gnu.so
[ 94%] Linking C shared library gpsd_client_s__rosidl_typesupport_introspection_c.cpython-310-aarch64-linux-gnu.so
[ 97%] Linking C shared library gpsd_client_s__rosidl_typesupport_c.cpython-310-aarch64-linux-gnu.so
[ 97%] Built target gpsd_client__rosidl_typesupport_fastrtps_c__pyext
[ 97%] Built target gpsd_client__rosidl_typesupport_introspection_c__pyext
[ 97%] Built target gpsd_client__rosidl_typesupport_c__pyext
[100%] Linking CXX executable gpsd_node
[100%] Built target gpsd_node
-- Install configuration: ""
-- Installing: /voiture2A-ros/install/gpsd_client/share/ament_index/resource_index/rosidl_interfaces/gpsd_client
-- Installing: /voiture2A-ros/install/gpsd_client/share/gpsd_client/msg/GpsFix.json
-- Installing: /voiture2A-ros/install/gpsd_client/include/gpsd_client/gpsd_client
-- Installing: /voiture2A-ros/install/gpsd_client/include/gpsd_client/gpsd_client/msg
-- Installing: /voiture2A-ros/install/gpsd_client/include/gpsd_client/gpsd_client/msg/gps_fix.h
-- Installing: /voiture2A-ros/install/gpsd_client/include/gpsd_client/gpsd_client/msg/rosidl_generator_c__visibility_control.h
-- Installing: /voiture2A-ros/install/gpsd_client/include/gpsd_client/gpsd_client/msg/detail
-- Installing: /voiture2A-ros/install/gpsd_client/include/gpsd_client/gpsd_client/msg/detail/gps_fix__functions.h
-- Installing: /voiture2A-ros/install/gpsd_client/include/gpsd_client/gpsd_client/msg/detail/gps_fix__description.c
-- Installing: /voiture2A-ros/install/gpsd_client/include/gpsd_client/gpsd_client/msg/detail/gps_fix__functions.c
-- Installing: /voiture2A-ros/install/gpsd_client/include/gpsd_client/gpsd_client/msg/detail/gps_fix__struct.h
-- Installing: /voiture2A-ros/install/gpsd_client/include/gpsd_client/gpsd_client/msg/detail/gps_fix__type_support.h
-- Installing: /voiture2A-ros/install/gpsd_client/include/gpsd_client/gpsd_client/msg/detail/gps_fix__type_support.c
-- Installing: /voiture2A-ros/install/gpsd_client/share/gpsd_client/environment/library_path.sh
-- Installing: /voiture2A-ros/install/gpsd_client/share/gpsd_client/environment/library_path.dsv
-- Installing: /voiture2A-ros/install/gpsd_client/lib/libgpsd_client__rosidl_generator_c.so
-- Set runtime path of "/voiture2A-ros/install/gpsd_client/lib/libgpsd_client__rosidl_generator_c.so" to ""
-- Up-to-date: /voiture2A-ros/install/gpsd_client/include/gpsd_client/gpsd_client
-- Up-to-date: /voiture2A-ros/install/gpsd_client/include/gpsd_client/gpsd_client/msg
-- Installing: /voiture2A-ros/install/gpsd_client/include/gpsd_client/gpsd_client/msg/rosidl_typesupport_fastrtps_c__visibility_control.h
-- Up-to-date: /voiture2A-ros/install/gpsd_client/include/gpsd_client/gpsd_client/msg/detail
-- Installing: /voiture2A-ros/install/gpsd_client/include/gpsd_client/gpsd_client/msg/detail/gps_fix__rosidl_typesupport_fastrtps_c.h
-- Installing: /voiture2A-ros/install/gpsd_client/lib/libgpsd_client__rosidl_typesupport_fastrtps_c.so
-- Set runtime path of "/voiture2A-ros/install/gpsd_client/lib/libgpsd_client__rosidl_typesupport_fastrtps_c.so" to ""
-- Up-to-date: /voiture2A-ros/install/gpsd_client/include/gpsd_client/gpsd_client
-- Up-to-date: /voiture2A-ros/install/gpsd_client/include/gpsd_client/gpsd_client/msg
-- Installing: /voiture2A-ros/install/gpsd_client/include/gpsd_client/gpsd_client/msg/rosidl_typesupport_introspection_c__visibility_control.h
-- Up-to-date: /voiture2A-ros/install/gpsd_client/include/gpsd_client/gpsd_client/msg/detail
-- Installing: /voiture2A-ros/install/gpsd_client/include/gpsd_client/gpsd_client/msg/detail/gps_fix__rosidl_typesupport_introspection_c.h
-- Installing: /voiture2A-ros/install/gpsd_client/include/gpsd_client/gpsd_client/msg/detail/gps_fix__type_support.c
-- Installing: /voiture2A-ros/install/gpsd_client/lib/libgpsd_client__rosidl_typesupport_introspection_c.so
-- Set runtime path of "/voiture2A-ros/install/gpsd_client/lib/libgpsd_client__rosidl_typesupport_introspection_c.so" to ""
-- Installing: /voiture2A-ros/install/gpsd_client/lib/libgpsd_client__rosidl_typesupport_c.so
-- Set runtime path of "/voiture2A-ros/install/gpsd_client/lib/libgpsd_client__rosidl_typesupport_c.so" to ""
-- Up-to-date: /voiture2A-ros/install/gpsd_client/include/gpsd_client/gpsd_client
-- Up-to-date: /voiture2A-ros/install/gpsd_client/include/gpsd_client/gpsd_client/msg
-- Installing: /voiture2A-ros/install/gpsd_client/include/gpsd_client/gpsd_client/msg/gps_fix.hpp
-- Up-to-date: /voiture2A-ros/install/gpsd_client/include/gpsd_client/gpsd_client/msg/detail
-- Installing: /voiture2A-ros/install/gpsd_client/include/gpsd_client/gpsd_client/msg/detail/gps_fix__traits.hpp
-- Installing: /voiture2A-ros/install/gpsd_client/include/gpsd_client/gpsd_client/msg/detail/gps_fix__builder.hpp
-- Installing: /voiture2A-ros/install/gpsd_client/include/gpsd_client/gpsd_client/msg/detail/gps_fix__struct.hpp
-- Installing: /voiture2A-ros/install/gpsd_client/include/gpsd_client/gpsd_client/msg/detail/gps_fix__type_support.hpp
-- Installing: /voiture2A-ros/install/gpsd_client/include/gpsd_client/gpsd_client/msg/rosidl_generator_cpp__visibility_control.hpp
-- Up-to-date: /voiture2A-ros/install/gpsd_client/include/gpsd_client/gpsd_client
-- Up-to-date: /voiture2A-ros/install/gpsd_client/include/gpsd_client/gpsd_client/msg
-- Installing: /voiture2A-ros/install/gpsd_client/include/gpsd_client/gpsd_client/msg/rosidl_typesupport_fastrtps_cpp__visibility_control.h
-- Up-to-date: /voiture2A-ros/install/gpsd_client/include/gpsd_client/gpsd_client/msg/detail
-- Installing: /voiture2A-ros/install/gpsd_client/include/gpsd_client/gpsd_client/msg/detail/dds_fastrtps
-- Installing: /voiture2A-ros/install/gpsd_client/include/gpsd_client/gpsd_client/msg/detail/gps_fix__rosidl_typesupport_fastrtps_cpp.hpp
-- Installing: /voiture2A-ros/install/gpsd_client/lib/libgpsd_client__rosidl_typesupport_fastrtps_cpp.so
-- Set runtime path of "/voiture2A-ros/install/gpsd_client/lib/libgpsd_client__rosidl_typesupport_fastrtps_cpp.so" to ""
-- Up-to-date: /voiture2A-ros/install/gpsd_client/include/gpsd_client/gpsd_client
-- Up-to-date: /voiture2A-ros/install/gpsd_client/include/gpsd_client/gpsd_client/msg
-- Up-to-date: /voiture2A-ros/install/gpsd_client/include/gpsd_client/gpsd_client/msg/detail
-- Installing: /voiture2A-ros/install/gpsd_client/include/gpsd_client/gpsd_client/msg/detail/gps_fix__type_support.cpp
-- Installing: /voiture2A-ros/install/gpsd_client/include/gpsd_client/gpsd_client/msg/detail/gps_fix__rosidl_typesupport_introspection_cpp.hpp
-- Installing: /voiture2A-ros/install/gpsd_client/lib/libgpsd_client__rosidl_typesupport_introspection_cpp.so
-- Set runtime path of "/voiture2A-ros/install/gpsd_client/lib/libgpsd_client__rosidl_typesupport_introspection_cpp.so" to ""
-- Installing: /voiture2A-ros/install/gpsd_client/lib/libgpsd_client__rosidl_typesupport_cpp.so
-- Set runtime path of "/voiture2A-ros/install/gpsd_client/lib/libgpsd_client__rosidl_typesupport_cpp.so" to ""
-- Installing: /voiture2A-ros/install/gpsd_client/share/gpsd_client/environment/pythonpath.sh
-- Installing: /voiture2A-ros/install/gpsd_client/share/gpsd_client/environment/pythonpath.dsv
-- Installing: /voiture2A-ros/install/gpsd_client/lib/python3.10/site-packages/gpsd_client-1.0.0-py3.10.egg-info
-- Installing: /voiture2A-ros/install/gpsd_client/lib/python3.10/site-packages/gpsd_client-1.0.0-py3.10.egg-info/dependency_links.txt
-- Installing: /voiture2A-ros/install/gpsd_client/lib/python3.10/site-packages/gpsd_client-1.0.0-py3.10.egg-info/PKG-INFO
-- Installing: /voiture2A-ros/install/gpsd_client/lib/python3.10/site-packages/gpsd_client-1.0.0-py3.10.egg-info/top_level.txt
-- Installing: /voiture2A-ros/install/gpsd_client/lib/python3.10/site-packages/gpsd_client-1.0.0-py3.10.egg-info/SOURCES.txt
-- Installing: /voiture2A-ros/install/gpsd_client/lib/python3.10/site-packages/gpsd_client
-- Installing: /voiture2A-ros/install/gpsd_client/lib/python3.10/site-packages/gpsd_client/_gpsd_client_s.ep.rosidl_typesupport_c.c
-- Installing: /voiture2A-ros/install/gpsd_client/lib/python3.10/site-packages/gpsd_client/msg
-- Installing: /voiture2A-ros/install/gpsd_client/lib/python3.10/site-packages/gpsd_client/msg/_gps_fix.py
-- Installing: /voiture2A-ros/install/gpsd_client/lib/python3.10/site-packages/gpsd_client/msg/_gps_fix_s.c
-- Installing: /voiture2A-ros/install/gpsd_client/lib/python3.10/site-packages/gpsd_client/msg/__init__.py
-- Installing: /voiture2A-ros/install/gpsd_client/lib/python3.10/site-packages/gpsd_client/_gpsd_client_s.ep.rosidl_typesupport_fastrtps_c.c
-- Installing: /voiture2A-ros/install/gpsd_client/lib/python3.10/site-packages/gpsd_client/_gpsd_client_s.ep.rosidl_typesupport_introspection_c.c
-- Installing: /voiture2A-ros/install/gpsd_client/lib/python3.10/site-packages/gpsd_client/__init__.py
Listing '/voiture2A-ros/install/gpsd_client/lib/python3.10/site-packages/gpsd_client'...
Compiling '/voiture2A-ros/install/gpsd_client/lib/python3.10/site-packages/gpsd_client/__init__.py'...
Listing '/voiture2A-ros/install/gpsd_client/lib/python3.10/site-packages/gpsd_client/msg'...
Compiling '/voiture2A-ros/install/gpsd_client/lib/python3.10/site-packages/gpsd_client/msg/__init__.py'...
Compiling '/voiture2A-ros/install/gpsd_client/lib/python3.10/site-packages/gpsd_client/msg/_gps_fix.py'...
-- Installing: /voiture2A-ros/install/gpsd_client/lib/python3.10/site-packages/gpsd_client/gpsd_client_s__rosidl_typesupport_fastrtps_c.cpython-310-aarch64-linux-gnu.so
-- Set runtime path of "/voiture2A-ros/install/gpsd_client/lib/python3.10/site-packages/gpsd_client/gpsd_client_s__rosidl_typesupport_fastrtps_c.cpython-310-aarch64-linux-gnu.so" to ""
-- Installing: /voiture2A-ros/install/gpsd_client/lib/python3.10/site-packages/gpsd_client/gpsd_client_s__rosidl_typesupport_introspection_c.cpython-310-aarch64-linux-gnu.so
-- Set runtime path of "/voiture2A-ros/install/gpsd_client/lib/python3.10/site-packages/gpsd_client/gpsd_client_s__rosidl_typesupport_introspection_c.cpython-310-aarch64-linux-gnu.so" to ""
-- Installing: /voiture2A-ros/install/gpsd_client/lib/python3.10/site-packages/gpsd_client/gpsd_client_s__rosidl_typesupport_c.cpython-310-aarch64-linux-gnu.so
-- Set runtime path of "/voiture2A-ros/install/gpsd_client/lib/python3.10/site-packages/gpsd_client/gpsd_client_s__rosidl_typesupport_c.cpython-310-aarch64-linux-gnu.so" to ""
-- Installing: /voiture2A-ros/install/gpsd_client/lib/libgpsd_client__rosidl_generator_py.so
-- Set runtime path of "/voiture2A-ros/install/gpsd_client/lib/libgpsd_client__rosidl_generator_py.so" to ""
-- Installing: /voiture2A-ros/install/gpsd_client/share/gpsd_client/msg/GpsFix.idl
-- Installing: /voiture2A-ros/install/gpsd_client/share/gpsd_client/msg/GpsFix.msg
-- Installing: /voiture2A-ros/install/gpsd_client/lib/gpsd_client/gpsd_node
-- Set runtime path of "/voiture2A-ros/install/gpsd_client/lib/gpsd_client/gpsd_node" to ""
-- Installing: /voiture2A-ros/install/gpsd_client/share/ament_index/resource_index/package_run_dependencies/gpsd_client
-- Installing: /voiture2A-ros/install/gpsd_client/share/ament_index/resource_index/parent_prefix_path/gpsd_client
-- Installing: /voiture2A-ros/install/gpsd_client/share/gpsd_client/environment/ament_prefix_path.sh
-- Installing: /voiture2A-ros/install/gpsd_client/share/gpsd_client/environment/ament_prefix_path.dsv
-- Installing: /voiture2A-ros/install/gpsd_client/share/gpsd_client/environment/path.sh
-- Installing: /voiture2A-ros/install/gpsd_client/share/gpsd_client/environment/path.dsv
-- Installing: /voiture2A-ros/install/gpsd_client/share/gpsd_client/local_setup.bash
-- Installing: /voiture2A-ros/install/gpsd_client/share/gpsd_client/local_setup.sh
-- Installing: /voiture2A-ros/install/gpsd_client/share/gpsd_client/local_setup.zsh
-- Installing: /voiture2A-ros/install/gpsd_client/share/gpsd_client/local_setup.dsv
-- Installing: /voiture2A-ros/install/gpsd_client/share/gpsd_client/package.dsv
-- Installing: /voiture2A-ros/install/gpsd_client/share/ament_index/resource_index/packages/gpsd_client
-- Installing: /voiture2A-ros/install/gpsd_client/share/gpsd_client/cmake/export_gpsd_client__rosidl_generator_cExport.cmake
-- Installing: /voiture2A-ros/install/gpsd_client/share/gpsd_client/cmake/export_gpsd_client__rosidl_generator_cExport-noconfig.cmake
-- Installing: /voiture2A-ros/install/gpsd_client/share/gpsd_client/cmake/export_gpsd_client__rosidl_typesupport_fastrtps_cExport.cmake
-- Installing: /voiture2A-ros/install/gpsd_client/share/gpsd_client/cmake/export_gpsd_client__rosidl_typesupport_fastrtps_cExport-noconfig.cmake
-- Installing: /voiture2A-ros/install/gpsd_client/share/gpsd_client/cmake/gpsd_client__rosidl_typesupport_introspection_cExport.cmake
-- Installing: /voiture2A-ros/install/gpsd_client/share/gpsd_client/cmake/gpsd_client__rosidl_typesupport_introspection_cExport-noconfig.cmake
-- Installing: /voiture2A-ros/install/gpsd_client/share/gpsd_client/cmake/gpsd_client__rosidl_typesupport_cExport.cmake
-- Installing: /voiture2A-ros/install/gpsd_client/share/gpsd_client/cmake/gpsd_client__rosidl_typesupport_cExport-noconfig.cmake
-- Installing: /voiture2A-ros/install/gpsd_client/share/gpsd_client/cmake/export_gpsd_client__rosidl_generator_cppExport.cmake
-- Installing: /voiture2A-ros/install/gpsd_client/share/gpsd_client/cmake/export_gpsd_client__rosidl_typesupport_fastrtps_cppExport.cmake
-- Installing: /voiture2A-ros/install/gpsd_client/share/gpsd_client/cmake/export_gpsd_client__rosidl_typesupport_fastrtps_cppExport-noconfig.cmake
-- Installing: /voiture2A-ros/install/gpsd_client/share/gpsd_client/cmake/gpsd_client__rosidl_typesupport_introspection_cppExport.cmake
-- Installing: /voiture2A-ros/install/gpsd_client/share/gpsd_client/cmake/gpsd_client__rosidl_typesupport_introspection_cppExport-noconfig.cmake
-- Installing: /voiture2A-ros/install/gpsd_client/share/gpsd_client/cmake/gpsd_client__rosidl_typesupport_cppExport.cmake
-- Installing: /voiture2A-ros/install/gpsd_client/share/gpsd_client/cmake/gpsd_client__rosidl_typesupport_cppExport-noconfig.cmake
-- Installing: /voiture2A-ros/install/gpsd_client/share/gpsd_client/cmake/export_gpsd_client__rosidl_generator_pyExport.cmake
-- Installing: /voiture2A-ros/install/gpsd_client/share/gpsd_client/cmake/export_gpsd_client__rosidl_generator_pyExport-noconfig.cmake
-- Installing: /voiture2A-ros/install/gpsd_client/share/gpsd_client/cmake/rosidl_cmake-extras.cmake
-- Installing: /voiture2A-ros/install/gpsd_client/share/gpsd_client/cmake/ament_cmake_export_dependencies-extras.cmake
-- Installing: /voiture2A-ros/install/gpsd_client/share/gpsd_client/cmake/ament_cmake_export_include_directories-extras.cmake
-- Installing: /voiture2A-ros/install/gpsd_client/share/gpsd_client/cmake/ament_cmake_export_libraries-extras.cmake
-- Installing: /voiture2A-ros/install/gpsd_client/share/gpsd_client/cmake/ament_cmake_export_targets-extras.cmake
-- Installing: /voiture2A-ros/install/gpsd_client/share/gpsd_client/cmake/rosidl_cmake_export_typesupport_targets-extras.cmake
-- Installing: /voiture2A-ros/install/gpsd_client/share/gpsd_client/cmake/rosidl_cmake_export_typesupport_libraries-extras.cmake
-- Installing: /voiture2A-ros/install/gpsd_client/share/gpsd_client/cmake/gpsd_clientConfig.cmake
-- Installing: /voiture2A-ros/install/gpsd_client/share/gpsd_client/cmake/gpsd_clientConfig-version.cmake
-- Installing: /voiture2A-ros/install/gpsd_client/share/gpsd_client/package.xml
