[0.000000] (-) TimerEvent: {}
[0.000491] (gpsd_client) JobQueued: {'identifier': 'gpsd_client', 'dependencies': OrderedDict()}
[0.000773] (icm20948_driver) JobQueued: {'identifier': 'icm20948_driver', 'dependencies': OrderedDict()}
[0.000861] (notre_package) JobQueued: {'identifier': 'notre_package', 'dependencies': OrderedDict()}
[0.000936] (voiture2a_motors_driver) JobQueued: {'identifier': 'voiture2a_motors_driver', 'dependencies': OrderedDict()}
[0.006560] (gpsd_client) JobStarted: {'identifier': 'gpsd_client'}
[0.037749] (icm20948_driver) JobStarted: {'identifier': 'icm20948_driver'}
[0.054931] (notre_package) JobStarted: {'identifier': 'notre_package'}
[0.088173] (voiture2a_motors_driver) JobStarted: {'identifier': 'voiture2a_motors_driver'}
[0.099611] (-) TimerEvent: {}
[0.111743] (gpsd_client) JobProgress: {'identifier': 'gpsd_client', 'progress': 'cmake'}
[0.114899] (gpsd_client) JobProgress: {'identifier': 'gpsd_client', 'progress': 'build'}
[0.121434] (gpsd_client) Command: {'cmd': ['/usr/bin/cmake', '--build', '/voiture2A-ros/build/gpsd_client', '--', '-j16', '-l16'], 'cwd': '/voiture2A-ros/build/gpsd_client', 'env': OrderedDict([('COLCON', '1'), ('PYTHONPATH', '/opt/ros/rolling/lib/python3.10/site-packages'), ('LC_ALL', 'C.UTF-8'), ('PWD', '/voiture2A-ros/build/gpsd_client'), ('ROS_AUTOMATIC_DISCOVERY_RANGE', 'SUBNET'), ('AMENT_PREFIX_PATH', '/opt/ros/rolling'), ('LANG', 'C.UTF-8'), ('PATH', '/opt/ros/rolling/bin:/usr/local/sbin:/usr/local/bin:/usr/sbin:/usr/bin:/sbin:/bin'), ('ROS_VERSION', '2'), ('_', '/usr/bin/colcon'), ('ROS_DISTRO', 'rolling'), ('ROS_PYTHON_VERSION', '3'), ('OLDPWD', '/'), ('HOME', '/root'), ('LD_LIBRARY_PATH', '/opt/ros/rolling/lib/aarch64-linux-gnu:/opt/ros/rolling/lib'), ('SHLVL', '1'), ('HOSTNAME', '4e4c885b919e'), ('CMAKE_PREFIX_PATH', '/opt/ros/rolling')]), 'shell': False}
[0.127520] (icm20948_driver) JobProgress: {'identifier': 'icm20948_driver', 'progress': 'cmake'}
[0.129912] (icm20948_driver) JobProgress: {'identifier': 'icm20948_driver', 'progress': 'build'}
[0.131343] (icm20948_driver) Command: {'cmd': ['/usr/bin/cmake', '--build', '/voiture2A-ros/build/icm20948_driver', '--', '-j16', '-l16'], 'cwd': '/voiture2A-ros/build/icm20948_driver', 'env': OrderedDict([('COLCON', '1'), ('PYTHONPATH', '/opt/ros/rolling/lib/python3.10/site-packages'), ('LC_ALL', 'C.UTF-8'), ('PWD', '/voiture2A-ros/build/icm20948_driver'), ('ROS_AUTOMATIC_DISCOVERY_RANGE', 'SUBNET'), ('AMENT_PREFIX_PATH', '/opt/ros/rolling'), ('LANG', 'C.UTF-8'), ('PATH', '/opt/ros/rolling/bin:/usr/local/sbin:/usr/local/bin:/usr/sbin:/usr/bin:/sbin:/bin'), ('ROS_VERSION', '2'), ('_', '/usr/bin/colcon'), ('ROS_DISTRO', 'rolling'), ('ROS_PYTHON_VERSION', '3'), ('OLDPWD', '/'), ('HOME', '/root'), ('LD_LIBRARY_PATH', '/opt/ros/rolling/lib/aarch64-linux-gnu:/opt/ros/rolling/lib'), ('SHLVL', '1'), ('HOSTNAME', '4e4c885b919e'), ('CMAKE_PREFIX_PATH', '/opt/ros/rolling')]), 'shell': False}
[0.199919] (-) TimerEvent: {}
[0.300654] (-) TimerEvent: {}
[0.401536] (-) TimerEvent: {}
[0.502418] (-) TimerEvent: {}
[0.603294] (-) TimerEvent: {}
[0.704108] (-) TimerEvent: {}
[0.805150] (-) TimerEvent: {}
[0.906102] (-) TimerEvent: {}
[1.007264] (-) TimerEvent: {}
[1.111700] (-) TimerEvent: {}
[1.212635] (-) TimerEvent: {}
[1.313311] (-) TimerEvent: {}
[1.414143] (-) TimerEvent: {}
[1.515266] (-) TimerEvent: {}
[1.616211] (-) TimerEvent: {}
[1.646531] (voiture2a_motors_driver) JobProgress: {'identifier': 'voiture2a_motors_driver', 'progress': 'cmake'}
[1.651896] (voiture2a_motors_driver) JobProgress: {'identifier': 'voiture2a_motors_driver', 'progress': 'build'}
[1.654888] (voiture2a_motors_driver) Command: {'cmd': ['/usr/bin/cmake', '--build', '/voiture2A-ros/build/voiture2a_motors_driver', '--', '-j16', '-l16'], 'cwd': '/voiture2A-ros/build/voiture2a_motors_driver', 'env': OrderedDict([('COLCON', '1'), ('PYTHONPATH', '/opt/ros/rolling/lib/python3.10/site-packages'), ('LC_ALL', 'C.UTF-8'), ('PWD', '/voiture2A-ros/build/voiture2a_motors_driver'), ('ROS_AUTOMATIC_DISCOVERY_RANGE', 'SUBNET'), ('AMENT_PREFIX_PATH', '/opt/ros/rolling'), ('LANG', 'C.UTF-8'), ('PATH', '/opt/ros/rolling/bin:/usr/local/sbin:/usr/local/bin:/usr/sbin:/usr/bin:/sbin:/bin'), ('ROS_VERSION', '2'), ('_', '/usr/bin/colcon'), ('ROS_DISTRO', 'rolling'), ('ROS_PYTHON_VERSION', '3'), ('OLDPWD', '/'), ('HOME', '/root'), ('LD_LIBRARY_PATH', '/opt/ros/rolling/lib/aarch64-linux-gnu:/opt/ros/rolling/lib'), ('SHLVL', '1'), ('HOSTNAME', '4e4c885b919e'), ('CMAKE_PREFIX_PATH', '/opt/ros/rolling')]), 'shell': False}
[1.670163] (gpsd_client) StdoutLine: {'line': b'[  2%] Built target gpsd_client__rosidl_generator_type_description\n'}
[1.673971] (gpsd_client) StdoutLine: {'line': b'[  2%] Built target ament_cmake_python_copy_gpsd_client\n'}
[1.674702] (gpsd_client) StdoutLine: {'line': b'[  5%] Built target gpsd_client__cpp\n'}
[1.675321] (gpsd_client) StdoutLine: {'line': b'[ 19%] Built target gpsd_client__rosidl_generator_c\n'}
[1.675973] (gpsd_client) StdoutLine: {'line': b'[ 27%] Built target gpsd_client__rosidl_typesupport_c\n'}
[1.676638] (gpsd_client) StdoutLine: {'line': b'[ 36%] Built target gpsd_client__rosidl_typesupport_introspection_c\n'}
[1.677257] (gpsd_client) StdoutLine: {'line': b'[ 52%] Built target gpsd_client__rosidl_typesupport_fastrtps_cpp\n'}
[1.677885] (gpsd_client) StdoutLine: {'line': b'[ 52%] Built target gpsd_client__rosidl_typesupport_fastrtps_c\n'}
[1.678487] (gpsd_client) StdoutLine: {'line': b'[ 61%] Built target gpsd_client__rosidl_typesupport_cpp\n'}
[1.679103] (gpsd_client) StdoutLine: {'line': b'[ 69%] Built target gpsd_client__rosidl_typesupport_introspection_cpp\n'}
[1.679699] (icm20948_driver) StdoutLine: {'line': b'[  8%] Built target icm20948_driver__rosidl_generator_type_description\n'}
[1.680338] (icm20948_driver) StdoutLine: {'line': b'[  8%] Built target Fusion\n'}
[1.680998] (icm20948_driver) StdoutLine: {'line': b'[  8%] Built target ament_cmake_python_copy_icm20948_driver\n'}
[1.681609] (icm20948_driver) StdoutLine: {'line': b'[  9%] Built target icm20948_driver__cpp\n'}
[1.682221] (icm20948_driver) StdoutLine: {'line': b'[ 27%] Built target icm20948_driver__rosidl_generator_c\n'}
[1.682825] (icm20948_driver) StdoutLine: {'line': b'[ 36%] Built target icm20948_driver__rosidl_typesupport_introspection_cpp\n'}
[1.683435] (icm20948_driver) StdoutLine: {'line': b'[ 44%] Built target icm20948_driver__rosidl_typesupport_fastrtps_c\n'}
[1.684058] (icm20948_driver) StdoutLine: {'line': b'[ 52%] Built target icm20948_driver__rosidl_typesupport_introspection_c\n'}
[1.684709] (icm20948_driver) StdoutLine: {'line': b'[ 60%] Built target icm20948_driver__rosidl_typesupport_cpp\n'}
[1.685354] (icm20948_driver) StdoutLine: {'line': b'[ 68%] Built target icm20948_driver__rosidl_typesupport_c\n'}
[1.685985] (icm20948_driver) StdoutLine: {'line': b'[ 77%] Built target icm20948_driver__rosidl_typesupport_fastrtps_cpp\n'}
[1.716596] (-) TimerEvent: {}
[1.817377] (-) TimerEvent: {}
[1.887996] (gpsd_client) StdoutLine: {'line': b'[ 75%] Built target gpsd_node\n'}
[1.906554] (gpsd_client) StdoutLine: {'line': b'[ 75%] Built target gpsd_client\n'}
[1.908046] (icm20948_driver) StdoutLine: {'line': b'[ 77%] Built target icm20948_driver\n'}
[1.917696] (-) TimerEvent: {}
[1.940878] (icm20948_driver) StdoutLine: {'line': b'[ 81%] Built target icm20948\n'}
[2.018017] (-) TimerEvent: {}
[2.118776] (-) TimerEvent: {}
[2.199254] (icm20948_driver) StdoutLine: {'line': b'[ 83%] Built target icm20948_driver__py\n'}
[2.200958] (gpsd_client) StdoutLine: {'line': b'[ 77%] Built target gpsd_client__py\n'}
[2.219079] (-) TimerEvent: {}
[2.319824] (-) TimerEvent: {}
[2.395582] (voiture2a_motors_driver) StdoutLine: {'line': b'[  2%] Built target voiture2a_motors_driver__rosidl_generator_type_description\n'}
[2.420125] (-) TimerEvent: {}
[2.455020] (voiture2a_motors_driver) StdoutLine: {'line': b'[  2%] Built target ament_cmake_python_copy_voiture2a_motors_driver\n'}
[2.498356] (icm20948_driver) StdoutLine: {'line': b'running egg_info\n'}
[2.503530] (icm20948_driver) StdoutLine: {'line': b'writing icm20948_driver.egg-info/PKG-INFO\n'}
[2.505449] (icm20948_driver) StdoutLine: {'line': b'writing dependency_links to icm20948_driver.egg-info/dependency_links.txt\n'}
[2.506749] (icm20948_driver) StdoutLine: {'line': b'writing top-level names to icm20948_driver.egg-info/top_level.txt\n'}
[2.521615] (icm20948_driver) StdoutLine: {'line': b"reading manifest file 'icm20948_driver.egg-info/SOURCES.txt'\n"}
[2.522990] (-) TimerEvent: {}
[2.523184] (gpsd_client) StdoutLine: {'line': b'[ 83%] Built target gpsd_client__rosidl_generator_py\n'}
[2.523831] (gpsd_client) StdoutLine: {'line': b'running egg_info\n'}
[2.525623] (icm20948_driver) StdoutLine: {'line': b"writing manifest file 'icm20948_driver.egg-info/SOURCES.txt'\n"}
[2.527937] (gpsd_client) StdoutLine: {'line': b'writing gpsd_client.egg-info/PKG-INFO\n'}
[2.529690] (gpsd_client) StdoutLine: {'line': b'writing dependency_links to gpsd_client.egg-info/dependency_links.txt\n'}
[2.531823] (gpsd_client) StdoutLine: {'line': b'writing top-level names to gpsd_client.egg-info/top_level.txt\n'}
[2.544508] (icm20948_driver) StdoutLine: {'line': b'[ 90%] Built target icm20948_driver__rosidl_generator_py\n'}
[2.554129] (gpsd_client) StdoutLine: {'line': b"reading manifest file 'gpsd_client.egg-info/SOURCES.txt'\n"}
[2.561570] (gpsd_client) StdoutLine: {'line': b"writing manifest file 'gpsd_client.egg-info/SOURCES.txt'\n"}
[2.623822] (-) TimerEvent: {}
[2.724739] (-) TimerEvent: {}
[2.738560] (icm20948_driver) StdoutLine: {'line': b'[ 90%] Built target ament_cmake_python_build_icm20948_driver_egg\n'}
[2.767731] (voiture2a_motors_driver) StdoutLine: {'line': b'[  4%] Built target voiture2a_motors_driver__cpp\n'}
[2.782520] (gpsd_client) StdoutLine: {'line': b'[ 83%] Built target ament_cmake_python_build_gpsd_client_egg\n'}
[2.822623] (voiture2a_motors_driver) StdoutLine: {'line': b'[ 21%] Built target voiture2a_motors_driver__rosidl_generator_c\n'}
[2.824827] (-) TimerEvent: {}
[2.925398] (-) TimerEvent: {}
[2.949471] (gpsd_client) StdoutLine: {'line': b'[ 88%] Built target gpsd_client__rosidl_typesupport_introspection_c__pyext\n'}
[2.956317] (gpsd_client) StdoutLine: {'line': b'[ 94%] Built target gpsd_client__rosidl_typesupport_fastrtps_c__pyext\n'}
[2.959591] (gpsd_client) StdoutLine: {'line': b'[100%] Built target gpsd_client__rosidl_typesupport_c__pyext\n'}
[2.982471] (icm20948_driver) StdoutLine: {'line': b'[ 93%] Built target icm20948_driver__rosidl_typesupport_fastrtps_c__pyext\n'}
[2.993997] (icm20948_driver) StdoutLine: {'line': b'[ 96%] Built target icm20948_driver__rosidl_typesupport_introspection_c__pyext\n'}
[2.998989] (icm20948_driver) StdoutLine: {'line': b'[100%] Built target icm20948_driver__rosidl_typesupport_c__pyext\n'}
[3.025715] (-) TimerEvent: {}
[3.076264] (gpsd_client) CommandEnded: {'returncode': 0}
[3.083864] (gpsd_client) JobProgress: {'identifier': 'gpsd_client', 'progress': 'install'}
[3.126094] (-) TimerEvent: {}
[3.197458] (gpsd_client) Command: {'cmd': ['/usr/bin/cmake', '--install', '/voiture2A-ros/build/gpsd_client'], 'cwd': '/voiture2A-ros/build/gpsd_client', 'env': OrderedDict([('COLCON', '1'), ('PYTHONPATH', '/opt/ros/rolling/lib/python3.10/site-packages'), ('LC_ALL', 'C.UTF-8'), ('PWD', '/voiture2A-ros/build/gpsd_client'), ('ROS_AUTOMATIC_DISCOVERY_RANGE', 'SUBNET'), ('AMENT_PREFIX_PATH', '/opt/ros/rolling'), ('LANG', 'C.UTF-8'), ('PATH', '/opt/ros/rolling/bin:/usr/local/sbin:/usr/local/bin:/usr/sbin:/usr/bin:/sbin:/bin'), ('ROS_VERSION', '2'), ('_', '/usr/bin/colcon'), ('ROS_DISTRO', 'rolling'), ('ROS_PYTHON_VERSION', '3'), ('OLDPWD', '/'), ('HOME', '/root'), ('LD_LIBRARY_PATH', '/opt/ros/rolling/lib/aarch64-linux-gnu:/opt/ros/rolling/lib'), ('SHLVL', '1'), ('HOSTNAME', '4e4c885b919e'), ('CMAKE_PREFIX_PATH', '/opt/ros/rolling')]), 'shell': False}
[3.210815] (voiture2a_motors_driver) StdoutLine: {'line': b'[ 29%] Built target voiture2a_motors_driver__rosidl_typesupport_introspection_c\n'}
[3.212041] (icm20948_driver) CommandEnded: {'returncode': 0}
[3.216521] (icm20948_driver) JobProgress: {'identifier': 'icm20948_driver', 'progress': 'install'}
[3.219258] (icm20948_driver) Command: {'cmd': ['/usr/bin/cmake', '--install', '/voiture2A-ros/build/icm20948_driver'], 'cwd': '/voiture2A-ros/build/icm20948_driver', 'env': OrderedDict([('COLCON', '1'), ('PYTHONPATH', '/opt/ros/rolling/lib/python3.10/site-packages'), ('LC_ALL', 'C.UTF-8'), ('PWD', '/voiture2A-ros/build/icm20948_driver'), ('ROS_AUTOMATIC_DISCOVERY_RANGE', 'SUBNET'), ('AMENT_PREFIX_PATH', '/opt/ros/rolling'), ('LANG', 'C.UTF-8'), ('PATH', '/opt/ros/rolling/bin:/usr/local/sbin:/usr/local/bin:/usr/sbin:/usr/bin:/sbin:/bin'), ('ROS_VERSION', '2'), ('_', '/usr/bin/colcon'), ('ROS_DISTRO', 'rolling'), ('ROS_PYTHON_VERSION', '3'), ('OLDPWD', '/'), ('HOME', '/root'), ('LD_LIBRARY_PATH', '/opt/ros/rolling/lib/aarch64-linux-gnu:/opt/ros/rolling/lib'), ('SHLVL', '1'), ('HOSTNAME', '4e4c885b919e'), ('CMAKE_PREFIX_PATH', '/opt/ros/rolling')]), 'shell': False}
[3.226367] (-) TimerEvent: {}
[3.231153] (voiture2a_motors_driver) StdoutLine: {'line': b'[ 38%] Built target voiture2a_motors_driver__rosidl_typesupport_fastrtps_c\n'}
[3.233886] (voiture2a_motors_driver) StdoutLine: {'line': b'[ 55%] Built target voiture2a_motors_driver__rosidl_typesupport_c\n'}
[3.234605] (voiture2a_motors_driver) StdoutLine: {'line': b'[ 48%] Built target voiture2a_motors_driver__rosidl_typesupport_cpp\n'}
[3.237811] (voiture2a_motors_driver) StdoutLine: {'line': b'[ 63%] Built target voiture2a_motors_driver__rosidl_typesupport_fastrtps_cpp\n'}
[3.275599] (voiture2a_motors_driver) StdoutLine: {'line': b'[ 72%] Built target voiture2a_motors_driver__rosidl_typesupport_introspection_cpp\n'}
[3.303380] (gpsd_client) StdoutLine: {'line': b'-- Install configuration: ""\n'}
[3.306500] (gpsd_client) StdoutLine: {'line': b'-- Up-to-date: /voiture2A-ros/install/gpsd_client/share/ament_index/resource_index/rosidl_interfaces/gpsd_client\n'}
[3.309678] (gpsd_client) StdoutLine: {'line': b'-- Up-to-date: /voiture2A-ros/install/gpsd_client/share/gpsd_client/msg/GpsFix.json\n'}
[3.310116] (gpsd_client) StdoutLine: {'line': b'-- Up-to-date: /voiture2A-ros/install/gpsd_client/include/gpsd_client/gpsd_client\n'}
[3.310494] (gpsd_client) StdoutLine: {'line': b'-- Up-to-date: /voiture2A-ros/install/gpsd_client/include/gpsd_client/gpsd_client/msg\n'}
[3.311222] (gpsd_client) StdoutLine: {'line': b'-- Up-to-date: /voiture2A-ros/install/gpsd_client/include/gpsd_client/gpsd_client/msg/gps_fix.h\n'}
[3.311803] (gpsd_client) StdoutLine: {'line': b'-- Up-to-date: /voiture2A-ros/install/gpsd_client/include/gpsd_client/gpsd_client/msg/rosidl_generator_c__visibility_control.h\n'}
[3.312306] (gpsd_client) StdoutLine: {'line': b'-- Up-to-date: /voiture2A-ros/install/gpsd_client/include/gpsd_client/gpsd_client/msg/detail\n'}
[3.313344] (gpsd_client) StdoutLine: {'line': b'-- Up-to-date: /voiture2A-ros/install/gpsd_client/include/gpsd_client/gpsd_client/msg/detail/gps_fix__functions.h\n'}
[3.313779] (gpsd_client) StdoutLine: {'line': b'-- Up-to-date: /voiture2A-ros/install/gpsd_client/include/gpsd_client/gpsd_client/msg/detail/gps_fix__description.c\n'}
[3.314133] (gpsd_client) StdoutLine: {'line': b'-- Up-to-date: /voiture2A-ros/install/gpsd_client/include/gpsd_client/gpsd_client/msg/detail/gps_fix__functions.c\n'}
[3.314496] (gpsd_client) StdoutLine: {'line': b'-- Up-to-date: /voiture2A-ros/install/gpsd_client/include/gpsd_client/gpsd_client/msg/detail/gps_fix__struct.h\n'}
[3.314853] (gpsd_client) StdoutLine: {'line': b'-- Up-to-date: /voiture2A-ros/install/gpsd_client/include/gpsd_client/gpsd_client/msg/detail/gps_fix__type_support.h\n'}
[3.315185] (gpsd_client) StdoutLine: {'line': b'-- Installing: /voiture2A-ros/install/gpsd_client/include/gpsd_client/gpsd_client/msg/detail/gps_fix__type_support.c\n'}
[3.315542] (gpsd_client) StdoutLine: {'line': b'-- Up-to-date: /voiture2A-ros/install/gpsd_client/share/gpsd_client/environment/library_path.sh\n'}
[3.315904] (gpsd_client) StdoutLine: {'line': b'-- Up-to-date: /voiture2A-ros/install/gpsd_client/share/gpsd_client/environment/library_path.dsv\n'}
[3.317103] (gpsd_client) StdoutLine: {'line': b'-- Up-to-date: /voiture2A-ros/install/gpsd_client/lib/libgpsd_client__rosidl_generator_c.so\n'}
[3.319322] (gpsd_client) StdoutLine: {'line': b'-- Up-to-date: /voiture2A-ros/install/gpsd_client/include/gpsd_client/gpsd_client\n'}
[3.320225] (gpsd_client) StdoutLine: {'line': b'-- Up-to-date: /voiture2A-ros/install/gpsd_client/include/gpsd_client/gpsd_client/msg\n'}
[3.320635] (gpsd_client) StdoutLine: {'line': b'-- Up-to-date: /voiture2A-ros/install/gpsd_client/include/gpsd_client/gpsd_client/msg/rosidl_typesupport_fastrtps_c__visibility_control.h\n'}
[3.321767] (gpsd_client) StdoutLine: {'line': b'-- Up-to-date: /voiture2A-ros/install/gpsd_client/include/gpsd_client/gpsd_client/msg/detail\n'}
[3.322198] (gpsd_client) StdoutLine: {'line': b'-- Up-to-date: /voiture2A-ros/install/gpsd_client/include/gpsd_client/gpsd_client/msg/detail/gps_fix__rosidl_typesupport_fastrtps_c.h\n'}
[3.322604] (gpsd_client) StdoutLine: {'line': b'-- Up-to-date: /voiture2A-ros/install/gpsd_client/lib/libgpsd_client__rosidl_typesupport_fastrtps_c.so\n'}
[3.323007] (gpsd_client) StdoutLine: {'line': b'-- Up-to-date: /voiture2A-ros/install/gpsd_client/include/gpsd_client/gpsd_client\n'}
[3.323420] (gpsd_client) StdoutLine: {'line': b'-- Up-to-date: /voiture2A-ros/install/gpsd_client/include/gpsd_client/gpsd_client/msg\n'}
[3.324582] (gpsd_client) StdoutLine: {'line': b'-- Up-to-date: /voiture2A-ros/install/gpsd_client/include/gpsd_client/gpsd_client/msg/rosidl_typesupport_introspection_c__visibility_control.h\n'}
[3.325558] (gpsd_client) StdoutLine: {'line': b'-- Up-to-date: /voiture2A-ros/install/gpsd_client/include/gpsd_client/gpsd_client/msg/detail\n'}
[3.326874] (-) TimerEvent: {}
[3.327544] (gpsd_client) StdoutLine: {'line': b'-- Up-to-date: /voiture2A-ros/install/gpsd_client/include/gpsd_client/gpsd_client/msg/detail/gps_fix__rosidl_typesupport_introspection_c.h\n'}
[3.329093] (gpsd_client) StdoutLine: {'line': b'-- Installing: /voiture2A-ros/install/gpsd_client/include/gpsd_client/gpsd_client/msg/detail/gps_fix__type_support.c\n'}
[3.330271] (gpsd_client) StdoutLine: {'line': b'-- Up-to-date: /voiture2A-ros/install/gpsd_client/lib/libgpsd_client__rosidl_typesupport_introspection_c.so\n'}
[3.330807] (gpsd_client) StdoutLine: {'line': b'-- Up-to-date: /voiture2A-ros/install/gpsd_client/lib/libgpsd_client__rosidl_typesupport_c.so\n'}
[3.331169] (gpsd_client) StdoutLine: {'line': b'-- Up-to-date: /voiture2A-ros/install/gpsd_client/include/gpsd_client/gpsd_client\n'}
[3.332162] (gpsd_client) StdoutLine: {'line': b'-- Up-to-date: /voiture2A-ros/install/gpsd_client/include/gpsd_client/gpsd_client/msg\n'}
[3.336434] (gpsd_client) StdoutLine: {'line': b'-- Up-to-date: /voiture2A-ros/install/gpsd_client/include/gpsd_client/gpsd_client/msg/gps_fix.hpp\n'}
[3.336975] (gpsd_client) StdoutLine: {'line': b'-- Up-to-date: /voiture2A-ros/install/gpsd_client/include/gpsd_client/gpsd_client/msg/detail\n'}
[3.337314] (gpsd_client) StdoutLine: {'line': b'-- Up-to-date: /voiture2A-ros/install/gpsd_client/include/gpsd_client/gpsd_client/msg/detail/gps_fix__traits.hpp\n'}
[3.337663] (gpsd_client) StdoutLine: {'line': b'-- Up-to-date: /voiture2A-ros/install/gpsd_client/include/gpsd_client/gpsd_client/msg/detail/gps_fix__builder.hpp\n'}
[3.337987] (gpsd_client) StdoutLine: {'line': b'-- Up-to-date: /voiture2A-ros/install/gpsd_client/include/gpsd_client/gpsd_client/msg/detail/gps_fix__struct.hpp\n'}
[3.338452] (gpsd_client) StdoutLine: {'line': b'-- Up-to-date: /voiture2A-ros/install/gpsd_client/include/gpsd_client/gpsd_client/msg/detail/gps_fix__type_support.hpp\n'}
[3.339973] (gpsd_client) StdoutLine: {'line': b'-- Up-to-date: /voiture2A-ros/install/gpsd_client/include/gpsd_client/gpsd_client/msg/rosidl_generator_cpp__visibility_control.hpp\n'}
[3.342416] (icm20948_driver) StdoutLine: {'line': b'-- Install configuration: ""\n'}
[3.348031] (gpsd_client) StdoutLine: {'line': b'-- Up-to-date: /voiture2A-ros/install/gpsd_client/include/gpsd_client/gpsd_client\n'}
[3.350688] (gpsd_client) StdoutLine: {'line': b'-- Up-to-date: /voiture2A-ros/install/gpsd_client/include/gpsd_client/gpsd_client/msg\n'}
[3.351748] (gpsd_client) StdoutLine: {'line': b'-- Up-to-date: /voiture2A-ros/install/gpsd_client/include/gpsd_client/gpsd_client/msg/rosidl_typesupport_fastrtps_cpp__visibility_control.h\n'}
[3.354288] (gpsd_client) StdoutLine: {'line': b'-- Up-to-date: /voiture2A-ros/install/gpsd_client/include/gpsd_client/gpsd_client/msg/detail\n'}
[3.356372] (gpsd_client) StdoutLine: {'line': b'-- Up-to-date: /voiture2A-ros/install/gpsd_client/include/gpsd_client/gpsd_client/msg/detail/dds_fastrtps\n'}
[3.356799] (gpsd_client) StdoutLine: {'line': b'-- Up-to-date: /voiture2A-ros/install/gpsd_client/include/gpsd_client/gpsd_client/msg/detail/gps_fix__rosidl_typesupport_fastrtps_cpp.hpp\n'}
[3.357125] (gpsd_client) StdoutLine: {'line': b'-- Up-to-date: /voiture2A-ros/install/gpsd_client/lib/libgpsd_client__rosidl_typesupport_fastrtps_cpp.so\n'}
[3.357445] (gpsd_client) StdoutLine: {'line': b'-- Up-to-date: /voiture2A-ros/install/gpsd_client/include/gpsd_client/gpsd_client\n'}
[3.357777] (gpsd_client) StdoutLine: {'line': b'-- Up-to-date: /voiture2A-ros/install/gpsd_client/include/gpsd_client/gpsd_client/msg\n'}
[3.358099] (gpsd_client) StdoutLine: {'line': b'-- Up-to-date: /voiture2A-ros/install/gpsd_client/include/gpsd_client/gpsd_client/msg/detail\n'}
[3.358415] (gpsd_client) StdoutLine: {'line': b'-- Up-to-date: /voiture2A-ros/install/gpsd_client/include/gpsd_client/gpsd_client/msg/detail/gps_fix__type_support.cpp\n'}
[3.358744] (gpsd_client) StdoutLine: {'line': b'-- Up-to-date: /voiture2A-ros/install/gpsd_client/include/gpsd_client/gpsd_client/msg/detail/gps_fix__rosidl_typesupport_introspection_cpp.hpp\n'}
[3.359071] (icm20948_driver) StdoutLine: {'line': b'-- Up-to-date: /voiture2A-ros/install/icm20948_driver/share/ament_index/resource_index/rosidl_interfaces/icm20948_driver\n'}
[3.359421] (icm20948_driver) StdoutLine: {'line': b'-- Up-to-date: /voiture2A-ros/install/icm20948_driver/share/icm20948_driver/msg/RPY.json\n'}
[3.359827] (icm20948_driver) StdoutLine: {'line': b'-- Up-to-date: /voiture2A-ros/install/icm20948_driver/share/icm20948_driver/msg/RawData.json\n'}
[3.360173] (icm20948_driver) StdoutLine: {'line': b'-- Up-to-date: /voiture2A-ros/install/icm20948_driver/share/icm20948_driver/msg/DebugFusion.json\n'}
[3.360564] (gpsd_client) StdoutLine: {'line': b'-- Up-to-date: /voiture2A-ros/install/gpsd_client/lib/libgpsd_client__rosidl_typesupport_introspection_cpp.so\n'}
[3.360946] (icm20948_driver) StdoutLine: {'line': b'-- Up-to-date: /voiture2A-ros/install/icm20948_driver/include/icm20948_driver/icm20948_driver\n'}
[3.361351] (icm20948_driver) StdoutLine: {'line': b'-- Up-to-date: /voiture2A-ros/install/icm20948_driver/include/icm20948_driver/icm20948_driver/msg\n'}
[3.361816] (icm20948_driver) StdoutLine: {'line': b'-- Up-to-date: /voiture2A-ros/install/icm20948_driver/include/icm20948_driver/icm20948_driver/msg/rosidl_generator_c__visibility_control.h\n'}
[3.362172] (icm20948_driver) StdoutLine: {'line': b'-- Up-to-date: /voiture2A-ros/install/icm20948_driver/include/icm20948_driver/icm20948_driver/msg/raw_data.h\n'}
[3.362489] (icm20948_driver) StdoutLine: {'line': b'-- Up-to-date: /voiture2A-ros/install/icm20948_driver/include/icm20948_driver/icm20948_driver/msg/debug_fusion.h\n'}
[3.362807] (icm20948_driver) StdoutLine: {'line': b'-- Up-to-date: /voiture2A-ros/install/icm20948_driver/include/icm20948_driver/icm20948_driver/msg/detail\n'}
[3.363114] (icm20948_driver) StdoutLine: {'line': b'-- Installing: /voiture2A-ros/install/icm20948_driver/include/icm20948_driver/icm20948_driver/msg/detail/raw_data__type_support.c\n'}
[3.363424] (gpsd_client) StdoutLine: {'line': b'-- Up-to-date: /voiture2A-ros/install/gpsd_client/lib/libgpsd_client__rosidl_typesupport_cpp.so\n'}
[3.363739] (gpsd_client) StdoutLine: {'line': b'-- Up-to-date: /voiture2A-ros/install/gpsd_client/share/gpsd_client/environment/pythonpath.sh\n'}
[3.364049] (gpsd_client) StdoutLine: {'line': b'-- Up-to-date: /voiture2A-ros/install/gpsd_client/share/gpsd_client/environment/pythonpath.dsv\n'}
[3.364351] (gpsd_client) StdoutLine: {'line': b'-- Up-to-date: /voiture2A-ros/install/gpsd_client/lib/python3.10/site-packages/gpsd_client-1.0.0-py3.10.egg-info\n'}
[3.364692] (gpsd_client) StdoutLine: {'line': b'-- Installing: /voiture2A-ros/install/gpsd_client/lib/python3.10/site-packages/gpsd_client-1.0.0-py3.10.egg-info/dependency_links.txt\n'}
[3.364993] (gpsd_client) StdoutLine: {'line': b'-- Installing: /voiture2A-ros/install/gpsd_client/lib/python3.10/site-packages/gpsd_client-1.0.0-py3.10.egg-info/PKG-INFO\n'}
[3.365297] (gpsd_client) StdoutLine: {'line': b'-- Installing: /voiture2A-ros/install/gpsd_client/lib/python3.10/site-packages/gpsd_client-1.0.0-py3.10.egg-info/top_level.txt\n'}
[3.365622] (gpsd_client) StdoutLine: {'line': b'-- Installing: /voiture2A-ros/install/gpsd_client/lib/python3.10/site-packages/gpsd_client-1.0.0-py3.10.egg-info/SOURCES.txt\n'}
[3.365933] (icm20948_driver) StdoutLine: {'line': b'-- Up-to-date: /voiture2A-ros/install/icm20948_driver/include/icm20948_driver/icm20948_driver/msg/detail/rpy__type_support.h\n'}
[3.366252] (icm20948_driver) StdoutLine: {'line': b'-- Up-to-date: /voiture2A-ros/install/icm20948_driver/include/icm20948_driver/icm20948_driver/msg/detail/raw_data__functions.h\n'}
[3.366586] (icm20948_driver) StdoutLine: {'line': b'-- Up-to-date: /voiture2A-ros/install/icm20948_driver/include/icm20948_driver/icm20948_driver/msg/detail/rpy__description.c\n'}
[3.366899] (icm20948_driver) StdoutLine: {'line': b'-- Up-to-date: /voiture2A-ros/install/icm20948_driver/include/icm20948_driver/icm20948_driver/msg/detail/debug_fusion__functions.c\n'}
[3.367251] (icm20948_driver) StdoutLine: {'line': b'-- Installing: /voiture2A-ros/install/icm20948_driver/include/icm20948_driver/icm20948_driver/msg/detail/rpy__type_support.c\n'}
[3.367626] (gpsd_client) StdoutLine: {'line': b'-- Up-to-date: /voiture2A-ros/install/gpsd_client/lib/python3.10/site-packages/gpsd_client\n'}
[3.368007] (gpsd_client) StdoutLine: {'line': b'-- Up-to-date: /voiture2A-ros/install/gpsd_client/lib/python3.10/site-packages/gpsd_client/_gpsd_client_s.ep.rosidl_typesupport_c.c\n'}
[3.368361] (gpsd_client) StdoutLine: {'line': b'-- Up-to-date: /voiture2A-ros/install/gpsd_client/lib/python3.10/site-packages/gpsd_client/msg\n'}
[3.368746] (icm20948_driver) StdoutLine: {'line': b'-- Up-to-date: /voiture2A-ros/install/icm20948_driver/include/icm20948_driver/icm20948_driver/msg/detail/debug_fusion__struct.h\n'}
[3.369114] (icm20948_driver) StdoutLine: {'line': b'-- Up-to-date: /voiture2A-ros/install/icm20948_driver/include/icm20948_driver/icm20948_driver/msg/detail/raw_data__functions.c\n'}
[3.369449] (icm20948_driver) StdoutLine: {'line': b'-- Up-to-date: /voiture2A-ros/install/icm20948_driver/include/icm20948_driver/icm20948_driver/msg/detail/rpy__functions.c\n'}
[3.369797] (icm20948_driver) StdoutLine: {'line': b'-- Up-to-date: /voiture2A-ros/install/icm20948_driver/include/icm20948_driver/icm20948_driver/msg/detail/debug_fusion__description.c\n'}
[3.370106] (icm20948_driver) StdoutLine: {'line': b'-- Up-to-date: /voiture2A-ros/install/icm20948_driver/include/icm20948_driver/icm20948_driver/msg/detail/raw_data__struct.h\n'}
[3.370409] (gpsd_client) StdoutLine: {'line': b'-- Up-to-date: /voiture2A-ros/install/gpsd_client/lib/python3.10/site-packages/gpsd_client/msg/_gps_fix.py\n'}
[3.370730] (gpsd_client) StdoutLine: {'line': b'-- Up-to-date: /voiture2A-ros/install/gpsd_client/lib/python3.10/site-packages/gpsd_client/msg/_gps_fix_s.c\n'}
[3.371059] (gpsd_client) StdoutLine: {'line': b'-- Up-to-date: /voiture2A-ros/install/gpsd_client/lib/python3.10/site-packages/gpsd_client/msg/__init__.py\n'}
[3.371370] (gpsd_client) StdoutLine: {'line': b'-- Up-to-date: /voiture2A-ros/install/gpsd_client/lib/python3.10/site-packages/gpsd_client/_gpsd_client_s.ep.rosidl_typesupport_fastrtps_c.c\n'}
[3.371688] (gpsd_client) StdoutLine: {'line': b'-- Up-to-date: /voiture2A-ros/install/gpsd_client/lib/python3.10/site-packages/gpsd_client/_gpsd_client_s.ep.rosidl_typesupport_introspection_c.c\n'}
[3.371989] (icm20948_driver) StdoutLine: {'line': b'-- Up-to-date: /voiture2A-ros/install/icm20948_driver/include/icm20948_driver/icm20948_driver/msg/detail/raw_data__description.c\n'}
[3.372300] (icm20948_driver) StdoutLine: {'line': b'-- Up-to-date: /voiture2A-ros/install/icm20948_driver/include/icm20948_driver/icm20948_driver/msg/detail/rpy__struct.h\n'}
[3.372662] (icm20948_driver) StdoutLine: {'line': b'-- Up-to-date: /voiture2A-ros/install/icm20948_driver/include/icm20948_driver/icm20948_driver/msg/detail/rpy__functions.h\n'}
[3.372968] (icm20948_driver) StdoutLine: {'line': b'-- Installing: /voiture2A-ros/install/icm20948_driver/include/icm20948_driver/icm20948_driver/msg/detail/debug_fusion__type_support.c\n'}
[3.373281] (gpsd_client) StdoutLine: {'line': b'-- Up-to-date: /voiture2A-ros/install/gpsd_client/lib/python3.10/site-packages/gpsd_client/__init__.py\n'}
[3.373617] (icm20948_driver) StdoutLine: {'line': b'-- Up-to-date: /voiture2A-ros/install/icm20948_driver/include/icm20948_driver/icm20948_driver/msg/detail/debug_fusion__functions.h\n'}
[3.373946] (icm20948_driver) StdoutLine: {'line': b'-- Up-to-date: /voiture2A-ros/install/icm20948_driver/include/icm20948_driver/icm20948_driver/msg/detail/debug_fusion__type_support.h\n'}
[3.374251] (icm20948_driver) StdoutLine: {'line': b'-- Up-to-date: /voiture2A-ros/install/icm20948_driver/include/icm20948_driver/icm20948_driver/msg/detail/raw_data__type_support.h\n'}
[3.374574] (icm20948_driver) StdoutLine: {'line': b'-- Up-to-date: /voiture2A-ros/install/icm20948_driver/include/icm20948_driver/icm20948_driver/msg/rpy.h\n'}
[3.374954] (icm20948_driver) StdoutLine: {'line': b'-- Up-to-date: /voiture2A-ros/install/icm20948_driver/share/icm20948_driver/environment/library_path.sh\n'}
[3.375320] (icm20948_driver) StdoutLine: {'line': b'-- Up-to-date: /voiture2A-ros/install/icm20948_driver/share/icm20948_driver/environment/library_path.dsv\n'}
[3.375694] (icm20948_driver) StdoutLine: {'line': b'-- Up-to-date: /voiture2A-ros/install/icm20948_driver/lib/libicm20948_driver__rosidl_generator_c.so\n'}
[3.376046] (icm20948_driver) StdoutLine: {'line': b'-- Up-to-date: /voiture2A-ros/install/icm20948_driver/include/icm20948_driver/icm20948_driver\n'}
[3.376403] (icm20948_driver) StdoutLine: {'line': b'-- Up-to-date: /voiture2A-ros/install/icm20948_driver/include/icm20948_driver/icm20948_driver/msg\n'}
[3.376726] (icm20948_driver) StdoutLine: {'line': b'-- Up-to-date: /voiture2A-ros/install/icm20948_driver/include/icm20948_driver/icm20948_driver/msg/rosidl_typesupport_fastrtps_c__visibility_control.h\n'}
[3.377034] (icm20948_driver) StdoutLine: {'line': b'-- Up-to-date: /voiture2A-ros/install/icm20948_driver/include/icm20948_driver/icm20948_driver/msg/detail\n'}
[3.377340] (icm20948_driver) StdoutLine: {'line': b'-- Up-to-date: /voiture2A-ros/install/icm20948_driver/include/icm20948_driver/icm20948_driver/msg/detail/rpy__rosidl_typesupport_fastrtps_c.h\n'}
[3.377666] (icm20948_driver) StdoutLine: {'line': b'-- Up-to-date: /voiture2A-ros/install/icm20948_driver/include/icm20948_driver/icm20948_driver/msg/detail/raw_data__rosidl_typesupport_fastrtps_c.h\n'}
[3.377972] (icm20948_driver) StdoutLine: {'line': b'-- Up-to-date: /voiture2A-ros/install/icm20948_driver/include/icm20948_driver/icm20948_driver/msg/detail/debug_fusion__rosidl_typesupport_fastrtps_c.h\n'}
[3.378280] (icm20948_driver) StdoutLine: {'line': b'-- Up-to-date: /voiture2A-ros/install/icm20948_driver/lib/libicm20948_driver__rosidl_typesupport_fastrtps_c.so\n'}
[3.378603] (icm20948_driver) StdoutLine: {'line': b'-- Up-to-date: /voiture2A-ros/install/icm20948_driver/include/icm20948_driver/icm20948_driver\n'}
[3.378913] (icm20948_driver) StdoutLine: {'line': b'-- Up-to-date: /voiture2A-ros/install/icm20948_driver/include/icm20948_driver/icm20948_driver/msg\n'}
[3.379217] (icm20948_driver) StdoutLine: {'line': b'-- Up-to-date: /voiture2A-ros/install/icm20948_driver/include/icm20948_driver/icm20948_driver/msg/detail\n'}
[3.379553] (icm20948_driver) StdoutLine: {'line': b'-- Up-to-date: /voiture2A-ros/install/icm20948_driver/include/icm20948_driver/icm20948_driver/msg/detail/debug_fusion__struct.hpp\n'}
[3.379877] (icm20948_driver) StdoutLine: {'line': b'-- Up-to-date: /voiture2A-ros/install/icm20948_driver/include/icm20948_driver/icm20948_driver/msg/detail/raw_data__traits.hpp\n'}
[3.380204] (icm20948_driver) StdoutLine: {'line': b'-- Up-to-date: /voiture2A-ros/install/icm20948_driver/include/icm20948_driver/icm20948_driver/msg/detail/debug_fusion__traits.hpp\n'}
[3.380546] (icm20948_driver) StdoutLine: {'line': b'-- Up-to-date: /voiture2A-ros/install/icm20948_driver/include/icm20948_driver/icm20948_driver/msg/detail/raw_data__builder.hpp\n'}
[3.380879] (icm20948_driver) StdoutLine: {'line': b'-- Up-to-date: /voiture2A-ros/install/icm20948_driver/include/icm20948_driver/icm20948_driver/msg/detail/debug_fusion__type_support.hpp\n'}
[3.381198] (icm20948_driver) StdoutLine: {'line': b'-- Up-to-date: /voiture2A-ros/install/icm20948_driver/include/icm20948_driver/icm20948_driver/msg/detail/rpy__traits.hpp\n'}
[3.381530] (icm20948_driver) StdoutLine: {'line': b'-- Up-to-date: /voiture2A-ros/install/icm20948_driver/include/icm20948_driver/icm20948_driver/msg/detail/rpy__type_support.hpp\n'}
[3.381886] (icm20948_driver) StdoutLine: {'line': b'-- Up-to-date: /voiture2A-ros/install/icm20948_driver/include/icm20948_driver/icm20948_driver/msg/detail/debug_fusion__builder.hpp\n'}
[3.382270] (icm20948_driver) StdoutLine: {'line': b'-- Up-to-date: /voiture2A-ros/install/icm20948_driver/include/icm20948_driver/icm20948_driver/msg/detail/rpy__struct.hpp\n'}
[3.382663] (icm20948_driver) StdoutLine: {'line': b'-- Up-to-date: /voiture2A-ros/install/icm20948_driver/include/icm20948_driver/icm20948_driver/msg/detail/rpy__builder.hpp\n'}
[3.383077] (icm20948_driver) StdoutLine: {'line': b'-- Up-to-date: /voiture2A-ros/install/icm20948_driver/include/icm20948_driver/icm20948_driver/msg/detail/raw_data__struct.hpp\n'}
[3.383460] (icm20948_driver) StdoutLine: {'line': b'-- Up-to-date: /voiture2A-ros/install/icm20948_driver/include/icm20948_driver/icm20948_driver/msg/detail/raw_data__type_support.hpp\n'}
[3.383788] (icm20948_driver) StdoutLine: {'line': b'-- Up-to-date: /voiture2A-ros/install/icm20948_driver/include/icm20948_driver/icm20948_driver/msg/rosidl_generator_cpp__visibility_control.hpp\n'}
[3.384089] (icm20948_driver) StdoutLine: {'line': b'-- Up-to-date: /voiture2A-ros/install/icm20948_driver/include/icm20948_driver/icm20948_driver/msg/debug_fusion.hpp\n'}
[3.384417] (icm20948_driver) StdoutLine: {'line': b'-- Up-to-date: /voiture2A-ros/install/icm20948_driver/include/icm20948_driver/icm20948_driver/msg/rpy.hpp\n'}
[3.384731] (icm20948_driver) StdoutLine: {'line': b'-- Up-to-date: /voiture2A-ros/install/icm20948_driver/include/icm20948_driver/icm20948_driver/msg/raw_data.hpp\n'}
[3.385032] (icm20948_driver) StdoutLine: {'line': b'-- Up-to-date: /voiture2A-ros/install/icm20948_driver/include/icm20948_driver/icm20948_driver\n'}
[3.385332] (icm20948_driver) StdoutLine: {'line': b'-- Up-to-date: /voiture2A-ros/install/icm20948_driver/include/icm20948_driver/icm20948_driver/msg\n'}
[3.385658] (icm20948_driver) StdoutLine: {'line': b'-- Up-to-date: /voiture2A-ros/install/icm20948_driver/include/icm20948_driver/icm20948_driver/msg/rosidl_typesupport_fastrtps_cpp__visibility_control.h\n'}
[3.385970] (icm20948_driver) StdoutLine: {'line': b'-- Up-to-date: /voiture2A-ros/install/icm20948_driver/include/icm20948_driver/icm20948_driver/msg/detail\n'}
[3.386284] (icm20948_driver) StdoutLine: {'line': b'-- Up-to-date: /voiture2A-ros/install/icm20948_driver/include/icm20948_driver/icm20948_driver/msg/detail/dds_fastrtps\n'}
[3.386609] (icm20948_driver) StdoutLine: {'line': b'-- Up-to-date: /voiture2A-ros/install/icm20948_driver/include/icm20948_driver/icm20948_driver/msg/detail/raw_data__rosidl_typesupport_fastrtps_cpp.hpp\n'}
[3.386913] (icm20948_driver) StdoutLine: {'line': b'-- Up-to-date: /voiture2A-ros/install/icm20948_driver/include/icm20948_driver/icm20948_driver/msg/detail/rpy__rosidl_typesupport_fastrtps_cpp.hpp\n'}
[3.387208] (icm20948_driver) StdoutLine: {'line': b'-- Up-to-date: /voiture2A-ros/install/icm20948_driver/include/icm20948_driver/icm20948_driver/msg/detail/debug_fusion__rosidl_typesupport_fastrtps_cpp.hpp\n'}
[3.387518] (icm20948_driver) StdoutLine: {'line': b'-- Up-to-date: /voiture2A-ros/install/icm20948_driver/lib/libicm20948_driver__rosidl_typesupport_fastrtps_cpp.so\n'}
[3.387829] (icm20948_driver) StdoutLine: {'line': b'-- Up-to-date: /voiture2A-ros/install/icm20948_driver/include/icm20948_driver/icm20948_driver\n'}
[3.388120] (icm20948_driver) StdoutLine: {'line': b'-- Up-to-date: /voiture2A-ros/install/icm20948_driver/include/icm20948_driver/icm20948_driver/msg\n'}
[3.388419] (icm20948_driver) StdoutLine: {'line': b'-- Up-to-date: /voiture2A-ros/install/icm20948_driver/include/icm20948_driver/icm20948_driver/msg/rosidl_typesupport_introspection_c__visibility_control.h\n'}
[3.388730] (icm20948_driver) StdoutLine: {'line': b'-- Up-to-date: /voiture2A-ros/install/icm20948_driver/include/icm20948_driver/icm20948_driver/msg/detail\n'}
[3.389081] (icm20948_driver) StdoutLine: {'line': b'-- Installing: /voiture2A-ros/install/icm20948_driver/include/icm20948_driver/icm20948_driver/msg/detail/raw_data__type_support.c\n'}
[3.389458] (icm20948_driver) StdoutLine: {'line': b'-- Up-to-date: /voiture2A-ros/install/icm20948_driver/include/icm20948_driver/icm20948_driver/msg/detail/debug_fusion__rosidl_typesupport_introspection_c.h\n'}
[3.389842] (icm20948_driver) StdoutLine: {'line': b'-- Installing: /voiture2A-ros/install/icm20948_driver/include/icm20948_driver/icm20948_driver/msg/detail/rpy__type_support.c\n'}
[3.390202] (icm20948_driver) StdoutLine: {'line': b'-- Up-to-date: /voiture2A-ros/install/icm20948_driver/include/icm20948_driver/icm20948_driver/msg/detail/rpy__rosidl_typesupport_introspection_c.h\n'}
[3.390581] (icm20948_driver) StdoutLine: {'line': b'-- Installing: /voiture2A-ros/install/icm20948_driver/include/icm20948_driver/icm20948_driver/msg/detail/debug_fusion__type_support.c\n'}
[3.390898] (icm20948_driver) StdoutLine: {'line': b'-- Up-to-date: /voiture2A-ros/install/icm20948_driver/include/icm20948_driver/icm20948_driver/msg/detail/raw_data__rosidl_typesupport_introspection_c.h\n'}
[3.391199] (icm20948_driver) StdoutLine: {'line': b'-- Up-to-date: /voiture2A-ros/install/icm20948_driver/lib/libicm20948_driver__rosidl_typesupport_introspection_c.so\n'}
[3.391506] (icm20948_driver) StdoutLine: {'line': b'-- Up-to-date: /voiture2A-ros/install/icm20948_driver/lib/libicm20948_driver__rosidl_typesupport_c.so\n'}
[3.391812] (icm20948_driver) StdoutLine: {'line': b'-- Up-to-date: /voiture2A-ros/install/icm20948_driver/include/icm20948_driver/icm20948_driver\n'}
[3.392108] (icm20948_driver) StdoutLine: {'line': b'-- Up-to-date: /voiture2A-ros/install/icm20948_driver/include/icm20948_driver/icm20948_driver/msg\n'}
[3.392458] (icm20948_driver) StdoutLine: {'line': b'-- Up-to-date: /voiture2A-ros/install/icm20948_driver/include/icm20948_driver/icm20948_driver/msg/detail\n'}
[3.392778] (icm20948_driver) StdoutLine: {'line': b'-- Up-to-date: /voiture2A-ros/install/icm20948_driver/include/icm20948_driver/icm20948_driver/msg/detail/raw_data__type_support.cpp\n'}
[3.393082] (icm20948_driver) StdoutLine: {'line': b'-- Up-to-date: /voiture2A-ros/install/icm20948_driver/include/icm20948_driver/icm20948_driver/msg/detail/debug_fusion__rosidl_typesupport_introspection_cpp.hpp\n'}
[3.393385] (icm20948_driver) StdoutLine: {'line': b'-- Up-to-date: /voiture2A-ros/install/icm20948_driver/include/icm20948_driver/icm20948_driver/msg/detail/raw_data__rosidl_typesupport_introspection_cpp.hpp\n'}
[3.393696] (icm20948_driver) StdoutLine: {'line': b'-- Up-to-date: /voiture2A-ros/install/icm20948_driver/include/icm20948_driver/icm20948_driver/msg/detail/rpy__rosidl_typesupport_introspection_cpp.hpp\n'}
[3.393998] (icm20948_driver) StdoutLine: {'line': b'-- Up-to-date: /voiture2A-ros/install/icm20948_driver/include/icm20948_driver/icm20948_driver/msg/detail/rpy__type_support.cpp\n'}
[3.394292] (icm20948_driver) StdoutLine: {'line': b'-- Up-to-date: /voiture2A-ros/install/icm20948_driver/include/icm20948_driver/icm20948_driver/msg/detail/debug_fusion__type_support.cpp\n'}
[3.394631] (icm20948_driver) StdoutLine: {'line': b'-- Up-to-date: /voiture2A-ros/install/icm20948_driver/lib/libicm20948_driver__rosidl_typesupport_introspection_cpp.so\n'}
[3.394952] (icm20948_driver) StdoutLine: {'line': b'-- Up-to-date: /voiture2A-ros/install/icm20948_driver/lib/libicm20948_driver__rosidl_typesupport_cpp.so\n'}
[3.395247] (icm20948_driver) StdoutLine: {'line': b'-- Up-to-date: /voiture2A-ros/install/icm20948_driver/share/icm20948_driver/environment/pythonpath.sh\n'}
[3.395557] (icm20948_driver) StdoutLine: {'line': b'-- Up-to-date: /voiture2A-ros/install/icm20948_driver/share/icm20948_driver/environment/pythonpath.dsv\n'}
[3.395855] (icm20948_driver) StdoutLine: {'line': b'-- Up-to-date: /voiture2A-ros/install/icm20948_driver/lib/python3.10/site-packages/icm20948_driver-1.0.0-py3.10.egg-info\n'}
[3.396186] (icm20948_driver) StdoutLine: {'line': b'-- Installing: /voiture2A-ros/install/icm20948_driver/lib/python3.10/site-packages/icm20948_driver-1.0.0-py3.10.egg-info/dependency_links.txt\n'}
[3.396564] (icm20948_driver) StdoutLine: {'line': b'-- Installing: /voiture2A-ros/install/icm20948_driver/lib/python3.10/site-packages/icm20948_driver-1.0.0-py3.10.egg-info/PKG-INFO\n'}
[3.396933] (icm20948_driver) StdoutLine: {'line': b'-- Installing: /voiture2A-ros/install/icm20948_driver/lib/python3.10/site-packages/icm20948_driver-1.0.0-py3.10.egg-info/top_level.txt\n'}
[3.397290] (icm20948_driver) StdoutLine: {'line': b'-- Installing: /voiture2A-ros/install/icm20948_driver/lib/python3.10/site-packages/icm20948_driver-1.0.0-py3.10.egg-info/SOURCES.txt\n'}
[3.397675] (icm20948_driver) StdoutLine: {'line': b'-- Up-to-date: /voiture2A-ros/install/icm20948_driver/lib/python3.10/site-packages/icm20948_driver\n'}
[3.398003] (icm20948_driver) StdoutLine: {'line': b'-- Up-to-date: /voiture2A-ros/install/icm20948_driver/lib/python3.10/site-packages/icm20948_driver/_icm20948_driver_s.ep.rosidl_typesupport_fastrtps_c.c\n'}
[3.398302] (icm20948_driver) StdoutLine: {'line': b'-- Up-to-date: /voiture2A-ros/install/icm20948_driver/lib/python3.10/site-packages/icm20948_driver/msg\n'}
[3.398614] (icm20948_driver) StdoutLine: {'line': b'-- Up-to-date: /voiture2A-ros/install/icm20948_driver/lib/python3.10/site-packages/icm20948_driver/msg/_debug_fusion.py\n'}
[3.398914] (icm20948_driver) StdoutLine: {'line': b'-- Up-to-date: /voiture2A-ros/install/icm20948_driver/lib/python3.10/site-packages/icm20948_driver/msg/_raw_data.py\n'}
[3.399215] (icm20948_driver) StdoutLine: {'line': b'-- Up-to-date: /voiture2A-ros/install/icm20948_driver/lib/python3.10/site-packages/icm20948_driver/msg/_raw_data_s.c\n'}
[3.399527] (icm20948_driver) StdoutLine: {'line': b'-- Up-to-date: /voiture2A-ros/install/icm20948_driver/lib/python3.10/site-packages/icm20948_driver/msg/_rpy_s.c\n'}
[3.399834] (icm20948_driver) StdoutLine: {'line': b'-- Up-to-date: /voiture2A-ros/install/icm20948_driver/lib/python3.10/site-packages/icm20948_driver/msg/_rpy.py\n'}
[3.400122] (icm20948_driver) StdoutLine: {'line': b'-- Up-to-date: /voiture2A-ros/install/icm20948_driver/lib/python3.10/site-packages/icm20948_driver/msg/_debug_fusion_s.c\n'}
[3.400438] (icm20948_driver) StdoutLine: {'line': b'-- Up-to-date: /voiture2A-ros/install/icm20948_driver/lib/python3.10/site-packages/icm20948_driver/msg/__init__.py\n'}
[3.400769] (icm20948_driver) StdoutLine: {'line': b'-- Up-to-date: /voiture2A-ros/install/icm20948_driver/lib/python3.10/site-packages/icm20948_driver/_icm20948_driver_s.ep.rosidl_typesupport_c.c\n'}
[3.401088] (icm20948_driver) StdoutLine: {'line': b'-- Up-to-date: /voiture2A-ros/install/icm20948_driver/lib/python3.10/site-packages/icm20948_driver/_icm20948_driver_s.ep.rosidl_typesupport_introspection_c.c\n'}
[3.401397] (icm20948_driver) StdoutLine: {'line': b'-- Up-to-date: /voiture2A-ros/install/icm20948_driver/lib/python3.10/site-packages/icm20948_driver/__init__.py\n'}
[3.427169] (-) TimerEvent: {}
[3.527763] (-) TimerEvent: {}
[3.572329] (voiture2a_motors_driver) StdoutLine: {'line': b'[ 72%] Built target voiture2a_motors_driver\n'}
[3.595517] (voiture2a_motors_driver) StdoutLine: {'line': b'[ 78%] Built target motors_node\n'}
[3.620678] (notre_package) Command: {'cmd': ['/usr/bin/python3', '-W', 'ignore:setup.py install is deprecated', '-W', 'ignore:easy_install command is deprecated', 'setup.py', 'egg_info', '--egg-base', '../../build/notre_package', 'build', '--build-base', '/voiture2A-ros/build/notre_package/build', 'install', '--record', '/voiture2A-ros/build/notre_package/install.log', '--single-version-externally-managed', 'install_data'], 'cwd': '/voiture2A-ros/src/notre_package', 'env': {'COLCON': '1', 'PYTHONPATH': '/voiture2A-ros/build/notre_package/prefix_override:/usr/lib/python3/dist-packages/colcon_core/task/python/colcon_distutils_commands:/voiture2A-ros/install/notre_package/lib/python3.10/site-packages:/opt/ros/rolling/lib/python3.10/site-packages', 'LC_ALL': 'C.UTF-8', 'PWD': '/voiture2A-ros/build/notre_package', 'ROS_AUTOMATIC_DISCOVERY_RANGE': 'SUBNET', 'AMENT_PREFIX_PATH': '/opt/ros/rolling', 'LANG': 'C.UTF-8', 'PATH': '/opt/ros/rolling/bin:/usr/local/sbin:/usr/local/bin:/usr/sbin:/usr/bin:/sbin:/bin', 'ROS_VERSION': '2', '_': '/usr/bin/colcon', 'ROS_DISTRO': 'rolling', 'ROS_PYTHON_VERSION': '3', 'OLDPWD': '/', 'HOME': '/root', 'LD_LIBRARY_PATH': '/opt/ros/rolling/lib/aarch64-linux-gnu:/opt/ros/rolling/lib', 'SHLVL': '1', 'HOSTNAME': '4e4c885b919e'}, 'shell': False}
[3.627933] (-) TimerEvent: {}
[3.701734] (gpsd_client) StdoutLine: {'line': b"Listing '/voiture2A-ros/install/gpsd_client/lib/python3.10/site-packages/gpsd_client'...\n"}
[3.702705] (gpsd_client) StdoutLine: {'line': b"Listing '/voiture2A-ros/install/gpsd_client/lib/python3.10/site-packages/gpsd_client/msg'...\n"}
[3.715055] (icm20948_driver) StdoutLine: {'line': b"Listing '/voiture2A-ros/install/icm20948_driver/lib/python3.10/site-packages/icm20948_driver'...\n"}
[3.716067] (icm20948_driver) StdoutLine: {'line': b"Listing '/voiture2A-ros/install/icm20948_driver/lib/python3.10/site-packages/icm20948_driver/msg'...\n"}
[3.725008] (gpsd_client) StdoutLine: {'line': b'-- Up-to-date: /voiture2A-ros/install/gpsd_client/lib/python3.10/site-packages/gpsd_client/gpsd_client_s__rosidl_typesupport_fastrtps_c.cpython-310-aarch64-linux-gnu.so\n'}
[3.726927] (gpsd_client) StdoutLine: {'line': b'-- Up-to-date: /voiture2A-ros/install/gpsd_client/lib/python3.10/site-packages/gpsd_client/gpsd_client_s__rosidl_typesupport_introspection_c.cpython-310-aarch64-linux-gnu.so\n'}
[3.728335] (-) TimerEvent: {}
[3.728933] (gpsd_client) StdoutLine: {'line': b'-- Up-to-date: /voiture2A-ros/install/gpsd_client/lib/python3.10/site-packages/gpsd_client/gpsd_client_s__rosidl_typesupport_c.cpython-310-aarch64-linux-gnu.so\n'}
[3.731015] (gpsd_client) StdoutLine: {'line': b'-- Up-to-date: /voiture2A-ros/install/gpsd_client/lib/libgpsd_client__rosidl_generator_py.so\n'}
[3.732256] (gpsd_client) StdoutLine: {'line': b'-- Up-to-date: /voiture2A-ros/install/gpsd_client/share/gpsd_client/msg/GpsFix.idl\n'}
[3.733609] (gpsd_client) StdoutLine: {'line': b'-- Up-to-date: /voiture2A-ros/install/gpsd_client/share/gpsd_client/msg/GpsFix.msg\n'}
[3.735676] (gpsd_client) StdoutLine: {'line': b'-- Up-to-date: /voiture2A-ros/install/gpsd_client/lib/gpsd_client/gpsd_node\n'}
[3.737464] (gpsd_client) StdoutLine: {'line': b'-- Up-to-date: /voiture2A-ros/install/gpsd_client/share/ament_index/resource_index/package_run_dependencies/gpsd_client\n'}
[3.739467] (gpsd_client) StdoutLine: {'line': b'-- Up-to-date: /voiture2A-ros/install/gpsd_client/share/ament_index/resource_index/parent_prefix_path/gpsd_client\n'}
[3.743553] (gpsd_client) StdoutLine: {'line': b'-- Up-to-date: /voiture2A-ros/install/gpsd_client/share/gpsd_client/environment/ament_prefix_path.sh\n'}
[3.746595] (gpsd_client) StdoutLine: {'line': b'-- Up-to-date: /voiture2A-ros/install/gpsd_client/share/gpsd_client/environment/ament_prefix_path.dsv\n'}
[3.747777] (gpsd_client) StdoutLine: {'line': b'-- Up-to-date: /voiture2A-ros/install/gpsd_client/share/gpsd_client/environment/path.sh\n'}
[3.749835] (gpsd_client) StdoutLine: {'line': b'-- Up-to-date: /voiture2A-ros/install/gpsd_client/share/gpsd_client/environment/path.dsv\n'}
[3.751456] (gpsd_client) StdoutLine: {'line': b'-- Up-to-date: /voiture2A-ros/install/gpsd_client/share/gpsd_client/local_setup.bash\n'}
[3.753442] (gpsd_client) StdoutLine: {'line': b'-- Up-to-date: /voiture2A-ros/install/gpsd_client/share/gpsd_client/local_setup.sh\n'}
[3.755949] (gpsd_client) StdoutLine: {'line': b'-- Up-to-date: /voiture2A-ros/install/gpsd_client/share/gpsd_client/local_setup.zsh\n'}
[3.756981] (gpsd_client) StdoutLine: {'line': b'-- Up-to-date: /voiture2A-ros/install/gpsd_client/share/gpsd_client/local_setup.dsv\n'}
[3.757896] (gpsd_client) StdoutLine: {'line': b'-- Installing: /voiture2A-ros/install/gpsd_client/share/gpsd_client/package.dsv\n'}
[3.759354] (gpsd_client) StdoutLine: {'line': b'-- Up-to-date: /voiture2A-ros/install/gpsd_client/share/ament_index/resource_index/packages/gpsd_client\n'}
[3.760821] (gpsd_client) StdoutLine: {'line': b'-- Up-to-date: /voiture2A-ros/install/gpsd_client/share/gpsd_client/cmake/export_gpsd_client__rosidl_generator_cExport.cmake\n'}
[3.763404] (gpsd_client) StdoutLine: {'line': b'-- Up-to-date: /voiture2A-ros/install/gpsd_client/share/gpsd_client/cmake/export_gpsd_client__rosidl_generator_cExport-noconfig.cmake\n'}
[3.763849] (gpsd_client) StdoutLine: {'line': b'-- Up-to-date: /voiture2A-ros/install/gpsd_client/share/gpsd_client/cmake/export_gpsd_client__rosidl_typesupport_fastrtps_cExport.cmake\n'}
[3.764629] (gpsd_client) StdoutLine: {'line': b'-- Up-to-date: /voiture2A-ros/install/gpsd_client/share/gpsd_client/cmake/export_gpsd_client__rosidl_typesupport_fastrtps_cExport-noconfig.cmake\n'}
[3.765032] (gpsd_client) StdoutLine: {'line': b'-- Up-to-date: /voiture2A-ros/install/gpsd_client/share/gpsd_client/cmake/gpsd_client__rosidl_typesupport_introspection_cExport.cmake\n'}
[3.766791] (gpsd_client) StdoutLine: {'line': b'-- Up-to-date: /voiture2A-ros/install/gpsd_client/share/gpsd_client/cmake/gpsd_client__rosidl_typesupport_introspection_cExport-noconfig.cmake\n'}
[3.768565] (gpsd_client) StdoutLine: {'line': b'-- Up-to-date: /voiture2A-ros/install/gpsd_client/share/gpsd_client/cmake/gpsd_client__rosidl_typesupport_cExport.cmake\n'}
[3.769747] (gpsd_client) StdoutLine: {'line': b'-- Up-to-date: /voiture2A-ros/install/gpsd_client/share/gpsd_client/cmake/gpsd_client__rosidl_typesupport_cExport-noconfig.cmake\n'}
[3.770590] (gpsd_client) StdoutLine: {'line': b'-- Up-to-date: /voiture2A-ros/install/gpsd_client/share/gpsd_client/cmake/export_gpsd_client__rosidl_generator_cppExport.cmake\n'}
[3.771290] (gpsd_client) StdoutLine: {'line': b'-- Up-to-date: /voiture2A-ros/install/gpsd_client/share/gpsd_client/cmake/export_gpsd_client__rosidl_typesupport_fastrtps_cppExport.cmake\n'}
[3.771655] (gpsd_client) StdoutLine: {'line': b'-- Up-to-date: /voiture2A-ros/install/gpsd_client/share/gpsd_client/cmake/export_gpsd_client__rosidl_typesupport_fastrtps_cppExport-noconfig.cmake\n'}
[3.772108] (gpsd_client) StdoutLine: {'line': b'-- Up-to-date: /voiture2A-ros/install/gpsd_client/share/gpsd_client/cmake/gpsd_client__rosidl_typesupport_introspection_cppExport.cmake\n'}
[3.772434] (gpsd_client) StdoutLine: {'line': b'-- Up-to-date: /voiture2A-ros/install/gpsd_client/share/gpsd_client/cmake/gpsd_client__rosidl_typesupport_introspection_cppExport-noconfig.cmake\n'}
[3.773045] (gpsd_client) StdoutLine: {'line': b'-- Up-to-date: /voiture2A-ros/install/gpsd_client/share/gpsd_client/cmake/gpsd_client__rosidl_typesupport_cppExport.cmake\n'}
[3.773350] (gpsd_client) StdoutLine: {'line': b'-- Up-to-date: /voiture2A-ros/install/gpsd_client/share/gpsd_client/cmake/gpsd_client__rosidl_typesupport_cppExport-noconfig.cmake\n'}
[3.773958] (gpsd_client) StdoutLine: {'line': b'-- Up-to-date: /voiture2A-ros/install/gpsd_client/share/gpsd_client/cmake/export_gpsd_client__rosidl_generator_pyExport.cmake\n'}
[3.774289] (icm20948_driver) StdoutLine: {'line': b'-- Up-to-date: /voiture2A-ros/install/icm20948_driver/lib/python3.10/site-packages/icm20948_driver/icm20948_driver_s__rosidl_typesupport_fastrtps_c.cpython-310-aarch64-linux-gnu.so\n'}
[3.774678] (gpsd_client) StdoutLine: {'line': b'-- Up-to-date: /voiture2A-ros/install/gpsd_client/share/gpsd_client/cmake/export_gpsd_client__rosidl_generator_pyExport-noconfig.cmake\n'}
[3.775271] (gpsd_client) StdoutLine: {'line': b'-- Up-to-date: /voiture2A-ros/install/gpsd_client/share/gpsd_client/cmake/rosidl_cmake-extras.cmake\n'}
[3.776869] (gpsd_client) StdoutLine: {'line': b'-- Up-to-date: /voiture2A-ros/install/gpsd_client/share/gpsd_client/cmake/ament_cmake_export_dependencies-extras.cmake\n'}
[3.777630] (gpsd_client) StdoutLine: {'line': b'-- Up-to-date: /voiture2A-ros/install/gpsd_client/share/gpsd_client/cmake/ament_cmake_export_include_directories-extras.cmake\n'}
[3.778195] (gpsd_client) StdoutLine: {'line': b'-- Up-to-date: /voiture2A-ros/install/gpsd_client/share/gpsd_client/cmake/ament_cmake_export_libraries-extras.cmake\n'}
[3.778998] (icm20948_driver) StdoutLine: {'line': b'-- Up-to-date: /voiture2A-ros/install/icm20948_driver/lib/python3.10/site-packages/icm20948_driver/icm20948_driver_s__rosidl_typesupport_introspection_c.cpython-310-aarch64-linux-gnu.so\n'}
[3.779532] (gpsd_client) StdoutLine: {'line': b'-- Up-to-date: /voiture2A-ros/install/gpsd_client/share/gpsd_client/cmake/ament_cmake_export_targets-extras.cmake\n'}
[3.780303] (gpsd_client) StdoutLine: {'line': b'-- Up-to-date: /voiture2A-ros/install/gpsd_client/share/gpsd_client/cmake/rosidl_cmake_export_typesupport_targets-extras.cmake\n'}
[3.780824] (gpsd_client) StdoutLine: {'line': b'-- Up-to-date: /voiture2A-ros/install/gpsd_client/share/gpsd_client/cmake/rosidl_cmake_export_typesupport_libraries-extras.cmake\n'}
[3.781160] (gpsd_client) StdoutLine: {'line': b'-- Up-to-date: /voiture2A-ros/install/gpsd_client/share/gpsd_client/cmake/gpsd_clientConfig.cmake\n'}
[3.781510] (gpsd_client) StdoutLine: {'line': b'-- Up-to-date: /voiture2A-ros/install/gpsd_client/share/gpsd_client/cmake/gpsd_clientConfig-version.cmake\n'}
[3.781950] (icm20948_driver) StdoutLine: {'line': b'-- Up-to-date: /voiture2A-ros/install/icm20948_driver/lib/python3.10/site-packages/icm20948_driver/icm20948_driver_s__rosidl_typesupport_c.cpython-310-aarch64-linux-gnu.so\n'}
[3.782427] (gpsd_client) StdoutLine: {'line': b'-- Up-to-date: /voiture2A-ros/install/gpsd_client/share/gpsd_client/package.xml\n'}
[3.783099] (icm20948_driver) StdoutLine: {'line': b'-- Up-to-date: /voiture2A-ros/install/icm20948_driver/lib/libicm20948_driver__rosidl_generator_py.so\n'}
[3.783539] (icm20948_driver) StdoutLine: {'line': b'-- Up-to-date: /voiture2A-ros/install/icm20948_driver/share/icm20948_driver/msg/RPY.idl\n'}
[3.784197] (icm20948_driver) StdoutLine: {'line': b'-- Up-to-date: /voiture2A-ros/install/icm20948_driver/share/icm20948_driver/msg/RawData.idl\n'}
[3.784584] (icm20948_driver) StdoutLine: {'line': b'-- Up-to-date: /voiture2A-ros/install/icm20948_driver/share/icm20948_driver/msg/DebugFusion.idl\n'}
[3.785298] (icm20948_driver) StdoutLine: {'line': b'-- Up-to-date: /voiture2A-ros/install/icm20948_driver/share/icm20948_driver/msg/RPY.msg\n'}
[3.785820] (icm20948_driver) StdoutLine: {'line': b'-- Up-to-date: /voiture2A-ros/install/icm20948_driver/share/icm20948_driver/msg/RawData.msg\n'}
[3.786963] (icm20948_driver) StdoutLine: {'line': b'-- Up-to-date: /voiture2A-ros/install/icm20948_driver/share/icm20948_driver/msg/DebugFusion.msg\n'}
[3.787493] (icm20948_driver) StdoutLine: {'line': b'-- Up-to-date: /voiture2A-ros/install/icm20948_driver/lib/icm20948_driver/icm20948\n'}
[3.788158] (icm20948_driver) StdoutLine: {'line': b'-- Up-to-date: /voiture2A-ros/install/icm20948_driver/lib/libFusion.a\n'}
[3.788591] (icm20948_driver) StdoutLine: {'line': b'-- Up-to-date: /voiture2A-ros/install/icm20948_driver/share/ament_index/resource_index/package_run_dependencies/icm20948_driver\n'}
[3.788932] (icm20948_driver) StdoutLine: {'line': b'-- Up-to-date: /voiture2A-ros/install/icm20948_driver/share/ament_index/resource_index/parent_prefix_path/icm20948_driver\n'}
[3.789666] (icm20948_driver) StdoutLine: {'line': b'-- Up-to-date: /voiture2A-ros/install/icm20948_driver/share/icm20948_driver/environment/ament_prefix_path.sh\n'}
[3.790021] (icm20948_driver) StdoutLine: {'line': b'-- Up-to-date: /voiture2A-ros/install/icm20948_driver/share/icm20948_driver/environment/ament_prefix_path.dsv\n'}
[3.790443] (icm20948_driver) StdoutLine: {'line': b'-- Up-to-date: /voiture2A-ros/install/icm20948_driver/share/icm20948_driver/environment/path.sh\n'}
[3.790939] (icm20948_driver) StdoutLine: {'line': b'-- Up-to-date: /voiture2A-ros/install/icm20948_driver/share/icm20948_driver/environment/path.dsv\n'}
[3.791377] (icm20948_driver) StdoutLine: {'line': b'-- Up-to-date: /voiture2A-ros/install/icm20948_driver/share/icm20948_driver/local_setup.bash\n'}
[3.792076] (icm20948_driver) StdoutLine: {'line': b'-- Up-to-date: /voiture2A-ros/install/icm20948_driver/share/icm20948_driver/local_setup.sh\n'}
[3.793295] (icm20948_driver) StdoutLine: {'line': b'-- Up-to-date: /voiture2A-ros/install/icm20948_driver/share/icm20948_driver/local_setup.zsh\n'}
[3.793759] (icm20948_driver) StdoutLine: {'line': b'-- Up-to-date: /voiture2A-ros/install/icm20948_driver/share/icm20948_driver/local_setup.dsv\n'}
[3.797133] (icm20948_driver) StdoutLine: {'line': b'-- Installing: /voiture2A-ros/install/icm20948_driver/share/icm20948_driver/package.dsv\n'}
[3.797740] (icm20948_driver) StdoutLine: {'line': b'-- Up-to-date: /voiture2A-ros/install/icm20948_driver/share/ament_index/resource_index/packages/icm20948_driver\n'}
[3.798137] (icm20948_driver) StdoutLine: {'line': b'-- Up-to-date: /voiture2A-ros/install/icm20948_driver/share/icm20948_driver/cmake/export_icm20948_driver__rosidl_generator_cExport.cmake\n'}
[3.798533] (icm20948_driver) StdoutLine: {'line': b'-- Up-to-date: /voiture2A-ros/install/icm20948_driver/share/icm20948_driver/cmake/export_icm20948_driver__rosidl_generator_cExport-noconfig.cmake\n'}
[3.798878] (icm20948_driver) StdoutLine: {'line': b'-- Up-to-date: /voiture2A-ros/install/icm20948_driver/share/icm20948_driver/cmake/export_icm20948_driver__rosidl_typesupport_fastrtps_cExport.cmake\n'}
[3.799599] (icm20948_driver) StdoutLine: {'line': b'-- Up-to-date: /voiture2A-ros/install/icm20948_driver/share/icm20948_driver/cmake/export_icm20948_driver__rosidl_typesupport_fastrtps_cExport-noconfig.cmake\n'}
[3.800344] (icm20948_driver) StdoutLine: {'line': b'-- Up-to-date: /voiture2A-ros/install/icm20948_driver/share/icm20948_driver/cmake/export_icm20948_driver__rosidl_generator_cppExport.cmake\n'}
[3.800916] (icm20948_driver) StdoutLine: {'line': b'-- Up-to-date: /voiture2A-ros/install/icm20948_driver/share/icm20948_driver/cmake/export_icm20948_driver__rosidl_typesupport_fastrtps_cppExport.cmake\n'}
[3.801323] (icm20948_driver) StdoutLine: {'line': b'-- Up-to-date: /voiture2A-ros/install/icm20948_driver/share/icm20948_driver/cmake/export_icm20948_driver__rosidl_typesupport_fastrtps_cppExport-noconfig.cmake\n'}
[3.801790] (icm20948_driver) StdoutLine: {'line': b'-- Up-to-date: /voiture2A-ros/install/icm20948_driver/share/icm20948_driver/cmake/icm20948_driver__rosidl_typesupport_introspection_cExport.cmake\n'}
[3.802636] (icm20948_driver) StdoutLine: {'line': b'-- Up-to-date: /voiture2A-ros/install/icm20948_driver/share/icm20948_driver/cmake/icm20948_driver__rosidl_typesupport_introspection_cExport-noconfig.cmake\n'}
[3.803163] (icm20948_driver) StdoutLine: {'line': b'-- Up-to-date: /voiture2A-ros/install/icm20948_driver/share/icm20948_driver/cmake/icm20948_driver__rosidl_typesupport_cExport.cmake\n'}
[3.803902] (icm20948_driver) StdoutLine: {'line': b'-- Up-to-date: /voiture2A-ros/install/icm20948_driver/share/icm20948_driver/cmake/icm20948_driver__rosidl_typesupport_cExport-noconfig.cmake\n'}
[3.804423] (icm20948_driver) StdoutLine: {'line': b'-- Up-to-date: /voiture2A-ros/install/icm20948_driver/share/icm20948_driver/cmake/icm20948_driver__rosidl_typesupport_introspection_cppExport.cmake\n'}
[3.804952] (icm20948_driver) StdoutLine: {'line': b'-- Up-to-date: /voiture2A-ros/install/icm20948_driver/share/icm20948_driver/cmake/icm20948_driver__rosidl_typesupport_introspection_cppExport-noconfig.cmake\n'}
[3.805423] (icm20948_driver) StdoutLine: {'line': b'-- Up-to-date: /voiture2A-ros/install/icm20948_driver/share/icm20948_driver/cmake/icm20948_driver__rosidl_typesupport_cppExport.cmake\n'}
[3.805969] (icm20948_driver) StdoutLine: {'line': b'-- Up-to-date: /voiture2A-ros/install/icm20948_driver/share/icm20948_driver/cmake/icm20948_driver__rosidl_typesupport_cppExport-noconfig.cmake\n'}
[3.806402] (icm20948_driver) StdoutLine: {'line': b'-- Up-to-date: /voiture2A-ros/install/icm20948_driver/share/icm20948_driver/cmake/export_icm20948_driver__rosidl_generator_pyExport.cmake\n'}
[3.806860] (icm20948_driver) StdoutLine: {'line': b'-- Up-to-date: /voiture2A-ros/install/icm20948_driver/share/icm20948_driver/cmake/export_icm20948_driver__rosidl_generator_pyExport-noconfig.cmake\n'}
[3.807622] (icm20948_driver) StdoutLine: {'line': b'-- Up-to-date: /voiture2A-ros/install/icm20948_driver/share/icm20948_driver/cmake/rosidl_cmake-extras.cmake\n'}
[3.808030] (icm20948_driver) StdoutLine: {'line': b'-- Up-to-date: /voiture2A-ros/install/icm20948_driver/share/icm20948_driver/cmake/ament_cmake_export_dependencies-extras.cmake\n'}
[3.808543] (icm20948_driver) StdoutLine: {'line': b'-- Up-to-date: /voiture2A-ros/install/icm20948_driver/share/icm20948_driver/cmake/ament_cmake_export_include_directories-extras.cmake\n'}
[3.809001] (icm20948_driver) StdoutLine: {'line': b'-- Up-to-date: /voiture2A-ros/install/icm20948_driver/share/icm20948_driver/cmake/ament_cmake_export_libraries-extras.cmake\n'}
[3.809348] (icm20948_driver) StdoutLine: {'line': b'-- Up-to-date: /voiture2A-ros/install/icm20948_driver/share/icm20948_driver/cmake/ament_cmake_export_targets-extras.cmake\n'}
[3.809772] (icm20948_driver) StdoutLine: {'line': b'-- Up-to-date: /voiture2A-ros/install/icm20948_driver/share/icm20948_driver/cmake/rosidl_cmake_export_typesupport_targets-extras.cmake\n'}
[3.810146] (icm20948_driver) StdoutLine: {'line': b'-- Up-to-date: /voiture2A-ros/install/icm20948_driver/share/icm20948_driver/cmake/rosidl_cmake_export_typesupport_libraries-extras.cmake\n'}
[3.810598] (icm20948_driver) StdoutLine: {'line': b'-- Up-to-date: /voiture2A-ros/install/icm20948_driver/share/icm20948_driver/cmake/icm20948_driverConfig.cmake\n'}
[3.810937] (icm20948_driver) StdoutLine: {'line': b'-- Up-to-date: /voiture2A-ros/install/icm20948_driver/share/icm20948_driver/cmake/icm20948_driverConfig-version.cmake\n'}
[3.811310] (icm20948_driver) StdoutLine: {'line': b'-- Up-to-date: /voiture2A-ros/install/icm20948_driver/share/icm20948_driver/package.xml\n'}
[3.811668] (gpsd_client) CommandEnded: {'returncode': 0}
[3.829393] (-) TimerEvent: {}
[3.917715] (gpsd_client) JobEnded: {'identifier': 'gpsd_client', 'rc': 0}
[3.925012] (voiture2a_motors_driver) StdoutLine: {'line': b'[ 80%] Built target voiture2a_motors_driver__py\n'}
[3.925769] (icm20948_driver) CommandEnded: {'returncode': 0}
[3.929596] (-) TimerEvent: {}
[4.030680] (-) TimerEvent: {}
[4.037537] (icm20948_driver) JobEnded: {'identifier': 'icm20948_driver', 'rc': 0}
[4.086513] (voiture2a_motors_driver) StdoutLine: {'line': b'running egg_info\n'}
[4.092924] (voiture2a_motors_driver) StdoutLine: {'line': b'writing voiture2a_motors_driver.egg-info/PKG-INFO\n'}
[4.094248] (voiture2a_motors_driver) StdoutLine: {'line': b'writing dependency_links to voiture2a_motors_driver.egg-info/dependency_links.txt\n'}
[4.095315] (voiture2a_motors_driver) StdoutLine: {'line': b'writing top-level names to voiture2a_motors_driver.egg-info/top_level.txt\n'}
[4.107594] (voiture2a_motors_driver) StdoutLine: {'line': b"reading manifest file 'voiture2a_motors_driver.egg-info/SOURCES.txt'\n"}
[4.111115] (voiture2a_motors_driver) StdoutLine: {'line': b"writing manifest file 'voiture2a_motors_driver.egg-info/SOURCES.txt'\n"}
[4.131018] (-) TimerEvent: {}
[4.157878] (voiture2a_motors_driver) StdoutLine: {'line': b'[ 87%] Built target voiture2a_motors_driver__rosidl_generator_py\n'}
[4.231333] (-) TimerEvent: {}
[4.256203] (voiture2a_motors_driver) StdoutLine: {'line': b'[ 87%] Built target ament_cmake_python_build_voiture2a_motors_driver_egg\n'}
[4.331585] (-) TimerEvent: {}
[4.432221] (-) TimerEvent: {}
[4.452846] (voiture2a_motors_driver) StdoutLine: {'line': b'[ 97%] Built target voiture2a_motors_driver__rosidl_typesupport_c__pyext\n'}
[4.453765] (voiture2a_motors_driver) StdoutLine: {'line': b'[ 97%] Built target voiture2a_motors_driver__rosidl_typesupport_introspection_c__pyext\n'}
[4.454174] (voiture2a_motors_driver) StdoutLine: {'line': b'[100%] Built target voiture2a_motors_driver__rosidl_typesupport_fastrtps_c__pyext\n'}
[4.532521] (-) TimerEvent: {}
[4.539650] (voiture2a_motors_driver) CommandEnded: {'returncode': 0}
[4.542452] (voiture2a_motors_driver) JobProgress: {'identifier': 'voiture2a_motors_driver', 'progress': 'install'}
[4.544465] (voiture2a_motors_driver) Command: {'cmd': ['/usr/bin/cmake', '--install', '/voiture2A-ros/build/voiture2a_motors_driver'], 'cwd': '/voiture2A-ros/build/voiture2a_motors_driver', 'env': OrderedDict([('COLCON', '1'), ('PYTHONPATH', '/opt/ros/rolling/lib/python3.10/site-packages'), ('LC_ALL', 'C.UTF-8'), ('PWD', '/voiture2A-ros/build/voiture2a_motors_driver'), ('ROS_AUTOMATIC_DISCOVERY_RANGE', 'SUBNET'), ('AMENT_PREFIX_PATH', '/opt/ros/rolling'), ('LANG', 'C.UTF-8'), ('PATH', '/opt/ros/rolling/bin:/usr/local/sbin:/usr/local/bin:/usr/sbin:/usr/bin:/sbin:/bin'), ('ROS_VERSION', '2'), ('_', '/usr/bin/colcon'), ('ROS_DISTRO', 'rolling'), ('ROS_PYTHON_VERSION', '3'), ('OLDPWD', '/'), ('HOME', '/root'), ('LD_LIBRARY_PATH', '/opt/ros/rolling/lib/aarch64-linux-gnu:/opt/ros/rolling/lib'), ('SHLVL', '1'), ('HOSTNAME', '4e4c885b919e'), ('CMAKE_PREFIX_PATH', '/opt/ros/rolling')]), 'shell': False}
[4.632834] (-) TimerEvent: {}
[4.637318] (voiture2a_motors_driver) StdoutLine: {'line': b'-- Install configuration: ""\n'}
[4.640757] (voiture2a_motors_driver) StdoutLine: {'line': b'-- Up-to-date: /voiture2A-ros/install/voiture2a_motors_driver/share/ament_index/resource_index/rosidl_interfaces/voiture2a_motors_driver\n'}
[4.642789] (voiture2a_motors_driver) StdoutLine: {'line': b'-- Up-to-date: /voiture2A-ros/install/voiture2a_motors_driver/share/voiture2a_motors_driver/msg/MotorsState.json\n'}
[4.643729] (voiture2a_motors_driver) StdoutLine: {'line': b'-- Up-to-date: /voiture2A-ros/install/voiture2a_motors_driver/share/voiture2a_motors_driver/msg/Engine.json\n'}
[4.646208] (voiture2a_motors_driver) StdoutLine: {'line': b'-- Up-to-date: /voiture2A-ros/install/voiture2a_motors_driver/include/voiture2a_motors_driver/voiture2a_motors_driver\n'}
[4.647750] (voiture2a_motors_driver) StdoutLine: {'line': b'-- Up-to-date: /voiture2A-ros/install/voiture2a_motors_driver/include/voiture2a_motors_driver/voiture2a_motors_driver/msg\n'}
[4.648423] (voiture2a_motors_driver) StdoutLine: {'line': b'-- Up-to-date: /voiture2A-ros/install/voiture2a_motors_driver/include/voiture2a_motors_driver/voiture2a_motors_driver/msg/rosidl_generator_c__visibility_control.h\n'}
[4.651233] (voiture2a_motors_driver) StdoutLine: {'line': b'-- Up-to-date: /voiture2A-ros/install/voiture2a_motors_driver/include/voiture2a_motors_driver/voiture2a_motors_driver/msg/engine.h\n'}
[4.651687] (voiture2a_motors_driver) StdoutLine: {'line': b'-- Up-to-date: /voiture2A-ros/install/voiture2a_motors_driver/include/voiture2a_motors_driver/voiture2a_motors_driver/msg/detail\n'}
[4.652043] (voiture2a_motors_driver) StdoutLine: {'line': b'-- Up-to-date: /voiture2A-ros/install/voiture2a_motors_driver/include/voiture2a_motors_driver/voiture2a_motors_driver/msg/detail/motors_state__functions.c\n'}
[4.652529] (voiture2a_motors_driver) StdoutLine: {'line': b'-- Up-to-date: /voiture2A-ros/install/voiture2a_motors_driver/include/voiture2a_motors_driver/voiture2a_motors_driver/msg/detail/motors_state__description.c\n'}
[4.652951] (voiture2a_motors_driver) StdoutLine: {'line': b'-- Up-to-date: /voiture2A-ros/install/voiture2a_motors_driver/include/voiture2a_motors_driver/voiture2a_motors_driver/msg/detail/engine__functions.h\n'}
[4.653304] (voiture2a_motors_driver) StdoutLine: {'line': b'-- Up-to-date: /voiture2A-ros/install/voiture2a_motors_driver/include/voiture2a_motors_driver/voiture2a_motors_driver/msg/detail/motors_state__struct.h\n'}
[4.653701] (voiture2a_motors_driver) StdoutLine: {'line': b'-- Up-to-date: /voiture2A-ros/install/voiture2a_motors_driver/include/voiture2a_motors_driver/voiture2a_motors_driver/msg/detail/engine__struct.h\n'}
[4.654502] (voiture2a_motors_driver) StdoutLine: {'line': b'-- Installing: /voiture2A-ros/install/voiture2a_motors_driver/include/voiture2a_motors_driver/voiture2a_motors_driver/msg/detail/engine__type_support.c\n'}
[4.654903] (voiture2a_motors_driver) StdoutLine: {'line': b'-- Up-to-date: /voiture2A-ros/install/voiture2a_motors_driver/include/voiture2a_motors_driver/voiture2a_motors_driver/msg/detail/engine__description.c\n'}
[4.655282] (voiture2a_motors_driver) StdoutLine: {'line': b'-- Up-to-date: /voiture2A-ros/install/voiture2a_motors_driver/include/voiture2a_motors_driver/voiture2a_motors_driver/msg/detail/engine__functions.c\n'}
[4.655664] (voiture2a_motors_driver) StdoutLine: {'line': b'-- Up-to-date: /voiture2A-ros/install/voiture2a_motors_driver/include/voiture2a_motors_driver/voiture2a_motors_driver/msg/detail/motors_state__type_support.h\n'}
[4.656019] (voiture2a_motors_driver) StdoutLine: {'line': b'-- Up-to-date: /voiture2A-ros/install/voiture2a_motors_driver/include/voiture2a_motors_driver/voiture2a_motors_driver/msg/detail/motors_state__functions.h\n'}
[4.657317] (voiture2a_motors_driver) StdoutLine: {'line': b'-- Up-to-date: /voiture2A-ros/install/voiture2a_motors_driver/include/voiture2a_motors_driver/voiture2a_motors_driver/msg/detail/engine__type_support.h\n'}
[4.659862] (voiture2a_motors_driver) StdoutLine: {'line': b'-- Installing: /voiture2A-ros/install/voiture2a_motors_driver/include/voiture2a_motors_driver/voiture2a_motors_driver/msg/detail/motors_state__type_support.c\n'}
[4.660282] (voiture2a_motors_driver) StdoutLine: {'line': b'-- Up-to-date: /voiture2A-ros/install/voiture2a_motors_driver/include/voiture2a_motors_driver/voiture2a_motors_driver/msg/motors_state.h\n'}
[4.661372] (voiture2a_motors_driver) StdoutLine: {'line': b'-- Up-to-date: /voiture2A-ros/install/voiture2a_motors_driver/share/voiture2a_motors_driver/environment/library_path.sh\n'}
[4.662170] (voiture2a_motors_driver) StdoutLine: {'line': b'-- Up-to-date: /voiture2A-ros/install/voiture2a_motors_driver/share/voiture2a_motors_driver/environment/library_path.dsv\n'}
[4.662684] (voiture2a_motors_driver) StdoutLine: {'line': b'-- Up-to-date: /voiture2A-ros/install/voiture2a_motors_driver/lib/libvoiture2a_motors_driver__rosidl_generator_c.so\n'}
[4.662987] (voiture2a_motors_driver) StdoutLine: {'line': b'-- Up-to-date: /voiture2A-ros/install/voiture2a_motors_driver/include/voiture2a_motors_driver/voiture2a_motors_driver\n'}
[4.663261] (voiture2a_motors_driver) StdoutLine: {'line': b'-- Up-to-date: /voiture2A-ros/install/voiture2a_motors_driver/include/voiture2a_motors_driver/voiture2a_motors_driver/msg\n'}
[4.663772] (voiture2a_motors_driver) StdoutLine: {'line': b'-- Up-to-date: /voiture2A-ros/install/voiture2a_motors_driver/include/voiture2a_motors_driver/voiture2a_motors_driver/msg/rosidl_typesupport_fastrtps_c__visibility_control.h\n'}
[4.664064] (voiture2a_motors_driver) StdoutLine: {'line': b'-- Up-to-date: /voiture2A-ros/install/voiture2a_motors_driver/include/voiture2a_motors_driver/voiture2a_motors_driver/msg/detail\n'}
[4.664452] (voiture2a_motors_driver) StdoutLine: {'line': b'-- Up-to-date: /voiture2A-ros/install/voiture2a_motors_driver/include/voiture2a_motors_driver/voiture2a_motors_driver/msg/detail/engine__rosidl_typesupport_fastrtps_c.h\n'}
[4.665472] (voiture2a_motors_driver) StdoutLine: {'line': b'-- Up-to-date: /voiture2A-ros/install/voiture2a_motors_driver/include/voiture2a_motors_driver/voiture2a_motors_driver/msg/detail/motors_state__rosidl_typesupport_fastrtps_c.h\n'}
[4.666090] (voiture2a_motors_driver) StdoutLine: {'line': b'-- Up-to-date: /voiture2A-ros/install/voiture2a_motors_driver/lib/libvoiture2a_motors_driver__rosidl_typesupport_fastrtps_c.so\n'}
[4.666517] (voiture2a_motors_driver) StdoutLine: {'line': b'-- Up-to-date: /voiture2A-ros/install/voiture2a_motors_driver/include/voiture2a_motors_driver/voiture2a_motors_driver\n'}
[4.667892] (voiture2a_motors_driver) StdoutLine: {'line': b'-- Up-to-date: /voiture2A-ros/install/voiture2a_motors_driver/include/voiture2a_motors_driver/voiture2a_motors_driver/msg\n'}
[4.668243] (voiture2a_motors_driver) StdoutLine: {'line': b'-- Up-to-date: /voiture2A-ros/install/voiture2a_motors_driver/include/voiture2a_motors_driver/voiture2a_motors_driver/msg/motors_state.hpp\n'}
[4.669380] (voiture2a_motors_driver) StdoutLine: {'line': b'-- Up-to-date: /voiture2A-ros/install/voiture2a_motors_driver/include/voiture2a_motors_driver/voiture2a_motors_driver/msg/detail\n'}
[4.669717] (voiture2a_motors_driver) StdoutLine: {'line': b'-- Up-to-date: /voiture2A-ros/install/voiture2a_motors_driver/include/voiture2a_motors_driver/voiture2a_motors_driver/msg/detail/engine__traits.hpp\n'}
[4.670010] (voiture2a_motors_driver) StdoutLine: {'line': b'-- Up-to-date: /voiture2A-ros/install/voiture2a_motors_driver/include/voiture2a_motors_driver/voiture2a_motors_driver/msg/detail/motors_state__traits.hpp\n'}
[4.670293] (voiture2a_motors_driver) StdoutLine: {'line': b'-- Up-to-date: /voiture2A-ros/install/voiture2a_motors_driver/include/voiture2a_motors_driver/voiture2a_motors_driver/msg/detail/engine__type_support.hpp\n'}
[4.670589] (voiture2a_motors_driver) StdoutLine: {'line': b'-- Up-to-date: /voiture2A-ros/install/voiture2a_motors_driver/include/voiture2a_motors_driver/voiture2a_motors_driver/msg/detail/engine__builder.hpp\n'}
[4.670872] (voiture2a_motors_driver) StdoutLine: {'line': b'-- Up-to-date: /voiture2A-ros/install/voiture2a_motors_driver/include/voiture2a_motors_driver/voiture2a_motors_driver/msg/detail/motors_state__type_support.hpp\n'}
[4.671158] (voiture2a_motors_driver) StdoutLine: {'line': b'-- Up-to-date: /voiture2A-ros/install/voiture2a_motors_driver/include/voiture2a_motors_driver/voiture2a_motors_driver/msg/detail/motors_state__struct.hpp\n'}
[4.671460] (voiture2a_motors_driver) StdoutLine: {'line': b'-- Up-to-date: /voiture2A-ros/install/voiture2a_motors_driver/include/voiture2a_motors_driver/voiture2a_motors_driver/msg/detail/engine__struct.hpp\n'}
[4.671791] (voiture2a_motors_driver) StdoutLine: {'line': b'-- Up-to-date: /voiture2A-ros/install/voiture2a_motors_driver/include/voiture2a_motors_driver/voiture2a_motors_driver/msg/detail/motors_state__builder.hpp\n'}
[4.672105] (voiture2a_motors_driver) StdoutLine: {'line': b'-- Up-to-date: /voiture2A-ros/install/voiture2a_motors_driver/include/voiture2a_motors_driver/voiture2a_motors_driver/msg/rosidl_generator_cpp__visibility_control.hpp\n'}
[4.672517] (voiture2a_motors_driver) StdoutLine: {'line': b'-- Up-to-date: /voiture2A-ros/install/voiture2a_motors_driver/include/voiture2a_motors_driver/voiture2a_motors_driver/msg/engine.hpp\n'}
[4.672867] (voiture2a_motors_driver) StdoutLine: {'line': b'-- Up-to-date: /voiture2A-ros/install/voiture2a_motors_driver/include/voiture2a_motors_driver/voiture2a_motors_driver\n'}
[4.673181] (voiture2a_motors_driver) StdoutLine: {'line': b'-- Up-to-date: /voiture2A-ros/install/voiture2a_motors_driver/include/voiture2a_motors_driver/voiture2a_motors_driver/msg\n'}
[4.673584] (voiture2a_motors_driver) StdoutLine: {'line': b'-- Up-to-date: /voiture2A-ros/install/voiture2a_motors_driver/include/voiture2a_motors_driver/voiture2a_motors_driver/msg/rosidl_typesupport_fastrtps_cpp__visibility_control.h\n'}
[4.673957] (voiture2a_motors_driver) StdoutLine: {'line': b'-- Up-to-date: /voiture2A-ros/install/voiture2a_motors_driver/include/voiture2a_motors_driver/voiture2a_motors_driver/msg/detail\n'}
[4.674270] (voiture2a_motors_driver) StdoutLine: {'line': b'-- Up-to-date: /voiture2A-ros/install/voiture2a_motors_driver/include/voiture2a_motors_driver/voiture2a_motors_driver/msg/detail/dds_fastrtps\n'}
[4.674614] (voiture2a_motors_driver) StdoutLine: {'line': b'-- Up-to-date: /voiture2A-ros/install/voiture2a_motors_driver/include/voiture2a_motors_driver/voiture2a_motors_driver/msg/detail/motors_state__rosidl_typesupport_fastrtps_cpp.hpp\n'}
[4.675031] (voiture2a_motors_driver) StdoutLine: {'line': b'-- Up-to-date: /voiture2A-ros/install/voiture2a_motors_driver/include/voiture2a_motors_driver/voiture2a_motors_driver/msg/detail/engine__rosidl_typesupport_fastrtps_cpp.hpp\n'}
[4.675421] (voiture2a_motors_driver) StdoutLine: {'line': b'-- Up-to-date: /voiture2A-ros/install/voiture2a_motors_driver/lib/libvoiture2a_motors_driver__rosidl_typesupport_fastrtps_cpp.so\n'}
[4.675915] (voiture2a_motors_driver) StdoutLine: {'line': b'-- Up-to-date: /voiture2A-ros/install/voiture2a_motors_driver/include/voiture2a_motors_driver/voiture2a_motors_driver\n'}
[4.676483] (voiture2a_motors_driver) StdoutLine: {'line': b'-- Up-to-date: /voiture2A-ros/install/voiture2a_motors_driver/include/voiture2a_motors_driver/voiture2a_motors_driver/msg\n'}
[4.676928] (voiture2a_motors_driver) StdoutLine: {'line': b'-- Up-to-date: /voiture2A-ros/install/voiture2a_motors_driver/include/voiture2a_motors_driver/voiture2a_motors_driver/msg/rosidl_typesupport_introspection_c__visibility_control.h\n'}
[4.677243] (voiture2a_motors_driver) StdoutLine: {'line': b'-- Up-to-date: /voiture2A-ros/install/voiture2a_motors_driver/include/voiture2a_motors_driver/voiture2a_motors_driver/msg/detail\n'}
[4.677580] (voiture2a_motors_driver) StdoutLine: {'line': b'-- Up-to-date: /voiture2A-ros/install/voiture2a_motors_driver/include/voiture2a_motors_driver/voiture2a_motors_driver/msg/detail/motors_state__rosidl_typesupport_introspection_c.h\n'}
[4.677891] (voiture2a_motors_driver) StdoutLine: {'line': b'-- Installing: /voiture2A-ros/install/voiture2a_motors_driver/include/voiture2a_motors_driver/voiture2a_motors_driver/msg/detail/engine__type_support.c\n'}
[4.678206] (voiture2a_motors_driver) StdoutLine: {'line': b'-- Installing: /voiture2A-ros/install/voiture2a_motors_driver/include/voiture2a_motors_driver/voiture2a_motors_driver/msg/detail/motors_state__type_support.c\n'}
[4.678780] (voiture2a_motors_driver) StdoutLine: {'line': b'-- Up-to-date: /voiture2A-ros/install/voiture2a_motors_driver/include/voiture2a_motors_driver/voiture2a_motors_driver/msg/detail/engine__rosidl_typesupport_introspection_c.h\n'}
[4.679241] (voiture2a_motors_driver) StdoutLine: {'line': b'-- Up-to-date: /voiture2A-ros/install/voiture2a_motors_driver/lib/libvoiture2a_motors_driver__rosidl_typesupport_introspection_c.so\n'}
[4.679573] (voiture2a_motors_driver) StdoutLine: {'line': b'-- Up-to-date: /voiture2A-ros/install/voiture2a_motors_driver/lib/libvoiture2a_motors_driver__rosidl_typesupport_c.so\n'}
[4.679873] (voiture2a_motors_driver) StdoutLine: {'line': b'-- Up-to-date: /voiture2A-ros/install/voiture2a_motors_driver/include/voiture2a_motors_driver/voiture2a_motors_driver\n'}
[4.680175] (voiture2a_motors_driver) StdoutLine: {'line': b'-- Up-to-date: /voiture2A-ros/install/voiture2a_motors_driver/include/voiture2a_motors_driver/voiture2a_motors_driver/msg\n'}
[4.680472] (voiture2a_motors_driver) StdoutLine: {'line': b'-- Up-to-date: /voiture2A-ros/install/voiture2a_motors_driver/include/voiture2a_motors_driver/voiture2a_motors_driver/msg/detail\n'}
[4.680839] (voiture2a_motors_driver) StdoutLine: {'line': b'-- Up-to-date: /voiture2A-ros/install/voiture2a_motors_driver/include/voiture2a_motors_driver/voiture2a_motors_driver/msg/detail/engine__type_support.cpp\n'}
[4.681178] (voiture2a_motors_driver) StdoutLine: {'line': b'-- Up-to-date: /voiture2A-ros/install/voiture2a_motors_driver/include/voiture2a_motors_driver/voiture2a_motors_driver/msg/detail/motors_state__type_support.cpp\n'}
[4.681543] (voiture2a_motors_driver) StdoutLine: {'line': b'-- Up-to-date: /voiture2A-ros/install/voiture2a_motors_driver/include/voiture2a_motors_driver/voiture2a_motors_driver/msg/detail/engine__rosidl_typesupport_introspection_cpp.hpp\n'}
[4.681887] (voiture2a_motors_driver) StdoutLine: {'line': b'-- Up-to-date: /voiture2A-ros/install/voiture2a_motors_driver/include/voiture2a_motors_driver/voiture2a_motors_driver/msg/detail/motors_state__rosidl_typesupport_introspection_cpp.hpp\n'}
[4.682176] (voiture2a_motors_driver) StdoutLine: {'line': b'-- Up-to-date: /voiture2A-ros/install/voiture2a_motors_driver/lib/libvoiture2a_motors_driver__rosidl_typesupport_introspection_cpp.so\n'}
[4.682466] (voiture2a_motors_driver) StdoutLine: {'line': b'-- Up-to-date: /voiture2A-ros/install/voiture2a_motors_driver/lib/libvoiture2a_motors_driver__rosidl_typesupport_cpp.so\n'}
[4.682763] (voiture2a_motors_driver) StdoutLine: {'line': b'-- Up-to-date: /voiture2A-ros/install/voiture2a_motors_driver/share/voiture2a_motors_driver/environment/pythonpath.sh\n'}
[4.683041] (voiture2a_motors_driver) StdoutLine: {'line': b'-- Up-to-date: /voiture2A-ros/install/voiture2a_motors_driver/share/voiture2a_motors_driver/environment/pythonpath.dsv\n'}
[4.683304] (voiture2a_motors_driver) StdoutLine: {'line': b'-- Up-to-date: /voiture2A-ros/install/voiture2a_motors_driver/lib/python3.10/site-packages/voiture2a_motors_driver-1.0.0-py3.10.egg-info\n'}
[4.683611] (voiture2a_motors_driver) StdoutLine: {'line': b'-- Installing: /voiture2A-ros/install/voiture2a_motors_driver/lib/python3.10/site-packages/voiture2a_motors_driver-1.0.0-py3.10.egg-info/dependency_links.txt\n'}
[4.683891] (voiture2a_motors_driver) StdoutLine: {'line': b'-- Installing: /voiture2A-ros/install/voiture2a_motors_driver/lib/python3.10/site-packages/voiture2a_motors_driver-1.0.0-py3.10.egg-info/PKG-INFO\n'}
[4.684159] (voiture2a_motors_driver) StdoutLine: {'line': b'-- Installing: /voiture2A-ros/install/voiture2a_motors_driver/lib/python3.10/site-packages/voiture2a_motors_driver-1.0.0-py3.10.egg-info/top_level.txt\n'}
[4.684438] (voiture2a_motors_driver) StdoutLine: {'line': b'-- Installing: /voiture2A-ros/install/voiture2a_motors_driver/lib/python3.10/site-packages/voiture2a_motors_driver-1.0.0-py3.10.egg-info/SOURCES.txt\n'}
[4.684711] (voiture2a_motors_driver) StdoutLine: {'line': b'-- Up-to-date: /voiture2A-ros/install/voiture2a_motors_driver/lib/python3.10/site-packages/voiture2a_motors_driver\n'}
[4.684967] (voiture2a_motors_driver) StdoutLine: {'line': b'-- Up-to-date: /voiture2A-ros/install/voiture2a_motors_driver/lib/python3.10/site-packages/voiture2a_motors_driver/_voiture2a_motors_driver_s.ep.rosidl_typesupport_introspection_c.c\n'}
[4.685223] (voiture2a_motors_driver) StdoutLine: {'line': b'-- Up-to-date: /voiture2A-ros/install/voiture2a_motors_driver/lib/python3.10/site-packages/voiture2a_motors_driver/msg\n'}
[4.685496] (voiture2a_motors_driver) StdoutLine: {'line': b'-- Up-to-date: /voiture2A-ros/install/voiture2a_motors_driver/lib/python3.10/site-packages/voiture2a_motors_driver/msg/_engine_s.c\n'}
[4.685760] (voiture2a_motors_driver) StdoutLine: {'line': b'-- Up-to-date: /voiture2A-ros/install/voiture2a_motors_driver/lib/python3.10/site-packages/voiture2a_motors_driver/msg/_motors_state_s.c\n'}
[4.686013] (voiture2a_motors_driver) StdoutLine: {'line': b'-- Up-to-date: /voiture2A-ros/install/voiture2a_motors_driver/lib/python3.10/site-packages/voiture2a_motors_driver/msg/_engine.py\n'}
[4.686271] (voiture2a_motors_driver) StdoutLine: {'line': b'-- Up-to-date: /voiture2A-ros/install/voiture2a_motors_driver/lib/python3.10/site-packages/voiture2a_motors_driver/msg/_motors_state.py\n'}
[4.686558] (voiture2a_motors_driver) StdoutLine: {'line': b'-- Up-to-date: /voiture2A-ros/install/voiture2a_motors_driver/lib/python3.10/site-packages/voiture2a_motors_driver/msg/__init__.py\n'}
[4.686842] (voiture2a_motors_driver) StdoutLine: {'line': b'-- Up-to-date: /voiture2A-ros/install/voiture2a_motors_driver/lib/python3.10/site-packages/voiture2a_motors_driver/_voiture2a_motors_driver_s.ep.rosidl_typesupport_c.c\n'}
[4.687101] (voiture2a_motors_driver) StdoutLine: {'line': b'-- Up-to-date: /voiture2A-ros/install/voiture2a_motors_driver/lib/python3.10/site-packages/voiture2a_motors_driver/_voiture2a_motors_driver_s.ep.rosidl_typesupport_fastrtps_c.c\n'}
[4.687367] (voiture2a_motors_driver) StdoutLine: {'line': b'-- Up-to-date: /voiture2A-ros/install/voiture2a_motors_driver/lib/python3.10/site-packages/voiture2a_motors_driver/__init__.py\n'}
[4.733104] (-) TimerEvent: {}
[4.778797] (notre_package) StdoutLine: {'line': b'running egg_info\n'}
[4.782517] (notre_package) StdoutLine: {'line': b'writing ../../build/notre_package/notre_package.egg-info/PKG-INFO\n'}
[4.783879] (notre_package) StdoutLine: {'line': b'writing dependency_links to ../../build/notre_package/notre_package.egg-info/dependency_links.txt\n'}
[4.785062] (notre_package) StdoutLine: {'line': b'writing entry points to ../../build/notre_package/notre_package.egg-info/entry_points.txt\n'}
[4.785530] (notre_package) StdoutLine: {'line': b'writing requirements to ../../build/notre_package/notre_package.egg-info/requires.txt\n'}
[4.786080] (notre_package) StdoutLine: {'line': b'writing top-level names to ../../build/notre_package/notre_package.egg-info/top_level.txt\n'}
[4.793201] (notre_package) StdoutLine: {'line': b"reading manifest file '../../build/notre_package/notre_package.egg-info/SOURCES.txt'\n"}
[4.797728] (notre_package) StdoutLine: {'line': b"writing manifest file '../../build/notre_package/notre_package.egg-info/SOURCES.txt'\n"}
[4.798542] (notre_package) StdoutLine: {'line': b'running build\n'}
[4.799098] (notre_package) StdoutLine: {'line': b'running build_py\n'}
[4.800324] (notre_package) StdoutLine: {'line': b'copying notre_package/localization.py -> /voiture2A-ros/build/notre_package/build/lib/notre_package\n'}
[4.802107] (notre_package) StdoutLine: {'line': b'running install\n'}
[4.803662] (notre_package) StdoutLine: {'line': b'running install_lib\n'}
[4.807719] (notre_package) StdoutLine: {'line': b'copying /voiture2A-ros/build/notre_package/build/lib/notre_package/localization.py -> /voiture2A-ros/install/notre_package/lib/python3.10/site-packages/notre_package\n'}
[4.809843] (notre_package) StdoutLine: {'line': b'byte-compiling /voiture2A-ros/install/notre_package/lib/python3.10/site-packages/notre_package/localization.py to localization.cpython-310.pyc\n'}
[4.827583] (notre_package) StdoutLine: {'line': b'running install_data\n'}
[4.828166] (notre_package) StdoutLine: {'line': b'running install_egg_info\n'}
[4.833398] (-) TimerEvent: {}
[4.834748] (notre_package) StdoutLine: {'line': b"removing '/voiture2A-ros/install/notre_package/lib/python3.10/site-packages/notre_package-0.0.0-py3.10.egg-info' (and everything under it)\n"}
[4.835998] (notre_package) StdoutLine: {'line': b'Copying ../../build/notre_package/notre_package.egg-info to /voiture2A-ros/install/notre_package/lib/python3.10/site-packages/notre_package-0.0.0-py3.10.egg-info\n'}
[4.839445] (notre_package) StdoutLine: {'line': b'running install_scripts\n'}
[4.933629] (-) TimerEvent: {}
[4.945907] (notre_package) StdoutLine: {'line': b'Installing control_node script to /voiture2A-ros/install/notre_package/lib/notre_package\n'}
[4.946848] (notre_package) StdoutLine: {'line': b'Installing localization_node script to /voiture2A-ros/install/notre_package/lib/notre_package\n'}
[4.947228] (notre_package) StdoutLine: {'line': b'Installing mission_node script to /voiture2A-ros/install/notre_package/lib/notre_package\n'}
[4.947946] (notre_package) StdoutLine: {'line': b"writing list of installed files to '/voiture2A-ros/build/notre_package/install.log'\n"}
[4.963961] (voiture2a_motors_driver) StdoutLine: {'line': b"Listing '/voiture2A-ros/install/voiture2a_motors_driver/lib/python3.10/site-packages/voiture2a_motors_driver'...\n"}
[4.964520] (voiture2a_motors_driver) StdoutLine: {'line': b"Listing '/voiture2A-ros/install/voiture2a_motors_driver/lib/python3.10/site-packages/voiture2a_motors_driver/msg'...\n"}
[4.987988] (voiture2a_motors_driver) StdoutLine: {'line': b'-- Up-to-date: /voiture2A-ros/install/voiture2a_motors_driver/lib/python3.10/site-packages/voiture2a_motors_driver/voiture2a_motors_driver_s__rosidl_typesupport_fastrtps_c.cpython-310-aarch64-linux-gnu.so\n'}
[4.988890] (voiture2a_motors_driver) StdoutLine: {'line': b'-- Up-to-date: /voiture2A-ros/install/voiture2a_motors_driver/lib/python3.10/site-packages/voiture2a_motors_driver/voiture2a_motors_driver_s__rosidl_typesupport_introspection_c.cpython-310-aarch64-linux-gnu.so\n'}
[4.989763] (voiture2a_motors_driver) StdoutLine: {'line': b'-- Up-to-date: /voiture2A-ros/install/voiture2a_motors_driver/lib/python3.10/site-packages/voiture2a_motors_driver/voiture2a_motors_driver_s__rosidl_typesupport_c.cpython-310-aarch64-linux-gnu.so\n'}
[4.990733] (voiture2a_motors_driver) StdoutLine: {'line': b'-- Up-to-date: /voiture2A-ros/install/voiture2a_motors_driver/lib/libvoiture2a_motors_driver__rosidl_generator_py.so\n'}
[4.991232] (voiture2a_motors_driver) StdoutLine: {'line': b'-- Up-to-date: /voiture2A-ros/install/voiture2a_motors_driver/share/voiture2a_motors_driver/msg/MotorsState.idl\n'}
[4.992169] (voiture2a_motors_driver) StdoutLine: {'line': b'-- Up-to-date: /voiture2A-ros/install/voiture2a_motors_driver/share/voiture2a_motors_driver/msg/Engine.idl\n'}
[4.993352] (voiture2a_motors_driver) StdoutLine: {'line': b'-- Up-to-date: /voiture2A-ros/install/voiture2a_motors_driver/share/voiture2a_motors_driver/msg/MotorsState.msg\n'}
[4.993866] (voiture2a_motors_driver) StdoutLine: {'line': b'-- Up-to-date: /voiture2A-ros/install/voiture2a_motors_driver/share/voiture2a_motors_driver/msg/Engine.msg\n'}
[4.994161] (voiture2a_motors_driver) StdoutLine: {'line': b'-- Up-to-date: /voiture2A-ros/install/voiture2a_motors_driver/lib/voiture2a_motors_driver/motors_node\n'}
[4.994484] (voiture2a_motors_driver) StdoutLine: {'line': b'-- Up-to-date: /voiture2A-ros/install/voiture2a_motors_driver/share/ament_index/resource_index/package_run_dependencies/voiture2a_motors_driver\n'}
[4.994901] (voiture2a_motors_driver) StdoutLine: {'line': b'-- Up-to-date: /voiture2A-ros/install/voiture2a_motors_driver/share/ament_index/resource_index/parent_prefix_path/voiture2a_motors_driver\n'}
[4.995251] (voiture2a_motors_driver) StdoutLine: {'line': b'-- Up-to-date: /voiture2A-ros/install/voiture2a_motors_driver/share/voiture2a_motors_driver/environment/ament_prefix_path.sh\n'}
[4.995774] (voiture2a_motors_driver) StdoutLine: {'line': b'-- Up-to-date: /voiture2A-ros/install/voiture2a_motors_driver/share/voiture2a_motors_driver/environment/ament_prefix_path.dsv\n'}
[4.996116] (voiture2a_motors_driver) StdoutLine: {'line': b'-- Up-to-date: /voiture2A-ros/install/voiture2a_motors_driver/share/voiture2a_motors_driver/environment/path.sh\n'}
[4.998626] (voiture2a_motors_driver) StdoutLine: {'line': b'-- Up-to-date: /voiture2A-ros/install/voiture2a_motors_driver/share/voiture2a_motors_driver/environment/path.dsv\n'}
[4.999700] (voiture2a_motors_driver) StdoutLine: {'line': b'-- Up-to-date: /voiture2A-ros/install/voiture2a_motors_driver/share/voiture2a_motors_driver/local_setup.bash\n'}
[5.000859] (voiture2a_motors_driver) StdoutLine: {'line': b'-- Up-to-date: /voiture2A-ros/install/voiture2a_motors_driver/share/voiture2a_motors_driver/local_setup.sh\n'}
[5.001858] (voiture2a_motors_driver) StdoutLine: {'line': b'-- Up-to-date: /voiture2A-ros/install/voiture2a_motors_driver/share/voiture2a_motors_driver/local_setup.zsh\n'}
[5.002261] (voiture2a_motors_driver) StdoutLine: {'line': b'-- Up-to-date: /voiture2A-ros/install/voiture2a_motors_driver/share/voiture2a_motors_driver/local_setup.dsv\n'}
[5.002591] (voiture2a_motors_driver) StdoutLine: {'line': b'-- Installing: /voiture2A-ros/install/voiture2a_motors_driver/share/voiture2a_motors_driver/package.dsv\n'}
[5.002891] (voiture2a_motors_driver) StdoutLine: {'line': b'-- Up-to-date: /voiture2A-ros/install/voiture2a_motors_driver/share/ament_index/resource_index/packages/voiture2a_motors_driver\n'}
[5.003211] (voiture2a_motors_driver) StdoutLine: {'line': b'-- Up-to-date: /voiture2A-ros/install/voiture2a_motors_driver/share/voiture2a_motors_driver/cmake/export_voiture2a_motors_driver__rosidl_generator_cExport.cmake\n'}
[5.003508] (voiture2a_motors_driver) StdoutLine: {'line': b'-- Up-to-date: /voiture2A-ros/install/voiture2a_motors_driver/share/voiture2a_motors_driver/cmake/export_voiture2a_motors_driver__rosidl_generator_cExport-noconfig.cmake\n'}
[5.003780] (voiture2a_motors_driver) StdoutLine: {'line': b'-- Up-to-date: /voiture2A-ros/install/voiture2a_motors_driver/share/voiture2a_motors_driver/cmake/export_voiture2a_motors_driver__rosidl_typesupport_fastrtps_cExport.cmake\n'}
[5.004045] (voiture2a_motors_driver) StdoutLine: {'line': b'-- Up-to-date: /voiture2A-ros/install/voiture2a_motors_driver/share/voiture2a_motors_driver/cmake/export_voiture2a_motors_driver__rosidl_typesupport_fastrtps_cExport-noconfig.cmake\n'}
[5.004325] (voiture2a_motors_driver) StdoutLine: {'line': b'-- Up-to-date: /voiture2A-ros/install/voiture2a_motors_driver/share/voiture2a_motors_driver/cmake/export_voiture2a_motors_driver__rosidl_generator_cppExport.cmake\n'}
[5.004621] (voiture2a_motors_driver) StdoutLine: {'line': b'-- Up-to-date: /voiture2A-ros/install/voiture2a_motors_driver/share/voiture2a_motors_driver/cmake/export_voiture2a_motors_driver__rosidl_typesupport_fastrtps_cppExport.cmake\n'}
[5.004895] (voiture2a_motors_driver) StdoutLine: {'line': b'-- Up-to-date: /voiture2A-ros/install/voiture2a_motors_driver/share/voiture2a_motors_driver/cmake/export_voiture2a_motors_driver__rosidl_typesupport_fastrtps_cppExport-noconfig.cmake\n'}
[5.005155] (voiture2a_motors_driver) StdoutLine: {'line': b'-- Up-to-date: /voiture2A-ros/install/voiture2a_motors_driver/share/voiture2a_motors_driver/cmake/voiture2a_motors_driver__rosidl_typesupport_introspection_cExport.cmake\n'}
[5.005436] (voiture2a_motors_driver) StdoutLine: {'line': b'-- Up-to-date: /voiture2A-ros/install/voiture2a_motors_driver/share/voiture2a_motors_driver/cmake/voiture2a_motors_driver__rosidl_typesupport_introspection_cExport-noconfig.cmake\n'}
[5.005720] (voiture2a_motors_driver) StdoutLine: {'line': b'-- Up-to-date: /voiture2A-ros/install/voiture2a_motors_driver/share/voiture2a_motors_driver/cmake/voiture2a_motors_driver__rosidl_typesupport_cExport.cmake\n'}
[5.005980] (voiture2a_motors_driver) StdoutLine: {'line': b'-- Up-to-date: /voiture2A-ros/install/voiture2a_motors_driver/share/voiture2a_motors_driver/cmake/voiture2a_motors_driver__rosidl_typesupport_cExport-noconfig.cmake\n'}
[5.006240] (voiture2a_motors_driver) StdoutLine: {'line': b'-- Up-to-date: /voiture2A-ros/install/voiture2a_motors_driver/share/voiture2a_motors_driver/cmake/voiture2a_motors_driver__rosidl_typesupport_introspection_cppExport.cmake\n'}
[5.006524] (voiture2a_motors_driver) StdoutLine: {'line': b'-- Up-to-date: /voiture2A-ros/install/voiture2a_motors_driver/share/voiture2a_motors_driver/cmake/voiture2a_motors_driver__rosidl_typesupport_introspection_cppExport-noconfig.cmake\n'}
[5.006794] (voiture2a_motors_driver) StdoutLine: {'line': b'-- Up-to-date: /voiture2A-ros/install/voiture2a_motors_driver/share/voiture2a_motors_driver/cmake/voiture2a_motors_driver__rosidl_typesupport_cppExport.cmake\n'}
[5.007051] (voiture2a_motors_driver) StdoutLine: {'line': b'-- Up-to-date: /voiture2A-ros/install/voiture2a_motors_driver/share/voiture2a_motors_driver/cmake/voiture2a_motors_driver__rosidl_typesupport_cppExport-noconfig.cmake\n'}
[5.007352] (voiture2a_motors_driver) StdoutLine: {'line': b'-- Up-to-date: /voiture2A-ros/install/voiture2a_motors_driver/share/voiture2a_motors_driver/cmake/export_voiture2a_motors_driver__rosidl_generator_pyExport.cmake\n'}
[5.007653] (voiture2a_motors_driver) StdoutLine: {'line': b'-- Up-to-date: /voiture2A-ros/install/voiture2a_motors_driver/share/voiture2a_motors_driver/cmake/export_voiture2a_motors_driver__rosidl_generator_pyExport-noconfig.cmake\n'}
[5.007921] (voiture2a_motors_driver) StdoutLine: {'line': b'-- Up-to-date: /voiture2A-ros/install/voiture2a_motors_driver/share/voiture2a_motors_driver/cmake/rosidl_cmake-extras.cmake\n'}
[5.008179] (voiture2a_motors_driver) StdoutLine: {'line': b'-- Up-to-date: /voiture2A-ros/install/voiture2a_motors_driver/share/voiture2a_motors_driver/cmake/ament_cmake_export_include_directories-extras.cmake\n'}
[5.008477] (voiture2a_motors_driver) StdoutLine: {'line': b'-- Up-to-date: /voiture2A-ros/install/voiture2a_motors_driver/share/voiture2a_motors_driver/cmake/ament_cmake_export_libraries-extras.cmake\n'}
[5.008796] (voiture2a_motors_driver) StdoutLine: {'line': b'-- Up-to-date: /voiture2A-ros/install/voiture2a_motors_driver/share/voiture2a_motors_driver/cmake/ament_cmake_export_targets-extras.cmake\n'}
[5.009129] (voiture2a_motors_driver) StdoutLine: {'line': b'-- Up-to-date: /voiture2A-ros/install/voiture2a_motors_driver/share/voiture2a_motors_driver/cmake/rosidl_cmake_export_typesupport_targets-extras.cmake\n'}
[5.009461] (voiture2a_motors_driver) StdoutLine: {'line': b'-- Up-to-date: /voiture2A-ros/install/voiture2a_motors_driver/share/voiture2a_motors_driver/cmake/ament_cmake_export_dependencies-extras.cmake\n'}
[5.009759] (voiture2a_motors_driver) StdoutLine: {'line': b'-- Up-to-date: /voiture2A-ros/install/voiture2a_motors_driver/share/voiture2a_motors_driver/cmake/rosidl_cmake_export_typesupport_libraries-extras.cmake\n'}
[5.010041] (voiture2a_motors_driver) StdoutLine: {'line': b'-- Up-to-date: /voiture2A-ros/install/voiture2a_motors_driver/share/voiture2a_motors_driver/cmake/voiture2a_motors_driverConfig.cmake\n'}
[5.010318] (voiture2a_motors_driver) StdoutLine: {'line': b'-- Up-to-date: /voiture2A-ros/install/voiture2a_motors_driver/share/voiture2a_motors_driver/cmake/voiture2a_motors_driverConfig-version.cmake\n'}
[5.010620] (voiture2a_motors_driver) StdoutLine: {'line': b'-- Up-to-date: /voiture2A-ros/install/voiture2a_motors_driver/share/voiture2a_motors_driver/package.xml\n'}
[5.020172] (voiture2a_motors_driver) CommandEnded: {'returncode': 0}
[5.034142] (-) TimerEvent: {}
[5.100160] (voiture2a_motors_driver) JobEnded: {'identifier': 'voiture2a_motors_driver', 'rc': 0}
[5.104607] (notre_package) CommandEnded: {'returncode': 0}
[5.133137] (notre_package) JobEnded: {'identifier': 'notre_package', 'rc': 0}
[5.135159] (-) TimerEvent: {}
[5.135267] (-) EventReactorShutdown: {}
