[2.182s] Invoking command in '/voiture2A-ros/build/gpsd_client': CMAKE_PREFIX_PATH=/opt/ros/rolling /usr/bin/cmake --build /voiture2A-ros/build/gpsd_client -- -j16 -l16
[3.596s] [  2%] Built target gpsd_client__rosidl_generator_type_description
[3.600s] [  2%] Built target ament_cmake_python_copy_gpsd_client
[3.602s] [  5%] Built target gpsd_client__cpp
[3.603s] [ 19%] Built target gpsd_client__rosidl_generator_c
[3.637s] [ 30%] Built target gpsd_client__rosidl_typesupport_introspection_c
[3.643s] [ 36%] Built target gpsd_client__rosidl_typesupport_c
[3.662s] [ 44%] Built target gpsd_client__rosidl_typesupport_cpp
[3.663s] [ 61%] Built target gpsd_client__rosidl_typesupport_fastrtps_cpp
[3.663s] [ 61%] Built target gpsd_client__rosidl_typesupport_fastrtps_c
[3.664s] [ 69%] Built target gpsd_client__rosidl_typesupport_introspection_cpp
[3.984s] [ 69%] Built target gpsd_client
[4.023s] [ 75%] Built target gpsd_node
[4.305s] [ 77%] Built target gpsd_client__py
[4.609s] running egg_info
[4.614s] writing gpsd_client.egg-info/PKG-INFO
[4.616s] writing dependency_links to gpsd_client.egg-info/dependency_links.txt
[4.617s] writing top-level names to gpsd_client.egg-info/top_level.txt
[4.630s] reading manifest file 'gpsd_client.egg-info/SOURCES.txt'
[4.634s] writing manifest file 'gpsd_client.egg-info/SOURCES.txt'
[4.642s] [ 83%] Built target gpsd_client__rosidl_generator_py
[4.876s] [ 83%] Built target ament_cmake_python_build_gpsd_client_egg
[5.104s] [ 88%] Built target gpsd_client__rosidl_typesupport_introspection_c__pyext
[5.113s] [ 94%] Built target gpsd_client__rosidl_typesupport_fastrtps_c__pyext
[5.128s] [100%] Built target gpsd_client__rosidl_typesupport_c__pyext
[5.237s] Invoked command in '/voiture2A-ros/build/gpsd_client' returned '0': CMAKE_PREFIX_PATH=/opt/ros/rolling /usr/bin/cmake --build /voiture2A-ros/build/gpsd_client -- -j16 -l16
[5.332s] Invoking command in '/voiture2A-ros/build/gpsd_client': CMAKE_PREFIX_PATH=/opt/ros/rolling /usr/bin/cmake --install /voiture2A-ros/build/gpsd_client
[5.442s] -- Install configuration: ""
[5.447s] -- Up-to-date: /voiture2A-ros/install/gpsd_client/share/ament_index/resource_index/rosidl_interfaces/gpsd_client
[5.448s] -- Up-to-date: /voiture2A-ros/install/gpsd_client/share/gpsd_client/msg/GpsFix.json
[5.448s] -- Up-to-date: /voiture2A-ros/install/gpsd_client/include/gpsd_client/gpsd_client
[5.449s] -- Up-to-date: /voiture2A-ros/install/gpsd_client/include/gpsd_client/gpsd_client/msg
[5.449s] -- Up-to-date: /voiture2A-ros/install/gpsd_client/include/gpsd_client/gpsd_client/msg/gps_fix.h
[5.449s] -- Up-to-date: /voiture2A-ros/install/gpsd_client/include/gpsd_client/gpsd_client/msg/rosidl_generator_c__visibility_control.h
[5.450s] -- Up-to-date: /voiture2A-ros/install/gpsd_client/include/gpsd_client/gpsd_client/msg/detail
[5.450s] -- Up-to-date: /voiture2A-ros/install/gpsd_client/include/gpsd_client/gpsd_client/msg/detail/gps_fix__functions.h
[5.451s] -- Up-to-date: /voiture2A-ros/install/gpsd_client/include/gpsd_client/gpsd_client/msg/detail/gps_fix__description.c
[5.452s] -- Up-to-date: /voiture2A-ros/install/gpsd_client/include/gpsd_client/gpsd_client/msg/detail/gps_fix__functions.c
[5.452s] -- Up-to-date: /voiture2A-ros/install/gpsd_client/include/gpsd_client/gpsd_client/msg/detail/gps_fix__struct.h
[5.453s] -- Up-to-date: /voiture2A-ros/install/gpsd_client/include/gpsd_client/gpsd_client/msg/detail/gps_fix__type_support.h
[5.454s] -- Installing: /voiture2A-ros/install/gpsd_client/include/gpsd_client/gpsd_client/msg/detail/gps_fix__type_support.c
[5.454s] -- Up-to-date: /voiture2A-ros/install/gpsd_client/share/gpsd_client/environment/library_path.sh
[5.456s] -- Up-to-date: /voiture2A-ros/install/gpsd_client/share/gpsd_client/environment/library_path.dsv
[5.457s] -- Up-to-date: /voiture2A-ros/install/gpsd_client/lib/libgpsd_client__rosidl_generator_c.so
[5.458s] -- Up-to-date: /voiture2A-ros/install/gpsd_client/include/gpsd_client/gpsd_client
[5.459s] -- Up-to-date: /voiture2A-ros/install/gpsd_client/include/gpsd_client/gpsd_client/msg
[5.463s] -- Up-to-date: /voiture2A-ros/install/gpsd_client/include/gpsd_client/gpsd_client/msg/rosidl_typesupport_fastrtps_c__visibility_control.h
[5.466s] -- Up-to-date: /voiture2A-ros/install/gpsd_client/include/gpsd_client/gpsd_client/msg/detail
[5.467s] -- Up-to-date: /voiture2A-ros/install/gpsd_client/include/gpsd_client/gpsd_client/msg/detail/gps_fix__rosidl_typesupport_fastrtps_c.h
[5.471s] -- Up-to-date: /voiture2A-ros/install/gpsd_client/lib/libgpsd_client__rosidl_typesupport_fastrtps_c.so
[5.471s] -- Up-to-date: /voiture2A-ros/install/gpsd_client/include/gpsd_client/gpsd_client
[5.472s] -- Up-to-date: /voiture2A-ros/install/gpsd_client/include/gpsd_client/gpsd_client/msg
[5.473s] -- Up-to-date: /voiture2A-ros/install/gpsd_client/include/gpsd_client/gpsd_client/msg/rosidl_typesupport_introspection_c__visibility_control.h
[5.473s] -- Up-to-date: /voiture2A-ros/install/gpsd_client/include/gpsd_client/gpsd_client/msg/detail
[5.474s] -- Up-to-date: /voiture2A-ros/install/gpsd_client/include/gpsd_client/gpsd_client/msg/detail/gps_fix__rosidl_typesupport_introspection_c.h
[5.474s] -- Installing: /voiture2A-ros/install/gpsd_client/include/gpsd_client/gpsd_client/msg/detail/gps_fix__type_support.c
[5.476s] -- Up-to-date: /voiture2A-ros/install/gpsd_client/lib/libgpsd_client__rosidl_typesupport_introspection_c.so
[5.478s] -- Up-to-date: /voiture2A-ros/install/gpsd_client/lib/libgpsd_client__rosidl_typesupport_c.so
[5.482s] -- Up-to-date: /voiture2A-ros/install/gpsd_client/include/gpsd_client/gpsd_client
[5.483s] -- Up-to-date: /voiture2A-ros/install/gpsd_client/include/gpsd_client/gpsd_client/msg
[5.484s] -- Up-to-date: /voiture2A-ros/install/gpsd_client/include/gpsd_client/gpsd_client/msg/gps_fix.hpp
[5.485s] -- Up-to-date: /voiture2A-ros/install/gpsd_client/include/gpsd_client/gpsd_client/msg/detail
[5.487s] -- Up-to-date: /voiture2A-ros/install/gpsd_client/include/gpsd_client/gpsd_client/msg/detail/gps_fix__traits.hpp
[5.491s] -- Up-to-date: /voiture2A-ros/install/gpsd_client/include/gpsd_client/gpsd_client/msg/detail/gps_fix__builder.hpp
[5.494s] -- Up-to-date: /voiture2A-ros/install/gpsd_client/include/gpsd_client/gpsd_client/msg/detail/gps_fix__struct.hpp
[5.494s] -- Up-to-date: /voiture2A-ros/install/gpsd_client/include/gpsd_client/gpsd_client/msg/detail/gps_fix__type_support.hpp
[5.495s] -- Up-to-date: /voiture2A-ros/install/gpsd_client/include/gpsd_client/gpsd_client/msg/rosidl_generator_cpp__visibility_control.hpp
[5.495s] -- Up-to-date: /voiture2A-ros/install/gpsd_client/include/gpsd_client/gpsd_client
[5.496s] -- Up-to-date: /voiture2A-ros/install/gpsd_client/include/gpsd_client/gpsd_client/msg
[5.496s] -- Up-to-date: /voiture2A-ros/install/gpsd_client/include/gpsd_client/gpsd_client/msg/rosidl_typesupport_fastrtps_cpp__visibility_control.h
[5.497s] -- Up-to-date: /voiture2A-ros/install/gpsd_client/include/gpsd_client/gpsd_client/msg/detail
[5.497s] -- Up-to-date: /voiture2A-ros/install/gpsd_client/include/gpsd_client/gpsd_client/msg/detail/dds_fastrtps
[5.497s] -- Up-to-date: /voiture2A-ros/install/gpsd_client/include/gpsd_client/gpsd_client/msg/detail/gps_fix__rosidl_typesupport_fastrtps_cpp.hpp
[5.498s] -- Up-to-date: /voiture2A-ros/install/gpsd_client/lib/libgpsd_client__rosidl_typesupport_fastrtps_cpp.so
[5.499s] -- Up-to-date: /voiture2A-ros/install/gpsd_client/include/gpsd_client/gpsd_client
[5.499s] -- Up-to-date: /voiture2A-ros/install/gpsd_client/include/gpsd_client/gpsd_client/msg
[5.499s] -- Up-to-date: /voiture2A-ros/install/gpsd_client/include/gpsd_client/gpsd_client/msg/detail
[5.500s] -- Up-to-date: /voiture2A-ros/install/gpsd_client/include/gpsd_client/gpsd_client/msg/detail/gps_fix__type_support.cpp
[5.500s] -- Up-to-date: /voiture2A-ros/install/gpsd_client/include/gpsd_client/gpsd_client/msg/detail/gps_fix__rosidl_typesupport_introspection_cpp.hpp
[5.501s] -- Up-to-date: /voiture2A-ros/install/gpsd_client/lib/libgpsd_client__rosidl_typesupport_introspection_cpp.so
[5.502s] -- Up-to-date: /voiture2A-ros/install/gpsd_client/lib/libgpsd_client__rosidl_typesupport_cpp.so
[5.503s] -- Up-to-date: /voiture2A-ros/install/gpsd_client/share/gpsd_client/environment/pythonpath.sh
[5.503s] -- Up-to-date: /voiture2A-ros/install/gpsd_client/share/gpsd_client/environment/pythonpath.dsv
[5.503s] -- Up-to-date: /voiture2A-ros/install/gpsd_client/lib/python3.10/site-packages/gpsd_client-1.0.0-py3.10.egg-info
[5.504s] -- Installing: /voiture2A-ros/install/gpsd_client/lib/python3.10/site-packages/gpsd_client-1.0.0-py3.10.egg-info/dependency_links.txt
[5.505s] -- Installing: /voiture2A-ros/install/gpsd_client/lib/python3.10/site-packages/gpsd_client-1.0.0-py3.10.egg-info/PKG-INFO
[5.506s] -- Installing: /voiture2A-ros/install/gpsd_client/lib/python3.10/site-packages/gpsd_client-1.0.0-py3.10.egg-info/top_level.txt
[5.506s] -- Installing: /voiture2A-ros/install/gpsd_client/lib/python3.10/site-packages/gpsd_client-1.0.0-py3.10.egg-info/SOURCES.txt
[5.506s] -- Up-to-date: /voiture2A-ros/install/gpsd_client/lib/python3.10/site-packages/gpsd_client
[5.506s] -- Up-to-date: /voiture2A-ros/install/gpsd_client/lib/python3.10/site-packages/gpsd_client/_gpsd_client_s.ep.rosidl_typesupport_c.c
[5.507s] -- Up-to-date: /voiture2A-ros/install/gpsd_client/lib/python3.10/site-packages/gpsd_client/msg
[5.507s] -- Up-to-date: /voiture2A-ros/install/gpsd_client/lib/python3.10/site-packages/gpsd_client/msg/_gps_fix.py
[5.507s] -- Up-to-date: /voiture2A-ros/install/gpsd_client/lib/python3.10/site-packages/gpsd_client/msg/_gps_fix_s.c
[5.508s] -- Up-to-date: /voiture2A-ros/install/gpsd_client/lib/python3.10/site-packages/gpsd_client/msg/__init__.py
[5.508s] -- Up-to-date: /voiture2A-ros/install/gpsd_client/lib/python3.10/site-packages/gpsd_client/_gpsd_client_s.ep.rosidl_typesupport_fastrtps_c.c
[5.508s] -- Up-to-date: /voiture2A-ros/install/gpsd_client/lib/python3.10/site-packages/gpsd_client/_gpsd_client_s.ep.rosidl_typesupport_introspection_c.c
[5.509s] -- Up-to-date: /voiture2A-ros/install/gpsd_client/lib/python3.10/site-packages/gpsd_client/__init__.py
[5.793s] Listing '/voiture2A-ros/install/gpsd_client/lib/python3.10/site-packages/gpsd_client'...
[5.793s] Listing '/voiture2A-ros/install/gpsd_client/lib/python3.10/site-packages/gpsd_client/msg'...
[5.817s] -- Up-to-date: /voiture2A-ros/install/gpsd_client/lib/python3.10/site-packages/gpsd_client/gpsd_client_s__rosidl_typesupport_fastrtps_c.cpython-310-aarch64-linux-gnu.so
[5.818s] -- Up-to-date: /voiture2A-ros/install/gpsd_client/lib/python3.10/site-packages/gpsd_client/gpsd_client_s__rosidl_typesupport_introspection_c.cpython-310-aarch64-linux-gnu.so
[5.819s] -- Up-to-date: /voiture2A-ros/install/gpsd_client/lib/python3.10/site-packages/gpsd_client/gpsd_client_s__rosidl_typesupport_c.cpython-310-aarch64-linux-gnu.so
[5.820s] -- Up-to-date: /voiture2A-ros/install/gpsd_client/lib/libgpsd_client__rosidl_generator_py.so
[5.823s] -- Up-to-date: /voiture2A-ros/install/gpsd_client/share/gpsd_client/msg/GpsFix.idl
[5.823s] -- Up-to-date: /voiture2A-ros/install/gpsd_client/share/gpsd_client/msg/GpsFix.msg
[5.824s] -- Up-to-date: /voiture2A-ros/install/gpsd_client/lib/gpsd_client/gpsd_node
[5.825s] -- Up-to-date: /voiture2A-ros/install/gpsd_client/share/ament_index/resource_index/package_run_dependencies/gpsd_client
[5.827s] -- Up-to-date: /voiture2A-ros/install/gpsd_client/share/ament_index/resource_index/parent_prefix_path/gpsd_client
[5.828s] -- Up-to-date: /voiture2A-ros/install/gpsd_client/share/gpsd_client/environment/ament_prefix_path.sh
[5.828s] -- Up-to-date: /voiture2A-ros/install/gpsd_client/share/gpsd_client/environment/ament_prefix_path.dsv
[5.829s] -- Up-to-date: /voiture2A-ros/install/gpsd_client/share/gpsd_client/environment/path.sh
[5.830s] -- Up-to-date: /voiture2A-ros/install/gpsd_client/share/gpsd_client/environment/path.dsv
[5.831s] -- Up-to-date: /voiture2A-ros/install/gpsd_client/share/gpsd_client/local_setup.bash
[5.831s] -- Up-to-date: /voiture2A-ros/install/gpsd_client/share/gpsd_client/local_setup.sh
[5.832s] -- Up-to-date: /voiture2A-ros/install/gpsd_client/share/gpsd_client/local_setup.zsh
[5.832s] -- Up-to-date: /voiture2A-ros/install/gpsd_client/share/gpsd_client/local_setup.dsv
[5.833s] -- Installing: /voiture2A-ros/install/gpsd_client/share/gpsd_client/package.dsv
[5.835s] -- Up-to-date: /voiture2A-ros/install/gpsd_client/share/ament_index/resource_index/packages/gpsd_client
[5.835s] -- Up-to-date: /voiture2A-ros/install/gpsd_client/share/gpsd_client/cmake/export_gpsd_client__rosidl_generator_cExport.cmake
[5.835s] -- Up-to-date: /voiture2A-ros/install/gpsd_client/share/gpsd_client/cmake/export_gpsd_client__rosidl_generator_cExport-noconfig.cmake
[5.836s] -- Up-to-date: /voiture2A-ros/install/gpsd_client/share/gpsd_client/cmake/export_gpsd_client__rosidl_typesupport_fastrtps_cExport.cmake
[5.836s] -- Up-to-date: /voiture2A-ros/install/gpsd_client/share/gpsd_client/cmake/export_gpsd_client__rosidl_typesupport_fastrtps_cExport-noconfig.cmake
[5.837s] -- Up-to-date: /voiture2A-ros/install/gpsd_client/share/gpsd_client/cmake/gpsd_client__rosidl_typesupport_introspection_cExport.cmake
[5.837s] -- Up-to-date: /voiture2A-ros/install/gpsd_client/share/gpsd_client/cmake/gpsd_client__rosidl_typesupport_introspection_cExport-noconfig.cmake
[5.840s] -- Up-to-date: /voiture2A-ros/install/gpsd_client/share/gpsd_client/cmake/gpsd_client__rosidl_typesupport_cExport.cmake
[5.840s] -- Up-to-date: /voiture2A-ros/install/gpsd_client/share/gpsd_client/cmake/gpsd_client__rosidl_typesupport_cExport-noconfig.cmake
[5.841s] -- Up-to-date: /voiture2A-ros/install/gpsd_client/share/gpsd_client/cmake/export_gpsd_client__rosidl_generator_cppExport.cmake
[5.843s] -- Up-to-date: /voiture2A-ros/install/gpsd_client/share/gpsd_client/cmake/export_gpsd_client__rosidl_typesupport_fastrtps_cppExport.cmake
[5.845s] -- Up-to-date: /voiture2A-ros/install/gpsd_client/share/gpsd_client/cmake/export_gpsd_client__rosidl_typesupport_fastrtps_cppExport-noconfig.cmake
[5.848s] -- Up-to-date: /voiture2A-ros/install/gpsd_client/share/gpsd_client/cmake/gpsd_client__rosidl_typesupport_introspection_cppExport.cmake
[5.851s] -- Up-to-date: /voiture2A-ros/install/gpsd_client/share/gpsd_client/cmake/gpsd_client__rosidl_typesupport_introspection_cppExport-noconfig.cmake
[5.853s] -- Up-to-date: /voiture2A-ros/install/gpsd_client/share/gpsd_client/cmake/gpsd_client__rosidl_typesupport_cppExport.cmake
[5.855s] -- Up-to-date: /voiture2A-ros/install/gpsd_client/share/gpsd_client/cmake/gpsd_client__rosidl_typesupport_cppExport-noconfig.cmake
[5.857s] -- Up-to-date: /voiture2A-ros/install/gpsd_client/share/gpsd_client/cmake/export_gpsd_client__rosidl_generator_pyExport.cmake
[5.858s] -- Up-to-date: /voiture2A-ros/install/gpsd_client/share/gpsd_client/cmake/export_gpsd_client__rosidl_generator_pyExport-noconfig.cmake
[5.860s] -- Up-to-date: /voiture2A-ros/install/gpsd_client/share/gpsd_client/cmake/rosidl_cmake-extras.cmake
[5.862s] -- Up-to-date: /voiture2A-ros/install/gpsd_client/share/gpsd_client/cmake/ament_cmake_export_dependencies-extras.cmake
[5.863s] -- Up-to-date: /voiture2A-ros/install/gpsd_client/share/gpsd_client/cmake/ament_cmake_export_include_directories-extras.cmake
[5.864s] -- Up-to-date: /voiture2A-ros/install/gpsd_client/share/gpsd_client/cmake/ament_cmake_export_libraries-extras.cmake
[5.864s] -- Up-to-date: /voiture2A-ros/install/gpsd_client/share/gpsd_client/cmake/ament_cmake_export_targets-extras.cmake
[5.865s] -- Up-to-date: /voiture2A-ros/install/gpsd_client/share/gpsd_client/cmake/rosidl_cmake_export_typesupport_targets-extras.cmake
[5.865s] -- Up-to-date: /voiture2A-ros/install/gpsd_client/share/gpsd_client/cmake/rosidl_cmake_export_typesupport_libraries-extras.cmake
[5.866s] -- Up-to-date: /voiture2A-ros/install/gpsd_client/share/gpsd_client/cmake/gpsd_clientConfig.cmake
[5.866s] -- Up-to-date: /voiture2A-ros/install/gpsd_client/share/gpsd_client/cmake/gpsd_clientConfig-version.cmake
[5.866s] -- Up-to-date: /voiture2A-ros/install/gpsd_client/share/gpsd_client/package.xml
[5.882s] Invoked command in '/voiture2A-ros/build/gpsd_client' returned '0': CMAKE_PREFIX_PATH=/opt/ros/rolling /usr/bin/cmake --install /voiture2A-ros/build/gpsd_client
