[0.080s] DEBUG:colcon:Command line arguments: ['/usr/bin/colcon', 'build']
[0.080s] DEBUG:colcon:Parsed command line arguments: Namespace(log_base=None, log_level=None, verb_name='build', build_base='build', install_base='install', merge_install=False, symlink_install=False, test_result_base=None, continue_on_error=False, executor='parallel', parallel_workers=16, event_handlers=None, ignore_user_meta=False, metas=['./colcon.meta'], base_paths=['.'], packages_ignore=None, packages_ignore_regex=None, paths=None, packages_up_to=None, packages_up_to_regex=None, packages_above=None, packages_above_and_dependencies=None, packages_above_depth=None, packages_select_by_dep=None, packages_skip_by_dep=None, packages_skip_up_to=None, packages_select_build_failed=False, packages_skip_build_finished=False, packages_select_test_failures=False, packages_skip_test_passed=False, packages_select=None, packages_skip=None, packages_select_regex=None, packages_skip_regex=None, packages_start=None, packages_end=None, allow_overriding=[], cmake_args=None, cmake_target=None, cmake_target_skip_unavailable=False, cmake_clean_cache=False, cmake_clean_first=False, cmake_force_configure=False, ament_cmake_args=None, catkin_cmake_args=None, catkin_skip_building_tests=False, verb_parser=<colcon_defaults.argument_parser.defaults.DefaultArgumentsDecorator object at 0x7a52feb74850>, verb_extension=<colcon_core.verb.build.BuildVerb object at 0x7a52feb74340>, main=<bound method BuildVerb.main of <colcon_core.verb.build.BuildVerb object at 0x7a52feb74340>>)
[0.218s] Level 1:colcon.colcon_core.package_discovery:discover_packages(colcon_meta) check parameters
[0.218s] Level 1:colcon.colcon_core.package_discovery:discover_packages(recursive) check parameters
[0.218s] Level 1:colcon.colcon_core.package_discovery:discover_packages(ignore) check parameters
[0.218s] Level 1:colcon.colcon_core.package_discovery:discover_packages(path) check parameters
[0.219s] Level 1:colcon.colcon_core.package_discovery:discover_packages(colcon_meta) discover
[0.219s] Level 1:colcon.colcon_core.package_discovery:discover_packages(recursive) discover
[0.219s] INFO:colcon.colcon_core.package_discovery:Crawling recursively for packages in '/home/maxime/Documents/ENSTA/UE4.1_ROS/voiture2A-ros-main'
[0.219s] Level 1:colcon.colcon_core.package_identification:_identify(.) by extensions ['ignore', 'ignore_ament_install']
[0.219s] Level 1:colcon.colcon_core.package_identification:_identify(.) by extension 'ignore'
[0.219s] Level 1:colcon.colcon_core.package_identification:_identify(.) by extension 'ignore_ament_install'
[0.219s] Level 1:colcon.colcon_core.package_identification:_identify(.) by extensions ['colcon_pkg']
[0.219s] Level 1:colcon.colcon_core.package_identification:_identify(.) by extension 'colcon_pkg'
[0.219s] Level 1:colcon.colcon_core.package_identification:_identify(.) by extensions ['colcon_meta']
[0.219s] Level 1:colcon.colcon_core.package_identification:_identify(.) by extension 'colcon_meta'
[0.219s] Level 1:colcon.colcon_core.package_identification:_identify(.) by extensions ['ros']
[0.219s] Level 1:colcon.colcon_core.package_identification:_identify(.) by extension 'ros'
[0.228s] Level 1:colcon.colcon_core.package_identification:_identify(.) by extensions ['cmake', 'python']
[0.228s] Level 1:colcon.colcon_core.package_identification:_identify(.) by extension 'cmake'
[0.228s] Level 1:colcon.colcon_core.package_identification:_identify(.) by extension 'python'
[0.228s] Level 1:colcon.colcon_core.package_identification:_identify(.) by extensions ['python_setup_py']
[0.228s] Level 1:colcon.colcon_core.package_identification:_identify(.) by extension 'python_setup_py'
[0.228s] Level 1:colcon.colcon_core.package_identification:_identify(build) by extensions ['ignore', 'ignore_ament_install']
[0.228s] Level 1:colcon.colcon_core.package_identification:_identify(build) by extension 'ignore'
[0.228s] Level 1:colcon.colcon_core.package_identification:_identify(build) ignored
[0.228s] Level 1:colcon.colcon_core.package_identification:_identify(docker) by extensions ['ignore', 'ignore_ament_install']
[0.228s] Level 1:colcon.colcon_core.package_identification:_identify(docker) by extension 'ignore'
[0.228s] Level 1:colcon.colcon_core.package_identification:_identify(docker) by extension 'ignore_ament_install'
[0.228s] Level 1:colcon.colcon_core.package_identification:_identify(docker) by extensions ['colcon_pkg']
[0.228s] Level 1:colcon.colcon_core.package_identification:_identify(docker) by extension 'colcon_pkg'
[0.228s] Level 1:colcon.colcon_core.package_identification:_identify(docker) by extensions ['colcon_meta']
[0.228s] Level 1:colcon.colcon_core.package_identification:_identify(docker) by extension 'colcon_meta'
[0.228s] Level 1:colcon.colcon_core.package_identification:_identify(docker) by extensions ['ros']
[0.228s] Level 1:colcon.colcon_core.package_identification:_identify(docker) by extension 'ros'
[0.229s] Level 1:colcon.colcon_core.package_identification:_identify(docker) by extensions ['cmake', 'python']
[0.229s] Level 1:colcon.colcon_core.package_identification:_identify(docker) by extension 'cmake'
[0.229s] Level 1:colcon.colcon_core.package_identification:_identify(docker) by extension 'python'
[0.229s] Level 1:colcon.colcon_core.package_identification:_identify(docker) by extensions ['python_setup_py']
[0.229s] Level 1:colcon.colcon_core.package_identification:_identify(docker) by extension 'python_setup_py'
[0.229s] Level 1:colcon.colcon_core.package_identification:_identify(install) by extensions ['ignore', 'ignore_ament_install']
[0.229s] Level 1:colcon.colcon_core.package_identification:_identify(install) by extension 'ignore'
[0.229s] Level 1:colcon.colcon_core.package_identification:_identify(install) ignored
[0.229s] Level 1:colcon.colcon_core.package_identification:_identify(log) by extensions ['ignore', 'ignore_ament_install']
[0.229s] Level 1:colcon.colcon_core.package_identification:_identify(log) by extension 'ignore'
[0.229s] Level 1:colcon.colcon_core.package_identification:_identify(log) ignored
[0.229s] Level 1:colcon.colcon_core.package_identification:_identify(src) by extensions ['ignore', 'ignore_ament_install']
[0.229s] Level 1:colcon.colcon_core.package_identification:_identify(src) by extension 'ignore'
[0.229s] Level 1:colcon.colcon_core.package_identification:_identify(src) by extension 'ignore_ament_install'
[0.229s] Level 1:colcon.colcon_core.package_identification:_identify(src) by extensions ['colcon_pkg']
[0.229s] Level 1:colcon.colcon_core.package_identification:_identify(src) by extension 'colcon_pkg'
[0.229s] Level 1:colcon.colcon_core.package_identification:_identify(src) by extensions ['colcon_meta']
[0.229s] Level 1:colcon.colcon_core.package_identification:_identify(src) by extension 'colcon_meta'
[0.229s] Level 1:colcon.colcon_core.package_identification:_identify(src) by extensions ['ros']
[0.229s] Level 1:colcon.colcon_core.package_identification:_identify(src) by extension 'ros'
[0.229s] Level 1:colcon.colcon_core.package_identification:_identify(src) by extensions ['cmake', 'python']
[0.229s] Level 1:colcon.colcon_core.package_identification:_identify(src) by extension 'cmake'
[0.229s] Level 1:colcon.colcon_core.package_identification:_identify(src) by extension 'python'
[0.229s] Level 1:colcon.colcon_core.package_identification:_identify(src) by extensions ['python_setup_py']
[0.229s] Level 1:colcon.colcon_core.package_identification:_identify(src) by extension 'python_setup_py'
[0.229s] Level 1:colcon.colcon_core.package_identification:_identify(src/gpsd_client) by extensions ['ignore', 'ignore_ament_install']
[0.229s] Level 1:colcon.colcon_core.package_identification:_identify(src/gpsd_client) by extension 'ignore'
[0.229s] Level 1:colcon.colcon_core.package_identification:_identify(src/gpsd_client) by extension 'ignore_ament_install'
[0.229s] Level 1:colcon.colcon_core.package_identification:_identify(src/gpsd_client) by extensions ['colcon_pkg']
[0.229s] Level 1:colcon.colcon_core.package_identification:_identify(src/gpsd_client) by extension 'colcon_pkg'
[0.229s] Level 1:colcon.colcon_core.package_identification:_identify(src/gpsd_client) by extensions ['colcon_meta']
[0.229s] Level 1:colcon.colcon_core.package_identification:_identify(src/gpsd_client) by extension 'colcon_meta'
[0.229s] Level 1:colcon.colcon_core.package_identification:_identify(src/gpsd_client) by extensions ['ros']
[0.230s] Level 1:colcon.colcon_core.package_identification:_identify(src/gpsd_client) by extension 'ros'
[0.231s] DEBUG:colcon.colcon_core.package_identification:Package 'src/gpsd_client' with type 'ros.ament_cmake' and name 'gpsd_client'
[0.231s] Level 1:colcon.colcon_core.package_identification:_identify(src/icm20948_driver) by extensions ['ignore', 'ignore_ament_install']
[0.231s] Level 1:colcon.colcon_core.package_identification:_identify(src/icm20948_driver) by extension 'ignore'
[0.231s] Level 1:colcon.colcon_core.package_identification:_identify(src/icm20948_driver) by extension 'ignore_ament_install'
[0.232s] Level 1:colcon.colcon_core.package_identification:_identify(src/icm20948_driver) by extensions ['colcon_pkg']
[0.232s] Level 1:colcon.colcon_core.package_identification:_identify(src/icm20948_driver) by extension 'colcon_pkg'
[0.232s] Level 1:colcon.colcon_core.package_identification:_identify(src/icm20948_driver) by extensions ['colcon_meta']
[0.232s] Level 1:colcon.colcon_core.package_identification:_identify(src/icm20948_driver) by extension 'colcon_meta'
[0.232s] Level 1:colcon.colcon_core.package_identification:_identify(src/icm20948_driver) by extensions ['ros']
[0.232s] Level 1:colcon.colcon_core.package_identification:_identify(src/icm20948_driver) by extension 'ros'
[0.232s] DEBUG:colcon.colcon_core.package_identification:Package 'src/icm20948_driver' with type 'ros.ament_cmake' and name 'icm20948_driver'
[0.232s] Level 1:colcon.colcon_core.package_identification:_identify(src/notre_package) by extensions ['ignore', 'ignore_ament_install']
[0.232s] Level 1:colcon.colcon_core.package_identification:_identify(src/notre_package) by extension 'ignore'
[0.232s] Level 1:colcon.colcon_core.package_identification:_identify(src/notre_package) by extension 'ignore_ament_install'
[0.232s] Level 1:colcon.colcon_core.package_identification:_identify(src/notre_package) by extensions ['colcon_pkg']
[0.232s] Level 1:colcon.colcon_core.package_identification:_identify(src/notre_package) by extension 'colcon_pkg'
[0.232s] Level 1:colcon.colcon_core.package_identification:_identify(src/notre_package) by extensions ['colcon_meta']
[0.232s] Level 1:colcon.colcon_core.package_identification:_identify(src/notre_package) by extension 'colcon_meta'
[0.233s] Level 1:colcon.colcon_core.package_identification:_identify(src/notre_package) by extensions ['ros']
[0.233s] Level 1:colcon.colcon_core.package_identification:_identify(src/notre_package) by extension 'ros'
[0.233s] DEBUG:colcon.colcon_core.package_identification:Package 'src/notre_package' with type 'ros.ament_python' and name 'notre_package'
[0.233s] Level 1:colcon.colcon_core.package_identification:_identify(src/voiture2a_motors_driver) by extensions ['ignore', 'ignore_ament_install']
[0.233s] Level 1:colcon.colcon_core.package_identification:_identify(src/voiture2a_motors_driver) by extension 'ignore'
[0.233s] Level 1:colcon.colcon_core.package_identification:_identify(src/voiture2a_motors_driver) by extension 'ignore_ament_install'
[0.233s] Level 1:colcon.colcon_core.package_identification:_identify(src/voiture2a_motors_driver) by extensions ['colcon_pkg']
[0.233s] Level 1:colcon.colcon_core.package_identification:_identify(src/voiture2a_motors_driver) by extension 'colcon_pkg'
[0.233s] Level 1:colcon.colcon_core.package_identification:_identify(src/voiture2a_motors_driver) by extensions ['colcon_meta']
[0.233s] Level 1:colcon.colcon_core.package_identification:_identify(src/voiture2a_motors_driver) by extension 'colcon_meta'
[0.233s] Level 1:colcon.colcon_core.package_identification:_identify(src/voiture2a_motors_driver) by extensions ['ros']
[0.233s] Level 1:colcon.colcon_core.package_identification:_identify(src/voiture2a_motors_driver) by extension 'ros'
[0.234s] DEBUG:colcon.colcon_core.package_identification:Package 'src/voiture2a_motors_driver' with type 'ros.ament_cmake' and name 'voiture2a_motors_driver'
[0.234s] Level 1:colcon.colcon_core.package_discovery:discover_packages(recursive) using defaults
[0.234s] Level 1:colcon.colcon_core.package_discovery:discover_packages(ignore) discover
[0.234s] Level 1:colcon.colcon_core.package_discovery:discover_packages(ignore) using defaults
[0.234s] Level 1:colcon.colcon_core.package_discovery:discover_packages(path) discover
[0.234s] Level 1:colcon.colcon_core.package_discovery:discover_packages(path) using defaults
[0.261s] Level 1:colcon.colcon_core.package_discovery:discover_packages(prefix_path) check parameters
[0.261s] Level 1:colcon.colcon_core.package_discovery:discover_packages(prefix_path) discover
[0.262s] DEBUG:colcon.colcon_installed_package_information.package_discovery:Found 2 installed packages in /home/maxime/Documents/ENSTA/UE4.1_ROS/workspacetdros/install
[0.264s] DEBUG:colcon.colcon_installed_package_information.package_discovery:Found 300 installed packages in /opt/ros/humble
[0.265s] Level 1:colcon.colcon_core.package_discovery:discover_packages(prefix_path) using defaults
[0.297s] Level 5:colcon.colcon_core.verb:set package 'gpsd_client' build argument 'cmake_args' from command line to 'None'
[0.297s] Level 5:colcon.colcon_core.verb:set package 'gpsd_client' build argument 'cmake_target' from command line to 'None'
[0.297s] Level 5:colcon.colcon_core.verb:set package 'gpsd_client' build argument 'cmake_target_skip_unavailable' from command line to 'False'
[0.297s] Level 5:colcon.colcon_core.verb:set package 'gpsd_client' build argument 'cmake_clean_cache' from command line to 'False'
[0.297s] Level 5:colcon.colcon_core.verb:set package 'gpsd_client' build argument 'cmake_clean_first' from command line to 'False'
[0.297s] Level 5:colcon.colcon_core.verb:set package 'gpsd_client' build argument 'cmake_force_configure' from command line to 'False'
[0.297s] Level 5:colcon.colcon_core.verb:set package 'gpsd_client' build argument 'ament_cmake_args' from command line to 'None'
[0.297s] Level 5:colcon.colcon_core.verb:set package 'gpsd_client' build argument 'catkin_cmake_args' from command line to 'None'
[0.297s] Level 5:colcon.colcon_core.verb:set package 'gpsd_client' build argument 'catkin_skip_building_tests' from command line to 'False'
[0.297s] DEBUG:colcon.colcon_core.verb:Building package 'gpsd_client' with the following arguments: {'ament_cmake_args': None, 'build_base': '/home/maxime/Documents/ENSTA/UE4.1_ROS/voiture2A-ros-main/build/gpsd_client', 'catkin_cmake_args': None, 'catkin_skip_building_tests': False, 'cmake_args': None, 'cmake_clean_cache': False, 'cmake_clean_first': False, 'cmake_force_configure': False, 'cmake_target': None, 'cmake_target_skip_unavailable': False, 'install_base': '/home/maxime/Documents/ENSTA/UE4.1_ROS/voiture2A-ros-main/install/gpsd_client', 'merge_install': False, 'path': '/home/maxime/Documents/ENSTA/UE4.1_ROS/voiture2A-ros-main/src/gpsd_client', 'symlink_install': False, 'test_result_base': None}
[0.297s] Level 5:colcon.colcon_core.verb:set package 'icm20948_driver' build argument 'cmake_args' from command line to 'None'
[0.297s] Level 5:colcon.colcon_core.verb:set package 'icm20948_driver' build argument 'cmake_target' from command line to 'None'
[0.297s] Level 5:colcon.colcon_core.verb:set package 'icm20948_driver' build argument 'cmake_target_skip_unavailable' from command line to 'False'
[0.297s] Level 5:colcon.colcon_core.verb:set package 'icm20948_driver' build argument 'cmake_clean_cache' from command line to 'False'
[0.297s] Level 5:colcon.colcon_core.verb:set package 'icm20948_driver' build argument 'cmake_clean_first' from command line to 'False'
[0.297s] Level 5:colcon.colcon_core.verb:set package 'icm20948_driver' build argument 'cmake_force_configure' from command line to 'False'
[0.297s] Level 5:colcon.colcon_core.verb:set package 'icm20948_driver' build argument 'ament_cmake_args' from command line to 'None'
[0.297s] Level 5:colcon.colcon_core.verb:set package 'icm20948_driver' build argument 'catkin_cmake_args' from command line to 'None'
[0.297s] Level 5:colcon.colcon_core.verb:set package 'icm20948_driver' build argument 'catkin_skip_building_tests' from command line to 'False'
[0.297s] DEBUG:colcon.colcon_core.verb:Building package 'icm20948_driver' with the following arguments: {'ament_cmake_args': None, 'build_base': '/home/maxime/Documents/ENSTA/UE4.1_ROS/voiture2A-ros-main/build/icm20948_driver', 'catkin_cmake_args': None, 'catkin_skip_building_tests': False, 'cmake_args': None, 'cmake_clean_cache': False, 'cmake_clean_first': False, 'cmake_force_configure': False, 'cmake_target': None, 'cmake_target_skip_unavailable': False, 'install_base': '/home/maxime/Documents/ENSTA/UE4.1_ROS/voiture2A-ros-main/install/icm20948_driver', 'merge_install': False, 'path': '/home/maxime/Documents/ENSTA/UE4.1_ROS/voiture2A-ros-main/src/icm20948_driver', 'symlink_install': False, 'test_result_base': None}
[0.297s] Level 5:colcon.colcon_core.verb:set package 'notre_package' build argument 'cmake_args' from command line to 'None'
[0.297s] Level 5:colcon.colcon_core.verb:set package 'notre_package' build argument 'cmake_target' from command line to 'None'
[0.297s] Level 5:colcon.colcon_core.verb:set package 'notre_package' build argument 'cmake_target_skip_unavailable' from command line to 'False'
[0.298s] Level 5:colcon.colcon_core.verb:set package 'notre_package' build argument 'cmake_clean_cache' from command line to 'False'
[0.298s] Level 5:colcon.colcon_core.verb:set package 'notre_package' build argument 'cmake_clean_first' from command line to 'False'
[0.298s] Level 5:colcon.colcon_core.verb:set package 'notre_package' build argument 'cmake_force_configure' from command line to 'False'
[0.298s] Level 5:colcon.colcon_core.verb:set package 'notre_package' build argument 'ament_cmake_args' from command line to 'None'
[0.310s] Level 5:colcon.colcon_core.verb:set package 'notre_package' build argument 'catkin_cmake_args' from command line to 'None'
[0.311s] Level 5:colcon.colcon_core.verb:set package 'notre_package' build argument 'catkin_skip_building_tests' from command line to 'False'
[0.311s] DEBUG:colcon.colcon_core.verb:Building package 'notre_package' with the following arguments: {'ament_cmake_args': None, 'build_base': '/home/maxime/Documents/ENSTA/UE4.1_ROS/voiture2A-ros-main/build/notre_package', 'catkin_cmake_args': None, 'catkin_skip_building_tests': False, 'cmake_args': None, 'cmake_clean_cache': False, 'cmake_clean_first': False, 'cmake_force_configure': False, 'cmake_target': None, 'cmake_target_skip_unavailable': False, 'install_base': '/home/maxime/Documents/ENSTA/UE4.1_ROS/voiture2A-ros-main/install/notre_package', 'merge_install': False, 'path': '/home/maxime/Documents/ENSTA/UE4.1_ROS/voiture2A-ros-main/src/notre_package', 'symlink_install': False, 'test_result_base': None}
[0.311s] Level 5:colcon.colcon_core.verb:set package 'voiture2a_motors_driver' build argument 'cmake_args' from command line to 'None'
[0.311s] Level 5:colcon.colcon_core.verb:set package 'voiture2a_motors_driver' build argument 'cmake_target' from command line to 'None'
[0.311s] Level 5:colcon.colcon_core.verb:set package 'voiture2a_motors_driver' build argument 'cmake_target_skip_unavailable' from command line to 'False'
[0.311s] Level 5:colcon.colcon_core.verb:set package 'voiture2a_motors_driver' build argument 'cmake_clean_cache' from command line to 'False'
[0.311s] Level 5:colcon.colcon_core.verb:set package 'voiture2a_motors_driver' build argument 'cmake_clean_first' from command line to 'False'
[0.311s] Level 5:colcon.colcon_core.verb:set package 'voiture2a_motors_driver' build argument 'cmake_force_configure' from command line to 'False'
[0.311s] Level 5:colcon.colcon_core.verb:set package 'voiture2a_motors_driver' build argument 'ament_cmake_args' from command line to 'None'
[0.311s] Level 5:colcon.colcon_core.verb:set package 'voiture2a_motors_driver' build argument 'catkin_cmake_args' from command line to 'None'
[0.311s] Level 5:colcon.colcon_core.verb:set package 'voiture2a_motors_driver' build argument 'catkin_skip_building_tests' from command line to 'False'
[0.311s] DEBUG:colcon.colcon_core.verb:Building package 'voiture2a_motors_driver' with the following arguments: {'ament_cmake_args': None, 'build_base': '/home/maxime/Documents/ENSTA/UE4.1_ROS/voiture2A-ros-main/build/voiture2a_motors_driver', 'catkin_cmake_args': None, 'catkin_skip_building_tests': False, 'cmake_args': None, 'cmake_clean_cache': False, 'cmake_clean_first': False, 'cmake_force_configure': False, 'cmake_target': None, 'cmake_target_skip_unavailable': False, 'install_base': '/home/maxime/Documents/ENSTA/UE4.1_ROS/voiture2A-ros-main/install/voiture2a_motors_driver', 'merge_install': False, 'path': '/home/maxime/Documents/ENSTA/UE4.1_ROS/voiture2A-ros-main/src/voiture2a_motors_driver', 'symlink_install': False, 'test_result_base': None}
[0.312s] INFO:colcon.colcon_core.executor:Executing jobs using 'parallel' executor
[0.313s] DEBUG:colcon.colcon_parallel_executor.executor.parallel:run_until_complete
[0.313s] INFO:colcon.colcon_ros.task.ament_cmake.build:Building ROS package in '/home/maxime/Documents/ENSTA/UE4.1_ROS/voiture2A-ros-main/src/gpsd_client' with build type 'ament_cmake'
[0.313s] INFO:colcon.colcon_cmake.task.cmake.build:Building CMake package in '/home/maxime/Documents/ENSTA/UE4.1_ROS/voiture2A-ros-main/src/gpsd_client'
[0.315s] INFO:colcon.colcon_core.plugin_system:Skipping extension 'colcon_core.shell.bat': Not used on non-Windows systems
[0.315s] INFO:colcon.colcon_core.shell:Skip shell extension 'powershell' for command environment: Not usable outside of PowerShell
[0.315s] DEBUG:colcon.colcon_core.shell:Skip shell extension 'dsv' for command environment
[0.319s] INFO:colcon.colcon_ros.task.ament_cmake.build:Building ROS package in '/home/maxime/Documents/ENSTA/UE4.1_ROS/voiture2A-ros-main/src/icm20948_driver' with build type 'ament_cmake'
[0.319s] INFO:colcon.colcon_cmake.task.cmake.build:Building CMake package in '/home/maxime/Documents/ENSTA/UE4.1_ROS/voiture2A-ros-main/src/icm20948_driver'
[0.320s] INFO:colcon.colcon_core.shell:Skip shell extension 'powershell' for command environment: Not usable outside of PowerShell
[0.320s] DEBUG:colcon.colcon_core.shell:Skip shell extension 'dsv' for command environment
[0.323s] INFO:colcon.colcon_ros.task.ament_python.build:Building ROS package in '/home/maxime/Documents/ENSTA/UE4.1_ROS/voiture2A-ros-main/src/notre_package' with build type 'ament_python'
[0.323s] Level 1:colcon.colcon_core.shell:create_environment_hook('notre_package', 'ament_prefix_path')
[0.323s] INFO:colcon.colcon_core.shell:Creating environment hook '/home/maxime/Documents/ENSTA/UE4.1_ROS/voiture2A-ros-main/install/notre_package/share/notre_package/hook/ament_prefix_path.ps1'
[0.324s] INFO:colcon.colcon_core.shell:Creating environment descriptor '/home/maxime/Documents/ENSTA/UE4.1_ROS/voiture2A-ros-main/install/notre_package/share/notre_package/hook/ament_prefix_path.dsv'
[0.324s] INFO:colcon.colcon_core.shell:Creating environment hook '/home/maxime/Documents/ENSTA/UE4.1_ROS/voiture2A-ros-main/install/notre_package/share/notre_package/hook/ament_prefix_path.sh'
[0.325s] INFO:colcon.colcon_core.shell:Skip shell extension 'powershell' for command environment: Not usable outside of PowerShell
[0.325s] DEBUG:colcon.colcon_core.shell:Skip shell extension 'dsv' for command environment
[0.328s] INFO:colcon.colcon_ros.task.ament_cmake.build:Building ROS package in '/home/maxime/Documents/ENSTA/UE4.1_ROS/voiture2A-ros-main/src/voiture2a_motors_driver' with build type 'ament_cmake'
[0.328s] INFO:colcon.colcon_cmake.task.cmake.build:Building CMake package in '/home/maxime/Documents/ENSTA/UE4.1_ROS/voiture2A-ros-main/src/voiture2a_motors_driver'
[0.329s] INFO:colcon.colcon_core.shell:Skip shell extension 'powershell' for command environment: Not usable outside of PowerShell
[0.329s] DEBUG:colcon.colcon_core.shell:Skip shell extension 'dsv' for command environment
[0.337s] DEBUG:colcon.colcon_core.event_handler.log_command:Invoking command in '/home/maxime/Documents/ENSTA/UE4.1_ROS/voiture2A-ros-main/build/gpsd_client': CMAKE_PREFIX_PATH=${CMAKE_PREFIX_PATH}:/opt/ros/humble /usr/bin/cmake /home/maxime/Documents/ENSTA/UE4.1_ROS/voiture2A-ros-main/src/gpsd_client -DCMAKE_INSTALL_PREFIX=/home/maxime/Documents/ENSTA/UE4.1_ROS/voiture2A-ros-main/install/gpsd_client
[0.341s] DEBUG:colcon.colcon_core.event_handler.log_command:Invoking command in '/home/maxime/Documents/ENSTA/UE4.1_ROS/voiture2A-ros-main/build/icm20948_driver': CMAKE_PREFIX_PATH=${CMAKE_PREFIX_PATH}:/opt/ros/humble /usr/bin/cmake /home/maxime/Documents/ENSTA/UE4.1_ROS/voiture2A-ros-main/src/icm20948_driver -DCMAKE_INSTALL_PREFIX=/home/maxime/Documents/ENSTA/UE4.1_ROS/voiture2A-ros-main/install/icm20948_driver
[0.586s] INFO:colcon.colcon_core.task.python.build:Building Python package in '/home/maxime/Documents/ENSTA/UE4.1_ROS/voiture2A-ros-main/src/notre_package'
[0.586s] INFO:colcon.colcon_core.shell:Skip shell extension 'powershell' for command environment: Not usable outside of PowerShell
[0.586s] DEBUG:colcon.colcon_core.shell:Skip shell extension 'dsv' for command environment
[0.597s] DEBUG:colcon.colcon_core.event_handler.log_command:Invoking command in '/home/maxime/Documents/ENSTA/UE4.1_ROS/voiture2A-ros-main/build/voiture2a_motors_driver': CMAKE_PREFIX_PATH=${CMAKE_PREFIX_PATH}:/opt/ros/humble /usr/bin/cmake /home/maxime/Documents/ENSTA/UE4.1_ROS/voiture2A-ros-main/src/voiture2a_motors_driver -DCMAKE_INSTALL_PREFIX=/home/maxime/Documents/ENSTA/UE4.1_ROS/voiture2A-ros-main/install/voiture2a_motors_driver
[0.917s] DEBUG:colcon.colcon_core.event_handler.log_command:Invoking command in '/home/maxime/Documents/ENSTA/UE4.1_ROS/voiture2A-ros-main/src/notre_package': PYTHONPATH=/home/maxime/Documents/ENSTA/UE4.1_ROS/voiture2A-ros-main/build/notre_package/prefix_override:/usr/lib/python3/dist-packages/colcon_core/task/python/colcon_distutils_commands:/home/maxime/Documents/ENSTA/UE4.1_ROS/voiture2A-ros-main/install/notre_package/lib/python3.10/site-packages:${PYTHONPATH} /usr/bin/python3 -W ignore:setup.py install is deprecated -W ignore:easy_install command is deprecated setup.py egg_info --egg-base ../../build/notre_package build --build-base /home/maxime/Documents/ENSTA/UE4.1_ROS/voiture2A-ros-main/build/notre_package/build install --record /home/maxime/Documents/ENSTA/UE4.1_ROS/voiture2A-ros-main/build/notre_package/install.log --single-version-externally-managed install_data
[1.147s] DEBUG:colcon.colcon_core.event_handler.log_command:Invoked command in '/home/maxime/Documents/ENSTA/UE4.1_ROS/voiture2A-ros-main/src/notre_package' returned '0': PYTHONPATH=/home/maxime/Documents/ENSTA/UE4.1_ROS/voiture2A-ros-main/build/notre_package/prefix_override:/usr/lib/python3/dist-packages/colcon_core/task/python/colcon_distutils_commands:/home/maxime/Documents/ENSTA/UE4.1_ROS/voiture2A-ros-main/install/notre_package/lib/python3.10/site-packages:${PYTHONPATH} /usr/bin/python3 -W ignore:setup.py install is deprecated -W ignore:easy_install command is deprecated setup.py egg_info --egg-base ../../build/notre_package build --build-base /home/maxime/Documents/ENSTA/UE4.1_ROS/voiture2A-ros-main/build/notre_package/build install --record /home/maxime/Documents/ENSTA/UE4.1_ROS/voiture2A-ros-main/build/notre_package/install.log --single-version-externally-managed install_data
[1.151s] Level 1:colcon.colcon_core.environment:checking '/home/maxime/Documents/ENSTA/UE4.1_ROS/voiture2A-ros-main/install/notre_package' for CMake module files
[1.152s] Level 1:colcon.colcon_core.environment:checking '/home/maxime/Documents/ENSTA/UE4.1_ROS/voiture2A-ros-main/install/notre_package' for CMake config files
[1.152s] Level 1:colcon.colcon_core.environment:checking '/home/maxime/Documents/ENSTA/UE4.1_ROS/voiture2A-ros-main/install/notre_package/lib'
[1.153s] Level 1:colcon.colcon_core.environment:checking '/home/maxime/Documents/ENSTA/UE4.1_ROS/voiture2A-ros-main/install/notre_package/bin'
[1.153s] Level 1:colcon.colcon_core.environment:checking '/home/maxime/Documents/ENSTA/UE4.1_ROS/voiture2A-ros-main/install/notre_package/lib/pkgconfig/notre_package.pc'
[1.153s] Level 1:colcon.colcon_core.environment:checking '/home/maxime/Documents/ENSTA/UE4.1_ROS/voiture2A-ros-main/install/notre_package/lib/python3.10/site-packages'
[1.153s] Level 1:colcon.colcon_core.shell:create_environment_hook('notre_package', 'pythonpath')
[1.153s] INFO:colcon.colcon_core.shell:Creating environment hook '/home/maxime/Documents/ENSTA/UE4.1_ROS/voiture2A-ros-main/install/notre_package/share/notre_package/hook/pythonpath.ps1'
[1.154s] INFO:colcon.colcon_core.shell:Creating environment descriptor '/home/maxime/Documents/ENSTA/UE4.1_ROS/voiture2A-ros-main/install/notre_package/share/notre_package/hook/pythonpath.dsv'
[1.154s] INFO:colcon.colcon_core.shell:Creating environment hook '/home/maxime/Documents/ENSTA/UE4.1_ROS/voiture2A-ros-main/install/notre_package/share/notre_package/hook/pythonpath.sh'
[1.154s] Level 1:colcon.colcon_core.environment:checking '/home/maxime/Documents/ENSTA/UE4.1_ROS/voiture2A-ros-main/install/notre_package/bin'
[1.154s] Level 1:colcon.colcon_core.environment:create_environment_scripts_only(notre_package)
[1.155s] INFO:colcon.colcon_core.shell:Creating package script '/home/maxime/Documents/ENSTA/UE4.1_ROS/voiture2A-ros-main/install/notre_package/share/notre_package/package.ps1'
[1.155s] INFO:colcon.colcon_core.shell:Creating package descriptor '/home/maxime/Documents/ENSTA/UE4.1_ROS/voiture2A-ros-main/install/notre_package/share/notre_package/package.dsv'
[1.156s] INFO:colcon.colcon_core.shell:Creating package script '/home/maxime/Documents/ENSTA/UE4.1_ROS/voiture2A-ros-main/install/notre_package/share/notre_package/package.sh'
[1.156s] INFO:colcon.colcon_core.shell:Creating package script '/home/maxime/Documents/ENSTA/UE4.1_ROS/voiture2A-ros-main/install/notre_package/share/notre_package/package.bash'
[1.156s] INFO:colcon.colcon_core.shell:Creating package script '/home/maxime/Documents/ENSTA/UE4.1_ROS/voiture2A-ros-main/install/notre_package/share/notre_package/package.zsh'
[1.157s] Level 1:colcon.colcon_core.environment:create_file_with_runtime_dependencies(/home/maxime/Documents/ENSTA/UE4.1_ROS/voiture2A-ros-main/install/notre_package/share/colcon-core/packages/notre_package)
[2.067s] DEBUG:colcon.colcon_core.event_handler.log_command:Invoked command in '/home/maxime/Documents/ENSTA/UE4.1_ROS/voiture2A-ros-main/build/gpsd_client' returned '0': CMAKE_PREFIX_PATH=${CMAKE_PREFIX_PATH}:/opt/ros/humble /usr/bin/cmake /home/maxime/Documents/ENSTA/UE4.1_ROS/voiture2A-ros-main/src/gpsd_client -DCMAKE_INSTALL_PREFIX=/home/maxime/Documents/ENSTA/UE4.1_ROS/voiture2A-ros-main/install/gpsd_client
[2.068s] DEBUG:colcon.colcon_core.event_handler.log_command:Invoking command in '/home/maxime/Documents/ENSTA/UE4.1_ROS/voiture2A-ros-main/build/gpsd_client': CMAKE_PREFIX_PATH=${CMAKE_PREFIX_PATH}:/opt/ros/humble /usr/bin/cmake --build /home/maxime/Documents/ENSTA/UE4.1_ROS/voiture2A-ros-main/build/gpsd_client -- -j16 -l16
[2.177s] DEBUG:colcon.colcon_core.event_handler.log_command:Invoked command in '/home/maxime/Documents/ENSTA/UE4.1_ROS/voiture2A-ros-main/build/icm20948_driver' returned '0': CMAKE_PREFIX_PATH=${CMAKE_PREFIX_PATH}:/opt/ros/humble /usr/bin/cmake /home/maxime/Documents/ENSTA/UE4.1_ROS/voiture2A-ros-main/src/icm20948_driver -DCMAKE_INSTALL_PREFIX=/home/maxime/Documents/ENSTA/UE4.1_ROS/voiture2A-ros-main/install/icm20948_driver
[2.179s] DEBUG:colcon.colcon_core.event_handler.log_command:Invoking command in '/home/maxime/Documents/ENSTA/UE4.1_ROS/voiture2A-ros-main/build/icm20948_driver': CMAKE_PREFIX_PATH=${CMAKE_PREFIX_PATH}:/opt/ros/humble /usr/bin/cmake --build /home/maxime/Documents/ENSTA/UE4.1_ROS/voiture2A-ros-main/build/icm20948_driver -- -j16 -l16
[2.252s] DEBUG:colcon.colcon_core.event_handler.log_command:Invoked command in '/home/maxime/Documents/ENSTA/UE4.1_ROS/voiture2A-ros-main/build/voiture2a_motors_driver' returned '0': CMAKE_PREFIX_PATH=${CMAKE_PREFIX_PATH}:/opt/ros/humble /usr/bin/cmake /home/maxime/Documents/ENSTA/UE4.1_ROS/voiture2A-ros-main/src/voiture2a_motors_driver -DCMAKE_INSTALL_PREFIX=/home/maxime/Documents/ENSTA/UE4.1_ROS/voiture2A-ros-main/install/voiture2a_motors_driver
[2.254s] DEBUG:colcon.colcon_core.event_handler.log_command:Invoking command in '/home/maxime/Documents/ENSTA/UE4.1_ROS/voiture2A-ros-main/build/voiture2a_motors_driver': CMAKE_PREFIX_PATH=${CMAKE_PREFIX_PATH}:/opt/ros/humble /usr/bin/cmake --build /home/maxime/Documents/ENSTA/UE4.1_ROS/voiture2A-ros-main/build/voiture2a_motors_driver -- -j16 -l16
[4.167s] DEBUG:colcon.colcon_core.event_handler.log_command:Invoked command in '/home/maxime/Documents/ENSTA/UE4.1_ROS/voiture2A-ros-main/build/voiture2a_motors_driver' returned '2': CMAKE_PREFIX_PATH=${CMAKE_PREFIX_PATH}:/opt/ros/humble /usr/bin/cmake --build /home/maxime/Documents/ENSTA/UE4.1_ROS/voiture2A-ros-main/build/voiture2a_motors_driver -- -j16 -l16
[4.168s] Level 1:colcon.colcon_core.environment:create_environment_scripts_only(voiture2a_motors_driver)
[4.168s] Level 1:colcon.colcon_core.environment:checking '/home/maxime/Documents/ENSTA/UE4.1_ROS/voiture2A-ros-main/install/voiture2a_motors_driver' for CMake module files
[4.168s] Level 1:colcon.colcon_core.environment:checking '/home/maxime/Documents/ENSTA/UE4.1_ROS/voiture2A-ros-main/install/voiture2a_motors_driver' for CMake config files
[4.168s] Level 1:colcon.colcon_core.environment:checking '/home/maxime/Documents/ENSTA/UE4.1_ROS/voiture2A-ros-main/install/voiture2a_motors_driver/bin'
[4.168s] Level 1:colcon.colcon_core.environment:checking '/home/maxime/Documents/ENSTA/UE4.1_ROS/voiture2A-ros-main/install/voiture2a_motors_driver/lib/pkgconfig/voiture2a_motors_driver.pc'
[4.168s] Level 1:colcon.colcon_core.environment:checking '/home/maxime/Documents/ENSTA/UE4.1_ROS/voiture2A-ros-main/install/voiture2a_motors_driver/lib/python3.10/site-packages'
[4.169s] Level 1:colcon.colcon_core.environment:checking '/home/maxime/Documents/ENSTA/UE4.1_ROS/voiture2A-ros-main/install/voiture2a_motors_driver/bin'
[4.169s] INFO:colcon.colcon_core.shell:Creating package script '/home/maxime/Documents/ENSTA/UE4.1_ROS/voiture2A-ros-main/install/voiture2a_motors_driver/share/voiture2a_motors_driver/package.ps1'
[4.169s] INFO:colcon.colcon_core.shell:Creating package descriptor '/home/maxime/Documents/ENSTA/UE4.1_ROS/voiture2A-ros-main/install/voiture2a_motors_driver/share/voiture2a_motors_driver/package.dsv'
[4.170s] INFO:colcon.colcon_core.shell:Creating package script '/home/maxime/Documents/ENSTA/UE4.1_ROS/voiture2A-ros-main/install/voiture2a_motors_driver/share/voiture2a_motors_driver/package.sh'
[4.170s] INFO:colcon.colcon_core.shell:Creating package script '/home/maxime/Documents/ENSTA/UE4.1_ROS/voiture2A-ros-main/install/voiture2a_motors_driver/share/voiture2a_motors_driver/package.bash'
[4.170s] INFO:colcon.colcon_core.shell:Creating package script '/home/maxime/Documents/ENSTA/UE4.1_ROS/voiture2A-ros-main/install/voiture2a_motors_driver/share/voiture2a_motors_driver/package.zsh'
[4.170s] Level 1:colcon.colcon_core.environment:create_file_with_runtime_dependencies(/home/maxime/Documents/ENSTA/UE4.1_ROS/voiture2A-ros-main/install/voiture2a_motors_driver/share/colcon-core/packages/voiture2a_motors_driver)
[7.634s] DEBUG:colcon.colcon_parallel_executor.executor.parallel:closing loop
[7.635s] DEBUG:colcon.colcon_parallel_executor.executor.parallel:loop closed
[7.635s] DEBUG:colcon.colcon_parallel_executor.executor.parallel:run_until_complete finished with '2'
[7.635s] DEBUG:colcon.colcon_core.event_reactor:joining thread
[7.640s] INFO:colcon.colcon_core.plugin_system:Skipping extension 'colcon_notification.desktop_notification.terminal_notifier': Not used on non-Darwin systems
[7.640s] INFO:colcon.colcon_core.plugin_system:Skipping extension 'colcon_notification.desktop_notification.win32': Not used on non-Windows systems
[7.641s] INFO:colcon.colcon_notification.desktop_notification:Sending desktop notification using 'notify2'
[7.651s] DEBUG:colcon.colcon_core.event_reactor:joined thread
[7.652s] INFO:colcon.colcon_core.shell:Creating prefix script '/home/maxime/Documents/ENSTA/UE4.1_ROS/voiture2A-ros-main/install/local_setup.ps1'
[7.652s] INFO:colcon.colcon_core.shell:Creating prefix util module '/home/maxime/Documents/ENSTA/UE4.1_ROS/voiture2A-ros-main/install/_local_setup_util_ps1.py'
[7.653s] INFO:colcon.colcon_core.shell:Creating prefix chain script '/home/maxime/Documents/ENSTA/UE4.1_ROS/voiture2A-ros-main/install/setup.ps1'
[7.654s] INFO:colcon.colcon_core.shell:Creating prefix script '/home/maxime/Documents/ENSTA/UE4.1_ROS/voiture2A-ros-main/install/local_setup.sh'
[7.654s] INFO:colcon.colcon_core.shell:Creating prefix util module '/home/maxime/Documents/ENSTA/UE4.1_ROS/voiture2A-ros-main/install/_local_setup_util_sh.py'
[7.654s] INFO:colcon.colcon_core.shell:Creating prefix chain script '/home/maxime/Documents/ENSTA/UE4.1_ROS/voiture2A-ros-main/install/setup.sh'
[7.655s] INFO:colcon.colcon_core.shell:Creating prefix script '/home/maxime/Documents/ENSTA/UE4.1_ROS/voiture2A-ros-main/install/local_setup.bash'
[7.655s] INFO:colcon.colcon_core.shell:Creating prefix chain script '/home/maxime/Documents/ENSTA/UE4.1_ROS/voiture2A-ros-main/install/setup.bash'
[7.656s] INFO:colcon.colcon_core.shell:Creating prefix script '/home/maxime/Documents/ENSTA/UE4.1_ROS/voiture2A-ros-main/install/local_setup.zsh'
[7.656s] INFO:colcon.colcon_core.shell:Creating prefix chain script '/home/maxime/Documents/ENSTA/UE4.1_ROS/voiture2A-ros-main/install/setup.zsh'
