running egg_info
writing ../../build/calibration/calibration.egg-info/PKG-INFO
writing dependency_links to ../../build/calibration/calibration.egg-info/dependency_links.txt
writing entry points to ../../build/calibration/calibration.egg-info/entry_points.txt
writing requirements to ../../build/calibration/calibration.egg-info/requires.txt
writing top-level names to ../../build/calibration/calibration.egg-info/top_level.txt
reading manifest file '../../build/calibration/calibration.egg-info/SOURCES.txt'
writing manifest file '../../build/calibration/calibration.egg-info/SOURCES.txt'
running build
running build_py
copying calibration/calibration_node.py -> /voiture2A-ros/build/calibration/build/lib/calibration
running install
running install_lib
copying /voiture2A-ros/build/calibration/build/lib/calibration/calibration_node.py -> /voiture2A-ros/install/calibration/lib/python3.10/site-packages/calibration
byte-compiling /voiture2A-ros/install/calibration/lib/python3.10/site-packages/calibration/calibration_node.py to calibration_node.cpython-310.pyc
running install_data
running install_egg_info
removing '/voiture2A-ros/install/calibration/lib/python3.10/site-packages/calibration-0.0.0-py3.10.egg-info' (and everything under it)
Copying ../../build/calibration/calibration.egg-info to /voiture2A-ros/install/calibration/lib/python3.10/site-packages/calibration-0.0.0-py3.10.egg-info
running install_scripts
Installing calibration_node script to /voiture2A-ros/install/calibration/lib/calibration
writing list of installed files to '/voiture2A-ros/build/calibration/install.log'
