[1.390s] Invoking command in '/voiture2A-ros/build/icm20948_driver': CMAKE_PREFIX_PATH=/opt/ros/rolling /usr/bin/cmake --build /voiture2A-ros/build/icm20948_driver -- -j16 -l16
[2.877s] [  1%] Built target icm20948_driver__rosidl_generator_type_description
[2.877s] [  8%] Built target Fusion
[2.878s] [  8%] Built target ament_cmake_python_copy_icm20948_driver
[2.878s] [  9%] Built target icm20948_driver__cpp
[2.880s] [ 27%] Built target icm20948_driver__rosidl_generator_c
[2.881s] [ 36%] Built target icm20948_driver__rosidl_typesupport_c
[2.883s] [ 44%] Built target icm20948_driver__rosidl_typesupport_fastrtps_cpp
[2.886s] [ 52%] Built target icm20948_driver__rosidl_typesupport_introspection_c
[2.887s] [ 62%] Built target icm20948_driver__rosidl_typesupport_fastrtps_c
[2.889s] [ 68%] Built target icm20948_driver__rosidl_typesupport_cpp
[2.890s] [ 77%] Built target icm20948_driver__rosidl_typesupport_introspection_cpp
[3.162s] [ 77%] Built target icm20948_driver
[3.247s] [ 81%] Built target icm20948
[3.513s] [ 83%] Built target icm20948_driver__py
[3.736s] running egg_info
[3.742s] writing icm20948_driver.egg-info/PKG-INFO
[3.744s] writing dependency_links to icm20948_driver.egg-info/dependency_links.txt
[3.746s] writing top-level names to icm20948_driver.egg-info/top_level.txt
[3.766s] reading manifest file 'icm20948_driver.egg-info/SOURCES.txt'
[3.773s] writing manifest file 'icm20948_driver.egg-info/SOURCES.txt'
[3.855s] [ 90%] Built target icm20948_driver__rosidl_generator_py
[4.003s] [ 90%] Built target ament_cmake_python_build_icm20948_driver_egg
[4.302s] [ 93%] Built target icm20948_driver__rosidl_typesupport_introspection_c__pyext
[4.324s] [ 96%] Built target icm20948_driver__rosidl_typesupport_fastrtps_c__pyext
[4.327s] [100%] Built target icm20948_driver__rosidl_typesupport_c__pyext
[4.555s] Invoked command in '/voiture2A-ros/build/icm20948_driver' returned '0': CMAKE_PREFIX_PATH=/opt/ros/rolling /usr/bin/cmake --build /voiture2A-ros/build/icm20948_driver -- -j16 -l16
[4.560s] Invoking command in '/voiture2A-ros/build/icm20948_driver': CMAKE_PREFIX_PATH=/opt/ros/rolling /usr/bin/cmake --install /voiture2A-ros/build/icm20948_driver
[4.688s] -- Install configuration: ""
[4.708s] -- Up-to-date: /voiture2A-ros/install/icm20948_driver/share/ament_index/resource_index/rosidl_interfaces/icm20948_driver
[4.713s] -- Up-to-date: /voiture2A-ros/install/icm20948_driver/share/icm20948_driver/msg/RPY.json
[4.713s] -- Up-to-date: /voiture2A-ros/install/icm20948_driver/share/icm20948_driver/msg/RawData.json
[4.715s] -- Up-to-date: /voiture2A-ros/install/icm20948_driver/share/icm20948_driver/msg/DebugFusion.json
[4.718s] -- Up-to-date: /voiture2A-ros/install/icm20948_driver/include/icm20948_driver/icm20948_driver
[4.719s] -- Up-to-date: /voiture2A-ros/install/icm20948_driver/include/icm20948_driver/icm20948_driver/msg
[4.719s] -- Up-to-date: /voiture2A-ros/install/icm20948_driver/include/icm20948_driver/icm20948_driver/msg/rosidl_generator_c__visibility_control.h
[4.720s] -- Up-to-date: /voiture2A-ros/install/icm20948_driver/include/icm20948_driver/icm20948_driver/msg/raw_data.h
[4.720s] -- Up-to-date: /voiture2A-ros/install/icm20948_driver/include/icm20948_driver/icm20948_driver/msg/debug_fusion.h
[4.721s] -- Up-to-date: /voiture2A-ros/install/icm20948_driver/include/icm20948_driver/icm20948_driver/msg/detail
[4.721s] -- Installing: /voiture2A-ros/install/icm20948_driver/include/icm20948_driver/icm20948_driver/msg/detail/raw_data__type_support.c
[4.733s] -- Up-to-date: /voiture2A-ros/install/icm20948_driver/include/icm20948_driver/icm20948_driver/msg/detail/rpy__type_support.h
[4.734s] -- Up-to-date: /voiture2A-ros/install/icm20948_driver/include/icm20948_driver/icm20948_driver/msg/detail/raw_data__functions.h
[4.734s] -- Up-to-date: /voiture2A-ros/install/icm20948_driver/include/icm20948_driver/icm20948_driver/msg/detail/rpy__description.c
[4.735s] -- Up-to-date: /voiture2A-ros/install/icm20948_driver/include/icm20948_driver/icm20948_driver/msg/detail/debug_fusion__functions.c
[4.735s] -- Installing: /voiture2A-ros/install/icm20948_driver/include/icm20948_driver/icm20948_driver/msg/detail/rpy__type_support.c
[4.736s] -- Up-to-date: /voiture2A-ros/install/icm20948_driver/include/icm20948_driver/icm20948_driver/msg/detail/debug_fusion__struct.h
[4.737s] -- Up-to-date: /voiture2A-ros/install/icm20948_driver/include/icm20948_driver/icm20948_driver/msg/detail/raw_data__functions.c
[4.737s] -- Up-to-date: /voiture2A-ros/install/icm20948_driver/include/icm20948_driver/icm20948_driver/msg/detail/rpy__functions.c
[4.738s] -- Up-to-date: /voiture2A-ros/install/icm20948_driver/include/icm20948_driver/icm20948_driver/msg/detail/debug_fusion__description.c
[4.738s] -- Up-to-date: /voiture2A-ros/install/icm20948_driver/include/icm20948_driver/icm20948_driver/msg/detail/raw_data__struct.h
[4.739s] -- Up-to-date: /voiture2A-ros/install/icm20948_driver/include/icm20948_driver/icm20948_driver/msg/detail/raw_data__description.c
[4.740s] -- Up-to-date: /voiture2A-ros/install/icm20948_driver/include/icm20948_driver/icm20948_driver/msg/detail/rpy__struct.h
[4.740s] -- Up-to-date: /voiture2A-ros/install/icm20948_driver/include/icm20948_driver/icm20948_driver/msg/detail/rpy__functions.h
[4.741s] -- Installing: /voiture2A-ros/install/icm20948_driver/include/icm20948_driver/icm20948_driver/msg/detail/debug_fusion__type_support.c
[4.741s] -- Up-to-date: /voiture2A-ros/install/icm20948_driver/include/icm20948_driver/icm20948_driver/msg/detail/debug_fusion__functions.h
[4.742s] -- Up-to-date: /voiture2A-ros/install/icm20948_driver/include/icm20948_driver/icm20948_driver/msg/detail/debug_fusion__type_support.h
[4.743s] -- Up-to-date: /voiture2A-ros/install/icm20948_driver/include/icm20948_driver/icm20948_driver/msg/detail/raw_data__type_support.h
[4.743s] -- Up-to-date: /voiture2A-ros/install/icm20948_driver/include/icm20948_driver/icm20948_driver/msg/rpy.h
[4.744s] -- Up-to-date: /voiture2A-ros/install/icm20948_driver/share/icm20948_driver/environment/library_path.sh
[4.744s] -- Up-to-date: /voiture2A-ros/install/icm20948_driver/share/icm20948_driver/environment/library_path.dsv
[4.745s] -- Up-to-date: /voiture2A-ros/install/icm20948_driver/lib/libicm20948_driver__rosidl_generator_c.so
[4.745s] -- Up-to-date: /voiture2A-ros/install/icm20948_driver/include/icm20948_driver/icm20948_driver
[4.746s] -- Up-to-date: /voiture2A-ros/install/icm20948_driver/include/icm20948_driver/icm20948_driver/msg
[4.746s] -- Up-to-date: /voiture2A-ros/install/icm20948_driver/include/icm20948_driver/icm20948_driver/msg/rosidl_typesupport_fastrtps_c__visibility_control.h
[4.747s] -- Up-to-date: /voiture2A-ros/install/icm20948_driver/include/icm20948_driver/icm20948_driver/msg/detail
[4.748s] -- Up-to-date: /voiture2A-ros/install/icm20948_driver/include/icm20948_driver/icm20948_driver/msg/detail/rpy__rosidl_typesupport_fastrtps_c.h
[4.748s] -- Up-to-date: /voiture2A-ros/install/icm20948_driver/include/icm20948_driver/icm20948_driver/msg/detail/raw_data__rosidl_typesupport_fastrtps_c.h
[4.749s] -- Up-to-date: /voiture2A-ros/install/icm20948_driver/include/icm20948_driver/icm20948_driver/msg/detail/debug_fusion__rosidl_typesupport_fastrtps_c.h
[4.749s] -- Up-to-date: /voiture2A-ros/install/icm20948_driver/lib/libicm20948_driver__rosidl_typesupport_fastrtps_c.so
[4.750s] -- Up-to-date: /voiture2A-ros/install/icm20948_driver/include/icm20948_driver/icm20948_driver
[4.750s] -- Up-to-date: /voiture2A-ros/install/icm20948_driver/include/icm20948_driver/icm20948_driver/msg
[4.751s] -- Up-to-date: /voiture2A-ros/install/icm20948_driver/include/icm20948_driver/icm20948_driver/msg/detail
[4.752s] -- Up-to-date: /voiture2A-ros/install/icm20948_driver/include/icm20948_driver/icm20948_driver/msg/detail/debug_fusion__struct.hpp
[4.752s] -- Up-to-date: /voiture2A-ros/install/icm20948_driver/include/icm20948_driver/icm20948_driver/msg/detail/raw_data__traits.hpp
[4.753s] -- Up-to-date: /voiture2A-ros/install/icm20948_driver/include/icm20948_driver/icm20948_driver/msg/detail/debug_fusion__traits.hpp
[4.753s] -- Up-to-date: /voiture2A-ros/install/icm20948_driver/include/icm20948_driver/icm20948_driver/msg/detail/raw_data__builder.hpp
[4.754s] -- Up-to-date: /voiture2A-ros/install/icm20948_driver/include/icm20948_driver/icm20948_driver/msg/detail/debug_fusion__type_support.hpp
[4.754s] -- Up-to-date: /voiture2A-ros/install/icm20948_driver/include/icm20948_driver/icm20948_driver/msg/detail/rpy__traits.hpp
[4.755s] -- Up-to-date: /voiture2A-ros/install/icm20948_driver/include/icm20948_driver/icm20948_driver/msg/detail/rpy__type_support.hpp
[4.755s] -- Up-to-date: /voiture2A-ros/install/icm20948_driver/include/icm20948_driver/icm20948_driver/msg/detail/debug_fusion__builder.hpp
[4.756s] -- Up-to-date: /voiture2A-ros/install/icm20948_driver/include/icm20948_driver/icm20948_driver/msg/detail/rpy__struct.hpp
[4.757s] -- Up-to-date: /voiture2A-ros/install/icm20948_driver/include/icm20948_driver/icm20948_driver/msg/detail/rpy__builder.hpp
[4.757s] -- Up-to-date: /voiture2A-ros/install/icm20948_driver/include/icm20948_driver/icm20948_driver/msg/detail/raw_data__struct.hpp
[4.758s] -- Up-to-date: /voiture2A-ros/install/icm20948_driver/include/icm20948_driver/icm20948_driver/msg/detail/raw_data__type_support.hpp
[4.758s] -- Up-to-date: /voiture2A-ros/install/icm20948_driver/include/icm20948_driver/icm20948_driver/msg/rosidl_generator_cpp__visibility_control.hpp
[4.759s] -- Up-to-date: /voiture2A-ros/install/icm20948_driver/include/icm20948_driver/icm20948_driver/msg/debug_fusion.hpp
[4.759s] -- Up-to-date: /voiture2A-ros/install/icm20948_driver/include/icm20948_driver/icm20948_driver/msg/rpy.hpp
[4.760s] -- Up-to-date: /voiture2A-ros/install/icm20948_driver/include/icm20948_driver/icm20948_driver/msg/raw_data.hpp
[4.761s] -- Up-to-date: /voiture2A-ros/install/icm20948_driver/include/icm20948_driver/icm20948_driver
[4.761s] -- Up-to-date: /voiture2A-ros/install/icm20948_driver/include/icm20948_driver/icm20948_driver/msg
[4.762s] -- Up-to-date: /voiture2A-ros/install/icm20948_driver/include/icm20948_driver/icm20948_driver/msg/rosidl_typesupport_fastrtps_cpp__visibility_control.h
[4.762s] -- Up-to-date: /voiture2A-ros/install/icm20948_driver/include/icm20948_driver/icm20948_driver/msg/detail
[4.763s] -- Up-to-date: /voiture2A-ros/install/icm20948_driver/include/icm20948_driver/icm20948_driver/msg/detail/dds_fastrtps
[4.764s] -- Up-to-date: /voiture2A-ros/install/icm20948_driver/include/icm20948_driver/icm20948_driver/msg/detail/raw_data__rosidl_typesupport_fastrtps_cpp.hpp
[4.764s] -- Up-to-date: /voiture2A-ros/install/icm20948_driver/include/icm20948_driver/icm20948_driver/msg/detail/rpy__rosidl_typesupport_fastrtps_cpp.hpp
[4.765s] -- Up-to-date: /voiture2A-ros/install/icm20948_driver/include/icm20948_driver/icm20948_driver/msg/detail/debug_fusion__rosidl_typesupport_fastrtps_cpp.hpp
[4.765s] -- Up-to-date: /voiture2A-ros/install/icm20948_driver/lib/libicm20948_driver__rosidl_typesupport_fastrtps_cpp.so
[4.766s] -- Up-to-date: /voiture2A-ros/install/icm20948_driver/include/icm20948_driver/icm20948_driver
[4.767s] -- Up-to-date: /voiture2A-ros/install/icm20948_driver/include/icm20948_driver/icm20948_driver/msg
[4.767s] -- Up-to-date: /voiture2A-ros/install/icm20948_driver/include/icm20948_driver/icm20948_driver/msg/rosidl_typesupport_introspection_c__visibility_control.h
[4.768s] -- Up-to-date: /voiture2A-ros/install/icm20948_driver/include/icm20948_driver/icm20948_driver/msg/detail
[4.768s] -- Installing: /voiture2A-ros/install/icm20948_driver/include/icm20948_driver/icm20948_driver/msg/detail/raw_data__type_support.c
[4.769s] -- Up-to-date: /voiture2A-ros/install/icm20948_driver/include/icm20948_driver/icm20948_driver/msg/detail/debug_fusion__rosidl_typesupport_introspection_c.h
[4.769s] -- Installing: /voiture2A-ros/install/icm20948_driver/include/icm20948_driver/icm20948_driver/msg/detail/rpy__type_support.c
[4.770s] -- Up-to-date: /voiture2A-ros/install/icm20948_driver/include/icm20948_driver/icm20948_driver/msg/detail/rpy__rosidl_typesupport_introspection_c.h
[4.770s] -- Installing: /voiture2A-ros/install/icm20948_driver/include/icm20948_driver/icm20948_driver/msg/detail/debug_fusion__type_support.c
[4.771s] -- Up-to-date: /voiture2A-ros/install/icm20948_driver/include/icm20948_driver/icm20948_driver/msg/detail/raw_data__rosidl_typesupport_introspection_c.h
[4.771s] -- Up-to-date: /voiture2A-ros/install/icm20948_driver/lib/libicm20948_driver__rosidl_typesupport_introspection_c.so
[4.772s] -- Up-to-date: /voiture2A-ros/install/icm20948_driver/lib/libicm20948_driver__rosidl_typesupport_c.so
[4.772s] -- Up-to-date: /voiture2A-ros/install/icm20948_driver/include/icm20948_driver/icm20948_driver
[4.773s] -- Up-to-date: /voiture2A-ros/install/icm20948_driver/include/icm20948_driver/icm20948_driver/msg
[4.774s] -- Up-to-date: /voiture2A-ros/install/icm20948_driver/include/icm20948_driver/icm20948_driver/msg/detail
[4.774s] -- Up-to-date: /voiture2A-ros/install/icm20948_driver/include/icm20948_driver/icm20948_driver/msg/detail/raw_data__type_support.cpp
[4.775s] -- Up-to-date: /voiture2A-ros/install/icm20948_driver/include/icm20948_driver/icm20948_driver/msg/detail/debug_fusion__rosidl_typesupport_introspection_cpp.hpp
[4.775s] -- Up-to-date: /voiture2A-ros/install/icm20948_driver/include/icm20948_driver/icm20948_driver/msg/detail/raw_data__rosidl_typesupport_introspection_cpp.hpp
[4.776s] -- Up-to-date: /voiture2A-ros/install/icm20948_driver/include/icm20948_driver/icm20948_driver/msg/detail/rpy__rosidl_typesupport_introspection_cpp.hpp
[4.776s] -- Up-to-date: /voiture2A-ros/install/icm20948_driver/include/icm20948_driver/icm20948_driver/msg/detail/rpy__type_support.cpp
[4.777s] -- Up-to-date: /voiture2A-ros/install/icm20948_driver/include/icm20948_driver/icm20948_driver/msg/detail/debug_fusion__type_support.cpp
[4.777s] -- Up-to-date: /voiture2A-ros/install/icm20948_driver/lib/libicm20948_driver__rosidl_typesupport_introspection_cpp.so
[4.778s] -- Up-to-date: /voiture2A-ros/install/icm20948_driver/lib/libicm20948_driver__rosidl_typesupport_cpp.so
[4.778s] -- Up-to-date: /voiture2A-ros/install/icm20948_driver/share/icm20948_driver/environment/pythonpath.sh
[4.779s] -- Up-to-date: /voiture2A-ros/install/icm20948_driver/share/icm20948_driver/environment/pythonpath.dsv
[4.779s] -- Up-to-date: /voiture2A-ros/install/icm20948_driver/lib/python3.10/site-packages/icm20948_driver-1.0.0-py3.10.egg-info
[4.780s] -- Installing: /voiture2A-ros/install/icm20948_driver/lib/python3.10/site-packages/icm20948_driver-1.0.0-py3.10.egg-info/dependency_links.txt
[4.780s] -- Installing: /voiture2A-ros/install/icm20948_driver/lib/python3.10/site-packages/icm20948_driver-1.0.0-py3.10.egg-info/PKG-INFO
[4.781s] -- Installing: /voiture2A-ros/install/icm20948_driver/lib/python3.10/site-packages/icm20948_driver-1.0.0-py3.10.egg-info/top_level.txt
[4.782s] -- Installing: /voiture2A-ros/install/icm20948_driver/lib/python3.10/site-packages/icm20948_driver-1.0.0-py3.10.egg-info/SOURCES.txt
[4.782s] -- Up-to-date: /voiture2A-ros/install/icm20948_driver/lib/python3.10/site-packages/icm20948_driver
[4.783s] -- Up-to-date: /voiture2A-ros/install/icm20948_driver/lib/python3.10/site-packages/icm20948_driver/_icm20948_driver_s.ep.rosidl_typesupport_fastrtps_c.c
[4.784s] -- Up-to-date: /voiture2A-ros/install/icm20948_driver/lib/python3.10/site-packages/icm20948_driver/msg
[4.785s] -- Up-to-date: /voiture2A-ros/install/icm20948_driver/lib/python3.10/site-packages/icm20948_driver/msg/_debug_fusion.py
[4.785s] -- Up-to-date: /voiture2A-ros/install/icm20948_driver/lib/python3.10/site-packages/icm20948_driver/msg/_raw_data.py
[4.786s] -- Up-to-date: /voiture2A-ros/install/icm20948_driver/lib/python3.10/site-packages/icm20948_driver/msg/_raw_data_s.c
[4.787s] -- Up-to-date: /voiture2A-ros/install/icm20948_driver/lib/python3.10/site-packages/icm20948_driver/msg/_rpy_s.c
[4.787s] -- Up-to-date: /voiture2A-ros/install/icm20948_driver/lib/python3.10/site-packages/icm20948_driver/msg/_rpy.py
[4.788s] -- Up-to-date: /voiture2A-ros/install/icm20948_driver/lib/python3.10/site-packages/icm20948_driver/msg/_debug_fusion_s.c
[4.788s] -- Up-to-date: /voiture2A-ros/install/icm20948_driver/lib/python3.10/site-packages/icm20948_driver/msg/__init__.py
[4.789s] -- Up-to-date: /voiture2A-ros/install/icm20948_driver/lib/python3.10/site-packages/icm20948_driver/_icm20948_driver_s.ep.rosidl_typesupport_c.c
[4.790s] -- Up-to-date: /voiture2A-ros/install/icm20948_driver/lib/python3.10/site-packages/icm20948_driver/_icm20948_driver_s.ep.rosidl_typesupport_introspection_c.c
[4.790s] -- Up-to-date: /voiture2A-ros/install/icm20948_driver/lib/python3.10/site-packages/icm20948_driver/__init__.py
[5.035s] Listing '/voiture2A-ros/install/icm20948_driver/lib/python3.10/site-packages/icm20948_driver'...
[5.035s] Listing '/voiture2A-ros/install/icm20948_driver/lib/python3.10/site-packages/icm20948_driver/msg'...
[5.092s] -- Up-to-date: /voiture2A-ros/install/icm20948_driver/lib/python3.10/site-packages/icm20948_driver/icm20948_driver_s__rosidl_typesupport_fastrtps_c.cpython-310-aarch64-linux-gnu.so
[5.094s] -- Up-to-date: /voiture2A-ros/install/icm20948_driver/lib/python3.10/site-packages/icm20948_driver/icm20948_driver_s__rosidl_typesupport_introspection_c.cpython-310-aarch64-linux-gnu.so
[5.097s] -- Up-to-date: /voiture2A-ros/install/icm20948_driver/lib/python3.10/site-packages/icm20948_driver/icm20948_driver_s__rosidl_typesupport_c.cpython-310-aarch64-linux-gnu.so
[5.097s] -- Up-to-date: /voiture2A-ros/install/icm20948_driver/lib/libicm20948_driver__rosidl_generator_py.so
[5.098s] -- Up-to-date: /voiture2A-ros/install/icm20948_driver/share/icm20948_driver/msg/RPY.idl
[5.098s] -- Up-to-date: /voiture2A-ros/install/icm20948_driver/share/icm20948_driver/msg/RawData.idl
[5.099s] -- Up-to-date: /voiture2A-ros/install/icm20948_driver/share/icm20948_driver/msg/DebugFusion.idl
[5.100s] -- Up-to-date: /voiture2A-ros/install/icm20948_driver/share/icm20948_driver/msg/RPY.msg
[5.101s] -- Up-to-date: /voiture2A-ros/install/icm20948_driver/share/icm20948_driver/msg/RawData.msg
[5.101s] -- Up-to-date: /voiture2A-ros/install/icm20948_driver/share/icm20948_driver/msg/DebugFusion.msg
[5.102s] -- Up-to-date: /voiture2A-ros/install/icm20948_driver/lib/icm20948_driver/icm20948
[5.103s] -- Up-to-date: /voiture2A-ros/install/icm20948_driver/lib/libFusion.a
[5.103s] -- Up-to-date: /voiture2A-ros/install/icm20948_driver/share/ament_index/resource_index/package_run_dependencies/icm20948_driver
[5.104s] -- Up-to-date: /voiture2A-ros/install/icm20948_driver/share/ament_index/resource_index/parent_prefix_path/icm20948_driver
[5.104s] -- Up-to-date: /voiture2A-ros/install/icm20948_driver/share/icm20948_driver/environment/ament_prefix_path.sh
[5.105s] -- Up-to-date: /voiture2A-ros/install/icm20948_driver/share/icm20948_driver/environment/ament_prefix_path.dsv
[5.106s] -- Up-to-date: /voiture2A-ros/install/icm20948_driver/share/icm20948_driver/environment/path.sh
[5.106s] -- Up-to-date: /voiture2A-ros/install/icm20948_driver/share/icm20948_driver/environment/path.dsv
[5.107s] -- Up-to-date: /voiture2A-ros/install/icm20948_driver/share/icm20948_driver/local_setup.bash
[5.109s] -- Up-to-date: /voiture2A-ros/install/icm20948_driver/share/icm20948_driver/local_setup.sh
[5.109s] -- Up-to-date: /voiture2A-ros/install/icm20948_driver/share/icm20948_driver/local_setup.zsh
[5.110s] -- Up-to-date: /voiture2A-ros/install/icm20948_driver/share/icm20948_driver/local_setup.dsv
[5.110s] -- Installing: /voiture2A-ros/install/icm20948_driver/share/icm20948_driver/package.dsv
[5.111s] -- Up-to-date: /voiture2A-ros/install/icm20948_driver/share/ament_index/resource_index/packages/icm20948_driver
[5.112s] -- Up-to-date: /voiture2A-ros/install/icm20948_driver/share/icm20948_driver/cmake/export_icm20948_driver__rosidl_generator_cExport.cmake
[5.113s] -- Up-to-date: /voiture2A-ros/install/icm20948_driver/share/icm20948_driver/cmake/export_icm20948_driver__rosidl_generator_cExport-noconfig.cmake
[5.113s] -- Up-to-date: /voiture2A-ros/install/icm20948_driver/share/icm20948_driver/cmake/export_icm20948_driver__rosidl_typesupport_fastrtps_cExport.cmake
[5.114s] -- Up-to-date: /voiture2A-ros/install/icm20948_driver/share/icm20948_driver/cmake/export_icm20948_driver__rosidl_typesupport_fastrtps_cExport-noconfig.cmake
[5.115s] -- Up-to-date: /voiture2A-ros/install/icm20948_driver/share/icm20948_driver/cmake/export_icm20948_driver__rosidl_generator_cppExport.cmake
[5.116s] -- Up-to-date: /voiture2A-ros/install/icm20948_driver/share/icm20948_driver/cmake/export_icm20948_driver__rosidl_typesupport_fastrtps_cppExport.cmake
[5.119s] -- Up-to-date: /voiture2A-ros/install/icm20948_driver/share/icm20948_driver/cmake/export_icm20948_driver__rosidl_typesupport_fastrtps_cppExport-noconfig.cmake
[5.120s] -- Up-to-date: /voiture2A-ros/install/icm20948_driver/share/icm20948_driver/cmake/icm20948_driver__rosidl_typesupport_introspection_cExport.cmake
[5.121s] -- Up-to-date: /voiture2A-ros/install/icm20948_driver/share/icm20948_driver/cmake/icm20948_driver__rosidl_typesupport_introspection_cExport-noconfig.cmake
[5.122s] -- Up-to-date: /voiture2A-ros/install/icm20948_driver/share/icm20948_driver/cmake/icm20948_driver__rosidl_typesupport_cExport.cmake
[5.122s] -- Up-to-date: /voiture2A-ros/install/icm20948_driver/share/icm20948_driver/cmake/icm20948_driver__rosidl_typesupport_cExport-noconfig.cmake
[5.123s] -- Up-to-date: /voiture2A-ros/install/icm20948_driver/share/icm20948_driver/cmake/icm20948_driver__rosidl_typesupport_introspection_cppExport.cmake
[5.123s] -- Up-to-date: /voiture2A-ros/install/icm20948_driver/share/icm20948_driver/cmake/icm20948_driver__rosidl_typesupport_introspection_cppExport-noconfig.cmake
[5.124s] -- Up-to-date: /voiture2A-ros/install/icm20948_driver/share/icm20948_driver/cmake/icm20948_driver__rosidl_typesupport_cppExport.cmake
[5.124s] -- Up-to-date: /voiture2A-ros/install/icm20948_driver/share/icm20948_driver/cmake/icm20948_driver__rosidl_typesupport_cppExport-noconfig.cmake
[5.125s] -- Up-to-date: /voiture2A-ros/install/icm20948_driver/share/icm20948_driver/cmake/export_icm20948_driver__rosidl_generator_pyExport.cmake
[5.125s] -- Up-to-date: /voiture2A-ros/install/icm20948_driver/share/icm20948_driver/cmake/export_icm20948_driver__rosidl_generator_pyExport-noconfig.cmake
[5.126s] -- Up-to-date: /voiture2A-ros/install/icm20948_driver/share/icm20948_driver/cmake/rosidl_cmake-extras.cmake
[5.126s] -- Up-to-date: /voiture2A-ros/install/icm20948_driver/share/icm20948_driver/cmake/ament_cmake_export_dependencies-extras.cmake
[5.127s] -- Up-to-date: /voiture2A-ros/install/icm20948_driver/share/icm20948_driver/cmake/ament_cmake_export_include_directories-extras.cmake
[5.128s] -- Up-to-date: /voiture2A-ros/install/icm20948_driver/share/icm20948_driver/cmake/ament_cmake_export_libraries-extras.cmake
[5.129s] -- Up-to-date: /voiture2A-ros/install/icm20948_driver/share/icm20948_driver/cmake/ament_cmake_export_targets-extras.cmake
[5.130s] -- Up-to-date: /voiture2A-ros/install/icm20948_driver/share/icm20948_driver/cmake/rosidl_cmake_export_typesupport_targets-extras.cmake
[5.130s] -- Up-to-date: /voiture2A-ros/install/icm20948_driver/share/icm20948_driver/cmake/rosidl_cmake_export_typesupport_libraries-extras.cmake
[5.131s] -- Up-to-date: /voiture2A-ros/install/icm20948_driver/share/icm20948_driver/cmake/icm20948_driverConfig.cmake
[5.131s] -- Up-to-date: /voiture2A-ros/install/icm20948_driver/share/icm20948_driver/cmake/icm20948_driverConfig-version.cmake
[5.132s] -- Up-to-date: /voiture2A-ros/install/icm20948_driver/share/icm20948_driver/package.xml
[5.274s] Invoked command in '/voiture2A-ros/build/icm20948_driver' returned '0': CMAKE_PREFIX_PATH=/opt/ros/rolling /usr/bin/cmake --install /voiture2A-ros/build/icm20948_driver
