[0.090s] Invoking command in '/voiture2A-ros/build/icm20948_driver': CMAKE_PREFIX_PATH=/opt/ros/rolling /usr/bin/cmake --build /voiture2A-ros/build/icm20948_driver -- -j16 -l16
[1.590s] [  1%] Built target icm20948_driver__rosidl_generator_type_description
[1.591s] [  8%] Built target Fusion
[1.592s] [  8%] Built target ament_cmake_python_copy_icm20948_driver
[1.595s] [  9%] Built target icm20948_driver__cpp
[1.596s] [ 27%] Built target icm20948_driver__rosidl_generator_c
[1.597s] [ 36%] Built target icm20948_driver__rosidl_typesupport_c
[1.597s] [ 44%] Built target icm20948_driver__rosidl_typesupport_introspection_cpp
[1.598s] [ 52%] Built target icm20948_driver__rosidl_typesupport_cpp
[1.599s] [ 60%] Built target icm20948_driver__rosidl_typesupport_introspection_c
[1.599s] [ 68%] Built target icm20948_driver__rosidl_typesupport_fastrtps_c
[1.600s] [ 77%] Built target icm20948_driver__rosidl_typesupport_fastrtps_cpp
[1.835s] [ 77%] Built target icm20948_driver
[1.870s] [ 81%] Built target icm20948
[2.127s] [ 83%] Built target icm20948_driver__py
[2.446s] running egg_info
[2.452s] writing icm20948_driver.egg-info/PKG-INFO
[2.454s] writing dependency_links to icm20948_driver.egg-info/dependency_links.txt
[2.454s] [ 90%] Built target icm20948_driver__rosidl_generator_py
[2.455s] writing top-level names to icm20948_driver.egg-info/top_level.txt
[2.473s] reading manifest file 'icm20948_driver.egg-info/SOURCES.txt'
[2.477s] writing manifest file 'icm20948_driver.egg-info/SOURCES.txt'
[2.684s] [ 90%] Built target ament_cmake_python_build_icm20948_driver_egg
[2.895s] [ 93%] Built target icm20948_driver__rosidl_typesupport_c__pyext
[2.907s] [ 96%] Built target icm20948_driver__rosidl_typesupport_introspection_c__pyext
[2.908s] [100%] Built target icm20948_driver__rosidl_typesupport_fastrtps_c__pyext
[3.126s] Invoked command in '/voiture2A-ros/build/icm20948_driver' returned '0': CMAKE_PREFIX_PATH=/opt/ros/rolling /usr/bin/cmake --build /voiture2A-ros/build/icm20948_driver -- -j16 -l16
[3.130s] Invoking command in '/voiture2A-ros/build/icm20948_driver': CMAKE_PREFIX_PATH=/opt/ros/rolling /usr/bin/cmake --install /voiture2A-ros/build/icm20948_driver
[3.275s] -- Install configuration: ""
[3.275s] -- Up-to-date: /voiture2A-ros/install/icm20948_driver/share/ament_index/resource_index/rosidl_interfaces/icm20948_driver
[3.276s] -- Up-to-date: /voiture2A-ros/install/icm20948_driver/share/icm20948_driver/msg/RPY.json
[3.276s] -- Up-to-date: /voiture2A-ros/install/icm20948_driver/share/icm20948_driver/msg/RawData.json
[3.276s] -- Up-to-date: /voiture2A-ros/install/icm20948_driver/share/icm20948_driver/msg/DebugFusion.json
[3.276s] -- Up-to-date: /voiture2A-ros/install/icm20948_driver/include/icm20948_driver/icm20948_driver
[3.277s] -- Up-to-date: /voiture2A-ros/install/icm20948_driver/include/icm20948_driver/icm20948_driver/msg
[3.277s] -- Up-to-date: /voiture2A-ros/install/icm20948_driver/include/icm20948_driver/icm20948_driver/msg/rosidl_generator_c__visibility_control.h
[3.277s] -- Up-to-date: /voiture2A-ros/install/icm20948_driver/include/icm20948_driver/icm20948_driver/msg/raw_data.h
[3.278s] -- Up-to-date: /voiture2A-ros/install/icm20948_driver/include/icm20948_driver/icm20948_driver/msg/debug_fusion.h
[3.278s] -- Up-to-date: /voiture2A-ros/install/icm20948_driver/include/icm20948_driver/icm20948_driver/msg/detail
[3.278s] -- Installing: /voiture2A-ros/install/icm20948_driver/include/icm20948_driver/icm20948_driver/msg/detail/raw_data__type_support.c
[3.279s] -- Up-to-date: /voiture2A-ros/install/icm20948_driver/include/icm20948_driver/icm20948_driver/msg/detail/rpy__type_support.h
[3.279s] -- Up-to-date: /voiture2A-ros/install/icm20948_driver/include/icm20948_driver/icm20948_driver/msg/detail/raw_data__functions.h
[3.279s] -- Up-to-date: /voiture2A-ros/install/icm20948_driver/include/icm20948_driver/icm20948_driver/msg/detail/rpy__description.c
[3.279s] -- Up-to-date: /voiture2A-ros/install/icm20948_driver/include/icm20948_driver/icm20948_driver/msg/detail/debug_fusion__functions.c
[3.280s] -- Installing: /voiture2A-ros/install/icm20948_driver/include/icm20948_driver/icm20948_driver/msg/detail/rpy__type_support.c
[3.280s] -- Up-to-date: /voiture2A-ros/install/icm20948_driver/include/icm20948_driver/icm20948_driver/msg/detail/debug_fusion__struct.h
[3.280s] -- Up-to-date: /voiture2A-ros/install/icm20948_driver/include/icm20948_driver/icm20948_driver/msg/detail/raw_data__functions.c
[3.281s] -- Up-to-date: /voiture2A-ros/install/icm20948_driver/include/icm20948_driver/icm20948_driver/msg/detail/rpy__functions.c
[3.281s] -- Up-to-date: /voiture2A-ros/install/icm20948_driver/include/icm20948_driver/icm20948_driver/msg/detail/debug_fusion__description.c
[3.281s] -- Up-to-date: /voiture2A-ros/install/icm20948_driver/include/icm20948_driver/icm20948_driver/msg/detail/raw_data__struct.h
[3.281s] -- Up-to-date: /voiture2A-ros/install/icm20948_driver/include/icm20948_driver/icm20948_driver/msg/detail/raw_data__description.c
[3.282s] -- Up-to-date: /voiture2A-ros/install/icm20948_driver/include/icm20948_driver/icm20948_driver/msg/detail/rpy__struct.h
[3.282s] -- Up-to-date: /voiture2A-ros/install/icm20948_driver/include/icm20948_driver/icm20948_driver/msg/detail/rpy__functions.h
[3.282s] -- Installing: /voiture2A-ros/install/icm20948_driver/include/icm20948_driver/icm20948_driver/msg/detail/debug_fusion__type_support.c
[3.283s] -- Up-to-date: /voiture2A-ros/install/icm20948_driver/include/icm20948_driver/icm20948_driver/msg/detail/debug_fusion__functions.h
[3.283s] -- Up-to-date: /voiture2A-ros/install/icm20948_driver/include/icm20948_driver/icm20948_driver/msg/detail/debug_fusion__type_support.h
[3.283s] -- Up-to-date: /voiture2A-ros/install/icm20948_driver/include/icm20948_driver/icm20948_driver/msg/detail/raw_data__type_support.h
[3.284s] -- Up-to-date: /voiture2A-ros/install/icm20948_driver/include/icm20948_driver/icm20948_driver/msg/rpy.h
[3.284s] -- Up-to-date: /voiture2A-ros/install/icm20948_driver/share/icm20948_driver/environment/library_path.sh
[3.284s] -- Up-to-date: /voiture2A-ros/install/icm20948_driver/share/icm20948_driver/environment/library_path.dsv
[3.285s] -- Up-to-date: /voiture2A-ros/install/icm20948_driver/lib/libicm20948_driver__rosidl_generator_c.so
[3.285s] -- Up-to-date: /voiture2A-ros/install/icm20948_driver/include/icm20948_driver/icm20948_driver
[3.285s] -- Up-to-date: /voiture2A-ros/install/icm20948_driver/include/icm20948_driver/icm20948_driver/msg
[3.285s] -- Up-to-date: /voiture2A-ros/install/icm20948_driver/include/icm20948_driver/icm20948_driver/msg/rosidl_typesupport_fastrtps_c__visibility_control.h
[3.286s] -- Up-to-date: /voiture2A-ros/install/icm20948_driver/include/icm20948_driver/icm20948_driver/msg/detail
[3.286s] -- Up-to-date: /voiture2A-ros/install/icm20948_driver/include/icm20948_driver/icm20948_driver/msg/detail/rpy__rosidl_typesupport_fastrtps_c.h
[3.286s] -- Up-to-date: /voiture2A-ros/install/icm20948_driver/include/icm20948_driver/icm20948_driver/msg/detail/raw_data__rosidl_typesupport_fastrtps_c.h
[3.287s] -- Up-to-date: /voiture2A-ros/install/icm20948_driver/include/icm20948_driver/icm20948_driver/msg/detail/debug_fusion__rosidl_typesupport_fastrtps_c.h
[3.287s] -- Up-to-date: /voiture2A-ros/install/icm20948_driver/lib/libicm20948_driver__rosidl_typesupport_fastrtps_c.so
[3.287s] -- Up-to-date: /voiture2A-ros/install/icm20948_driver/include/icm20948_driver/icm20948_driver
[3.287s] -- Up-to-date: /voiture2A-ros/install/icm20948_driver/include/icm20948_driver/icm20948_driver/msg
[3.288s] -- Up-to-date: /voiture2A-ros/install/icm20948_driver/include/icm20948_driver/icm20948_driver/msg/detail
[3.288s] -- Up-to-date: /voiture2A-ros/install/icm20948_driver/include/icm20948_driver/icm20948_driver/msg/detail/debug_fusion__struct.hpp
[3.288s] -- Up-to-date: /voiture2A-ros/install/icm20948_driver/include/icm20948_driver/icm20948_driver/msg/detail/raw_data__traits.hpp
[3.289s] -- Up-to-date: /voiture2A-ros/install/icm20948_driver/include/icm20948_driver/icm20948_driver/msg/detail/debug_fusion__traits.hpp
[3.289s] -- Up-to-date: /voiture2A-ros/install/icm20948_driver/include/icm20948_driver/icm20948_driver/msg/detail/raw_data__builder.hpp
[3.289s] -- Up-to-date: /voiture2A-ros/install/icm20948_driver/include/icm20948_driver/icm20948_driver/msg/detail/debug_fusion__type_support.hpp
[3.290s] -- Up-to-date: /voiture2A-ros/install/icm20948_driver/include/icm20948_driver/icm20948_driver/msg/detail/rpy__traits.hpp
[3.290s] -- Up-to-date: /voiture2A-ros/install/icm20948_driver/include/icm20948_driver/icm20948_driver/msg/detail/rpy__type_support.hpp
[3.290s] -- Up-to-date: /voiture2A-ros/install/icm20948_driver/include/icm20948_driver/icm20948_driver/msg/detail/debug_fusion__builder.hpp
[3.290s] -- Up-to-date: /voiture2A-ros/install/icm20948_driver/include/icm20948_driver/icm20948_driver/msg/detail/rpy__struct.hpp
[3.291s] -- Up-to-date: /voiture2A-ros/install/icm20948_driver/include/icm20948_driver/icm20948_driver/msg/detail/rpy__builder.hpp
[3.291s] -- Up-to-date: /voiture2A-ros/install/icm20948_driver/include/icm20948_driver/icm20948_driver/msg/detail/raw_data__struct.hpp
[3.291s] -- Up-to-date: /voiture2A-ros/install/icm20948_driver/include/icm20948_driver/icm20948_driver/msg/detail/raw_data__type_support.hpp
[3.292s] -- Up-to-date: /voiture2A-ros/install/icm20948_driver/include/icm20948_driver/icm20948_driver/msg/rosidl_generator_cpp__visibility_control.hpp
[3.292s] -- Up-to-date: /voiture2A-ros/install/icm20948_driver/include/icm20948_driver/icm20948_driver/msg/debug_fusion.hpp
[3.292s] -- Up-to-date: /voiture2A-ros/install/icm20948_driver/include/icm20948_driver/icm20948_driver/msg/rpy.hpp
[3.293s] -- Up-to-date: /voiture2A-ros/install/icm20948_driver/include/icm20948_driver/icm20948_driver/msg/raw_data.hpp
[3.293s] -- Up-to-date: /voiture2A-ros/install/icm20948_driver/include/icm20948_driver/icm20948_driver
[3.293s] -- Up-to-date: /voiture2A-ros/install/icm20948_driver/include/icm20948_driver/icm20948_driver/msg
[3.293s] -- Up-to-date: /voiture2A-ros/install/icm20948_driver/include/icm20948_driver/icm20948_driver/msg/rosidl_typesupport_fastrtps_cpp__visibility_control.h
[3.294s] -- Up-to-date: /voiture2A-ros/install/icm20948_driver/include/icm20948_driver/icm20948_driver/msg/detail
[3.294s] -- Up-to-date: /voiture2A-ros/install/icm20948_driver/include/icm20948_driver/icm20948_driver/msg/detail/dds_fastrtps
[3.294s] -- Up-to-date: /voiture2A-ros/install/icm20948_driver/include/icm20948_driver/icm20948_driver/msg/detail/raw_data__rosidl_typesupport_fastrtps_cpp.hpp
[3.295s] -- Up-to-date: /voiture2A-ros/install/icm20948_driver/include/icm20948_driver/icm20948_driver/msg/detail/rpy__rosidl_typesupport_fastrtps_cpp.hpp
[3.295s] -- Up-to-date: /voiture2A-ros/install/icm20948_driver/include/icm20948_driver/icm20948_driver/msg/detail/debug_fusion__rosidl_typesupport_fastrtps_cpp.hpp
[3.295s] -- Up-to-date: /voiture2A-ros/install/icm20948_driver/lib/libicm20948_driver__rosidl_typesupport_fastrtps_cpp.so
[3.295s] -- Up-to-date: /voiture2A-ros/install/icm20948_driver/include/icm20948_driver/icm20948_driver
[3.296s] -- Up-to-date: /voiture2A-ros/install/icm20948_driver/include/icm20948_driver/icm20948_driver/msg
[3.296s] -- Up-to-date: /voiture2A-ros/install/icm20948_driver/include/icm20948_driver/icm20948_driver/msg/rosidl_typesupport_introspection_c__visibility_control.h
[3.296s] -- Up-to-date: /voiture2A-ros/install/icm20948_driver/include/icm20948_driver/icm20948_driver/msg/detail
[3.297s] -- Installing: /voiture2A-ros/install/icm20948_driver/include/icm20948_driver/icm20948_driver/msg/detail/raw_data__type_support.c
[3.297s] -- Up-to-date: /voiture2A-ros/install/icm20948_driver/include/icm20948_driver/icm20948_driver/msg/detail/debug_fusion__rosidl_typesupport_introspection_c.h
[3.297s] -- Installing: /voiture2A-ros/install/icm20948_driver/include/icm20948_driver/icm20948_driver/msg/detail/rpy__type_support.c
[3.297s] -- Up-to-date: /voiture2A-ros/install/icm20948_driver/include/icm20948_driver/icm20948_driver/msg/detail/rpy__rosidl_typesupport_introspection_c.h
[3.298s] -- Installing: /voiture2A-ros/install/icm20948_driver/include/icm20948_driver/icm20948_driver/msg/detail/debug_fusion__type_support.c
[3.298s] -- Up-to-date: /voiture2A-ros/install/icm20948_driver/include/icm20948_driver/icm20948_driver/msg/detail/raw_data__rosidl_typesupport_introspection_c.h
[3.298s] -- Up-to-date: /voiture2A-ros/install/icm20948_driver/lib/libicm20948_driver__rosidl_typesupport_introspection_c.so
[3.299s] -- Up-to-date: /voiture2A-ros/install/icm20948_driver/lib/libicm20948_driver__rosidl_typesupport_c.so
[3.299s] -- Up-to-date: /voiture2A-ros/install/icm20948_driver/include/icm20948_driver/icm20948_driver
[3.299s] -- Up-to-date: /voiture2A-ros/install/icm20948_driver/include/icm20948_driver/icm20948_driver/msg
[3.300s] -- Up-to-date: /voiture2A-ros/install/icm20948_driver/include/icm20948_driver/icm20948_driver/msg/detail
[3.300s] -- Up-to-date: /voiture2A-ros/install/icm20948_driver/include/icm20948_driver/icm20948_driver/msg/detail/raw_data__type_support.cpp
[3.300s] -- Up-to-date: /voiture2A-ros/install/icm20948_driver/include/icm20948_driver/icm20948_driver/msg/detail/debug_fusion__rosidl_typesupport_introspection_cpp.hpp
[3.300s] -- Up-to-date: /voiture2A-ros/install/icm20948_driver/include/icm20948_driver/icm20948_driver/msg/detail/raw_data__rosidl_typesupport_introspection_cpp.hpp
[3.301s] -- Up-to-date: /voiture2A-ros/install/icm20948_driver/include/icm20948_driver/icm20948_driver/msg/detail/rpy__rosidl_typesupport_introspection_cpp.hpp
[3.301s] -- Up-to-date: /voiture2A-ros/install/icm20948_driver/include/icm20948_driver/icm20948_driver/msg/detail/rpy__type_support.cpp
[3.301s] -- Up-to-date: /voiture2A-ros/install/icm20948_driver/include/icm20948_driver/icm20948_driver/msg/detail/debug_fusion__type_support.cpp
[3.302s] -- Up-to-date: /voiture2A-ros/install/icm20948_driver/lib/libicm20948_driver__rosidl_typesupport_introspection_cpp.so
[3.302s] -- Up-to-date: /voiture2A-ros/install/icm20948_driver/lib/libicm20948_driver__rosidl_typesupport_cpp.so
[3.302s] -- Up-to-date: /voiture2A-ros/install/icm20948_driver/share/icm20948_driver/environment/pythonpath.sh
[3.303s] -- Up-to-date: /voiture2A-ros/install/icm20948_driver/share/icm20948_driver/environment/pythonpath.dsv
[3.303s] -- Up-to-date: /voiture2A-ros/install/icm20948_driver/lib/python3.10/site-packages/icm20948_driver-1.0.0-py3.10.egg-info
[3.303s] -- Installing: /voiture2A-ros/install/icm20948_driver/lib/python3.10/site-packages/icm20948_driver-1.0.0-py3.10.egg-info/dependency_links.txt
[3.304s] -- Installing: /voiture2A-ros/install/icm20948_driver/lib/python3.10/site-packages/icm20948_driver-1.0.0-py3.10.egg-info/PKG-INFO
[3.304s] -- Installing: /voiture2A-ros/install/icm20948_driver/lib/python3.10/site-packages/icm20948_driver-1.0.0-py3.10.egg-info/top_level.txt
[3.304s] -- Installing: /voiture2A-ros/install/icm20948_driver/lib/python3.10/site-packages/icm20948_driver-1.0.0-py3.10.egg-info/SOURCES.txt
[3.304s] -- Up-to-date: /voiture2A-ros/install/icm20948_driver/lib/python3.10/site-packages/icm20948_driver
[3.305s] -- Up-to-date: /voiture2A-ros/install/icm20948_driver/lib/python3.10/site-packages/icm20948_driver/_icm20948_driver_s.ep.rosidl_typesupport_fastrtps_c.c
[3.305s] -- Up-to-date: /voiture2A-ros/install/icm20948_driver/lib/python3.10/site-packages/icm20948_driver/msg
[3.305s] -- Up-to-date: /voiture2A-ros/install/icm20948_driver/lib/python3.10/site-packages/icm20948_driver/msg/_debug_fusion.py
[3.306s] -- Up-to-date: /voiture2A-ros/install/icm20948_driver/lib/python3.10/site-packages/icm20948_driver/msg/_raw_data.py
[3.306s] -- Up-to-date: /voiture2A-ros/install/icm20948_driver/lib/python3.10/site-packages/icm20948_driver/msg/_raw_data_s.c
[3.306s] -- Up-to-date: /voiture2A-ros/install/icm20948_driver/lib/python3.10/site-packages/icm20948_driver/msg/_rpy_s.c
[3.306s] -- Up-to-date: /voiture2A-ros/install/icm20948_driver/lib/python3.10/site-packages/icm20948_driver/msg/_rpy.py
[3.307s] -- Up-to-date: /voiture2A-ros/install/icm20948_driver/lib/python3.10/site-packages/icm20948_driver/msg/_debug_fusion_s.c
[3.307s] -- Up-to-date: /voiture2A-ros/install/icm20948_driver/lib/python3.10/site-packages/icm20948_driver/msg/__init__.py
[3.307s] -- Up-to-date: /voiture2A-ros/install/icm20948_driver/lib/python3.10/site-packages/icm20948_driver/_icm20948_driver_s.ep.rosidl_typesupport_c.c
[3.308s] -- Up-to-date: /voiture2A-ros/install/icm20948_driver/lib/python3.10/site-packages/icm20948_driver/_icm20948_driver_s.ep.rosidl_typesupport_introspection_c.c
[3.308s] -- Up-to-date: /voiture2A-ros/install/icm20948_driver/lib/python3.10/site-packages/icm20948_driver/__init__.py
[3.590s] Listing '/voiture2A-ros/install/icm20948_driver/lib/python3.10/site-packages/icm20948_driver'...
[3.590s] Listing '/voiture2A-ros/install/icm20948_driver/lib/python3.10/site-packages/icm20948_driver/msg'...
[3.646s] -- Up-to-date: /voiture2A-ros/install/icm20948_driver/lib/python3.10/site-packages/icm20948_driver/icm20948_driver_s__rosidl_typesupport_fastrtps_c.cpython-310-aarch64-linux-gnu.so
[3.647s] -- Up-to-date: /voiture2A-ros/install/icm20948_driver/lib/python3.10/site-packages/icm20948_driver/icm20948_driver_s__rosidl_typesupport_introspection_c.cpython-310-aarch64-linux-gnu.so
[3.648s] -- Up-to-date: /voiture2A-ros/install/icm20948_driver/lib/python3.10/site-packages/icm20948_driver/icm20948_driver_s__rosidl_typesupport_c.cpython-310-aarch64-linux-gnu.so
[3.648s] -- Up-to-date: /voiture2A-ros/install/icm20948_driver/lib/libicm20948_driver__rosidl_generator_py.so
[3.649s] -- Up-to-date: /voiture2A-ros/install/icm20948_driver/share/icm20948_driver/msg/RPY.idl
[3.649s] -- Up-to-date: /voiture2A-ros/install/icm20948_driver/share/icm20948_driver/msg/RawData.idl
[3.650s] -- Up-to-date: /voiture2A-ros/install/icm20948_driver/share/icm20948_driver/msg/DebugFusion.idl
[3.651s] -- Up-to-date: /voiture2A-ros/install/icm20948_driver/share/icm20948_driver/msg/RPY.msg
[3.651s] -- Up-to-date: /voiture2A-ros/install/icm20948_driver/share/icm20948_driver/msg/RawData.msg
[3.652s] -- Up-to-date: /voiture2A-ros/install/icm20948_driver/share/icm20948_driver/msg/DebugFusion.msg
[3.652s] -- Up-to-date: /voiture2A-ros/install/icm20948_driver/lib/icm20948_driver/icm20948
[3.653s] -- Up-to-date: /voiture2A-ros/install/icm20948_driver/lib/libFusion.a
[3.654s] -- Up-to-date: /voiture2A-ros/install/icm20948_driver/share/ament_index/resource_index/package_run_dependencies/icm20948_driver
[3.654s] -- Up-to-date: /voiture2A-ros/install/icm20948_driver/share/ament_index/resource_index/parent_prefix_path/icm20948_driver
[3.655s] -- Up-to-date: /voiture2A-ros/install/icm20948_driver/share/icm20948_driver/environment/ament_prefix_path.sh
[3.655s] -- Up-to-date: /voiture2A-ros/install/icm20948_driver/share/icm20948_driver/environment/ament_prefix_path.dsv
[3.655s] -- Up-to-date: /voiture2A-ros/install/icm20948_driver/share/icm20948_driver/environment/path.sh
[3.656s] -- Up-to-date: /voiture2A-ros/install/icm20948_driver/share/icm20948_driver/environment/path.dsv
[3.656s] -- Up-to-date: /voiture2A-ros/install/icm20948_driver/share/icm20948_driver/local_setup.bash
[3.657s] -- Up-to-date: /voiture2A-ros/install/icm20948_driver/share/icm20948_driver/local_setup.sh
[3.658s] -- Up-to-date: /voiture2A-ros/install/icm20948_driver/share/icm20948_driver/local_setup.zsh
[3.658s] -- Up-to-date: /voiture2A-ros/install/icm20948_driver/share/icm20948_driver/local_setup.dsv
[3.662s] -- Installing: /voiture2A-ros/install/icm20948_driver/share/icm20948_driver/package.dsv
[3.663s] -- Up-to-date: /voiture2A-ros/install/icm20948_driver/share/ament_index/resource_index/packages/icm20948_driver
[3.663s] -- Up-to-date: /voiture2A-ros/install/icm20948_driver/share/icm20948_driver/cmake/export_icm20948_driver__rosidl_generator_cExport.cmake
[3.663s] -- Up-to-date: /voiture2A-ros/install/icm20948_driver/share/icm20948_driver/cmake/export_icm20948_driver__rosidl_generator_cExport-noconfig.cmake
[3.664s] -- Up-to-date: /voiture2A-ros/install/icm20948_driver/share/icm20948_driver/cmake/export_icm20948_driver__rosidl_typesupport_fastrtps_cExport.cmake
[3.664s] -- Up-to-date: /voiture2A-ros/install/icm20948_driver/share/icm20948_driver/cmake/export_icm20948_driver__rosidl_typesupport_fastrtps_cExport-noconfig.cmake
[3.665s] -- Up-to-date: /voiture2A-ros/install/icm20948_driver/share/icm20948_driver/cmake/export_icm20948_driver__rosidl_generator_cppExport.cmake
[3.665s] -- Up-to-date: /voiture2A-ros/install/icm20948_driver/share/icm20948_driver/cmake/export_icm20948_driver__rosidl_typesupport_fastrtps_cppExport.cmake
[3.666s] -- Up-to-date: /voiture2A-ros/install/icm20948_driver/share/icm20948_driver/cmake/export_icm20948_driver__rosidl_typesupport_fastrtps_cppExport-noconfig.cmake
[3.666s] -- Up-to-date: /voiture2A-ros/install/icm20948_driver/share/icm20948_driver/cmake/icm20948_driver__rosidl_typesupport_introspection_cExport.cmake
[3.667s] -- Up-to-date: /voiture2A-ros/install/icm20948_driver/share/icm20948_driver/cmake/icm20948_driver__rosidl_typesupport_introspection_cExport-noconfig.cmake
[3.784s] -- Up-to-date: /voiture2A-ros/install/icm20948_driver/share/icm20948_driver/cmake/icm20948_driver__rosidl_typesupport_cExport.cmake
[3.785s] -- Up-to-date: /voiture2A-ros/install/icm20948_driver/share/icm20948_driver/cmake/icm20948_driver__rosidl_typesupport_cExport-noconfig.cmake
[3.785s] -- Up-to-date: /voiture2A-ros/install/icm20948_driver/share/icm20948_driver/cmake/icm20948_driver__rosidl_typesupport_introspection_cppExport.cmake
[3.786s] -- Up-to-date: /voiture2A-ros/install/icm20948_driver/share/icm20948_driver/cmake/icm20948_driver__rosidl_typesupport_introspection_cppExport-noconfig.cmake
[3.786s] -- Up-to-date: /voiture2A-ros/install/icm20948_driver/share/icm20948_driver/cmake/icm20948_driver__rosidl_typesupport_cppExport.cmake
[3.787s] -- Up-to-date: /voiture2A-ros/install/icm20948_driver/share/icm20948_driver/cmake/icm20948_driver__rosidl_typesupport_cppExport-noconfig.cmake
[3.787s] -- Up-to-date: /voiture2A-ros/install/icm20948_driver/share/icm20948_driver/cmake/export_icm20948_driver__rosidl_generator_pyExport.cmake
[3.788s] -- Up-to-date: /voiture2A-ros/install/icm20948_driver/share/icm20948_driver/cmake/export_icm20948_driver__rosidl_generator_pyExport-noconfig.cmake
[3.789s] -- Up-to-date: /voiture2A-ros/install/icm20948_driver/share/icm20948_driver/cmake/rosidl_cmake-extras.cmake
[3.789s] -- Up-to-date: /voiture2A-ros/install/icm20948_driver/share/icm20948_driver/cmake/ament_cmake_export_dependencies-extras.cmake
[3.790s] -- Up-to-date: /voiture2A-ros/install/icm20948_driver/share/icm20948_driver/cmake/ament_cmake_export_include_directories-extras.cmake
[3.791s] -- Up-to-date: /voiture2A-ros/install/icm20948_driver/share/icm20948_driver/cmake/ament_cmake_export_libraries-extras.cmake
[3.793s] -- Up-to-date: /voiture2A-ros/install/icm20948_driver/share/icm20948_driver/cmake/ament_cmake_export_targets-extras.cmake
[3.793s] -- Up-to-date: /voiture2A-ros/install/icm20948_driver/share/icm20948_driver/cmake/rosidl_cmake_export_typesupport_targets-extras.cmake
[3.794s] -- Up-to-date: /voiture2A-ros/install/icm20948_driver/share/icm20948_driver/cmake/rosidl_cmake_export_typesupport_libraries-extras.cmake
[3.795s] -- Up-to-date: /voiture2A-ros/install/icm20948_driver/share/icm20948_driver/cmake/icm20948_driverConfig.cmake
[3.795s] -- Up-to-date: /voiture2A-ros/install/icm20948_driver/share/icm20948_driver/cmake/icm20948_driverConfig-version.cmake
[3.796s] -- Up-to-date: /voiture2A-ros/install/icm20948_driver/share/icm20948_driver/package.xml
[3.797s] Invoked command in '/voiture2A-ros/build/icm20948_driver' returned '0': CMAKE_PREFIX_PATH=/opt/ros/rolling /usr/bin/cmake --install /voiture2A-ros/build/icm20948_driver
