[5.260s] Invoking command in '/voiture2A-ros/src/notre_package': PYTHONPATH=/voiture2A-ros/build/notre_package/prefix_override:/usr/lib/python3/dist-packages/colcon_core/task/python/colcon_distutils_commands:/voiture2A-ros/install/notre_package/lib/python3.10/site-packages:${PYTHONPATH} /usr/bin/python3 -W ignore:setup.py install is deprecated -W ignore:easy_install command is deprecated setup.py egg_info --egg-base ../../build/notre_package build --build-base /voiture2A-ros/build/notre_package/build install --record /voiture2A-ros/build/notre_package/install.log --single-version-externally-managed install_data
[6.652s] running egg_info
[6.652s] writing ../../build/notre_package/notre_package.egg-info/PKG-INFO
[6.652s] writing dependency_links to ../../build/notre_package/notre_package.egg-info/dependency_links.txt
[6.653s] writing entry points to ../../build/notre_package/notre_package.egg-info/entry_points.txt
[6.653s] writing requirements to ../../build/notre_package/notre_package.egg-info/requires.txt
[6.653s] writing top-level names to ../../build/notre_package/notre_package.egg-info/top_level.txt
[6.654s] reading manifest file '../../build/notre_package/notre_package.egg-info/SOURCES.txt'
[6.654s] writing manifest file '../../build/notre_package/notre_package.egg-info/SOURCES.txt'
[6.654s] running build
[6.655s] running build_py
[6.655s] copying notre_package/control.py -> /voiture2A-ros/build/notre_package/build/lib/notre_package
[6.655s] copying notre_package/localization.py -> /voiture2A-ros/build/notre_package/build/lib/notre_package
[6.656s] copying notre_package/waypoint.py -> /voiture2A-ros/build/notre_package/build/lib/notre_package
[6.656s] running install
[6.656s] running install_lib
[6.657s] copying /voiture2A-ros/build/notre_package/build/lib/notre_package/control.py -> /voiture2A-ros/install/notre_package/lib/python3.10/site-packages/notre_package
[6.657s] copying /voiture2A-ros/build/notre_package/build/lib/notre_package/localization.py -> /voiture2A-ros/install/notre_package/lib/python3.10/site-packages/notre_package
[6.657s] copying /voiture2A-ros/build/notre_package/build/lib/notre_package/waypoint.py -> /voiture2A-ros/install/notre_package/lib/python3.10/site-packages/notre_package
[6.658s] byte-compiling /voiture2A-ros/install/notre_package/lib/python3.10/site-packages/notre_package/control.py to control.cpython-310.pyc
[6.658s] byte-compiling /voiture2A-ros/install/notre_package/lib/python3.10/site-packages/notre_package/localization.py to localization.cpython-310.pyc
[6.658s] byte-compiling /voiture2A-ros/install/notre_package/lib/python3.10/site-packages/notre_package/waypoint.py to waypoint.cpython-310.pyc
[6.659s] running install_data
[6.659s] copying launch/multi_launch.py -> /voiture2A-ros/install/notre_package/share/notre_package/launch
[6.659s] running install_egg_info
[6.660s] removing '/voiture2A-ros/install/notre_package/lib/python3.10/site-packages/notre_package-0.0.0-py3.10.egg-info' (and everything under it)
[6.661s] Copying ../../build/notre_package/notre_package.egg-info to /voiture2A-ros/install/notre_package/lib/python3.10/site-packages/notre_package-0.0.0-py3.10.egg-info
[6.661s] running install_scripts
[6.738s] Installing control_node script to /voiture2A-ros/install/notre_package/lib/notre_package
[6.739s] Installing localization_node script to /voiture2A-ros/install/notre_package/lib/notre_package
[6.739s] Installing mission_node script to /voiture2A-ros/install/notre_package/lib/notre_package
[6.769s] writing list of installed files to '/voiture2A-ros/build/notre_package/install.log'
[6.815s] Invoked command in '/voiture2A-ros/src/notre_package' returned '0': PYTHONPATH=/voiture2A-ros/build/notre_package/prefix_override:/usr/lib/python3/dist-packages/colcon_core/task/python/colcon_distutils_commands:/voiture2A-ros/install/notre_package/lib/python3.10/site-packages:${PYTHONPATH} /usr/bin/python3 -W ignore:setup.py install is deprecated -W ignore:easy_install command is deprecated setup.py egg_info --egg-base ../../build/notre_package build --build-base /voiture2A-ros/build/notre_package/build install --record /voiture2A-ros/build/notre_package/install.log --single-version-externally-managed install_data
