[2.626s] Invoking command in '/voiture2A-ros/src/notre_package': PYTHONPATH=/voiture2A-ros/build/notre_package/prefix_override:/usr/lib/python3/dist-packages/colcon_core/task/python/colcon_distutils_commands:/voiture2A-ros/install/notre_package/lib/python3.10/site-packages:${PYTHONPATH} /usr/bin/python3 -W ignore:setup.py install is deprecated -W ignore:easy_install command is deprecated setup.py egg_info --egg-base ../../build/notre_package build --build-base /voiture2A-ros/build/notre_package/build install --record /voiture2A-ros/build/notre_package/install.log --single-version-externally-managed install_data
[3.705s] running egg_info
[3.708s] creating ../../build/notre_package/notre_package.egg-info
[3.709s] writing ../../build/notre_package/notre_package.egg-info/PKG-INFO
[3.710s] writing dependency_links to ../../build/notre_package/notre_package.egg-info/dependency_links.txt
[3.712s] writing entry points to ../../build/notre_package/notre_package.egg-info/entry_points.txt
[3.713s] writing requirements to ../../build/notre_package/notre_package.egg-info/requires.txt
[3.714s] writing top-level names to ../../build/notre_package/notre_package.egg-info/top_level.txt
[3.714s] writing manifest file '../../build/notre_package/notre_package.egg-info/SOURCES.txt'
[3.720s] reading manifest file '../../build/notre_package/notre_package.egg-info/SOURCES.txt'
[3.724s] writing manifest file '../../build/notre_package/notre_package.egg-info/SOURCES.txt'
[3.724s] running build
[3.724s] running build_py
[3.726s] creating /voiture2A-ros/build/notre_package/build
[3.727s] creating /voiture2A-ros/build/notre_package/build/lib
[3.728s] creating /voiture2A-ros/build/notre_package/build/lib/notre_package
[3.728s] copying notre_package/gnss_to_xy.py -> /voiture2A-ros/build/notre_package/build/lib/notre_package
[3.729s] copying notre_package/control.py -> /voiture2A-ros/build/notre_package/build/lib/notre_package
[3.729s] copying notre_package/localization.py -> /voiture2A-ros/build/notre_package/build/lib/notre_package
[3.729s] copying notre_package/waypoint.py -> /voiture2A-ros/build/notre_package/build/lib/notre_package
[3.730s] copying notre_package/__init__.py -> /voiture2A-ros/build/notre_package/build/lib/notre_package
[3.730s] running install
[3.731s] running install_lib
[3.734s] creating /voiture2A-ros/install/notre_package/lib/python3.10/site-packages/notre_package
[3.735s] copying /voiture2A-ros/build/notre_package/build/lib/notre_package/gnss_to_xy.py -> /voiture2A-ros/install/notre_package/lib/python3.10/site-packages/notre_package
[3.735s] copying /voiture2A-ros/build/notre_package/build/lib/notre_package/control.py -> /voiture2A-ros/install/notre_package/lib/python3.10/site-packages/notre_package
[3.736s] copying /voiture2A-ros/build/notre_package/build/lib/notre_package/localization.py -> /voiture2A-ros/install/notre_package/lib/python3.10/site-packages/notre_package
[3.737s] copying /voiture2A-ros/build/notre_package/build/lib/notre_package/waypoint.py -> /voiture2A-ros/install/notre_package/lib/python3.10/site-packages/notre_package
[3.738s] copying /voiture2A-ros/build/notre_package/build/lib/notre_package/__init__.py -> /voiture2A-ros/install/notre_package/lib/python3.10/site-packages/notre_package
[3.738s] byte-compiling /voiture2A-ros/install/notre_package/lib/python3.10/site-packages/notre_package/gnss_to_xy.py to gnss_to_xy.cpython-310.pyc
[3.754s] byte-compiling /voiture2A-ros/install/notre_package/lib/python3.10/site-packages/notre_package/control.py to control.cpython-310.pyc
[3.759s] byte-compiling /voiture2A-ros/install/notre_package/lib/python3.10/site-packages/notre_package/localization.py to localization.cpython-310.pyc
[3.765s] byte-compiling /voiture2A-ros/install/notre_package/lib/python3.10/site-packages/notre_package/waypoint.py to waypoint.cpython-310.pyc
[3.768s] byte-compiling /voiture2A-ros/install/notre_package/lib/python3.10/site-packages/notre_package/__init__.py to __init__.cpython-310.pyc
[3.769s] running install_data
[3.770s] creating /voiture2A-ros/install/notre_package/share/ament_index
[3.770s] creating /voiture2A-ros/install/notre_package/share/ament_index/resource_index
[3.771s] creating /voiture2A-ros/install/notre_package/share/ament_index/resource_index/packages
[3.771s] copying resource/notre_package -> /voiture2A-ros/install/notre_package/share/ament_index/resource_index/packages
[3.771s] copying package.xml -> /voiture2A-ros/install/notre_package/share/notre_package
[3.772s] creating /voiture2A-ros/install/notre_package/share/notre_package/launch
[3.772s] copying launch/multi_launch.py -> /voiture2A-ros/install/notre_package/share/notre_package/launch
[3.772s] running install_egg_info
[3.778s] Copying ../../build/notre_package/notre_package.egg-info to /voiture2A-ros/install/notre_package/lib/python3.10/site-packages/notre_package-0.0.0-py3.10.egg-info
[3.781s] running install_scripts
[3.900s] Installing control_node script to /voiture2A-ros/install/notre_package/lib/notre_package
[3.900s] Installing localization_node script to /voiture2A-ros/install/notre_package/lib/notre_package
[3.901s] Installing mission_node script to /voiture2A-ros/install/notre_package/lib/notre_package
[3.902s] writing list of installed files to '/voiture2A-ros/build/notre_package/install.log'
[3.970s] Invoked command in '/voiture2A-ros/src/notre_package' returned '0': PYTHONPATH=/voiture2A-ros/build/notre_package/prefix_override:/usr/lib/python3/dist-packages/colcon_core/task/python/colcon_distutils_commands:/voiture2A-ros/install/notre_package/lib/python3.10/site-packages:${PYTHONPATH} /usr/bin/python3 -W ignore:setup.py install is deprecated -W ignore:easy_install command is deprecated setup.py egg_info --egg-base ../../build/notre_package build --build-base /voiture2A-ros/build/notre_package/build install --record /voiture2A-ros/build/notre_package/install.log --single-version-externally-managed install_data
