[5.576s] Invoking command in '/voiture2A-ros/src/notre_package': PYTHONPATH=/voiture2A-ros/build/notre_package/prefix_override:/usr/lib/python3/dist-packages/colcon_core/task/python/colcon_distutils_commands:/voiture2A-ros/install/notre_package/lib/python3.10/site-packages:${PYTHONPATH} /usr/bin/python3 -W ignore:setup.py install is deprecated -W ignore:easy_install command is deprecated setup.py egg_info --egg-base ../../build/notre_package build --build-base /voiture2A-ros/build/notre_package/build install --record /voiture2A-ros/build/notre_package/install.log --single-version-externally-managed install_data
[6.769s] running egg_info
[6.772s] writing ../../build/notre_package/notre_package.egg-info/PKG-INFO
[6.773s] writing dependency_links to ../../build/notre_package/notre_package.egg-info/dependency_links.txt
[6.774s] writing entry points to ../../build/notre_package/notre_package.egg-info/entry_points.txt
[6.775s] writing requirements to ../../build/notre_package/notre_package.egg-info/requires.txt
[6.775s] writing top-level names to ../../build/notre_package/notre_package.egg-info/top_level.txt
[6.784s] reading manifest file '../../build/notre_package/notre_package.egg-info/SOURCES.txt'
[6.788s] writing manifest file '../../build/notre_package/notre_package.egg-info/SOURCES.txt'
[6.789s] running build
[6.790s] running build_py
[6.791s] running install
[6.793s] running install_lib
[6.799s] running install_data
[6.800s] running install_egg_info
[6.806s] removing '/voiture2A-ros/install/notre_package/lib/python3.10/site-packages/notre_package-0.0.0-py3.10.egg-info' (and everything under it)
[6.809s] Copying ../../build/notre_package/notre_package.egg-info to /voiture2A-ros/install/notre_package/lib/python3.10/site-packages/notre_package-0.0.0-py3.10.egg-info
[6.812s] running install_scripts
[6.954s] Installing control_node script to /voiture2A-ros/install/notre_package/lib/notre_package
[6.955s] Installing localization_node script to /voiture2A-ros/install/notre_package/lib/notre_package
[6.955s] Installing mission_node script to /voiture2A-ros/install/notre_package/lib/notre_package
[6.955s] writing list of installed files to '/voiture2A-ros/build/notre_package/install.log'
[6.998s] Invoked command in '/voiture2A-ros/src/notre_package' returned '0': PYTHONPATH=/voiture2A-ros/build/notre_package/prefix_override:/usr/lib/python3/dist-packages/colcon_core/task/python/colcon_distutils_commands:/voiture2A-ros/install/notre_package/lib/python3.10/site-packages:${PYTHONPATH} /usr/bin/python3 -W ignore:setup.py install is deprecated -W ignore:easy_install command is deprecated setup.py egg_info --egg-base ../../build/notre_package build --build-base /voiture2A-ros/build/notre_package/build install --record /voiture2A-ros/build/notre_package/install.log --single-version-externally-managed install_data
