/home/maxime/Documents/ENSTA/UE4.1_ROS/voiture2A-ros-main/install/notre_package/lib/python3.10/site-packages/notre_package/gnss_to_xy.py
/home/maxime/Documents/ENSTA/UE4.1_ROS/voiture2A-ros-main/install/notre_package/lib/python3.10/site-packages/notre_package/control.py
/home/maxime/Documents/ENSTA/UE4.1_ROS/voiture2A-ros-main/install/notre_package/lib/python3.10/site-packages/notre_package/localization.py
/home/maxime/Documents/ENSTA/UE4.1_ROS/voiture2A-ros-main/install/notre_package/lib/python3.10/site-packages/notre_package/waypoint.py
/home/maxime/Documents/ENSTA/UE4.1_ROS/voiture2A-ros-main/install/notre_package/lib/python3.10/site-packages/notre_package/__init__.py
/home/maxime/Documents/ENSTA/UE4.1_ROS/voiture2A-ros-main/install/notre_package/lib/python3.10/site-packages/notre_package/__pycache__/gnss_to_xy.cpython-310.pyc
/home/maxime/Documents/ENSTA/UE4.1_ROS/voiture2A-ros-main/install/notre_package/lib/python3.10/site-packages/notre_package/__pycache__/control.cpython-310.pyc
/home/maxime/Documents/ENSTA/UE4.1_ROS/voiture2A-ros-main/install/notre_package/lib/python3.10/site-packages/notre_package/__pycache__/localization.cpython-310.pyc
/home/maxime/Documents/ENSTA/UE4.1_ROS/voiture2A-ros-main/install/notre_package/lib/python3.10/site-packages/notre_package/__pycache__/waypoint.cpython-310.pyc
/home/maxime/Documents/ENSTA/UE4.1_ROS/voiture2A-ros-main/install/notre_package/lib/python3.10/site-packages/notre_package/__pycache__/__init__.cpython-310.pyc
/home/maxime/Documents/ENSTA/UE4.1_ROS/voiture2A-ros-main/install/notre_package/share/ament_index/resource_index/packages/notre_package
/home/maxime/Documents/ENSTA/UE4.1_ROS/voiture2A-ros-main/install/notre_package/share/notre_package/package.xml
/home/maxime/Documents/ENSTA/UE4.1_ROS/voiture2A-ros-main/install/notre_package/share/notre_package/launch/multi_launch.py
/home/maxime/Documents/ENSTA/UE4.1_ROS/voiture2A-ros-main/install/notre_package/lib/python3.10/site-packages/notre_package-0.0.0-py3.10.egg-info/requires.txt
/home/maxime/Documents/ENSTA/UE4.1_ROS/voiture2A-ros-main/install/notre_package/lib/python3.10/site-packages/notre_package-0.0.0-py3.10.egg-info/dependency_links.txt
/home/maxime/Documents/ENSTA/UE4.1_ROS/voiture2A-ros-main/install/notre_package/lib/python3.10/site-packages/notre_package-0.0.0-py3.10.egg-info/PKG-INFO
/home/maxime/Documents/ENSTA/UE4.1_ROS/voiture2A-ros-main/install/notre_package/lib/python3.10/site-packages/notre_package-0.0.0-py3.10.egg-info/entry_points.txt
/home/maxime/Documents/ENSTA/UE4.1_ROS/voiture2A-ros-main/install/notre_package/lib/python3.10/site-packages/notre_package-0.0.0-py3.10.egg-info/top_level.txt
/home/maxime/Documents/ENSTA/UE4.1_ROS/voiture2A-ros-main/install/notre_package/lib/python3.10/site-packages/notre_package-0.0.0-py3.10.egg-info/SOURCES.txt
/home/maxime/Documents/ENSTA/UE4.1_ROS/voiture2A-ros-main/install/notre_package/lib/python3.10/site-packages/notre_package-0.0.0-py3.10.egg-info/zip-safe
/home/maxime/Documents/ENSTA/UE4.1_ROS/voiture2A-ros-main/install/notre_package/lib/notre_package/control_node
/home/maxime/Documents/ENSTA/UE4.1_ROS/voiture2A-ros-main/install/notre_package/lib/notre_package/localization_node
/home/maxime/Documents/ENSTA/UE4.1_ROS/voiture2A-ros-main/install/notre_package/lib/notre_package/mission_node
