[0.593s] Invoking command in '/home/maxime/Documents/ENSTA/UE4.1_ROS/voiture2A-ros-main/src/notre_package': PYTHONPATH=/home/maxime/Documents/ENSTA/UE4.1_ROS/voiture2A-ros-main/build/notre_package/prefix_override:/usr/lib/python3/dist-packages/colcon_core/task/python/colcon_distutils_commands:/home/maxime/Documents/ENSTA/UE4.1_ROS/voiture2A-ros-main/install/notre_package/lib/python3.10/site-packages:${PYTHONPATH} /usr/bin/python3 -W ignore:setup.py install is deprecated -W ignore:easy_install command is deprecated setup.py egg_info --egg-base ../../build/notre_package build --build-base /home/maxime/Documents/ENSTA/UE4.1_ROS/voiture2A-ros-main/build/notre_package/build install --record /home/maxime/Documents/ENSTA/UE4.1_ROS/voiture2A-ros-main/build/notre_package/install.log --single-version-externally-managed install_data
[0.759s] running egg_info
[0.760s] creating ../../build/notre_package/notre_package.egg-info
[0.760s] writing ../../build/notre_package/notre_package.egg-info/PKG-INFO
[0.760s] writing dependency_links to ../../build/notre_package/notre_package.egg-info/dependency_links.txt
[0.760s] writing entry points to ../../build/notre_package/notre_package.egg-info/entry_points.txt
[0.760s] writing requirements to ../../build/notre_package/notre_package.egg-info/requires.txt
[0.760s] writing top-level names to ../../build/notre_package/notre_package.egg-info/top_level.txt
[0.760s] writing manifest file '../../build/notre_package/notre_package.egg-info/SOURCES.txt'
[0.762s] reading manifest file '../../build/notre_package/notre_package.egg-info/SOURCES.txt'
[0.762s] writing manifest file '../../build/notre_package/notre_package.egg-info/SOURCES.txt'
[0.762s] running build
[0.762s] running build_py
[0.762s] creating /home/maxime/Documents/ENSTA/UE4.1_ROS/voiture2A-ros-main/build/notre_package/build
[0.763s] creating /home/maxime/Documents/ENSTA/UE4.1_ROS/voiture2A-ros-main/build/notre_package/build/lib
[0.763s] creating /home/maxime/Documents/ENSTA/UE4.1_ROS/voiture2A-ros-main/build/notre_package/build/lib/notre_package
[0.763s] copying notre_package/gnss_to_xy.py -> /home/maxime/Documents/ENSTA/UE4.1_ROS/voiture2A-ros-main/build/notre_package/build/lib/notre_package
[0.763s] copying notre_package/control.py -> /home/maxime/Documents/ENSTA/UE4.1_ROS/voiture2A-ros-main/build/notre_package/build/lib/notre_package
[0.763s] copying notre_package/localization.py -> /home/maxime/Documents/ENSTA/UE4.1_ROS/voiture2A-ros-main/build/notre_package/build/lib/notre_package
[0.763s] copying notre_package/waypoint.py -> /home/maxime/Documents/ENSTA/UE4.1_ROS/voiture2A-ros-main/build/notre_package/build/lib/notre_package
[0.763s] copying notre_package/__init__.py -> /home/maxime/Documents/ENSTA/UE4.1_ROS/voiture2A-ros-main/build/notre_package/build/lib/notre_package
[0.763s] running install
[0.763s] running install_lib
[0.764s] creating /home/maxime/Documents/ENSTA/UE4.1_ROS/voiture2A-ros-main/install/notre_package/lib/python3.10/site-packages/notre_package
[0.764s] copying /home/maxime/Documents/ENSTA/UE4.1_ROS/voiture2A-ros-main/build/notre_package/build/lib/notre_package/gnss_to_xy.py -> /home/maxime/Documents/ENSTA/UE4.1_ROS/voiture2A-ros-main/install/notre_package/lib/python3.10/site-packages/notre_package
[0.764s] copying /home/maxime/Documents/ENSTA/UE4.1_ROS/voiture2A-ros-main/build/notre_package/build/lib/notre_package/control.py -> /home/maxime/Documents/ENSTA/UE4.1_ROS/voiture2A-ros-main/install/notre_package/lib/python3.10/site-packages/notre_package
[0.764s] copying /home/maxime/Documents/ENSTA/UE4.1_ROS/voiture2A-ros-main/build/notre_package/build/lib/notre_package/localization.py -> /home/maxime/Documents/ENSTA/UE4.1_ROS/voiture2A-ros-main/install/notre_package/lib/python3.10/site-packages/notre_package
[0.764s] copying /home/maxime/Documents/ENSTA/UE4.1_ROS/voiture2A-ros-main/build/notre_package/build/lib/notre_package/waypoint.py -> /home/maxime/Documents/ENSTA/UE4.1_ROS/voiture2A-ros-main/install/notre_package/lib/python3.10/site-packages/notre_package
[0.764s] copying /home/maxime/Documents/ENSTA/UE4.1_ROS/voiture2A-ros-main/build/notre_package/build/lib/notre_package/__init__.py -> /home/maxime/Documents/ENSTA/UE4.1_ROS/voiture2A-ros-main/install/notre_package/lib/python3.10/site-packages/notre_package
[0.764s] byte-compiling /home/maxime/Documents/ENSTA/UE4.1_ROS/voiture2A-ros-main/install/notre_package/lib/python3.10/site-packages/notre_package/gnss_to_xy.py to gnss_to_xy.cpython-310.pyc
[0.765s] byte-compiling /home/maxime/Documents/ENSTA/UE4.1_ROS/voiture2A-ros-main/install/notre_package/lib/python3.10/site-packages/notre_package/control.py to control.cpython-310.pyc
[0.765s] byte-compiling /home/maxime/Documents/ENSTA/UE4.1_ROS/voiture2A-ros-main/install/notre_package/lib/python3.10/site-packages/notre_package/localization.py to localization.cpython-310.pyc
[0.766s] byte-compiling /home/maxime/Documents/ENSTA/UE4.1_ROS/voiture2A-ros-main/install/notre_package/lib/python3.10/site-packages/notre_package/waypoint.py to waypoint.cpython-310.pyc
[0.766s] byte-compiling /home/maxime/Documents/ENSTA/UE4.1_ROS/voiture2A-ros-main/install/notre_package/lib/python3.10/site-packages/notre_package/__init__.py to __init__.cpython-310.pyc
[0.766s] running install_data
[0.766s] creating /home/maxime/Documents/ENSTA/UE4.1_ROS/voiture2A-ros-main/install/notre_package/share/ament_index
[0.766s] creating /home/maxime/Documents/ENSTA/UE4.1_ROS/voiture2A-ros-main/install/notre_package/share/ament_index/resource_index
[0.766s] creating /home/maxime/Documents/ENSTA/UE4.1_ROS/voiture2A-ros-main/install/notre_package/share/ament_index/resource_index/packages
[0.766s] copying resource/notre_package -> /home/maxime/Documents/ENSTA/UE4.1_ROS/voiture2A-ros-main/install/notre_package/share/ament_index/resource_index/packages
[0.766s] copying package.xml -> /home/maxime/Documents/ENSTA/UE4.1_ROS/voiture2A-ros-main/install/notre_package/share/notre_package
[0.767s] creating /home/maxime/Documents/ENSTA/UE4.1_ROS/voiture2A-ros-main/install/notre_package/share/notre_package/launch
[0.767s] copying launch/multi_launch.py -> /home/maxime/Documents/ENSTA/UE4.1_ROS/voiture2A-ros-main/install/notre_package/share/notre_package/launch
[0.767s] running install_egg_info
[0.768s] Copying ../../build/notre_package/notre_package.egg-info to /home/maxime/Documents/ENSTA/UE4.1_ROS/voiture2A-ros-main/install/notre_package/lib/python3.10/site-packages/notre_package-0.0.0-py3.10.egg-info
[0.769s] running install_scripts
[0.785s] Installing control_node script to /home/maxime/Documents/ENSTA/UE4.1_ROS/voiture2A-ros-main/install/notre_package/lib/notre_package
[0.785s] Installing localization_node script to /home/maxime/Documents/ENSTA/UE4.1_ROS/voiture2A-ros-main/install/notre_package/lib/notre_package
[0.785s] Installing mission_node script to /home/maxime/Documents/ENSTA/UE4.1_ROS/voiture2A-ros-main/install/notre_package/lib/notre_package
[0.785s] writing list of installed files to '/home/maxime/Documents/ENSTA/UE4.1_ROS/voiture2A-ros-main/build/notre_package/install.log'
[0.824s] Invoked command in '/home/maxime/Documents/ENSTA/UE4.1_ROS/voiture2A-ros-main/src/notre_package' returned '0': PYTHONPATH=/home/maxime/Documents/ENSTA/UE4.1_ROS/voiture2A-ros-main/build/notre_package/prefix_override:/usr/lib/python3/dist-packages/colcon_core/task/python/colcon_distutils_commands:/home/maxime/Documents/ENSTA/UE4.1_ROS/voiture2A-ros-main/install/notre_package/lib/python3.10/site-packages:${PYTHONPATH} /usr/bin/python3 -W ignore:setup.py install is deprecated -W ignore:easy_install command is deprecated setup.py egg_info --egg-base ../../build/notre_package build --build-base /home/maxime/Documents/ENSTA/UE4.1_ROS/voiture2A-ros-main/build/notre_package/build install --record /home/maxime/Documents/ENSTA/UE4.1_ROS/voiture2A-ros-main/build/notre_package/install.log --single-version-externally-managed install_data
